2024-01-16 17:07:34,842 - INFO - Generating meal graph...
2024-01-16 17:07:34,844 - INFO - Aggregating foods...
2024-01-16 17:07:34,845 - INFO - data/mappings/food_ingredient_map.pkl already exists, using cached data
2024-01-16 17:07:34,996 - INFO - Aggregated 32210 different food-to-ingredient relationships with 9260 unique foods and 3277 unique ingredients
2024-01-16 17:07:34,997 - INFO - Aggregating real meals...
2024-01-16 17:07:35,249 - INFO - Formatting real breakfast_sparsity_filtered meals...
2024-01-16 17:08:57,194 - INFO - Formatting real dinner_sparsity_filtered meals...
2024-01-16 17:10:22,849 - INFO - Formatting real lunch_sparsity_filtered meals...
2024-01-16 17:11:39,913 - INFO - Aggregated real meals
2024-01-16 17:11:39,913 - INFO - Saving meal label-to-food map in data/mappings/graph_meal_labels_to_food_real.pkl
2024-01-16 17:11:39,913 - INFO - Saving aggregated food code data in data/embeddings/aggregated_meal_data_real.pkl
2024-01-16 17:11:40,422 - INFO - Aggregated 240494 different meal-to-food relationships with 65202 unique meals and 1209 unique foods
2024-01-16 17:11:41,064 - INFO - Meal-to-food-to-ingredient graph has 77768 unique nodes and 272704 edges
2024-01-16 17:11:41,073 - INFO - Training embedding model...
2024-01-16 17:19:59,684 - INFO - Embedding model training finished
2024-01-16 17:19:59,684 - INFO - Graph embeddings saved to results/embedding_model/real_meal_embeddings.pkl
2024-01-16 17:19:59,684 - INFO - Embedding model  saved to models/embedding_model/real_meal_embedding_model.zip
2024-01-16 17:19:59,924 - INFO - Evaluating graph embeddings...
2024-01-16 17:21:19,383 - INFO - Graph reconstruction F1: 0.6253105810196757
2024-01-16 17:21:19,383 - INFO - AUROC of network reconstruction task: 0.9474463937448272
2024-01-16 17:21:19,383 - INFO - AUPR of network reconstruction task: 0.9449860514930077
