2023-11-23 03:09:00,490 - INFO - Training model at 5% sparse columns removed...
2023-11-23 03:09:11,184 - INFO - ================================================================== Fold 1 ===================================================================
2023-11-23 03:09:46,551 - INFO - Epoch 1  : Training Loss: 6.4226741791, Validation Loss: 6.3964014053, Training R-squared: 0.0403186642, Validation R-squared: 0.0674262643
2023-11-23 03:10:11,302 - INFO - Epoch 2  : Training Loss: 6.2051444054, Validation Loss: 6.2098026276, Training R-squared: 0.1029746532, Validation R-squared: 0.1216433793
2023-11-23 03:10:35,965 - INFO - Epoch 3  : Training Loss: 6.0379438400, Validation Loss: 5.9109258652, Training R-squared: 0.1514939517, Validation R-squared: 0.2045614123
2023-11-23 03:11:00,581 - INFO - Epoch 4  : Training Loss: 5.7692780495, Validation Loss: 5.7906107903, Training R-squared: 0.2246504277, Validation R-squared: 0.2367526144
2023-11-23 03:11:26,042 - INFO - Epoch 5  : Training Loss: 5.6760740280, Validation Loss: 5.7703967094, Training R-squared: 0.2499472946, Validation R-squared: 0.2418362051
2023-11-23 03:11:52,556 - INFO - Epoch 6  : Training Loss: 5.6403551102, Validation Loss: 5.7642493248, Training R-squared: 0.2582430840, Validation R-squared: 0.2431453019
2023-11-23 03:12:17,549 - INFO - Epoch 7  : Training Loss: 5.6136960983, Validation Loss: 5.7423038483, Training R-squared: 0.2665418684, Validation R-squared: 0.2494421750
2023-11-23 03:12:42,088 - INFO - Epoch 8  : Training Loss: 5.5771093369, Validation Loss: 5.7371635437, Training R-squared: 0.2740008533, Validation R-squared: 0.2508408427
2023-11-23 03:13:06,488 - INFO - Epoch 9  : Training Loss: 5.5598034859, Validation Loss: 5.7252125740, Training R-squared: 0.2791059315, Validation R-squared: 0.2537740469
2023-11-23 03:13:31,479 - INFO - Epoch 10 : Training Loss: 5.5341691971, Validation Loss: 5.7208547592, Training R-squared: 0.2864607275, Validation R-squared: 0.2549037635
2023-11-23 03:13:57,149 - INFO - Epoch 11 : Training Loss: 5.5131158829, Validation Loss: 5.7148466110, Training R-squared: 0.2914856672, Validation R-squared: 0.2562681139
2023-11-23 03:14:22,094 - INFO - Epoch 12 : Training Loss: 5.4970874786, Validation Loss: 5.7140507698, Training R-squared: 0.2944608033, Validation R-squared: 0.2564713955
2023-11-23 03:14:46,464 - INFO - Epoch 13 : Training Loss: 5.4663190842, Validation Loss: 5.7092318535, Training R-squared: 0.3023487628, Validation R-squared: 0.2575071454
2023-11-23 03:15:10,797 - INFO - Epoch 14 : Training Loss: 5.4393539429, Validation Loss: 5.6872310638, Training R-squared: 0.3086938262, Validation R-squared: 0.2633557618
2023-11-23 03:15:35,585 - INFO - Epoch 15 : Training Loss: 5.4029006958, Validation Loss: 5.6564459801, Training R-squared: 0.3187361658, Validation R-squared: 0.2715066969
2023-11-23 03:16:00,839 - INFO - Epoch 16 : Training Loss: 5.3594226837, Validation Loss: 5.6335062981, Training R-squared: 0.3284537494, Validation R-squared: 0.2769574821
2023-11-23 03:16:25,560 - INFO - Epoch 17 : Training Loss: 5.3188896179, Validation Loss: 5.6120681763, Training R-squared: 0.3383265734, Validation R-squared: 0.2826943398
2023-11-23 03:16:49,903 - INFO - Epoch 18 : Training Loss: 5.3017516136, Validation Loss: 5.6224231720, Training R-squared: 0.3422861397, Validation R-squared: 0.2795913219
2023-11-23 03:17:16,680 - INFO - Epoch 19 : Training Loss: 5.2681550980, Validation Loss: 5.6083774567, Training R-squared: 0.3514487147, Validation R-squared: 0.2829748392
2023-11-23 03:17:46,111 - INFO - Epoch 20 : Training Loss: 5.2537927628, Validation Loss: 5.5924191475, Training R-squared: 0.3550383151, Validation R-squared: 0.2872441411
2023-11-23 03:18:10,804 - INFO - Epoch 21 : Training Loss: 5.2183709145, Validation Loss: 5.5984125137, Training R-squared: 0.3625607789, Validation R-squared: 0.2853191495
2023-11-23 03:18:35,404 - INFO - Epoch 22 : Training Loss: 5.1892943382, Validation Loss: 5.5662083626, Training R-squared: 0.3709763288, Validation R-squared: 0.2935826778
2023-11-23 03:19:00,038 - INFO - Epoch 23 : Training Loss: 5.1639180183, Validation Loss: 5.5487737656, Training R-squared: 0.3767541349, Validation R-squared: 0.2985666394
2023-11-23 03:19:24,967 - INFO - Epoch 24 : Training Loss: 5.1459279060, Validation Loss: 5.5537824631, Training R-squared: 0.3794468045, Validation R-squared: 0.2968214154
2023-11-23 03:19:49,645 - INFO - Epoch 25 : Training Loss: 5.1259431839, Validation Loss: 5.5360798836, Training R-squared: 0.3839733601, Validation R-squared: 0.3013098836
2023-11-23 03:20:14,186 - INFO - Epoch 26 : Training Loss: 5.1131520271, Validation Loss: 5.5490560532, Training R-squared: 0.3864141703, Validation R-squared: 0.2980878949
2023-11-23 03:20:38,947 - INFO - Epoch 27 : Training Loss: 5.1008667946, Validation Loss: 5.5536327362, Training R-squared: 0.3909311891, Validation R-squared: 0.2964043617
2023-11-23 03:21:03,867 - INFO - Epoch 28 : Training Loss: 5.0842723846, Validation Loss: 5.5637192726, Training R-squared: 0.3935848176, Validation R-squared: 0.2936503887
2023-11-23 03:21:28,840 - INFO - Epoch 29 : Training Loss: 5.0698461533, Validation Loss: 5.5163660049, Training R-squared: 0.3969396651, Validation R-squared: 0.3061355352
2023-11-23 03:21:53,863 - INFO - Epoch 30 : Training Loss: 5.0600962639, Validation Loss: 5.5628647804, Training R-squared: 0.4012842476, Validation R-squared: 0.2934165299
2023-11-23 03:22:18,952 - INFO - Epoch 31 : Training Loss: 5.0448737144, Validation Loss: 5.5549325943, Training R-squared: 0.4044886231, Validation R-squared: 0.2951691151
2023-11-23 03:22:45,376 - INFO - Epoch 32 : Training Loss: 5.0249757767, Validation Loss: 5.5286006927, Training R-squared: 0.4076439440, Validation R-squared: 0.3023363352
2023-11-23 03:23:19,009 - INFO - Epoch 33 : Training Loss: 5.0148921013, Validation Loss: 5.5329146385, Training R-squared: 0.4094705284, Validation R-squared: 0.3008419871
2023-11-23 03:23:44,396 - INFO - Epoch 34 : Training Loss: 4.9980778694, Validation Loss: 5.5303244591, Training R-squared: 0.4132190049, Validation R-squared: 0.3014945984
2023-11-23 03:24:09,295 - INFO - Model saved to models/portion_model/lunch/512_512_200_64/sparsity_5_fold_1_model.keras
2023-11-23 03:24:14,484 - INFO - Avg Metrics: RMSE: 4.5074828104, R-squared: -0.1542318799, PCC: 0.4455299257
2023-11-23 03:24:14,484 - INFO - Agg Metrics: RMSE: 5.5991073472, R-squared: 0.2994577183, PCC: 0.5498014384
2023-11-23 03:24:21,122 - INFO - ================================================================== Fold 2 ===================================================================
2023-11-23 03:24:56,365 - INFO - Epoch 1  : Training Loss: 6.4368624687, Validation Loss: 6.3311190605, Training R-squared: 0.0400309078, Validation R-squared: 0.0593414307
2023-11-23 03:25:20,381 - INFO - Epoch 2  : Training Loss: 6.2256107330, Validation Loss: 6.1112151146, Training R-squared: 0.1028894335, Validation R-squared: 0.1234032735
2023-11-23 03:25:43,580 - INFO - Epoch 3  : Training Loss: 5.9699845314, Validation Loss: 5.8158288002, Training R-squared: 0.1762086004, Validation R-squared: 0.2062709779
2023-11-23 03:26:06,902 - INFO - Epoch 4  : Training Loss: 5.7888121605, Validation Loss: 5.7642960548, Training R-squared: 0.2244133353, Validation R-squared: 0.2203678936
2023-11-23 03:26:30,211 - INFO - Epoch 5  : Training Loss: 5.7136683464, Validation Loss: 5.7070970535, Training R-squared: 0.2442230880, Validation R-squared: 0.2359364480
2023-11-23 03:26:53,911 - INFO - Epoch 6  : Training Loss: 5.6575107574, Validation Loss: 5.6956372261, Training R-squared: 0.2586812675, Validation R-squared: 0.2387578338
2023-11-23 03:27:17,218 - INFO - Epoch 7  : Training Loss: 5.6306095123, Validation Loss: 5.6905121803, Training R-squared: 0.2660087347, Validation R-squared: 0.2400862426
2023-11-23 03:27:40,525 - INFO - Epoch 8  : Training Loss: 5.6020870209, Validation Loss: 5.6818013191, Training R-squared: 0.2728911042, Validation R-squared: 0.2422615588
2023-11-23 03:28:03,914 - INFO - Epoch 9  : Training Loss: 5.5710425377, Validation Loss: 5.6734251976, Training R-squared: 0.2804352343, Validation R-squared: 0.2443345189
2023-11-23 03:28:27,414 - INFO - Epoch 10 : Training Loss: 5.5393824577, Validation Loss: 5.6642346382, Training R-squared: 0.2889765203, Validation R-squared: 0.2472736537
2023-11-23 03:28:50,629 - INFO - Epoch 11 : Training Loss: 5.5151915550, Validation Loss: 5.6576461792, Training R-squared: 0.2946130037, Validation R-squared: 0.2485231906
2023-11-23 03:29:14,117 - INFO - Epoch 12 : Training Loss: 5.4913201332, Validation Loss: 5.6533255577, Training R-squared: 0.2986417115, Validation R-squared: 0.2497711480
2023-11-23 03:29:37,446 - INFO - Epoch 13 : Training Loss: 5.4732360840, Validation Loss: 5.6445746422, Training R-squared: 0.3052982986, Validation R-squared: 0.2518213391
2023-11-23 03:30:00,930 - INFO - Epoch 14 : Training Loss: 5.4465823174, Validation Loss: 5.6394405365, Training R-squared: 0.3120778501, Validation R-squared: 0.2529752254
2023-11-23 03:30:24,494 - INFO - Epoch 15 : Training Loss: 5.4139933586, Validation Loss: 5.5984973907, Training R-squared: 0.3196652830, Validation R-squared: 0.2644311488
2023-11-23 03:30:47,614 - INFO - Epoch 16 : Training Loss: 5.3731341362, Validation Loss: 5.5794615746, Training R-squared: 0.3305382729, Validation R-squared: 0.2690215111
2023-11-23 03:31:10,947 - INFO - Epoch 17 : Training Loss: 5.3428912163, Validation Loss: 5.5514745712, Training R-squared: 0.3373199403, Validation R-squared: 0.2764611542
2023-11-23 03:31:34,760 - INFO - Epoch 18 : Training Loss: 5.3117055893, Validation Loss: 5.5324935913, Training R-squared: 0.3449355960, Validation R-squared: 0.2814399302
2023-11-23 03:31:58,088 - INFO - Epoch 19 : Training Loss: 5.2917418480, Validation Loss: 5.5380725861, Training R-squared: 0.3500852585, Validation R-squared: 0.2797820568
2023-11-23 03:32:21,689 - INFO - Epoch 20 : Training Loss: 5.2717943192, Validation Loss: 5.5194101334, Training R-squared: 0.3544094861, Validation R-squared: 0.2846700549
2023-11-23 03:32:45,224 - INFO - Epoch 21 : Training Loss: 5.2346453667, Validation Loss: 5.5118894577, Training R-squared: 0.3634804785, Validation R-squared: 0.2861478031
2023-11-23 03:33:08,338 - INFO - Epoch 22 : Training Loss: 5.2099361420, Validation Loss: 5.4931674004, Training R-squared: 0.3701798320, Validation R-squared: 0.2909768820
2023-11-23 03:33:32,408 - INFO - Epoch 23 : Training Loss: 5.1838092804, Validation Loss: 5.4693775177, Training R-squared: 0.3751979172, Validation R-squared: 0.2976784408
2023-11-23 03:33:56,519 - INFO - Epoch 24 : Training Loss: 5.1590180397, Validation Loss: 5.4547586441, Training R-squared: 0.3815901279, Validation R-squared: 0.3012377322
2023-11-23 03:34:20,416 - INFO - Epoch 25 : Training Loss: 5.1386322975, Validation Loss: 5.4503884315, Training R-squared: 0.3868131936, Validation R-squared: 0.3024186492
2023-11-23 03:34:43,518 - INFO - Epoch 26 : Training Loss: 5.1096463203, Validation Loss: 5.4384789467, Training R-squared: 0.3927133381, Validation R-squared: 0.3053813875
2023-11-23 03:35:07,204 - INFO - Epoch 27 : Training Loss: 5.0945367813, Validation Loss: 5.4377675056, Training R-squared: 0.3965175450, Validation R-squared: 0.3055472672
2023-11-23 03:35:31,135 - INFO - Epoch 28 : Training Loss: 5.0706543922, Validation Loss: 5.4149508476, Training R-squared: 0.4024314880, Validation R-squared: 0.3116972148
2023-11-23 03:35:54,675 - INFO - Epoch 29 : Training Loss: 5.0515303612, Validation Loss: 5.4076347351, Training R-squared: 0.4061788917, Validation R-squared: 0.3133500218
2023-11-23 03:36:18,304 - INFO - Epoch 30 : Training Loss: 5.0292091370, Validation Loss: 5.4110827446, Training R-squared: 0.4107429385, Validation R-squared: 0.3121035099
2023-11-23 03:36:41,698 - INFO - Epoch 31 : Training Loss: 5.0121703148, Validation Loss: 5.3987455368, Training R-squared: 0.4161098599, Validation R-squared: 0.3158228993
2023-11-23 03:37:05,374 - INFO - Epoch 32 : Training Loss: 4.9902415276, Validation Loss: 5.4243526459, Training R-squared: 0.4207245708, Validation R-squared: 0.3081855774
2023-11-23 03:37:28,765 - INFO - Epoch 33 : Training Loss: 4.9735102654, Validation Loss: 5.3602375984, Training R-squared: 0.4238970280, Validation R-squared: 0.3256721497
2023-11-23 03:37:52,189 - INFO - Epoch 34 : Training Loss: 4.9583907127, Validation Loss: 5.3811779022, Training R-squared: 0.4269544780, Validation R-squared: 0.3197721541
2023-11-23 03:38:15,741 - INFO - Epoch 35 : Training Loss: 4.9390878677, Validation Loss: 5.3786878586, Training R-squared: 0.4311116636, Validation R-squared: 0.3202872276
2023-11-23 03:38:38,966 - INFO - Epoch 36 : Training Loss: 4.9293823242, Validation Loss: 5.3541550636, Training R-squared: 0.4341014326, Validation R-squared: 0.3266103566
2023-11-23 03:39:02,751 - INFO - Epoch 37 : Training Loss: 4.9105048180, Validation Loss: 5.3821272850, Training R-squared: 0.4376444817, Validation R-squared: 0.3188626468
2023-11-23 03:39:26,336 - INFO - Epoch 38 : Training Loss: 4.8916254044, Validation Loss: 5.3337707520, Training R-squared: 0.4417100847, Validation R-squared: 0.3320871890
2023-11-23 03:39:49,566 - INFO - Epoch 39 : Training Loss: 4.8790578842, Validation Loss: 5.3372893333, Training R-squared: 0.4458166957, Validation R-squared: 0.3310444653
2023-11-23 03:40:12,914 - INFO - Epoch 40 : Training Loss: 4.8689522743, Validation Loss: 5.3625769615, Training R-squared: 0.4464665949, Validation R-squared: 0.3239788115
2023-11-23 03:40:36,904 - INFO - Epoch 41 : Training Loss: 4.8561077118, Validation Loss: 5.3427381516, Training R-squared: 0.4498740435, Validation R-squared: 0.3289008141
2023-11-23 03:41:00,491 - INFO - Epoch 42 : Training Loss: 4.8412480354, Validation Loss: 5.3351049423, Training R-squared: 0.4523200393, Validation R-squared: 0.3308770955
2023-11-23 03:41:24,008 - INFO - Epoch 43 : Training Loss: 4.8326435089, Validation Loss: 5.3630795479, Training R-squared: 0.4549742639, Validation R-squared: 0.3230987787
2023-11-23 03:41:46,469 - INFO - Model saved to models/portion_model/lunch/512_512_200_64/sparsity_5_fold_2_model.keras
2023-11-23 03:41:51,182 - INFO - Avg Metrics: RMSE: 4.3743304380, R-squared: -1.1448472352, PCC: 0.4743525742
2023-11-23 03:41:51,182 - INFO - Agg Metrics: RMSE: 5.3914360984, R-squared: 0.3282975870, PCC: 0.5746697655
2023-11-23 03:41:57,872 - INFO - ================================================================== Fold 3 ===================================================================
2023-11-23 03:42:34,077 - INFO - Epoch 1  : Training Loss: 6.4572710991, Validation Loss: 6.3039340973, Training R-squared: 0.0388364494, Validation R-squared: 0.0559875257
2023-11-23 03:42:57,583 - INFO - Epoch 2  : Training Loss: 6.2596297264, Validation Loss: 6.0866365433, Training R-squared: 0.0967458934, Validation R-squared: 0.1198583841
2023-11-23 03:43:21,550 - INFO - Epoch 3  : Training Loss: 6.0393671989, Validation Loss: 5.7828416824, Training R-squared: 0.1588968635, Validation R-squared: 0.2055533379
2023-11-23 03:43:44,784 - INFO - Epoch 4  : Training Loss: 5.7920870781, Validation Loss: 5.6680164337, Training R-squared: 0.2265524566, Validation R-squared: 0.2366369963
2023-11-23 03:44:09,201 - INFO - Epoch 5  : Training Loss: 5.7032499313, Validation Loss: 5.6339693069, Training R-squared: 0.2503119111, Validation R-squared: 0.2455323786
2023-11-23 03:44:32,701 - INFO - Epoch 6  : Training Loss: 5.6636586189, Validation Loss: 5.6190032959, Training R-squared: 0.2603624761, Validation R-squared: 0.2492963374
2023-11-23 03:44:56,011 - INFO - Epoch 7  : Training Loss: 5.6434326172, Validation Loss: 5.6123256683, Training R-squared: 0.2669178843, Validation R-squared: 0.2510189414
2023-11-23 03:45:19,272 - INFO - Epoch 8  : Training Loss: 5.6087360382, Validation Loss: 5.6024484634, Training R-squared: 0.2739187777, Validation R-squared: 0.2537386417
2023-11-23 03:45:42,415 - INFO - Epoch 9  : Training Loss: 5.5902214050, Validation Loss: 5.5983252525, Training R-squared: 0.2802384198, Validation R-squared: 0.2546732426
2023-11-23 03:46:06,112 - INFO - Epoch 10 : Training Loss: 5.5548920631, Validation Loss: 5.5764632225, Training R-squared: 0.2877805531, Validation R-squared: 0.2606047392
2023-11-23 03:46:29,661 - INFO - Epoch 11 : Training Loss: 5.5227861404, Validation Loss: 5.5631089211, Training R-squared: 0.2959130406, Validation R-squared: 0.2644826472
2023-11-23 03:46:52,901 - INFO - Epoch 12 : Training Loss: 5.4995493889, Validation Loss: 5.5493664742, Training R-squared: 0.3018088937, Validation R-squared: 0.2679364085
2023-11-23 03:47:16,469 - INFO - Epoch 13 : Training Loss: 5.4703245163, Validation Loss: 5.5429496765, Training R-squared: 0.3097304702, Validation R-squared: 0.2695804834
2023-11-23 03:47:40,035 - INFO - Epoch 14 : Training Loss: 5.4457588196, Validation Loss: 5.5196170807, Training R-squared: 0.3151767254, Validation R-squared: 0.2757675946
2023-11-23 03:48:03,306 - INFO - Epoch 15 : Training Loss: 5.4128131866, Validation Loss: 5.5049490929, Training R-squared: 0.3236553073, Validation R-squared: 0.2798370421
2023-11-23 03:48:27,026 - INFO - Epoch 16 : Training Loss: 5.3794164658, Validation Loss: 5.4902720451, Training R-squared: 0.3319032490, Validation R-squared: 0.2833958864
2023-11-23 03:48:50,195 - INFO - Epoch 17 : Training Loss: 5.3570561409, Validation Loss: 5.4864878654, Training R-squared: 0.3373359442, Validation R-squared: 0.2842579782
2023-11-23 03:49:13,518 - INFO - Epoch 18 : Training Loss: 5.3346533775, Validation Loss: 5.4708151817, Training R-squared: 0.3418997228, Validation R-squared: 0.2883452475
2023-11-23 03:49:37,244 - INFO - Epoch 19 : Training Loss: 5.3079175949, Validation Loss: 5.4515528679, Training R-squared: 0.3494277894, Validation R-squared: 0.2933392227
2023-11-23 03:50:00,711 - INFO - Epoch 20 : Training Loss: 5.2836899757, Validation Loss: 5.4371633530, Training R-squared: 0.3549112380, Validation R-squared: 0.2971490026
2023-11-23 03:50:24,355 - INFO - Epoch 21 : Training Loss: 5.2526817322, Validation Loss: 5.4509739876, Training R-squared: 0.3623005450, Validation R-squared: 0.2934388518
2023-11-23 03:50:47,543 - INFO - Epoch 22 : Training Loss: 5.2253289223, Validation Loss: 5.4146590233, Training R-squared: 0.3679936528, Validation R-squared: 0.3027905822
2023-11-23 03:51:10,805 - INFO - Epoch 23 : Training Loss: 5.2053651810, Validation Loss: 5.3804025650, Training R-squared: 0.3729648888, Validation R-squared: 0.3118737340
2023-11-23 03:51:34,756 - INFO - Epoch 24 : Training Loss: 5.1742424965, Validation Loss: 5.3950843811, Training R-squared: 0.3800211251, Validation R-squared: 0.3078217506
2023-11-23 03:51:58,115 - INFO - Epoch 25 : Training Loss: 5.1506953239, Validation Loss: 5.3899407387, Training R-squared: 0.3861137927, Validation R-squared: 0.3090364933
2023-11-23 03:52:21,999 - INFO - Epoch 26 : Training Loss: 5.1351356506, Validation Loss: 5.3695154190, Training R-squared: 0.3895927966, Validation R-squared: 0.3142540753
2023-11-23 03:52:45,046 - INFO - Epoch 27 : Training Loss: 5.1140060425, Validation Loss: 5.3599119186, Training R-squared: 0.3936873674, Validation R-squared: 0.3169363141
2023-11-23 03:53:08,386 - INFO - Epoch 28 : Training Loss: 5.0995583534, Validation Loss: 5.3881287575, Training R-squared: 0.3979429603, Validation R-squared: 0.3093411624
2023-11-23 03:53:32,120 - INFO - Epoch 29 : Training Loss: 5.0845727921, Validation Loss: 5.3394794464, Training R-squared: 0.4000612199, Validation R-squared: 0.3221162558
2023-11-23 03:53:57,093 - INFO - Epoch 30 : Training Loss: 5.0666813850, Validation Loss: 5.3567595482, Training R-squared: 0.4049119055, Validation R-squared: 0.3174831867
2023-11-23 03:54:20,971 - INFO - Epoch 31 : Training Loss: 5.0539536476, Validation Loss: 5.3324999809, Training R-squared: 0.4079531431, Validation R-squared: 0.3238207400
2023-11-23 03:54:44,192 - INFO - Epoch 32 : Training Loss: 5.0382866859, Validation Loss: 5.3171887398, Training R-squared: 0.4116509557, Validation R-squared: 0.3277667165
2023-11-23 03:55:07,666 - INFO - Epoch 33 : Training Loss: 5.0198378563, Validation Loss: 5.3212122917, Training R-squared: 0.4162001908, Validation R-squared: 0.3265365660
2023-11-23 03:55:31,288 - INFO - Epoch 34 : Training Loss: 5.0128540993, Validation Loss: 5.3069620132, Training R-squared: 0.4167551994, Validation R-squared: 0.3302971721
2023-11-23 03:55:54,589 - INFO - Epoch 35 : Training Loss: 4.9963049889, Validation Loss: 5.3469839096, Training R-squared: 0.4202787578, Validation R-squared: 0.3195886910
2023-11-23 03:56:18,457 - INFO - Epoch 36 : Training Loss: 4.9809269905, Validation Loss: 5.3164010048, Training R-squared: 0.4231842458, Validation R-squared: 0.3276385367
2023-11-23 03:56:41,929 - INFO - Epoch 37 : Training Loss: 4.9721665382, Validation Loss: 5.3486328125, Training R-squared: 0.4280510843, Validation R-squared: 0.3191098869
2023-11-23 03:57:05,257 - INFO - Epoch 38 : Training Loss: 4.9610276222, Validation Loss: 5.3044624329, Training R-squared: 0.4286728501, Validation R-squared: 0.3304974735
2023-11-23 03:57:29,094 - INFO - Epoch 39 : Training Loss: 4.9479746819, Validation Loss: 5.3007688522, Training R-squared: 0.4320095181, Validation R-squared: 0.3312798440
2023-11-23 03:57:52,739 - INFO - Epoch 40 : Training Loss: 4.9287791252, Validation Loss: 5.3052625656, Training R-squared: 0.4356803596, Validation R-squared: 0.3300827444
2023-11-23 03:58:16,132 - INFO - Epoch 41 : Training Loss: 4.9282860756, Validation Loss: 5.2774782181, Training R-squared: 0.4360313118, Validation R-squared: 0.3373676240
2023-11-23 03:58:40,361 - INFO - Epoch 42 : Training Loss: 4.9056825638, Validation Loss: 5.3140182495, Training R-squared: 0.4422871172, Validation R-squared: 0.3276466131
2023-11-23 03:59:03,849 - INFO - Epoch 43 : Training Loss: 4.8990478516, Validation Loss: 5.2869029045, Training R-squared: 0.4421537519, Validation R-squared: 0.3348709047
2023-11-23 03:59:27,695 - INFO - Epoch 44 : Training Loss: 4.8834471703, Validation Loss: 5.3049154282, Training R-squared: 0.4454559684, Validation R-squared: 0.3296557665
2023-11-23 03:59:50,943 - INFO - Epoch 45 : Training Loss: 4.8708510399, Validation Loss: 5.3005709648, Training R-squared: 0.4480684698, Validation R-squared: 0.3306441903
2023-11-23 04:00:14,547 - INFO - Epoch 46 : Training Loss: 4.8595824242, Validation Loss: 5.2662472725, Training R-squared: 0.4517536759, Validation R-squared: 0.3396148086
2023-11-23 04:00:38,257 - INFO - Epoch 47 : Training Loss: 4.8410248756, Validation Loss: 5.3271398544, Training R-squared: 0.4562091529, Validation R-squared: 0.3233727813
2023-11-23 04:01:01,942 - INFO - Epoch 48 : Training Loss: 4.8298168182, Validation Loss: 5.2402148247, Training R-squared: 0.4581402540, Validation R-squared: 0.3463242948
2023-11-23 04:01:25,720 - INFO - Epoch 49 : Training Loss: 4.8156890869, Validation Loss: 5.2486100197, Training R-squared: 0.4615573883, Validation R-squared: 0.3437801600
2023-11-23 04:01:49,160 - INFO - Epoch 50 : Training Loss: 4.7997374535, Validation Loss: 5.2213034630, Training R-squared: 0.4654837549, Validation R-squared: 0.3507491648
2023-11-23 04:02:12,911 - INFO - Epoch 51 : Training Loss: 4.7841701508, Validation Loss: 5.2578153610, Training R-squared: 0.4672696888, Validation R-squared: 0.3410364091
2023-11-23 04:02:36,267 - INFO - Epoch 52 : Training Loss: 4.7712216377, Validation Loss: 5.2484016418, Training R-squared: 0.4707871974, Validation R-squared: 0.3434346020
2023-11-23 04:02:59,962 - INFO - Epoch 53 : Training Loss: 4.7628474236, Validation Loss: 5.2467384338, Training R-squared: 0.4712134898, Validation R-squared: 0.3436954618
2023-11-23 04:03:23,670 - INFO - Epoch 54 : Training Loss: 4.7494239807, Validation Loss: 5.2372751236, Training R-squared: 0.4755834341, Validation R-squared: 0.3463566899
2023-11-23 04:03:47,754 - INFO - Epoch 55 : Training Loss: 4.7368192673, Validation Loss: 5.2580547333, Training R-squared: 0.4792719483, Validation R-squared: 0.3406873643
2023-11-23 04:04:11,154 - INFO - Model saved to models/portion_model/lunch/512_512_200_64/sparsity_5_fold_3_model.keras
2023-11-23 04:04:17,674 - INFO - Avg Metrics: RMSE: 4.3109197699, R-squared: -0.0238114740, PCC: 0.5032892057
2023-11-23 04:04:17,675 - INFO - Agg Metrics: RMSE: 5.2639674181, R-squared: 0.3488781336, PCC: 0.5959549633
2023-11-23 04:04:24,117 - INFO - ================================================================== Fold 4 ===================================================================
2023-11-23 04:05:01,702 - INFO - Epoch 1  : Training Loss: 6.4733667374, Validation Loss: 6.2430462837, Training R-squared: 0.0392873921, Validation R-squared: 0.0526494458
2023-11-23 04:05:25,762 - INFO - Epoch 2  : Training Loss: 6.2744522095, Validation Loss: 6.0324997902, Training R-squared: 0.0963241532, Validation R-squared: 0.1161383688
2023-11-23 04:05:49,555 - INFO - Epoch 3  : Training Loss: 6.0705113411, Validation Loss: 5.7483811378, Training R-squared: 0.1556877196, Validation R-squared: 0.1973854005
2023-11-23 04:06:13,498 - INFO - Epoch 4  : Training Loss: 5.8098149300, Validation Loss: 5.6235570908, Training R-squared: 0.2274144888, Validation R-squared: 0.2313414961
2023-11-23 04:06:37,614 - INFO - Epoch 5  : Training Loss: 5.7181844711, Validation Loss: 5.5896854401, Training R-squared: 0.2496871501, Validation R-squared: 0.2404919565
2023-11-23 04:07:00,535 - INFO - Epoch 6  : Training Loss: 5.6871733665, Validation Loss: 5.5851840973, Training R-squared: 0.2579843700, Validation R-squared: 0.2415585220
2023-11-23 04:07:24,625 - INFO - Epoch 7  : Training Loss: 5.6556711197, Validation Loss: 5.5826778412, Training R-squared: 0.2656570971, Validation R-squared: 0.2418351918
2023-11-23 04:07:49,149 - INFO - Epoch 8  : Training Loss: 5.6278285980, Validation Loss: 5.6003003120, Training R-squared: 0.2727430463, Validation R-squared: 0.2362354398
2023-11-23 04:08:14,337 - INFO - Epoch 9  : Training Loss: 5.6001863480, Validation Loss: 5.5558633804, Training R-squared: 0.2806845605, Validation R-squared: 0.2496715486
2023-11-23 04:08:40,635 - INFO - Epoch 10 : Training Loss: 5.5743060112, Validation Loss: 5.5499324799, Training R-squared: 0.2871180177, Validation R-squared: 0.2508297861
2023-11-23 04:09:04,178 - INFO - Epoch 11 : Training Loss: 5.5421352386, Validation Loss: 5.5466527939, Training R-squared: 0.2952132523, Validation R-squared: 0.2518779337
2023-11-23 04:09:26,248 - INFO - Epoch 12 : Training Loss: 5.5197033882, Validation Loss: 5.5443668365, Training R-squared: 0.2995951176, Validation R-squared: 0.2519926131
2023-11-23 04:09:48,293 - INFO - Epoch 13 : Training Loss: 5.5041084290, Validation Loss: 5.5262427330, Training R-squared: 0.3052988946, Validation R-squared: 0.2576315701
2023-11-23 04:10:09,832 - INFO - Epoch 14 : Training Loss: 5.4772882462, Validation Loss: 5.5205025673, Training R-squared: 0.3110443354, Validation R-squared: 0.2590674460
2023-11-23 04:10:32,739 - INFO - Epoch 15 : Training Loss: 5.4570016861, Validation Loss: 5.5125622749, Training R-squared: 0.3170291185, Validation R-squared: 0.2609926462
2023-11-23 04:10:54,397 - INFO - Epoch 16 : Training Loss: 5.4280281067, Validation Loss: 5.5128788948, Training R-squared: 0.3239777684, Validation R-squared: 0.2607895732
2023-11-23 04:11:16,893 - INFO - Epoch 17 : Training Loss: 5.4106469154, Validation Loss: 5.4889349937, Training R-squared: 0.3280783892, Validation R-squared: 0.2675295472
2023-11-23 04:11:38,934 - INFO - Epoch 18 : Training Loss: 5.3814058304, Validation Loss: 5.4831194878, Training R-squared: 0.3342651725, Validation R-squared: 0.2687641978
2023-11-23 04:12:00,670 - INFO - Epoch 19 : Training Loss: 5.3544754982, Validation Loss: 5.4736580849, Training R-squared: 0.3413727582, Validation R-squared: 0.2712396085
2023-11-23 04:12:22,785 - INFO - Epoch 20 : Training Loss: 5.3225064278, Validation Loss: 5.4501404762, Training R-squared: 0.3500882983, Validation R-squared: 0.2774582803
2023-11-23 04:12:44,434 - INFO - Epoch 21 : Training Loss: 5.3061618805, Validation Loss: 5.4325962067, Training R-squared: 0.3526283503, Validation R-squared: 0.2826387882
2023-11-23 04:13:06,132 - INFO - Epoch 22 : Training Loss: 5.2785110474, Validation Loss: 5.4227547646, Training R-squared: 0.3594357967, Validation R-squared: 0.2850985229
2023-11-23 04:13:28,334 - INFO - Epoch 23 : Training Loss: 5.2526311874, Validation Loss: 5.4203948975, Training R-squared: 0.3652076125, Validation R-squared: 0.2854617536
2023-11-23 04:13:50,502 - INFO - Epoch 24 : Training Loss: 5.2265219688, Validation Loss: 5.4039225578, Training R-squared: 0.3719239235, Validation R-squared: 0.2901557088
2023-11-23 04:14:14,363 - INFO - Epoch 25 : Training Loss: 5.2049694061, Validation Loss: 5.3930840492, Training R-squared: 0.3766343594, Validation R-squared: 0.2929203510
2023-11-23 04:14:36,100 - INFO - Epoch 26 : Training Loss: 5.1886811256, Validation Loss: 5.4004507065, Training R-squared: 0.3810099065, Validation R-squared: 0.2906323075
2023-11-23 04:14:58,021 - INFO - Epoch 27 : Training Loss: 5.1634597778, Validation Loss: 5.3778533936, Training R-squared: 0.3857455254, Validation R-squared: 0.2968768477
2023-11-23 04:15:19,843 - INFO - Epoch 28 : Training Loss: 5.1534237862, Validation Loss: 5.3822579384, Training R-squared: 0.3876906335, Validation R-squared: 0.2953094840
2023-11-23 04:15:42,905 - INFO - Epoch 29 : Training Loss: 5.1341156960, Validation Loss: 5.4033308029, Training R-squared: 0.3924178481, Validation R-squared: 0.2894636989
2023-11-23 04:16:05,004 - INFO - Epoch 30 : Training Loss: 5.1251292229, Validation Loss: 5.3780546188, Training R-squared: 0.3961630762, Validation R-squared: 0.2963770032
2023-11-23 04:16:27,137 - INFO - Epoch 31 : Training Loss: 5.1100621223, Validation Loss: 5.3681569099, Training R-squared: 0.3980260789, Validation R-squared: 0.2991564274
2023-11-23 04:16:48,895 - INFO - Epoch 32 : Training Loss: 5.0997381210, Validation Loss: 5.3721942902, Training R-squared: 0.3997617960, Validation R-squared: 0.2977754176
2023-11-23 04:17:10,523 - INFO - Epoch 33 : Training Loss: 5.0873475075, Validation Loss: 5.3677678108, Training R-squared: 0.4032473266, Validation R-squared: 0.2987313569
2023-11-23 04:17:32,729 - INFO - Epoch 34 : Training Loss: 5.0742645264, Validation Loss: 5.3703150749, Training R-squared: 0.4072303176, Validation R-squared: 0.2982393801
2023-11-23 04:17:54,594 - INFO - Epoch 35 : Training Loss: 5.0657081604, Validation Loss: 5.3718533516, Training R-squared: 0.4078704417, Validation R-squared: 0.2974876761
2023-11-23 04:18:16,036 - INFO - Epoch 36 : Training Loss: 5.0523433685, Validation Loss: 5.3869371414, Training R-squared: 0.4105360806, Validation R-squared: 0.2932758629
2023-11-23 04:18:37,798 - INFO - Epoch 37 : Training Loss: 5.0303544998, Validation Loss: 5.3884210587, Training R-squared: 0.4154799581, Validation R-squared: 0.2932495773
2023-11-23 04:18:59,785 - INFO - Epoch 38 : Training Loss: 5.0293712616, Validation Loss: 5.3678431511, Training R-squared: 0.4161627889, Validation R-squared: 0.2988207638
2023-11-23 04:19:19,582 - INFO - Model saved to models/portion_model/lunch/512_512_200_64/sparsity_5_fold_4_model.keras
2023-11-23 04:19:25,929 - INFO - Avg Metrics: RMSE: 4.4420593615, R-squared: -2.7244612845, PCC: 0.4396202319
2023-11-23 04:19:25,929 - INFO - Agg Metrics: RMSE: 5.4249778296, R-squared: 0.2957110006, PCC: 0.5507010323
2023-11-23 04:19:32,104 - INFO - ================================================================== Fold 5 ===================================================================
2023-11-23 04:20:07,685 - INFO - Epoch 1  : Training Loss: 6.3808722496, Validation Loss: 6.5855169296, Training R-squared: 0.0401057489, Validation R-squared: 0.0545284264
2023-11-23 04:20:33,883 - INFO - Epoch 2  : Training Loss: 6.1694869995, Validation Loss: 6.3591465950, Training R-squared: 0.1023633853, Validation R-squared: 0.1181096658
2023-11-23 04:20:57,197 - INFO - Epoch 3  : Training Loss: 5.9391708374, Validation Loss: 6.0610265732, Training R-squared: 0.1684669703, Validation R-squared: 0.1995731741
2023-11-23 04:21:20,578 - INFO - Epoch 4  : Training Loss: 5.7400984764, Validation Loss: 5.9933147430, Training R-squared: 0.2240320146, Validation R-squared: 0.2173068970
2023-11-23 04:21:43,841 - INFO - Epoch 5  : Training Loss: 5.6464643478, Validation Loss: 5.9382104874, Training R-squared: 0.2479563355, Validation R-squared: 0.2319025695
2023-11-23 04:22:07,284 - INFO - Epoch 6  : Training Loss: 5.5897727013, Validation Loss: 5.9167594910, Training R-squared: 0.2630915046, Validation R-squared: 0.2370285690
2023-11-23 04:22:30,792 - INFO - Epoch 7  : Training Loss: 5.5606656075, Validation Loss: 5.9175925255, Training R-squared: 0.2700581551, Validation R-squared: 0.2369829118
2023-11-23 04:22:54,150 - INFO - Epoch 8  : Training Loss: 5.5429906845, Validation Loss: 5.9115962982, Training R-squared: 0.2753370404, Validation R-squared: 0.2383112311
2023-11-23 04:23:17,595 - INFO - Epoch 9  : Training Loss: 5.5203328133, Validation Loss: 5.9021244049, Training R-squared: 0.2798158824, Validation R-squared: 0.2406807989
2023-11-23 04:23:40,935 - INFO - Epoch 10 : Training Loss: 5.4928154945, Validation Loss: 5.8945941925, Training R-squared: 0.2872000039, Validation R-squared: 0.2423123568
2023-11-23 04:24:06,373 - INFO - Epoch 11 : Training Loss: 5.4699459076, Validation Loss: 5.8896355629, Training R-squared: 0.2937721908, Validation R-squared: 0.2434829175
2023-11-23 04:24:30,048 - INFO - Epoch 12 : Training Loss: 5.4461455345, Validation Loss: 5.8759155273, Training R-squared: 0.2994471192, Validation R-squared: 0.2473226190
2023-11-23 04:24:53,132 - INFO - Epoch 13 : Training Loss: 5.4192628860, Validation Loss: 5.8672270775, Training R-squared: 0.3057551086, Validation R-squared: 0.2497656494
2023-11-23 04:25:16,357 - INFO - Epoch 14 : Training Loss: 5.3926954269, Validation Loss: 5.8527293205, Training R-squared: 0.3132388890, Validation R-squared: 0.2531380951
2023-11-23 04:25:40,184 - INFO - Epoch 15 : Training Loss: 5.3774151802, Validation Loss: 5.8509178162, Training R-squared: 0.3171724975, Validation R-squared: 0.2537851334
2023-11-23 04:26:03,345 - INFO - Epoch 16 : Training Loss: 5.3612179756, Validation Loss: 5.8447837830, Training R-squared: 0.3223885298, Validation R-squared: 0.2548329234
2023-11-23 04:26:26,818 - INFO - Epoch 17 : Training Loss: 5.3442945480, Validation Loss: 5.8411478996, Training R-squared: 0.3253815472, Validation R-squared: 0.2554011643
2023-11-23 04:26:50,160 - INFO - Epoch 18 : Training Loss: 5.3306646347, Validation Loss: 5.8261942863, Training R-squared: 0.3282246888, Validation R-squared: 0.2596045434
2023-11-23 04:27:13,408 - INFO - Epoch 19 : Training Loss: 5.3124690056, Validation Loss: 5.8290371895, Training R-squared: 0.3335419297, Validation R-squared: 0.2592553496
2023-11-23 04:27:36,971 - INFO - Epoch 20 : Training Loss: 5.2938699722, Validation Loss: 5.8041725159, Training R-squared: 0.3382382095, Validation R-squared: 0.2653233707
2023-11-23 04:28:00,493 - INFO - Epoch 21 : Training Loss: 5.2679090500, Validation Loss: 5.7918539047, Training R-squared: 0.3434915841, Validation R-squared: 0.2684893906
2023-11-23 04:28:23,781 - INFO - Epoch 22 : Training Loss: 5.2398347855, Validation Loss: 5.7648329735, Training R-squared: 0.3504931331, Validation R-squared: 0.2753608823
2023-11-23 04:28:46,945 - INFO - Epoch 23 : Training Loss: 5.2154917717, Validation Loss: 5.7613291740, Training R-squared: 0.3566851318, Validation R-squared: 0.2759301662
2023-11-23 04:29:10,552 - INFO - Epoch 24 : Training Loss: 5.1957459450, Validation Loss: 5.7405867577, Training R-squared: 0.3610129952, Validation R-squared: 0.2816556990
2023-11-23 04:29:34,177 - INFO - Epoch 25 : Training Loss: 5.1774001122, Validation Loss: 5.7272739410, Training R-squared: 0.3660165668, Validation R-squared: 0.2845502198
2023-11-23 04:29:57,460 - INFO - Epoch 26 : Training Loss: 5.1618771553, Validation Loss: 5.7169327736, Training R-squared: 0.3699117005, Validation R-squared: 0.2873317599
2023-11-23 04:30:21,094 - INFO - Epoch 27 : Training Loss: 5.1362910271, Validation Loss: 5.6979351044, Training R-squared: 0.3759172559, Validation R-squared: 0.2922435701
2023-11-23 04:30:44,184 - INFO - Epoch 28 : Training Loss: 5.1198983192, Validation Loss: 5.7056865692, Training R-squared: 0.3801267445, Validation R-squared: 0.2900712490
2023-11-23 04:31:07,874 - INFO - Epoch 29 : Training Loss: 5.1042752266, Validation Loss: 5.6921148300, Training R-squared: 0.3837853074, Validation R-squared: 0.2934515178
2023-11-23 04:31:31,617 - INFO - Epoch 30 : Training Loss: 5.0889511108, Validation Loss: 5.6900415421, Training R-squared: 0.3869451284, Validation R-squared: 0.2935132384
2023-11-23 04:31:54,969 - INFO - Epoch 31 : Training Loss: 5.0753121376, Validation Loss: 5.6819190979, Training R-squared: 0.3905197084, Validation R-squared: 0.2953298688
2023-11-23 04:32:18,693 - INFO - Epoch 32 : Training Loss: 5.0584096909, Validation Loss: 5.6688785553, Training R-squared: 0.3937722743, Validation R-squared: 0.2987392545
2023-11-23 04:32:42,209 - INFO - Epoch 33 : Training Loss: 5.0412073135, Validation Loss: 5.6641678810, Training R-squared: 0.3978002071, Validation R-squared: 0.2998489439
2023-11-23 04:33:05,873 - INFO - Epoch 34 : Training Loss: 5.0242900848, Validation Loss: 5.6335787773, Training R-squared: 0.4017711580, Validation R-squared: 0.3076938987
2023-11-23 04:33:29,016 - INFO - Epoch 35 : Training Loss: 5.0071301460, Validation Loss: 5.6384935379, Training R-squared: 0.4065922499, Validation R-squared: 0.3061699867
2023-11-23 04:33:53,376 - INFO - Epoch 36 : Training Loss: 4.9933805466, Validation Loss: 5.6429772377, Training R-squared: 0.4089861512, Validation R-squared: 0.3046333790
2023-11-23 04:34:17,553 - INFO - Epoch 37 : Training Loss: 4.9700951576, Validation Loss: 5.6425213814, Training R-squared: 0.4153977334, Validation R-squared: 0.3050072491
2023-11-23 04:34:40,825 - INFO - Epoch 38 : Training Loss: 4.9574346542, Validation Loss: 5.6017098427, Training R-squared: 0.4178554118, Validation R-squared: 0.3151592016
2023-11-23 04:35:05,674 - INFO - Epoch 39 : Training Loss: 4.9481477737, Validation Loss: 5.6296234131, Training R-squared: 0.4210844338, Validation R-squared: 0.3075751960
2023-11-23 04:35:31,224 - INFO - Epoch 40 : Training Loss: 4.9296317101, Validation Loss: 5.5904612541, Training R-squared: 0.4236191213, Validation R-squared: 0.3179904222
2023-11-23 04:35:55,120 - INFO - Epoch 41 : Training Loss: 4.9152274132, Validation Loss: 5.5682182312, Training R-squared: 0.4288056493, Validation R-squared: 0.3236188591
2023-11-23 04:36:19,039 - INFO - Epoch 42 : Training Loss: 4.9007363319, Validation Loss: 5.5714468956, Training R-squared: 0.4311523736, Validation R-squared: 0.3228425384
2023-11-23 04:36:42,221 - INFO - Epoch 43 : Training Loss: 4.8868918419, Validation Loss: 5.5860261917, Training R-squared: 0.4335532188, Validation R-squared: 0.3185750842
2023-11-23 04:37:06,028 - INFO - Epoch 44 : Training Loss: 4.8650255203, Validation Loss: 5.5650300980, Training R-squared: 0.4374593198, Validation R-squared: 0.3240100443
2023-11-23 04:37:29,292 - INFO - Epoch 45 : Training Loss: 4.8593683243, Validation Loss: 5.5659580231, Training R-squared: 0.4394233823, Validation R-squared: 0.3233616948
2023-11-23 04:37:52,806 - INFO - Epoch 46 : Training Loss: 4.8463897705, Validation Loss: 5.5649743080, Training R-squared: 0.4433864057, Validation R-squared: 0.3235441148
2023-11-23 04:38:16,252 - INFO - Epoch 47 : Training Loss: 4.8334965706, Validation Loss: 5.5977721214, Training R-squared: 0.4453425705, Validation R-squared: 0.3151088059
2023-11-23 04:38:39,509 - INFO - Epoch 48 : Training Loss: 4.8221497536, Validation Loss: 5.5381836891, Training R-squared: 0.4479961395, Validation R-squared: 0.3302252591
2023-11-23 04:39:03,237 - INFO - Epoch 49 : Training Loss: 4.8110990524, Validation Loss: 5.5295190811, Training R-squared: 0.4509455860, Validation R-squared: 0.3321900368
2023-11-23 04:39:26,753 - INFO - Epoch 50 : Training Loss: 4.7957000732, Validation Loss: 5.5641016960, Training R-squared: 0.4546605647, Validation R-squared: 0.3229917288
2023-11-23 04:39:49,927 - INFO - Epoch 51 : Training Loss: 4.7917356491, Validation Loss: 5.5369539261, Training R-squared: 0.4549378753, Validation R-squared: 0.3303483427
2023-11-23 04:40:13,351 - INFO - Epoch 52 : Training Loss: 4.7758574486, Validation Loss: 5.5355553627, Training R-squared: 0.4582822323, Validation R-squared: 0.3305814266
2023-11-23 04:40:37,086 - INFO - Epoch 53 : Training Loss: 4.7647566795, Validation Loss: 5.5137624741, Training R-squared: 0.4611187875, Validation R-squared: 0.3355521560
2023-11-23 04:41:00,362 - INFO - Epoch 54 : Training Loss: 4.7580580711, Validation Loss: 5.5437784195, Training R-squared: 0.4627100229, Validation R-squared: 0.3280247152
2023-11-23 04:41:24,171 - INFO - Epoch 55 : Training Loss: 4.7505941391, Validation Loss: 5.5527286530, Training R-squared: 0.4646258056, Validation R-squared: 0.3255646825
2023-11-23 04:41:47,494 - INFO - Epoch 56 : Training Loss: 4.7393255234, Validation Loss: 5.5374708176, Training R-squared: 0.4658925533, Validation R-squared: 0.3302262425
2023-11-23 04:42:11,129 - INFO - Epoch 57 : Training Loss: 4.7319240570, Validation Loss: 5.5442519188, Training R-squared: 0.4685734212, Validation R-squared: 0.3278594911
2023-11-23 04:42:34,886 - INFO - Epoch 58 : Training Loss: 4.7287645340, Validation Loss: 5.5562105179, Training R-squared: 0.4689481556, Validation R-squared: 0.3244484663
2023-11-23 04:42:58,267 - INFO - Model saved to models/portion_model/lunch/512_512_200_64/sparsity_5_fold_5_model.keras
2023-11-23 04:43:04,914 - INFO - Avg Metrics: RMSE: 4.4511885581, R-squared: -0.2364018829, PCC: 0.4859026940
2023-11-23 04:43:04,914 - INFO - Agg Metrics: RMSE: 5.6037717079, R-squared: 0.3309510110, PCC: 0.5796957039
2023-11-23 04:43:26,459 - INFO - ================================================================== Results Summary ===================================================================
2023-11-23 04:43:26,459 - INFO - CrossVal Metrics (Avg.) - RMSE: 4.4171961876 ± 0.0679080000, R2: -0.8567507513 ± 0.0679080000, PCC: 0.4697389263 ± 0.0679080000
2023-11-23 04:43:26,460 - INFO - Testing  Metrics (Avg.) - RMSE: 4.4812750866, R2: 0.0448872390, PCC: 0.4489531791
2023-11-23 04:43:26,460 - INFO - CrossVal Metrics (Agg.) - RMSE: 5.4566520802 ± 0.0679080000, R2: 0.3206590901 ± 0.0679080000, PCC: 0.5701645807 ± 0.0679080000
2023-11-23 04:43:26,460 - INFO - Testing  Metrics (Agg.) - RMSE: 5.5286254381, R2: 0.3207774848, PCC: 0.5670217129
