2023-11-23 09:03:31,212 - INFO - Training model at 25% sparse columns removed...
2023-11-23 09:03:40,658 - INFO - ================================================================== Fold 1 ===================================================================
2023-11-23 09:04:07,399 - INFO - Epoch 1  : Training Loss: 7.2997884750, Validation Loss: 6.9774737358, Training R-squared: 0.0390412360, Validation R-squared: 0.0530175306
2023-11-23 09:04:25,708 - INFO - Epoch 2  : Training Loss: 7.0857977867, Validation Loss: 6.7396597862, Training R-squared: 0.0959209576, Validation R-squared: 0.1162321940
2023-11-23 09:04:43,756 - INFO - Epoch 3  : Training Loss: 6.8954668045, Validation Loss: 6.4372444153, Training R-squared: 0.1438340396, Validation R-squared: 0.1933412403
2023-11-23 09:05:02,195 - INFO - Epoch 4  : Training Loss: 6.5653095245, Validation Loss: 6.2656860352, Training R-squared: 0.2235609591, Validation R-squared: 0.2348980904
2023-11-23 09:05:20,840 - INFO - Epoch 5  : Training Loss: 6.4507474899, Validation Loss: 6.2183465958, Training R-squared: 0.2500662804, Validation R-squared: 0.2463938147
2023-11-23 09:05:39,010 - INFO - Epoch 6  : Training Loss: 6.4001874924, Validation Loss: 6.2093977928, Training R-squared: 0.2623873651, Validation R-squared: 0.2480768561
2023-11-23 09:05:57,328 - INFO - Epoch 7  : Training Loss: 6.3767247200, Validation Loss: 6.1916251183, Training R-squared: 0.2663285136, Validation R-squared: 0.2528377473
2023-11-23 09:06:15,373 - INFO - Epoch 8  : Training Loss: 6.3387055397, Validation Loss: 6.1757202148, Training R-squared: 0.2755220532, Validation R-squared: 0.2565453351
2023-11-23 09:06:33,997 - INFO - Epoch 9  : Training Loss: 6.3178186417, Validation Loss: 6.1733059883, Training R-squared: 0.2807714641, Validation R-squared: 0.2571012080
2023-11-23 09:06:52,372 - INFO - Epoch 10 : Training Loss: 6.2865452766, Validation Loss: 6.1682667732, Training R-squared: 0.2869427800, Validation R-squared: 0.2579226494
2023-11-23 09:07:10,486 - INFO - Epoch 11 : Training Loss: 6.2700033188, Validation Loss: 6.1664013863, Training R-squared: 0.2905681729, Validation R-squared: 0.2584057450
2023-11-23 09:07:29,211 - INFO - Epoch 12 : Training Loss: 6.2498517036, Validation Loss: 6.1598920822, Training R-squared: 0.2949629426, Validation R-squared: 0.2600492537
2023-11-23 09:07:47,980 - INFO - Epoch 13 : Training Loss: 6.2299132347, Validation Loss: 6.1623578072, Training R-squared: 0.2996831834, Validation R-squared: 0.2592198849
2023-11-23 09:08:05,987 - INFO - Epoch 14 : Training Loss: 6.1976552010, Validation Loss: 6.1296420097, Training R-squared: 0.3080741465, Validation R-squared: 0.2674181163
2023-11-23 09:08:24,419 - INFO - Epoch 15 : Training Loss: 6.1638402939, Validation Loss: 6.1053276062, Training R-squared: 0.3148871958, Validation R-squared: 0.2734530866
2023-11-23 09:08:42,767 - INFO - Epoch 16 : Training Loss: 6.1125288010, Validation Loss: 6.0785431862, Training R-squared: 0.3254425824, Validation R-squared: 0.2789677382
2023-11-23 09:09:00,884 - INFO - Epoch 17 : Training Loss: 6.0767397881, Validation Loss: 6.0595870018, Training R-squared: 0.3320798576, Validation R-squared: 0.2835712731
2023-11-23 09:09:19,999 - INFO - Epoch 18 : Training Loss: 6.0526523590, Validation Loss: 6.0639252663, Training R-squared: 0.3394906223, Validation R-squared: 0.2818075120
2023-11-23 09:09:38,400 - INFO - Epoch 19 : Training Loss: 6.0208868980, Validation Loss: 6.0270104408, Training R-squared: 0.3445420861, Validation R-squared: 0.2908448875
2023-11-23 09:09:56,402 - INFO - Epoch 20 : Training Loss: 5.9947395325, Validation Loss: 6.0096578598, Training R-squared: 0.3513679504, Validation R-squared: 0.2950718999
2023-11-23 09:10:14,528 - INFO - Epoch 21 : Training Loss: 5.9599814415, Validation Loss: 6.0081496239, Training R-squared: 0.3587169945, Validation R-squared: 0.2950718105
2023-11-23 09:10:33,039 - INFO - Epoch 22 : Training Loss: 5.9368133545, Validation Loss: 6.0102066994, Training R-squared: 0.3626501858, Validation R-squared: 0.2941064835
2023-11-23 09:10:51,037 - INFO - Epoch 23 : Training Loss: 5.9071879387, Validation Loss: 5.9597029686, Training R-squared: 0.3697574735, Validation R-squared: 0.3061355650
2023-11-23 09:11:09,353 - INFO - Epoch 24 : Training Loss: 5.8729414940, Validation Loss: 5.9527883530, Training R-squared: 0.3752849996, Validation R-squared: 0.3080692589
2023-11-23 09:11:27,851 - INFO - Epoch 25 : Training Loss: 5.8490471840, Validation Loss: 5.9367313385, Training R-squared: 0.3811263740, Validation R-squared: 0.3118172884
2023-11-23 09:11:45,880 - INFO - Epoch 26 : Training Loss: 5.8250699043, Validation Loss: 5.9147315025, Training R-squared: 0.3859483302, Validation R-squared: 0.3167428374
2023-11-23 09:12:04,055 - INFO - Epoch 27 : Training Loss: 5.8002142906, Validation Loss: 5.9182982445, Training R-squared: 0.3925732076, Validation R-squared: 0.3161607683
2023-11-23 09:12:22,816 - INFO - Epoch 28 : Training Loss: 5.7784113884, Validation Loss: 5.9110908508, Training R-squared: 0.3960699737, Validation R-squared: 0.3175291717
2023-11-23 09:12:40,853 - INFO - Epoch 29 : Training Loss: 5.7602210045, Validation Loss: 5.9168086052, Training R-squared: 0.3998551071, Validation R-squared: 0.3157061636
2023-11-23 09:12:59,512 - INFO - Epoch 30 : Training Loss: 5.7400631905, Validation Loss: 5.8816046715, Training R-squared: 0.4028270841, Validation R-squared: 0.3241361678
2023-11-23 09:13:19,039 - INFO - Epoch 31 : Training Loss: 5.7258176804, Validation Loss: 5.8945398331, Training R-squared: 0.4072510898, Validation R-squared: 0.3209297955
2023-11-23 09:13:38,386 - INFO - Epoch 32 : Training Loss: 5.7049398422, Validation Loss: 5.8733358383, Training R-squared: 0.4106155932, Validation R-squared: 0.3260810375
2023-11-23 09:13:57,805 - INFO - Epoch 33 : Training Loss: 5.6804504395, Validation Loss: 5.8824620247, Training R-squared: 0.4168578982, Validation R-squared: 0.3229235113
2023-11-23 09:14:16,081 - INFO - Epoch 34 : Training Loss: 5.6556882858, Validation Loss: 5.8561949730, Training R-squared: 0.4197706580, Validation R-squared: 0.3297526538
2023-11-23 09:14:34,807 - INFO - Epoch 35 : Training Loss: 5.6422286034, Validation Loss: 5.8657221794, Training R-squared: 0.4226885140, Validation R-squared: 0.3270446062
2023-11-23 09:14:53,214 - INFO - Epoch 36 : Training Loss: 5.6093087196, Validation Loss: 5.8378167152, Training R-squared: 0.4293342531, Validation R-squared: 0.3337754011
2023-11-23 09:15:11,397 - INFO - Epoch 37 : Training Loss: 5.5838265419, Validation Loss: 5.8169994354, Training R-squared: 0.4331780970, Validation R-squared: 0.3385831118
2023-11-23 09:15:29,742 - INFO - Epoch 38 : Training Loss: 5.5646572113, Validation Loss: 5.8336706161, Training R-squared: 0.4373142719, Validation R-squared: 0.3342507482
2023-11-23 09:15:48,188 - INFO - Epoch 39 : Training Loss: 5.5547323227, Validation Loss: 5.8048639297, Training R-squared: 0.4392328560, Validation R-squared: 0.3406709433
2023-11-23 09:16:06,387 - INFO - Epoch 40 : Training Loss: 5.5350098610, Validation Loss: 5.8261346817, Training R-squared: 0.4442074895, Validation R-squared: 0.3356527388
2023-11-23 09:16:24,914 - INFO - Epoch 41 : Training Loss: 5.5245790482, Validation Loss: 5.8118567467, Training R-squared: 0.4444997311, Validation R-squared: 0.3392010927
2023-11-23 09:16:43,227 - INFO - Epoch 42 : Training Loss: 5.5076351166, Validation Loss: 5.8020725250, Training R-squared: 0.4485489428, Validation R-squared: 0.3413134813
2023-11-23 09:17:01,408 - INFO - Epoch 43 : Training Loss: 5.4974875450, Validation Loss: 5.8492469788, Training R-squared: 0.4501239657, Validation R-squared: 0.3298731148
2023-11-23 09:17:19,983 - INFO - Epoch 44 : Training Loss: 5.4945039749, Validation Loss: 5.8183016777, Training R-squared: 0.4520403743, Validation R-squared: 0.3372859061
2023-11-23 09:17:38,460 - INFO - Epoch 45 : Training Loss: 5.4753208160, Validation Loss: 5.8212080002, Training R-squared: 0.4539212584, Validation R-squared: 0.3363325298
2023-11-23 09:17:56,595 - INFO - Epoch 46 : Training Loss: 5.4758958817, Validation Loss: 5.8622260094, Training R-squared: 0.4543699324, Validation R-squared: 0.3264582157
2023-11-23 09:18:14,906 - INFO - Epoch 47 : Training Loss: 5.4663662910, Validation Loss: 5.8207225800, Training R-squared: 0.4568628371, Validation R-squared: 0.3362600505
2023-11-23 09:18:35,062 - INFO - Model saved to models/portion_model/lunch/512_512_200_64/sparsity_25_fold_1_model.keras
2023-11-23 09:18:40,410 - INFO - Avg Metrics: RMSE: 4.8414246921, R-squared: -0.8117734013, PCC: 0.4762263567
2023-11-23 09:18:40,411 - INFO - Agg Metrics: RMSE: 5.8522350062, R-squared: 0.3433336255, PCC: 0.5906609420
2023-11-23 09:18:47,453 - INFO - ================================================================== Fold 2 ===================================================================
2023-11-23 09:19:14,379 - INFO - Epoch 1  : Training Loss: 7.2315988541, Validation Loss: 7.2464714050, Training R-squared: 0.0391052738, Validation R-squared: 0.0569298826
2023-11-23 09:19:32,849 - INFO - Epoch 2  : Training Loss: 7.0125365257, Validation Loss: 6.9798960686, Training R-squared: 0.0973202810, Validation R-squared: 0.1270174831
2023-11-23 09:19:50,977 - INFO - Epoch 3  : Training Loss: 6.7492980957, Validation Loss: 6.6031770706, Training R-squared: 0.1641848981, Validation R-squared: 0.2193083167
2023-11-23 09:20:09,130 - INFO - Epoch 4  : Training Loss: 6.4939846992, Validation Loss: 6.4936718941, Training R-squared: 0.2259592265, Validation R-squared: 0.2447995096
2023-11-23 09:20:27,861 - INFO - Epoch 5  : Training Loss: 6.3818230629, Validation Loss: 6.4411115646, Training R-squared: 0.2516224682, Validation R-squared: 0.2561466694
2023-11-23 09:20:45,945 - INFO - Epoch 6  : Training Loss: 6.3408694267, Validation Loss: 6.4408030510, Training R-squared: 0.2620532811, Validation R-squared: 0.2554667592
2023-11-23 09:21:04,228 - INFO - Epoch 7  : Training Loss: 6.3077082634, Validation Loss: 6.4270725250, Training R-squared: 0.2695397437, Validation R-squared: 0.2588539124
2023-11-23 09:21:22,625 - INFO - Epoch 8  : Training Loss: 6.2758021355, Validation Loss: 6.4090423584, Training R-squared: 0.2769763470, Validation R-squared: 0.2631196082
2023-11-23 09:21:40,811 - INFO - Epoch 9  : Training Loss: 6.2420163155, Validation Loss: 6.4039311409, Training R-squared: 0.2841435373, Validation R-squared: 0.2634136677
2023-11-23 09:21:59,062 - INFO - Epoch 10 : Training Loss: 6.2159872055, Validation Loss: 6.3977580070, Training R-squared: 0.2906335890, Validation R-squared: 0.2646218538
2023-11-23 09:22:17,138 - INFO - Epoch 11 : Training Loss: 6.1847615242, Validation Loss: 6.3855681419, Training R-squared: 0.2963514328, Validation R-squared: 0.2671110630
2023-11-23 09:22:35,232 - INFO - Epoch 12 : Training Loss: 6.1466913223, Validation Loss: 6.3607125282, Training R-squared: 0.3052936196, Validation R-squared: 0.2728635967
2023-11-23 09:22:53,687 - INFO - Epoch 13 : Training Loss: 6.1039867401, Validation Loss: 6.3337597847, Training R-squared: 0.3146728873, Validation R-squared: 0.2796833217
2023-11-23 09:23:11,909 - INFO - Epoch 14 : Training Loss: 6.0592756271, Validation Loss: 6.3148698807, Training R-squared: 0.3239867687, Validation R-squared: 0.2831780314
2023-11-23 09:23:30,255 - INFO - Epoch 15 : Training Loss: 6.0284900665, Validation Loss: 6.2994256020, Training R-squared: 0.3311650753, Validation R-squared: 0.2870078981
2023-11-23 09:23:49,622 - INFO - Epoch 16 : Training Loss: 5.9991893768, Validation Loss: 6.2738847733, Training R-squared: 0.3384748101, Validation R-squared: 0.2921174169
2023-11-23 09:24:08,495 - INFO - Epoch 17 : Training Loss: 5.9665570259, Validation Loss: 6.2586698532, Training R-squared: 0.3454857469, Validation R-squared: 0.2952608168
2023-11-23 09:24:26,796 - INFO - Epoch 18 : Training Loss: 5.9375324249, Validation Loss: 6.2550444603, Training R-squared: 0.3505336940, Validation R-squared: 0.2960693538
2023-11-23 09:24:45,068 - INFO - Epoch 19 : Training Loss: 5.9184484482, Validation Loss: 6.2365221977, Training R-squared: 0.3557663262, Validation R-squared: 0.3001390398
2023-11-23 09:25:03,225 - INFO - Epoch 20 : Training Loss: 5.8868818283, Validation Loss: 6.2400460243, Training R-squared: 0.3609406948, Validation R-squared: 0.2989974022
2023-11-23 09:25:21,512 - INFO - Epoch 21 : Training Loss: 5.8689832687, Validation Loss: 6.2405529022, Training R-squared: 0.3644207120, Validation R-squared: 0.2985338569
2023-11-23 09:25:39,723 - INFO - Epoch 22 : Training Loss: 5.8496232033, Validation Loss: 6.2120556831, Training R-squared: 0.3697335422, Validation R-squared: 0.3052500784
2023-11-23 09:25:57,708 - INFO - Epoch 23 : Training Loss: 5.8212466240, Validation Loss: 6.2043075562, Training R-squared: 0.3745313585, Validation R-squared: 0.3071369231
2023-11-23 09:26:15,915 - INFO - Epoch 24 : Training Loss: 5.7980189323, Validation Loss: 6.1877737045, Training R-squared: 0.3801988363, Validation R-squared: 0.3105351925
2023-11-23 09:26:34,501 - INFO - Epoch 25 : Training Loss: 5.7706866264, Validation Loss: 6.1947116852, Training R-squared: 0.3862754405, Validation R-squared: 0.3086397648
2023-11-23 09:26:52,674 - INFO - Epoch 26 : Training Loss: 5.7404022217, Validation Loss: 6.1507949829, Training R-squared: 0.3924524784, Validation R-squared: 0.3187271059
2023-11-23 09:27:10,975 - INFO - Epoch 27 : Training Loss: 5.7170953751, Validation Loss: 6.1369729042, Training R-squared: 0.3978935778, Validation R-squared: 0.3220041096
2023-11-23 09:27:29,353 - INFO - Epoch 28 : Training Loss: 5.7002811432, Validation Loss: 6.1204619408, Training R-squared: 0.4009308815, Validation R-squared: 0.3256807327
2023-11-23 09:27:47,497 - INFO - Epoch 29 : Training Loss: 5.6767902374, Validation Loss: 6.1339898109, Training R-squared: 0.4057899117, Validation R-squared: 0.3224997818
2023-11-23 09:28:05,858 - INFO - Epoch 30 : Training Loss: 5.6666917801, Validation Loss: 6.1192340851, Training R-squared: 0.4078441262, Validation R-squared: 0.3261272609
2023-11-23 09:28:24,543 - INFO - Epoch 31 : Training Loss: 5.6388864517, Validation Loss: 6.1190304756, Training R-squared: 0.4130561650, Validation R-squared: 0.3262392879
2023-11-23 09:28:42,467 - INFO - Epoch 32 : Training Loss: 5.6331653595, Validation Loss: 6.0949192047, Training R-squared: 0.4133507311, Validation R-squared: 0.3321684003
2023-11-23 09:29:00,875 - INFO - Epoch 33 : Training Loss: 5.6183161736, Validation Loss: 6.1254277229, Training R-squared: 0.4178339243, Validation R-squared: 0.3249064684
2023-11-23 09:29:19,676 - INFO - Epoch 34 : Training Loss: 5.5961990356, Validation Loss: 6.0913748741, Training R-squared: 0.4222092330, Validation R-squared: 0.3329315484
2023-11-23 09:29:37,712 - INFO - Epoch 35 : Training Loss: 5.5830121040, Validation Loss: 6.1016912460, Training R-squared: 0.4253002703, Validation R-squared: 0.3307531178
2023-11-23 09:29:55,897 - INFO - Epoch 36 : Training Loss: 5.5660190582, Validation Loss: 6.0878672600, Training R-squared: 0.4275546074, Validation R-squared: 0.3338214159
2023-11-23 09:30:14,100 - INFO - Epoch 37 : Training Loss: 5.5552420616, Validation Loss: 6.0772805214, Training R-squared: 0.4296776652, Validation R-squared: 0.3360195756
2023-11-23 09:30:31,641 - INFO - Epoch 38 : Training Loss: 5.5385355949, Validation Loss: 6.0990896225, Training R-squared: 0.4337455034, Validation R-squared: 0.3310094476
2023-11-23 09:30:48,518 - INFO - Epoch 39 : Training Loss: 5.5215301514, Validation Loss: 6.0738711357, Training R-squared: 0.4364584386, Validation R-squared: 0.3360327184
2023-11-23 09:31:05,485 - INFO - Epoch 40 : Training Loss: 5.5041928291, Validation Loss: 6.0853490829, Training R-squared: 0.4393175840, Validation R-squared: 0.3337513804
2023-11-23 09:31:22,864 - INFO - Epoch 41 : Training Loss: 5.4902691841, Validation Loss: 6.0638675690, Training R-squared: 0.4423830211, Validation R-squared: 0.3383721709
2023-11-23 09:31:39,892 - INFO - Epoch 42 : Training Loss: 5.4731888771, Validation Loss: 6.0446538925, Training R-squared: 0.4469341338, Validation R-squared: 0.3423915505
2023-11-23 09:31:56,704 - INFO - Epoch 43 : Training Loss: 5.4565029144, Validation Loss: 6.0431385040, Training R-squared: 0.4489459991, Validation R-squared: 0.3429000974
2023-11-23 09:32:13,399 - INFO - Epoch 44 : Training Loss: 5.4423446655, Validation Loss: 6.0479578972, Training R-squared: 0.4526872337, Validation R-squared: 0.3415241539
2023-11-23 09:32:30,745 - INFO - Epoch 45 : Training Loss: 5.4209799767, Validation Loss: 6.0376129150, Training R-squared: 0.4557077289, Validation R-squared: 0.3436103165
2023-11-23 09:32:47,996 - INFO - Epoch 46 : Training Loss: 5.4079561234, Validation Loss: 6.0391006470, Training R-squared: 0.4594710469, Validation R-squared: 0.3432610333
2023-11-23 09:33:05,041 - INFO - Epoch 47 : Training Loss: 5.3926706314, Validation Loss: 6.0550408363, Training R-squared: 0.4622262120, Validation R-squared: 0.3394976854
2023-11-23 09:33:22,225 - INFO - Epoch 48 : Training Loss: 5.3861060143, Validation Loss: 6.0493412018, Training R-squared: 0.4628911316, Validation R-squared: 0.3407683969
2023-11-23 09:33:39,218 - INFO - Epoch 49 : Training Loss: 5.3690977097, Validation Loss: 6.0165276527, Training R-squared: 0.4668777585, Validation R-squared: 0.3484827876
2023-11-23 09:33:57,081 - INFO - Epoch 50 : Training Loss: 5.3602633476, Validation Loss: 6.0350246429, Training R-squared: 0.4686558843, Validation R-squared: 0.3440804183
2023-11-23 09:34:14,074 - INFO - Epoch 51 : Training Loss: 5.3422818184, Validation Loss: 5.9959816933, Training R-squared: 0.4705784023, Validation R-squared: 0.3532294035
2023-11-23 09:34:31,089 - INFO - Epoch 52 : Training Loss: 5.3356547356, Validation Loss: 5.9988927841, Training R-squared: 0.4727039933, Validation R-squared: 0.3524463773
2023-11-23 09:34:47,973 - INFO - Epoch 53 : Training Loss: 5.3265266418, Validation Loss: 6.0400099754, Training R-squared: 0.4738083482, Validation R-squared: 0.3427767158
2023-11-23 09:35:05,204 - INFO - Epoch 54 : Training Loss: 5.3122234344, Validation Loss: 6.0120615959, Training R-squared: 0.4769019186, Validation R-squared: 0.3492663801
2023-11-23 09:35:22,614 - INFO - Epoch 55 : Training Loss: 5.3037543297, Validation Loss: 6.0182375908, Training R-squared: 0.4795176089, Validation R-squared: 0.3478861153
2023-11-23 09:35:39,449 - INFO - Epoch 56 : Training Loss: 5.2932786942, Validation Loss: 6.0246181488, Training R-squared: 0.4795466065, Validation R-squared: 0.3463096321
2023-11-23 09:35:57,265 - INFO - Model saved to models/portion_model/lunch/512_512_200_64/sparsity_25_fold_2_model.keras
2023-11-23 09:36:02,926 - INFO - Avg Metrics: RMSE: 4.8377339105, R-squared: -0.3170613486, PCC: 0.5072590884
2023-11-23 09:36:02,927 - INFO - Agg Metrics: RMSE: 6.0901932933, R-squared: 0.3465726949, PCC: 0.5918653937
2023-11-23 09:36:08,891 - INFO - ================================================================== Fold 3 ===================================================================
2023-11-23 09:36:34,357 - INFO - Epoch 1  : Training Loss: 7.2004036903, Validation Loss: 7.4066705704, Training R-squared: 0.0391277187, Validation R-squared: 0.0555433370
2023-11-23 09:36:51,254 - INFO - Epoch 2  : Training Loss: 6.9639315605, Validation Loss: 7.1618165970, Training R-squared: 0.0992671624, Validation R-squared: 0.1191683859
2023-11-23 09:37:08,122 - INFO - Epoch 3  : Training Loss: 6.7202930450, Validation Loss: 6.7971944809, Training R-squared: 0.1630102247, Validation R-squared: 0.2085659951
2023-11-23 09:37:25,085 - INFO - Epoch 4  : Training Loss: 6.4318714142, Validation Loss: 6.6731157303, Training R-squared: 0.2309875786, Validation R-squared: 0.2378087938
2023-11-23 09:37:41,815 - INFO - Epoch 5  : Training Loss: 6.3371343613, Validation Loss: 6.6425347328, Training R-squared: 0.2537917793, Validation R-squared: 0.2447683215
2023-11-23 09:37:58,573 - INFO - Epoch 6  : Training Loss: 6.3024110794, Validation Loss: 6.6329259872, Training R-squared: 0.2632083595, Validation R-squared: 0.2470486611
2023-11-23 09:38:15,486 - INFO - Epoch 7  : Training Loss: 6.2634272575, Validation Loss: 6.6178464890, Training R-squared: 0.2729447782, Validation R-squared: 0.2505348325
2023-11-23 09:38:32,521 - INFO - Epoch 8  : Training Loss: 6.2254920006, Validation Loss: 6.6038942337, Training R-squared: 0.2798198462, Validation R-squared: 0.2537182570
2023-11-23 09:38:49,133 - INFO - Epoch 9  : Training Loss: 6.1976652145, Validation Loss: 6.5983009338, Training R-squared: 0.2862779498, Validation R-squared: 0.2542924881
2023-11-23 09:39:06,108 - INFO - Epoch 10 : Training Loss: 6.1704092026, Validation Loss: 6.5931348801, Training R-squared: 0.2921054065, Validation R-squared: 0.2562449574
2023-11-23 09:39:23,430 - INFO - Epoch 11 : Training Loss: 6.1531233788, Validation Loss: 6.5859413147, Training R-squared: 0.2965439260, Validation R-squared: 0.2576420009
2023-11-23 09:39:40,201 - INFO - Epoch 12 : Training Loss: 6.1300096512, Validation Loss: 6.5778803825, Training R-squared: 0.3022248149, Validation R-squared: 0.2594570518
2023-11-23 09:39:56,828 - INFO - Epoch 13 : Training Loss: 6.0944991112, Validation Loss: 6.5591669083, Training R-squared: 0.3099491298, Validation R-squared: 0.2635067701
2023-11-23 09:40:13,777 - INFO - Epoch 14 : Training Loss: 6.0718045235, Validation Loss: 6.5452866554, Training R-squared: 0.3155675232, Validation R-squared: 0.2668124139
2023-11-23 09:40:30,828 - INFO - Epoch 15 : Training Loss: 6.0251593590, Validation Loss: 6.5400242805, Training R-squared: 0.3253856003, Validation R-squared: 0.2672548592
2023-11-23 09:40:47,442 - INFO - Epoch 16 : Training Loss: 6.0055332184, Validation Loss: 6.5156378746, Training R-squared: 0.3297986686, Validation R-squared: 0.2728592157
2023-11-23 09:41:04,395 - INFO - Epoch 17 : Training Loss: 5.9701733589, Validation Loss: 6.4892134666, Training R-squared: 0.3368287981, Validation R-squared: 0.2793026268
2023-11-23 09:41:21,779 - INFO - Epoch 18 : Training Loss: 5.9262728691, Validation Loss: 6.4573864937, Training R-squared: 0.3467133343, Validation R-squared: 0.2864252627
2023-11-23 09:41:38,581 - INFO - Epoch 19 : Training Loss: 5.8837199211, Validation Loss: 6.4397420883, Training R-squared: 0.3554915786, Validation R-squared: 0.2903176844
2023-11-23 09:41:55,709 - INFO - Epoch 20 : Training Loss: 5.8466939926, Validation Loss: 6.4151816368, Training R-squared: 0.3629266620, Validation R-squared: 0.2956646085
2023-11-23 09:42:12,552 - INFO - Epoch 21 : Training Loss: 5.8119277954, Validation Loss: 6.4010252953, Training R-squared: 0.3711616695, Validation R-squared: 0.2986123264
2023-11-23 09:42:29,453 - INFO - Epoch 22 : Training Loss: 5.7825937271, Validation Loss: 6.4106402397, Training R-squared: 0.3761205673, Validation R-squared: 0.2958786190
2023-11-23 09:42:46,473 - INFO - Epoch 23 : Training Loss: 5.7579579353, Validation Loss: 6.3910636902, Training R-squared: 0.3823851943, Validation R-squared: 0.2997844815
2023-11-23 09:43:03,176 - INFO - Epoch 24 : Training Loss: 5.7354249954, Validation Loss: 6.3703165054, Training R-squared: 0.3858138919, Validation R-squared: 0.3044816554
2023-11-23 09:43:20,273 - INFO - Epoch 25 : Training Loss: 5.7194128036, Validation Loss: 6.3535256386, Training R-squared: 0.3912071288, Validation R-squared: 0.3084667027
2023-11-23 09:43:37,033 - INFO - Epoch 26 : Training Loss: 5.6934165955, Validation Loss: 6.3507494926, Training R-squared: 0.3957036138, Validation R-squared: 0.3090634644
2023-11-23 09:43:54,479 - INFO - Epoch 27 : Training Loss: 5.6726326942, Validation Loss: 6.3615212440, Training R-squared: 0.4002824426, Validation R-squared: 0.3066776693
2023-11-23 09:44:11,708 - INFO - Epoch 28 : Training Loss: 5.6532669067, Validation Loss: 6.3330116272, Training R-squared: 0.4035148621, Validation R-squared: 0.3126396835
2023-11-23 09:44:28,932 - INFO - Epoch 29 : Training Loss: 5.6332907677, Validation Loss: 6.3434252739, Training R-squared: 0.4073392749, Validation R-squared: 0.3098408282
2023-11-23 09:44:45,932 - INFO - Epoch 30 : Training Loss: 5.6055564880, Validation Loss: 6.3307623863, Training R-squared: 0.4128756523, Validation R-squared: 0.3130051494
2023-11-23 09:45:02,709 - INFO - Epoch 31 : Training Loss: 5.5983905792, Validation Loss: 6.3115696907, Training R-squared: 0.4156395495, Validation R-squared: 0.3167544305
2023-11-23 09:45:19,663 - INFO - Epoch 32 : Training Loss: 5.5741248131, Validation Loss: 6.3084526062, Training R-squared: 0.4192171395, Validation R-squared: 0.3179234266
2023-11-23 09:45:36,558 - INFO - Epoch 33 : Training Loss: 5.5543370247, Validation Loss: 6.3096423149, Training R-squared: 0.4236415327, Validation R-squared: 0.3169279099
2023-11-23 09:45:53,544 - INFO - Epoch 34 : Training Loss: 5.5356998444, Validation Loss: 6.3112697601, Training R-squared: 0.4280416965, Validation R-squared: 0.3162492812
2023-11-23 09:46:10,562 - INFO - Epoch 35 : Training Loss: 5.5218148232, Validation Loss: 6.2854089737, Training R-squared: 0.4299044907, Validation R-squared: 0.3221314251
2023-11-23 09:46:27,602 - INFO - Epoch 36 : Training Loss: 5.5001296997, Validation Loss: 6.2849960327, Training R-squared: 0.4353518486, Validation R-squared: 0.3219708502
2023-11-23 09:46:44,279 - INFO - Epoch 37 : Training Loss: 5.4837598801, Validation Loss: 6.2431645393, Training R-squared: 0.4381270409, Validation R-squared: 0.3318012059
2023-11-23 09:47:01,243 - INFO - Epoch 38 : Training Loss: 5.4641704559, Validation Loss: 6.2858877182, Training R-squared: 0.4431160986, Validation R-squared: 0.3213387728
2023-11-23 09:47:18,429 - INFO - Epoch 39 : Training Loss: 5.4512853622, Validation Loss: 6.2697434425, Training R-squared: 0.4435340166, Validation R-squared: 0.3244732916
2023-11-23 09:47:35,249 - INFO - Epoch 40 : Training Loss: 5.4315271378, Validation Loss: 6.2613792419, Training R-squared: 0.4487289190, Validation R-squared: 0.3266155124
2023-11-23 09:47:52,274 - INFO - Epoch 41 : Training Loss: 5.4218955040, Validation Loss: 6.2420620918, Training R-squared: 0.4495513141, Validation R-squared: 0.3314637244
2023-11-23 09:48:09,161 - INFO - Epoch 42 : Training Loss: 5.4137916565, Validation Loss: 6.2509303093, Training R-squared: 0.4519072473, Validation R-squared: 0.3289357126
2023-11-23 09:48:26,396 - INFO - Epoch 43 : Training Loss: 5.3948955536, Validation Loss: 6.2522101402, Training R-squared: 0.4568735957, Validation R-squared: 0.3285787702
2023-11-23 09:48:43,084 - INFO - Epoch 44 : Training Loss: 5.3872647285, Validation Loss: 6.2328782082, Training R-squared: 0.4578833282, Validation R-squared: 0.3330065012
2023-11-23 09:49:00,012 - INFO - Epoch 45 : Training Loss: 5.3704781532, Validation Loss: 6.2308692932, Training R-squared: 0.4607791603, Validation R-squared: 0.3334601521
2023-11-23 09:49:17,268 - INFO - Epoch 46 : Training Loss: 5.3513264656, Validation Loss: 6.2185125351, Training R-squared: 0.4649659991, Validation R-squared: 0.3356515467
2023-11-23 09:49:34,421 - INFO - Epoch 47 : Training Loss: 5.3414344788, Validation Loss: 6.2504558563, Training R-squared: 0.4659873545, Validation R-squared: 0.3281756341
2023-11-23 09:49:51,422 - INFO - Epoch 48 : Training Loss: 5.3280086517, Validation Loss: 6.2364149094, Training R-squared: 0.4694284201, Validation R-squared: 0.3312667310
2023-11-23 09:50:08,233 - INFO - Epoch 49 : Training Loss: 5.3117284775, Validation Loss: 6.2377071381, Training R-squared: 0.4723007381, Validation R-squared: 0.3307171762
2023-11-23 09:50:25,362 - INFO - Epoch 50 : Training Loss: 5.2962431908, Validation Loss: 6.2073001862, Training R-squared: 0.4754512906, Validation R-squared: 0.3375865221
2023-11-23 09:50:42,222 - INFO - Epoch 51 : Training Loss: 5.2823123932, Validation Loss: 6.2306218147, Training R-squared: 0.4772712290, Validation R-squared: 0.3319157660
2023-11-23 09:50:59,040 - INFO - Epoch 52 : Training Loss: 5.2634673119, Validation Loss: 6.2155995369, Training R-squared: 0.4810081720, Validation R-squared: 0.3355201781
2023-11-23 09:51:16,142 - INFO - Epoch 53 : Training Loss: 5.2505660057, Validation Loss: 6.2262797356, Training R-squared: 0.4836710393, Validation R-squared: 0.3328638971
2023-11-23 09:51:33,153 - INFO - Epoch 54 : Training Loss: 5.2372980118, Validation Loss: 6.2224307060, Training R-squared: 0.4872272909, Validation R-squared: 0.3336633742
2023-11-23 09:51:50,067 - INFO - Epoch 55 : Training Loss: 5.2296772003, Validation Loss: 6.1896619797, Training R-squared: 0.4877995849, Validation R-squared: 0.3405169249
2023-11-23 09:52:07,143 - INFO - Epoch 56 : Training Loss: 5.2170028687, Validation Loss: 6.1689000130, Training R-squared: 0.4903138876, Validation R-squared: 0.3451613784
2023-11-23 09:52:24,206 - INFO - Epoch 57 : Training Loss: 5.2072992325, Validation Loss: 6.1889572144, Training R-squared: 0.4925609529, Validation R-squared: 0.3405304253
2023-11-23 09:52:41,144 - INFO - Epoch 58 : Training Loss: 5.1934037209, Validation Loss: 6.1845178604, Training R-squared: 0.4942626357, Validation R-squared: 0.3414177299
2023-11-23 09:52:57,884 - INFO - Epoch 59 : Training Loss: 5.1813383102, Validation Loss: 6.1537594795, Training R-squared: 0.4961024523, Validation R-squared: 0.3482024074
2023-11-23 09:53:14,756 - INFO - Epoch 60 : Training Loss: 5.1694626808, Validation Loss: 6.1646962166, Training R-squared: 0.4993298054, Validation R-squared: 0.3454852998
2023-11-23 09:53:32,455 - INFO - Epoch 61 : Training Loss: 5.1602835655, Validation Loss: 6.2204689980, Training R-squared: 0.5002825856, Validation R-squared: 0.3319627941
2023-11-23 09:53:50,341 - INFO - Epoch 62 : Training Loss: 5.1537418365, Validation Loss: 6.1781144142, Training R-squared: 0.5009027719, Validation R-squared: 0.3422206342
2023-11-23 09:54:07,987 - INFO - Epoch 63 : Training Loss: 5.1377310753, Validation Loss: 6.2010354996, Training R-squared: 0.5047352314, Validation R-squared: 0.3368006945
2023-11-23 09:54:25,150 - INFO - Epoch 64 : Training Loss: 5.1349649429, Validation Loss: 6.1982717514, Training R-squared: 0.5053576827, Validation R-squared: 0.3373591006
2023-11-23 09:54:42,449 - INFO - Model saved to models/portion_model/lunch/512_512_200_64/sparsity_25_fold_3_model.keras
2023-11-23 09:54:47,970 - INFO - Avg Metrics: RMSE: 4.9305939402, R-squared: -0.5302662657, PCC: 0.5288177284
2023-11-23 09:54:47,970 - INFO - Agg Metrics: RMSE: 6.2385241557, R-squared: 0.3423883279, PCC: 0.5912940155
2023-11-23 09:54:54,218 - INFO - ================================================================== Fold 4 ===================================================================
2023-11-23 09:55:18,094 - INFO - Epoch 1  : Training Loss: 7.2543177605, Validation Loss: 7.1760573387, Training R-squared: 0.0390815027, Validation R-squared: 0.0530434251
2023-11-23 09:55:34,789 - INFO - Epoch 2  : Training Loss: 7.0425081253, Validation Loss: 6.9459986687, Training R-squared: 0.0951757357, Validation R-squared: 0.1124669760
2023-11-23 09:55:51,699 - INFO - Epoch 3  : Training Loss: 6.8392829895, Validation Loss: 6.6486926079, Training R-squared: 0.1465268135, Validation R-squared: 0.1857783943
2023-11-23 09:56:08,398 - INFO - Epoch 4  : Training Loss: 6.5141201019, Validation Loss: 6.4788098335, Training R-squared: 0.2261575609, Validation R-squared: 0.2265348136
2023-11-23 09:56:25,546 - INFO - Epoch 5  : Training Loss: 6.4063076973, Validation Loss: 6.4414672852, Training R-squared: 0.2510441244, Validation R-squared: 0.2347591370
2023-11-23 09:56:42,433 - INFO - Epoch 6  : Training Loss: 6.3582124710, Validation Loss: 6.4387464523, Training R-squared: 0.2620548606, Validation R-squared: 0.2354444116
2023-11-23 09:56:59,145 - INFO - Epoch 7  : Training Loss: 6.3427786827, Validation Loss: 6.4385089874, Training R-squared: 0.2650475502, Validation R-squared: 0.2356097549
2023-11-23 09:57:15,746 - INFO - Epoch 8  : Training Loss: 6.3090901375, Validation Loss: 6.4288892746, Training R-squared: 0.2723996639, Validation R-squared: 0.2378081530
2023-11-23 09:57:33,113 - INFO - Epoch 9  : Training Loss: 6.2780036926, Validation Loss: 6.4145817757, Training R-squared: 0.2794339359, Validation R-squared: 0.2409101129
2023-11-23 09:57:50,150 - INFO - Epoch 10 : Training Loss: 6.2398018837, Validation Loss: 6.4131813049, Training R-squared: 0.2892913818, Validation R-squared: 0.2413750291
2023-11-23 09:58:07,309 - INFO - Epoch 11 : Training Loss: 6.2130060196, Validation Loss: 6.4038147926, Training R-squared: 0.2937288880, Validation R-squared: 0.2435498387
2023-11-23 09:58:24,199 - INFO - Epoch 12 : Training Loss: 6.1950750351, Validation Loss: 6.3931879997, Training R-squared: 0.2989048362, Validation R-squared: 0.2462334484
2023-11-23 09:58:40,859 - INFO - Epoch 13 : Training Loss: 6.1630725861, Validation Loss: 6.3739314079, Training R-squared: 0.3051936328, Validation R-squared: 0.2512086928
2023-11-23 09:58:57,748 - INFO - Epoch 14 : Training Loss: 6.1298699379, Validation Loss: 6.3614902496, Training R-squared: 0.3140374720, Validation R-squared: 0.2540217340
2023-11-23 09:59:14,391 - INFO - Epoch 15 : Training Loss: 6.0995078087, Validation Loss: 6.3560547829, Training R-squared: 0.3199529350, Validation R-squared: 0.2554148138
2023-11-23 09:59:31,596 - INFO - Epoch 16 : Training Loss: 6.0724248886, Validation Loss: 6.3407201767, Training R-squared: 0.3252865672, Validation R-squared: 0.2590346932
2023-11-23 09:59:48,381 - INFO - Epoch 17 : Training Loss: 6.0381636620, Validation Loss: 6.3359298706, Training R-squared: 0.3318995833, Validation R-squared: 0.2598965764
2023-11-23 10:00:05,188 - INFO - Epoch 18 : Training Loss: 6.0036187172, Validation Loss: 6.3206100464, Training R-squared: 0.3399903476, Validation R-squared: 0.2638166845
2023-11-23 10:00:22,274 - INFO - Epoch 19 : Training Loss: 5.9740910530, Validation Loss: 6.2948522568, Training R-squared: 0.3470065892, Validation R-squared: 0.2696504593
2023-11-23 10:00:38,992 - INFO - Epoch 20 : Training Loss: 5.9512023926, Validation Loss: 6.2696843147, Training R-squared: 0.3504175544, Validation R-squared: 0.2756850421
2023-11-23 10:00:55,687 - INFO - Epoch 21 : Training Loss: 5.9218468666, Validation Loss: 6.2663965225, Training R-squared: 0.3586080670, Validation R-squared: 0.2760060728
2023-11-23 10:01:12,780 - INFO - Epoch 22 : Training Loss: 5.8997712135, Validation Loss: 6.2256937027, Training R-squared: 0.3619768620, Validation R-squared: 0.2855529487
2023-11-23 10:01:31,449 - INFO - Epoch 23 : Training Loss: 5.8703193665, Validation Loss: 6.2244210243, Training R-squared: 0.3689616919, Validation R-squared: 0.2857012749
2023-11-23 10:01:50,742 - INFO - Epoch 24 : Training Loss: 5.8487019539, Validation Loss: 6.2095956802, Training R-squared: 0.3730483353, Validation R-squared: 0.2893132865
2023-11-23 10:02:11,337 - INFO - Epoch 25 : Training Loss: 5.8227472305, Validation Loss: 6.2180333138, Training R-squared: 0.3784744740, Validation R-squared: 0.2869054675
2023-11-23 10:02:30,566 - INFO - Epoch 26 : Training Loss: 5.8021178246, Validation Loss: 6.1915011406, Training R-squared: 0.3834403455, Validation R-squared: 0.2929255366
2023-11-23 10:02:50,015 - INFO - Epoch 27 : Training Loss: 5.7772316933, Validation Loss: 6.1786308289, Training R-squared: 0.3878023028, Validation R-squared: 0.2961150110
2023-11-23 10:03:11,555 - INFO - Epoch 28 : Training Loss: 5.7622437477, Validation Loss: 6.1641931534, Training R-squared: 0.3902564049, Validation R-squared: 0.2994496822
2023-11-23 10:03:34,029 - INFO - Epoch 29 : Training Loss: 5.7441806793, Validation Loss: 6.1641855240, Training R-squared: 0.3944858313, Validation R-squared: 0.2993462384
2023-11-23 10:03:54,734 - INFO - Epoch 30 : Training Loss: 5.7269806862, Validation Loss: 6.1503505707, Training R-squared: 0.3978713453, Validation R-squared: 0.3029343188
2023-11-23 10:04:15,502 - INFO - Epoch 31 : Training Loss: 5.7107644081, Validation Loss: 6.1666684151, Training R-squared: 0.4022519588, Validation R-squared: 0.2986688912
2023-11-23 10:04:35,296 - INFO - Epoch 32 : Training Loss: 5.6963300705, Validation Loss: 6.1786694527, Training R-squared: 0.4042955041, Validation R-squared: 0.2961087227
2023-11-23 10:04:54,426 - INFO - Epoch 33 : Training Loss: 5.6801362038, Validation Loss: 6.1693506241, Training R-squared: 0.4064360559, Validation R-squared: 0.2982469201
2023-11-23 10:05:13,820 - INFO - Epoch 34 : Training Loss: 5.6694755554, Validation Loss: 6.1708908081, Training R-squared: 0.4086562991, Validation R-squared: 0.2977713645
2023-11-23 10:05:33,999 - INFO - Epoch 35 : Training Loss: 5.6432275772, Validation Loss: 6.1783628464, Training R-squared: 0.4147310555, Validation R-squared: 0.2958306968
2023-11-23 10:05:55,875 - INFO - Model saved to models/portion_model/lunch/512_512_200_64/sparsity_25_fold_4_model.keras
2023-11-23 10:06:01,708 - INFO - Avg Metrics: RMSE: 5.0787539760, R-squared: -0.7766321262, PCC: 0.4460039739
2023-11-23 10:06:01,709 - INFO - Agg Metrics: RMSE: 6.2017653742, R-squared: 0.3017633408, PCC: 0.5509790554
2023-11-23 10:06:08,685 - INFO - ================================================================== Fold 5 ===================================================================
2023-11-23 10:06:35,572 - INFO - Epoch 1  : Training Loss: 7.2582025528, Validation Loss: 7.1525235176, Training R-squared: 0.0399942026, Validation R-squared: 0.0537536331
2023-11-23 10:06:54,749 - INFO - Epoch 2  : Training Loss: 7.0327715874, Validation Loss: 6.9204607010, Training R-squared: 0.0988198519, Validation R-squared: 0.1149514467
2023-11-23 10:07:14,006 - INFO - Epoch 3  : Training Loss: 6.7782135010, Validation Loss: 6.5452065468, Training R-squared: 0.1638470441, Validation R-squared: 0.2082051933
2023-11-23 10:07:33,535 - INFO - Epoch 4  : Training Loss: 6.4574437141, Validation Loss: 6.4256105423, Training R-squared: 0.2411763817, Validation R-squared: 0.2369868159
2023-11-23 10:07:52,503 - INFO - Epoch 5  : Training Loss: 6.3732171059, Validation Loss: 6.4184360504, Training R-squared: 0.2583390474, Validation R-squared: 0.2382515222
2023-11-23 10:08:11,327 - INFO - Epoch 6  : Training Loss: 6.3320379257, Validation Loss: 6.4029436111, Training R-squared: 0.2690728307, Validation R-squared: 0.2420884967
2023-11-23 10:08:31,031 - INFO - Epoch 7  : Training Loss: 6.3015398979, Validation Loss: 6.3876833916, Training R-squared: 0.2774897814, Validation R-squared: 0.2456022352
2023-11-23 10:08:49,987 - INFO - Epoch 8  : Training Loss: 6.2605729103, Validation Loss: 6.3744397163, Training R-squared: 0.2843936384, Validation R-squared: 0.2484114468
2023-11-23 10:09:09,205 - INFO - Epoch 9  : Training Loss: 6.2248654366, Validation Loss: 6.3656744957, Training R-squared: 0.2930783927, Validation R-squared: 0.2505624890
2023-11-23 10:09:28,471 - INFO - Epoch 10 : Training Loss: 6.1999988556, Validation Loss: 6.3548679352, Training R-squared: 0.2990356982, Validation R-squared: 0.2529300153
2023-11-23 10:09:48,733 - INFO - Epoch 11 : Training Loss: 6.1635665894, Validation Loss: 6.3427786827, Training R-squared: 0.3069933057, Validation R-squared: 0.2554494441
2023-11-23 10:10:08,083 - INFO - Epoch 12 : Training Loss: 6.1205635071, Validation Loss: 6.3039550781, Training R-squared: 0.3168219030, Validation R-squared: 0.2647733986
2023-11-23 10:10:26,495 - INFO - Epoch 13 : Training Loss: 6.0730462074, Validation Loss: 6.2729444504, Training R-squared: 0.3274705112, Validation R-squared: 0.2719323635
2023-11-23 10:10:44,990 - INFO - Epoch 14 : Training Loss: 6.0151371956, Validation Loss: 6.2454962730, Training R-squared: 0.3385175765, Validation R-squared: 0.2780192792
2023-11-23 10:11:03,512 - INFO - Epoch 15 : Training Loss: 5.9740891457, Validation Loss: 6.2184329033, Training R-squared: 0.3483543396, Validation R-squared: 0.2841472626
2023-11-23 10:11:22,217 - INFO - Epoch 16 : Training Loss: 5.9404630661, Validation Loss: 6.2201123238, Training R-squared: 0.3542928100, Validation R-squared: 0.2835977972
2023-11-23 10:11:40,694 - INFO - Epoch 17 : Training Loss: 5.9113349915, Validation Loss: 6.2117390633, Training R-squared: 0.3608096540, Validation R-squared: 0.2853194475
2023-11-23 10:11:59,096 - INFO - Epoch 18 : Training Loss: 5.8937845230, Validation Loss: 6.1964511871, Training R-squared: 0.3646633327, Validation R-squared: 0.2891449928
2023-11-23 10:12:17,599 - INFO - Epoch 19 : Training Loss: 5.8670353889, Validation Loss: 6.2007341385, Training R-squared: 0.3705506027, Validation R-squared: 0.2881068587
2023-11-23 10:12:35,948 - INFO - Epoch 20 : Training Loss: 5.8494691849, Validation Loss: 6.1844024658, Training R-squared: 0.3739513159, Validation R-squared: 0.2917344570
2023-11-23 10:12:54,602 - INFO - Epoch 21 : Training Loss: 5.8292298317, Validation Loss: 6.1875882149, Training R-squared: 0.3783233166, Validation R-squared: 0.2910897434
2023-11-23 10:13:12,846 - INFO - Epoch 22 : Training Loss: 5.8015923500, Validation Loss: 6.2021374702, Training R-squared: 0.3840814829, Validation R-squared: 0.2874865532
2023-11-23 10:13:31,717 - INFO - Epoch 23 : Training Loss: 5.7809252739, Validation Loss: 6.1649656296, Training R-squared: 0.3875557482, Validation R-squared: 0.2962232828
2023-11-23 10:13:50,711 - INFO - Epoch 24 : Training Loss: 5.7530412674, Validation Loss: 6.1703743935, Training R-squared: 0.3934337199, Validation R-squared: 0.2947269976
2023-11-23 10:14:09,807 - INFO - Epoch 25 : Training Loss: 5.7313151360, Validation Loss: 6.1523165703, Training R-squared: 0.3987270296, Validation R-squared: 0.2988031209
2023-11-23 10:14:28,206 - INFO - Epoch 26 : Training Loss: 5.7037782669, Validation Loss: 6.1918969154, Training R-squared: 0.4051585197, Validation R-squared: 0.2892952561
2023-11-23 10:14:46,678 - INFO - Epoch 27 : Training Loss: 5.6861524582, Validation Loss: 6.1296186447, Training R-squared: 0.4077761173, Validation R-squared: 0.3038907349
2023-11-23 10:15:05,053 - INFO - Epoch 28 : Training Loss: 5.6551084518, Validation Loss: 6.1170239449, Training R-squared: 0.4131630659, Validation R-squared: 0.3066679239
2023-11-23 10:15:24,117 - INFO - Epoch 29 : Training Loss: 5.6313180923, Validation Loss: 6.0996012688, Training R-squared: 0.4187458754, Validation R-squared: 0.3107555211
2023-11-23 10:15:42,396 - INFO - Epoch 30 : Training Loss: 5.6170110703, Validation Loss: 6.1208887100, Training R-squared: 0.4213124216, Validation R-squared: 0.3055863082
2023-11-23 10:16:00,748 - INFO - Epoch 31 : Training Loss: 5.5918126106, Validation Loss: 6.1091799736, Training R-squared: 0.4255147278, Validation R-squared: 0.3079580069
2023-11-23 10:16:19,279 - INFO - Epoch 32 : Training Loss: 5.5794091225, Validation Loss: 6.1241588593, Training R-squared: 0.4297878742, Validation R-squared: 0.3045501411
2023-11-23 10:16:37,631 - INFO - Epoch 33 : Training Loss: 5.5586900711, Validation Loss: 6.1439247131, Training R-squared: 0.4343053102, Validation R-squared: 0.2995092571
2023-11-23 10:16:56,085 - INFO - Epoch 34 : Training Loss: 5.5342607498, Validation Loss: 6.1250696182, Training R-squared: 0.4369683564, Validation R-squared: 0.3040129840
2023-11-23 10:17:15,468 - INFO - Model saved to models/portion_model/lunch/512_512_200_64/sparsity_25_fold_5_model.keras
2023-11-23 10:17:21,822 - INFO - Avg Metrics: RMSE: 4.9867265589, R-squared: -1.7782706308, PCC: 0.4591938011
2023-11-23 10:17:21,822 - INFO - Agg Metrics: RMSE: 6.1621638404, R-squared: 0.3070770206, PCC: 0.5589230992
2023-11-23 10:17:39,089 - INFO - ================================================================== Results Summary ===================================================================
2023-11-23 10:17:39,090 - INFO - CrossVal Metrics (Avg.) - RMSE: 4.9350466155 ± 0.0911891171, R2: -0.8428007545 ± 0.0911891171, PCC: 0.4835001897 ± 0.0911891171
2023-11-23 10:17:39,090 - INFO - Testing  Metrics (Avg.) - RMSE: 4.9308420425, R2: -0.0415408873, PCC: 0.4749515686
2023-11-23 10:17:39,091 - INFO - CrossVal Metrics (Agg.) - RMSE: 6.1089763340 ± 0.0911891171, R2: 0.3282270019 ± 0.0911891171, PCC: 0.5767445012 ± 0.0911891171
2023-11-23 10:17:39,091 - INFO - Testing  Metrics (Agg.) - RMSE: 6.0817006773, R2: 0.3165504261, PCC: 0.5703442590
