2023-11-23 04:43:48,405 - INFO - Training model at 10% sparse columns removed...
2023-11-23 04:43:58,368 - INFO - ================================================================== Fold 1 ===================================================================
2023-11-23 04:44:29,735 - INFO - Epoch 1  : Training Loss: 6.6452322006, Validation Loss: 6.5937213898, Training R-squared: 0.0387562141, Validation R-squared: 0.0551401377
2023-11-23 04:44:52,013 - INFO - Epoch 2  : Training Loss: 6.4431700706, Validation Loss: 6.3724894524, Training R-squared: 0.0964072198, Validation R-squared: 0.1179626957
2023-11-23 04:45:13,908 - INFO - Epoch 3  : Training Loss: 6.2655305862, Validation Loss: 6.0851511955, Training R-squared: 0.1472049654, Validation R-squared: 0.1959650815
2023-11-23 04:45:36,122 - INFO - Epoch 4  : Training Loss: 5.9695334435, Validation Loss: 5.9336905479, Training R-squared: 0.2254514247, Validation R-squared: 0.2348561287
2023-11-23 04:45:58,144 - INFO - Epoch 5  : Training Loss: 5.8725762367, Validation Loss: 5.8895883560, Training R-squared: 0.2501559258, Validation R-squared: 0.2462394387
2023-11-23 04:46:20,546 - INFO - Epoch 6  : Training Loss: 5.8344321251, Validation Loss: 5.8852248192, Training R-squared: 0.2595228255, Validation R-squared: 0.2469827980
2023-11-23 04:46:42,576 - INFO - Epoch 7  : Training Loss: 5.8018169403, Validation Loss: 5.8627758026, Training R-squared: 0.2684749961, Validation R-squared: 0.2531608045
2023-11-23 04:47:04,482 - INFO - Epoch 8  : Training Loss: 5.7623562813, Validation Loss: 5.8493990898, Training R-squared: 0.2759388387, Validation R-squared: 0.2562837303
2023-11-23 04:47:27,202 - INFO - Epoch 9  : Training Loss: 5.7292733192, Validation Loss: 5.8427195549, Training R-squared: 0.2854852080, Validation R-squared: 0.2580266595
2023-11-23 04:47:48,824 - INFO - Epoch 10 : Training Loss: 5.6996440887, Validation Loss: 5.8234405518, Training R-squared: 0.2936578095, Validation R-squared: 0.2631966770
2023-11-23 04:48:10,692 - INFO - Epoch 11 : Training Loss: 5.6697516441, Validation Loss: 5.8086662292, Training R-squared: 0.3017399609, Validation R-squared: 0.2667514682
2023-11-23 04:48:32,993 - INFO - Epoch 12 : Training Loss: 5.6343736649, Validation Loss: 5.7987537384, Training R-squared: 0.3087417781, Validation R-squared: 0.2690017819
2023-11-23 04:48:55,073 - INFO - Epoch 13 : Training Loss: 5.6043310165, Validation Loss: 5.7820267677, Training R-squared: 0.3148519993, Validation R-squared: 0.2734413445
2023-11-23 04:49:17,371 - INFO - Epoch 14 : Training Loss: 5.5845966339, Validation Loss: 5.7753787041, Training R-squared: 0.3212038577, Validation R-squared: 0.2749719322
2023-11-23 04:49:39,122 - INFO - Epoch 15 : Training Loss: 5.5639996529, Validation Loss: 5.7851901054, Training R-squared: 0.3244382143, Validation R-squared: 0.2720635533
2023-11-23 04:50:01,148 - INFO - Epoch 16 : Training Loss: 5.5367650986, Validation Loss: 5.7663154602, Training R-squared: 0.3312000334, Validation R-squared: 0.2770823836
2023-11-23 04:50:23,689 - INFO - Epoch 17 : Training Loss: 5.5174536705, Validation Loss: 5.7552475929, Training R-squared: 0.3366887271, Validation R-squared: 0.2797185481
2023-11-23 04:50:45,501 - INFO - Epoch 18 : Training Loss: 5.4999351501, Validation Loss: 5.7452764511, Training R-squared: 0.3415751457, Validation R-squared: 0.2819177210
2023-11-23 04:51:07,646 - INFO - Epoch 19 : Training Loss: 5.4715189934, Validation Loss: 5.7370338440, Training R-squared: 0.3478685319, Validation R-squared: 0.2835605145
2023-11-23 04:51:30,127 - INFO - Epoch 20 : Training Loss: 5.4523186684, Validation Loss: 5.7274918556, Training R-squared: 0.3515571356, Validation R-squared: 0.2860406339
2023-11-23 04:51:52,501 - INFO - Epoch 21 : Training Loss: 5.4216990471, Validation Loss: 5.6905150414, Training R-squared: 0.3590120077, Validation R-squared: 0.2955920100
2023-11-23 04:52:15,042 - INFO - Epoch 22 : Training Loss: 5.3975467682, Validation Loss: 5.6835608482, Training R-squared: 0.3649222255, Validation R-squared: 0.2970536351
2023-11-23 04:52:37,449 - INFO - Epoch 23 : Training Loss: 5.3574547768, Validation Loss: 5.6689829826, Training R-squared: 0.3714193404, Validation R-squared: 0.3006453514
2023-11-23 04:52:59,332 - INFO - Epoch 24 : Training Loss: 5.3380360603, Validation Loss: 5.6582689285, Training R-squared: 0.3790988326, Validation R-squared: 0.3028809130
2023-11-23 04:53:21,877 - INFO - Epoch 25 : Training Loss: 5.3055977821, Validation Loss: 5.6493511200, Training R-squared: 0.3846755028, Validation R-squared: 0.3048761487
2023-11-23 04:53:44,363 - INFO - Epoch 26 : Training Loss: 5.2806577682, Validation Loss: 5.6187925339, Training R-squared: 0.3906335831, Validation R-squared: 0.3127472699
2023-11-23 04:54:08,161 - INFO - Epoch 27 : Training Loss: 5.2606029510, Validation Loss: 5.6374468803, Training R-squared: 0.3955217898, Validation R-squared: 0.3077280521
2023-11-23 04:54:30,429 - INFO - Epoch 28 : Training Loss: 5.2416834831, Validation Loss: 5.6027755737, Training R-squared: 0.4001715183, Validation R-squared: 0.3169039190
2023-11-23 04:54:52,790 - INFO - Epoch 29 : Training Loss: 5.2284455299, Validation Loss: 5.5968389511, Training R-squared: 0.4018592536, Validation R-squared: 0.3179475367
2023-11-23 04:55:14,705 - INFO - Epoch 30 : Training Loss: 5.2092823982, Validation Loss: 5.5954766273, Training R-squared: 0.4062365890, Validation R-squared: 0.3180650771
2023-11-23 04:55:37,136 - INFO - Epoch 31 : Training Loss: 5.1888322830, Validation Loss: 5.6096405983, Training R-squared: 0.4104073346, Validation R-squared: 0.3141879737
2023-11-23 04:55:59,406 - INFO - Epoch 32 : Training Loss: 5.1723065376, Validation Loss: 5.5721306801, Training R-squared: 0.4155991375, Validation R-squared: 0.3240558803
2023-11-23 04:56:21,991 - INFO - Epoch 33 : Training Loss: 5.1538205147, Validation Loss: 5.5723781586, Training R-squared: 0.4186067283, Validation R-squared: 0.3237017095
2023-11-23 04:56:44,038 - INFO - Epoch 34 : Training Loss: 5.1429719925, Validation Loss: 5.5812344551, Training R-squared: 0.4213123620, Validation R-squared: 0.3211726248
2023-11-23 04:57:06,444 - INFO - Epoch 35 : Training Loss: 5.1280102730, Validation Loss: 5.5600142479, Training R-squared: 0.4249031246, Validation R-squared: 0.3267189264
2023-11-23 04:57:28,914 - INFO - Epoch 36 : Training Loss: 5.1109127998, Validation Loss: 5.5718050003, Training R-squared: 0.4290085137, Validation R-squared: 0.3234040737
2023-11-23 04:57:51,654 - INFO - Epoch 37 : Training Loss: 5.0963735580, Validation Loss: 5.5701646805, Training R-squared: 0.4315614998, Validation R-squared: 0.3239662051
2023-11-23 04:58:14,036 - INFO - Epoch 38 : Training Loss: 5.0827245712, Validation Loss: 5.5890130997, Training R-squared: 0.4335036576, Validation R-squared: 0.3185846508
2023-11-23 04:58:36,338 - INFO - Epoch 39 : Training Loss: 5.0772695541, Validation Loss: 5.5553421974, Training R-squared: 0.4361098409, Validation R-squared: 0.3271167874
2023-11-23 04:58:58,541 - INFO - Epoch 40 : Training Loss: 5.0624370575, Validation Loss: 5.5627417564, Training R-squared: 0.4388197362, Validation R-squared: 0.3251601160
2023-11-23 04:59:20,865 - INFO - Epoch 41 : Training Loss: 5.0447568893, Validation Loss: 5.5404081345, Training R-squared: 0.4409571290, Validation R-squared: 0.3310320675
2023-11-23 04:59:43,192 - INFO - Epoch 42 : Training Loss: 5.0445208549, Validation Loss: 5.5654897690, Training R-squared: 0.4424248338, Validation R-squared: 0.3240671158
2023-11-23 05:00:05,432 - INFO - Epoch 43 : Training Loss: 5.0314235687, Validation Loss: 5.5881838799, Training R-squared: 0.4450261593, Validation R-squared: 0.3185888827
2023-11-23 05:00:28,026 - INFO - Epoch 44 : Training Loss: 5.0173740387, Validation Loss: 5.5702209473, Training R-squared: 0.4484963119, Validation R-squared: 0.3226897120
2023-11-23 05:00:50,025 - INFO - Epoch 45 : Training Loss: 5.0047736168, Validation Loss: 5.5046567917, Training R-squared: 0.4516309798, Validation R-squared: 0.3397339284
2023-11-23 05:01:12,127 - INFO - Epoch 46 : Training Loss: 4.9875254631, Validation Loss: 5.5447330475, Training R-squared: 0.4541039765, Validation R-squared: 0.3291348815
2023-11-23 05:01:34,827 - INFO - Epoch 47 : Training Loss: 4.9829111099, Validation Loss: 5.5857224464, Training R-squared: 0.4551864862, Validation R-squared: 0.3181508482
2023-11-23 05:01:56,934 - INFO - Epoch 48 : Training Loss: 4.9731225967, Validation Loss: 5.5274734497, Training R-squared: 0.4567570090, Validation R-squared: 0.3328549564
2023-11-23 05:02:19,569 - INFO - Epoch 49 : Training Loss: 4.9630627632, Validation Loss: 5.5215826035, Training R-squared: 0.4591751695, Validation R-squared: 0.3346604407
2023-11-23 05:02:41,668 - INFO - Epoch 50 : Training Loss: 4.9527745247, Validation Loss: 5.5309247971, Training R-squared: 0.4606772661, Validation R-squared: 0.3318448663
2023-11-23 05:03:03,759 - INFO - Model saved to models/portion_model/lunch/512_512_200_64/sparsity_10_fold_1_model.keras
2023-11-23 05:03:09,385 - INFO - Avg Metrics: RMSE: 4.5335208552, R-squared: 0.0526485439, PCC: 0.4829177075
2023-11-23 05:03:09,386 - INFO - Agg Metrics: RMSE: 5.5625558928, R-squared: 0.3372156324, PCC: 0.5821862019
2023-11-23 05:03:16,711 - INFO - ================================================================== Fold 2 ===================================================================
2023-11-23 05:03:50,446 - INFO - Epoch 1  : Training Loss: 6.6534228325, Validation Loss: 6.5287132263, Training R-squared: 0.0403958298, Validation R-squared: 0.0570116341
2023-11-23 05:04:13,158 - INFO - Epoch 2  : Training Loss: 6.4340190887, Validation Loss: 6.2723107338, Training R-squared: 0.1046245992, Validation R-squared: 0.1300647110
2023-11-23 05:04:35,230 - INFO - Epoch 3  : Training Loss: 6.1671123505, Validation Loss: 5.9777803421, Training R-squared: 0.1760515571, Validation R-squared: 0.2097394615
2023-11-23 05:04:57,317 - INFO - Epoch 4  : Training Loss: 5.9916429520, Validation Loss: 5.9348492622, Training R-squared: 0.2230976373, Validation R-squared: 0.2213139385
2023-11-23 05:05:20,012 - INFO - Epoch 5  : Training Loss: 5.9102153778, Validation Loss: 5.8760385513, Training R-squared: 0.2441293597, Validation R-squared: 0.2364335954
2023-11-23 05:05:41,951 - INFO - Epoch 6  : Training Loss: 5.8405632973, Validation Loss: 5.8579268456, Training R-squared: 0.2604463696, Validation R-squared: 0.2414014339
2023-11-23 05:06:04,180 - INFO - Epoch 7  : Training Loss: 5.8095335960, Validation Loss: 5.8529434204, Training R-squared: 0.2686329484, Validation R-squared: 0.2425414920
2023-11-23 05:06:26,591 - INFO - Epoch 8  : Training Loss: 5.7813081741, Validation Loss: 5.8476409912, Training R-squared: 0.2749530375, Validation R-squared: 0.2437092662
2023-11-23 05:06:48,740 - INFO - Epoch 9  : Training Loss: 5.7659058571, Validation Loss: 5.8413767815, Training R-squared: 0.2795723379, Validation R-squared: 0.2450971454
2023-11-23 05:07:10,448 - INFO - Epoch 10 : Training Loss: 5.7314310074, Validation Loss: 5.8310770988, Training R-squared: 0.2873410881, Validation R-squared: 0.2481633425
2023-11-23 05:07:33,411 - INFO - Epoch 11 : Training Loss: 5.7026877403, Validation Loss: 5.8280200958, Training R-squared: 0.2951687872, Validation R-squared: 0.2486115843
2023-11-23 05:07:55,343 - INFO - Epoch 12 : Training Loss: 5.6821856499, Validation Loss: 5.8209834099, Training R-squared: 0.2988469899, Validation R-squared: 0.2504989803
2023-11-23 05:08:17,738 - INFO - Epoch 13 : Training Loss: 5.6600003242, Validation Loss: 5.8147792816, Training R-squared: 0.3054173887, Validation R-squared: 0.2519872785
2023-11-23 05:08:39,853 - INFO - Epoch 14 : Training Loss: 5.6364831924, Validation Loss: 5.7996101379, Training R-squared: 0.3112927675, Validation R-squared: 0.2558730245
2023-11-23 05:09:02,108 - INFO - Epoch 15 : Training Loss: 5.6093683243, Validation Loss: 5.7967557907, Training R-squared: 0.3172973394, Validation R-squared: 0.2562116981
2023-11-23 05:09:24,378 - INFO - Epoch 16 : Training Loss: 5.5738496780, Validation Loss: 5.7773022652, Training R-squared: 0.3242534101, Validation R-squared: 0.2614500523
2023-11-23 05:09:46,188 - INFO - Epoch 17 : Training Loss: 5.5519032478, Validation Loss: 5.7695684433, Training R-squared: 0.3307323158, Validation R-squared: 0.2633130550
2023-11-23 05:10:08,513 - INFO - Epoch 18 : Training Loss: 5.5203528404, Validation Loss: 5.7560038567, Training R-squared: 0.3376494944, Validation R-squared: 0.2665268183
2023-11-23 05:10:30,566 - INFO - Epoch 19 : Training Loss: 5.4925498962, Validation Loss: 5.7383623123, Training R-squared: 0.3449829817, Validation R-squared: 0.2711153924
2023-11-23 05:10:52,641 - INFO - Epoch 20 : Training Loss: 5.4697828293, Validation Loss: 5.7666397095, Training R-squared: 0.3502841294, Validation R-squared: 0.2628131509
2023-11-23 05:11:14,980 - INFO - Epoch 21 : Training Loss: 5.4437618256, Validation Loss: 5.7351765633, Training R-squared: 0.3549004197, Validation R-squared: 0.2711395919
2023-11-23 05:11:37,306 - INFO - Epoch 22 : Training Loss: 5.4205188751, Validation Loss: 5.7365670204, Training R-squared: 0.3614833057, Validation R-squared: 0.2706007957
2023-11-23 05:11:59,820 - INFO - Epoch 23 : Training Loss: 5.4007573128, Validation Loss: 5.7101516724, Training R-squared: 0.3659557998, Validation R-squared: 0.2777208388
2023-11-23 05:12:22,167 - INFO - Epoch 24 : Training Loss: 5.3774023056, Validation Loss: 5.7199583054, Training R-squared: 0.3705328405, Validation R-squared: 0.2749868333
2023-11-23 05:12:44,525 - INFO - Epoch 25 : Training Loss: 5.3592691422, Validation Loss: 5.6955442429, Training R-squared: 0.3754205406, Validation R-squared: 0.2814410627
2023-11-23 05:13:06,364 - INFO - Epoch 26 : Training Loss: 5.3333244324, Validation Loss: 5.6804184914, Training R-squared: 0.3813229501, Validation R-squared: 0.2851602137
2023-11-23 05:13:29,084 - INFO - Epoch 27 : Training Loss: 5.3107652664, Validation Loss: 5.6864647865, Training R-squared: 0.3865062594, Validation R-squared: 0.2834555209
2023-11-23 05:13:51,973 - INFO - Epoch 28 : Training Loss: 5.2933955193, Validation Loss: 5.6675028801, Training R-squared: 0.3902274072, Validation R-squared: 0.2884068787
2023-11-23 05:14:14,854 - INFO - Epoch 29 : Training Loss: 5.2691588402, Validation Loss: 5.6911849976, Training R-squared: 0.3961502910, Validation R-squared: 0.2815572321
2023-11-23 05:14:36,891 - INFO - Epoch 30 : Training Loss: 5.2511048317, Validation Loss: 5.6525330544, Training R-squared: 0.3988070488, Validation R-squared: 0.2919460833
2023-11-23 05:14:59,332 - INFO - Epoch 31 : Training Loss: 5.2322177887, Validation Loss: 5.6352539062, Training R-squared: 0.4047541916, Validation R-squared: 0.2965552211
2023-11-23 05:15:22,263 - INFO - Epoch 32 : Training Loss: 5.2125349045, Validation Loss: 5.6438984871, Training R-squared: 0.4079589546, Validation R-squared: 0.2940654457
2023-11-23 05:15:45,670 - INFO - Epoch 33 : Training Loss: 5.1967744827, Validation Loss: 5.6134819984, Training R-squared: 0.4115265906, Validation R-squared: 0.3018752337
2023-11-23 05:16:08,084 - INFO - Epoch 34 : Training Loss: 5.1729998589, Validation Loss: 5.6306405067, Training R-squared: 0.4166067243, Validation R-squared: 0.2971726060
2023-11-23 05:16:30,504 - INFO - Epoch 35 : Training Loss: 5.1590232849, Validation Loss: 5.6178121567, Training R-squared: 0.4191557169, Validation R-squared: 0.3005755246
2023-11-23 05:16:52,520 - INFO - Epoch 36 : Training Loss: 5.1446623802, Validation Loss: 5.6151742935, Training R-squared: 0.4220596552, Validation R-squared: 0.3010882139
2023-11-23 05:17:14,802 - INFO - Epoch 37 : Training Loss: 5.1312041283, Validation Loss: 5.6119995117, Training R-squared: 0.4258007705, Validation R-squared: 0.3017831743
2023-11-23 05:17:37,257 - INFO - Epoch 38 : Training Loss: 5.1140208244, Validation Loss: 5.5989413261, Training R-squared: 0.4296610057, Validation R-squared: 0.3050991595
2023-11-23 05:17:59,870 - INFO - Epoch 39 : Training Loss: 5.0998516083, Validation Loss: 5.6262545586, Training R-squared: 0.4325379133, Validation R-squared: 0.2977294624
2023-11-23 05:18:22,612 - INFO - Epoch 40 : Training Loss: 5.0875711441, Validation Loss: 5.6004648209, Training R-squared: 0.4355948865, Validation R-squared: 0.3041413724
2023-11-23 05:18:44,951 - INFO - Epoch 41 : Training Loss: 5.0672187805, Validation Loss: 5.6110115051, Training R-squared: 0.4396779835, Validation R-squared: 0.3014226556
2023-11-23 05:19:07,121 - INFO - Epoch 42 : Training Loss: 5.0539884567, Validation Loss: 5.5843639374, Training R-squared: 0.4408080876, Validation R-squared: 0.3080612719
2023-11-23 05:19:29,646 - INFO - Epoch 43 : Training Loss: 5.0392508507, Validation Loss: 5.6014537811, Training R-squared: 0.4464737177, Validation R-squared: 0.3038103878
2023-11-23 05:19:50,556 - INFO - Epoch 44 : Training Loss: 5.0274791718, Validation Loss: 5.6222400665, Training R-squared: 0.4479539990, Validation R-squared: 0.2974441648
2023-11-23 05:20:11,047 - INFO - Epoch 45 : Training Loss: 5.0121345520, Validation Loss: 5.5785398483, Training R-squared: 0.4504950345, Validation R-squared: 0.3093199134
2023-11-23 05:20:31,794 - INFO - Epoch 46 : Training Loss: 4.9955062866, Validation Loss: 5.6118574142, Training R-squared: 0.4542962909, Validation R-squared: 0.3001883328
2023-11-23 05:20:52,341 - INFO - Epoch 47 : Training Loss: 4.9805669785, Validation Loss: 5.5616831779, Training R-squared: 0.4569919705, Validation R-squared: 0.3135138750
2023-11-23 05:21:12,811 - INFO - Epoch 48 : Training Loss: 4.9640245438, Validation Loss: 5.5360808372, Training R-squared: 0.4606352150, Validation R-squared: 0.3200721741
2023-11-23 05:21:33,658 - INFO - Epoch 49 : Training Loss: 4.9518775940, Validation Loss: 5.5525488853, Training R-squared: 0.4625808895, Validation R-squared: 0.3155441880
2023-11-23 05:21:54,717 - INFO - Epoch 50 : Training Loss: 4.9424691200, Validation Loss: 5.5393061638, Training R-squared: 0.4662365019, Validation R-squared: 0.3186572790
2023-11-23 05:22:15,356 - INFO - Epoch 51 : Training Loss: 4.9260177612, Validation Loss: 5.5861725807, Training R-squared: 0.4698970020, Validation R-squared: 0.3065435886
2023-11-23 05:22:36,073 - INFO - Epoch 52 : Training Loss: 4.9196581841, Validation Loss: 5.5706124306, Training R-squared: 0.4706274867, Validation R-squared: 0.3105242252
2023-11-23 05:22:56,942 - INFO - Epoch 53 : Training Loss: 4.9010047913, Validation Loss: 5.5704078674, Training R-squared: 0.4733798206, Validation R-squared: 0.3102116585
2023-11-23 05:23:16,612 - INFO - Model saved to models/portion_model/lunch/512_512_200_64/sparsity_10_fold_2_model.keras
2023-11-23 05:23:22,226 - INFO - Avg Metrics: RMSE: 4.5133800395, R-squared: -0.2051443072, PCC: 0.4838881549
2023-11-23 05:23:22,226 - INFO - Agg Metrics: RMSE: 5.6149388193, R-squared: 0.3143590857, PCC: 0.5703121582
2023-11-23 05:23:28,205 - INFO - ================================================================== Fold 3 ===================================================================
2023-11-23 05:24:00,470 - INFO - Epoch 1  : Training Loss: 6.6125712395, Validation Loss: 6.6630377769, Training R-squared: 0.0397173315, Validation R-squared: 0.0598895140
2023-11-23 05:24:21,172 - INFO - Epoch 2  : Training Loss: 6.4039726257, Validation Loss: 6.4357991219, Training R-squared: 0.1016696021, Validation R-squared: 0.1231899261
2023-11-23 05:24:41,552 - INFO - Epoch 3  : Training Loss: 6.1618542671, Validation Loss: 6.0898528099, Training R-squared: 0.1680261791, Validation R-squared: 0.2155449390
2023-11-23 05:25:02,068 - INFO - Epoch 4  : Training Loss: 5.9149694443, Validation Loss: 6.0084366798, Training R-squared: 0.2347772568, Validation R-squared: 0.2374612838
2023-11-23 05:25:22,578 - INFO - Epoch 5  : Training Loss: 5.8257679939, Validation Loss: 5.9873585701, Training R-squared: 0.2569337487, Validation R-squared: 0.2425773293
2023-11-23 05:25:43,169 - INFO - Epoch 6  : Training Loss: 5.7856001854, Validation Loss: 5.9680352211, Training R-squared: 0.2645926476, Validation R-squared: 0.2471589744
2023-11-23 05:26:03,858 - INFO - Epoch 7  : Training Loss: 5.7594103813, Validation Loss: 5.9654030800, Training R-squared: 0.2721700966, Validation R-squared: 0.2484827638
2023-11-23 05:26:24,966 - INFO - Epoch 8  : Training Loss: 5.7187404633, Validation Loss: 5.9447860718, Training R-squared: 0.2817399502, Validation R-squared: 0.2526907027
2023-11-23 05:26:45,734 - INFO - Epoch 9  : Training Loss: 5.6966834068, Validation Loss: 5.9397401810, Training R-squared: 0.2881374061, Validation R-squared: 0.2541134953
2023-11-23 05:27:06,185 - INFO - Epoch 10 : Training Loss: 5.6722669601, Validation Loss: 5.9304680824, Training R-squared: 0.2939848006, Validation R-squared: 0.2562894821
2023-11-23 05:27:27,413 - INFO - Epoch 11 : Training Loss: 5.6469783783, Validation Loss: 5.9236459732, Training R-squared: 0.3012769818, Validation R-squared: 0.2576894760
2023-11-23 05:27:47,982 - INFO - Epoch 12 : Training Loss: 5.6159343719, Validation Loss: 5.8960747719, Training R-squared: 0.3085195124, Validation R-squared: 0.2650254369
2023-11-23 05:28:08,677 - INFO - Epoch 13 : Training Loss: 5.5780096054, Validation Loss: 5.8915228844, Training R-squared: 0.3164774477, Validation R-squared: 0.2661404312
2023-11-23 05:28:29,384 - INFO - Epoch 14 : Training Loss: 5.5599765778, Validation Loss: 5.8831648827, Training R-squared: 0.3204022944, Validation R-squared: 0.2688098252
2023-11-23 05:28:50,005 - INFO - Epoch 15 : Training Loss: 5.5396013260, Validation Loss: 5.8789968491, Training R-squared: 0.3259640038, Validation R-squared: 0.2696706057
2023-11-23 05:29:10,751 - INFO - Epoch 16 : Training Loss: 5.5101261139, Validation Loss: 5.8747944832, Training R-squared: 0.3332132697, Validation R-squared: 0.2702986002
2023-11-23 05:29:32,028 - INFO - Epoch 17 : Training Loss: 5.4804420471, Validation Loss: 5.8516445160, Training R-squared: 0.3398371935, Validation R-squared: 0.2758658528
2023-11-23 05:29:52,801 - INFO - Epoch 18 : Training Loss: 5.4440388680, Validation Loss: 5.8531236649, Training R-squared: 0.3476397991, Validation R-squared: 0.2750486434
2023-11-23 05:30:13,323 - INFO - Epoch 19 : Training Loss: 5.4173779488, Validation Loss: 5.8263406754, Training R-squared: 0.3555725515, Validation R-squared: 0.2817922235
2023-11-23 05:30:34,051 - INFO - Epoch 20 : Training Loss: 5.3828883171, Validation Loss: 5.8091144562, Training R-squared: 0.3624784350, Validation R-squared: 0.2864814699
2023-11-23 05:30:54,574 - INFO - Epoch 21 : Training Loss: 5.3568892479, Validation Loss: 5.7870092392, Training R-squared: 0.3678867519, Validation R-squared: 0.2919576764
2023-11-23 05:31:15,251 - INFO - Epoch 22 : Training Loss: 5.3381967545, Validation Loss: 5.7954840660, Training R-squared: 0.3739347756, Validation R-squared: 0.2892493606
2023-11-23 05:31:36,183 - INFO - Epoch 23 : Training Loss: 5.3204379082, Validation Loss: 5.8033099174, Training R-squared: 0.3765048683, Validation R-squared: 0.2868870795
2023-11-23 05:31:56,856 - INFO - Epoch 24 : Training Loss: 5.2924218178, Validation Loss: 5.7847547531, Training R-squared: 0.3826303482, Validation R-squared: 0.2919188738
2023-11-23 05:32:17,658 - INFO - Epoch 25 : Training Loss: 5.2831521034, Validation Loss: 5.7882452011, Training R-squared: 0.3857384324, Validation R-squared: 0.2905047834
2023-11-23 05:32:38,283 - INFO - Epoch 26 : Training Loss: 5.2627673149, Validation Loss: 5.7817969322, Training R-squared: 0.3904168308, Validation R-squared: 0.2923325896
2023-11-23 05:32:58,925 - INFO - Epoch 27 : Training Loss: 5.2446823120, Validation Loss: 5.7766499519, Training R-squared: 0.3942657113, Validation R-squared: 0.2936128378
2023-11-23 05:33:19,785 - INFO - Epoch 28 : Training Loss: 5.2288923264, Validation Loss: 5.7850852013, Training R-squared: 0.3975081146, Validation R-squared: 0.2912394106
2023-11-23 05:33:40,344 - INFO - Epoch 29 : Training Loss: 5.2163820267, Validation Loss: 5.7758226395, Training R-squared: 0.4000958204, Validation R-squared: 0.2938891053
2023-11-23 05:34:02,296 - INFO - Epoch 30 : Training Loss: 5.2051296234, Validation Loss: 5.7705421448, Training R-squared: 0.4031034112, Validation R-squared: 0.2949786782
2023-11-23 05:34:23,056 - INFO - Epoch 31 : Training Loss: 5.1868739128, Validation Loss: 5.7885127068, Training R-squared: 0.4061349034, Validation R-squared: 0.2900672555
2023-11-23 05:34:43,561 - INFO - Epoch 32 : Training Loss: 5.1721620560, Validation Loss: 5.7487726212, Training R-squared: 0.4108793139, Validation R-squared: 0.3000273407
2023-11-23 05:35:04,278 - INFO - Epoch 33 : Training Loss: 5.1607046127, Validation Loss: 5.7761001587, Training R-squared: 0.4128637016, Validation R-squared: 0.2929036319
2023-11-23 05:35:25,437 - INFO - Epoch 34 : Training Loss: 5.1506681442, Validation Loss: 5.7586960793, Training R-squared: 0.4152774215, Validation R-squared: 0.2975938320
2023-11-23 05:35:46,216 - INFO - Epoch 35 : Training Loss: 5.1338129044, Validation Loss: 5.7720522881, Training R-squared: 0.4178948998, Validation R-squared: 0.2937830091
2023-11-23 05:36:07,057 - INFO - Epoch 36 : Training Loss: 5.1192374229, Validation Loss: 5.7738971710, Training R-squared: 0.4220193923, Validation R-squared: 0.2930783331
2023-11-23 05:36:28,017 - INFO - Epoch 37 : Training Loss: 5.1024250984, Validation Loss: 5.7606434822, Training R-squared: 0.4247059822, Validation R-squared: 0.2965774536
2023-11-23 05:36:47,135 - INFO - Model saved to models/portion_model/lunch/512_512_200_64/sparsity_10_fold_3_model.keras
2023-11-23 05:36:53,847 - INFO - Avg Metrics: RMSE: 4.6296343964, R-squared: -1.6634266269, PCC: 0.4457908133
2023-11-23 05:36:53,847 - INFO - Agg Metrics: RMSE: 5.8646807782, R-squared: 0.2931334613, PCC: 0.5464169273
2023-11-23 05:37:00,333 - INFO - ================================================================== Fold 4 ===================================================================
2023-11-23 05:37:29,702 - INFO - Epoch 1  : Training Loss: 6.6420931816, Validation Loss: 6.6057162285, Training R-squared: 0.0390697345, Validation R-squared: 0.0541380905
2023-11-23 05:37:50,274 - INFO - Epoch 2  : Training Loss: 6.4438114166, Validation Loss: 6.3747916222, Training R-squared: 0.0977760255, Validation R-squared: 0.1199400350
2023-11-23 05:38:11,028 - INFO - Epoch 3  : Training Loss: 6.2210459709, Validation Loss: 6.0736784935, Training R-squared: 0.1582480222, Validation R-squared: 0.2011296898
2023-11-23 05:38:31,843 - INFO - Epoch 4  : Training Loss: 5.9620251656, Validation Loss: 5.9438433647, Training R-squared: 0.2269366533, Validation R-squared: 0.2348351777
2023-11-23 05:38:52,219 - INFO - Epoch 5  : Training Loss: 5.8692684174, Validation Loss: 5.8986744881, Training R-squared: 0.2513583601, Validation R-squared: 0.2460255027
2023-11-23 05:39:12,747 - INFO - Epoch 6  : Training Loss: 5.8284249306, Validation Loss: 5.8946633339, Training R-squared: 0.2611098886, Validation R-squared: 0.2471185625
2023-11-23 05:39:33,700 - INFO - Epoch 7  : Training Loss: 5.7977647781, Validation Loss: 5.8874797821, Training R-squared: 0.2687306404, Validation R-squared: 0.2489704192
2023-11-23 05:39:54,079 - INFO - Epoch 8  : Training Loss: 5.7730283737, Validation Loss: 5.8797283173, Training R-squared: 0.2737612128, Validation R-squared: 0.2509485781
2023-11-23 05:40:14,680 - INFO - Epoch 9  : Training Loss: 5.7465944290, Validation Loss: 5.8803215027, Training R-squared: 0.2796345353, Validation R-squared: 0.2506344020
2023-11-23 05:40:35,416 - INFO - Epoch 10 : Training Loss: 5.7253355980, Validation Loss: 5.8731327057, Training R-squared: 0.2859632373, Validation R-squared: 0.2523912489
2023-11-23 05:40:55,820 - INFO - Epoch 11 : Training Loss: 5.6972274780, Validation Loss: 5.8607163429, Training R-squared: 0.2936045527, Validation R-squared: 0.2557842731
2023-11-23 05:41:16,636 - INFO - Epoch 12 : Training Loss: 5.6695485115, Validation Loss: 5.8484492302, Training R-squared: 0.3003781736, Validation R-squared: 0.2584501207
2023-11-23 05:41:37,592 - INFO - Epoch 13 : Training Loss: 5.6353664398, Validation Loss: 5.8313899040, Training R-squared: 0.3079695404, Validation R-squared: 0.2634266615
2023-11-23 05:41:58,935 - INFO - Epoch 14 : Training Loss: 5.6094536781, Validation Loss: 5.8194646835, Training R-squared: 0.3145901263, Validation R-squared: 0.2666642666
2023-11-23 05:42:19,891 - INFO - Epoch 15 : Training Loss: 5.5768232346, Validation Loss: 5.8058238029, Training R-squared: 0.3222517073, Validation R-squared: 0.2693153322
2023-11-23 05:42:40,390 - INFO - Epoch 16 : Training Loss: 5.5457391739, Validation Loss: 5.7943930626, Training R-squared: 0.3280089796, Validation R-squared: 0.2721970677
2023-11-23 05:43:00,850 - INFO - Epoch 17 : Training Loss: 5.5238018036, Validation Loss: 5.7880935669, Training R-squared: 0.3336707652, Validation R-squared: 0.2743173540
2023-11-23 05:43:21,714 - INFO - Epoch 18 : Training Loss: 5.5021657944, Validation Loss: 5.7622857094, Training R-squared: 0.3397871256, Validation R-squared: 0.2807579935
2023-11-23 05:43:43,134 - INFO - Epoch 19 : Training Loss: 5.4800601006, Validation Loss: 5.7804732323, Training R-squared: 0.3441170454, Validation R-squared: 0.2757351995
2023-11-23 05:44:05,721 - INFO - Epoch 20 : Training Loss: 5.4587450027, Validation Loss: 5.7613878250, Training R-squared: 0.3510738611, Validation R-squared: 0.2806188166
2023-11-23 05:44:26,556 - INFO - Epoch 21 : Training Loss: 5.4356942177, Validation Loss: 5.7347502708, Training R-squared: 0.3543706834, Validation R-squared: 0.2879334092
2023-11-23 05:44:47,206 - INFO - Epoch 22 : Training Loss: 5.4023194313, Validation Loss: 5.7627682686, Training R-squared: 0.3609586656, Validation R-squared: 0.2794167995
2023-11-23 05:45:07,921 - INFO - Epoch 23 : Training Loss: 5.3815255165, Validation Loss: 5.7226219177, Training R-squared: 0.3673514724, Validation R-squared: 0.2907416224
2023-11-23 05:45:28,688 - INFO - Epoch 24 : Training Loss: 5.3617138863, Validation Loss: 5.7094030380, Training R-squared: 0.3726111650, Validation R-squared: 0.2935500443
2023-11-23 05:45:49,093 - INFO - Epoch 25 : Training Loss: 5.3348484039, Validation Loss: 5.7142271996, Training R-squared: 0.3795472383, Validation R-squared: 0.2918878496
2023-11-23 05:46:09,809 - INFO - Epoch 26 : Training Loss: 5.3152260780, Validation Loss: 5.7437667847, Training R-squared: 0.3823255002, Validation R-squared: 0.2840034664
2023-11-23 05:46:30,561 - INFO - Epoch 27 : Training Loss: 5.2889709473, Validation Loss: 5.6750330925, Training R-squared: 0.3881509006, Validation R-squared: 0.3018766642
2023-11-23 05:46:51,111 - INFO - Epoch 28 : Training Loss: 5.2711873055, Validation Loss: 5.6696319580, Training R-squared: 0.3923866451, Validation R-squared: 0.3034314811
2023-11-23 05:47:11,917 - INFO - Epoch 29 : Training Loss: 5.2489018440, Validation Loss: 5.6722636223, Training R-squared: 0.3972332180, Validation R-squared: 0.3024585247
2023-11-23 05:47:33,008 - INFO - Epoch 30 : Training Loss: 5.2301130295, Validation Loss: 5.6520943642, Training R-squared: 0.4011360407, Validation R-squared: 0.3077235520
2023-11-23 05:47:53,876 - INFO - Epoch 31 : Training Loss: 5.2152466774, Validation Loss: 5.6792345047, Training R-squared: 0.4057583511, Validation R-squared: 0.3004784584
2023-11-23 05:48:14,379 - INFO - Epoch 32 : Training Loss: 5.1988105774, Validation Loss: 5.6571726799, Training R-squared: 0.4081543088, Validation R-squared: 0.3060652912
2023-11-23 05:48:35,184 - INFO - Epoch 33 : Training Loss: 5.1724495888, Validation Loss: 5.6389155388, Training R-squared: 0.4146935046, Validation R-squared: 0.3109675646
2023-11-23 05:48:55,671 - INFO - Epoch 34 : Training Loss: 5.1569237709, Validation Loss: 5.6319122314, Training R-squared: 0.4176894128, Validation R-squared: 0.3123845458
2023-11-23 05:49:16,098 - INFO - Epoch 35 : Training Loss: 5.1397814751, Validation Loss: 5.6733798981, Training R-squared: 0.4208331704, Validation R-squared: 0.3009310067
2023-11-23 05:49:36,887 - INFO - Epoch 36 : Training Loss: 5.1243629456, Validation Loss: 5.6353845596, Training R-squared: 0.4265573621, Validation R-squared: 0.3114045560
2023-11-23 05:49:57,773 - INFO - Epoch 37 : Training Loss: 5.1065115929, Validation Loss: 5.6260528564, Training R-squared: 0.4293000400, Validation R-squared: 0.3129774034
2023-11-23 05:50:18,817 - INFO - Epoch 38 : Training Loss: 5.0849871635, Validation Loss: 5.6012597084, Training R-squared: 0.4339563251, Validation R-squared: 0.3192723691
2023-11-23 05:50:39,251 - INFO - Epoch 39 : Training Loss: 5.0748295784, Validation Loss: 5.6414351463, Training R-squared: 0.4368839860, Validation R-squared: 0.3086497188
2023-11-23 05:50:59,600 - INFO - Epoch 40 : Training Loss: 5.0578913689, Validation Loss: 5.6100282669, Training R-squared: 0.4388126135, Validation R-squared: 0.3170310855
2023-11-23 05:51:20,672 - INFO - Epoch 41 : Training Loss: 5.0425062180, Validation Loss: 5.6215238571, Training R-squared: 0.4428495467, Validation R-squared: 0.3135924339
2023-11-23 05:51:41,181 - INFO - Epoch 42 : Training Loss: 5.0337653160, Validation Loss: 5.6026144028, Training R-squared: 0.4452517033, Validation R-squared: 0.3185657859
2023-11-23 05:52:01,942 - INFO - Epoch 43 : Training Loss: 5.0236454010, Validation Loss: 5.6157231331, Training R-squared: 0.4461380243, Validation R-squared: 0.3150075376
2023-11-23 05:52:21,462 - INFO - Model saved to models/portion_model/lunch/512_512_200_64/sparsity_10_fold_4_model.keras
2023-11-23 05:52:27,528 - INFO - Avg Metrics: RMSE: 4.5590066228, R-squared: -1.4369027552, PCC: 0.4722142622
2023-11-23 05:52:27,529 - INFO - Agg Metrics: RMSE: 5.6741490174, R-squared: 0.3155356702, PCC: 0.5673441080
2023-11-23 05:52:33,683 - INFO - ================================================================== Fold 5 ===================================================================
2023-11-23 05:53:02,895 - INFO - Epoch 1  : Training Loss: 6.6573948860, Validation Loss: 6.5520658493, Training R-squared: 0.0394203067, Validation R-squared: 0.0525179766
2023-11-23 05:53:23,882 - INFO - Epoch 2  : Training Loss: 6.4524178505, Validation Loss: 6.3516774178, Training R-squared: 0.0975395590, Validation R-squared: 0.1093610972
2023-11-23 05:53:44,730 - INFO - Epoch 3  : Training Loss: 6.2390952110, Validation Loss: 6.0370464325, Training R-squared: 0.1584303975, Validation R-squared: 0.1952622235
2023-11-23 05:54:06,505 - INFO - Epoch 4  : Training Loss: 5.9778537750, Validation Loss: 5.9307627678, Training R-squared: 0.2281550616, Validation R-squared: 0.2232461125
2023-11-23 05:54:27,021 - INFO - Epoch 5  : Training Loss: 5.8732137680, Validation Loss: 5.8748383522, Training R-squared: 0.2523647547, Validation R-squared: 0.2380006611
2023-11-23 05:54:47,351 - INFO - Epoch 6  : Training Loss: 5.8284549713, Validation Loss: 5.8617081642, Training R-squared: 0.2638847828, Validation R-squared: 0.2412004322
2023-11-23 05:55:07,718 - INFO - Epoch 7  : Training Loss: 5.8011693954, Validation Loss: 5.8592467308, Training R-squared: 0.2713581026, Validation R-squared: 0.2418236285
2023-11-23 05:55:28,607 - INFO - Epoch 8  : Training Loss: 5.7785792351, Validation Loss: 5.8538775444, Training R-squared: 0.2759379745, Validation R-squared: 0.2432417423
2023-11-23 05:55:49,151 - INFO - Epoch 9  : Training Loss: 5.7505354881, Validation Loss: 5.8454275131, Training R-squared: 0.2834757566, Validation R-squared: 0.2453745008
2023-11-23 05:56:09,544 - INFO - Epoch 10 : Training Loss: 5.7253193855, Validation Loss: 5.8390283585, Training R-squared: 0.2884352207, Validation R-squared: 0.2469391674
2023-11-23 05:56:30,417 - INFO - Epoch 11 : Training Loss: 5.6869683266, Validation Loss: 5.8169121742, Training R-squared: 0.2977131009, Validation R-squared: 0.2530931830
2023-11-23 05:56:50,749 - INFO - Epoch 12 : Training Loss: 5.6607546806, Validation Loss: 5.7995109558, Training R-squared: 0.3047092259, Validation R-squared: 0.2575229704
2023-11-23 05:57:11,244 - INFO - Epoch 13 : Training Loss: 5.6302576065, Validation Loss: 5.7931637764, Training R-squared: 0.3128976524, Validation R-squared: 0.2589690089
2023-11-23 05:57:32,114 - INFO - Epoch 14 : Training Loss: 5.6095480919, Validation Loss: 5.7864036560, Training R-squared: 0.3188274503, Validation R-squared: 0.2607582211
2023-11-23 05:57:52,943 - INFO - Epoch 15 : Training Loss: 5.5896840096, Validation Loss: 5.7746963501, Training R-squared: 0.3222850561, Validation R-squared: 0.2635636926
2023-11-23 05:58:13,645 - INFO - Epoch 16 : Training Loss: 5.5617856979, Validation Loss: 5.7635936737, Training R-squared: 0.3296152651, Validation R-squared: 0.2665845752
2023-11-23 05:58:34,253 - INFO - Epoch 17 : Training Loss: 5.5376710892, Validation Loss: 5.7451910973, Training R-squared: 0.3351061046, Validation R-squared: 0.2712469399
2023-11-23 05:58:54,684 - INFO - Epoch 18 : Training Loss: 5.5136342049, Validation Loss: 5.7409782410, Training R-squared: 0.3407525122, Validation R-squared: 0.2719964683
2023-11-23 05:59:15,034 - INFO - Epoch 19 : Training Loss: 5.4789476395, Validation Loss: 5.7221050262, Training R-squared: 0.3475928605, Validation R-squared: 0.2767840326
2023-11-23 05:59:36,086 - INFO - Epoch 20 : Training Loss: 5.4596862793, Validation Loss: 5.7362570763, Training R-squared: 0.3538255394, Validation R-squared: 0.2725377083
2023-11-23 05:59:56,571 - INFO - Epoch 21 : Training Loss: 5.4270606041, Validation Loss: 5.6932387352, Training R-squared: 0.3606137633, Validation R-squared: 0.2838947475
2023-11-23 06:00:17,433 - INFO - Epoch 22 : Training Loss: 5.3969354630, Validation Loss: 5.6956205368, Training R-squared: 0.3672273159, Validation R-squared: 0.2826569080
2023-11-23 06:00:37,859 - INFO - Epoch 23 : Training Loss: 5.3708767891, Validation Loss: 5.6596565247, Training R-squared: 0.3724194467, Validation R-squared: 0.2923735678
2023-11-23 06:00:58,716 - INFO - Epoch 24 : Training Loss: 5.3494906425, Validation Loss: 5.6549191475, Training R-squared: 0.3785906732, Validation R-squared: 0.2931631804
2023-11-23 06:01:19,729 - INFO - Epoch 25 : Training Loss: 5.3260784149, Validation Loss: 5.6327838898, Training R-squared: 0.3833578825, Validation R-squared: 0.2985990047
2023-11-23 06:01:40,204 - INFO - Epoch 26 : Training Loss: 5.3077869415, Validation Loss: 5.6162118912, Training R-squared: 0.3876287341, Validation R-squared: 0.3027044237
2023-11-23 06:02:00,733 - INFO - Epoch 27 : Training Loss: 5.2921199799, Validation Loss: 5.6304183006, Training R-squared: 0.3910975754, Validation R-squared: 0.2986476421
2023-11-23 06:02:21,695 - INFO - Epoch 28 : Training Loss: 5.2648634911, Validation Loss: 5.6259555817, Training R-squared: 0.3962297142, Validation R-squared: 0.2998188138
2023-11-23 06:02:42,356 - INFO - Epoch 29 : Training Loss: 5.2443757057, Validation Loss: 5.5903239250, Training R-squared: 0.4021125436, Validation R-squared: 0.3088087142
2023-11-23 06:03:02,792 - INFO - Epoch 30 : Training Loss: 5.2294802666, Validation Loss: 5.5721983910, Training R-squared: 0.4048989415, Validation R-squared: 0.3134398162
2023-11-23 06:03:23,566 - INFO - Epoch 31 : Training Loss: 5.2074551582, Validation Loss: 5.5580382347, Training R-squared: 0.4088455439, Validation R-squared: 0.3167884648
2023-11-23 06:03:44,439 - INFO - Epoch 32 : Training Loss: 5.1905212402, Validation Loss: 5.5718846321, Training R-squared: 0.4123963416, Validation R-squared: 0.3132179976
2023-11-23 06:04:06,072 - INFO - Epoch 33 : Training Loss: 5.1746964455, Validation Loss: 5.5520448685, Training R-squared: 0.4162276685, Validation R-squared: 0.3182868958
2023-11-23 06:04:26,730 - INFO - Epoch 34 : Training Loss: 5.1578817368, Validation Loss: 5.5737395287, Training R-squared: 0.4192176163, Validation R-squared: 0.3124496639
2023-11-23 06:04:47,253 - INFO - Epoch 35 : Training Loss: 5.1448316574, Validation Loss: 5.5346722603, Training R-squared: 0.4236340225, Validation R-squared: 0.3224772513
2023-11-23 06:05:07,807 - INFO - Epoch 36 : Training Loss: 5.1260972023, Validation Loss: 5.5438175201, Training R-squared: 0.4282693565, Validation R-squared: 0.3197517693
2023-11-23 06:05:29,237 - INFO - Epoch 37 : Training Loss: 5.1161398888, Validation Loss: 5.5417795181, Training R-squared: 0.4314651787, Validation R-squared: 0.3202704787
2023-11-23 06:05:49,989 - INFO - Epoch 38 : Training Loss: 5.1022481918, Validation Loss: 5.5573568344, Training R-squared: 0.4326264262, Validation R-squared: 0.3160564303
2023-11-23 06:06:10,556 - INFO - Epoch 39 : Training Loss: 5.0828566551, Validation Loss: 5.5516419411, Training R-squared: 0.4364532828, Validation R-squared: 0.3175144792
2023-11-23 06:06:31,287 - INFO - Epoch 40 : Training Loss: 5.0664968491, Validation Loss: 5.5387535095, Training R-squared: 0.4401006699, Validation R-squared: 0.3210361600
2023-11-23 06:06:50,496 - INFO - Model saved to models/portion_model/lunch/512_512_200_64/sparsity_10_fold_5_model.keras
2023-11-23 06:06:56,994 - INFO - Avg Metrics: RMSE: 4.5717425461, R-squared: -0.1780504753, PCC: 0.4612949577
2023-11-23 06:06:56,995 - INFO - Agg Metrics: RMSE: 5.5721912543, R-squared: 0.3214442929, PCC: 0.5685395644
2023-11-23 06:07:14,761 - INFO - ================================================================== Results Summary ===================================================================
2023-11-23 06:07:14,762 - INFO - CrossVal Metrics (Avg.) - RMSE: 4.5614568920 ± 0.0396277087, R2: -0.6861751241 ± 0.0396277087, PCC: 0.4692211791 ± 0.0396277087
2023-11-23 06:07:14,762 - INFO - Testing  Metrics (Avg.) - RMSE: 4.4729730746, R2: -0.8540414213, PCC: 0.4784615689
2023-11-23 06:07:14,762 - INFO - CrossVal Metrics (Agg.) - RMSE: 5.6577031524 ± 0.0396277087, R2: 0.3163376285 ± 0.0396277087, PCC: 0.5669597920 ± 0.0396277087
2023-11-23 06:07:14,762 - INFO - Testing  Metrics (Agg.) - RMSE: 5.4715766608, R2: 0.3290081558, PCC: 0.5773994060
