2023-11-23 16:43:08,737 - INFO - Training model at 65% sparse columns removed...
2023-11-23 16:43:16,206 - INFO - ================================================================== Fold 1 ===================================================================
2023-11-23 16:43:27,889 - INFO - Epoch 1  : Training Loss: 10.3854465485, Validation Loss: 10.1949367523, Training R-squared: 0.0375104994, Validation R-squared: 0.0453761369
2023-11-23 16:43:35,475 - INFO - Epoch 2  : Training Loss: 10.1795158386, Validation Loss: 9.8227996826, Training R-squared: 0.0745459422, Validation R-squared: 0.1139549091
2023-11-23 16:43:43,177 - INFO - Epoch 3  : Training Loss: 9.8343868256, Validation Loss: 9.4026689529, Training R-squared: 0.1373952627, Validation R-squared: 0.1878743917
2023-11-23 16:43:51,836 - INFO - Epoch 4  : Training Loss: 9.2666635513, Validation Loss: 9.0005760193, Training R-squared: 0.2346792370, Validation R-squared: 0.2551977038
2023-11-23 16:43:59,645 - INFO - Epoch 5  : Training Loss: 9.0789899826, Validation Loss: 8.9533739090, Training R-squared: 0.2651745379, Validation R-squared: 0.2629419863
2023-11-23 16:44:07,559 - INFO - Epoch 6  : Training Loss: 9.0134086609, Validation Loss: 8.9226045609, Training R-squared: 0.2745839059, Validation R-squared: 0.2683263719
2023-11-23 16:44:15,009 - INFO - Epoch 7  : Training Loss: 8.9516811371, Validation Loss: 8.8739147186, Training R-squared: 0.2847265899, Validation R-squared: 0.2759798765
2023-11-23 16:44:22,869 - INFO - Epoch 8  : Training Loss: 8.8931999207, Validation Loss: 8.8278465271, Training R-squared: 0.2939279377, Validation R-squared: 0.2835555673
2023-11-23 16:44:30,284 - INFO - Epoch 9  : Training Loss: 8.8270959854, Validation Loss: 8.7813377380, Training R-squared: 0.3058681786, Validation R-squared: 0.2912504375
2023-11-23 16:44:38,040 - INFO - Epoch 10 : Training Loss: 8.7618894577, Validation Loss: 8.7443284988, Training R-squared: 0.3156755567, Validation R-squared: 0.2971830368
2023-11-23 16:44:45,556 - INFO - Epoch 11 : Training Loss: 8.6989564896, Validation Loss: 8.7178468704, Training R-squared: 0.3232829273, Validation R-squared: 0.3012762070
2023-11-23 16:44:53,204 - INFO - Epoch 12 : Training Loss: 8.6466312408, Validation Loss: 8.6843624115, Training R-squared: 0.3329326510, Validation R-squared: 0.3067354560
2023-11-23 16:45:00,851 - INFO - Epoch 13 : Training Loss: 8.6012182236, Validation Loss: 8.6693410873, Training R-squared: 0.3391508758, Validation R-squared: 0.3096969128
2023-11-23 16:45:08,405 - INFO - Epoch 14 : Training Loss: 8.5548954010, Validation Loss: 8.6343402863, Training R-squared: 0.3456112444, Validation R-squared: 0.3147265017
2023-11-23 16:45:15,968 - INFO - Epoch 15 : Training Loss: 8.5130805969, Validation Loss: 8.6106424332, Training R-squared: 0.3532609046, Validation R-squared: 0.3187257349
2023-11-23 16:45:23,802 - INFO - Epoch 16 : Training Loss: 8.4542226791, Validation Loss: 8.5916681290, Training R-squared: 0.3612097204, Validation R-squared: 0.3211711645
2023-11-23 16:45:31,502 - INFO - Epoch 17 : Training Loss: 8.4080839157, Validation Loss: 8.5508823395, Training R-squared: 0.3689057231, Validation R-squared: 0.3278189301
2023-11-23 16:45:38,895 - INFO - Epoch 18 : Training Loss: 8.3619766235, Validation Loss: 8.5425100327, Training R-squared: 0.3739868402, Validation R-squared: 0.3287586570
2023-11-23 16:45:46,626 - INFO - Epoch 19 : Training Loss: 8.3177375793, Validation Loss: 8.5074806213, Training R-squared: 0.3804430664, Validation R-squared: 0.3346388638
2023-11-23 16:45:54,290 - INFO - Epoch 20 : Training Loss: 8.2776002884, Validation Loss: 8.5017881393, Training R-squared: 0.3876418173, Validation R-squared: 0.3358389437
2023-11-23 16:46:02,217 - INFO - Epoch 21 : Training Loss: 8.2459421158, Validation Loss: 8.5117044449, Training R-squared: 0.3921103477, Validation R-squared: 0.3335320652
2023-11-23 16:46:09,599 - INFO - Epoch 22 : Training Loss: 8.2193927765, Validation Loss: 8.4770641327, Training R-squared: 0.3954317868, Validation R-squared: 0.3392827213
2023-11-23 16:46:17,506 - INFO - Epoch 23 : Training Loss: 8.1795539856, Validation Loss: 8.4589395523, Training R-squared: 0.4012902081, Validation R-squared: 0.3423217535
2023-11-23 16:46:24,899 - INFO - Epoch 24 : Training Loss: 8.1552810669, Validation Loss: 8.4528427124, Training R-squared: 0.4034532905, Validation R-squared: 0.3432062864
2023-11-23 16:46:32,549 - INFO - Epoch 25 : Training Loss: 8.1344337463, Validation Loss: 8.4476881027, Training R-squared: 0.4072296619, Validation R-squared: 0.3438108563
2023-11-23 16:46:40,006 - INFO - Epoch 26 : Training Loss: 8.1023254395, Validation Loss: 8.4481000900, Training R-squared: 0.4128259420, Validation R-squared: 0.3436238766
2023-11-23 16:46:47,607 - INFO - Epoch 27 : Training Loss: 8.0694818497, Validation Loss: 8.4138660431, Training R-squared: 0.4173064530, Validation R-squared: 0.3491104841
2023-11-23 16:46:55,161 - INFO - Epoch 28 : Training Loss: 8.0395526886, Validation Loss: 8.4222354889, Training R-squared: 0.4214813411, Validation R-squared: 0.3474760950
2023-11-23 16:47:02,858 - INFO - Epoch 29 : Training Loss: 8.0124740601, Validation Loss: 8.4093198776, Training R-squared: 0.4262576997, Validation R-squared: 0.3492133319
2023-11-23 16:47:10,367 - INFO - Epoch 30 : Training Loss: 7.9815697670, Validation Loss: 8.3696184158, Training R-squared: 0.4293993115, Validation R-squared: 0.3556339741
2023-11-23 16:47:18,326 - INFO - Epoch 31 : Training Loss: 7.9524359703, Validation Loss: 8.3905420303, Training R-squared: 0.4326996505, Validation R-squared: 0.3519528508
2023-11-23 16:47:25,821 - INFO - Epoch 32 : Training Loss: 7.9206676483, Validation Loss: 8.3371629715, Training R-squared: 0.4375471473, Validation R-squared: 0.3608614504
2023-11-23 16:47:33,334 - INFO - Epoch 33 : Training Loss: 7.8931975365, Validation Loss: 8.3323364258, Training R-squared: 0.4414973855, Validation R-squared: 0.3613968194
2023-11-23 16:47:40,941 - INFO - Epoch 34 : Training Loss: 7.8714966774, Validation Loss: 8.3373937607, Training R-squared: 0.4460346997, Validation R-squared: 0.3601605892
2023-11-23 16:47:48,541 - INFO - Epoch 35 : Training Loss: 7.8450689316, Validation Loss: 8.2868728638, Training R-squared: 0.4476695359, Validation R-squared: 0.3682884872
2023-11-23 16:47:56,062 - INFO - Epoch 36 : Training Loss: 7.8162827492, Validation Loss: 8.3123226166, Training R-squared: 0.4523615539, Validation R-squared: 0.3638697565
2023-11-23 16:48:03,599 - INFO - Epoch 37 : Training Loss: 7.7965764999, Validation Loss: 8.2918548584, Training R-squared: 0.4539065361, Validation R-squared: 0.3671687543
2023-11-23 16:48:11,202 - INFO - Epoch 38 : Training Loss: 7.7773447037, Validation Loss: 8.3307981491, Training R-squared: 0.4582313895, Validation R-squared: 0.3606352508
2023-11-23 16:48:19,113 - INFO - Epoch 39 : Training Loss: 7.7541484833, Validation Loss: 8.3273715973, Training R-squared: 0.4608623981, Validation R-squared: 0.3612913787
2023-11-23 16:48:26,821 - INFO - Epoch 40 : Training Loss: 7.7428402901, Validation Loss: 8.3054685593, Training R-squared: 0.4615452588, Validation R-squared: 0.3644928634
2023-11-23 16:48:38,974 - INFO - Model saved to models/portion_model/lunch/512_512_200_64/sparsity_65_fold_1_model.keras
2023-11-23 16:48:44,023 - INFO - Avg Metrics: RMSE: 6.8463409932, R-squared: -1.4784378992, PCC: 0.5057688067
2023-11-23 16:48:44,024 - INFO - Agg Metrics: RMSE: 8.3576425942, R-squared: 0.3680762088, PCC: 0.6084398388
2023-11-23 16:48:50,741 - INFO - ================================================================== Fold 2 ===================================================================
2023-11-23 16:49:02,624 - INFO - Epoch 1  : Training Loss: 10.3787097931, Validation Loss: 10.2010488510, Training R-squared: 0.0381747931, Validation R-squared: 0.0435399339
2023-11-23 16:49:10,917 - INFO - Epoch 2  : Training Loss: 10.1719713211, Validation Loss: 9.8606758118, Training R-squared: 0.0762856603, Validation R-squared: 0.1067048013
2023-11-23 16:49:19,599 - INFO - Epoch 3  : Training Loss: 9.7653493881, Validation Loss: 9.4041299820, Training R-squared: 0.1487071067, Validation R-squared: 0.1882952303
2023-11-23 16:49:27,901 - INFO - Epoch 4  : Training Loss: 9.2565698624, Validation Loss: 9.1160039902, Training R-squared: 0.2342552394, Validation R-squared: 0.2373761237
2023-11-23 16:49:35,838 - INFO - Epoch 5  : Training Loss: 9.0706615448, Validation Loss: 9.0643672943, Training R-squared: 0.2647762001, Validation R-squared: 0.2458831519
2023-11-23 16:49:43,565 - INFO - Epoch 6  : Training Loss: 9.0217390060, Validation Loss: 9.0421104431, Training R-squared: 0.2726407051, Validation R-squared: 0.2498754710
2023-11-23 16:49:51,116 - INFO - Epoch 7  : Training Loss: 8.9740543365, Validation Loss: 9.0177221298, Training R-squared: 0.2808568776, Validation R-squared: 0.2541358471
2023-11-23 16:49:58,752 - INFO - Epoch 8  : Training Loss: 8.9285869598, Validation Loss: 9.0117139816, Training R-squared: 0.2883469462, Validation R-squared: 0.2546706200
2023-11-23 16:50:06,262 - INFO - Epoch 9  : Training Loss: 8.8789691925, Validation Loss: 8.9773435593, Training R-squared: 0.2953976095, Validation R-squared: 0.2606566250
2023-11-23 16:50:13,759 - INFO - Epoch 10 : Training Loss: 8.8512325287, Validation Loss: 8.9556131363, Training R-squared: 0.3002186716, Validation R-squared: 0.2643108964
2023-11-23 16:50:21,608 - INFO - Epoch 11 : Training Loss: 8.8081293106, Validation Loss: 8.9389076233, Training R-squared: 0.3065224588, Validation R-squared: 0.2668982744
2023-11-23 16:50:29,081 - INFO - Epoch 12 : Training Loss: 8.7601251602, Validation Loss: 8.8912963867, Training R-squared: 0.3133310974, Validation R-squared: 0.2748499215
2023-11-23 16:50:36,555 - INFO - Epoch 13 : Training Loss: 8.6987047195, Validation Loss: 8.8578491211, Training R-squared: 0.3244972825, Validation R-squared: 0.2800840139
2023-11-23 16:50:44,115 - INFO - Epoch 14 : Training Loss: 8.6258239746, Validation Loss: 8.8050508499, Training R-squared: 0.3347499669, Validation R-squared: 0.2888844609
2023-11-23 16:50:51,845 - INFO - Epoch 15 : Training Loss: 8.5639066696, Validation Loss: 8.7607898712, Training R-squared: 0.3440415263, Validation R-squared: 0.2961628735
2023-11-23 16:50:59,260 - INFO - Epoch 16 : Training Loss: 8.5168685913, Validation Loss: 8.7315387726, Training R-squared: 0.3519813716, Validation R-squared: 0.3007803261
2023-11-23 16:51:06,959 - INFO - Epoch 17 : Training Loss: 8.4507551193, Validation Loss: 8.6932506561, Training R-squared: 0.3606590927, Validation R-squared: 0.3072028756
2023-11-23 16:51:14,366 - INFO - Epoch 18 : Training Loss: 8.4118051529, Validation Loss: 8.6667022705, Training R-squared: 0.3673641682, Validation R-squared: 0.3111980557
2023-11-23 16:51:22,663 - INFO - Epoch 19 : Training Loss: 8.3627290726, Validation Loss: 8.6409454346, Training R-squared: 0.3746995032, Validation R-squared: 0.3153161407
2023-11-23 16:51:30,067 - INFO - Epoch 20 : Training Loss: 8.3140878677, Validation Loss: 8.6414909363, Training R-squared: 0.3815484047, Validation R-squared: 0.3151025176
2023-11-23 16:51:37,915 - INFO - Epoch 21 : Training Loss: 8.2900915146, Validation Loss: 8.6111755371, Training R-squared: 0.3848793805, Validation R-squared: 0.3199205101
2023-11-23 16:51:45,325 - INFO - Epoch 22 : Training Loss: 8.2650985718, Validation Loss: 8.6125097275, Training R-squared: 0.3899989426, Validation R-squared: 0.3193794787
2023-11-23 16:51:53,070 - INFO - Epoch 23 : Training Loss: 8.2330150604, Validation Loss: 8.5759677887, Training R-squared: 0.3937252164, Validation R-squared: 0.3256652057
2023-11-23 16:52:00,463 - INFO - Epoch 24 : Training Loss: 8.1970272064, Validation Loss: 8.5824317932, Training R-squared: 0.3982416391, Validation R-squared: 0.3243730962
2023-11-23 16:52:08,170 - INFO - Epoch 25 : Training Loss: 8.1815528870, Validation Loss: 8.5483245850, Training R-squared: 0.4013831317, Validation R-squared: 0.3300149143
2023-11-23 16:52:15,529 - INFO - Epoch 26 : Training Loss: 8.1334686279, Validation Loss: 8.5238990784, Training R-squared: 0.4058022797, Validation R-squared: 0.3338350952
2023-11-23 16:52:23,340 - INFO - Epoch 27 : Training Loss: 8.1019802094, Validation Loss: 8.5262489319, Training R-squared: 0.4125893414, Validation R-squared: 0.3332266212
2023-11-23 16:52:30,836 - INFO - Epoch 28 : Training Loss: 8.0599164963, Validation Loss: 8.4959011078, Training R-squared: 0.4179699719, Validation R-squared: 0.3382574618
2023-11-23 16:52:38,529 - INFO - Epoch 29 : Training Loss: 8.0364112854, Validation Loss: 8.4926815033, Training R-squared: 0.4208808839, Validation R-squared: 0.3386396468
2023-11-23 16:52:46,031 - INFO - Epoch 30 : Training Loss: 8.0004777908, Validation Loss: 8.4562988281, Training R-squared: 0.4262331724, Validation R-squared: 0.3445435762
2023-11-23 16:52:53,978 - INFO - Epoch 31 : Training Loss: 7.9855895042, Validation Loss: 8.4628429413, Training R-squared: 0.4293076396, Validation R-squared: 0.3433852196
2023-11-23 16:53:01,682 - INFO - Epoch 32 : Training Loss: 7.9435739517, Validation Loss: 8.4539661407, Training R-squared: 0.4339163005, Validation R-squared: 0.3448643982
2023-11-23 16:53:09,785 - INFO - Epoch 33 : Training Loss: 7.9152088165, Validation Loss: 8.4364833832, Training R-squared: 0.4378186166, Validation R-squared: 0.3477804661
2023-11-23 16:53:18,237 - INFO - Epoch 34 : Training Loss: 7.8761816025, Validation Loss: 8.4408168793, Training R-squared: 0.4432816505, Validation R-squared: 0.3469538987
2023-11-23 16:53:25,688 - INFO - Epoch 35 : Training Loss: 7.8431119919, Validation Loss: 8.3990430832, Training R-squared: 0.4473107159, Validation R-squared: 0.3537544608
2023-11-23 16:53:33,325 - INFO - Epoch 36 : Training Loss: 7.8189678192, Validation Loss: 8.3546295166, Training R-squared: 0.4506888092, Validation R-squared: 0.3608491421
2023-11-23 16:53:40,834 - INFO - Epoch 37 : Training Loss: 7.7784624100, Validation Loss: 8.3378458023, Training R-squared: 0.4580218494, Validation R-squared: 0.3634936810
2023-11-23 16:53:49,473 - INFO - Epoch 38 : Training Loss: 7.7415142059, Validation Loss: 8.3379621506, Training R-squared: 0.4621799588, Validation R-squared: 0.3633688390
2023-11-23 16:53:57,927 - INFO - Epoch 39 : Training Loss: 7.7252702713, Validation Loss: 8.3150596619, Training R-squared: 0.4643154144, Validation R-squared: 0.3671089709
2023-11-23 16:54:05,230 - INFO - Epoch 40 : Training Loss: 7.7027688026, Validation Loss: 8.3296966553, Training R-squared: 0.4679712057, Validation R-squared: 0.3646667600
2023-11-23 16:54:13,195 - INFO - Epoch 41 : Training Loss: 7.6755757332, Validation Loss: 8.3047990799, Training R-squared: 0.4709663987, Validation R-squared: 0.3685512245
2023-11-23 16:54:20,740 - INFO - Epoch 42 : Training Loss: 7.6560435295, Validation Loss: 8.2733402252, Training R-squared: 0.4741528928, Validation R-squared: 0.3734668791
2023-11-23 16:54:28,471 - INFO - Epoch 43 : Training Loss: 7.6391229630, Validation Loss: 8.3213768005, Training R-squared: 0.4752979279, Validation R-squared: 0.3660523891
2023-11-23 16:54:36,108 - INFO - Epoch 44 : Training Loss: 7.6079797745, Validation Loss: 8.2667598724, Training R-squared: 0.4797878563, Validation R-squared: 0.3744316399
2023-11-23 16:54:43,901 - INFO - Epoch 45 : Training Loss: 7.6001906395, Validation Loss: 8.3158359528, Training R-squared: 0.4824994802, Validation R-squared: 0.3667449355
2023-11-23 16:54:51,578 - INFO - Epoch 46 : Training Loss: 7.5708479881, Validation Loss: 8.3055534363, Training R-squared: 0.4857118428, Validation R-squared: 0.3683470786
2023-11-23 16:54:59,173 - INFO - Epoch 47 : Training Loss: 7.5482425690, Validation Loss: 8.2822446823, Training R-squared: 0.4884048402, Validation R-squared: 0.3719368875
2023-11-23 16:55:06,676 - INFO - Epoch 48 : Training Loss: 7.5351781845, Validation Loss: 8.2703781128, Training R-squared: 0.4909202456, Validation R-squared: 0.3737482429
2023-11-23 16:55:14,291 - INFO - Epoch 49 : Training Loss: 7.5120377541, Validation Loss: 8.2797985077, Training R-squared: 0.4930955768, Validation R-squared: 0.3722168505
2023-11-23 16:55:26,846 - INFO - Model saved to models/portion_model/lunch/512_512_200_64/sparsity_65_fold_2_model.keras
2023-11-23 16:55:32,592 - INFO - Avg Metrics: RMSE: 6.7211168590, R-squared: -1.6488997998, PCC: 0.5278628828
2023-11-23 16:55:32,593 - INFO - Agg Metrics: RMSE: 8.4162731141, R-squared: 0.3630283635, PCC: 0.6073121412
2023-11-23 16:55:39,864 - INFO - ================================================================== Fold 3 ===================================================================
2023-11-23 16:55:51,191 - INFO - Epoch 1  : Training Loss: 10.2881917953, Validation Loss: 10.5942611694, Training R-squared: 0.0380890742, Validation R-squared: 0.0454796255
2023-11-23 16:55:58,936 - INFO - Epoch 2  : Training Loss: 10.0846757889, Validation Loss: 10.2492017746, Training R-squared: 0.0747911781, Validation R-squared: 0.1070464924
2023-11-23 16:56:06,402 - INFO - Epoch 3  : Training Loss: 9.7599134445, Validation Loss: 9.8709793091, Training R-squared: 0.1352331340, Validation R-squared: 0.1723342091
2023-11-23 16:56:14,075 - INFO - Epoch 4  : Training Loss: 9.1954841614, Validation Loss: 9.4288101196, Training R-squared: 0.2313049287, Validation R-squared: 0.2457236797
2023-11-23 16:56:22,008 - INFO - Epoch 5  : Training Loss: 9.0236177444, Validation Loss: 9.3872432709, Training R-squared: 0.2601123452, Validation R-squared: 0.2520259321
2023-11-23 16:56:29,477 - INFO - Epoch 6  : Training Loss: 8.9616775513, Validation Loss: 9.3511619568, Training R-squared: 0.2700479329, Validation R-squared: 0.2577842176
2023-11-23 16:56:37,003 - INFO - Epoch 7  : Training Loss: 8.8931798935, Validation Loss: 9.2898893356, Training R-squared: 0.2807120681, Validation R-squared: 0.2677428722
2023-11-23 16:56:44,592 - INFO - Epoch 8  : Training Loss: 8.8347625732, Validation Loss: 9.2617378235, Training R-squared: 0.2908310592, Validation R-squared: 0.2719375789
2023-11-23 16:56:52,206 - INFO - Epoch 9  : Training Loss: 8.7784194946, Validation Loss: 9.2299146652, Training R-squared: 0.2980086207, Validation R-squared: 0.2772136331
2023-11-23 16:56:59,673 - INFO - Epoch 10 : Training Loss: 8.7328252792, Validation Loss: 9.1993207932, Training R-squared: 0.3064723909, Validation R-squared: 0.2823681831
2023-11-23 16:57:07,294 - INFO - Epoch 11 : Training Loss: 8.6824998856, Validation Loss: 9.1538343430, Training R-squared: 0.3141091466, Validation R-squared: 0.2895568311
2023-11-23 16:57:14,864 - INFO - Epoch 12 : Training Loss: 8.6142473221, Validation Loss: 9.1172924042, Training R-squared: 0.3240332603, Validation R-squared: 0.2952514291
2023-11-23 16:57:22,974 - INFO - Epoch 13 : Training Loss: 8.5697450638, Validation Loss: 9.0790472031, Training R-squared: 0.3317566216, Validation R-squared: 0.3014127314
2023-11-23 16:57:30,730 - INFO - Epoch 14 : Training Loss: 8.5008630753, Validation Loss: 9.0419139862, Training R-squared: 0.3412773013, Validation R-squared: 0.3073213398
2023-11-23 16:57:38,571 - INFO - Epoch 15 : Training Loss: 8.4655647278, Validation Loss: 9.0080690384, Training R-squared: 0.3477593660, Validation R-squared: 0.3122963607
2023-11-23 16:57:45,976 - INFO - Epoch 16 : Training Loss: 8.4177350998, Validation Loss: 8.9965467453, Training R-squared: 0.3542853594, Validation R-squared: 0.3137508035
2023-11-23 16:57:53,659 - INFO - Epoch 17 : Training Loss: 8.3972120285, Validation Loss: 8.9754457474, Training R-squared: 0.3573799431, Validation R-squared: 0.3174678981
2023-11-23 16:58:01,097 - INFO - Epoch 18 : Training Loss: 8.3577823639, Validation Loss: 8.9655952454, Training R-squared: 0.3640047014, Validation R-squared: 0.3189073205
2023-11-23 16:58:08,730 - INFO - Epoch 19 : Training Loss: 8.3328552246, Validation Loss: 8.9496707916, Training R-squared: 0.3677291870, Validation R-squared: 0.3210608959
2023-11-23 16:58:16,186 - INFO - Epoch 20 : Training Loss: 8.3006038666, Validation Loss: 8.9298238754, Training R-squared: 0.3720378876, Validation R-squared: 0.3241042495
2023-11-23 16:58:24,137 - INFO - Epoch 21 : Training Loss: 8.2529344559, Validation Loss: 8.9109783173, Training R-squared: 0.3791457713, Validation R-squared: 0.3270914257
2023-11-23 16:58:31,573 - INFO - Epoch 22 : Training Loss: 8.2178411484, Validation Loss: 8.8821554184, Training R-squared: 0.3841169477, Validation R-squared: 0.3313523829
2023-11-23 16:58:39,205 - INFO - Epoch 23 : Training Loss: 8.1728534698, Validation Loss: 8.8559541702, Training R-squared: 0.3908058107, Validation R-squared: 0.3352166116
2023-11-23 16:58:46,656 - INFO - Epoch 24 : Training Loss: 8.1447973251, Validation Loss: 8.8508272171, Training R-squared: 0.3955199718, Validation R-squared: 0.3356054127
2023-11-23 16:58:54,300 - INFO - Epoch 25 : Training Loss: 8.1034450531, Validation Loss: 8.8124094009, Training R-squared: 0.4018037915, Validation R-squared: 0.3416035175
2023-11-23 16:59:01,814 - INFO - Epoch 26 : Training Loss: 8.0640535355, Validation Loss: 8.8184356689, Training R-squared: 0.4063540101, Validation R-squared: 0.3402324915
2023-11-23 16:59:09,431 - INFO - Epoch 27 : Training Loss: 8.0270500183, Validation Loss: 8.7875003815, Training R-squared: 0.4139198661, Validation R-squared: 0.3451634049
2023-11-23 16:59:17,456 - INFO - Epoch 28 : Training Loss: 7.9749412537, Validation Loss: 8.7463436127, Training R-squared: 0.4201861620, Validation R-squared: 0.3511900306
2023-11-23 16:59:25,004 - INFO - Epoch 29 : Training Loss: 7.9528579712, Validation Loss: 8.7601594925, Training R-squared: 0.4232228100, Validation R-squared: 0.3487064838
2023-11-23 16:59:32,603 - INFO - Epoch 30 : Training Loss: 7.9209809303, Validation Loss: 8.7258615494, Training R-squared: 0.4281942844, Validation R-squared: 0.3540393710
2023-11-23 16:59:40,125 - INFO - Epoch 31 : Training Loss: 7.8842129707, Validation Loss: 8.7163467407, Training R-squared: 0.4333985448, Validation R-squared: 0.3551662564
2023-11-23 16:59:47,905 - INFO - Epoch 32 : Training Loss: 7.8662934303, Validation Loss: 8.7317762375, Training R-squared: 0.4358500540, Validation R-squared: 0.3525004089
2023-11-23 16:59:55,615 - INFO - Epoch 33 : Training Loss: 7.8339629173, Validation Loss: 8.6808929443, Training R-squared: 0.4402903914, Validation R-squared: 0.3605283499
2023-11-23 17:00:03,434 - INFO - Epoch 34 : Training Loss: 7.8054842949, Validation Loss: 8.6918964386, Training R-squared: 0.4446970224, Validation R-squared: 0.3582700491
2023-11-23 17:00:10,701 - INFO - Epoch 35 : Training Loss: 7.7670707703, Validation Loss: 8.6694822311, Training R-squared: 0.4492366910, Validation R-squared: 0.3619098067
2023-11-23 17:00:18,784 - INFO - Epoch 36 : Training Loss: 7.7489991188, Validation Loss: 8.6653261185, Training R-squared: 0.4512644410, Validation R-squared: 0.3622314334
2023-11-23 17:00:26,142 - INFO - Epoch 37 : Training Loss: 7.7148752213, Validation Loss: 8.6648492813, Training R-squared: 0.4558359981, Validation R-squared: 0.3623828888
2023-11-23 17:00:33,852 - INFO - Epoch 38 : Training Loss: 7.7029719353, Validation Loss: 8.6411628723, Training R-squared: 0.4577445686, Validation R-squared: 0.3659697771
2023-11-23 17:00:41,391 - INFO - Epoch 39 : Training Loss: 7.6727566719, Validation Loss: 8.6582565308, Training R-squared: 0.4629465342, Validation R-squared: 0.3628527224
2023-11-23 17:00:49,066 - INFO - Epoch 40 : Training Loss: 7.6599497795, Validation Loss: 8.6459856033, Training R-squared: 0.4629648626, Validation R-squared: 0.3646751344
2023-11-23 17:00:56,533 - INFO - Epoch 41 : Training Loss: 7.6392312050, Validation Loss: 8.6517667770, Training R-squared: 0.4673995972, Validation R-squared: 0.3639062047
2023-11-23 17:01:04,287 - INFO - Epoch 42 : Training Loss: 7.6230092049, Validation Loss: 8.6430826187, Training R-squared: 0.4690474570, Validation R-squared: 0.3651700616
2023-11-23 17:01:11,714 - INFO - Epoch 43 : Training Loss: 7.5879678726, Validation Loss: 8.6256027222, Training R-squared: 0.4720391929, Validation R-squared: 0.3679230809
2023-11-23 17:01:19,761 - INFO - Epoch 44 : Training Loss: 7.5784873962, Validation Loss: 8.6226301193, Training R-squared: 0.4744773805, Validation R-squared: 0.3682608008
2023-11-23 17:01:27,247 - INFO - Epoch 45 : Training Loss: 7.5601024628, Validation Loss: 8.6453771591, Training R-squared: 0.4765474796, Validation R-squared: 0.3646157682
2023-11-23 17:01:34,817 - INFO - Epoch 46 : Training Loss: 7.5322299004, Validation Loss: 8.6226167679, Training R-squared: 0.4809156358, Validation R-squared: 0.3682370186
2023-11-23 17:01:42,654 - INFO - Epoch 47 : Training Loss: 7.5243439674, Validation Loss: 8.6501741409, Training R-squared: 0.4818956256, Validation R-squared: 0.3636454940
2023-11-23 17:01:50,113 - INFO - Epoch 48 : Training Loss: 7.5185780525, Validation Loss: 8.6686248779, Training R-squared: 0.4825324416, Validation R-squared: 0.3607028723
2023-11-23 17:01:57,877 - INFO - Epoch 49 : Training Loss: 7.4952254295, Validation Loss: 8.6393890381, Training R-squared: 0.4858463705, Validation R-squared: 0.3651662469
2023-11-23 17:02:05,264 - INFO - Epoch 50 : Training Loss: 7.4803876877, Validation Loss: 8.6368188858, Training R-squared: 0.4873642027, Validation R-squared: 0.3656857610
2023-11-23 17:02:12,949 - INFO - Epoch 51 : Training Loss: 7.4712295532, Validation Loss: 8.6202974319, Training R-squared: 0.4894858599, Validation R-squared: 0.3682180345
2023-11-23 17:02:20,696 - INFO - Epoch 52 : Training Loss: 7.4545326233, Validation Loss: 8.6627292633, Training R-squared: 0.4900999367, Validation R-squared: 0.3612653613
2023-11-23 17:02:28,425 - INFO - Epoch 53 : Training Loss: 7.4413199425, Validation Loss: 8.6408615112, Training R-squared: 0.4927820563, Validation R-squared: 0.3647285104
2023-11-23 17:02:35,749 - INFO - Epoch 54 : Training Loss: 7.4266099930, Validation Loss: 8.6505355835, Training R-squared: 0.4954718351, Validation R-squared: 0.3632120788
2023-11-23 17:02:43,623 - INFO - Epoch 55 : Training Loss: 7.4121460915, Validation Loss: 8.6687498093, Training R-squared: 0.4967454076, Validation R-squared: 0.3604106307
2023-11-23 17:02:50,984 - INFO - Epoch 56 : Training Loss: 7.3923487663, Validation Loss: 8.6614685059, Training R-squared: 0.4990678430, Validation R-squared: 0.3614614904
2023-11-23 17:03:03,524 - INFO - Model saved to models/portion_model/lunch/512_512_200_64/sparsity_65_fold_3_model.keras
2023-11-23 17:03:10,278 - INFO - Avg Metrics: RMSE: 6.8536879338, R-squared: -0.2465326454, PCC: 0.5482908447
2023-11-23 17:03:10,278 - INFO - Agg Metrics: RMSE: 8.7316465771, R-squared: 0.3611557197, PCC: 0.6041730024
2023-11-23 17:03:17,549 - INFO - ================================================================== Fold 4 ===================================================================
2023-11-23 17:03:29,138 - INFO - Epoch 1  : Training Loss: 10.3882188797, Validation Loss: 10.1733884811, Training R-squared: 0.0373936556, Validation R-squared: 0.0462487489
2023-11-23 17:03:37,247 - INFO - Epoch 2  : Training Loss: 10.1891326904, Validation Loss: 9.7921018600, Training R-squared: 0.0757120699, Validation R-squared: 0.1160340980
2023-11-23 17:03:45,076 - INFO - Epoch 3  : Training Loss: 9.7735433578, Validation Loss: 9.2080268860, Training R-squared: 0.1498961598, Validation R-squared: 0.2173520029
2023-11-23 17:03:53,614 - INFO - Epoch 4  : Training Loss: 9.2163953781, Validation Loss: 8.9871835709, Training R-squared: 0.2420521080, Validation R-squared: 0.2543225884
2023-11-23 17:04:01,241 - INFO - Epoch 5  : Training Loss: 9.0864858627, Validation Loss: 8.9498357773, Training R-squared: 0.2626406550, Validation R-squared: 0.2602194846
2023-11-23 17:04:08,934 - INFO - Epoch 6  : Training Loss: 9.0530281067, Validation Loss: 8.9319515228, Training R-squared: 0.2682239115, Validation R-squared: 0.2628380358
2023-11-23 17:04:16,220 - INFO - Epoch 7  : Training Loss: 9.0012550354, Validation Loss: 8.8971996307, Training R-squared: 0.2764613926, Validation R-squared: 0.2685023248
2023-11-23 17:04:24,466 - INFO - Epoch 8  : Training Loss: 8.9393930435, Validation Loss: 8.8300132751, Training R-squared: 0.2886776626, Validation R-squared: 0.2794962525
2023-11-23 17:04:32,102 - INFO - Epoch 9  : Training Loss: 8.8504877090, Validation Loss: 8.7810068130, Training R-squared: 0.3013525009, Validation R-squared: 0.2871979773
2023-11-23 17:04:39,803 - INFO - Epoch 10 : Training Loss: 8.7886552811, Validation Loss: 8.7355175018, Training R-squared: 0.3110450208, Validation R-squared: 0.2946701944
2023-11-23 17:04:47,699 - INFO - Epoch 11 : Training Loss: 8.7279968262, Validation Loss: 8.6944618225, Training R-squared: 0.3202788532, Validation R-squared: 0.3012353480
2023-11-23 17:04:55,331 - INFO - Epoch 12 : Training Loss: 8.6528425217, Validation Loss: 8.6527080536, Training R-squared: 0.3304687440, Validation R-squared: 0.3077527881
2023-11-23 17:05:02,921 - INFO - Epoch 13 : Training Loss: 8.6124286652, Validation Loss: 8.6172819138, Training R-squared: 0.3376066387, Validation R-squared: 0.3132138848
2023-11-23 17:05:10,513 - INFO - Epoch 14 : Training Loss: 8.5614814758, Validation Loss: 8.5961952209, Training R-squared: 0.3452225924, Validation R-squared: 0.3165470660
2023-11-23 17:05:18,710 - INFO - Epoch 15 : Training Loss: 8.5304746628, Validation Loss: 8.5645828247, Training R-squared: 0.3512975276, Validation R-squared: 0.3214026093
2023-11-23 17:05:26,017 - INFO - Epoch 16 : Training Loss: 8.4783344269, Validation Loss: 8.5431804657, Training R-squared: 0.3570741713, Validation R-squared: 0.3247399926
2023-11-23 17:05:33,790 - INFO - Epoch 17 : Training Loss: 8.4410676956, Validation Loss: 8.5111064911, Training R-squared: 0.3640512824, Validation R-squared: 0.3301404119
2023-11-23 17:05:41,105 - INFO - Epoch 18 : Training Loss: 8.3926944733, Validation Loss: 8.4969644547, Training R-squared: 0.3696205318, Validation R-squared: 0.3317146897
2023-11-23 17:05:48,889 - INFO - Epoch 19 : Training Loss: 8.3645334244, Validation Loss: 8.4659814835, Training R-squared: 0.3748334646, Validation R-squared: 0.3369183540
2023-11-23 17:05:56,247 - INFO - Epoch 20 : Training Loss: 8.3252639771, Validation Loss: 8.4272851944, Training R-squared: 0.3792469501, Validation R-squared: 0.3431655169
2023-11-23 17:06:03,971 - INFO - Epoch 21 : Training Loss: 8.2757225037, Validation Loss: 8.4064579010, Training R-squared: 0.3879039586, Validation R-squared: 0.3466438651
2023-11-23 17:06:11,389 - INFO - Epoch 22 : Training Loss: 8.2378492355, Validation Loss: 8.3788661957, Training R-squared: 0.3930837810, Validation R-squared: 0.3503663540
2023-11-23 17:06:19,463 - INFO - Epoch 23 : Training Loss: 8.1890344620, Validation Loss: 8.3669872284, Training R-squared: 0.3990791440, Validation R-squared: 0.3522677124
2023-11-23 17:06:27,159 - INFO - Epoch 24 : Training Loss: 8.1782207489, Validation Loss: 8.3413877487, Training R-squared: 0.4026925862, Validation R-squared: 0.3564631641
2023-11-23 17:06:35,066 - INFO - Epoch 25 : Training Loss: 8.1417980194, Validation Loss: 8.3440208435, Training R-squared: 0.4075740874, Validation R-squared: 0.3557455838
2023-11-23 17:06:42,555 - INFO - Epoch 26 : Training Loss: 8.1261138916, Validation Loss: 8.3343095779, Training R-squared: 0.4100808203, Validation R-squared: 0.3572050929
2023-11-23 17:06:50,105 - INFO - Epoch 27 : Training Loss: 8.0956258774, Validation Loss: 8.3363666534, Training R-squared: 0.4142459333, Validation R-squared: 0.3569384217
2023-11-23 17:06:57,617 - INFO - Epoch 28 : Training Loss: 8.0766792297, Validation Loss: 8.3184976578, Training R-squared: 0.4161946774, Validation R-squared: 0.3599761128
2023-11-23 17:07:05,116 - INFO - Epoch 29 : Training Loss: 8.0534505844, Validation Loss: 8.3056173325, Training R-squared: 0.4197115302, Validation R-squared: 0.3618128896
2023-11-23 17:07:12,720 - INFO - Epoch 30 : Training Loss: 8.0210409164, Validation Loss: 8.2946043015, Training R-squared: 0.4241639078, Validation R-squared: 0.3633984625
2023-11-23 17:07:21,134 - INFO - Epoch 31 : Training Loss: 7.9795651436, Validation Loss: 8.2868471146, Training R-squared: 0.4305140376, Validation R-squared: 0.3644739985
2023-11-23 17:07:28,866 - INFO - Epoch 32 : Training Loss: 7.9522280693, Validation Loss: 8.2502040863, Training R-squared: 0.4336822331, Validation R-squared: 0.3702620566
2023-11-23 17:07:36,227 - INFO - Epoch 33 : Training Loss: 7.9279460907, Validation Loss: 8.2401933670, Training R-squared: 0.4375269413, Validation R-squared: 0.3718472123
2023-11-23 17:07:43,963 - INFO - Epoch 34 : Training Loss: 7.8950500488, Validation Loss: 8.2393627167, Training R-squared: 0.4427132010, Validation R-squared: 0.3719976544
2023-11-23 17:07:51,438 - INFO - Epoch 35 : Training Loss: 7.8767619133, Validation Loss: 8.2295808792, Training R-squared: 0.4443376362, Validation R-squared: 0.3735653460
2023-11-23 17:07:59,177 - INFO - Epoch 36 : Training Loss: 7.8493733406, Validation Loss: 8.1919088364, Training R-squared: 0.4487822354, Validation R-squared: 0.3793155551
2023-11-23 17:08:06,530 - INFO - Epoch 37 : Training Loss: 7.8215498924, Validation Loss: 8.2078533173, Training R-squared: 0.4527904093, Validation R-squared: 0.3768397868
2023-11-23 17:08:14,226 - INFO - Epoch 38 : Training Loss: 7.8011951447, Validation Loss: 8.1768121719, Training R-squared: 0.4557539821, Validation R-squared: 0.3816710413
2023-11-23 17:08:22,071 - INFO - Epoch 39 : Training Loss: 7.7780337334, Validation Loss: 8.2185077667, Training R-squared: 0.4576454759, Validation R-squared: 0.3751680851
2023-11-23 17:08:29,775 - INFO - Epoch 40 : Training Loss: 7.7609381676, Validation Loss: 8.1932210922, Training R-squared: 0.4599718153, Validation R-squared: 0.3791447580
2023-11-23 17:08:37,260 - INFO - Epoch 41 : Training Loss: 7.7382798195, Validation Loss: 8.2149066925, Training R-squared: 0.4637522399, Validation R-squared: 0.3753540814
2023-11-23 17:08:44,994 - INFO - Epoch 42 : Training Loss: 7.7123589516, Validation Loss: 8.1773376465, Training R-squared: 0.4659883380, Validation R-squared: 0.3815306723
2023-11-23 17:08:52,490 - INFO - Epoch 43 : Training Loss: 7.7081179619, Validation Loss: 8.1875476837, Training R-squared: 0.4676386118, Validation R-squared: 0.3795385063
2023-11-23 17:09:05,165 - INFO - Model saved to models/portion_model/lunch/512_512_200_64/sparsity_65_fold_4_model.keras
2023-11-23 17:09:10,498 - INFO - Avg Metrics: RMSE: 6.8196683431, R-squared: -1.7666879435, PCC: 0.5160945494
2023-11-23 17:09:10,499 - INFO - Agg Metrics: RMSE: 8.2387828326, R-squared: 0.3819610838, PCC: 0.6192245184
2023-11-23 17:09:18,052 - INFO - ================================================================== Fold 5 ===================================================================
2023-11-23 17:09:30,722 - INFO - Epoch 1  : Training Loss: 10.3449974060, Validation Loss: 10.3804845810, Training R-squared: 0.0376929045, Validation R-squared: 0.0458489060
2023-11-23 17:09:39,168 - INFO - Epoch 2  : Training Loss: 10.1303520203, Validation Loss: 9.9932327271, Training R-squared: 0.0765094087, Validation R-squared: 0.1163861975
2023-11-23 17:09:47,008 - INFO - Epoch 3  : Training Loss: 9.7689638138, Validation Loss: 9.5230445862, Training R-squared: 0.1406172514, Validation R-squared: 0.1979865730
2023-11-23 17:09:55,237 - INFO - Epoch 4  : Training Loss: 9.1967535019, Validation Loss: 9.1667079926, Training R-squared: 0.2384479344, Validation R-squared: 0.2566289902
2023-11-23 17:10:03,123 - INFO - Epoch 5  : Training Loss: 9.0540952682, Validation Loss: 9.1371536255, Training R-squared: 0.2620472312, Validation R-squared: 0.2609358132
2023-11-23 17:10:10,716 - INFO - Epoch 6  : Training Loss: 8.9919567108, Validation Loss: 9.1041193008, Training R-squared: 0.2714982033, Validation R-squared: 0.2663673460
2023-11-23 17:10:18,625 - INFO - Epoch 7  : Training Loss: 8.9532413483, Validation Loss: 9.0642747879, Training R-squared: 0.2785081565, Validation R-squared: 0.2731281817
2023-11-23 17:10:26,130 - INFO - Epoch 8  : Training Loss: 8.8750905991, Validation Loss: 8.9946718216, Training R-squared: 0.2905802727, Validation R-squared: 0.2840594053
2023-11-23 17:10:33,927 - INFO - Epoch 9  : Training Loss: 8.7828855515, Validation Loss: 8.9478702545, Training R-squared: 0.3038462698, Validation R-squared: 0.2916013598
2023-11-23 17:10:41,242 - INFO - Epoch 10 : Training Loss: 8.7265510559, Validation Loss: 8.9155988693, Training R-squared: 0.3144400418, Validation R-squared: 0.2967984676
2023-11-23 17:10:48,988 - INFO - Epoch 11 : Training Loss: 8.6671772003, Validation Loss: 8.8721857071, Training R-squared: 0.3231135905, Validation R-squared: 0.3032907248
2023-11-23 17:10:56,417 - INFO - Epoch 12 : Training Loss: 8.5992794037, Validation Loss: 8.8427209854, Training R-squared: 0.3340912759, Validation R-squared: 0.3083506823
2023-11-23 17:11:04,165 - INFO - Epoch 13 : Training Loss: 8.5490083694, Validation Loss: 8.8077373505, Training R-squared: 0.3420129418, Validation R-squared: 0.3133498132
2023-11-23 17:11:11,499 - INFO - Epoch 14 : Training Loss: 8.4969816208, Validation Loss: 8.7858171463, Training R-squared: 0.3490094543, Validation R-squared: 0.3169118166
2023-11-23 17:11:19,425 - INFO - Epoch 15 : Training Loss: 8.4604854584, Validation Loss: 8.7570352554, Training R-squared: 0.3547450602, Validation R-squared: 0.3212697208
2023-11-23 17:11:26,860 - INFO - Epoch 16 : Training Loss: 8.4216346741, Validation Loss: 8.7350864410, Training R-squared: 0.3599751294, Validation R-squared: 0.3241579831
2023-11-23 17:11:34,574 - INFO - Epoch 17 : Training Loss: 8.3901796341, Validation Loss: 8.7252054214, Training R-squared: 0.3663665652, Validation R-squared: 0.3256555498
2023-11-23 17:11:42,067 - INFO - Epoch 18 : Training Loss: 8.3533010483, Validation Loss: 8.7049493790, Training R-squared: 0.3710617125, Validation R-squared: 0.3285900056
2023-11-23 17:11:49,836 - INFO - Epoch 19 : Training Loss: 8.3254833221, Validation Loss: 8.6889219284, Training R-squared: 0.3750064969, Validation R-squared: 0.3319180310
2023-11-23 17:11:57,350 - INFO - Epoch 20 : Training Loss: 8.2811765671, Validation Loss: 8.6603174210, Training R-squared: 0.3806526065, Validation R-squared: 0.3357295692
2023-11-23 17:12:05,064 - INFO - Epoch 21 : Training Loss: 8.2472314835, Validation Loss: 8.6477537155, Training R-squared: 0.3859599233, Validation R-squared: 0.3379157782
2023-11-23 17:12:12,517 - INFO - Epoch 22 : Training Loss: 8.2026109695, Validation Loss: 8.6218595505, Training R-squared: 0.3917228580, Validation R-squared: 0.3420156240
2023-11-23 17:12:21,146 - INFO - Epoch 23 : Training Loss: 8.1763248444, Validation Loss: 8.6092672348, Training R-squared: 0.3964846134, Validation R-squared: 0.3437642455
2023-11-23 17:12:30,396 - INFO - Epoch 24 : Training Loss: 8.1295309067, Validation Loss: 8.5959815979, Training R-squared: 0.4039014578, Validation R-squared: 0.3453068137
2023-11-23 17:12:37,954 - INFO - Epoch 25 : Training Loss: 8.0862216949, Validation Loss: 8.5756883621, Training R-squared: 0.4108678997, Validation R-squared: 0.3484592140
2023-11-23 17:12:45,607 - INFO - Epoch 26 : Training Loss: 8.0631036758, Validation Loss: 8.5567092896, Training R-squared: 0.4131606221, Validation R-squared: 0.3514085114
2023-11-23 17:12:53,792 - INFO - Epoch 27 : Training Loss: 8.0387153625, Validation Loss: 8.5517845154, Training R-squared: 0.4164448678, Validation R-squared: 0.3523895741
2023-11-23 17:13:01,239 - INFO - Epoch 28 : Training Loss: 8.0137062073, Validation Loss: 8.5237703323, Training R-squared: 0.4200683534, Validation R-squared: 0.3567016125
2023-11-23 17:13:08,825 - INFO - Epoch 29 : Training Loss: 7.9790339470, Validation Loss: 8.5070629120, Training R-squared: 0.4236365259, Validation R-squared: 0.3593405187
2023-11-23 17:13:16,232 - INFO - Epoch 30 : Training Loss: 7.9411511421, Validation Loss: 8.4940385818, Training R-squared: 0.4299453795, Validation R-squared: 0.3608229160
2023-11-23 17:13:24,707 - INFO - Epoch 31 : Training Loss: 7.9084558487, Validation Loss: 8.5004415512, Training R-squared: 0.4348998964, Validation R-squared: 0.3596163690
2023-11-23 17:13:32,119 - INFO - Epoch 32 : Training Loss: 7.8827152252, Validation Loss: 8.4688396454, Training R-squared: 0.4388382435, Validation R-squared: 0.3646833897
2023-11-23 17:13:40,041 - INFO - Epoch 33 : Training Loss: 7.8374924660, Validation Loss: 8.4522762299, Training R-squared: 0.4439726174, Validation R-squared: 0.3674822748
2023-11-23 17:13:47,951 - INFO - Epoch 34 : Training Loss: 7.8131093979, Validation Loss: 8.4549961090, Training R-squared: 0.4474371672, Validation R-squared: 0.3664079607
2023-11-23 17:13:56,451 - INFO - Epoch 35 : Training Loss: 7.7874779701, Validation Loss: 8.4194536209, Training R-squared: 0.4520983100, Validation R-squared: 0.3719899058
2023-11-23 17:14:04,182 - INFO - Epoch 36 : Training Loss: 7.7464947701, Validation Loss: 8.4118518829, Training R-squared: 0.4571352303, Validation R-squared: 0.3731359839
2023-11-23 17:14:11,565 - INFO - Epoch 37 : Training Loss: 7.7231736183, Validation Loss: 8.3930320740, Training R-squared: 0.4596818388, Validation R-squared: 0.3761315942
2023-11-23 17:14:19,741 - INFO - Epoch 38 : Training Loss: 7.7123160362, Validation Loss: 8.3951215744, Training R-squared: 0.4621393383, Validation R-squared: 0.3757863641
2023-11-23 17:14:27,148 - INFO - Epoch 39 : Training Loss: 7.6874313354, Validation Loss: 8.4060163498, Training R-squared: 0.4649210870, Validation R-squared: 0.3737617433
2023-11-23 17:14:34,861 - INFO - Epoch 40 : Training Loss: 7.6611871719, Validation Loss: 8.4080848694, Training R-squared: 0.4684393108, Validation R-squared: 0.3731438518
2023-11-23 17:14:42,243 - INFO - Epoch 41 : Training Loss: 7.6496095657, Validation Loss: 8.3926410675, Training R-squared: 0.4713931084, Validation R-squared: 0.3760015965
2023-11-23 17:14:50,254 - INFO - Epoch 42 : Training Loss: 7.6284842491, Validation Loss: 8.3849382401, Training R-squared: 0.4730935395, Validation R-squared: 0.3770658076
2023-11-23 17:14:57,667 - INFO - Epoch 43 : Training Loss: 7.6029314995, Validation Loss: 8.3918676376, Training R-squared: 0.4768063128, Validation R-squared: 0.3759704530
2023-11-23 17:15:05,372 - INFO - Epoch 44 : Training Loss: 7.5972862244, Validation Loss: 8.3756122589, Training R-squared: 0.4774743617, Validation R-squared: 0.3782429099
2023-11-23 17:15:12,811 - INFO - Epoch 45 : Training Loss: 7.5688772202, Validation Loss: 8.3797159195, Training R-squared: 0.4795453548, Validation R-squared: 0.3779067099
2023-11-23 17:15:20,707 - INFO - Epoch 46 : Training Loss: 7.5629134178, Validation Loss: 8.3441352844, Training R-squared: 0.4826008677, Validation R-squared: 0.3832752705
2023-11-23 17:15:28,221 - INFO - Epoch 47 : Training Loss: 7.5395059586, Validation Loss: 8.3701038361, Training R-squared: 0.4845307767, Validation R-squared: 0.3790560663
2023-11-23 17:15:35,827 - INFO - Epoch 48 : Training Loss: 7.5330638885, Validation Loss: 8.3648290634, Training R-squared: 0.4865291715, Validation R-squared: 0.3796440661
2023-11-23 17:15:43,310 - INFO - Epoch 49 : Training Loss: 7.5061039925, Validation Loss: 8.3641672134, Training R-squared: 0.4893039167, Validation R-squared: 0.3799064457
2023-11-23 17:15:51,179 - INFO - Epoch 50 : Training Loss: 7.4812550545, Validation Loss: 8.3480129242, Training R-squared: 0.4909761548, Validation R-squared: 0.3823582232
2023-11-23 17:15:58,857 - INFO - Epoch 51 : Training Loss: 7.4806218147, Validation Loss: 8.3356018066, Training R-squared: 0.4926157594, Validation R-squared: 0.3842018545
2023-11-23 17:16:06,464 - INFO - Epoch 52 : Training Loss: 7.4525489807, Validation Loss: 8.3406372070, Training R-squared: 0.4963635206, Validation R-squared: 0.3829230368
2023-11-23 17:16:14,017 - INFO - Epoch 53 : Training Loss: 7.4395418167, Validation Loss: 8.3541297913, Training R-squared: 0.4975009263, Validation R-squared: 0.3809560239
2023-11-23 17:16:21,741 - INFO - Epoch 54 : Training Loss: 7.4133844376, Validation Loss: 8.3440685272, Training R-squared: 0.5003367662, Validation R-squared: 0.3825908303
2023-11-23 17:16:29,480 - INFO - Epoch 55 : Training Loss: 7.4202594757, Validation Loss: 8.3353052139, Training R-squared: 0.5004425049, Validation R-squared: 0.3834527433
2023-11-23 17:16:36,800 - INFO - Epoch 56 : Training Loss: 7.3818278313, Validation Loss: 8.3887100220, Training R-squared: 0.5051707029, Validation R-squared: 0.3744923770
2023-11-23 17:16:44,589 - INFO - Epoch 57 : Training Loss: 7.3713159561, Validation Loss: 8.3385095596, Training R-squared: 0.5068859458, Validation R-squared: 0.3825686872
2023-11-23 17:16:52,083 - INFO - Epoch 58 : Training Loss: 7.3666534424, Validation Loss: 8.3449392319, Training R-squared: 0.5071783662, Validation R-squared: 0.3816653788
2023-11-23 17:16:59,810 - INFO - Epoch 59 : Training Loss: 7.3551993370, Validation Loss: 8.3221864700, Training R-squared: 0.5082393885, Validation R-squared: 0.3851178586
2023-11-23 17:17:07,101 - INFO - Epoch 60 : Training Loss: 7.3317914009, Validation Loss: 8.3727941513, Training R-squared: 0.5115236044, Validation R-squared: 0.3768862188
2023-11-23 17:17:14,848 - INFO - Epoch 61 : Training Loss: 7.3243665695, Validation Loss: 8.3254489899, Training R-squared: 0.5133819580, Validation R-squared: 0.3843894303
2023-11-23 17:17:22,441 - INFO - Epoch 62 : Training Loss: 7.2967529297, Validation Loss: 8.3600654602, Training R-squared: 0.5148777366, Validation R-squared: 0.3785832524
2023-11-23 17:17:30,254 - INFO - Epoch 63 : Training Loss: 7.2708549500, Validation Loss: 8.3384590149, Training R-squared: 0.5197741389, Validation R-squared: 0.3817695081
2023-11-23 17:17:37,685 - INFO - Epoch 64 : Training Loss: 7.2672462463, Validation Loss: 8.3225612640, Training R-squared: 0.5205844045, Validation R-squared: 0.3844053745
2023-11-23 17:17:50,179 - INFO - Model saved to models/portion_model/lunch/512_512_200_64/sparsity_65_fold_5_model.keras
2023-11-23 17:17:56,117 - INFO - Avg Metrics: RMSE: 6.6631649174, R-squared: -0.0213882869, PCC: 0.5663492816
2023-11-23 17:17:56,117 - INFO - Agg Metrics: RMSE: 8.4359565889, R-squared: 0.3809585586, PCC: 0.6216153323
2023-11-23 17:18:06,898 - INFO - ================================================================== Results Summary ===================================================================
2023-11-23 17:18:06,899 - INFO - CrossVal Metrics (Avg.) - RMSE: 6.7807958093 ± 0.0755236528, R2: -1.0323893150 ± 0.0755236528, PCC: 0.5328732730 ± 0.0755236528
2023-11-23 17:18:06,899 - INFO - Testing  Metrics (Avg.) - RMSE: 6.9659196973, R2: 0.0365517232, PCC: 0.5057407230
2023-11-23 17:18:06,899 - INFO - CrossVal Metrics (Agg.) - RMSE: 8.4360603414 ± 0.0755236528, R2: 0.3710359869 ± 0.0755236528, PCC: 0.6121529666 ± 0.0755236528
2023-11-23 17:18:06,900 - INFO - Testing  Metrics (Agg.) - RMSE: 8.7403321054, R2: 0.3606008714, PCC: 0.6013095266
