2023-11-23 12:40:49,279 - INFO - Training model at 40% sparse columns removed...
2023-11-23 12:40:56,721 - INFO - ================================================================== Fold 1 ===================================================================
2023-11-23 12:41:15,899 - INFO - Epoch 1  : Training Loss: 8.1036329269, Validation Loss: 7.9576339722, Training R-squared: 0.0392529555, Validation R-squared: 0.0490650795
2023-11-23 12:41:29,419 - INFO - Epoch 2  : Training Loss: 7.8626966476, Validation Loss: 7.6814455986, Training R-squared: 0.0954927281, Validation R-squared: 0.1142075285
2023-11-23 12:41:42,562 - INFO - Epoch 3  : Training Loss: 7.5647563934, Validation Loss: 7.3059024811, Training R-squared: 0.1624456495, Validation R-squared: 0.1988023818
2023-11-23 12:41:55,501 - INFO - Epoch 4  : Training Loss: 7.2540569305, Validation Loss: 7.1795783043, Training R-squared: 0.2295653522, Validation R-squared: 0.2262855023
2023-11-23 12:42:09,126 - INFO - Epoch 5  : Training Loss: 7.1341395378, Validation Loss: 7.1228566170, Training R-squared: 0.2545987368, Validation R-squared: 0.2378688604
2023-11-23 12:42:22,729 - INFO - Epoch 6  : Training Loss: 7.0786547661, Validation Loss: 7.1084532738, Training R-squared: 0.2662019134, Validation R-squared: 0.2410228699
2023-11-23 12:42:35,683 - INFO - Epoch 7  : Training Loss: 7.0411329269, Validation Loss: 7.0976920128, Training R-squared: 0.2733928263, Validation R-squared: 0.2432089895
2023-11-23 12:42:48,940 - INFO - Epoch 8  : Training Loss: 7.0141687393, Validation Loss: 7.0751385689, Training R-squared: 0.2800639570, Validation R-squared: 0.2482432872
2023-11-23 12:43:02,021 - INFO - Epoch 9  : Training Loss: 6.9682669640, Validation Loss: 7.0683751106, Training R-squared: 0.2880139053, Validation R-squared: 0.2493311614
2023-11-23 12:43:15,061 - INFO - Epoch 10 : Training Loss: 6.9456462860, Validation Loss: 7.0525655746, Training R-squared: 0.2941276431, Validation R-squared: 0.2528503835
2023-11-23 12:43:28,675 - INFO - Epoch 11 : Training Loss: 6.9087200165, Validation Loss: 7.0307846069, Training R-squared: 0.3010950387, Validation R-squared: 0.2574709058
2023-11-23 12:43:41,788 - INFO - Epoch 12 : Training Loss: 6.8656549454, Validation Loss: 7.0067405701, Training R-squared: 0.3088058531, Validation R-squared: 0.2623730898
2023-11-23 12:43:56,177 - INFO - Epoch 13 : Training Loss: 6.8275647163, Validation Loss: 6.9904880524, Training R-squared: 0.3156895339, Validation R-squared: 0.2658744454
2023-11-23 12:44:09,363 - INFO - Epoch 14 : Training Loss: 6.8001632690, Validation Loss: 6.9780802727, Training R-squared: 0.3223588765, Validation R-squared: 0.2683916986
2023-11-23 12:44:24,902 - INFO - Epoch 15 : Training Loss: 6.7642269135, Validation Loss: 6.9530076981, Training R-squared: 0.3293566108, Validation R-squared: 0.2739387751
2023-11-23 12:44:39,611 - INFO - Epoch 16 : Training Loss: 6.7312459946, Validation Loss: 6.9451799393, Training R-squared: 0.3355737925, Validation R-squared: 0.2754002512
2023-11-23 12:44:53,621 - INFO - Epoch 17 : Training Loss: 6.7064151764, Validation Loss: 6.9239912033, Training R-squared: 0.3405441344, Validation R-squared: 0.2797564268
2023-11-23 12:45:07,302 - INFO - Epoch 18 : Training Loss: 6.6785764694, Validation Loss: 6.9117159843, Training R-squared: 0.3460220993, Validation R-squared: 0.2821675539
2023-11-23 12:45:21,188 - INFO - Epoch 19 : Training Loss: 6.6298432350, Validation Loss: 6.8724255562, Training R-squared: 0.3543732464, Validation R-squared: 0.2906467021
2023-11-23 12:45:35,134 - INFO - Epoch 20 : Training Loss: 6.5874996185, Validation Loss: 6.8453054428, Training R-squared: 0.3628236353, Validation R-squared: 0.2960641980
2023-11-23 12:45:48,872 - INFO - Epoch 21 : Training Loss: 6.5522775650, Validation Loss: 6.8554754257, Training R-squared: 0.3707685471, Validation R-squared: 0.2933651805
2023-11-23 12:46:02,542 - INFO - Epoch 22 : Training Loss: 6.5260787010, Validation Loss: 6.8163671494, Training R-squared: 0.3739117980, Validation R-squared: 0.3015960753
2023-11-23 12:46:16,166 - INFO - Epoch 23 : Training Loss: 6.5003790855, Validation Loss: 6.7985320091, Training R-squared: 0.3788894415, Validation R-squared: 0.3054038584
2023-11-23 12:46:30,218 - INFO - Epoch 24 : Training Loss: 6.4671111107, Validation Loss: 6.8091516495, Training R-squared: 0.3862119913, Validation R-squared: 0.3026639521
2023-11-23 12:46:43,876 - INFO - Epoch 25 : Training Loss: 6.4375090599, Validation Loss: 6.7849669456, Training R-squared: 0.3907175660, Validation R-squared: 0.3077427149
2023-11-23 12:46:57,209 - INFO - Epoch 26 : Training Loss: 6.4060330391, Validation Loss: 6.7581982613, Training R-squared: 0.3976650834, Validation R-squared: 0.3132294416
2023-11-23 12:47:11,014 - INFO - Epoch 27 : Training Loss: 6.3838124275, Validation Loss: 6.7446546555, Training R-squared: 0.4003227949, Validation R-squared: 0.3160072863
2023-11-23 12:47:24,845 - INFO - Epoch 28 : Training Loss: 6.3581514359, Validation Loss: 6.7496438026, Training R-squared: 0.4051869810, Validation R-squared: 0.3148607314
2023-11-23 12:47:37,985 - INFO - Epoch 29 : Training Loss: 6.3359870911, Validation Loss: 6.7779474258, Training R-squared: 0.4101601839, Validation R-squared: 0.3087112010
2023-11-23 12:47:50,968 - INFO - Epoch 30 : Training Loss: 6.3114566803, Validation Loss: 6.7413883209, Training R-squared: 0.4133031964, Validation R-squared: 0.3163717985
2023-11-23 12:48:04,232 - INFO - Epoch 31 : Training Loss: 6.2968597412, Validation Loss: 6.7599658966, Training R-squared: 0.4163141847, Validation R-squared: 0.3122499585
2023-11-23 12:48:17,649 - INFO - Epoch 32 : Training Loss: 6.2769808769, Validation Loss: 6.7448821068, Training R-squared: 0.4211192131, Validation R-squared: 0.3155610561
2023-11-23 12:48:30,938 - INFO - Epoch 33 : Training Loss: 6.2531099319, Validation Loss: 6.7174944878, Training R-squared: 0.4230141640, Validation R-squared: 0.3210549355
2023-11-23 12:48:44,078 - INFO - Epoch 34 : Training Loss: 6.2404718399, Validation Loss: 6.7502079010, Training R-squared: 0.4273226559, Validation R-squared: 0.3140509725
2023-11-23 12:48:57,347 - INFO - Epoch 35 : Training Loss: 6.2149453163, Validation Loss: 6.7234263420, Training R-squared: 0.4302546382, Validation R-squared: 0.3194435537
2023-11-23 12:49:10,458 - INFO - Epoch 36 : Training Loss: 6.2024111748, Validation Loss: 6.7380194664, Training R-squared: 0.4325047731, Validation R-squared: 0.3162412345
2023-11-23 12:49:26,561 - INFO - Epoch 37 : Training Loss: 6.1734037399, Validation Loss: 6.7275280952, Training R-squared: 0.4388301075, Validation R-squared: 0.3184865117
2023-11-23 12:49:41,545 - INFO - Epoch 38 : Training Loss: 6.1509485245, Validation Loss: 6.7345061302, Training R-squared: 0.4430684447, Validation R-squared: 0.3166227043
2023-11-23 12:50:00,935 - INFO - Model saved to models/portion_model/lunch/512_512_200_64/sparsity_40_fold_1_model.keras
2023-11-23 12:50:06,200 - INFO - Avg Metrics: RMSE: 5.5137947979, R-squared: -0.5421367598, PCC: 0.4659587537
2023-11-23 12:50:06,200 - INFO - Agg Metrics: RMSE: 6.7968524540, R-squared: 0.3174263621, PCC: 0.5678037000
2023-11-23 12:50:13,669 - INFO - ================================================================== Fold 2 ===================================================================
2023-11-23 12:50:33,266 - INFO - Epoch 1  : Training Loss: 8.1257467270, Validation Loss: 7.8904128075, Training R-squared: 0.0371748656, Validation R-squared: 0.0544476546
2023-11-23 12:50:47,109 - INFO - Epoch 2  : Training Loss: 7.8853535652, Validation Loss: 7.6076626778, Training R-squared: 0.0920770913, Validation R-squared: 0.1214237288
2023-11-23 12:51:01,069 - INFO - Epoch 3  : Training Loss: 7.6162796021, Validation Loss: 7.2054319382, Training R-squared: 0.1531052142, Validation R-squared: 0.2119137943
2023-11-23 12:51:15,480 - INFO - Epoch 4  : Training Loss: 7.2188043594, Validation Loss: 7.0234479904, Training R-squared: 0.2395338565, Validation R-squared: 0.2510517836
2023-11-23 12:51:29,903 - INFO - Epoch 5  : Training Loss: 7.1330723763, Validation Loss: 7.0111289024, Training R-squared: 0.2557932734, Validation R-squared: 0.2529483736
2023-11-23 12:51:43,921 - INFO - Epoch 6  : Training Loss: 7.0835957527, Validation Loss: 6.9878921509, Training R-squared: 0.2669835091, Validation R-squared: 0.2582002580
2023-11-23 12:51:57,977 - INFO - Epoch 7  : Training Loss: 7.0449352264, Validation Loss: 6.9672536850, Training R-squared: 0.2752470374, Validation R-squared: 0.2625193000
2023-11-23 12:52:12,722 - INFO - Epoch 8  : Training Loss: 7.0135550499, Validation Loss: 6.9544315338, Training R-squared: 0.2826925516, Validation R-squared: 0.2655275166
2023-11-23 12:52:27,135 - INFO - Epoch 9  : Training Loss: 6.9706211090, Validation Loss: 6.9437770844, Training R-squared: 0.2901940346, Validation R-squared: 0.2674126625
2023-11-23 12:52:41,106 - INFO - Epoch 10 : Training Loss: 6.9294118881, Validation Loss: 6.9109854698, Training R-squared: 0.2986104488, Validation R-squared: 0.2744747996
2023-11-23 12:52:54,944 - INFO - Epoch 11 : Training Loss: 6.8850121498, Validation Loss: 6.8814873695, Training R-squared: 0.3073424101, Validation R-squared: 0.2807166576
2023-11-23 12:53:09,147 - INFO - Epoch 12 : Training Loss: 6.8447232246, Validation Loss: 6.8689780235, Training R-squared: 0.3161178231, Validation R-squared: 0.2832292318
2023-11-23 12:53:23,503 - INFO - Epoch 13 : Training Loss: 6.8027005196, Validation Loss: 6.8477101326, Training R-squared: 0.3229051828, Validation R-squared: 0.2879824638
2023-11-23 12:53:37,532 - INFO - Epoch 14 : Training Loss: 6.7601418495, Validation Loss: 6.8355641365, Training R-squared: 0.3312085867, Validation R-squared: 0.2906527519
2023-11-23 12:53:53,207 - INFO - Epoch 15 : Training Loss: 6.7141880989, Validation Loss: 6.7962450981, Training R-squared: 0.3398196101, Validation R-squared: 0.2986524701
2023-11-23 12:54:07,883 - INFO - Epoch 16 : Training Loss: 6.6712450981, Validation Loss: 6.7757320404, Training R-squared: 0.3493223190, Validation R-squared: 0.3027547002
2023-11-23 12:54:22,146 - INFO - Epoch 17 : Training Loss: 6.6128211021, Validation Loss: 6.7727699280, Training R-squared: 0.3604772985, Validation R-squared: 0.3033472598
2023-11-23 12:54:36,109 - INFO - Epoch 18 : Training Loss: 6.5883226395, Validation Loss: 6.7797408104, Training R-squared: 0.3646624982, Validation R-squared: 0.3017607629
2023-11-23 12:54:50,246 - INFO - Epoch 19 : Training Loss: 6.5538067818, Validation Loss: 6.7402029037, Training R-squared: 0.3707143068, Validation R-squared: 0.3101994395
2023-11-23 12:55:04,285 - INFO - Epoch 20 : Training Loss: 6.5258159637, Validation Loss: 6.7368135452, Training R-squared: 0.3769074678, Validation R-squared: 0.3107077181
2023-11-23 12:55:18,282 - INFO - Epoch 21 : Training Loss: 6.4938340187, Validation Loss: 6.7578759193, Training R-squared: 0.3812629879, Validation R-squared: 0.3063582778
2023-11-23 12:55:31,927 - INFO - Epoch 22 : Training Loss: 6.4745774269, Validation Loss: 6.7227835655, Training R-squared: 0.3870325387, Validation R-squared: 0.3138174415
2023-11-23 12:55:45,824 - INFO - Epoch 23 : Training Loss: 6.4509434700, Validation Loss: 6.7155241966, Training R-squared: 0.3912301064, Validation R-squared: 0.3152818680
2023-11-23 12:55:59,552 - INFO - Epoch 24 : Training Loss: 6.4137129784, Validation Loss: 6.7038064003, Training R-squared: 0.3966704011, Validation R-squared: 0.3177091479
2023-11-23 12:56:13,777 - INFO - Epoch 25 : Training Loss: 6.3925833702, Validation Loss: 6.7112331390, Training R-squared: 0.4004748762, Validation R-squared: 0.3161236942
2023-11-23 12:56:27,546 - INFO - Epoch 26 : Training Loss: 6.3653059006, Validation Loss: 6.6947946548, Training R-squared: 0.4051446319, Validation R-squared: 0.3195040524
2023-11-23 12:56:41,083 - INFO - Epoch 27 : Training Loss: 6.3380923271, Validation Loss: 6.6578550339, Training R-squared: 0.4097115099, Validation R-squared: 0.3272378743
2023-11-23 12:56:55,114 - INFO - Epoch 28 : Training Loss: 6.3238015175, Validation Loss: 6.6952490807, Training R-squared: 0.4131022096, Validation R-squared: 0.3188344240
2023-11-23 12:57:09,165 - INFO - Epoch 29 : Training Loss: 6.2954578400, Validation Loss: 6.6496844292, Training R-squared: 0.4181871414, Validation R-squared: 0.3286144435
2023-11-23 12:57:22,735 - INFO - Epoch 30 : Training Loss: 6.2683353424, Validation Loss: 6.6309132576, Training R-squared: 0.4231588244, Validation R-squared: 0.3327745497
2023-11-23 12:57:36,649 - INFO - Epoch 31 : Training Loss: 6.2496719360, Validation Loss: 6.6691002846, Training R-squared: 0.4265282452, Validation R-squared: 0.3243322074
2023-11-23 12:57:50,418 - INFO - Epoch 32 : Training Loss: 6.2294397354, Validation Loss: 6.6311173439, Training R-squared: 0.4305772781, Validation R-squared: 0.3323258162
2023-11-23 12:58:04,997 - INFO - Epoch 33 : Training Loss: 6.2049245834, Validation Loss: 6.6497974396, Training R-squared: 0.4344694316, Validation R-squared: 0.3283653259
2023-11-23 12:58:18,552 - INFO - Epoch 34 : Training Loss: 6.1925787926, Validation Loss: 6.6169500351, Training R-squared: 0.4369089007, Validation R-squared: 0.3350249231
2023-11-23 12:58:31,949 - INFO - Epoch 35 : Training Loss: 6.1755456924, Validation Loss: 6.6627998352, Training R-squared: 0.4399549365, Validation R-squared: 0.3255794644
2023-11-23 12:58:45,483 - INFO - Epoch 36 : Training Loss: 6.1551814079, Validation Loss: 6.6016349792, Training R-squared: 0.4448517859, Validation R-squared: 0.3382665515
2023-11-23 12:58:59,142 - INFO - Epoch 37 : Training Loss: 6.1355328560, Validation Loss: 6.6430253983, Training R-squared: 0.4470529854, Validation R-squared: 0.3295293748
2023-11-23 12:59:12,450 - INFO - Epoch 38 : Training Loss: 6.1081290245, Validation Loss: 6.6092987061, Training R-squared: 0.4511200190, Validation R-squared: 0.3364398777
2023-11-23 12:59:26,275 - INFO - Epoch 39 : Training Loss: 6.0938291550, Validation Loss: 6.5882930756, Training R-squared: 0.4540185928, Validation R-squared: 0.3409238756
2023-11-23 12:59:39,993 - INFO - Epoch 40 : Training Loss: 6.0718569756, Validation Loss: 6.6354832649, Training R-squared: 0.4591913521, Validation R-squared: 0.3310343325
2023-11-23 12:59:53,445 - INFO - Epoch 41 : Training Loss: 6.0521016121, Validation Loss: 6.6157240868, Training R-squared: 0.4607389569, Validation R-squared: 0.3349751532
2023-11-23 13:00:07,063 - INFO - Epoch 42 : Training Loss: 6.0335154533, Validation Loss: 6.5627284050, Training R-squared: 0.4638088644, Validation R-squared: 0.3459833860
2023-11-23 13:00:21,163 - INFO - Epoch 43 : Training Loss: 6.0240383148, Validation Loss: 6.5632338524, Training R-squared: 0.4669911265, Validation R-squared: 0.3457673788
2023-11-23 13:00:34,810 - INFO - Epoch 44 : Training Loss: 6.0045390129, Validation Loss: 6.6558656693, Training R-squared: 0.4697713852, Validation R-squared: 0.3263387382
2023-11-23 13:00:48,034 - INFO - Epoch 45 : Training Loss: 5.9827899933, Validation Loss: 6.6187157631, Training R-squared: 0.4733534455, Validation R-squared: 0.3338526487
2023-11-23 13:01:01,508 - INFO - Epoch 46 : Training Loss: 5.9731755257, Validation Loss: 6.6083970070, Training R-squared: 0.4747669399, Validation R-squared: 0.3361814916
2023-11-23 13:01:14,748 - INFO - Epoch 47 : Training Loss: 5.9613580704, Validation Loss: 6.5971503258, Training R-squared: 0.4773145616, Validation R-squared: 0.3384774029
2023-11-23 13:01:30,058 - INFO - Model saved to models/portion_model/lunch/512_512_200_64/sparsity_40_fold_2_model.keras
2023-11-23 13:01:35,835 - INFO - Avg Metrics: RMSE: 5.3810214456, R-squared: -0.1777535426, PCC: 0.5025372596
2023-11-23 13:01:35,835 - INFO - Agg Metrics: RMSE: 6.6313099023, R-squared: 0.3410788409, PCC: 0.5905919600
2023-11-23 13:01:41,981 - INFO - ================================================================== Fold 3 ===================================================================
2023-11-23 13:02:00,449 - INFO - Epoch 1  : Training Loss: 8.0905609131, Validation Loss: 8.0291461945, Training R-squared: 0.0381742343, Validation R-squared: 0.0472376794
2023-11-23 13:02:13,319 - INFO - Epoch 2  : Training Loss: 7.8648390770, Validation Loss: 7.7357234955, Training R-squared: 0.0902555212, Validation R-squared: 0.1160976738
2023-11-23 13:02:26,461 - INFO - Epoch 3  : Training Loss: 7.5821247101, Validation Loss: 7.3765645027, Training R-squared: 0.1558795720, Validation R-squared: 0.1956992447
2023-11-23 13:02:39,465 - INFO - Epoch 4  : Training Loss: 7.2977418900, Validation Loss: 7.2788763046, Training R-squared: 0.2177995592, Validation R-squared: 0.2167979777
2023-11-23 13:02:52,503 - INFO - Epoch 5  : Training Loss: 7.1949429512, Validation Loss: 7.2031335831, Training R-squared: 0.2379894257, Validation R-squared: 0.2327448726
2023-11-23 13:03:05,523 - INFO - Epoch 6  : Training Loss: 7.1117181778, Validation Loss: 7.1571507454, Training R-squared: 0.2557961047, Validation R-squared: 0.2421863526
2023-11-23 13:03:18,448 - INFO - Epoch 7  : Training Loss: 7.0763092041, Validation Loss: 7.1380829811, Training R-squared: 0.2637164891, Validation R-squared: 0.2459997982
2023-11-23 13:03:31,519 - INFO - Epoch 8  : Training Loss: 7.0394082069, Validation Loss: 7.1263589859, Training R-squared: 0.2719191909, Validation R-squared: 0.2487822622
2023-11-23 13:03:44,825 - INFO - Epoch 9  : Training Loss: 7.0075216293, Validation Loss: 7.1128640175, Training R-squared: 0.2790382206, Validation R-squared: 0.2517684400
2023-11-23 13:03:58,645 - INFO - Epoch 10 : Training Loss: 6.9670042992, Validation Loss: 7.0954518318, Training R-squared: 0.2858564556, Validation R-squared: 0.2551424503
2023-11-23 13:04:11,514 - INFO - Epoch 11 : Training Loss: 6.9441871643, Validation Loss: 7.0865659714, Training R-squared: 0.2908471227, Validation R-squared: 0.2568168342
2023-11-23 13:04:25,064 - INFO - Epoch 12 : Training Loss: 6.9167141914, Validation Loss: 7.0838956833, Training R-squared: 0.2959955037, Validation R-squared: 0.2573175132
2023-11-23 13:04:37,789 - INFO - Epoch 13 : Training Loss: 6.8919143677, Validation Loss: 7.0669622421, Training R-squared: 0.3002277017, Validation R-squared: 0.2607579231
2023-11-23 13:04:50,751 - INFO - Epoch 14 : Training Loss: 6.8661828041, Validation Loss: 7.0404872894, Training R-squared: 0.3058156371, Validation R-squared: 0.2662131190
2023-11-23 13:05:03,700 - INFO - Epoch 15 : Training Loss: 6.8084545135, Validation Loss: 7.0139985085, Training R-squared: 0.3175720870, Validation R-squared: 0.2720005810
2023-11-23 13:05:16,823 - INFO - Epoch 16 : Training Loss: 6.7693843842, Validation Loss: 6.9812388420, Training R-squared: 0.3250655234, Validation R-squared: 0.2784200609
2023-11-23 13:05:30,085 - INFO - Epoch 17 : Training Loss: 6.7345690727, Validation Loss: 6.9619421959, Training R-squared: 0.3316935599, Validation R-squared: 0.2828378379
2023-11-23 13:05:42,882 - INFO - Epoch 18 : Training Loss: 6.7054352760, Validation Loss: 6.9463691711, Training R-squared: 0.3382501602, Validation R-squared: 0.2860549390
2023-11-23 13:05:56,035 - INFO - Epoch 19 : Training Loss: 6.6735954285, Validation Loss: 6.9387397766, Training R-squared: 0.3440793157, Validation R-squared: 0.2872651517
2023-11-23 13:06:08,797 - INFO - Epoch 20 : Training Loss: 6.6551723480, Validation Loss: 6.9340662956, Training R-squared: 0.3485304713, Validation R-squared: 0.2884019613
2023-11-23 13:06:22,611 - INFO - Epoch 21 : Training Loss: 6.6319680214, Validation Loss: 6.9289112091, Training R-squared: 0.3517718911, Validation R-squared: 0.2892408967
2023-11-23 13:06:35,614 - INFO - Epoch 22 : Training Loss: 6.5990576744, Validation Loss: 6.9034018517, Training R-squared: 0.3587993979, Validation R-squared: 0.2947237790
2023-11-23 13:06:48,562 - INFO - Epoch 23 : Training Loss: 6.5719747543, Validation Loss: 6.9227266312, Training R-squared: 0.3634977043, Validation R-squared: 0.2900912464
2023-11-23 13:07:01,648 - INFO - Epoch 24 : Training Loss: 6.5386953354, Validation Loss: 6.8729176521, Training R-squared: 0.3693951666, Validation R-squared: 0.3006344736
2023-11-23 13:07:15,224 - INFO - Epoch 25 : Training Loss: 6.5226197243, Validation Loss: 6.8653702736, Training R-squared: 0.3733030260, Validation R-squared: 0.3023742437
2023-11-23 13:07:29,175 - INFO - Epoch 26 : Training Loss: 6.4968867302, Validation Loss: 6.8493413925, Training R-squared: 0.3785243928, Validation R-squared: 0.3055979013
2023-11-23 13:07:43,138 - INFO - Epoch 27 : Training Loss: 6.4570236206, Validation Loss: 6.8282718658, Training R-squared: 0.3855805397, Validation R-squared: 0.3100274801
2023-11-23 13:07:57,063 - INFO - Epoch 28 : Training Loss: 6.4328055382, Validation Loss: 6.8192915916, Training R-squared: 0.3892724812, Validation R-squared: 0.3117587864
2023-11-23 13:08:11,119 - INFO - Epoch 29 : Training Loss: 6.4124484062, Validation Loss: 6.8352146149, Training R-squared: 0.3928183615, Validation R-squared: 0.3078599572
2023-11-23 13:08:25,458 - INFO - Epoch 30 : Training Loss: 6.3946852684, Validation Loss: 6.7997260094, Training R-squared: 0.3961123228, Validation R-squared: 0.3155250847
2023-11-23 13:08:38,706 - INFO - Epoch 31 : Training Loss: 6.3704915047, Validation Loss: 6.8113188744, Training R-squared: 0.4013051093, Validation R-squared: 0.3129210472
2023-11-23 13:08:51,766 - INFO - Epoch 32 : Training Loss: 6.3482832909, Validation Loss: 6.7948746681, Training R-squared: 0.4049443603, Validation R-squared: 0.3168422580
2023-11-23 13:09:04,708 - INFO - Epoch 33 : Training Loss: 6.3282170296, Validation Loss: 6.7879543304, Training R-squared: 0.4082062244, Validation R-squared: 0.3176575005
2023-11-23 13:09:18,129 - INFO - Epoch 34 : Training Loss: 6.3152050972, Validation Loss: 6.7753949165, Training R-squared: 0.4120040834, Validation R-squared: 0.3203707337
2023-11-23 13:09:31,242 - INFO - Epoch 35 : Training Loss: 6.2992658615, Validation Loss: 6.7728838921, Training R-squared: 0.4150879085, Validation R-squared: 0.3208260536
2023-11-23 13:09:44,196 - INFO - Epoch 36 : Training Loss: 6.2751145363, Validation Loss: 6.7527618408, Training R-squared: 0.4181823432, Validation R-squared: 0.3248482943
2023-11-23 13:09:57,453 - INFO - Epoch 37 : Training Loss: 6.2497606277, Validation Loss: 6.7475495338, Training R-squared: 0.4233740568, Validation R-squared: 0.3257694840
2023-11-23 13:10:10,646 - INFO - Epoch 38 : Training Loss: 6.2420001030, Validation Loss: 6.7617101669, Training R-squared: 0.4252380431, Validation R-squared: 0.3223219514
2023-11-23 13:10:23,726 - INFO - Epoch 39 : Training Loss: 6.2118129730, Validation Loss: 6.7776050568, Training R-squared: 0.4306996167, Validation R-squared: 0.3189181983
2023-11-23 13:10:37,205 - INFO - Epoch 40 : Training Loss: 6.1902070045, Validation Loss: 6.7274694443, Training R-squared: 0.4339823127, Validation R-squared: 0.3293555677
2023-11-23 13:10:51,268 - INFO - Epoch 41 : Training Loss: 6.1681432724, Validation Loss: 6.7385153770, Training R-squared: 0.4376004636, Validation R-squared: 0.3268710673
2023-11-23 13:11:05,181 - INFO - Epoch 42 : Training Loss: 6.1547865868, Validation Loss: 6.7009911537, Training R-squared: 0.4400843382, Validation R-squared: 0.3344883323
2023-11-23 13:11:20,037 - INFO - Epoch 43 : Training Loss: 6.1354250908, Validation Loss: 6.6927738190, Training R-squared: 0.4438183606, Validation R-squared: 0.3359043002
2023-11-23 13:11:33,352 - INFO - Epoch 44 : Training Loss: 6.1139850616, Validation Loss: 6.6749782562, Training R-squared: 0.4473550320, Validation R-squared: 0.3395620584
2023-11-23 13:11:46,461 - INFO - Epoch 45 : Training Loss: 6.0990920067, Validation Loss: 6.6786999702, Training R-squared: 0.4501476586, Validation R-squared: 0.3389473855
2023-11-23 13:11:59,349 - INFO - Epoch 46 : Training Loss: 6.0799784660, Validation Loss: 6.6936221123, Training R-squared: 0.4522587955, Validation R-squared: 0.3354852498
2023-11-23 13:12:12,620 - INFO - Epoch 47 : Training Loss: 6.0787997246, Validation Loss: 6.6926732063, Training R-squared: 0.4540670812, Validation R-squared: 0.3355573416
2023-11-23 13:12:25,880 - INFO - Epoch 48 : Training Loss: 6.0568423271, Validation Loss: 6.6668958664, Training R-squared: 0.4569361210, Validation R-squared: 0.3402472734
2023-11-23 13:12:38,709 - INFO - Epoch 49 : Training Loss: 6.0503301620, Validation Loss: 6.6657981873, Training R-squared: 0.4586901069, Validation R-squared: 0.3408777714
2023-11-23 13:12:51,927 - INFO - Epoch 50 : Training Loss: 6.0383024216, Validation Loss: 6.6652708054, Training R-squared: 0.4608808160, Validation R-squared: 0.3405954242
2023-11-23 13:13:04,887 - INFO - Epoch 51 : Training Loss: 6.0210251808, Validation Loss: 6.6905474663, Training R-squared: 0.4638108015, Validation R-squared: 0.3349224627
2023-11-23 13:13:18,074 - INFO - Epoch 52 : Training Loss: 6.0120396614, Validation Loss: 6.6761555672, Training R-squared: 0.4651270211, Validation R-squared: 0.3379172087
2023-11-23 13:13:31,328 - INFO - Epoch 53 : Training Loss: 6.0036234856, Validation Loss: 6.6586122513, Training R-squared: 0.4662836194, Validation R-squared: 0.3418225646
2023-11-23 13:13:44,253 - INFO - Epoch 54 : Training Loss: 5.9931154251, Validation Loss: 6.6424045563, Training R-squared: 0.4689764678, Validation R-squared: 0.3448948562
2023-11-23 13:13:58,580 - INFO - Epoch 55 : Training Loss: 5.9766168594, Validation Loss: 6.6679458618, Training R-squared: 0.4716616571, Validation R-squared: 0.3396257460
2023-11-23 13:14:12,041 - INFO - Epoch 56 : Training Loss: 5.9679431915, Validation Loss: 6.6272826195, Training R-squared: 0.4722501040, Validation R-squared: 0.3477473855
2023-11-23 13:14:25,229 - INFO - Epoch 57 : Training Loss: 5.9540529251, Validation Loss: 6.6864943504, Training R-squared: 0.4755816460, Validation R-squared: 0.3351492584
2023-11-23 13:14:38,185 - INFO - Epoch 58 : Training Loss: 5.9413127899, Validation Loss: 6.6457519531, Training R-squared: 0.4778490663, Validation R-squared: 0.3435760736
2023-11-23 13:14:51,438 - INFO - Epoch 59 : Training Loss: 5.9268717766, Validation Loss: 6.6448488235, Training R-squared: 0.4807895720, Validation R-squared: 0.3436342478
2023-11-23 13:15:04,219 - INFO - Epoch 60 : Training Loss: 5.9151086807, Validation Loss: 6.6692957878, Training R-squared: 0.4816441238, Validation R-squared: 0.3385938108
2023-11-23 13:15:17,620 - INFO - Epoch 61 : Training Loss: 5.9032144547, Validation Loss: 6.6313591003, Training R-squared: 0.4833529592, Validation R-squared: 0.3464906514
2023-11-23 13:15:34,803 - INFO - Model saved to models/portion_model/lunch/512_512_200_64/sparsity_40_fold_3_model.keras
2023-11-23 13:15:40,561 - INFO - Avg Metrics: RMSE: 5.3848684216, R-squared: -1.7286715598, PCC: 0.5154955057
2023-11-23 13:15:40,561 - INFO - Agg Metrics: RMSE: 6.6988655906, R-squared: 0.3467760349, PCC: 0.5938053002
2023-11-23 13:15:47,341 - INFO - ================================================================== Fold 4 ===================================================================
2023-11-23 13:16:05,843 - INFO - Epoch 1  : Training Loss: 8.0760822296, Validation Loss: 8.0840816498, Training R-squared: 0.0383443087, Validation R-squared: 0.0470611826
2023-11-23 13:16:19,257 - INFO - Epoch 2  : Training Loss: 7.8410425186, Validation Loss: 7.7726225853, Training R-squared: 0.0931053609, Validation R-squared: 0.1197834387
2023-11-23 13:16:32,264 - INFO - Epoch 3  : Training Loss: 7.5151219368, Validation Loss: 7.3641214371, Training R-squared: 0.1665647477, Validation R-squared: 0.2103702426
2023-11-23 13:16:44,987 - INFO - Epoch 4  : Training Loss: 7.1942148209, Validation Loss: 7.2104897499, Training R-squared: 0.2367185801, Validation R-squared: 0.2429636419
2023-11-23 13:16:58,045 - INFO - Epoch 5  : Training Loss: 7.0892343521, Validation Loss: 7.1845531464, Training R-squared: 0.2588690519, Validation R-squared: 0.2483494133
2023-11-23 13:17:11,191 - INFO - Epoch 6  : Training Loss: 7.0566906929, Validation Loss: 7.1938290596, Training R-squared: 0.2647841275, Validation R-squared: 0.2466021627
2023-11-23 13:17:24,277 - INFO - Epoch 7  : Training Loss: 7.0298652649, Validation Loss: 7.1814513206, Training R-squared: 0.2712918520, Validation R-squared: 0.2484613508
2023-11-23 13:17:37,142 - INFO - Epoch 8  : Training Loss: 6.9988222122, Validation Loss: 7.1667184830, Training R-squared: 0.2766751647, Validation R-squared: 0.2519408762
2023-11-23 13:17:50,173 - INFO - Epoch 9  : Training Loss: 6.9553937912, Validation Loss: 7.1558170319, Training R-squared: 0.2844350040, Validation R-squared: 0.2540816367
2023-11-23 13:18:03,229 - INFO - Epoch 10 : Training Loss: 6.9369359016, Validation Loss: 7.1397733688, Training R-squared: 0.2902006209, Validation R-squared: 0.2571500242
2023-11-23 13:18:16,201 - INFO - Epoch 11 : Training Loss: 6.8936977386, Validation Loss: 7.1137752533, Training R-squared: 0.2990623415, Validation R-squared: 0.2628156543
2023-11-23 13:18:29,286 - INFO - Epoch 12 : Training Loss: 6.8475956917, Validation Loss: 7.0793180466, Training R-squared: 0.3075087667, Validation R-squared: 0.2700490952
2023-11-23 13:18:42,180 - INFO - Epoch 13 : Training Loss: 6.7874236107, Validation Loss: 7.0437245369, Training R-squared: 0.3202108145, Validation R-squared: 0.2773208022
2023-11-23 13:18:55,119 - INFO - Epoch 14 : Training Loss: 6.7384972572, Validation Loss: 7.0080904961, Training R-squared: 0.3290591240, Validation R-squared: 0.2848082483
2023-11-23 13:19:08,189 - INFO - Epoch 15 : Training Loss: 6.6975979805, Validation Loss: 6.9889039993, Training R-squared: 0.3383075893, Validation R-squared: 0.2883303761
2023-11-23 13:19:21,551 - INFO - Epoch 16 : Training Loss: 6.6554193497, Validation Loss: 6.9704618454, Training R-squared: 0.3453481793, Validation R-squared: 0.2921933532
2023-11-23 13:19:34,329 - INFO - Epoch 17 : Training Loss: 6.6193375587, Validation Loss: 6.9660015106, Training R-squared: 0.3521690667, Validation R-squared: 0.2930007875
2023-11-23 13:19:47,326 - INFO - Epoch 18 : Training Loss: 6.5929327011, Validation Loss: 6.9700527191, Training R-squared: 0.3545861840, Validation R-squared: 0.2915933728
2023-11-23 13:20:00,309 - INFO - Epoch 19 : Training Loss: 6.5653104782, Validation Loss: 6.9278240204, Training R-squared: 0.3620047271, Validation R-squared: 0.3006643057
2023-11-23 13:20:13,408 - INFO - Epoch 20 : Training Loss: 6.5465073586, Validation Loss: 6.9185314178, Training R-squared: 0.3647780716, Validation R-squared: 0.3030116856
2023-11-23 13:20:26,598 - INFO - Epoch 21 : Training Loss: 6.5240445137, Validation Loss: 6.9286360741, Training R-squared: 0.3698720634, Validation R-squared: 0.3002017438
2023-11-23 13:20:39,289 - INFO - Epoch 22 : Training Loss: 6.4925436974, Validation Loss: 6.9085392952, Training R-squared: 0.3757894635, Validation R-squared: 0.3043145239
2023-11-23 13:20:52,263 - INFO - Epoch 23 : Training Loss: 6.4640269279, Validation Loss: 6.8877544403, Training R-squared: 0.3819540143, Validation R-squared: 0.3086581826
2023-11-23 13:21:05,088 - INFO - Epoch 24 : Training Loss: 6.4369220734, Validation Loss: 6.8597226143, Training R-squared: 0.3867595792, Validation R-squared: 0.3145682216
2023-11-23 13:21:18,505 - INFO - Epoch 25 : Training Loss: 6.4121732712, Validation Loss: 6.8652992249, Training R-squared: 0.3906001747, Validation R-squared: 0.3133952618
2023-11-23 13:21:31,745 - INFO - Epoch 26 : Training Loss: 6.3859710693, Validation Loss: 6.8521409035, Training R-squared: 0.3951868117, Validation R-squared: 0.3158483207
2023-11-23 13:21:44,567 - INFO - Epoch 27 : Training Loss: 6.3557085991, Validation Loss: 6.8491096497, Training R-squared: 0.4014838636, Validation R-squared: 0.3166714311
2023-11-23 13:21:57,621 - INFO - Epoch 28 : Training Loss: 6.3363356590, Validation Loss: 6.8495931625, Training R-squared: 0.4052284062, Validation R-squared: 0.3161030114
2023-11-23 13:22:10,493 - INFO - Epoch 29 : Training Loss: 6.3036332130, Validation Loss: 6.8599643707, Training R-squared: 0.4109823406, Validation R-squared: 0.3136048019
2023-11-23 13:22:24,328 - INFO - Epoch 30 : Training Loss: 6.2800879478, Validation Loss: 6.8450551033, Training R-squared: 0.4144561291, Validation R-squared: 0.3167969882
2023-11-23 13:22:37,278 - INFO - Epoch 31 : Training Loss: 6.2631273270, Validation Loss: 6.8249483109, Training R-squared: 0.4184221327, Validation R-squared: 0.3210793734
2023-11-23 13:22:50,113 - INFO - Epoch 32 : Training Loss: 6.2388863564, Validation Loss: 6.8574323654, Training R-squared: 0.4211384356, Validation R-squared: 0.3138748705
2023-11-23 13:23:03,097 - INFO - Epoch 33 : Training Loss: 6.2185978889, Validation Loss: 6.7966361046, Training R-squared: 0.4255057871, Validation R-squared: 0.3267965913
2023-11-23 13:23:15,996 - INFO - Epoch 34 : Training Loss: 6.2027397156, Validation Loss: 6.8080797195, Training R-squared: 0.4291708469, Validation R-squared: 0.3240978420
2023-11-23 13:23:29,071 - INFO - Epoch 35 : Training Loss: 6.1843328476, Validation Loss: 6.7965650558, Training R-squared: 0.4328454137, Validation R-squared: 0.3267096281
2023-11-23 13:23:42,081 - INFO - Epoch 36 : Training Loss: 6.1697449684, Validation Loss: 6.7888231277, Training R-squared: 0.4343855977, Validation R-squared: 0.3283226788
2023-11-23 13:23:56,652 - INFO - Epoch 37 : Training Loss: 6.1486520767, Validation Loss: 6.8031301498, Training R-squared: 0.4388527572, Validation R-squared: 0.3250734806
2023-11-23 13:24:09,798 - INFO - Epoch 38 : Training Loss: 6.1273036003, Validation Loss: 6.8063287735, Training R-squared: 0.4423165619, Validation R-squared: 0.3240778446
2023-11-23 13:24:23,091 - INFO - Epoch 39 : Training Loss: 6.1083927155, Validation Loss: 6.8521289825, Training R-squared: 0.4439472258, Validation R-squared: 0.3145050108
2023-11-23 13:24:35,886 - INFO - Epoch 40 : Training Loss: 6.0994491577, Validation Loss: 6.8228216171, Training R-squared: 0.4479756057, Validation R-squared: 0.3203027844
2023-11-23 13:24:48,798 - INFO - Epoch 41 : Training Loss: 6.0786728859, Validation Loss: 6.7919821739, Training R-squared: 0.4516524374, Validation R-squared: 0.3270775676
2023-11-23 13:25:04,028 - INFO - Model saved to models/portion_model/lunch/512_512_200_64/sparsity_40_fold_4_model.keras
2023-11-23 13:25:10,347 - INFO - Avg Metrics: RMSE: 5.5567559089, R-squared: 0.0186165010, PCC: 0.4830286048
2023-11-23 13:25:10,348 - INFO - Agg Metrics: RMSE: 6.8786204965, R-squared: 0.3218089507, PCC: 0.5711446736
2023-11-23 13:25:16,782 - INFO - ================================================================== Fold 5 ===================================================================
2023-11-23 13:25:39,947 - INFO - Epoch 1  : Training Loss: 8.0366983414, Validation Loss: 8.2231054306, Training R-squared: 0.0378924534, Validation R-squared: 0.0510867015
2023-11-23 13:25:55,808 - INFO - Epoch 2  : Training Loss: 7.8093295097, Validation Loss: 7.9224152565, Training R-squared: 0.0913951546, Validation R-squared: 0.1195910200
2023-11-23 13:26:10,996 - INFO - Epoch 3  : Training Loss: 7.5019898415, Validation Loss: 7.4626259804, Training R-squared: 0.1624744833, Validation R-squared: 0.2195536345
2023-11-23 13:26:26,702 - INFO - Epoch 4  : Training Loss: 7.1558170319, Validation Loss: 7.3382692337, Training R-squared: 0.2386141419, Validation R-squared: 0.2457168102
2023-11-23 13:26:41,981 - INFO - Epoch 5  : Training Loss: 7.0522232056, Validation Loss: 7.3222651482, Training R-squared: 0.2595384121, Validation R-squared: 0.2490586340
2023-11-23 13:26:57,279 - INFO - Epoch 6  : Training Loss: 7.0179891586, Validation Loss: 7.3133711815, Training R-squared: 0.2654241920, Validation R-squared: 0.2508845031
2023-11-23 13:27:12,198 - INFO - Epoch 7  : Training Loss: 6.9878797531, Validation Loss: 7.2986612320, Training R-squared: 0.2723228633, Validation R-squared: 0.2541293502
2023-11-23 13:27:26,533 - INFO - Epoch 8  : Training Loss: 6.9351215363, Validation Loss: 7.2769885063, Training R-squared: 0.2836059928, Validation R-squared: 0.2583980560
2023-11-23 13:27:40,528 - INFO - Epoch 9  : Training Loss: 6.8901705742, Validation Loss: 7.2559227943, Training R-squared: 0.2925857008, Validation R-squared: 0.2623712420
2023-11-23 13:27:54,595 - INFO - Epoch 10 : Training Loss: 6.8376779556, Validation Loss: 7.2127213478, Training R-squared: 0.3024839163, Validation R-squared: 0.2717395723
2023-11-23 13:28:08,710 - INFO - Epoch 11 : Training Loss: 6.7839164734, Validation Loss: 7.1804571152, Training R-squared: 0.3142741323, Validation R-squared: 0.2784629166
2023-11-23 13:28:23,117 - INFO - Epoch 12 : Training Loss: 6.7334151268, Validation Loss: 7.1584782600, Training R-squared: 0.3243048787, Validation R-squared: 0.2827385664
2023-11-23 13:28:37,091 - INFO - Epoch 13 : Training Loss: 6.6965661049, Validation Loss: 7.1330151558, Training R-squared: 0.3309069276, Validation R-squared: 0.2884654999
2023-11-23 13:28:51,018 - INFO - Epoch 14 : Training Loss: 6.6564197540, Validation Loss: 7.1105642319, Training R-squared: 0.3397459686, Validation R-squared: 0.2926396430
2023-11-23 13:29:05,353 - INFO - Epoch 15 : Training Loss: 6.6107659340, Validation Loss: 7.0961098671, Training R-squared: 0.3479607701, Validation R-squared: 0.2957932055
2023-11-23 13:29:19,686 - INFO - Epoch 16 : Training Loss: 6.5838551521, Validation Loss: 7.0762424469, Training R-squared: 0.3527483046, Validation R-squared: 0.2996144593
2023-11-23 13:29:33,768 - INFO - Epoch 17 : Training Loss: 6.5495581627, Validation Loss: 7.0577077866, Training R-squared: 0.3592609465, Validation R-squared: 0.3035975099
2023-11-23 13:29:47,930 - INFO - Epoch 18 : Training Loss: 6.5178318024, Validation Loss: 7.0395612717, Training R-squared: 0.3657089472, Validation R-squared: 0.3071154654
2023-11-23 13:30:01,749 - INFO - Epoch 19 : Training Loss: 6.4949083328, Validation Loss: 7.0506563187, Training R-squared: 0.3706392646, Validation R-squared: 0.3045299649
2023-11-23 13:30:15,824 - INFO - Epoch 20 : Training Loss: 6.4633407593, Validation Loss: 7.0229086876, Training R-squared: 0.3755617738, Validation R-squared: 0.3101959527
2023-11-23 13:30:30,183 - INFO - Epoch 21 : Training Loss: 6.4248738289, Validation Loss: 7.0319457054, Training R-squared: 0.3832177222, Validation R-squared: 0.3084490597
2023-11-23 13:30:44,270 - INFO - Epoch 22 : Training Loss: 6.4047031403, Validation Loss: 6.9990305901, Training R-squared: 0.3870236278, Validation R-squared: 0.3149962723
2023-11-23 13:30:58,645 - INFO - Epoch 23 : Training Loss: 6.3801684380, Validation Loss: 6.9905099869, Training R-squared: 0.3920593262, Validation R-squared: 0.3168342412
2023-11-23 13:31:12,769 - INFO - Epoch 24 : Training Loss: 6.3576436043, Validation Loss: 6.9770412445, Training R-squared: 0.3950487375, Validation R-squared: 0.3194831610
2023-11-23 13:31:27,084 - INFO - Epoch 25 : Training Loss: 6.3294758797, Validation Loss: 6.9540147781, Training R-squared: 0.4004038870, Validation R-squared: 0.3237504959
2023-11-23 13:31:41,092 - INFO - Epoch 26 : Training Loss: 6.3101015091, Validation Loss: 6.9615626335, Training R-squared: 0.4039946198, Validation R-squared: 0.3220912516
2023-11-23 13:31:55,168 - INFO - Epoch 27 : Training Loss: 6.2819204330, Validation Loss: 6.9429435730, Training R-squared: 0.4097220898, Validation R-squared: 0.3261427283
2023-11-23 13:32:09,734 - INFO - Epoch 28 : Training Loss: 6.2631511688, Validation Loss: 6.9299440384, Training R-squared: 0.4124633968, Validation R-squared: 0.3288120329
2023-11-23 13:32:24,057 - INFO - Epoch 29 : Training Loss: 6.2454104424, Validation Loss: 6.9202861786, Training R-squared: 0.4159657657, Validation R-squared: 0.3304515183
2023-11-23 13:32:38,394 - INFO - Epoch 30 : Training Loss: 6.2236180305, Validation Loss: 6.8989057541, Training R-squared: 0.4195998311, Validation R-squared: 0.3344975412
2023-11-23 13:32:52,495 - INFO - Epoch 31 : Training Loss: 6.2014632225, Validation Loss: 6.9217061996, Training R-squared: 0.4247408509, Validation R-squared: 0.3299375176
2023-11-23 13:33:06,385 - INFO - Epoch 32 : Training Loss: 6.1770725250, Validation Loss: 6.8868398666, Training R-squared: 0.4283294976, Validation R-squared: 0.3367486596
2023-11-23 13:33:21,135 - INFO - Epoch 33 : Training Loss: 6.1633977890, Validation Loss: 6.9002513885, Training R-squared: 0.4310307503, Validation R-squared: 0.3340336978
2023-11-23 13:33:35,138 - INFO - Epoch 34 : Training Loss: 6.1374135017, Validation Loss: 6.9017319679, Training R-squared: 0.4357582927, Validation R-squared: 0.3333091736
2023-11-23 13:33:49,888 - INFO - Epoch 35 : Training Loss: 6.1145577431, Validation Loss: 6.8988571167, Training R-squared: 0.4399681985, Validation R-squared: 0.3340299129
2023-11-23 13:34:04,650 - INFO - Epoch 36 : Training Loss: 6.1007137299, Validation Loss: 6.9060130119, Training R-squared: 0.4417642355, Validation R-squared: 0.3324171007
2023-11-23 13:34:19,088 - INFO - Epoch 37 : Training Loss: 6.0711836815, Validation Loss: 6.8799972534, Training R-squared: 0.4474335909, Validation R-squared: 0.3377245069
2023-11-23 13:34:33,274 - INFO - Epoch 38 : Training Loss: 6.0577349663, Validation Loss: 6.8358135223, Training R-squared: 0.4498069584, Validation R-squared: 0.3462596238
2023-11-23 13:34:47,223 - INFO - Epoch 39 : Training Loss: 6.0306587219, Validation Loss: 6.8225283623, Training R-squared: 0.4547998309, Validation R-squared: 0.3489577472
2023-11-23 13:35:01,447 - INFO - Epoch 40 : Training Loss: 6.0120911598, Validation Loss: 6.8391661644, Training R-squared: 0.4578876793, Validation R-squared: 0.3452031314
2023-11-23 13:35:15,866 - INFO - Epoch 41 : Training Loss: 5.9807744026, Validation Loss: 6.8133444786, Training R-squared: 0.4630721211, Validation R-squared: 0.3503038287
2023-11-23 13:35:30,215 - INFO - Epoch 42 : Training Loss: 5.9614391327, Validation Loss: 6.8237700462, Training R-squared: 0.4661877751, Validation R-squared: 0.3481311202
2023-11-23 13:35:44,275 - INFO - Epoch 43 : Training Loss: 5.9495964050, Validation Loss: 6.8708381653, Training R-squared: 0.4695694149, Validation R-squared: 0.3384452164
2023-11-23 13:35:58,426 - INFO - Epoch 44 : Training Loss: 5.9440336227, Validation Loss: 6.8301734924, Training R-squared: 0.4703928828, Validation R-squared: 0.3466261625
2023-11-23 13:36:12,565 - INFO - Epoch 45 : Training Loss: 5.9177498817, Validation Loss: 6.8189558983, Training R-squared: 0.4752123654, Validation R-squared: 0.3487880826
2023-11-23 13:36:26,795 - INFO - Epoch 46 : Training Loss: 5.9033250809, Validation Loss: 6.8153858185, Training R-squared: 0.4778726101, Validation R-squared: 0.3493893743
2023-11-23 13:36:43,650 - INFO - Model saved to models/portion_model/lunch/512_512_200_64/sparsity_40_fold_5_model.keras
2023-11-23 13:36:50,022 - INFO - Avg Metrics: RMSE: 5.4330976890, R-squared: -0.9321034119, PCC: 0.5126280607
2023-11-23 13:36:50,022 - INFO - Agg Metrics: RMSE: 6.9328897354, R-squared: 0.3391187093, PCC: 0.5862110925
2023-11-23 13:37:05,389 - INFO - ================================================================== Results Summary ===================================================================
2023-11-23 13:37:05,390 - INFO - CrossVal Metrics (Avg.) - RMSE: 5.4539076526 ± 0.0702511255, R2: -0.6724097546 ± 0.0702511255, PCC: 0.4959296369 ± 0.0702511255
2023-11-23 13:37:05,390 - INFO - Testing  Metrics (Avg.) - RMSE: 5.4407325610, R2: -1.3160721994, PCC: 0.4730042575
2023-11-23 13:37:05,390 - INFO - CrossVal Metrics (Agg.) - RMSE: 6.7877076358 ± 0.0702511255, R2: 0.3332417796 ± 0.0702511255, PCC: 0.5819113453 ± 0.0702511255
2023-11-23 13:37:05,390 - INFO - Testing  Metrics (Agg.) - RMSE: 6.6677910995, R2: 0.3293656647, PCC: 0.5777717237
