2023-11-23 06:07:29,985 - INFO - Training model at 15% sparse columns removed...
2023-11-23 06:07:38,651 - INFO - ================================================================== Fold 1 ===================================================================
2023-11-23 06:08:06,698 - INFO - Epoch 1  : Training Loss: 6.7870483398, Validation Loss: 6.7002134323, Training R-squared: 0.0388519131, Validation R-squared: 0.0515741035
2023-11-23 06:08:26,117 - INFO - Epoch 2  : Training Loss: 6.5874433517, Validation Loss: 6.4796757698, Training R-squared: 0.0945607051, Validation R-squared: 0.1131739840
2023-11-23 06:08:45,357 - INFO - Epoch 3  : Training Loss: 6.4280152321, Validation Loss: 6.2392854691, Training R-squared: 0.1399510652, Validation R-squared: 0.1777895242
2023-11-23 06:09:04,668 - INFO - Epoch 4  : Training Loss: 6.0894546509, Validation Loss: 6.0119690895, Training R-squared: 0.2277171165, Validation R-squared: 0.2357285917
2023-11-23 06:09:24,188 - INFO - Epoch 5  : Training Loss: 5.9674229622, Validation Loss: 5.9800801277, Training R-squared: 0.2571195364, Validation R-squared: 0.2442815304
2023-11-23 06:09:43,211 - INFO - Epoch 6  : Training Loss: 5.9249606133, Validation Loss: 5.9636082649, Training R-squared: 0.2681814134, Validation R-squared: 0.2479831129
2023-11-23 06:10:02,442 - INFO - Epoch 7  : Training Loss: 5.8909506798, Validation Loss: 5.9525809288, Training R-squared: 0.2763293684, Validation R-squared: 0.2508858442
2023-11-23 06:10:22,069 - INFO - Epoch 8  : Training Loss: 5.8654165268, Validation Loss: 5.9453272820, Training R-squared: 0.2821719646, Validation R-squared: 0.2528457344
2023-11-23 06:10:41,312 - INFO - Epoch 9  : Training Loss: 5.8416128159, Validation Loss: 5.9417552948, Training R-squared: 0.2878869474, Validation R-squared: 0.2536593974
2023-11-23 06:11:00,533 - INFO - Epoch 10 : Training Loss: 5.8184738159, Validation Loss: 5.9332604408, Training R-squared: 0.2935533524, Validation R-squared: 0.2558656335
2023-11-23 06:11:20,202 - INFO - Epoch 11 : Training Loss: 5.7887368202, Validation Loss: 5.9242815971, Training R-squared: 0.2990747988, Validation R-squared: 0.2584905624
2023-11-23 06:11:39,403 - INFO - Epoch 12 : Training Loss: 5.7730326653, Validation Loss: 5.9217495918, Training R-squared: 0.3043125272, Validation R-squared: 0.2587122023
2023-11-23 06:11:58,617 - INFO - Epoch 13 : Training Loss: 5.7456455231, Validation Loss: 5.9045839310, Training R-squared: 0.3104312420, Validation R-squared: 0.2633998394
2023-11-23 06:12:17,968 - INFO - Epoch 14 : Training Loss: 5.7116537094, Validation Loss: 5.8847823143, Training R-squared: 0.3185819387, Validation R-squared: 0.2683913708
2023-11-23 06:12:37,120 - INFO - Epoch 15 : Training Loss: 5.6784224510, Validation Loss: 5.8559436798, Training R-squared: 0.3262761235, Validation R-squared: 0.2754525840
2023-11-23 06:12:56,813 - INFO - Epoch 16 : Training Loss: 5.6419487000, Validation Loss: 5.8333058357, Training R-squared: 0.3356937170, Validation R-squared: 0.2810857296
2023-11-23 06:13:15,969 - INFO - Epoch 17 : Training Loss: 5.6048698425, Validation Loss: 5.8229899406, Training R-squared: 0.3431083560, Validation R-squared: 0.2834532261
2023-11-23 06:13:35,766 - INFO - Epoch 18 : Training Loss: 5.5737819672, Validation Loss: 5.7996549606, Training R-squared: 0.3506056964, Validation R-squared: 0.2893168330
2023-11-23 06:13:55,932 - INFO - Epoch 19 : Training Loss: 5.5462131500, Validation Loss: 5.7902016640, Training R-squared: 0.3571149707, Validation R-squared: 0.2913722694
2023-11-23 06:14:15,256 - INFO - Epoch 20 : Training Loss: 5.5217676163, Validation Loss: 5.7975182533, Training R-squared: 0.3622431159, Validation R-squared: 0.2893222570
2023-11-23 06:14:34,417 - INFO - Epoch 21 : Training Loss: 5.5016198158, Validation Loss: 5.7624206543, Training R-squared: 0.3663198054, Validation R-squared: 0.2980962396
2023-11-23 06:14:53,635 - INFO - Epoch 22 : Training Loss: 5.4827651978, Validation Loss: 5.7621197701, Training R-squared: 0.3713735938, Validation R-squared: 0.2981196642
2023-11-23 06:15:12,792 - INFO - Epoch 23 : Training Loss: 5.4700613022, Validation Loss: 5.7533383369, Training R-squared: 0.3743087053, Validation R-squared: 0.3000985980
2023-11-23 06:15:33,220 - INFO - Epoch 24 : Training Loss: 5.4486041069, Validation Loss: 5.7526803017, Training R-squared: 0.3796780407, Validation R-squared: 0.3001666665
2023-11-23 06:15:53,548 - INFO - Epoch 25 : Training Loss: 5.4355683327, Validation Loss: 5.7498183250, Training R-squared: 0.3814881444, Validation R-squared: 0.3007200956
2023-11-23 06:16:12,743 - INFO - Epoch 26 : Training Loss: 5.4222321510, Validation Loss: 5.7499599457, Training R-squared: 0.3846719563, Validation R-squared: 0.3004505932
2023-11-23 06:16:32,022 - INFO - Epoch 27 : Training Loss: 5.4022741318, Validation Loss: 5.7402744293, Training R-squared: 0.3886038661, Validation R-squared: 0.3026409447
2023-11-23 06:16:51,325 - INFO - Epoch 28 : Training Loss: 5.3885064125, Validation Loss: 5.7491559982, Training R-squared: 0.3911748230, Validation R-squared: 0.3007493615
2023-11-23 06:17:10,650 - INFO - Epoch 29 : Training Loss: 5.3719172478, Validation Loss: 5.7408294678, Training R-squared: 0.3951224089, Validation R-squared: 0.3024053574
2023-11-23 06:17:30,160 - INFO - Epoch 30 : Training Loss: 5.3596739769, Validation Loss: 5.7235617638, Training R-squared: 0.3983119428, Validation R-squared: 0.3067452610
2023-11-23 06:17:49,496 - INFO - Epoch 31 : Training Loss: 5.3410940170, Validation Loss: 5.7407021523, Training R-squared: 0.4017692506, Validation R-squared: 0.3020421863
2023-11-23 06:18:08,812 - INFO - Epoch 32 : Training Loss: 5.3264384270, Validation Loss: 5.7193064690, Training R-squared: 0.4057173431, Validation R-squared: 0.3073745370
2023-11-23 06:18:28,257 - INFO - Epoch 33 : Training Loss: 5.3077058792, Validation Loss: 5.6982755661, Training R-squared: 0.4096477628, Validation R-squared: 0.3126949668
2023-11-23 06:18:47,755 - INFO - Epoch 34 : Training Loss: 5.2871603966, Validation Loss: 5.6946201324, Training R-squared: 0.4121169448, Validation R-squared: 0.3135298193
2023-11-23 06:19:07,001 - INFO - Epoch 35 : Training Loss: 5.2753019333, Validation Loss: 5.6962785721, Training R-squared: 0.4154802561, Validation R-squared: 0.3126460314
2023-11-23 06:19:26,374 - INFO - Epoch 36 : Training Loss: 5.2581934929, Validation Loss: 5.6946215630, Training R-squared: 0.4199058115, Validation R-squared: 0.3129377663
2023-11-23 06:19:45,876 - INFO - Epoch 37 : Training Loss: 5.2412986755, Validation Loss: 5.7058205605, Training R-squared: 0.4236539006, Validation R-squared: 0.3098615110
2023-11-23 06:20:05,068 - INFO - Epoch 38 : Training Loss: 5.2215247154, Validation Loss: 5.6913900375, Training R-squared: 0.4275781214, Validation R-squared: 0.3131731749
2023-11-23 06:20:24,774 - INFO - Epoch 39 : Training Loss: 5.2079639435, Validation Loss: 5.6936202049, Training R-squared: 0.4305405021, Validation R-squared: 0.3125341535
2023-11-23 06:20:43,871 - INFO - Epoch 40 : Training Loss: 5.1970806122, Validation Loss: 5.6912102699, Training R-squared: 0.4329870939, Validation R-squared: 0.3129382133
2023-11-23 06:21:03,062 - INFO - Epoch 41 : Training Loss: 5.1729054451, Validation Loss: 5.6761436462, Training R-squared: 0.4372716844, Validation R-squared: 0.3164504468
2023-11-23 06:21:23,299 - INFO - Epoch 42 : Training Loss: 5.1656570435, Validation Loss: 5.6955528259, Training R-squared: 0.4398262799, Validation R-squared: 0.3118448853
2023-11-23 06:21:42,607 - INFO - Epoch 43 : Training Loss: 5.1596398354, Validation Loss: 5.6898159981, Training R-squared: 0.4414322078, Validation R-squared: 0.3125030696
2023-11-23 06:22:02,090 - INFO - Epoch 44 : Training Loss: 5.1390643120, Validation Loss: 5.6775121689, Training R-squared: 0.4450314045, Validation R-squared: 0.3154338598
2023-11-23 06:22:21,678 - INFO - Epoch 45 : Training Loss: 5.1336102486, Validation Loss: 5.6907773018, Training R-squared: 0.4471829534, Validation R-squared: 0.3120136857
2023-11-23 06:22:41,034 - INFO - Epoch 46 : Training Loss: 5.1178812981, Validation Loss: 5.6747465134, Training R-squared: 0.4486369193, Validation R-squared: 0.3161958158
2023-11-23 06:23:00,250 - INFO - Epoch 47 : Training Loss: 5.1112160683, Validation Loss: 5.6582555771, Training R-squared: 0.4503206611, Validation R-squared: 0.3201320767
2023-11-23 06:23:19,861 - INFO - Epoch 48 : Training Loss: 5.0924968719, Validation Loss: 5.6795520782, Training R-squared: 0.4543990791, Validation R-squared: 0.3142600060
2023-11-23 06:23:39,031 - INFO - Epoch 49 : Training Loss: 5.0828204155, Validation Loss: 5.6662735939, Training R-squared: 0.4567114413, Validation R-squared: 0.3177194595
2023-11-23 06:24:00,297 - INFO - Epoch 50 : Training Loss: 5.0757489204, Validation Loss: 5.6688241959, Training R-squared: 0.4574903250, Validation R-squared: 0.3167074323
2023-11-23 06:24:19,812 - INFO - Epoch 51 : Training Loss: 5.0620141029, Validation Loss: 5.6581473351, Training R-squared: 0.4599223435, Validation R-squared: 0.3195250332
2023-11-23 06:24:39,167 - INFO - Epoch 52 : Training Loss: 5.0462784767, Validation Loss: 5.7044224739, Training R-squared: 0.4640441537, Validation R-squared: 0.3069066405
2023-11-23 06:24:58,534 - INFO - Epoch 53 : Training Loss: 5.0383930206, Validation Loss: 5.7060785294, Training R-squared: 0.4666350186, Validation R-squared: 0.3066824079
2023-11-23 06:25:17,847 - INFO - Epoch 54 : Training Loss: 5.0320630074, Validation Loss: 5.6735682487, Training R-squared: 0.4667324424, Validation R-squared: 0.3149104416
2023-11-23 06:25:37,096 - INFO - Epoch 55 : Training Loss: 5.0221652985, Validation Loss: 5.6958403587, Training R-squared: 0.4688414037, Validation R-squared: 0.3088579476
2023-11-23 06:25:56,590 - INFO - Epoch 56 : Training Loss: 5.0171122551, Validation Loss: 5.6667137146, Training R-squared: 0.4712242782, Validation R-squared: 0.3161722720
2023-11-23 06:26:15,570 - INFO - Model saved to models/portion_model/lunch/512_512_200_64/sparsity_15_fold_1_model.keras
2023-11-23 06:26:21,641 - INFO - Avg Metrics: RMSE: 4.6252412841, R-squared: -0.2994920344, PCC: 0.4860757519
2023-11-23 06:26:21,641 - INFO - Agg Metrics: RMSE: 5.7172337936, R-squared: 0.3195257126, PCC: 0.5754803592
2023-11-23 06:26:28,396 - INFO - ================================================================== Fold 2 ===================================================================
2023-11-23 06:26:58,849 - INFO - Epoch 1  : Training Loss: 6.7912187576, Validation Loss: 6.6467480659, Training R-squared: 0.0397460088, Validation R-squared: 0.0578636713
2023-11-23 06:27:22,121 - INFO - Epoch 2  : Training Loss: 6.5777101517, Validation Loss: 6.4229536057, Training R-squared: 0.0999542624, Validation R-squared: 0.1204583421
2023-11-23 06:27:44,709 - INFO - Epoch 3  : Training Loss: 6.3597207069, Validation Loss: 6.1115541458, Training R-squared: 0.1590764672, Validation R-squared: 0.2035437375
2023-11-23 06:28:05,486 - INFO - Epoch 4  : Training Loss: 6.1108641624, Validation Loss: 5.9973278046, Training R-squared: 0.2232160866, Validation R-squared: 0.2328852564
2023-11-23 06:28:26,507 - INFO - Epoch 5  : Training Loss: 5.9974479675, Validation Loss: 5.9411888123, Training R-squared: 0.2510904670, Validation R-squared: 0.2471189350
2023-11-23 06:28:47,046 - INFO - Epoch 6  : Training Loss: 5.9534244537, Validation Loss: 5.9301409721, Training R-squared: 0.2637308538, Validation R-squared: 0.2501322925
2023-11-23 06:29:07,799 - INFO - Epoch 7  : Training Loss: 5.9190926552, Validation Loss: 5.9244527817, Training R-squared: 0.2714782655, Validation R-squared: 0.2511960268
2023-11-23 06:29:29,047 - INFO - Epoch 8  : Training Loss: 5.8941111565, Validation Loss: 5.9173188210, Training R-squared: 0.2762911022, Validation R-squared: 0.2531981468
2023-11-23 06:29:49,716 - INFO - Epoch 9  : Training Loss: 5.8663086891, Validation Loss: 5.9123601913, Training R-squared: 0.2840913534, Validation R-squared: 0.2543568313
2023-11-23 06:30:10,494 - INFO - Epoch 10 : Training Loss: 5.8359103203, Validation Loss: 5.8990283012, Training R-squared: 0.2909629643, Validation R-squared: 0.2578310072
2023-11-23 06:30:32,227 - INFO - Epoch 11 : Training Loss: 5.8185310364, Validation Loss: 5.9020152092, Training R-squared: 0.2951489687, Validation R-squared: 0.2567233741
2023-11-23 06:30:52,881 - INFO - Epoch 12 : Training Loss: 5.7975587845, Validation Loss: 5.8883895874, Training R-squared: 0.3012951910, Validation R-squared: 0.2601521313
2023-11-23 06:31:13,596 - INFO - Epoch 13 : Training Loss: 5.7635216713, Validation Loss: 5.8732018471, Training R-squared: 0.3078445196, Validation R-squared: 0.2637214363
2023-11-23 06:31:34,733 - INFO - Epoch 14 : Training Loss: 5.7326445580, Validation Loss: 5.8556003571, Training R-squared: 0.3151701689, Validation R-squared: 0.2682184577
2023-11-23 06:31:55,491 - INFO - Epoch 15 : Training Loss: 5.7024388313, Validation Loss: 5.8414192200, Training R-squared: 0.3225767910, Validation R-squared: 0.2719352841
2023-11-23 06:32:16,547 - INFO - Epoch 16 : Training Loss: 5.6748695374, Validation Loss: 5.8458971977, Training R-squared: 0.3281404674, Validation R-squared: 0.2700570822
2023-11-23 06:32:37,320 - INFO - Epoch 17 : Training Loss: 5.6508426666, Validation Loss: 5.8197832108, Training R-squared: 0.3348417878, Validation R-squared: 0.2769597173
2023-11-23 06:32:58,067 - INFO - Epoch 18 : Training Loss: 5.6239943504, Validation Loss: 5.8105092049, Training R-squared: 0.3397959173, Validation R-squared: 0.2791551054
2023-11-23 06:33:19,018 - INFO - Epoch 19 : Training Loss: 5.5960779190, Validation Loss: 5.8073163033, Training R-squared: 0.3471688926, Validation R-squared: 0.2801497877
2023-11-23 06:33:39,819 - INFO - Epoch 20 : Training Loss: 5.5749344826, Validation Loss: 5.8006701469, Training R-squared: 0.3508737087, Validation R-squared: 0.2815088630
2023-11-23 06:34:01,843 - INFO - Epoch 21 : Training Loss: 5.5546298027, Validation Loss: 5.7663798332, Training R-squared: 0.3546039760, Validation R-squared: 0.2900454402
2023-11-23 06:34:23,216 - INFO - Epoch 22 : Training Loss: 5.5261693001, Validation Loss: 5.7657117844, Training R-squared: 0.3636972308, Validation R-squared: 0.2898723483
2023-11-23 06:34:43,880 - INFO - Epoch 23 : Training Loss: 5.4900155067, Validation Loss: 5.7642855644, Training R-squared: 0.3708778024, Validation R-squared: 0.2900264561
2023-11-23 06:35:04,671 - INFO - Epoch 24 : Training Loss: 5.4550948143, Validation Loss: 5.7154254913, Training R-squared: 0.3783444464, Validation R-squared: 0.3023289442
2023-11-23 06:35:26,106 - INFO - Epoch 25 : Training Loss: 5.4246587753, Validation Loss: 5.7113280296, Training R-squared: 0.3849176466, Validation R-squared: 0.3029166460
2023-11-23 06:35:46,958 - INFO - Epoch 26 : Training Loss: 5.3953170776, Validation Loss: 5.6968069077, Training R-squared: 0.3908778429, Validation R-squared: 0.3060379624
2023-11-23 06:36:08,018 - INFO - Epoch 27 : Training Loss: 5.3725867271, Validation Loss: 5.6625323296, Training R-squared: 0.3973443210, Validation R-squared: 0.3143339455
2023-11-23 06:36:28,916 - INFO - Epoch 28 : Training Loss: 5.3457345963, Validation Loss: 5.6820449829, Training R-squared: 0.4028463662, Validation R-squared: 0.3090843856
2023-11-23 06:36:49,587 - INFO - Epoch 29 : Training Loss: 5.3167219162, Validation Loss: 5.6582460403, Training R-squared: 0.4071582258, Validation R-squared: 0.3147363663
2023-11-23 06:37:10,297 - INFO - Epoch 30 : Training Loss: 5.2881488800, Validation Loss: 5.6572794914, Training R-squared: 0.4150489271, Validation R-squared: 0.3150385618
2023-11-23 06:37:31,890 - INFO - Epoch 31 : Training Loss: 5.2698674202, Validation Loss: 5.6452503204, Training R-squared: 0.4195363522, Validation R-squared: 0.3175522983
2023-11-23 06:37:53,337 - INFO - Epoch 32 : Training Loss: 5.2501764297, Validation Loss: 5.6411418915, Training R-squared: 0.4227067530, Validation R-squared: 0.3183473647
2023-11-23 06:38:14,306 - INFO - Epoch 33 : Training Loss: 5.2350497246, Validation Loss: 5.6064801216, Training R-squared: 0.4267761409, Validation R-squared: 0.3271439373
2023-11-23 06:38:35,023 - INFO - Epoch 34 : Training Loss: 5.2197909355, Validation Loss: 5.6021137238, Training R-squared: 0.4292361736, Validation R-squared: 0.3280766308
2023-11-23 06:38:55,870 - INFO - Epoch 35 : Training Loss: 5.2100129128, Validation Loss: 5.6174831390, Training R-squared: 0.4322813153, Validation R-squared: 0.3239533305
2023-11-23 06:39:17,030 - INFO - Epoch 36 : Training Loss: 5.1962656975, Validation Loss: 5.6105461121, Training R-squared: 0.4355897605, Validation R-squared: 0.3260613680
2023-11-23 06:39:38,027 - INFO - Epoch 37 : Training Loss: 5.1821851730, Validation Loss: 5.6196293831, Training R-squared: 0.4388459921, Validation R-squared: 0.3230860531
2023-11-23 06:39:58,806 - INFO - Epoch 38 : Training Loss: 5.1730508804, Validation Loss: 5.6092476845, Training R-squared: 0.4395087957, Validation R-squared: 0.3254055977
2023-11-23 06:40:19,786 - INFO - Epoch 39 : Training Loss: 5.1604533195, Validation Loss: 5.5995759964, Training R-squared: 0.4429240525, Validation R-squared: 0.3279765844
2023-11-23 06:40:40,337 - INFO - Epoch 40 : Training Loss: 5.1437973976, Validation Loss: 5.6011877060, Training R-squared: 0.4461326599, Validation R-squared: 0.3275130391
2023-11-23 06:41:01,218 - INFO - Epoch 41 : Training Loss: 5.1336350441, Validation Loss: 5.6386747360, Training R-squared: 0.4487506747, Validation R-squared: 0.3177385628
2023-11-23 06:41:22,357 - INFO - Epoch 42 : Training Loss: 5.1219644547, Validation Loss: 5.6280345917, Training R-squared: 0.4509449601, Validation R-squared: 0.3202432692
2023-11-23 06:41:43,373 - INFO - Epoch 43 : Training Loss: 5.1087040901, Validation Loss: 5.5916857719, Training R-squared: 0.4536096454, Validation R-squared: 0.3295030296
2023-11-23 06:42:04,180 - INFO - Epoch 44 : Training Loss: 5.0919046402, Validation Loss: 5.5800838470, Training R-squared: 0.4577398002, Validation R-squared: 0.3325083256
2023-11-23 06:42:25,355 - INFO - Epoch 45 : Training Loss: 5.0795331001, Validation Loss: 5.6094293594, Training R-squared: 0.4600735307, Validation R-squared: 0.3245626092
2023-11-23 06:42:46,172 - INFO - Epoch 46 : Training Loss: 5.0713510513, Validation Loss: 5.5890793800, Training R-squared: 0.4609844685, Validation R-squared: 0.3298223317
2023-11-23 06:43:06,985 - INFO - Epoch 47 : Training Loss: 5.0536794662, Validation Loss: 5.5957565308, Training R-squared: 0.4641213715, Validation R-squared: 0.3274873197
2023-11-23 06:43:28,275 - INFO - Epoch 48 : Training Loss: 5.0421123505, Validation Loss: 5.5843982697, Training R-squared: 0.4675025940, Validation R-squared: 0.3304502964
2023-11-23 06:43:49,722 - INFO - Epoch 49 : Training Loss: 5.0314335823, Validation Loss: 5.5544238091, Training R-squared: 0.4681315720, Validation R-squared: 0.3377327621
2023-11-23 06:44:11,127 - INFO - Epoch 50 : Training Loss: 5.0194077492, Validation Loss: 5.5944976807, Training R-squared: 0.4718056321, Validation R-squared: 0.3277573884
2023-11-23 06:44:32,114 - INFO - Epoch 51 : Training Loss: 5.0105724335, Validation Loss: 5.5929055214, Training R-squared: 0.4734744132, Validation R-squared: 0.3275618553
2023-11-23 06:44:53,171 - INFO - Epoch 52 : Training Loss: 4.9976072311, Validation Loss: 5.5882101059, Training R-squared: 0.4762304127, Validation R-squared: 0.3290012181
2023-11-23 06:45:14,082 - INFO - Epoch 53 : Training Loss: 4.9823789597, Validation Loss: 5.5638365746, Training R-squared: 0.4793131649, Validation R-squared: 0.3345820904
2023-11-23 06:45:35,167 - INFO - Epoch 54 : Training Loss: 4.9718694687, Validation Loss: 5.5603780746, Training R-squared: 0.4800622463, Validation R-squared: 0.3354479969
2023-11-23 06:45:57,012 - INFO - Model saved to models/portion_model/lunch/512_512_200_64/sparsity_15_fold_2_model.keras
2023-11-23 06:46:03,151 - INFO - Avg Metrics: RMSE: 4.6018312003, R-squared: -0.0206806381, PCC: 0.5032413585
2023-11-23 06:46:03,151 - INFO - Agg Metrics: RMSE: 5.5953113623, R-squared: 0.3402215347, PCC: 0.5902248262
2023-11-23 06:46:10,036 - INFO - ================================================================== Fold 3 ===================================================================
2023-11-23 06:46:42,238 - INFO - Epoch 1  : Training Loss: 6.7792630196, Validation Loss: 6.7093849182, Training R-squared: 0.0405089855, Validation R-squared: 0.0544797219
2023-11-23 06:47:03,214 - INFO - Epoch 2  : Training Loss: 6.5687747002, Validation Loss: 6.5013551712, Training R-squared: 0.1005785912, Validation R-squared: 0.1129023284
2023-11-23 06:47:24,412 - INFO - Epoch 3  : Training Loss: 6.3226795197, Validation Loss: 6.1540298462, Training R-squared: 0.1658530235, Validation R-squared: 0.2040077597
2023-11-23 06:47:45,345 - INFO - Epoch 4  : Training Loss: 6.0552611351, Validation Loss: 6.0428819656, Training R-squared: 0.2352560312, Validation R-squared: 0.2326211184
2023-11-23 06:48:05,997 - INFO - Epoch 5  : Training Loss: 5.9714250565, Validation Loss: 6.0175900459, Training R-squared: 0.2559335828, Validation R-squared: 0.2393686324
2023-11-23 06:48:26,942 - INFO - Epoch 6  : Training Loss: 5.9369320869, Validation Loss: 6.0081915855, Training R-squared: 0.2632220984, Validation R-squared: 0.2414345294
2023-11-23 06:48:47,465 - INFO - Epoch 7  : Training Loss: 5.9144964218, Validation Loss: 5.9947957993, Training R-squared: 0.2696545422, Validation R-squared: 0.2449929714
2023-11-23 06:49:08,769 - INFO - Epoch 8  : Training Loss: 5.8750905991, Validation Loss: 5.9797935486, Training R-squared: 0.2788159549, Validation R-squared: 0.2486564517
2023-11-23 06:49:29,654 - INFO - Epoch 9  : Training Loss: 5.8450193405, Validation Loss: 5.9687676430, Training R-squared: 0.2870338857, Validation R-squared: 0.2516643405
2023-11-23 06:49:50,283 - INFO - Epoch 10 : Training Loss: 5.8213410378, Validation Loss: 5.9671239853, Training R-squared: 0.2929407954, Validation R-squared: 0.2524523139
2023-11-23 06:50:10,913 - INFO - Epoch 11 : Training Loss: 5.7955975533, Validation Loss: 5.9556484222, Training R-squared: 0.2981155217, Validation R-squared: 0.2550686002
2023-11-23 06:50:31,845 - INFO - Epoch 12 : Training Loss: 5.7800798416, Validation Loss: 5.9546074867, Training R-squared: 0.3022432625, Validation R-squared: 0.2554931641
2023-11-23 06:50:52,536 - INFO - Epoch 13 : Training Loss: 5.7487134933, Validation Loss: 5.9361543655, Training R-squared: 0.3100963831, Validation R-squared: 0.2601414025
2023-11-23 06:51:13,337 - INFO - Epoch 14 : Training Loss: 5.7128190994, Validation Loss: 5.9065537453, Training R-squared: 0.3187035918, Validation R-squared: 0.2675897777
2023-11-23 06:51:34,634 - INFO - Epoch 15 : Training Loss: 5.6599588394, Validation Loss: 5.8912725449, Training R-squared: 0.3310898244, Validation R-squared: 0.2711805105
2023-11-23 06:51:55,295 - INFO - Epoch 16 : Training Loss: 5.6345338821, Validation Loss: 5.8574604988, Training R-squared: 0.3375312388, Validation R-squared: 0.2801283598
2023-11-23 06:52:16,060 - INFO - Epoch 17 : Training Loss: 5.5941247940, Validation Loss: 5.8525414467, Training R-squared: 0.3445626199, Validation R-squared: 0.2809042037
2023-11-23 06:52:36,914 - INFO - Epoch 18 : Training Loss: 5.5699748993, Validation Loss: 5.8488411903, Training R-squared: 0.3505482376, Validation R-squared: 0.2818414271
2023-11-23 06:52:57,807 - INFO - Epoch 19 : Training Loss: 5.5417804718, Validation Loss: 5.8039526939, Training R-squared: 0.3565834761, Validation R-squared: 0.2936661839
2023-11-23 06:53:19,151 - INFO - Epoch 20 : Training Loss: 5.5152363777, Validation Loss: 5.7984828949, Training R-squared: 0.3622795343, Validation R-squared: 0.2949652970
2023-11-23 06:53:39,929 - INFO - Epoch 21 : Training Loss: 5.4890313148, Validation Loss: 5.7927846909, Training R-squared: 0.3674755394, Validation R-squared: 0.2963156104
2023-11-23 06:54:02,289 - INFO - Epoch 22 : Training Loss: 5.4634742737, Validation Loss: 5.7762198448, Training R-squared: 0.3739701211, Validation R-squared: 0.3003121614
2023-11-23 06:54:23,935 - INFO - Epoch 23 : Training Loss: 5.4389448166, Validation Loss: 5.7595586777, Training R-squared: 0.3799090087, Validation R-squared: 0.3046523333
2023-11-23 06:54:44,568 - INFO - Epoch 24 : Training Loss: 5.4176163673, Validation Loss: 5.7576308250, Training R-squared: 0.3849794269, Validation R-squared: 0.3048340082
2023-11-23 06:55:05,163 - INFO - Epoch 25 : Training Loss: 5.3917517662, Validation Loss: 5.7407321930, Training R-squared: 0.3903994262, Validation R-squared: 0.3089665771
2023-11-23 06:55:26,094 - INFO - Epoch 26 : Training Loss: 5.3745656013, Validation Loss: 5.7389545441, Training R-squared: 0.3951790929, Validation R-squared: 0.3095504642
2023-11-23 06:55:46,822 - INFO - Epoch 27 : Training Loss: 5.3567843437, Validation Loss: 5.7204337120, Training R-squared: 0.3987410665, Validation R-squared: 0.3137722313
2023-11-23 06:56:08,084 - INFO - Epoch 28 : Training Loss: 5.3386130333, Validation Loss: 5.7370777130, Training R-squared: 0.4023728669, Validation R-squared: 0.3097845316
2023-11-23 06:56:29,264 - INFO - Epoch 29 : Training Loss: 5.3198266029, Validation Loss: 5.7333130836, Training R-squared: 0.4066388011, Validation R-squared: 0.3103909194
2023-11-23 06:56:49,952 - INFO - Epoch 30 : Training Loss: 5.3032860756, Validation Loss: 5.7130298615, Training R-squared: 0.4095482528, Validation R-squared: 0.3154641986
2023-11-23 06:57:10,662 - INFO - Epoch 31 : Training Loss: 5.2886581421, Validation Loss: 5.7144460678, Training R-squared: 0.4129683077, Validation R-squared: 0.3152371347
2023-11-23 06:57:31,811 - INFO - Epoch 32 : Training Loss: 5.2709555626, Validation Loss: 5.7226204872, Training R-squared: 0.4172239304, Validation R-squared: 0.3130630255
2023-11-23 06:57:52,809 - INFO - Epoch 33 : Training Loss: 5.2540311813, Validation Loss: 5.6955790520, Training R-squared: 0.4198427200, Validation R-squared: 0.3195302486
2023-11-23 06:58:13,568 - INFO - Epoch 34 : Training Loss: 5.2327265739, Validation Loss: 5.7057871819, Training R-squared: 0.4248189926, Validation R-squared: 0.3171547055
2023-11-23 06:58:34,790 - INFO - Epoch 35 : Training Loss: 5.2299504280, Validation Loss: 5.7288179398, Training R-squared: 0.4263305664, Validation R-squared: 0.3112006187
2023-11-23 06:58:55,620 - INFO - Epoch 36 : Training Loss: 5.2169547081, Validation Loss: 5.7148685455, Training R-squared: 0.4299156666, Validation R-squared: 0.3147952855
2023-11-23 06:59:16,204 - INFO - Epoch 37 : Training Loss: 5.2000293732, Validation Loss: 5.6692457199, Training R-squared: 0.4322277606, Validation R-squared: 0.3256343305
2023-11-23 06:59:37,200 - INFO - Epoch 38 : Training Loss: 5.1814308167, Validation Loss: 5.6687855721, Training R-squared: 0.4349566102, Validation R-squared: 0.3257396817
2023-11-23 06:59:58,094 - INFO - Epoch 39 : Training Loss: 5.1704535484, Validation Loss: 5.6718969345, Training R-squared: 0.4389090836, Validation R-squared: 0.3247851431
2023-11-23 07:00:19,107 - INFO - Epoch 40 : Training Loss: 5.1598234177, Validation Loss: 5.6661005020, Training R-squared: 0.4409725666, Validation R-squared: 0.3262796998
2023-11-23 07:00:39,895 - INFO - Epoch 41 : Training Loss: 5.1533141136, Validation Loss: 5.7036914825, Training R-squared: 0.4424162805, Validation R-squared: 0.3165944517
2023-11-23 07:01:00,742 - INFO - Epoch 42 : Training Loss: 5.1385989189, Validation Loss: 5.6513075829, Training R-squared: 0.4444103539, Validation R-squared: 0.3298992813
2023-11-23 07:01:21,717 - INFO - Epoch 43 : Training Loss: 5.1222839355, Validation Loss: 5.6549444199, Training R-squared: 0.4470719695, Validation R-squared: 0.3288473785
2023-11-23 07:01:42,543 - INFO - Epoch 44 : Training Loss: 5.1110372543, Validation Loss: 5.6761875153, Training R-squared: 0.4510361254, Validation R-squared: 0.3236535788
2023-11-23 07:02:03,384 - INFO - Epoch 45 : Training Loss: 5.0991997719, Validation Loss: 5.6557149887, Training R-squared: 0.4535243809, Validation R-squared: 0.3284108639
2023-11-23 07:02:25,299 - INFO - Epoch 46 : Training Loss: 5.0862402916, Validation Loss: 5.6421585083, Training R-squared: 0.4572603405, Validation R-squared: 0.3316573799
2023-11-23 07:02:46,484 - INFO - Epoch 47 : Training Loss: 5.0753679276, Validation Loss: 5.6359205246, Training R-squared: 0.4574015737, Validation R-squared: 0.3332727849
2023-11-23 07:03:07,058 - INFO - Epoch 48 : Training Loss: 5.0604553223, Validation Loss: 5.7048091888, Training R-squared: 0.4607175291, Validation R-squared: 0.3160833418
2023-11-23 07:03:28,255 - INFO - Epoch 49 : Training Loss: 5.0453667641, Validation Loss: 5.6776156425, Training R-squared: 0.4644586742, Validation R-squared: 0.3225817978
2023-11-23 07:03:49,682 - INFO - Epoch 50 : Training Loss: 5.0364198685, Validation Loss: 5.6140465736, Training R-squared: 0.4658188820, Validation R-squared: 0.3383791149
2023-11-23 07:04:11,197 - INFO - Epoch 51 : Training Loss: 5.0264778137, Validation Loss: 5.6268415451, Training R-squared: 0.4678436220, Validation R-squared: 0.3348414004
2023-11-23 07:04:32,095 - INFO - Epoch 52 : Training Loss: 5.0115547180, Validation Loss: 5.6112289429, Training R-squared: 0.4701004624, Validation R-squared: 0.3385844827
2023-11-23 07:04:53,039 - INFO - Epoch 53 : Training Loss: 4.9978947639, Validation Loss: 5.6421923637, Training R-squared: 0.4728082418, Validation R-squared: 0.3310165703
2023-11-23 07:05:13,734 - INFO - Epoch 54 : Training Loss: 4.9840331078, Validation Loss: 5.6250405312, Training R-squared: 0.4757693708, Validation R-squared: 0.3353107572
2023-11-23 07:05:35,309 - INFO - Epoch 55 : Training Loss: 4.9771432877, Validation Loss: 5.5981912613, Training R-squared: 0.4780696929, Validation R-squared: 0.3415294290
2023-11-23 07:05:56,211 - INFO - Epoch 56 : Training Loss: 4.9641399384, Validation Loss: 5.6073145866, Training R-squared: 0.4800016880, Validation R-squared: 0.3392564058
2023-11-23 07:06:17,169 - INFO - Epoch 57 : Training Loss: 4.9576969147, Validation Loss: 5.6427550316, Training R-squared: 0.4824078083, Validation R-squared: 0.3305855393
2023-11-23 07:06:37,949 - INFO - Epoch 58 : Training Loss: 4.9475550652, Validation Loss: 5.6019902229, Training R-squared: 0.4850673974, Validation R-squared: 0.3406038284
2023-11-23 07:06:58,990 - INFO - Epoch 59 : Training Loss: 4.9346232414, Validation Loss: 5.5923056602, Training R-squared: 0.4861496091, Validation R-squared: 0.3429830968
2023-11-23 07:07:20,301 - INFO - Epoch 60 : Training Loss: 4.9287028313, Validation Loss: 5.6135096550, Training R-squared: 0.4875625074, Validation R-squared: 0.3373491466
2023-11-23 07:07:41,164 - INFO - Epoch 61 : Training Loss: 4.9155688286, Validation Loss: 5.5529642105, Training R-squared: 0.4913610220, Validation R-squared: 0.3522836268
2023-11-23 07:08:02,100 - INFO - Epoch 62 : Training Loss: 4.9075303078, Validation Loss: 5.5520706177, Training R-squared: 0.4923729300, Validation R-squared: 0.3525121808
2023-11-23 07:08:23,622 - INFO - Epoch 63 : Training Loss: 4.9011430740, Validation Loss: 5.6056008339, Training R-squared: 0.4945795834, Validation R-squared: 0.3391685188
2023-11-23 07:08:44,498 - INFO - Epoch 64 : Training Loss: 4.8935847282, Validation Loss: 5.5987601280, Training R-squared: 0.4950065613, Validation R-squared: 0.3411838710
2023-11-23 07:09:05,696 - INFO - Epoch 65 : Training Loss: 4.8798680305, Validation Loss: 5.6591200829, Training R-squared: 0.4967481792, Validation R-squared: 0.3260408044
2023-11-23 07:09:26,495 - INFO - Epoch 66 : Training Loss: 4.8686890602, Validation Loss: 5.6397380829, Training R-squared: 0.4995589256, Validation R-squared: 0.3310612440
2023-11-23 07:09:47,288 - INFO - Epoch 67 : Training Loss: 4.8693180084, Validation Loss: 5.6363134384, Training R-squared: 0.4996807873, Validation R-squared: 0.3316328824
2023-11-23 07:10:09,594 - INFO - Model saved to models/portion_model/lunch/512_512_200_64/sparsity_15_fold_3_model.keras
2023-11-23 07:10:15,374 - INFO - Avg Metrics: RMSE: 4.5559977239, R-squared: -1.6299611656, PCC: 0.5155009646
2023-11-23 07:10:15,374 - INFO - Agg Metrics: RMSE: 5.6014237977, R-squared: 0.3484667824, PCC: 0.5974538896
2023-11-23 07:10:22,194 - INFO - ================================================================== Fold 4 ===================================================================
2023-11-23 07:10:54,005 - INFO - Epoch 1  : Training Loss: 6.7580933571, Validation Loss: 6.7941083908, Training R-squared: 0.0397046879, Validation R-squared: 0.0605519898
2023-11-23 07:11:14,668 - INFO - Epoch 2  : Training Loss: 6.5401329994, Validation Loss: 6.5675554276, Training R-squared: 0.1000648141, Validation R-squared: 0.1236891672
2023-11-23 07:11:36,027 - INFO - Epoch 3  : Training Loss: 6.2950778008, Validation Loss: 6.1790566444, Training R-squared: 0.1661690772, Validation R-squared: 0.2247084975
2023-11-23 07:11:56,699 - INFO - Epoch 4  : Training Loss: 6.0174350739, Validation Loss: 6.0778784752, Training R-squared: 0.2384505570, Validation R-squared: 0.2500248551
2023-11-23 07:12:17,562 - INFO - Epoch 5  : Training Loss: 5.9444098473, Validation Loss: 6.0609364510, Training R-squared: 0.2563141584, Validation R-squared: 0.2540768981
2023-11-23 07:12:38,156 - INFO - Epoch 6  : Training Loss: 5.9080095291, Validation Loss: 6.0463557243, Training R-squared: 0.2644139826, Validation R-squared: 0.2574569881
2023-11-23 07:12:58,997 - INFO - Epoch 7  : Training Loss: 5.8764653206, Validation Loss: 6.0337033272, Training R-squared: 0.2723009288, Validation R-squared: 0.2604670823
2023-11-23 07:13:20,330 - INFO - Epoch 8  : Training Loss: 5.8468656540, Validation Loss: 6.0210833549, Training R-squared: 0.2797283530, Validation R-squared: 0.2635955811
2023-11-23 07:13:41,295 - INFO - Epoch 9  : Training Loss: 5.8072762489, Validation Loss: 6.0044240952, Training R-squared: 0.2900269628, Validation R-squared: 0.2676273584
2023-11-23 07:14:05,824 - INFO - Epoch 10 : Training Loss: 5.7739505768, Validation Loss: 5.9903287888, Training R-squared: 0.2978076637, Validation R-squared: 0.2707743943
2023-11-23 07:14:27,116 - INFO - Epoch 11 : Training Loss: 5.7454404831, Validation Loss: 5.9867725372, Training R-squared: 0.3052378297, Validation R-squared: 0.2721532583
2023-11-23 07:14:47,809 - INFO - Epoch 12 : Training Loss: 5.7091999054, Validation Loss: 5.9774746895, Training R-squared: 0.3104796708, Validation R-squared: 0.2739086151
2023-11-23 07:15:08,375 - INFO - Epoch 13 : Training Loss: 5.6995005608, Validation Loss: 5.9710259438, Training R-squared: 0.3136737049, Validation R-squared: 0.2754301131
2023-11-23 07:15:30,133 - INFO - Epoch 14 : Training Loss: 5.6665387154, Validation Loss: 5.9629526138, Training R-squared: 0.3220195174, Validation R-squared: 0.2782442570
2023-11-23 07:15:52,329 - INFO - Epoch 15 : Training Loss: 5.6385445595, Validation Loss: 5.9383277893, Training R-squared: 0.3293317258, Validation R-squared: 0.2837155163
2023-11-23 07:16:13,273 - INFO - Epoch 16 : Training Loss: 5.6056585312, Validation Loss: 5.9255204201, Training R-squared: 0.3368138671, Validation R-squared: 0.2862658799
2023-11-23 07:16:34,475 - INFO - Epoch 17 : Training Loss: 5.5706801414, Validation Loss: 5.9072108269, Training R-squared: 0.3451800644, Validation R-squared: 0.2906856239
2023-11-23 07:16:55,283 - INFO - Epoch 18 : Training Loss: 5.5419301987, Validation Loss: 5.8917970657, Training R-squared: 0.3526307642, Validation R-squared: 0.2946264148
2023-11-23 07:17:16,193 - INFO - Epoch 19 : Training Loss: 5.5101561546, Validation Loss: 5.8618292809, Training R-squared: 0.3590403497, Validation R-squared: 0.3023970723
2023-11-23 07:17:36,994 - INFO - Epoch 20 : Training Loss: 5.4816951752, Validation Loss: 5.8524861336, Training R-squared: 0.3657084107, Validation R-squared: 0.3041040301
2023-11-23 07:17:58,119 - INFO - Epoch 21 : Training Loss: 5.4411063194, Validation Loss: 5.8386702538, Training R-squared: 0.3745904863, Validation R-squared: 0.3070058227
2023-11-23 07:18:19,049 - INFO - Epoch 22 : Training Loss: 5.4157876968, Validation Loss: 5.8147597313, Training R-squared: 0.3814417124, Validation R-squared: 0.3135200739
2023-11-23 07:18:39,721 - INFO - Epoch 23 : Training Loss: 5.3857808113, Validation Loss: 5.8039741516, Training R-squared: 0.3872252405, Validation R-squared: 0.3157316446
2023-11-23 07:19:00,573 - INFO - Epoch 24 : Training Loss: 5.3577241898, Validation Loss: 5.8056917191, Training R-squared: 0.3938457966, Validation R-squared: 0.3143133521
2023-11-23 07:19:21,886 - INFO - Epoch 25 : Training Loss: 5.3313789368, Validation Loss: 5.8094205856, Training R-squared: 0.3997999728, Validation R-squared: 0.3133638799
2023-11-23 07:19:42,754 - INFO - Epoch 26 : Training Loss: 5.3097848892, Validation Loss: 5.7748746872, Training R-squared: 0.4043968022, Validation R-squared: 0.3222113848
2023-11-23 07:20:03,622 - INFO - Epoch 27 : Training Loss: 5.2890219688, Validation Loss: 5.7867612839, Training R-squared: 0.4087567031, Validation R-squared: 0.3188539445
2023-11-23 07:20:24,421 - INFO - Epoch 28 : Training Loss: 5.2660446167, Validation Loss: 5.7652702332, Training R-squared: 0.4135983586, Validation R-squared: 0.3239061236
2023-11-23 07:20:45,151 - INFO - Epoch 29 : Training Loss: 5.2473978996, Validation Loss: 5.7509613037, Training R-squared: 0.4170665443, Validation R-squared: 0.3276690543
2023-11-23 07:21:05,779 - INFO - Epoch 30 : Training Loss: 5.2302093506, Validation Loss: 5.7633414268, Training R-squared: 0.4199162424, Validation R-squared: 0.3240224123
2023-11-23 07:21:27,226 - INFO - Epoch 31 : Training Loss: 5.2206096649, Validation Loss: 5.7404847145, Training R-squared: 0.4231518507, Validation R-squared: 0.3298715651
2023-11-23 07:21:48,148 - INFO - Epoch 32 : Training Loss: 5.2004666328, Validation Loss: 5.7635574341, Training R-squared: 0.4272961617, Validation R-squared: 0.3238977790
2023-11-23 07:22:08,910 - INFO - Epoch 33 : Training Loss: 5.1825532913, Validation Loss: 5.7532110214, Training R-squared: 0.4318362474, Validation R-squared: 0.3262232542
2023-11-23 07:22:29,819 - INFO - Epoch 34 : Training Loss: 5.1663784981, Validation Loss: 5.7488999367, Training R-squared: 0.4357596934, Validation R-squared: 0.3266804218
2023-11-23 07:22:50,827 - INFO - Epoch 35 : Training Loss: 5.1570234299, Validation Loss: 5.7365417480, Training R-squared: 0.4369019568, Validation R-squared: 0.3301182091
2023-11-23 07:23:11,699 - INFO - Epoch 36 : Training Loss: 5.1381459236, Validation Loss: 5.7644977570, Training R-squared: 0.4418733418, Validation R-squared: 0.3224587739
2023-11-23 07:23:33,006 - INFO - Epoch 37 : Training Loss: 5.1301279068, Validation Loss: 5.7631230354, Training R-squared: 0.4420830607, Validation R-squared: 0.3224751055
2023-11-23 07:23:55,518 - INFO - Epoch 38 : Training Loss: 5.1174068451, Validation Loss: 5.7604999542, Training R-squared: 0.4456510544, Validation R-squared: 0.3231179714
2023-11-23 07:24:16,916 - INFO - Epoch 39 : Training Loss: 5.0983691216, Validation Loss: 5.7499232292, Training R-squared: 0.4496563077, Validation R-squared: 0.3253919184
2023-11-23 07:24:37,675 - INFO - Epoch 40 : Training Loss: 5.0799837112, Validation Loss: 5.7252879143, Training R-squared: 0.4541302919, Validation R-squared: 0.3320952952
2023-11-23 07:24:58,350 - INFO - Epoch 41 : Training Loss: 5.0666613579, Validation Loss: 5.7271084785, Training R-squared: 0.4556097090, Validation R-squared: 0.3315850496
2023-11-23 07:25:19,362 - INFO - Epoch 42 : Training Loss: 5.0541729927, Validation Loss: 5.7413206100, Training R-squared: 0.4589418173, Validation R-squared: 0.3266398907
2023-11-23 07:25:40,310 - INFO - Epoch 43 : Training Loss: 5.0332365036, Validation Loss: 5.7251801491, Training R-squared: 0.4630088806, Validation R-squared: 0.3305947781
2023-11-23 07:26:01,456 - INFO - Epoch 44 : Training Loss: 5.0235433578, Validation Loss: 5.7518167496, Training R-squared: 0.4655324817, Validation R-squared: 0.3236796856
2023-11-23 07:26:22,421 - INFO - Epoch 45 : Training Loss: 5.0095844269, Validation Loss: 5.7460441589, Training R-squared: 0.4676492810, Validation R-squared: 0.3247510493
2023-11-23 07:26:41,756 - INFO - Epoch 46 : Training Loss: 4.9963054657, Validation Loss: 5.7430586815, Training R-squared: 0.4713650644, Validation R-squared: 0.3252421319
2023-11-23 07:27:01,179 - INFO - Epoch 47 : Training Loss: 4.9824924469, Validation Loss: 5.7195448875, Training R-squared: 0.4721340239, Validation R-squared: 0.3314652741
2023-11-23 07:27:21,627 - INFO - Epoch 48 : Training Loss: 4.9712200165, Validation Loss: 5.7222070694, Training R-squared: 0.4740381539, Validation R-squared: 0.3304880559
2023-11-23 07:27:41,388 - INFO - Epoch 49 : Training Loss: 4.9643750191, Validation Loss: 5.6991014481, Training R-squared: 0.4773005545, Validation R-squared: 0.3363168836
2023-11-23 07:28:00,940 - INFO - Epoch 50 : Training Loss: 4.9526219368, Validation Loss: 5.7283020020, Training R-squared: 0.4793747663, Validation R-squared: 0.3287270665
2023-11-23 07:28:20,707 - INFO - Epoch 51 : Training Loss: 4.9390945435, Validation Loss: 5.7050609589, Training R-squared: 0.4818480909, Validation R-squared: 0.3345313072
2023-11-23 07:28:39,879 - INFO - Epoch 52 : Training Loss: 4.9230217934, Validation Loss: 5.6949467659, Training R-squared: 0.4859049022, Validation R-squared: 0.3373957276
2023-11-23 07:28:59,244 - INFO - Epoch 53 : Training Loss: 4.9185872078, Validation Loss: 5.7245650291, Training R-squared: 0.4863230586, Validation R-squared: 0.3290221095
2023-11-23 07:29:18,861 - INFO - Epoch 54 : Training Loss: 4.9026212692, Validation Loss: 5.7028522491, Training R-squared: 0.4882600009, Validation R-squared: 0.3345490992
2023-11-23 07:29:38,355 - INFO - Epoch 55 : Training Loss: 4.8970355988, Validation Loss: 5.7322254181, Training R-squared: 0.4912073910, Validation R-squared: 0.3272029161
2023-11-23 07:29:57,783 - INFO - Epoch 56 : Training Loss: 4.8798446655, Validation Loss: 5.7054991722, Training R-squared: 0.4950270057, Validation R-squared: 0.3335431218
2023-11-23 07:30:17,421 - INFO - Epoch 57 : Training Loss: 4.8755698204, Validation Loss: 5.6990332603, Training R-squared: 0.4952477813, Validation R-squared: 0.3349682391
2023-11-23 07:30:36,252 - INFO - Model saved to models/portion_model/lunch/512_512_200_64/sparsity_15_fold_4_model.keras
2023-11-23 07:30:42,683 - INFO - Avg Metrics: RMSE: 4.5468637838, R-squared: -0.8048296441, PCC: 0.5170020721
2023-11-23 07:30:42,683 - INFO - Agg Metrics: RMSE: 5.8184487770, R-squared: 0.3277823660, PCC: 0.5819222733
2023-11-23 07:30:48,834 - INFO - ================================================================== Fold 5 ===================================================================
2023-11-23 07:31:17,504 - INFO - Epoch 1  : Training Loss: 6.7698826790, Validation Loss: 6.7554802895, Training R-squared: 0.0395382755, Validation R-squared: 0.0568814538
2023-11-23 07:31:36,602 - INFO - Epoch 2  : Training Loss: 6.5444860458, Validation Loss: 6.5207190514, Training R-squared: 0.1011289656, Validation R-squared: 0.1226409227
2023-11-23 07:31:55,829 - INFO - Epoch 3  : Training Loss: 6.2906661034, Validation Loss: 6.1936898232, Training R-squared: 0.1702880561, Validation R-squared: 0.2082365304
2023-11-23 07:32:15,139 - INFO - Epoch 4  : Training Loss: 6.0607385635, Validation Loss: 6.1012988091, Training R-squared: 0.2296588719, Validation R-squared: 0.2319005430
2023-11-23 07:32:34,635 - INFO - Epoch 5  : Training Loss: 5.9656486511, Validation Loss: 6.0770826340, Training R-squared: 0.2535992861, Validation R-squared: 0.2383848727
2023-11-23 07:32:54,038 - INFO - Epoch 6  : Training Loss: 5.9292335510, Validation Loss: 6.0642151833, Training R-squared: 0.2634301186, Validation R-squared: 0.2416998595
2023-11-23 07:33:13,336 - INFO - Epoch 7  : Training Loss: 5.9060597420, Validation Loss: 6.0557246208, Training R-squared: 0.2688948810, Validation R-squared: 0.2438328117
2023-11-23 07:33:32,686 - INFO - Epoch 8  : Training Loss: 5.8704032898, Validation Loss: 6.0425415039, Training R-squared: 0.2764463127, Validation R-squared: 0.2471888065
2023-11-23 07:33:52,865 - INFO - Epoch 9  : Training Loss: 5.8370285034, Validation Loss: 6.0296492577, Training R-squared: 0.2845285833, Validation R-squared: 0.2503364384
2023-11-23 07:34:12,502 - INFO - Epoch 10 : Training Loss: 5.8145499229, Validation Loss: 6.0265669823, Training R-squared: 0.2902428508, Validation R-squared: 0.2512535453
2023-11-23 07:34:31,800 - INFO - Epoch 11 : Training Loss: 5.7914037704, Validation Loss: 6.0138463974, Training R-squared: 0.2951401472, Validation R-squared: 0.2542289197
2023-11-23 07:34:50,948 - INFO - Epoch 12 : Training Loss: 5.7750782967, Validation Loss: 6.0121164322, Training R-squared: 0.3007099330, Validation R-squared: 0.2544832826
2023-11-23 07:35:10,196 - INFO - Epoch 13 : Training Loss: 5.7478003502, Validation Loss: 5.9963974953, Training R-squared: 0.3077194989, Validation R-squared: 0.2587029934
2023-11-23 07:35:30,280 - INFO - Epoch 14 : Training Loss: 5.7132687569, Validation Loss: 5.9813079834, Training R-squared: 0.3127942979, Validation R-squared: 0.2625048459
2023-11-23 07:35:49,709 - INFO - Epoch 15 : Training Loss: 5.6987667084, Validation Loss: 5.9711875916, Training R-squared: 0.3189592957, Validation R-squared: 0.2651678622
2023-11-23 07:36:09,039 - INFO - Epoch 16 : Training Loss: 5.6644067764, Validation Loss: 5.9563150406, Training R-squared: 0.3265522122, Validation R-squared: 0.2684597969
2023-11-23 07:36:28,746 - INFO - Epoch 17 : Training Loss: 5.6312046051, Validation Loss: 5.9310879707, Training R-squared: 0.3342436552, Validation R-squared: 0.2748024762
2023-11-23 07:36:47,895 - INFO - Epoch 18 : Training Loss: 5.6040592194, Validation Loss: 5.9072656631, Training R-squared: 0.3405437469, Validation R-squared: 0.2807107866
2023-11-23 07:37:07,218 - INFO - Epoch 19 : Training Loss: 5.5632171631, Validation Loss: 5.8902606964, Training R-squared: 0.3503169119, Validation R-squared: 0.2848193347
2023-11-23 07:37:26,682 - INFO - Epoch 20 : Training Loss: 5.5350093842, Validation Loss: 5.8807220459, Training R-squared: 0.3552588522, Validation R-squared: 0.2870038748
2023-11-23 07:37:46,119 - INFO - Epoch 21 : Training Loss: 5.5017366409, Validation Loss: 5.8715457916, Training R-squared: 0.3634308875, Validation R-squared: 0.2892650962
2023-11-23 07:38:05,641 - INFO - Epoch 22 : Training Loss: 5.4760999680, Validation Loss: 5.8616209030, Training R-squared: 0.3697513938, Validation R-squared: 0.2917493880
2023-11-23 07:38:25,315 - INFO - Epoch 23 : Training Loss: 5.4549827576, Validation Loss: 5.8373627663, Training R-squared: 0.3751552105, Validation R-squared: 0.2974855304
2023-11-23 07:38:44,520 - INFO - Epoch 24 : Training Loss: 5.4117355347, Validation Loss: 5.8078856468, Training R-squared: 0.3845646381, Validation R-squared: 0.3047104478
2023-11-23 07:39:03,925 - INFO - Epoch 25 : Training Loss: 5.3783946037, Validation Loss: 5.7961311340, Training R-squared: 0.3916728497, Validation R-squared: 0.3075849414
2023-11-23 07:39:23,463 - INFO - Epoch 26 : Training Loss: 5.3520298004, Validation Loss: 5.7652559280, Training R-squared: 0.3977066875, Validation R-squared: 0.3149121106
2023-11-23 07:39:42,594 - INFO - Epoch 27 : Training Loss: 5.3244209290, Validation Loss: 5.7533464432, Training R-squared: 0.4041446149, Validation R-squared: 0.3177185655
2023-11-23 07:40:02,018 - INFO - Epoch 28 : Training Loss: 5.3017230034, Validation Loss: 5.7510824203, Training R-squared: 0.4090089798, Validation R-squared: 0.3181495070
2023-11-23 07:40:21,779 - INFO - Epoch 29 : Training Loss: 5.2803440094, Validation Loss: 5.7380614281, Training R-squared: 0.4133555889, Validation R-squared: 0.3212291002
2023-11-23 07:40:40,887 - INFO - Epoch 30 : Training Loss: 5.2658572197, Validation Loss: 5.7376871109, Training R-squared: 0.4173884988, Validation R-squared: 0.3215081692
2023-11-23 07:41:00,183 - INFO - Epoch 31 : Training Loss: 5.2533631325, Validation Loss: 5.7506947517, Training R-squared: 0.4192202389, Validation R-squared: 0.3180688918
2023-11-23 07:41:19,853 - INFO - Epoch 32 : Training Loss: 5.2381300926, Validation Loss: 5.7177777290, Training R-squared: 0.4220439792, Validation R-squared: 0.3262798488
2023-11-23 07:41:39,227 - INFO - Epoch 33 : Training Loss: 5.2158589363, Validation Loss: 5.7663969994, Training R-squared: 0.4276439548, Validation R-squared: 0.3141266108
2023-11-23 07:41:58,486 - INFO - Epoch 34 : Training Loss: 5.2053856850, Validation Loss: 5.7626872063, Training R-squared: 0.4291180968, Validation R-squared: 0.3152976632
2023-11-23 07:42:17,967 - INFO - Epoch 35 : Training Loss: 5.1930050850, Validation Loss: 5.7176599503, Training R-squared: 0.4306911528, Validation R-squared: 0.3259535134
2023-11-23 07:42:36,965 - INFO - Epoch 36 : Training Loss: 5.1752595901, Validation Loss: 5.6890659332, Training R-squared: 0.4349765182, Validation R-squared: 0.3324497342
2023-11-23 07:42:56,264 - INFO - Epoch 37 : Training Loss: 5.1550092697, Validation Loss: 5.7128205299, Training R-squared: 0.4398069680, Validation R-squared: 0.3268373609
2023-11-23 07:43:15,771 - INFO - Epoch 38 : Training Loss: 5.1425123215, Validation Loss: 5.6743826866, Training R-squared: 0.4423996210, Validation R-squared: 0.3358444870
2023-11-23 07:43:35,377 - INFO - Epoch 39 : Training Loss: 5.1265187263, Validation Loss: 5.7006521225, Training R-squared: 0.4462303817, Validation R-squared: 0.3295644820
2023-11-23 07:43:55,560 - INFO - Epoch 40 : Training Loss: 5.1178770065, Validation Loss: 5.6895866394, Training R-squared: 0.4479849637, Validation R-squared: 0.3317046762
2023-11-23 07:44:15,041 - INFO - Epoch 41 : Training Loss: 5.0989966393, Validation Loss: 5.6833143234, Training R-squared: 0.4505906403, Validation R-squared: 0.3334364593
2023-11-23 07:44:34,500 - INFO - Epoch 42 : Training Loss: 5.0878500938, Validation Loss: 5.6782417297, Training R-squared: 0.4540739655, Validation R-squared: 0.3344065547
2023-11-23 07:44:53,792 - INFO - Epoch 43 : Training Loss: 5.0753622055, Validation Loss: 5.6695532799, Training R-squared: 0.4563038647, Validation R-squared: 0.3365133107
2023-11-23 07:45:13,023 - INFO - Epoch 44 : Training Loss: 5.0624947548, Validation Loss: 5.6849370003, Training R-squared: 0.4589318931, Validation R-squared: 0.3326222003
2023-11-23 07:45:32,444 - INFO - Epoch 45 : Training Loss: 5.0489201546, Validation Loss: 5.6796870232, Training R-squared: 0.4617138207, Validation R-squared: 0.3336052895
2023-11-23 07:45:51,879 - INFO - Epoch 46 : Training Loss: 5.0401520729, Validation Loss: 5.6492114067, Training R-squared: 0.4632256925, Validation R-squared: 0.3411681056
2023-11-23 07:46:11,273 - INFO - Epoch 47 : Training Loss: 5.0275363922, Validation Loss: 5.6549825668, Training R-squared: 0.4661356807, Validation R-squared: 0.3393779993
2023-11-23 07:46:30,982 - INFO - Epoch 48 : Training Loss: 5.0219244957, Validation Loss: 5.6914229393, Training R-squared: 0.4678179920, Validation R-squared: 0.3302172124
2023-11-23 07:46:50,309 - INFO - Epoch 49 : Training Loss: 5.0088915825, Validation Loss: 5.6429796219, Training R-squared: 0.4699302912, Validation R-squared: 0.3422157466
2023-11-23 07:47:09,720 - INFO - Epoch 50 : Training Loss: 5.0012569427, Validation Loss: 5.6554770470, Training R-squared: 0.4713780582, Validation R-squared: 0.3387250602
2023-11-23 07:47:29,207 - INFO - Epoch 51 : Training Loss: 4.9816036224, Validation Loss: 5.6479868889, Training R-squared: 0.4753456712, Validation R-squared: 0.3404753506
2023-11-23 07:47:48,571 - INFO - Epoch 52 : Training Loss: 4.9783830643, Validation Loss: 5.6542620659, Training R-squared: 0.4756114483, Validation R-squared: 0.3391647637
2023-11-23 07:48:07,899 - INFO - Epoch 53 : Training Loss: 4.9712715149, Validation Loss: 5.6632747650, Training R-squared: 0.4773364067, Validation R-squared: 0.3367964625
2023-11-23 07:48:27,536 - INFO - Epoch 54 : Training Loss: 4.9614148140, Validation Loss: 5.6759042740, Training R-squared: 0.4794707298, Validation R-squared: 0.3336493373
2023-11-23 07:48:46,326 - INFO - Model saved to models/portion_model/lunch/512_512_200_64/sparsity_15_fold_5_model.keras
2023-11-23 07:48:52,946 - INFO - Avg Metrics: RMSE: 4.5933570424, R-squared: -1.2708858086, PCC: 0.4972491148
2023-11-23 07:48:52,946 - INFO - Agg Metrics: RMSE: 5.7074885949, R-squared: 0.3366077064, PCC: 0.5837652452
2023-11-23 07:49:10,548 - INFO - ================================================================== Results Summary ===================================================================
2023-11-23 07:49:10,549 - INFO - CrossVal Metrics (Avg.) - RMSE: 4.5846582069  0.0292144119, R2: -0.8051698581  0.0292144119, PCC: 0.5038138524  0.0292144119
2023-11-23 07:49:10,549 - INFO - Testing  Metrics (Avg.) - RMSE: 4.7354838415, R2: -0.3044233419, PCC: 0.4755673906
2023-11-23 07:49:10,549 - INFO - CrossVal Metrics (Agg.) - RMSE: 5.6879812651  0.0292144119, R2: 0.3345208204  0.0292144119, PCC: 0.5857693187  0.0292144119
2023-11-23 07:49:10,549 - INFO - Testing  Metrics (Agg.) - RMSE: 5.9582153647, R2: 0.3069335031, PCC: 0.5611885915
