2023-11-23 15:21:46,869 - INFO - Training model at 55% sparse columns removed...
2023-11-23 15:21:54,003 - INFO - ================================================================== Fold 1 ===================================================================
2023-11-23 15:22:07,517 - INFO - Epoch 1  : Training Loss: 9.1941165924, Validation Loss: 9.3091630936, Training R-squared: 0.0381659232, Validation R-squared: 0.0500352196
2023-11-23 15:22:17,069 - INFO - Epoch 2  : Training Loss: 8.9668130875, Validation Loss: 8.9352006912, Training R-squared: 0.0870524570, Validation R-squared: 0.1255399436
2023-11-23 15:22:26,698 - INFO - Epoch 3  : Training Loss: 8.5821733475, Validation Loss: 8.4175310135, Training R-squared: 0.1634813398, Validation R-squared: 0.2259893864
2023-11-23 15:22:35,929 - INFO - Epoch 4  : Training Loss: 8.2002344131, Validation Loss: 8.2558622360, Training R-squared: 0.2361946851, Validation R-squared: 0.2554279566
2023-11-23 15:22:45,301 - INFO - Epoch 5  : Training Loss: 8.0961771011, Validation Loss: 8.2234897614, Training R-squared: 0.2549833953, Validation R-squared: 0.2611855865
2023-11-23 15:22:54,854 - INFO - Epoch 6  : Training Loss: 8.0590343475, Validation Loss: 8.2086305618, Training R-squared: 0.2626651824, Validation R-squared: 0.2639415562
2023-11-23 15:23:04,254 - INFO - Epoch 7  : Training Loss: 8.0158672333, Validation Loss: 8.1962499619, Training R-squared: 0.2702260017, Validation R-squared: 0.2660385966
2023-11-23 15:23:13,735 - INFO - Epoch 8  : Training Loss: 7.9741435051, Validation Loss: 8.1736574173, Training R-squared: 0.2780399323, Validation R-squared: 0.2699309886
2023-11-23 15:23:23,279 - INFO - Epoch 9  : Training Loss: 7.9326429367, Validation Loss: 8.1524620056, Training R-squared: 0.2859890461, Validation R-squared: 0.2735494375
2023-11-23 15:23:32,443 - INFO - Epoch 10 : Training Loss: 7.8755912781, Validation Loss: 8.1195859909, Training R-squared: 0.2951766551, Validation R-squared: 0.2793521583
2023-11-23 15:23:41,725 - INFO - Epoch 11 : Training Loss: 7.8155212402, Validation Loss: 8.0736780167, Training R-squared: 0.3051191568, Validation R-squared: 0.2873784006
2023-11-23 15:23:52,850 - INFO - Epoch 12 : Training Loss: 7.7562174797, Validation Loss: 8.0452365875, Training R-squared: 0.3164283633, Validation R-squared: 0.2924617529
2023-11-23 15:24:02,394 - INFO - Epoch 13 : Training Loss: 7.7037210464, Validation Loss: 8.0148563385, Training R-squared: 0.3246523738, Validation R-squared: 0.2978326678
2023-11-23 15:24:11,622 - INFO - Epoch 14 : Training Loss: 7.6489992142, Validation Loss: 7.9902482033, Training R-squared: 0.3334177136, Validation R-squared: 0.3020317852
2023-11-23 15:24:21,349 - INFO - Epoch 15 : Training Loss: 7.6226835251, Validation Loss: 7.9628562927, Training R-squared: 0.3399933279, Validation R-squared: 0.3067951798
2023-11-23 15:24:30,928 - INFO - Epoch 16 : Training Loss: 7.5669589043, Validation Loss: 7.9370608330, Training R-squared: 0.3481205106, Validation R-squared: 0.3113136590
2023-11-23 15:24:40,224 - INFO - Epoch 17 : Training Loss: 7.5284500122, Validation Loss: 7.9184808731, Training R-squared: 0.3547375202, Validation R-squared: 0.3144856095
2023-11-23 15:24:49,657 - INFO - Epoch 18 : Training Loss: 7.4893026352, Validation Loss: 7.9162111282, Training R-squared: 0.3617674112, Validation R-squared: 0.3146720231
2023-11-23 15:24:59,126 - INFO - Epoch 19 : Training Loss: 7.4656062126, Validation Loss: 7.8812894821, Training R-squared: 0.3651751280, Validation R-squared: 0.3207423985
2023-11-23 15:25:08,354 - INFO - Epoch 20 : Training Loss: 7.4293231964, Validation Loss: 7.8600273132, Training R-squared: 0.3726727962, Validation R-squared: 0.3244542480
2023-11-23 15:25:17,882 - INFO - Epoch 21 : Training Loss: 7.3964467049, Validation Loss: 7.8533062935, Training R-squared: 0.3767819405, Validation R-squared: 0.3256096244
2023-11-23 15:25:27,062 - INFO - Epoch 22 : Training Loss: 7.3757328987, Validation Loss: 7.8393783569, Training R-squared: 0.3800399899, Validation R-squared: 0.3281118870
2023-11-23 15:25:36,240 - INFO - Epoch 23 : Training Loss: 7.3416891098, Validation Loss: 7.8214297295, Training R-squared: 0.3849906921, Validation R-squared: 0.3310754001
2023-11-23 15:25:45,607 - INFO - Epoch 24 : Training Loss: 7.3060050011, Validation Loss: 7.8062152863, Training R-squared: 0.3919039667, Validation R-squared: 0.3335017264
2023-11-23 15:25:55,131 - INFO - Epoch 25 : Training Loss: 7.2599186897, Validation Loss: 7.7819757462, Training R-squared: 0.3989455998, Validation R-squared: 0.3376702666
2023-11-23 15:26:04,489 - INFO - Epoch 26 : Training Loss: 7.2364401817, Validation Loss: 7.7540693283, Training R-squared: 0.4044823050, Validation R-squared: 0.3420989215
2023-11-23 15:26:13,798 - INFO - Epoch 27 : Training Loss: 7.1912965775, Validation Loss: 7.7343206406, Training R-squared: 0.4112520814, Validation R-squared: 0.3454689980
2023-11-23 15:26:23,125 - INFO - Epoch 28 : Training Loss: 7.1522717476, Validation Loss: 7.7094092369, Training R-squared: 0.4172072709, Validation R-squared: 0.3494684398
2023-11-23 15:26:32,459 - INFO - Epoch 29 : Training Loss: 7.1241741180, Validation Loss: 7.7115612030, Training R-squared: 0.4207580984, Validation R-squared: 0.3490389287
2023-11-23 15:26:41,715 - INFO - Epoch 30 : Training Loss: 7.0971422195, Validation Loss: 7.6828117371, Training R-squared: 0.4253889918, Validation R-squared: 0.3539764583
2023-11-23 15:26:51,225 - INFO - Epoch 31 : Training Loss: 7.0803999901, Validation Loss: 7.6820659637, Training R-squared: 0.4294641316, Validation R-squared: 0.3542247415
2023-11-23 15:27:00,695 - INFO - Epoch 32 : Training Loss: 7.0479679108, Validation Loss: 7.6898698807, Training R-squared: 0.4339269698, Validation R-squared: 0.3526015878
2023-11-23 15:27:10,030 - INFO - Epoch 33 : Training Loss: 7.0220222473, Validation Loss: 7.6624259949, Training R-squared: 0.4380288124, Validation R-squared: 0.3573637903
2023-11-23 15:27:19,588 - INFO - Epoch 34 : Training Loss: 6.9947504997, Validation Loss: 7.6722884178, Training R-squared: 0.4423781037, Validation R-squared: 0.3554813564
2023-11-23 15:27:28,835 - INFO - Epoch 35 : Training Loss: 6.9733223915, Validation Loss: 7.6508746147, Training R-squared: 0.4442150295, Validation R-squared: 0.3592498600
2023-11-23 15:27:38,036 - INFO - Epoch 36 : Training Loss: 6.9588685036, Validation Loss: 7.6295771599, Training R-squared: 0.4474355280, Validation R-squared: 0.3628120422
2023-11-23 15:27:47,299 - INFO - Epoch 37 : Training Loss: 6.9260144234, Validation Loss: 7.6122040749, Training R-squared: 0.4518155158, Validation R-squared: 0.3657623231
2023-11-23 15:27:56,722 - INFO - Epoch 38 : Training Loss: 6.9098272324, Validation Loss: 7.6381993294, Training R-squared: 0.4548386931, Validation R-squared: 0.3611032665
2023-11-23 15:28:06,070 - INFO - Epoch 39 : Training Loss: 6.8925895691, Validation Loss: 7.6036376953, Training R-squared: 0.4581671357, Validation R-squared: 0.3669757247
2023-11-23 15:28:15,418 - INFO - Epoch 40 : Training Loss: 6.8640570641, Validation Loss: 7.6192445755, Training R-squared: 0.4606586993, Validation R-squared: 0.3640967607
2023-11-23 15:28:25,066 - INFO - Epoch 41 : Training Loss: 6.8490014076, Validation Loss: 7.5930838585, Training R-squared: 0.4641701579, Validation R-squared: 0.3682599962
2023-11-23 15:28:34,642 - INFO - Epoch 42 : Training Loss: 6.8295469284, Validation Loss: 7.6537685394, Training R-squared: 0.4670153856, Validation R-squared: 0.3577151597
2023-11-23 15:28:43,930 - INFO - Epoch 43 : Training Loss: 6.8076972961, Validation Loss: 7.6424250603, Training R-squared: 0.4721266031, Validation R-squared: 0.3598012924
2023-11-23 15:28:53,272 - INFO - Epoch 44 : Training Loss: 6.7982907295, Validation Loss: 7.5986895561, Training R-squared: 0.4721281826, Validation R-squared: 0.3671135902
2023-11-23 15:29:02,585 - INFO - Epoch 45 : Training Loss: 6.7669620514, Validation Loss: 7.6257405281, Training R-squared: 0.4778010547, Validation R-squared: 0.3621349037
2023-11-23 15:29:11,899 - INFO - Epoch 46 : Training Loss: 6.7586560249, Validation Loss: 7.5811419487, Training R-squared: 0.4785991013, Validation R-squared: 0.3700483441
2023-11-23 15:29:21,465 - INFO - Epoch 47 : Training Loss: 6.7457656860, Validation Loss: 7.6386432648, Training R-squared: 0.4802365899, Validation R-squared: 0.3598496616
2023-11-23 15:29:31,452 - INFO - Epoch 48 : Training Loss: 6.7302556038, Validation Loss: 7.6259140968, Training R-squared: 0.4828641415, Validation R-squared: 0.3621445000
2023-11-23 15:29:40,810 - INFO - Epoch 49 : Training Loss: 6.7080650330, Validation Loss: 7.6231369972, Training R-squared: 0.4851800501, Validation R-squared: 0.3623197079
2023-11-23 15:29:50,196 - INFO - Epoch 50 : Training Loss: 6.6959943771, Validation Loss: 7.6237587929, Training R-squared: 0.4874139428, Validation R-squared: 0.3622806370
2023-11-23 15:29:59,657 - INFO - Epoch 51 : Training Loss: 6.6827931404, Validation Loss: 7.5968761444, Training R-squared: 0.4890195429, Validation R-squared: 0.3667110801
2023-11-23 15:30:12,338 - INFO - Model saved to models/portion_model/lunch/512_512_200_64/sparsity_55_fold_1_model.keras
2023-11-23 15:30:17,377 - INFO - Avg Metrics: RMSE: 6.1229905328, R-squared: -0.5673932915, PCC: 0.5336452838
2023-11-23 15:30:17,377 - INFO - Agg Metrics: RMSE: 7.6802039176, R-squared: 0.3646100546, PCC: 0.6066587627
2023-11-23 15:30:23,516 - INFO - ================================================================== Fold 2 ===================================================================
2023-11-23 15:30:36,816 - INFO - Epoch 1  : Training Loss: 9.2691383362, Validation Loss: 9.0430564880, Training R-squared: 0.0379161760, Validation R-squared: 0.0471894294
2023-11-23 15:30:46,200 - INFO - Epoch 2  : Training Loss: 9.0298662186, Validation Loss: 8.6954164505, Training R-squared: 0.0877368897, Validation R-squared: 0.1193640381
2023-11-23 15:30:55,639 - INFO - Epoch 3  : Training Loss: 8.6182527542, Validation Loss: 8.1817083359, Training R-squared: 0.1667970568, Validation R-squared: 0.2190164924
2023-11-23 15:31:05,023 - INFO - Epoch 4  : Training Loss: 8.2454462051, Validation Loss: 8.0281829834, Training R-squared: 0.2395721227, Validation R-squared: 0.2472221404
2023-11-23 15:31:14,372 - INFO - Epoch 5  : Training Loss: 8.1358089447, Validation Loss: 7.9989423752, Training R-squared: 0.2604025602, Validation R-squared: 0.2516193092
2023-11-23 15:31:23,845 - INFO - Epoch 6  : Training Loss: 8.0845642090, Validation Loss: 7.9792962074, Training R-squared: 0.2687619925, Validation R-squared: 0.2553886771
2023-11-23 15:31:32,926 - INFO - Epoch 7  : Training Loss: 8.0336217880, Validation Loss: 7.9460906982, Training R-squared: 0.2766611278, Validation R-squared: 0.2619848251
2023-11-23 15:31:42,141 - INFO - Epoch 8  : Training Loss: 7.9888410568, Validation Loss: 7.9303669930, Training R-squared: 0.2855781317, Validation R-squared: 0.2640617192
2023-11-23 15:31:51,502 - INFO - Epoch 9  : Training Loss: 7.9512529373, Validation Loss: 7.9028520584, Training R-squared: 0.2912324667, Validation R-squared: 0.2692845762
2023-11-23 15:32:00,913 - INFO - Epoch 10 : Training Loss: 7.8933172226, Validation Loss: 7.8688955307, Training R-squared: 0.3011678159, Validation R-squared: 0.2759930491
2023-11-23 15:32:10,228 - INFO - Epoch 11 : Training Loss: 7.8432254791, Validation Loss: 7.8305730820, Training R-squared: 0.3116239905, Validation R-squared: 0.2832779586
2023-11-23 15:32:19,841 - INFO - Epoch 12 : Training Loss: 7.7841677666, Validation Loss: 7.7830948830, Training R-squared: 0.3209868371, Validation R-squared: 0.2912084460
2023-11-23 15:32:29,112 - INFO - Epoch 13 : Training Loss: 7.7241687775, Validation Loss: 7.7321877480, Training R-squared: 0.3318481445, Validation R-squared: 0.3005181253
2023-11-23 15:32:38,395 - INFO - Epoch 14 : Training Loss: 7.6521410942, Validation Loss: 7.6903257370, Training R-squared: 0.3439232707, Validation R-squared: 0.3073715568
2023-11-23 15:32:47,645 - INFO - Epoch 15 : Training Loss: 7.5954461098, Validation Loss: 7.6649003029, Training R-squared: 0.3531630933, Validation R-squared: 0.3121175766
2023-11-23 15:32:57,013 - INFO - Epoch 16 : Training Loss: 7.5772085190, Validation Loss: 7.6481022835, Training R-squared: 0.3580927551, Validation R-squared: 0.3146477044
2023-11-23 15:33:06,560 - INFO - Epoch 17 : Training Loss: 7.5344171524, Validation Loss: 7.6332039833, Training R-squared: 0.3639463484, Validation R-squared: 0.3172987998
2023-11-23 15:33:15,988 - INFO - Epoch 18 : Training Loss: 7.5004992485, Validation Loss: 7.6178951263, Training R-squared: 0.3702489734, Validation R-squared: 0.3211681843
2023-11-23 15:33:25,621 - INFO - Epoch 19 : Training Loss: 7.4570331573, Validation Loss: 7.6042685509, Training R-squared: 0.3772136271, Validation R-squared: 0.3224021494
2023-11-23 15:33:34,950 - INFO - Epoch 20 : Training Loss: 7.4261779785, Validation Loss: 7.5866594315, Training R-squared: 0.3811845779, Validation R-squared: 0.3259685338
2023-11-23 15:33:44,373 - INFO - Epoch 21 : Training Loss: 7.3869032860, Validation Loss: 7.5679345131, Training R-squared: 0.3873910606, Validation R-squared: 0.3300308883
2023-11-23 15:33:54,524 - INFO - Epoch 22 : Training Loss: 7.3531475067, Validation Loss: 7.5559997559, Training R-squared: 0.3934255838, Validation R-squared: 0.3316296935
2023-11-23 15:34:03,969 - INFO - Epoch 23 : Training Loss: 7.3218007088, Validation Loss: 7.5362029076, Training R-squared: 0.3973489702, Validation R-squared: 0.3353484273
2023-11-23 15:34:13,239 - INFO - Epoch 24 : Training Loss: 7.2882547379, Validation Loss: 7.5359477997, Training R-squared: 0.4029326737, Validation R-squared: 0.3347249627
2023-11-23 15:34:23,268 - INFO - Epoch 25 : Training Loss: 7.2722272873, Validation Loss: 7.5293359756, Training R-squared: 0.4077436626, Validation R-squared: 0.3364857137
2023-11-23 15:34:32,862 - INFO - Epoch 26 : Training Loss: 7.2426233292, Validation Loss: 7.5157799721, Training R-squared: 0.4124884903, Validation R-squared: 0.3390008211
2023-11-23 15:34:42,121 - INFO - Epoch 27 : Training Loss: 7.2222213745, Validation Loss: 7.5171394348, Training R-squared: 0.4143006504, Validation R-squared: 0.3386541307
2023-11-23 15:34:51,575 - INFO - Epoch 28 : Training Loss: 7.1930079460, Validation Loss: 7.4996805191, Training R-squared: 0.4183624685, Validation R-squared: 0.3415238559
2023-11-23 15:35:01,115 - INFO - Epoch 29 : Training Loss: 7.1788454056, Validation Loss: 7.4996995926, Training R-squared: 0.4219132066, Validation R-squared: 0.3416677415
2023-11-23 15:35:10,568 - INFO - Epoch 30 : Training Loss: 7.1519308090, Validation Loss: 7.4925312996, Training R-squared: 0.4250003695, Validation R-squared: 0.3422694206
2023-11-23 15:35:20,182 - INFO - Epoch 31 : Training Loss: 7.1240592003, Validation Loss: 7.4913897514, Training R-squared: 0.4304075241, Validation R-squared: 0.3422770798
2023-11-23 15:35:29,461 - INFO - Epoch 32 : Training Loss: 7.1008443832, Validation Loss: 7.4472742081, Training R-squared: 0.4334619641, Validation R-squared: 0.3506731689
2023-11-23 15:35:38,730 - INFO - Epoch 33 : Training Loss: 7.0624966621, Validation Loss: 7.4589424133, Training R-squared: 0.4393417537, Validation R-squared: 0.3480260670
2023-11-23 15:35:48,086 - INFO - Epoch 34 : Training Loss: 7.0336799622, Validation Loss: 7.4313292503, Training R-squared: 0.4440711141, Validation R-squared: 0.3535943925
2023-11-23 15:35:57,527 - INFO - Epoch 35 : Training Loss: 7.0001268387, Validation Loss: 7.4087100029, Training R-squared: 0.4492732584, Validation R-squared: 0.3572000861
2023-11-23 15:36:06,916 - INFO - Epoch 36 : Training Loss: 6.9927167892, Validation Loss: 7.4470076561, Training R-squared: 0.4508975446, Validation R-squared: 0.3499008417
2023-11-23 15:36:16,440 - INFO - Epoch 37 : Training Loss: 6.9660196304, Validation Loss: 7.4274334908, Training R-squared: 0.4548006058, Validation R-squared: 0.3531759083
2023-11-23 15:36:25,877 - INFO - Epoch 38 : Training Loss: 6.9412703514, Validation Loss: 7.4090118408, Training R-squared: 0.4587763846, Validation R-squared: 0.3566503227
2023-11-23 15:36:35,241 - INFO - Epoch 39 : Training Loss: 6.9291429520, Validation Loss: 7.3772931099, Training R-squared: 0.4595751166, Validation R-squared: 0.3620432913
2023-11-23 15:36:44,537 - INFO - Epoch 40 : Training Loss: 6.9108605385, Validation Loss: 7.3950595856, Training R-squared: 0.4623087645, Validation R-squared: 0.3587696254
2023-11-23 15:36:53,866 - INFO - Epoch 41 : Training Loss: 6.8919062614, Validation Loss: 7.3972663879, Training R-squared: 0.4656038880, Validation R-squared: 0.3584252298
2023-11-23 15:37:03,261 - INFO - Epoch 42 : Training Loss: 6.8788099289, Validation Loss: 7.3526253700, Training R-squared: 0.4679220915, Validation R-squared: 0.3667408824
2023-11-23 15:37:12,762 - INFO - Epoch 43 : Training Loss: 6.8526730537, Validation Loss: 7.3492426872, Training R-squared: 0.4721319079, Validation R-squared: 0.3670622408
2023-11-23 15:37:22,335 - INFO - Epoch 44 : Training Loss: 6.8418755531, Validation Loss: 7.3640255928, Training R-squared: 0.4728811085, Validation R-squared: 0.3642473221
2023-11-23 15:37:31,669 - INFO - Epoch 45 : Training Loss: 6.8222303391, Validation Loss: 7.4319753647, Training R-squared: 0.4760257900, Validation R-squared: 0.3511556089
2023-11-23 15:37:41,036 - INFO - Epoch 46 : Training Loss: 6.8143568039, Validation Loss: 7.3697333336, Training R-squared: 0.4768846631, Validation R-squared: 0.3628440499
2023-11-23 15:37:50,509 - INFO - Epoch 47 : Training Loss: 6.7905387878, Validation Loss: 7.3480691910, Training R-squared: 0.4804968834, Validation R-squared: 0.3669538498
2023-11-23 15:37:59,823 - INFO - Epoch 48 : Training Loss: 6.7661786079, Validation Loss: 7.3279147148, Training R-squared: 0.4850593209, Validation R-squared: 0.3702424467
2023-11-23 15:38:09,093 - INFO - Epoch 49 : Training Loss: 6.7659730911, Validation Loss: 7.3578181267, Training R-squared: 0.4848875105, Validation R-squared: 0.3648513854
2023-11-23 15:38:18,623 - INFO - Epoch 50 : Training Loss: 6.7360811234, Validation Loss: 7.3556051254, Training R-squared: 0.4884267747, Validation R-squared: 0.3653174639
2023-11-23 15:38:28,016 - INFO - Epoch 51 : Training Loss: 6.7240571976, Validation Loss: 7.4171099663, Training R-squared: 0.4908754528, Validation R-squared: 0.3532772660
2023-11-23 15:38:37,339 - INFO - Epoch 52 : Training Loss: 6.7210836411, Validation Loss: 7.3621640205, Training R-squared: 0.4906367958, Validation R-squared: 0.3636575639
2023-11-23 15:38:46,784 - INFO - Epoch 53 : Training Loss: 6.6934766769, Validation Loss: 7.3085122108, Training R-squared: 0.4944778383, Validation R-squared: 0.3733132482
2023-11-23 15:38:56,147 - INFO - Epoch 54 : Training Loss: 6.6817274094, Validation Loss: 7.4185590744, Training R-squared: 0.4967418611, Validation R-squared: 0.3523938656
2023-11-23 15:39:05,720 - INFO - Epoch 55 : Training Loss: 6.6648497581, Validation Loss: 7.3299813271, Training R-squared: 0.4985947311, Validation R-squared: 0.3685552478
2023-11-23 15:39:15,053 - INFO - Epoch 56 : Training Loss: 6.6358971596, Validation Loss: 7.3405561447, Training R-squared: 0.5037674308, Validation R-squared: 0.3669840395
2023-11-23 15:39:24,686 - INFO - Epoch 57 : Training Loss: 6.6309952736, Validation Loss: 7.2932286263, Training R-squared: 0.5048400760, Validation R-squared: 0.3762913346
2023-11-23 15:39:33,969 - INFO - Epoch 58 : Training Loss: 6.6162266731, Validation Loss: 7.2925128937, Training R-squared: 0.5064243674, Validation R-squared: 0.3752320409
2023-11-23 15:39:43,280 - INFO - Epoch 59 : Training Loss: 6.5990157127, Validation Loss: 7.3106198311, Training R-squared: 0.5093581676, Validation R-squared: 0.3721587062
2023-11-23 15:39:52,784 - INFO - Epoch 60 : Training Loss: 6.5859141350, Validation Loss: 7.3111982346, Training R-squared: 0.5113208890, Validation R-squared: 0.3716056049
2023-11-23 15:40:02,208 - INFO - Epoch 61 : Training Loss: 6.5632948875, Validation Loss: 7.3450183868, Training R-squared: 0.5144134760, Validation R-squared: 0.3650018871
2023-11-23 15:40:11,624 - INFO - Epoch 62 : Training Loss: 6.5598726273, Validation Loss: 7.3029694557, Training R-squared: 0.5141690969, Validation R-squared: 0.3726417720
2023-11-23 15:40:21,238 - INFO - Epoch 63 : Training Loss: 6.5396533012, Validation Loss: 7.3073086739, Training R-squared: 0.5173122287, Validation R-squared: 0.3720387816
2023-11-23 15:40:33,736 - INFO - Model saved to models/portion_model/lunch/512_512_200_64/sparsity_55_fold_2_model.keras
2023-11-23 15:40:40,818 - INFO - Avg Metrics: RMSE: 5.9464746199, R-squared: -0.3300884591, PCC: 0.5452849169
2023-11-23 15:40:40,818 - INFO - Agg Metrics: RMSE: 7.3834700672, R-squared: 0.3758197437, PCC: 0.6201618129
2023-11-23 15:40:47,061 - INFO - ================================================================== Fold 3 ===================================================================
2023-11-23 15:41:00,501 - INFO - Epoch 1  : Training Loss: 9.2014026642, Validation Loss: 9.2912025452, Training R-squared: 0.0388976075, Validation R-squared: 0.0454779081
2023-11-23 15:41:09,904 - INFO - Epoch 2  : Training Loss: 8.9620885849, Validation Loss: 8.9771137238, Training R-squared: 0.0895599350, Validation R-squared: 0.1092642918
2023-11-23 15:41:19,515 - INFO - Epoch 3  : Training Loss: 8.6158294678, Validation Loss: 8.4915180206, Training R-squared: 0.1592891663, Validation R-squared: 0.2031870633
2023-11-23 15:41:28,821 - INFO - Epoch 4  : Training Loss: 8.1542110443, Validation Loss: 8.3428144455, Training R-squared: 0.2450896651, Validation R-squared: 0.2307599336
2023-11-23 15:41:38,080 - INFO - Epoch 5  : Training Loss: 8.0708560944, Validation Loss: 8.3298778534, Training R-squared: 0.2614955902, Validation R-squared: 0.2331117243
2023-11-23 15:41:47,319 - INFO - Epoch 6  : Training Loss: 8.0313549042, Validation Loss: 8.3062582016, Training R-squared: 0.2669471502, Validation R-squared: 0.2373526841
2023-11-23 15:41:56,663 - INFO - Epoch 7  : Training Loss: 7.9735341072, Validation Loss: 8.2683219910, Training R-squared: 0.2781445384, Validation R-squared: 0.2443278283
2023-11-23 15:42:06,044 - INFO - Epoch 8  : Training Loss: 7.9054546356, Validation Loss: 8.2262582779, Training R-squared: 0.2900996506, Validation R-squared: 0.2521530986
2023-11-23 15:42:15,333 - INFO - Epoch 9  : Training Loss: 7.8595318794, Validation Loss: 8.1977195740, Training R-squared: 0.2993084192, Validation R-squared: 0.2570740581
2023-11-23 15:42:24,916 - INFO - Epoch 10 : Training Loss: 7.7881669998, Validation Loss: 8.1440105438, Training R-squared: 0.3102242649, Validation R-squared: 0.2671705484
2023-11-23 15:42:34,093 - INFO - Epoch 11 : Training Loss: 7.7298898697, Validation Loss: 8.1149492264, Training R-squared: 0.3219355047, Validation R-squared: 0.2725220025
2023-11-23 15:42:43,471 - INFO - Epoch 12 : Training Loss: 7.6645145416, Validation Loss: 8.0822973251, Training R-squared: 0.3326272666, Validation R-squared: 0.2782575786
2023-11-23 15:42:52,802 - INFO - Epoch 13 : Training Loss: 7.6383056641, Validation Loss: 8.0679750443, Training R-squared: 0.3370538056, Validation R-squared: 0.2808125317
2023-11-23 15:43:02,156 - INFO - Epoch 14 : Training Loss: 7.5930995941, Validation Loss: 8.0600595474, Training R-squared: 0.3437905312, Validation R-squared: 0.2820273340
2023-11-23 15:43:11,554 - INFO - Epoch 15 : Training Loss: 7.5608043671, Validation Loss: 8.0450239182, Training R-squared: 0.3509412408, Validation R-squared: 0.2845144272
2023-11-23 15:43:21,208 - INFO - Epoch 16 : Training Loss: 7.5330891609, Validation Loss: 8.0427865982, Training R-squared: 0.3554570079, Validation R-squared: 0.2848856747
2023-11-23 15:43:30,538 - INFO - Epoch 17 : Training Loss: 7.5028080940, Validation Loss: 8.0049343109, Training R-squared: 0.3588971496, Validation R-squared: 0.2915983796
2023-11-23 15:43:39,603 - INFO - Epoch 18 : Training Loss: 7.4690537453, Validation Loss: 7.9796833992, Training R-squared: 0.3648207784, Validation R-squared: 0.2960773408
2023-11-23 15:43:49,405 - INFO - Epoch 19 : Training Loss: 7.4283280373, Validation Loss: 7.9490127563, Training R-squared: 0.3724816740, Validation R-squared: 0.3016875684
2023-11-23 15:43:59,557 - INFO - Epoch 20 : Training Loss: 7.3920135498, Validation Loss: 7.9211812019, Training R-squared: 0.3785404861, Validation R-squared: 0.3064135611
2023-11-23 15:44:08,881 - INFO - Epoch 21 : Training Loss: 7.3541307449, Validation Loss: 7.9048824310, Training R-squared: 0.3846582770, Validation R-squared: 0.3089655638
2023-11-23 15:44:18,557 - INFO - Epoch 22 : Training Loss: 7.3175644875, Validation Loss: 7.8851337433, Training R-squared: 0.3911205530, Validation R-squared: 0.3119803965
2023-11-23 15:44:27,864 - INFO - Epoch 23 : Training Loss: 7.2834644318, Validation Loss: 7.8692522049, Training R-squared: 0.3974963725, Validation R-squared: 0.3147302866
2023-11-23 15:44:37,308 - INFO - Epoch 24 : Training Loss: 7.2518706322, Validation Loss: 7.8425946236, Training R-squared: 0.4020609856, Validation R-squared: 0.3193268180
2023-11-23 15:44:46,709 - INFO - Epoch 25 : Training Loss: 7.2164211273, Validation Loss: 7.8179154396, Training R-squared: 0.4047700763, Validation R-squared: 0.3234573603
2023-11-23 15:44:56,078 - INFO - Epoch 26 : Training Loss: 7.1961922646, Validation Loss: 7.8074660301, Training R-squared: 0.4105756879, Validation R-squared: 0.3250840306
2023-11-23 15:45:05,347 - INFO - Epoch 27 : Training Loss: 7.1649799347, Validation Loss: 7.7945132256, Training R-squared: 0.4142353237, Validation R-squared: 0.3274310231
2023-11-23 15:45:14,653 - INFO - Epoch 28 : Training Loss: 7.1433563232, Validation Loss: 7.7884912491, Training R-squared: 0.4190267622, Validation R-squared: 0.3282149434
2023-11-23 15:45:24,890 - INFO - Epoch 29 : Training Loss: 7.1081509590, Validation Loss: 7.7600431442, Training R-squared: 0.4237248302, Validation R-squared: 0.3330735564
2023-11-23 15:45:34,162 - INFO - Epoch 30 : Training Loss: 7.0958485603, Validation Loss: 7.7848186493, Training R-squared: 0.4254948795, Validation R-squared: 0.3284082413
2023-11-23 15:45:43,432 - INFO - Epoch 31 : Training Loss: 7.0803017616, Validation Loss: 7.7565417290, Training R-squared: 0.4299027324, Validation R-squared: 0.3332971036
2023-11-23 15:45:52,878 - INFO - Epoch 32 : Training Loss: 7.0379490852, Validation Loss: 7.7281465530, Training R-squared: 0.4350394011, Validation R-squared: 0.3380681872
2023-11-23 15:46:02,191 - INFO - Epoch 33 : Training Loss: 7.0238051414, Validation Loss: 7.7285909653, Training R-squared: 0.4371637702, Validation R-squared: 0.3376100957
2023-11-23 15:46:11,732 - INFO - Epoch 34 : Training Loss: 6.9981169701, Validation Loss: 7.7710585594, Training R-squared: 0.4416614771, Validation R-squared: 0.3297958672
2023-11-23 15:46:21,464 - INFO - Epoch 35 : Training Loss: 6.9864835739, Validation Loss: 7.7060222626, Training R-squared: 0.4446797371, Validation R-squared: 0.3414844573
2023-11-23 15:46:30,781 - INFO - Epoch 36 : Training Loss: 6.9570760727, Validation Loss: 7.6910123825, Training R-squared: 0.4477178454, Validation R-squared: 0.3439780772
2023-11-23 15:46:39,919 - INFO - Epoch 37 : Training Loss: 6.9304933548, Validation Loss: 7.6996178627, Training R-squared: 0.4505732358, Validation R-squared: 0.3422081769
2023-11-23 15:46:49,175 - INFO - Epoch 38 : Training Loss: 6.9168586731, Validation Loss: 7.7045469284, Training R-squared: 0.4545477331, Validation R-squared: 0.3410685658
2023-11-23 15:46:58,543 - INFO - Epoch 39 : Training Loss: 6.8950605392, Validation Loss: 7.6791691780, Training R-squared: 0.4567956626, Validation R-squared: 0.3455770612
2023-11-23 15:47:07,871 - INFO - Epoch 40 : Training Loss: 6.8729991913, Validation Loss: 7.7034225464, Training R-squared: 0.4613724649, Validation R-squared: 0.3411307037
2023-11-23 15:47:17,658 - INFO - Epoch 41 : Training Loss: 6.8570208549, Validation Loss: 7.6986904144, Training R-squared: 0.4631050825, Validation R-squared: 0.3417370021
2023-11-23 15:47:27,008 - INFO - Epoch 42 : Training Loss: 6.8439960480, Validation Loss: 7.6748003960, Training R-squared: 0.4645943940, Validation R-squared: 0.3459266722
2023-11-23 15:47:36,299 - INFO - Epoch 43 : Training Loss: 6.8236012459, Validation Loss: 7.6562104225, Training R-squared: 0.4693543911, Validation R-squared: 0.3490957916
2023-11-23 15:47:45,590 - INFO - Epoch 44 : Training Loss: 6.8051142693, Validation Loss: 7.6791353226, Training R-squared: 0.4726128578, Validation R-squared: 0.3449084759
2023-11-23 15:47:54,941 - INFO - Epoch 45 : Training Loss: 6.7904291153, Validation Loss: 7.6402397156, Training R-squared: 0.4736494422, Validation R-squared: 0.3516305089
2023-11-23 15:48:04,294 - INFO - Epoch 46 : Training Loss: 6.7707877159, Validation Loss: 7.6105394363, Training R-squared: 0.4741977155, Validation R-squared: 0.3568982780
2023-11-23 15:48:13,726 - INFO - Epoch 47 : Training Loss: 6.7549571991, Validation Loss: 7.6492033005, Training R-squared: 0.4776822329, Validation R-squared: 0.3498658240
2023-11-23 15:48:23,212 - INFO - Epoch 48 : Training Loss: 6.7400374413, Validation Loss: 7.6673521996, Training R-squared: 0.4809385538, Validation R-squared: 0.3464015424
2023-11-23 15:48:32,596 - INFO - Epoch 49 : Training Loss: 6.7320122719, Validation Loss: 7.6369104385, Training R-squared: 0.4807884693, Validation R-squared: 0.3516825736
2023-11-23 15:48:41,900 - INFO - Epoch 50 : Training Loss: 6.7103414536, Validation Loss: 7.6380286217, Training R-squared: 0.4860261679, Validation R-squared: 0.3513419032
2023-11-23 15:48:51,387 - INFO - Epoch 51 : Training Loss: 6.7068295479, Validation Loss: 7.6359286308, Training R-squared: 0.4872831702, Validation R-squared: 0.3515837491
2023-11-23 15:49:03,965 - INFO - Model saved to models/portion_model/lunch/512_512_200_64/sparsity_55_fold_3_model.keras
2023-11-23 15:49:09,539 - INFO - Avg Metrics: RMSE: 6.1755737527, R-squared: -0.0791907354, PCC: 0.5239285834
2023-11-23 15:49:09,540 - INFO - Agg Metrics: RMSE: 7.6904493259, R-squared: 0.3560960244, PCC: 0.5981443646
2023-11-23 15:49:15,820 - INFO - ================================================================== Fold 4 ===================================================================
2023-11-23 15:49:29,577 - INFO - Epoch 1  : Training Loss: 9.2350387573, Validation Loss: 9.1572484970, Training R-squared: 0.0380923599, Validation R-squared: 0.0474882498
2023-11-23 15:49:38,966 - INFO - Epoch 2  : Training Loss: 9.0002861023, Validation Loss: 8.8063573837, Training R-squared: 0.0877792016, Validation R-squared: 0.1191102192
2023-11-23 15:49:48,256 - INFO - Epoch 3  : Training Loss: 8.5817861557, Validation Loss: 8.2923851013, Training R-squared: 0.1716352999, Validation R-squared: 0.2188329399
2023-11-23 15:49:57,653 - INFO - Epoch 4  : Training Loss: 8.1799297333, Validation Loss: 8.1693506241, Training R-squared: 0.2461828142, Validation R-squared: 0.2423436940
2023-11-23 15:50:07,065 - INFO - Epoch 5  : Training Loss: 8.1094398499, Validation Loss: 8.1511945724, Training R-squared: 0.2585382164, Validation R-squared: 0.2454588264
2023-11-23 15:50:16,572 - INFO - Epoch 6  : Training Loss: 8.0699958801, Validation Loss: 8.1348352432, Training R-squared: 0.2647230327, Validation R-squared: 0.2480242997
2023-11-23 15:50:25,927 - INFO - Epoch 7  : Training Loss: 8.0284986496, Validation Loss: 8.1107606888, Training R-squared: 0.2736200392, Validation R-squared: 0.2528299987
2023-11-23 15:50:35,085 - INFO - Epoch 8  : Training Loss: 7.9723596573, Validation Loss: 8.0859155655, Training R-squared: 0.2830434144, Validation R-squared: 0.2572603524
2023-11-23 15:50:44,433 - INFO - Epoch 9  : Training Loss: 7.9292392731, Validation Loss: 8.0509977341, Training R-squared: 0.2908559144, Validation R-squared: 0.2629925311
2023-11-23 15:50:53,725 - INFO - Epoch 10 : Training Loss: 7.8854346275, Validation Loss: 8.0213689804, Training R-squared: 0.2988336384, Validation R-squared: 0.2685760260
2023-11-23 15:51:03,045 - INFO - Epoch 11 : Training Loss: 7.8276185989, Validation Loss: 7.9907894135, Training R-squared: 0.3081632853, Validation R-squared: 0.2728649080
2023-11-23 15:51:12,497 - INFO - Epoch 12 : Training Loss: 7.7772345543, Validation Loss: 7.9521059990, Training R-squared: 0.3180342019, Validation R-squared: 0.2806459069
2023-11-23 15:51:22,124 - INFO - Epoch 13 : Training Loss: 7.7113900185, Validation Loss: 7.9149250984, Training R-squared: 0.3278318644, Validation R-squared: 0.2870071530
2023-11-23 15:51:31,470 - INFO - Epoch 14 : Training Loss: 7.6642403603, Validation Loss: 7.8756742477, Training R-squared: 0.3359720409, Validation R-squared: 0.2949263155
2023-11-23 15:51:40,572 - INFO - Epoch 15 : Training Loss: 7.6120891571, Validation Loss: 7.8393559456, Training R-squared: 0.3448089063, Validation R-squared: 0.2994515002
2023-11-23 15:51:49,923 - INFO - Epoch 16 : Training Loss: 7.5666365623, Validation Loss: 7.8127493858, Training R-squared: 0.3529622555, Validation R-squared: 0.3042834401
2023-11-23 15:51:59,359 - INFO - Epoch 17 : Training Loss: 7.5339574814, Validation Loss: 7.8024349213, Training R-squared: 0.3590278924, Validation R-squared: 0.3064860404
2023-11-23 15:52:08,612 - INFO - Epoch 18 : Training Loss: 7.5006289482, Validation Loss: 7.7801580429, Training R-squared: 0.3650428653, Validation R-squared: 0.3106289208
2023-11-23 15:52:18,349 - INFO - Epoch 19 : Training Loss: 7.4664015770, Validation Loss: 7.7639327049, Training R-squared: 0.3712874353, Validation R-squared: 0.3137016594
2023-11-23 15:52:27,668 - INFO - Epoch 20 : Training Loss: 7.4301447868, Validation Loss: 7.7609438896, Training R-squared: 0.3767600954, Validation R-squared: 0.3142158687
2023-11-23 15:52:36,986 - INFO - Epoch 21 : Training Loss: 7.4006352425, Validation Loss: 7.7618832588, Training R-squared: 0.3817337453, Validation R-squared: 0.3125876486
2023-11-23 15:52:46,641 - INFO - Epoch 22 : Training Loss: 7.3666915894, Validation Loss: 7.7249040604, Training R-squared: 0.3873757422, Validation R-squared: 0.3194971979
2023-11-23 15:52:55,829 - INFO - Epoch 23 : Training Loss: 7.3261313438, Validation Loss: 7.7127790451, Training R-squared: 0.3930454552, Validation R-squared: 0.3230222464
2023-11-23 15:53:05,134 - INFO - Epoch 24 : Training Loss: 7.2959265709, Validation Loss: 7.6947741508, Training R-squared: 0.3982217610, Validation R-squared: 0.3258034587
2023-11-23 15:53:14,708 - INFO - Epoch 25 : Training Loss: 7.2545919418, Validation Loss: 7.6775078773, Training R-squared: 0.4046993852, Validation R-squared: 0.3281083405
2023-11-23 15:53:24,235 - INFO - Epoch 26 : Training Loss: 7.2185001373, Validation Loss: 7.6592273712, Training R-squared: 0.4111333489, Validation R-squared: 0.3317615986
2023-11-23 15:53:33,492 - INFO - Epoch 27 : Training Loss: 7.1844205856, Validation Loss: 7.6459283829, Training R-squared: 0.4153485000, Validation R-squared: 0.3336835802
2023-11-23 15:53:42,987 - INFO - Epoch 28 : Training Loss: 7.1601161957, Validation Loss: 7.6241111755, Training R-squared: 0.4200688303, Validation R-squared: 0.3380477726
2023-11-23 15:53:53,768 - INFO - Epoch 29 : Training Loss: 7.1231322289, Validation Loss: 7.6299338341, Training R-squared: 0.4255934358, Validation R-squared: 0.3386804461
2023-11-23 15:54:03,328 - INFO - Epoch 30 : Training Loss: 7.1001372337, Validation Loss: 7.6345491409, Training R-squared: 0.4296455383, Validation R-squared: 0.3359504938
2023-11-23 15:54:13,258 - INFO - Epoch 31 : Training Loss: 7.0833139420, Validation Loss: 7.6125555038, Training R-squared: 0.4306236207, Validation R-squared: 0.3401543200
2023-11-23 15:54:22,899 - INFO - Epoch 32 : Training Loss: 7.0722317696, Validation Loss: 7.6017003059, Training R-squared: 0.4337216616, Validation R-squared: 0.3417796791
2023-11-23 15:54:32,451 - INFO - Epoch 33 : Training Loss: 7.0496139526, Validation Loss: 7.6212267876, Training R-squared: 0.4368929267, Validation R-squared: 0.3377301991
2023-11-23 15:54:41,859 - INFO - Epoch 34 : Training Loss: 7.0376806259, Validation Loss: 7.6183271408, Training R-squared: 0.4386389852, Validation R-squared: 0.3389881551
2023-11-23 15:54:51,130 - INFO - Epoch 35 : Training Loss: 6.9968171120, Validation Loss: 7.6132197380, Training R-squared: 0.4439822137, Validation R-squared: 0.3404653370
2023-11-23 15:55:00,434 - INFO - Epoch 36 : Training Loss: 6.9772248268, Validation Loss: 7.6140327454, Training R-squared: 0.4471282661, Validation R-squared: 0.3402338624
2023-11-23 15:55:09,848 - INFO - Epoch 37 : Training Loss: 6.9614877701, Validation Loss: 7.6314911842, Training R-squared: 0.4508194625, Validation R-squared: 0.3375563025
2023-11-23 15:55:23,206 - INFO - Model saved to models/portion_model/lunch/512_512_200_64/sparsity_55_fold_4_model.keras
2023-11-23 15:55:28,142 - INFO - Avg Metrics: RMSE: 6.1703196705, R-squared: -1.1971108483, PCC: 0.4831841612
2023-11-23 15:55:28,142 - INFO - Agg Metrics: RMSE: 7.7571013161, R-squared: 0.3319194391, PCC: 0.5789473169
2023-11-23 15:55:34,257 - INFO - ================================================================== Fold 5 ===================================================================
2023-11-23 15:55:48,821 - INFO - Epoch 1  : Training Loss: 9.2524452209, Validation Loss: 9.1127748489, Training R-squared: 0.0376726650, Validation R-squared: 0.0477566458
2023-11-23 15:55:59,007 - INFO - Epoch 2  : Training Loss: 9.0048103333, Validation Loss: 8.7478437424, Training R-squared: 0.0882623792, Validation R-squared: 0.1224532872
2023-11-23 15:56:08,451 - INFO - Epoch 3  : Training Loss: 8.6317720413, Validation Loss: 8.2445945740, Training R-squared: 0.1628452390, Validation R-squared: 0.2189849913
2023-11-23 15:56:18,517 - INFO - Epoch 4  : Training Loss: 8.2266168594, Validation Loss: 8.0903100967, Training R-squared: 0.2386986315, Validation R-squared: 0.2470161468
2023-11-23 15:56:27,832 - INFO - Epoch 5  : Training Loss: 8.1287431717, Validation Loss: 8.0531387329, Training R-squared: 0.2573332191, Validation R-squared: 0.2528499961
2023-11-23 15:56:37,156 - INFO - Epoch 6  : Training Loss: 8.0823774338, Validation Loss: 8.0306901932, Training R-squared: 0.2646686137, Validation R-squared: 0.2568625510
2023-11-23 15:56:46,388 - INFO - Epoch 7  : Training Loss: 8.0421905518, Validation Loss: 7.9952220917, Training R-squared: 0.2741701901, Validation R-squared: 0.2633392513
2023-11-23 15:56:55,657 - INFO - Epoch 8  : Training Loss: 7.9854149818, Validation Loss: 7.9720740318, Training R-squared: 0.2830248773, Validation R-squared: 0.2674392164
2023-11-23 15:57:05,107 - INFO - Epoch 9  : Training Loss: 7.9281167984, Validation Loss: 7.9272236824, Training R-squared: 0.2925000191, Validation R-squared: 0.2755990922
2023-11-23 15:57:14,593 - INFO - Epoch 10 : Training Loss: 7.8739204407, Validation Loss: 7.8823246956, Training R-squared: 0.3016932607, Validation R-squared: 0.2843919694
2023-11-23 15:57:24,187 - INFO - Epoch 11 : Training Loss: 7.8176088333, Validation Loss: 7.8478970528, Training R-squared: 0.3125090897, Validation R-squared: 0.2902717590
2023-11-23 15:57:33,487 - INFO - Epoch 12 : Training Loss: 7.7629480362, Validation Loss: 7.8072433472, Training R-squared: 0.3215801418, Validation R-squared: 0.2975594699
2023-11-23 15:57:42,819 - INFO - Epoch 13 : Training Loss: 7.7140750885, Validation Loss: 7.7860913277, Training R-squared: 0.3309928477, Validation R-squared: 0.3011786938
2023-11-23 15:57:52,292 - INFO - Epoch 14 : Training Loss: 7.6888728142, Validation Loss: 7.7833275795, Training R-squared: 0.3352917433, Validation R-squared: 0.3023905456
2023-11-23 15:58:01,482 - INFO - Epoch 15 : Training Loss: 7.6506209373, Validation Loss: 7.7727289200, Training R-squared: 0.3409321010, Validation R-squared: 0.3038943112
2023-11-23 15:58:10,725 - INFO - Epoch 16 : Training Loss: 7.6260132790, Validation Loss: 7.7658395767, Training R-squared: 0.3445860445, Validation R-squared: 0.3047978282
2023-11-23 15:58:20,262 - INFO - Epoch 17 : Training Loss: 7.5986018181, Validation Loss: 7.7593688965, Training R-squared: 0.3493223488, Validation R-squared: 0.3059597909
2023-11-23 15:58:29,477 - INFO - Epoch 18 : Training Loss: 7.5737152100, Validation Loss: 7.7400345802, Training R-squared: 0.3542999923, Validation R-squared: 0.3095811903
2023-11-23 15:58:38,866 - INFO - Epoch 19 : Training Loss: 7.5497126579, Validation Loss: 7.7326793671, Training R-squared: 0.3585466444, Validation R-squared: 0.3113350272
2023-11-23 15:58:48,206 - INFO - Epoch 20 : Training Loss: 7.5084362030, Validation Loss: 7.7419734001, Training R-squared: 0.3649894893, Validation R-squared: 0.3090260327
2023-11-23 15:58:57,611 - INFO - Epoch 21 : Training Loss: 7.4775357246, Validation Loss: 7.7201590538, Training R-squared: 0.3690612316, Validation R-squared: 0.3133063912
2023-11-23 15:59:07,104 - INFO - Epoch 22 : Training Loss: 7.4413208961, Validation Loss: 7.6911544800, Training R-squared: 0.3764779568, Validation R-squared: 0.3189685643
2023-11-23 15:59:16,224 - INFO - Epoch 23 : Training Loss: 7.3958020210, Validation Loss: 7.6719498634, Training R-squared: 0.3841181695, Validation R-squared: 0.3221807480
2023-11-23 15:59:25,837 - INFO - Epoch 24 : Training Loss: 7.3674731255, Validation Loss: 7.6804485321, Training R-squared: 0.3870879710, Validation R-squared: 0.3205322325
2023-11-23 15:59:35,212 - INFO - Epoch 25 : Training Loss: 7.3255729675, Validation Loss: 7.6534647942, Training R-squared: 0.3946677446, Validation R-squared: 0.3251625896
2023-11-23 15:59:44,521 - INFO - Epoch 26 : Training Loss: 7.2967696190, Validation Loss: 7.6414437294, Training R-squared: 0.3993210495, Validation R-squared: 0.3280674517
2023-11-23 15:59:54,056 - INFO - Epoch 27 : Training Loss: 7.2466607094, Validation Loss: 7.6064639091, Training R-squared: 0.4081312120, Validation R-squared: 0.3345365822
2023-11-23 16:00:03,519 - INFO - Epoch 28 : Training Loss: 7.2161412239, Validation Loss: 7.5819973946, Training R-squared: 0.4134149849, Validation R-squared: 0.3390314579
2023-11-23 16:00:12,876 - INFO - Epoch 29 : Training Loss: 7.1862444878, Validation Loss: 7.5886116028, Training R-squared: 0.4173960388, Validation R-squared: 0.3372421861
2023-11-23 16:00:22,458 - INFO - Epoch 30 : Training Loss: 7.1503849030, Validation Loss: 7.6123857498, Training R-squared: 0.4233620763, Validation R-squared: 0.3330985904
2023-11-23 16:00:31,617 - INFO - Epoch 31 : Training Loss: 7.1252465248, Validation Loss: 7.5786972046, Training R-squared: 0.4285798073, Validation R-squared: 0.3394190073
2023-11-23 16:00:40,895 - INFO - Epoch 32 : Training Loss: 7.0929856300, Validation Loss: 7.5441322327, Training R-squared: 0.4322376251, Validation R-squared: 0.3458168209
2023-11-23 16:00:50,167 - INFO - Epoch 33 : Training Loss: 7.0729722977, Validation Loss: 7.5822896957, Training R-squared: 0.4363360405, Validation R-squared: 0.3391267657
2023-11-23 16:00:59,813 - INFO - Epoch 34 : Training Loss: 7.0441474915, Validation Loss: 7.5245008469, Training R-squared: 0.4391725063, Validation R-squared: 0.3491015732
2023-11-23 16:01:09,237 - INFO - Epoch 35 : Training Loss: 7.0189700127, Validation Loss: 7.5436077118, Training R-squared: 0.4448561072, Validation R-squared: 0.3458262086
2023-11-23 16:01:19,135 - INFO - Epoch 36 : Training Loss: 7.0090332031, Validation Loss: 7.5206623077, Training R-squared: 0.4449855685, Validation R-squared: 0.3500702679
2023-11-23 16:01:28,555 - INFO - Epoch 37 : Training Loss: 6.9853839874, Validation Loss: 7.5474667549, Training R-squared: 0.4484376013, Validation R-squared: 0.3450786173
2023-11-23 16:01:38,092 - INFO - Epoch 38 : Training Loss: 6.9618945122, Validation Loss: 7.5154876709, Training R-squared: 0.4523737729, Validation R-squared: 0.3511983454
2023-11-23 16:01:47,754 - INFO - Epoch 39 : Training Loss: 6.9496126175, Validation Loss: 7.5643472672, Training R-squared: 0.4550648928, Validation R-squared: 0.3420247436
2023-11-23 16:01:57,123 - INFO - Epoch 40 : Training Loss: 6.9269881248, Validation Loss: 7.5527687073, Training R-squared: 0.4580954313, Validation R-squared: 0.3440957069
2023-11-23 16:02:06,339 - INFO - Epoch 41 : Training Loss: 6.9071044922, Validation Loss: 7.5508971214, Training R-squared: 0.4602215886, Validation R-squared: 0.3445894718
2023-11-23 16:02:15,555 - INFO - Epoch 42 : Training Loss: 6.8831377029, Validation Loss: 7.5990467072, Training R-squared: 0.4651966393, Validation R-squared: 0.3355907798
2023-11-23 16:02:25,213 - INFO - Epoch 43 : Training Loss: 6.8724851608, Validation Loss: 7.5638256073, Training R-squared: 0.4658550620, Validation R-squared: 0.3423838317
2023-11-23 16:02:38,291 - INFO - Model saved to models/portion_model/lunch/512_512_200_64/sparsity_55_fold_5_model.keras
2023-11-23 16:02:43,311 - INFO - Avg Metrics: RMSE: 6.1663566907, R-squared: -2.4777495825, PCC: 0.5077435086
2023-11-23 16:02:43,311 - INFO - Agg Metrics: RMSE: 7.5834199543, R-squared: 0.3499513043, PCC: 0.5957274008
2023-11-23 16:02:54,574 - INFO - ================================================================== Results Summary ===================================================================
2023-11-23 16:02:54,574 - INFO - CrossVal Metrics (Avg.) - RMSE: 6.1163430533 ± 0.0869742359, R2: -0.9303065834 ± 0.0869742359, PCC: 0.5187572908 ± 0.0869742359
2023-11-23 16:02:54,575 - INFO - Testing  Metrics (Avg.) - RMSE: 6.0411222600, R2: -0.1266574359, PCC: 0.5345180010
2023-11-23 16:02:54,575 - INFO - CrossVal Metrics (Agg.) - RMSE: 7.6189289162 ± 0.0869742359, R2: 0.3556793132 ± 0.0869742359, PCC: 0.5999279316 ± 0.0869742359
2023-11-23 16:02:54,575 - INFO - Testing  Metrics (Agg.) - RMSE: 7.6571188548, R2: 0.3607303417, PCC: 0.6034965356
