2023-11-23 18:35:21,771 - INFO - Training model at 85% sparse columns removed...
2023-11-23 18:35:28,168 - INFO - ================================================================== Fold 1 ===================================================================
2023-11-23 18:35:32,718 - INFO - Epoch 1  : Training Loss: 15.2119941711, Validation Loss: 15.8483686447, Training R-squared: 0.0388461649, Validation R-squared: 0.0435044356
2023-11-23 18:35:35,069 - INFO - Epoch 2  : Training Loss: 15.0900831223, Validation Loss: 15.7499580383, Training R-squared: 0.0494960472, Validation R-squared: 0.0556762815
2023-11-23 18:35:37,878 - INFO - Epoch 3  : Training Loss: 14.8013210297, Validation Loss: 15.1841402054, Training R-squared: 0.0856341124, Validation R-squared: 0.1246012226
2023-11-23 18:35:40,152 - INFO - Epoch 4  : Training Loss: 13.9207143784, Validation Loss: 14.2837896347, Training R-squared: 0.1915783584, Validation R-squared: 0.2274903953
2023-11-23 18:35:42,907 - INFO - Epoch 5  : Training Loss: 13.2982673645, Validation Loss: 14.0220975876, Training R-squared: 0.2639003396, Validation R-squared: 0.2562215626
2023-11-23 18:35:45,158 - INFO - Epoch 6  : Training Loss: 13.1166067123, Validation Loss: 13.9635105133, Training R-squared: 0.2822834551, Validation R-squared: 0.2623967230
2023-11-23 18:35:47,913 - INFO - Epoch 7  : Training Loss: 13.0482635498, Validation Loss: 13.9223108292, Training R-squared: 0.2897550762, Validation R-squared: 0.2671239376
2023-11-23 18:35:50,157 - INFO - Epoch 8  : Training Loss: 12.9739055634, Validation Loss: 13.8776884079, Training R-squared: 0.3006186485, Validation R-squared: 0.2717211545
2023-11-23 18:35:53,044 - INFO - Epoch 9  : Training Loss: 12.8961153030, Validation Loss: 13.8359165192, Training R-squared: 0.3047353625, Validation R-squared: 0.2760404944
2023-11-23 18:35:55,321 - INFO - Epoch 10 : Training Loss: 12.8165264130, Validation Loss: 13.7737321854, Training R-squared: 0.3142938912, Validation R-squared: 0.2830003798
2023-11-23 18:35:58,097 - INFO - Epoch 11 : Training Loss: 12.7206001282, Validation Loss: 13.7219972610, Training R-squared: 0.3243086934, Validation R-squared: 0.2884338796
2023-11-23 18:36:00,420 - INFO - Epoch 12 : Training Loss: 12.6583061218, Validation Loss: 13.6888790131, Training R-squared: 0.3308442831, Validation R-squared: 0.2921567559
2023-11-23 18:36:03,154 - INFO - Epoch 13 : Training Loss: 12.5947122574, Validation Loss: 13.6416149139, Training R-squared: 0.3404517472, Validation R-squared: 0.2971113920
2023-11-23 18:36:05,439 - INFO - Epoch 14 : Training Loss: 12.5246057510, Validation Loss: 13.5783729553, Training R-squared: 0.3465807140, Validation R-squared: 0.3034798503
2023-11-23 18:36:08,152 - INFO - Epoch 15 : Training Loss: 12.4583387375, Validation Loss: 13.5166769028, Training R-squared: 0.3531316817, Validation R-squared: 0.3101372123
2023-11-23 18:36:10,428 - INFO - Epoch 16 : Training Loss: 12.3645515442, Validation Loss: 13.4406766891, Training R-squared: 0.3603562117, Validation R-squared: 0.3180237114
2023-11-23 18:36:13,286 - INFO - Epoch 17 : Training Loss: 12.2579517365, Validation Loss: 13.3664064407, Training R-squared: 0.3710023463, Validation R-squared: 0.3261807859
2023-11-23 18:36:15,553 - INFO - Epoch 18 : Training Loss: 12.1731109619, Validation Loss: 13.2884788513, Training R-squared: 0.3834825754, Validation R-squared: 0.3345020115
2023-11-23 18:36:18,481 - INFO - Epoch 19 : Training Loss: 12.0911064148, Validation Loss: 13.2340526581, Training R-squared: 0.3892553151, Validation R-squared: 0.3397542536
2023-11-23 18:36:20,793 - INFO - Epoch 20 : Training Loss: 11.9883050919, Validation Loss: 13.1768388748, Training R-squared: 0.4027184844, Validation R-squared: 0.3456292450
2023-11-23 18:36:23,515 - INFO - Epoch 21 : Training Loss: 11.9261741638, Validation Loss: 13.1288223267, Training R-squared: 0.4052899778, Validation R-squared: 0.3507708907
2023-11-23 18:36:25,822 - INFO - Epoch 22 : Training Loss: 11.8488359451, Validation Loss: 13.0769739151, Training R-squared: 0.4123016000, Validation R-squared: 0.3558795452
2023-11-23 18:36:28,638 - INFO - Epoch 23 : Training Loss: 11.7651662827, Validation Loss: 13.0236034393, Training R-squared: 0.4230130911, Validation R-squared: 0.3611000478
2023-11-23 18:36:31,005 - INFO - Epoch 24 : Training Loss: 11.6971454620, Validation Loss: 12.9745826721, Training R-squared: 0.4258590043, Validation R-squared: 0.3662983477
2023-11-23 18:36:33,694 - INFO - Epoch 25 : Training Loss: 11.6246500015, Validation Loss: 12.9263896942, Training R-squared: 0.4380537868, Validation R-squared: 0.3705734015
2023-11-23 18:36:36,121 - INFO - Epoch 26 : Training Loss: 11.5713376999, Validation Loss: 12.8705444336, Training R-squared: 0.4416746199, Validation R-squared: 0.3763123751
2023-11-23 18:36:38,780 - INFO - Epoch 27 : Training Loss: 11.4976377487, Validation Loss: 12.8325061798, Training R-squared: 0.4488761425, Validation R-squared: 0.3795787096
2023-11-23 18:36:41,135 - INFO - Epoch 28 : Training Loss: 11.4593706131, Validation Loss: 12.8114862442, Training R-squared: 0.4517451227, Validation R-squared: 0.3814575970
2023-11-23 18:36:43,765 - INFO - Epoch 29 : Training Loss: 11.4186315536, Validation Loss: 12.7570276260, Training R-squared: 0.4534327686, Validation R-squared: 0.3869349360
2023-11-23 18:36:46,268 - INFO - Epoch 30 : Training Loss: 11.3569631577, Validation Loss: 12.7249345779, Training R-squared: 0.4618172646, Validation R-squared: 0.3901326954
2023-11-23 18:36:48,870 - INFO - Epoch 31 : Training Loss: 11.3113679886, Validation Loss: 12.7034482956, Training R-squared: 0.4666385949, Validation R-squared: 0.3923128545
2023-11-23 18:36:51,248 - INFO - Epoch 32 : Training Loss: 11.2714138031, Validation Loss: 12.7016057968, Training R-squared: 0.4664784074, Validation R-squared: 0.3924638331
2023-11-23 18:36:53,917 - INFO - Epoch 33 : Training Loss: 11.2327375412, Validation Loss: 12.6477594376, Training R-squared: 0.4750891328, Validation R-squared: 0.3973047733
2023-11-23 18:36:56,295 - INFO - Epoch 34 : Training Loss: 11.2055244446, Validation Loss: 12.6382989883, Training R-squared: 0.4755517244, Validation R-squared: 0.3983985484
2023-11-23 18:36:59,072 - INFO - Epoch 35 : Training Loss: 11.1913604736, Validation Loss: 12.6187810898, Training R-squared: 0.4801166952, Validation R-squared: 0.4000834227
2023-11-23 18:37:01,502 - INFO - Epoch 36 : Training Loss: 11.1582851410, Validation Loss: 12.6186771393, Training R-squared: 0.4783922434, Validation R-squared: 0.4003667235
2023-11-23 18:37:04,062 - INFO - Epoch 37 : Training Loss: 11.1525154114, Validation Loss: 12.6287975311, Training R-squared: 0.4781992137, Validation R-squared: 0.3989577293
2023-11-23 18:37:06,644 - INFO - Epoch 38 : Training Loss: 11.1051330566, Validation Loss: 12.6025810242, Training R-squared: 0.4810222089, Validation R-squared: 0.4020900428
2023-11-23 18:37:09,183 - INFO - Epoch 39 : Training Loss: 11.0822725296, Validation Loss: 12.5880928040, Training R-squared: 0.4900041223, Validation R-squared: 0.4026246071
2023-11-23 18:37:11,630 - INFO - Epoch 40 : Training Loss: 11.0624523163, Validation Loss: 12.5707530975, Training R-squared: 0.4896452725, Validation R-squared: 0.4045717716
2023-11-23 18:37:14,196 - INFO - Epoch 41 : Training Loss: 11.0462398529, Validation Loss: 12.5594415665, Training R-squared: 0.4898663163, Validation R-squared: 0.4055882096
2023-11-23 18:37:16,901 - INFO - Epoch 42 : Training Loss: 11.0238962173, Validation Loss: 12.5677366257, Training R-squared: 0.4896136820, Validation R-squared: 0.4041521549
2023-11-23 18:37:19,452 - INFO - Epoch 43 : Training Loss: 10.9953298569, Validation Loss: 12.5317687988, Training R-squared: 0.4949027300, Validation R-squared: 0.4079307616
2023-11-23 18:37:21,947 - INFO - Epoch 44 : Training Loss: 10.9858493805, Validation Loss: 12.5230560303, Training R-squared: 0.4947658479, Validation R-squared: 0.4086062014
2023-11-23 18:37:24,418 - INFO - Epoch 45 : Training Loss: 10.9392566681, Validation Loss: 12.5030755997, Training R-squared: 0.4976075590, Validation R-squared: 0.4108242393
2023-11-23 18:37:26,908 - INFO - Epoch 46 : Training Loss: 10.9235134125, Validation Loss: 12.4821472168, Training R-squared: 0.4970894158, Validation R-squared: 0.4127823412
2023-11-23 18:37:29,391 - INFO - Epoch 47 : Training Loss: 10.8898963928, Validation Loss: 12.4851827621, Training R-squared: 0.5057995915, Validation R-squared: 0.4121175110
2023-11-23 18:37:31,978 - INFO - Epoch 48 : Training Loss: 10.8524742126, Validation Loss: 12.4600572586, Training R-squared: 0.5091400146, Validation R-squared: 0.4150604308
2023-11-23 18:37:34,462 - INFO - Epoch 49 : Training Loss: 10.8432664871, Validation Loss: 12.4571685791, Training R-squared: 0.5055312514, Validation R-squared: 0.4148527980
2023-11-23 18:37:37,041 - INFO - Epoch 50 : Training Loss: 10.8094024658, Validation Loss: 12.4181423187, Training R-squared: 0.5131849647, Validation R-squared: 0.4184545577
2023-11-23 18:37:39,545 - INFO - Epoch 51 : Training Loss: 10.7803630829, Validation Loss: 12.4043951035, Training R-squared: 0.5172528028, Validation R-squared: 0.4197764397
2023-11-23 18:37:42,079 - INFO - Epoch 52 : Training Loss: 10.7433185577, Validation Loss: 12.3880853653, Training R-squared: 0.5154958963, Validation R-squared: 0.4214626551
2023-11-23 18:37:44,559 - INFO - Epoch 53 : Training Loss: 10.7269535065, Validation Loss: 12.3798885345, Training R-squared: -0.8764231205, Validation R-squared: 0.4218461812
2023-11-23 18:37:47,081 - INFO - Epoch 54 : Training Loss: 10.6929712296, Validation Loss: 12.3565521240, Training R-squared: 0.5211659670, Validation R-squared: 0.4243424237
2023-11-23 18:37:49,532 - INFO - Epoch 55 : Training Loss: 10.6735630035, Validation Loss: 12.3688879013, Training R-squared: 0.5254807472, Validation R-squared: 0.4228559434
2023-11-23 18:37:52,240 - INFO - Epoch 56 : Training Loss: 10.6357440948, Validation Loss: 12.3646860123, Training R-squared: 0.5273808241, Validation R-squared: 0.4231754839
2023-11-23 18:37:54,662 - INFO - Epoch 57 : Training Loss: 10.6122112274, Validation Loss: 12.3071374893, Training R-squared: 0.5255573988, Validation R-squared: 0.4289150536
2023-11-23 18:37:57,199 - INFO - Epoch 58 : Training Loss: 10.5791158676, Validation Loss: 12.3342819214, Training R-squared: 0.5334409475, Validation R-squared: 0.4258949757
2023-11-23 18:37:59,640 - INFO - Epoch 59 : Training Loss: 10.5679807663, Validation Loss: 12.3193712234, Training R-squared: 0.5316128135, Validation R-squared: 0.4273985624
2023-11-23 18:38:02,191 - INFO - Epoch 60 : Training Loss: 10.5570793152, Validation Loss: 12.2907772064, Training R-squared: 0.5299395919, Validation R-squared: 0.4296067655
2023-11-23 18:38:04,639 - INFO - Epoch 61 : Training Loss: 10.5339975357, Validation Loss: 12.2723093033, Training R-squared: 0.5355147719, Validation R-squared: 0.4317467809
2023-11-23 18:38:07,195 - INFO - Epoch 62 : Training Loss: 10.4865541458, Validation Loss: 12.2886657715, Training R-squared: 0.5408295393, Validation R-squared: 0.4305140078
2023-11-23 18:38:09,632 - INFO - Epoch 63 : Training Loss: 10.4768819809, Validation Loss: 12.2550296783, Training R-squared: 0.5438362360, Validation R-squared: 0.4330813587
2023-11-23 18:38:12,136 - INFO - Epoch 64 : Training Loss: 10.4561090469, Validation Loss: 12.2613601685, Training R-squared: 0.5435783863, Validation R-squared: 0.4324030280
2023-11-23 18:38:14,679 - INFO - Epoch 65 : Training Loss: 10.4384908676, Validation Loss: 12.2381935120, Training R-squared: 0.5419296026, Validation R-squared: 0.4346188307
2023-11-23 18:38:17,560 - INFO - Epoch 66 : Training Loss: 10.4318780899, Validation Loss: 12.2285633087, Training R-squared: 0.5461035967, Validation R-squared: 0.4355692267
2023-11-23 18:38:19,948 - INFO - Epoch 67 : Training Loss: 10.3800086975, Validation Loss: 12.2264032364, Training R-squared: 0.5470293760, Validation R-squared: 0.4358196557
2023-11-23 18:38:22,616 - INFO - Epoch 68 : Training Loss: 10.3760395050, Validation Loss: 12.2177009583, Training R-squared: 0.5472307801, Validation R-squared: 0.4371564984
2023-11-23 18:38:24,962 - INFO - Epoch 69 : Training Loss: 10.3478965759, Validation Loss: 12.2064847946, Training R-squared: 0.5483556390, Validation R-squared: 0.4378984272
2023-11-23 18:38:27,616 - INFO - Epoch 70 : Training Loss: 10.3048143387, Validation Loss: 12.2078180313, Training R-squared: 0.5563546419, Validation R-squared: 0.4375690222
2023-11-23 18:38:29,924 - INFO - Epoch 71 : Training Loss: 10.2994327545, Validation Loss: 12.1771163940, Training R-squared: 0.5577103496, Validation R-squared: 0.4406261742
2023-11-23 18:38:32,591 - INFO - Epoch 72 : Training Loss: 10.2983264923, Validation Loss: 12.1773004532, Training R-squared: 0.5515054464, Validation R-squared: 0.4409048259
2023-11-23 18:38:34,912 - INFO - Epoch 73 : Training Loss: 10.2569179535, Validation Loss: 12.1768789291, Training R-squared: 0.5572952032, Validation R-squared: 0.4407153130
2023-11-23 18:38:37,698 - INFO - Epoch 74 : Training Loss: 10.2380027771, Validation Loss: 12.1688623428, Training R-squared: 0.5620465279, Validation R-squared: 0.4412646890
2023-11-23 18:38:39,995 - INFO - Epoch 75 : Training Loss: 10.2142200470, Validation Loss: 12.1720466614, Training R-squared: 0.5635175705, Validation R-squared: 0.4408928752
2023-11-23 18:38:42,641 - INFO - Epoch 76 : Training Loss: 10.2022485733, Validation Loss: 12.1451282501, Training R-squared: 0.5650603175, Validation R-squared: 0.4435197413
2023-11-23 18:38:45,028 - INFO - Epoch 77 : Training Loss: 10.1899127960, Validation Loss: 12.1471958160, Training R-squared: 0.5658409595, Validation R-squared: 0.4434457719
2023-11-23 18:38:47,721 - INFO - Epoch 78 : Training Loss: 10.1555452347, Validation Loss: 12.1703958511, Training R-squared: 0.5692005157, Validation R-squared: 0.4414254427
2023-11-23 18:38:50,010 - INFO - Epoch 79 : Training Loss: 10.1474618912, Validation Loss: 12.1489458084, Training R-squared: 0.5692557693, Validation R-squared: 0.4429371357
2023-11-23 18:38:52,873 - INFO - Epoch 80 : Training Loss: 10.1150503159, Validation Loss: 12.1429195404, Training R-squared: 0.5671158433, Validation R-squared: 0.4440295100
2023-11-23 18:38:55,185 - INFO - Epoch 81 : Training Loss: 10.0991010666, Validation Loss: 12.1593437195, Training R-squared: 0.5727982521, Validation R-squared: 0.4420984387
2023-11-23 18:38:57,885 - INFO - Epoch 82 : Training Loss: 10.0739679337, Validation Loss: 12.1131258011, Training R-squared: 0.5740098953, Validation R-squared: 0.4468184114
2023-11-23 18:39:00,278 - INFO - Epoch 83 : Training Loss: 10.0778770447, Validation Loss: 12.1432781219, Training R-squared: 0.5721716881, Validation R-squared: 0.4436116815
2023-11-23 18:39:03,019 - INFO - Epoch 84 : Training Loss: 10.0426292419, Validation Loss: 12.1024408340, Training R-squared: 0.5736205578, Validation R-squared: 0.4477196038
2023-11-23 18:39:05,283 - INFO - Epoch 85 : Training Loss: 10.0180521011, Validation Loss: 12.1215829849, Training R-squared: 0.5796414614, Validation R-squared: 0.4457689226
2023-11-23 18:39:08,188 - INFO - Epoch 86 : Training Loss: 10.0044593811, Validation Loss: 12.1224517822, Training R-squared: 0.5775654316, Validation R-squared: 0.4457789063
2023-11-23 18:39:10,462 - INFO - Epoch 87 : Training Loss: 9.9861993790, Validation Loss: 12.1779603958, Training R-squared: 0.5807714462, Validation R-squared: 0.4395275414
2023-11-23 18:39:13,203 - INFO - Epoch 88 : Training Loss: 9.9802188873, Validation Loss: 12.1089344025, Training R-squared: 0.5801373720, Validation R-squared: 0.4470411837
2023-11-23 18:39:15,461 - INFO - Epoch 89 : Training Loss: 9.9479484558, Validation Loss: 12.1413116455, Training R-squared: 0.5868184566, Validation R-squared: 0.4435691535
2023-11-23 18:39:22,055 - INFO - Model saved to models/portion_model/lunch/512_512_200_64/sparsity_85_fold_1_model.keras
2023-11-23 18:39:27,827 - INFO - Avg Metrics: RMSE: 9.4449729020, R-squared: 0.0639015082, PCC: 0.6299130511
2023-11-23 18:39:27,828 - INFO - Agg Metrics: RMSE: 12.4244767188, R-squared: 0.4269665190, PCC: 0.6549204392
2023-11-23 18:39:34,708 - INFO - ================================================================== Fold 2 ===================================================================
2023-11-23 18:39:39,522 - INFO - Epoch 1  : Training Loss: 15.3732967377, Validation Loss: 15.1208562851, Training R-squared: 0.0275120828, Validation R-squared: 0.0442999974
2023-11-23 18:39:42,052 - INFO - Epoch 2  : Training Loss: 15.2900819778, Validation Loss: 15.0219507217, Training R-squared: 0.0431020968, Validation R-squared: 0.0569043756
2023-11-23 18:39:44,610 - INFO - Epoch 3  : Training Loss: 14.9893207550, Validation Loss: 14.4059276581, Training R-squared: 0.0854312479, Validation R-squared: 0.1326632053
2023-11-23 18:39:47,082 - INFO - Epoch 4  : Training Loss: 14.1311950684, Validation Loss: 13.3396682739, Training R-squared: 0.1902361661, Validation R-squared: 0.2571544051
2023-11-23 18:39:49,569 - INFO - Epoch 5  : Training Loss: 13.4797563553, Validation Loss: 13.1056985855, Training R-squared: 0.2597719431, Validation R-squared: 0.2837290168
2023-11-23 18:39:52,072 - INFO - Epoch 6  : Training Loss: 13.3403787613, Validation Loss: 13.0495777130, Training R-squared: 0.2732845545, Validation R-squared: 0.2896257341
2023-11-23 18:39:54,560 - INFO - Epoch 7  : Training Loss: 13.2820053101, Validation Loss: 13.0163373947, Training R-squared: 0.2809166908, Validation R-squared: 0.2935802639
2023-11-23 18:39:57,014 - INFO - Epoch 8  : Training Loss: 13.1970300674, Validation Loss: 12.9469299316, Training R-squared: 0.2892029881, Validation R-squared: 0.3010742068
2023-11-23 18:39:59,569 - INFO - Epoch 9  : Training Loss: 13.1087026596, Validation Loss: 12.8721456528, Training R-squared: 0.3000974357, Validation R-squared: 0.3092791736
2023-11-23 18:40:02,141 - INFO - Epoch 10 : Training Loss: 13.0077095032, Validation Loss: 12.8309202194, Training R-squared: 0.3105054498, Validation R-squared: 0.3141777813
2023-11-23 18:40:04,675 - INFO - Epoch 11 : Training Loss: 12.9445428848, Validation Loss: 12.7083692551, Training R-squared: 0.2882294357, Validation R-squared: 0.3270494044
2023-11-23 18:40:07,197 - INFO - Epoch 12 : Training Loss: 12.8252973557, Validation Loss: 12.6205177307, Training R-squared: 0.3307053447, Validation R-squared: 0.3366765082
2023-11-23 18:40:09,669 - INFO - Epoch 13 : Training Loss: 12.7085018158, Validation Loss: 12.5404977798, Training R-squared: 0.3425939977, Validation R-squared: 0.3453023732
2023-11-23 18:40:12,175 - INFO - Epoch 14 : Training Loss: 12.6237478256, Validation Loss: 12.4731445312, Training R-squared: 0.3485951722, Validation R-squared: 0.3526035547
2023-11-23 18:40:14,656 - INFO - Epoch 15 : Training Loss: 12.5353612900, Validation Loss: 12.4003429413, Training R-squared: 0.3638619184, Validation R-squared: 0.3600177169
2023-11-23 18:40:17,405 - INFO - Epoch 16 : Training Loss: 12.4541530609, Validation Loss: 12.3353719711, Training R-squared: 0.3707593977, Validation R-squared: 0.3671343327
2023-11-23 18:40:19,860 - INFO - Epoch 17 : Training Loss: 12.3603935242, Validation Loss: 12.2823753357, Training R-squared: 0.3775344491, Validation R-squared: 0.3723761737
2023-11-23 18:40:22,388 - INFO - Epoch 18 : Training Loss: 12.2542295456, Validation Loss: 12.2148313522, Training R-squared: 0.3916136324, Validation R-squared: 0.3797784448
2023-11-23 18:40:24,828 - INFO - Epoch 19 : Training Loss: 12.1898021698, Validation Loss: 12.1670951843, Training R-squared: 0.3960689008, Validation R-squared: 0.3842795491
2023-11-23 18:40:27,337 - INFO - Epoch 20 : Training Loss: 12.1320352554, Validation Loss: 12.0959615707, Training R-squared: 0.3999206126, Validation R-squared: 0.3916452825
2023-11-23 18:40:29,756 - INFO - Epoch 21 : Training Loss: 12.0208873749, Validation Loss: 12.0671663284, Training R-squared: 0.4124318659, Validation R-squared: 0.3950468004
2023-11-23 18:40:32,294 - INFO - Epoch 22 : Training Loss: 11.9666490555, Validation Loss: 11.9820499420, Training R-squared: 0.4134504795, Validation R-squared: 0.4030142725
2023-11-23 18:40:34,789 - INFO - Epoch 23 : Training Loss: 11.8802967072, Validation Loss: 11.9269943237, Training R-squared: 0.4273599982, Validation R-squared: 0.4085758626
2023-11-23 18:40:37,246 - INFO - Epoch 24 : Training Loss: 11.7960853577, Validation Loss: 11.8759880066, Training R-squared: 0.4360857308, Validation R-squared: 0.4138826430
2023-11-23 18:40:39,897 - INFO - Epoch 25 : Training Loss: 11.7352123260, Validation Loss: 11.8387289047, Training R-squared: 0.4403783977, Validation R-squared: 0.4174054265
2023-11-23 18:40:42,531 - INFO - Epoch 26 : Training Loss: 11.6879796982, Validation Loss: 11.8185539246, Training R-squared: 0.4459669590, Validation R-squared: 0.4193822742
2023-11-23 18:40:44,974 - INFO - Epoch 27 : Training Loss: 11.6185188293, Validation Loss: 11.7951126099, Training R-squared: 0.4486510456, Validation R-squared: 0.4218625724
2023-11-23 18:40:47,556 - INFO - Epoch 28 : Training Loss: 11.6051445007, Validation Loss: 11.7819452286, Training R-squared: 0.4492534697, Validation R-squared: 0.4230237007
2023-11-23 18:40:49,959 - INFO - Epoch 29 : Training Loss: 11.5419502258, Validation Loss: 11.7584104538, Training R-squared: 0.4551880658, Validation R-squared: 0.4249307811
2023-11-23 18:40:52,796 - INFO - Epoch 30 : Training Loss: 11.5271482468, Validation Loss: 11.7486734390, Training R-squared: 0.4610300660, Validation R-squared: 0.4260616899
2023-11-23 18:40:55,101 - INFO - Epoch 31 : Training Loss: 11.4885950089, Validation Loss: 11.7540206909, Training R-squared: 0.4615896940, Validation R-squared: 0.4249690771
2023-11-23 18:40:57,708 - INFO - Epoch 32 : Training Loss: 11.4490871429, Validation Loss: 11.7178716660, Training R-squared: 0.4628634155, Validation R-squared: 0.4288484156
2023-11-23 18:41:00,176 - INFO - Epoch 33 : Training Loss: 11.4536228180, Validation Loss: 11.7149457932, Training R-squared: 0.4652023911, Validation R-squared: 0.4291025102
2023-11-23 18:41:02,821 - INFO - Epoch 34 : Training Loss: 11.3950529099, Validation Loss: 11.6933965683, Training R-squared: 0.4692215025, Validation R-squared: 0.4317345917
2023-11-23 18:41:05,132 - INFO - Epoch 35 : Training Loss: 11.3780193329, Validation Loss: 11.6903743744, Training R-squared: 0.4718531966, Validation R-squared: 0.4315552115
2023-11-23 18:41:07,837 - INFO - Epoch 36 : Training Loss: 11.3534736633, Validation Loss: 11.6789550781, Training R-squared: 0.4768641591, Validation R-squared: 0.4325647950
2023-11-23 18:41:10,159 - INFO - Epoch 37 : Training Loss: 11.3264636993, Validation Loss: 11.6606302261, Training R-squared: 0.4760597348, Validation R-squared: 0.4344019294
2023-11-23 18:41:12,820 - INFO - Epoch 38 : Training Loss: 11.2920150757, Validation Loss: 11.6444835663, Training R-squared: 0.4783014059, Validation R-squared: 0.4361691773
2023-11-23 18:41:15,143 - INFO - Epoch 39 : Training Loss: 11.2467203140, Validation Loss: 11.6329755783, Training R-squared: 0.4834761024, Validation R-squared: 0.4371006787
2023-11-23 18:41:18,355 - INFO - Epoch 40 : Training Loss: 11.2454051971, Validation Loss: 11.6208133698, Training R-squared: 0.4835669398, Validation R-squared: 0.4383554757
2023-11-23 18:41:20,623 - INFO - Epoch 41 : Training Loss: 11.1788635254, Validation Loss: 11.6020584106, Training R-squared: 0.4890139401, Validation R-squared: 0.4401207268
2023-11-23 18:41:23,363 - INFO - Epoch 42 : Training Loss: 11.1564598083, Validation Loss: 11.5868253708, Training R-squared: 0.4923651218, Validation R-squared: 0.4417855740
2023-11-23 18:41:25,599 - INFO - Epoch 43 : Training Loss: 11.1384258270, Validation Loss: 11.5732183456, Training R-squared: 0.4971810579, Validation R-squared: 0.4429456592
2023-11-23 18:41:28,366 - INFO - Epoch 44 : Training Loss: 11.0896873474, Validation Loss: 11.5864629745, Training R-squared: 0.4959568977, Validation R-squared: 0.4416374564
2023-11-23 18:41:30,625 - INFO - Epoch 45 : Training Loss: 11.0701503754, Validation Loss: 11.5308923721, Training R-squared: 0.4985948801, Validation R-squared: 0.4471734166
2023-11-23 18:41:33,382 - INFO - Epoch 46 : Training Loss: 11.0546674728, Validation Loss: 11.5436563492, Training R-squared: 0.4734522104, Validation R-squared: 0.4456667006
2023-11-23 18:41:35,623 - INFO - Epoch 47 : Training Loss: 11.0058784485, Validation Loss: 11.5055189133, Training R-squared: 0.5051179528, Validation R-squared: 0.4495567083
2023-11-23 18:41:38,381 - INFO - Epoch 48 : Training Loss: 10.9834041595, Validation Loss: 11.5253896713, Training R-squared: 0.5055728555, Validation R-squared: 0.4473639131
2023-11-23 18:41:40,709 - INFO - Epoch 49 : Training Loss: 10.9497880936, Validation Loss: 11.5120210648, Training R-squared: 0.5112133026, Validation R-squared: 0.4482532144
2023-11-23 18:41:43,409 - INFO - Epoch 50 : Training Loss: 10.9195747375, Validation Loss: 11.4765996933, Training R-squared: 0.5132158399, Validation R-squared: 0.4520160258
2023-11-23 18:41:45,687 - INFO - Epoch 51 : Training Loss: 10.9076175690, Validation Loss: 11.5208225250, Training R-squared: 0.5118610263, Validation R-squared: 0.4471545219
2023-11-23 18:41:48,397 - INFO - Epoch 52 : Training Loss: 10.8724603653, Validation Loss: 11.4644126892, Training R-squared: 0.5202220678, Validation R-squared: 0.4534555972
2023-11-23 18:41:50,694 - INFO - Epoch 53 : Training Loss: 10.8595085144, Validation Loss: 11.4539518356, Training R-squared: 0.5162987709, Validation R-squared: 0.4538542330
2023-11-23 18:41:53,533 - INFO - Epoch 54 : Training Loss: 10.8455944061, Validation Loss: 11.4474802017, Training R-squared: 0.5226980448, Validation R-squared: 0.4542976618
2023-11-23 18:41:55,777 - INFO - Epoch 55 : Training Loss: 10.7815628052, Validation Loss: 11.4562044144, Training R-squared: 0.5278255343, Validation R-squared: 0.4534911513
2023-11-23 18:41:58,516 - INFO - Epoch 56 : Training Loss: 10.7654838562, Validation Loss: 11.4361572266, Training R-squared: 0.5275810361, Validation R-squared: 0.4559248686
2023-11-23 18:42:00,786 - INFO - Epoch 57 : Training Loss: 10.7525815964, Validation Loss: 11.4372253418, Training R-squared: 0.5290349722, Validation R-squared: 0.4550633430
2023-11-23 18:42:03,504 - INFO - Epoch 58 : Training Loss: 10.7481126785, Validation Loss: 11.4219007492, Training R-squared: 0.5255104303, Validation R-squared: 0.4565352201
2023-11-23 18:42:05,773 - INFO - Epoch 59 : Training Loss: 10.7130174637, Validation Loss: 11.3973817825, Training R-squared: 0.5316628218, Validation R-squared: 0.4592280984
2023-11-23 18:42:08,489 - INFO - Epoch 60 : Training Loss: 10.6761894226, Validation Loss: 11.3920984268, Training R-squared: 0.5369828939, Validation R-squared: 0.4601074159
2023-11-23 18:42:10,760 - INFO - Epoch 61 : Training Loss: 10.6727981567, Validation Loss: 11.3918752670, Training R-squared: 0.5346648693, Validation R-squared: 0.4595362246
2023-11-23 18:42:13,537 - INFO - Epoch 62 : Training Loss: 10.6297454834, Validation Loss: 11.4206047058, Training R-squared: 0.5385835767, Validation R-squared: 0.4565055370
2023-11-23 18:42:16,530 - INFO - Epoch 63 : Training Loss: 10.6163969040, Validation Loss: 11.3760862350, Training R-squared: 0.5369133353, Validation R-squared: 0.4610952735
2023-11-23 18:42:19,336 - INFO - Epoch 64 : Training Loss: 10.5955600739, Validation Loss: 11.3827905655, Training R-squared: 0.5397397280, Validation R-squared: 0.4601695240
2023-11-23 18:42:21,730 - INFO - Epoch 65 : Training Loss: 10.5440931320, Validation Loss: 11.3561248779, Training R-squared: 0.5473948121, Validation R-squared: 0.4630255401
2023-11-23 18:42:24,320 - INFO - Epoch 66 : Training Loss: 10.5524816513, Validation Loss: 11.3742151260, Training R-squared: 0.5421094894, Validation R-squared: 0.4611272216
2023-11-23 18:42:26,655 - INFO - Epoch 67 : Training Loss: 10.5309629440, Validation Loss: 11.3485164642, Training R-squared: 0.5437411070, Validation R-squared: 0.4636130035
2023-11-23 18:42:29,255 - INFO - Epoch 68 : Training Loss: 10.4924335480, Validation Loss: 11.3439264297, Training R-squared: 0.5464545488, Validation R-squared: 0.4644466937
2023-11-23 18:42:31,682 - INFO - Epoch 69 : Training Loss: 10.4836950302, Validation Loss: 11.3225822449, Training R-squared: 0.5468271375, Validation R-squared: 0.4662250280
2023-11-23 18:42:34,280 - INFO - Epoch 70 : Training Loss: 10.4611158371, Validation Loss: 11.3736963272, Training R-squared: 0.5499291420, Validation R-squared: 0.4607744813
2023-11-23 18:42:36,642 - INFO - Epoch 71 : Training Loss: 10.4351520538, Validation Loss: 11.2994384766, Training R-squared: 0.5536181927, Validation R-squared: 0.4684776664
2023-11-23 18:42:39,291 - INFO - Epoch 72 : Training Loss: 10.4203367233, Validation Loss: 11.3046112061, Training R-squared: 0.5577385426, Validation R-squared: 0.4677956998
2023-11-23 18:42:41,764 - INFO - Epoch 73 : Training Loss: 10.3929777145, Validation Loss: 11.3064756393, Training R-squared: 0.5563212633, Validation R-squared: 0.4676380754
2023-11-23 18:42:44,442 - INFO - Epoch 74 : Training Loss: 10.3668222427, Validation Loss: 11.2867794037, Training R-squared: 0.5604458451, Validation R-squared: 0.4694632292
2023-11-23 18:42:46,873 - INFO - Epoch 75 : Training Loss: 10.3555974960, Validation Loss: 11.2870225906, Training R-squared: 0.5620082617, Validation R-squared: 0.4696260393
2023-11-23 18:42:49,439 - INFO - Epoch 76 : Training Loss: 10.3126831055, Validation Loss: 11.2882823944, Training R-squared: 0.5622254610, Validation R-squared: 0.4690238535
2023-11-23 18:42:52,120 - INFO - Epoch 77 : Training Loss: 10.3173103333, Validation Loss: 11.2664890289, Training R-squared: 0.5672449470, Validation R-squared: 0.4715103209
2023-11-23 18:42:54,732 - INFO - Epoch 78 : Training Loss: 10.2822828293, Validation Loss: 11.3301544189, Training R-squared: 0.5648429394, Validation R-squared: 0.4643799067
2023-11-23 18:42:57,163 - INFO - Epoch 79 : Training Loss: 10.2757816315, Validation Loss: 11.2929649353, Training R-squared: 0.5666677356, Validation R-squared: 0.4679573476
2023-11-23 18:42:59,797 - INFO - Epoch 80 : Training Loss: 10.2219572067, Validation Loss: 11.2526988983, Training R-squared: 0.5720960498, Validation R-squared: 0.4723930359
2023-11-23 18:43:02,251 - INFO - Epoch 81 : Training Loss: 10.2305784225, Validation Loss: 11.2663059235, Training R-squared: 0.5724443197, Validation R-squared: 0.4711968005
2023-11-23 18:43:04,807 - INFO - Epoch 82 : Training Loss: 10.2081871033, Validation Loss: 11.2997808456, Training R-squared: 0.5715636611, Validation R-squared: 0.4671697021
2023-11-23 18:43:07,372 - INFO - Epoch 83 : Training Loss: 10.1765651703, Validation Loss: 11.2146301270, Training R-squared: 0.5764450431, Validation R-squared: 0.4758907855
2023-11-23 18:43:09,868 - INFO - Epoch 84 : Training Loss: 10.1682157516, Validation Loss: 11.2453823090, Training R-squared: 0.5778518915, Validation R-squared: 0.4726175666
2023-11-23 18:43:12,340 - INFO - Epoch 85 : Training Loss: 10.1473169327, Validation Loss: 11.2347869873, Training R-squared: 0.5774161816, Validation R-squared: 0.4735710919
2023-11-23 18:43:14,882 - INFO - Epoch 86 : Training Loss: 10.1255407333, Validation Loss: 11.2000074387, Training R-squared: 0.5801440477, Validation R-squared: 0.4776670933
2023-11-23 18:43:17,722 - INFO - Epoch 87 : Training Loss: 10.1111736298, Validation Loss: 11.2309417725, Training R-squared: 0.5754831433, Validation R-squared: 0.4738196731
2023-11-23 18:43:20,141 - INFO - Epoch 88 : Training Loss: 10.0919866562, Validation Loss: 11.1897573471, Training R-squared: 0.5817797184, Validation R-squared: 0.4781889915
2023-11-23 18:43:22,681 - INFO - Epoch 89 : Training Loss: 10.0723552704, Validation Loss: 11.2044286728, Training R-squared: 0.5816799998, Validation R-squared: 0.4766879082
2023-11-23 18:43:25,157 - INFO - Epoch 90 : Training Loss: 10.0409564972, Validation Loss: 11.2195177078, Training R-squared: 0.5846453309, Validation R-squared: 0.4749537110
2023-11-23 18:43:27,753 - INFO - Epoch 91 : Training Loss: 10.0212659836, Validation Loss: 11.2122898102, Training R-squared: 0.5884245634, Validation R-squared: 0.4756988287
2023-11-23 18:43:30,154 - INFO - Epoch 92 : Training Loss: 10.0213699341, Validation Loss: 11.2018852234, Training R-squared: 0.5898917913, Validation R-squared: 0.4765695632
2023-11-23 18:43:32,725 - INFO - Epoch 93 : Training Loss: 9.9985876083, Validation Loss: 11.2370033264, Training R-squared: 0.5913488269, Validation R-squared: 0.4726836979
2023-11-23 18:43:39,189 - INFO - Model saved to models/portion_model/lunch/512_512_200_64/sparsity_85_fold_2_model.keras
2023-11-23 18:43:44,284 - INFO - Avg Metrics: RMSE: 8.8979384837, R-squared: 0.0452558790, PCC: 0.6420209880
2023-11-23 18:43:44,284 - INFO - Agg Metrics: RMSE: 11.3522007891, R-squared: 0.4706876600, PCC: 0.6875462211
2023-11-23 18:43:51,613 - INFO - ================================================================== Fold 3 ===================================================================
2023-11-23 18:43:56,029 - INFO - Epoch 1  : Training Loss: 15.3916740417, Validation Loss: 15.0118169785, Training R-squared: 0.0373509265, Validation R-squared: 0.0462633036
2023-11-23 18:43:58,777 - INFO - Epoch 2  : Training Loss: 15.3195791245, Validation Loss: 14.8797798157, Training R-squared: 0.0502277650, Validation R-squared: 0.0632086918
2023-11-23 18:44:01,020 - INFO - Epoch 3  : Training Loss: 14.9143495560, Validation Loss: 14.0752887726, Training R-squared: 0.0998997167, Validation R-squared: 0.1630099118
2023-11-23 18:44:03,762 - INFO - Epoch 4  : Training Loss: 13.9265785217, Validation Loss: 13.2364940643, Training R-squared: 0.2152153403, Validation R-squared: 0.2605639696
2023-11-23 18:44:06,032 - INFO - Epoch 5  : Training Loss: 13.4593973160, Validation Loss: 13.0548686981, Training R-squared: 0.2640821338, Validation R-squared: 0.2804821432
2023-11-23 18:44:08,723 - INFO - Epoch 6  : Training Loss: 13.3597297668, Validation Loss: 13.0038070679, Training R-squared: 0.2708454430, Validation R-squared: 0.2859469950
2023-11-23 18:44:11,001 - INFO - Epoch 7  : Training Loss: 13.3055496216, Validation Loss: 12.9815349579, Training R-squared: 0.2827146053, Validation R-squared: 0.2883186042
2023-11-23 18:44:13,766 - INFO - Epoch 8  : Training Loss: 13.1951885223, Validation Loss: 12.9178876877, Training R-squared: 0.2953613997, Validation R-squared: 0.2952164710
2023-11-23 18:44:16,007 - INFO - Epoch 9  : Training Loss: 13.1507616043, Validation Loss: 12.8623027802, Training R-squared: 0.2978471518, Validation R-squared: 0.3011539876
2023-11-23 18:44:19,094 - INFO - Epoch 10 : Training Loss: 13.0511226654, Validation Loss: 12.7770538330, Training R-squared: 0.3114399612, Validation R-squared: 0.3103253841
2023-11-23 18:44:21,447 - INFO - Epoch 11 : Training Loss: 12.9487028122, Validation Loss: 12.6906328201, Training R-squared: 0.3213897347, Validation R-squared: 0.3193654716
2023-11-23 18:44:24,187 - INFO - Epoch 12 : Training Loss: 12.8560705185, Validation Loss: 12.5908765793, Training R-squared: 0.3294724822, Validation R-squared: 0.3299740851
2023-11-23 18:44:26,473 - INFO - Epoch 13 : Training Loss: 12.7391710281, Validation Loss: 12.5095825195, Training R-squared: 0.3410812020, Validation R-squared: 0.3382904828
2023-11-23 18:44:29,160 - INFO - Epoch 14 : Training Loss: 12.6740989685, Validation Loss: 12.4370317459, Training R-squared: 0.3495068848, Validation R-squared: 0.3457811177
2023-11-23 18:44:31,662 - INFO - Epoch 15 : Training Loss: 12.5699234009, Validation Loss: 12.3599348068, Training R-squared: 0.3588786125, Validation R-squared: 0.3537420928
2023-11-23 18:44:34,302 - INFO - Epoch 16 : Training Loss: 12.4762668610, Validation Loss: 12.2819843292, Training R-squared: 0.3682077825, Validation R-squared: 0.3615982533
2023-11-23 18:44:36,621 - INFO - Epoch 17 : Training Loss: 12.3897523880, Validation Loss: 12.1907272339, Training R-squared: 0.3794591129, Validation R-squared: 0.3711321950
2023-11-23 18:44:39,279 - INFO - Epoch 18 : Training Loss: 12.2964963913, Validation Loss: 12.1152715683, Training R-squared: 0.3856399953, Validation R-squared: 0.3784563243
2023-11-23 18:44:41,721 - INFO - Epoch 19 : Training Loss: 12.1965637207, Validation Loss: 12.0396089554, Training R-squared: 0.3945617676, Validation R-squared: 0.3858791292
2023-11-23 18:44:44,441 - INFO - Epoch 20 : Training Loss: 12.1294355392, Validation Loss: 11.9656991959, Training R-squared: 0.4030696750, Validation R-squared: 0.3935334682
2023-11-23 18:44:46,774 - INFO - Epoch 21 : Training Loss: 12.0451240540, Validation Loss: 11.9032716751, Training R-squared: 0.4122359157, Validation R-squared: 0.3996655047
2023-11-23 18:44:49,430 - INFO - Epoch 22 : Training Loss: 11.9858570099, Validation Loss: 11.8495588303, Training R-squared: 0.4184019864, Validation R-squared: 0.4046107531
2023-11-23 18:44:52,129 - INFO - Epoch 23 : Training Loss: 11.9208164215, Validation Loss: 11.7900381088, Training R-squared: 0.4266090691, Validation R-squared: 0.4105647504
2023-11-23 18:44:54,698 - INFO - Epoch 24 : Training Loss: 11.8543634415, Validation Loss: 11.7457666397, Training R-squared: 0.4284591079, Validation R-squared: 0.4146537781
2023-11-23 18:44:57,118 - INFO - Epoch 25 : Training Loss: 11.7996511459, Validation Loss: 11.6868019104, Training R-squared: 0.4373419583, Validation R-squared: 0.4203546345
2023-11-23 18:44:59,713 - INFO - Epoch 26 : Training Loss: 11.7443103790, Validation Loss: 11.6491765976, Training R-squared: 0.4423220456, Validation R-squared: 0.4237400293
2023-11-23 18:45:02,156 - INFO - Epoch 27 : Training Loss: 11.6848354340, Validation Loss: 11.6222267151, Training R-squared: 0.4451600313, Validation R-squared: 0.4264987111
2023-11-23 18:45:04,779 - INFO - Epoch 28 : Training Loss: 11.6326808929, Validation Loss: 11.5721492767, Training R-squared: 0.4501184821, Validation R-squared: 0.4312914312
2023-11-23 18:45:07,248 - INFO - Epoch 29 : Training Loss: 11.5752515793, Validation Loss: 11.5514030457, Training R-squared: 0.4576860964, Validation R-squared: 0.4329943359
2023-11-23 18:45:09,804 - INFO - Epoch 30 : Training Loss: 11.5610485077, Validation Loss: 11.5282354355, Training R-squared: 0.4555002451, Validation R-squared: 0.4351207018
2023-11-23 18:45:12,187 - INFO - Epoch 31 : Training Loss: 11.5260362625, Validation Loss: 11.5120553970, Training R-squared: 0.4603205621, Validation R-squared: 0.4365666509
2023-11-23 18:45:14,765 - INFO - Epoch 32 : Training Loss: 11.4713268280, Validation Loss: 11.4933252335, Training R-squared: 0.4629534483, Validation R-squared: 0.4385843873
2023-11-23 18:45:17,546 - INFO - Epoch 33 : Training Loss: 11.4428787231, Validation Loss: 11.4764633179, Training R-squared: 0.4694710076, Validation R-squared: 0.4399994612
2023-11-23 18:45:20,036 - INFO - Epoch 34 : Training Loss: 11.4062948227, Validation Loss: 11.4635963440, Training R-squared: 0.4743201435, Validation R-squared: 0.4412245750
2023-11-23 18:45:22,483 - INFO - Epoch 35 : Training Loss: 11.3923072815, Validation Loss: 11.4762840271, Training R-squared: 0.4735061228, Validation R-squared: 0.4397591650
2023-11-23 18:45:24,995 - INFO - Epoch 36 : Training Loss: 11.3693256378, Validation Loss: 11.4633121490, Training R-squared: 0.4747447371, Validation R-squared: 0.4410521984
2023-11-23 18:45:27,446 - INFO - Epoch 37 : Training Loss: 11.3152093887, Validation Loss: 11.4253015518, Training R-squared: 0.4810239971, Validation R-squared: 0.4446903765
2023-11-23 18:45:29,954 - INFO - Epoch 38 : Training Loss: 11.2994441986, Validation Loss: 11.4355564117, Training R-squared: 0.4814947844, Validation R-squared: 0.4434756041
2023-11-23 18:45:32,490 - INFO - Epoch 39 : Training Loss: 11.2710399628, Validation Loss: 11.4361944199, Training R-squared: 0.4826774001, Validation R-squared: 0.4432416558
2023-11-23 18:45:34,998 - INFO - Epoch 40 : Training Loss: 11.2329921722, Validation Loss: 11.4152870178, Training R-squared: 0.4862684011, Validation R-squared: 0.4453282654
2023-11-23 18:45:37,485 - INFO - Epoch 41 : Training Loss: 11.2106609344, Validation Loss: 11.4012947083, Training R-squared: 0.4899254441, Validation R-squared: 0.4467060566
2023-11-23 18:45:39,997 - INFO - Epoch 42 : Training Loss: 11.1967782974, Validation Loss: 11.3892135620, Training R-squared: 0.4927770793, Validation R-squared: 0.4481406212
2023-11-23 18:45:42,566 - INFO - Epoch 43 : Training Loss: 11.1571226120, Validation Loss: 11.3745899200, Training R-squared: 0.4940195680, Validation R-squared: 0.4492851794
2023-11-23 18:45:45,058 - INFO - Epoch 44 : Training Loss: 11.1207189560, Validation Loss: 11.3727054596, Training R-squared: 0.5005311370, Validation R-squared: 0.4494746327
2023-11-23 18:45:47,679 - INFO - Epoch 45 : Training Loss: 11.1173467636, Validation Loss: 11.3435926437, Training R-squared: 0.5000486374, Validation R-squared: 0.4522441030
2023-11-23 18:45:50,167 - INFO - Epoch 46 : Training Loss: 11.0824861526, Validation Loss: 11.3364343643, Training R-squared: 0.5025882721, Validation R-squared: 0.4532395899
2023-11-23 18:45:52,881 - INFO - Epoch 47 : Training Loss: 11.0420656204, Validation Loss: 11.3447589874, Training R-squared: 0.5065207481, Validation R-squared: 0.4521454871
2023-11-23 18:45:55,333 - INFO - Epoch 48 : Training Loss: 11.0108985901, Validation Loss: 11.3315572739, Training R-squared: 0.5076776743, Validation R-squared: 0.4533925653
2023-11-23 18:45:57,839 - INFO - Epoch 49 : Training Loss: 10.9810895920, Validation Loss: 11.3138437271, Training R-squared: 0.5107616186, Validation R-squared: 0.4550379515
2023-11-23 18:46:00,322 - INFO - Epoch 50 : Training Loss: 10.9768686295, Validation Loss: 11.3170032501, Training R-squared: 0.5121719837, Validation R-squared: 0.4543978572
2023-11-23 18:46:02,840 - INFO - Epoch 51 : Training Loss: 10.9474687576, Validation Loss: 11.3064279556, Training R-squared: 0.5128389001, Validation R-squared: 0.4558506310
2023-11-23 18:46:05,287 - INFO - Epoch 52 : Training Loss: 10.9047479630, Validation Loss: 11.2687511444, Training R-squared: 0.5181794167, Validation R-squared: 0.4591744542
2023-11-23 18:46:07,842 - INFO - Epoch 53 : Training Loss: 10.8902645111, Validation Loss: 11.2758903503, Training R-squared: 0.5168883801, Validation R-squared: 0.4586805403
2023-11-23 18:46:10,303 - INFO - Epoch 54 : Training Loss: 10.8263368607, Validation Loss: 11.2689094543, Training R-squared: 0.5231416821, Validation R-squared: 0.4588741660
2023-11-23 18:46:12,835 - INFO - Epoch 55 : Training Loss: 10.8253536224, Validation Loss: 11.2865743637, Training R-squared: 0.5224549770, Validation R-squared: 0.4570392072
2023-11-23 18:46:15,305 - INFO - Epoch 56 : Training Loss: 10.8008184433, Validation Loss: 11.2443027496, Training R-squared: 0.5243294835, Validation R-squared: 0.4613502324
2023-11-23 18:46:18,042 - INFO - Epoch 57 : Training Loss: 10.7481775284, Validation Loss: 11.2135906219, Training R-squared: 0.5323157310, Validation R-squared: 0.4645002186
2023-11-23 18:46:20,505 - INFO - Epoch 58 : Training Loss: 10.7309789658, Validation Loss: 11.2226552963, Training R-squared: 0.5327746272, Validation R-squared: 0.4635854363
2023-11-23 18:46:23,025 - INFO - Epoch 59 : Training Loss: 10.7070960999, Validation Loss: 11.2358188629, Training R-squared: 0.5305547714, Validation R-squared: 0.4624052644
2023-11-23 18:46:25,458 - INFO - Epoch 60 : Training Loss: 10.6687049866, Validation Loss: 11.2312669754, Training R-squared: 0.5336032510, Validation R-squared: 0.4625299573
2023-11-23 18:46:27,998 - INFO - Epoch 61 : Training Loss: 10.6735754013, Validation Loss: 11.2337865829, Training R-squared: 0.5372781157, Validation R-squared: 0.4622291923
2023-11-23 18:46:30,451 - INFO - Epoch 62 : Training Loss: 10.6277494431, Validation Loss: 11.1928815842, Training R-squared: 0.5401238203, Validation R-squared: 0.4661960900
2023-11-23 18:46:32,954 - INFO - Epoch 63 : Training Loss: 10.6062240601, Validation Loss: 11.2636661530, Training R-squared: 0.5419194102, Validation R-squared: 0.4588865340
2023-11-23 18:46:35,415 - INFO - Epoch 64 : Training Loss: 10.5771331787, Validation Loss: 11.1620883942, Training R-squared: 0.5429984927, Validation R-squared: 0.4690319896
2023-11-23 18:46:37,952 - INFO - Epoch 65 : Training Loss: 10.5602855682, Validation Loss: 11.1717958450, Training R-squared: 0.5427312255, Validation R-squared: 0.4682145119
2023-11-23 18:46:40,410 - INFO - Epoch 66 : Training Loss: 10.5607185364, Validation Loss: 11.1960878372, Training R-squared: 0.5466485023, Validation R-squared: 0.4658199251
2023-11-23 18:46:43,043 - INFO - Epoch 67 : Training Loss: 10.5079641342, Validation Loss: 11.2471361160, Training R-squared: 0.5476832986, Validation R-squared: 0.4604934752
2023-11-23 18:46:45,491 - INFO - Epoch 68 : Training Loss: 10.4802045822, Validation Loss: 11.1534366608, Training R-squared: 0.5502795577, Validation R-squared: 0.4700481594
2023-11-23 18:46:48,026 - INFO - Epoch 69 : Training Loss: 10.4841299057, Validation Loss: 11.1230535507, Training R-squared: 0.5523790717, Validation R-squared: 0.4729928076
2023-11-23 18:46:50,471 - INFO - Epoch 70 : Training Loss: 10.4453430176, Validation Loss: 11.1531972885, Training R-squared: 0.5537145138, Validation R-squared: 0.4701039195
2023-11-23 18:46:53,341 - INFO - Epoch 71 : Training Loss: 10.4406919479, Validation Loss: 11.1777133942, Training R-squared: 0.5556539893, Validation R-squared: 0.4671891630
2023-11-23 18:46:55,679 - INFO - Epoch 72 : Training Loss: 10.4120616913, Validation Loss: 11.1699371338, Training R-squared: 0.5540445447, Validation R-squared: 0.4678869545
2023-11-23 18:46:58,260 - INFO - Epoch 73 : Training Loss: 10.3797140121, Validation Loss: 11.1914777756, Training R-squared: 0.5604670644, Validation R-squared: 0.4658693373
2023-11-23 18:47:00,674 - INFO - Epoch 74 : Training Loss: 10.3616685867, Validation Loss: 11.1574802399, Training R-squared: 0.5632576942, Validation R-squared: 0.4692283273
2023-11-23 18:47:07,195 - INFO - Model saved to models/portion_model/lunch/512_512_200_64/sparsity_85_fold_3_model.keras
2023-11-23 18:47:12,146 - INFO - Avg Metrics: RMSE: 8.9870961245, R-squared: -0.4046481320, PCC: 0.6278012038
2023-11-23 18:47:12,147 - INFO - Agg Metrics: RMSE: 11.1665055768, R-squared: 0.4748195339, PCC: 0.6901411107
2023-11-23 18:47:19,759 - INFO - ================================================================== Fold 4 ===================================================================
2023-11-23 18:47:24,354 - INFO - Epoch 1  : Training Loss: 15.5048217773, Validation Loss: 14.6948804855, Training R-squared: 0.0377829373, Validation R-squared: 0.0461772531
2023-11-23 18:47:26,603 - INFO - Epoch 2  : Training Loss: 15.3994665146, Validation Loss: 14.5683765411, Training R-squared: 0.0496347547, Validation R-squared: 0.0626346916
2023-11-23 18:47:29,296 - INFO - Epoch 3  : Training Loss: 15.0083074570, Validation Loss: 13.8450393677, Training R-squared: 0.0966279060, Validation R-squared: 0.1541348994
2023-11-23 18:47:31,713 - INFO - Epoch 4  : Training Loss: 14.0895080566, Validation Loss: 13.0118799210, Training R-squared: 0.2053121179, Validation R-squared: 0.2528190017
2023-11-23 18:47:34,377 - INFO - Epoch 5  : Training Loss: 13.5593910217, Validation Loss: 12.7748928070, Training R-squared: 0.2638549805, Validation R-squared: 0.2797278166
2023-11-23 18:47:36,635 - INFO - Epoch 6  : Training Loss: 13.3920192719, Validation Loss: 12.7423267365, Training R-squared: 0.2813359797, Validation R-squared: 0.2832090557
2023-11-23 18:47:39,337 - INFO - Epoch 7  : Training Loss: 13.3601617813, Validation Loss: 12.7336101532, Training R-squared: 0.2820111513, Validation R-squared: 0.2845412195
2023-11-23 18:47:41,610 - INFO - Epoch 8  : Training Loss: 13.3132066727, Validation Loss: 12.6641750336, Training R-squared: 0.2892324030, Validation R-squared: 0.2922710776
2023-11-23 18:47:44,481 - INFO - Epoch 9  : Training Loss: 13.2115621567, Validation Loss: 12.5814371109, Training R-squared: 0.3006334007, Validation R-squared: 0.3016623259
2023-11-23 18:47:46,745 - INFO - Epoch 10 : Training Loss: 13.1009140015, Validation Loss: 12.4972887039, Training R-squared: 0.3138260245, Validation R-squared: 0.3113846779
2023-11-23 18:47:49,427 - INFO - Epoch 11 : Training Loss: 13.0046072006, Validation Loss: 12.4075431824, Training R-squared: 0.3192432821, Validation R-squared: 0.3211407959
2023-11-23 18:47:51,763 - INFO - Epoch 12 : Training Loss: 12.9241476059, Validation Loss: 12.3499155045, Training R-squared: 0.3309697211, Validation R-squared: 0.3275804222
2023-11-23 18:47:54,513 - INFO - Epoch 13 : Training Loss: 12.8561372757, Validation Loss: 12.2945098877, Training R-squared: 0.3357568383, Validation R-squared: 0.3336295485
2023-11-23 18:47:56,783 - INFO - Epoch 14 : Training Loss: 12.7675409317, Validation Loss: 12.2088966370, Training R-squared: 0.3431237936, Validation R-squared: 0.3431921899
2023-11-23 18:47:59,457 - INFO - Epoch 15 : Training Loss: 12.6823692322, Validation Loss: 12.1371669769, Training R-squared: 0.3526222706, Validation R-squared: 0.3511252403
2023-11-23 18:48:01,708 - INFO - Epoch 16 : Training Loss: 12.5780630112, Validation Loss: 12.0625724792, Training R-squared: 0.3632286489, Validation R-squared: 0.3595180213
2023-11-23 18:48:04,405 - INFO - Epoch 17 : Training Loss: 12.4970664978, Validation Loss: 11.9947490692, Training R-squared: 0.3569271266, Validation R-squared: 0.3671233356
2023-11-23 18:48:06,678 - INFO - Epoch 18 : Training Loss: 12.3952188492, Validation Loss: 11.9211311340, Training R-squared: 0.3859349191, Validation R-squared: 0.3747527599
2023-11-23 18:48:09,363 - INFO - Epoch 19 : Training Loss: 12.3221597672, Validation Loss: 11.8513288498, Training R-squared: 0.3887740672, Validation R-squared: 0.3821469545
2023-11-23 18:48:11,613 - INFO - Epoch 20 : Training Loss: 12.2359409332, Validation Loss: 11.7950372696, Training R-squared: 0.4008758068, Validation R-squared: 0.3880962133
2023-11-23 18:48:14,409 - INFO - Epoch 21 : Training Loss: 12.1718111038, Validation Loss: 11.7532968521, Training R-squared: 0.4081798494, Validation R-squared: 0.3924217224
2023-11-23 18:48:16,955 - INFO - Epoch 22 : Training Loss: 12.1156129837, Validation Loss: 11.7139949799, Training R-squared: 0.4107353985, Validation R-squared: 0.3965244889
2023-11-23 18:48:19,663 - INFO - Epoch 23 : Training Loss: 12.0526762009, Validation Loss: 11.6740674973, Training R-squared: 0.4184644818, Validation R-squared: 0.4003387392
2023-11-23 18:48:21,965 - INFO - Epoch 24 : Training Loss: 11.9990472794, Validation Loss: 11.6275148392, Training R-squared: 0.4077805877, Validation R-squared: 0.4052446187
2023-11-23 18:48:24,667 - INFO - Epoch 25 : Training Loss: 11.9442558289, Validation Loss: 11.5913667679, Training R-squared: 0.4301648140, Validation R-squared: 0.4088918865
2023-11-23 18:48:26,944 - INFO - Epoch 26 : Training Loss: 11.8827552795, Validation Loss: 11.5407209396, Training R-squared: 0.4315781295, Validation R-squared: 0.4140025675
2023-11-23 18:48:29,617 - INFO - Epoch 27 : Training Loss: 11.8241052628, Validation Loss: 11.5067777634, Training R-squared: 0.4397185445, Validation R-squared: 0.4173124433
2023-11-23 18:48:31,932 - INFO - Epoch 28 : Training Loss: 11.7758703232, Validation Loss: 11.4761476517, Training R-squared: 0.4445654452, Validation R-squared: 0.4202764928
2023-11-23 18:48:34,609 - INFO - Epoch 29 : Training Loss: 11.7378110886, Validation Loss: 11.4386110306, Training R-squared: 0.4412713051, Validation R-squared: 0.4240661263
2023-11-23 18:48:36,901 - INFO - Epoch 30 : Training Loss: 11.6941986084, Validation Loss: 11.4099731445, Training R-squared: 0.4499925375, Validation R-squared: 0.4269100130
2023-11-23 18:48:39,580 - INFO - Epoch 31 : Training Loss: 11.6385078430, Validation Loss: 11.3978252411, Training R-squared: 0.4562087059, Validation R-squared: 0.4280222654
2023-11-23 18:48:41,863 - INFO - Epoch 32 : Training Loss: 11.5920362473, Validation Loss: 11.3481321335, Training R-squared: 0.4575065672, Validation R-squared: 0.4330428541
2023-11-23 18:48:44,669 - INFO - Epoch 33 : Training Loss: 11.5780220032, Validation Loss: 11.3313140869, Training R-squared: 0.4612775147, Validation R-squared: 0.4344991744
2023-11-23 18:48:46,979 - INFO - Epoch 34 : Training Loss: 11.5219211578, Validation Loss: 11.3017854691, Training R-squared: 0.4632658064, Validation R-squared: 0.4375412464
2023-11-23 18:48:49,657 - INFO - Epoch 35 : Training Loss: 11.5085964203, Validation Loss: 11.2818927765, Training R-squared: 0.4675976932, Validation R-squared: 0.4393879473
2023-11-23 18:48:52,330 - INFO - Epoch 36 : Training Loss: 11.4684801102, Validation Loss: 11.2862844467, Training R-squared: 0.4738197327, Validation R-squared: 0.4388264120
2023-11-23 18:48:54,896 - INFO - Epoch 37 : Training Loss: 11.4541940689, Validation Loss: 11.2430191040, Training R-squared: 0.4750659764, Validation R-squared: 0.4431312084
2023-11-23 18:48:57,240 - INFO - Epoch 38 : Training Loss: 11.4013900757, Validation Loss: 11.2360143661, Training R-squared: 0.4772655368, Validation R-squared: 0.4437906444
2023-11-23 18:48:59,918 - INFO - Epoch 39 : Training Loss: 11.3902444839, Validation Loss: 11.2567787170, Training R-squared: 0.4787428081, Validation R-squared: 0.4415250421
2023-11-23 18:49:02,244 - INFO - Epoch 40 : Training Loss: 11.3449716568, Validation Loss: 11.2177381516, Training R-squared: 0.4814967811, Validation R-squared: 0.4454730153
2023-11-23 18:49:04,876 - INFO - Epoch 41 : Training Loss: 11.3102664948, Validation Loss: 11.1915225983, Training R-squared: 0.4824295342, Validation R-squared: 0.4479930103
2023-11-23 18:49:07,347 - INFO - Epoch 42 : Training Loss: 11.3003244400, Validation Loss: 11.2302494049, Training R-squared: 0.4837456346, Validation R-squared: 0.4438560307
2023-11-23 18:49:09,928 - INFO - Epoch 43 : Training Loss: 11.2742452621, Validation Loss: 11.1908607483, Training R-squared: 0.4853742421, Validation R-squared: 0.4478867054
2023-11-23 18:49:12,243 - INFO - Epoch 44 : Training Loss: 11.2414445877, Validation Loss: 11.1757411957, Training R-squared: 0.4931783676, Validation R-squared: 0.4495753050
2023-11-23 18:49:14,891 - INFO - Epoch 45 : Training Loss: 11.2111177444, Validation Loss: 11.1701517105, Training R-squared: 0.4907301068, Validation R-squared: 0.4500567913
2023-11-23 18:49:17,466 - INFO - Epoch 46 : Training Loss: 11.2056865692, Validation Loss: 11.1796627045, Training R-squared: 0.4969858825, Validation R-squared: 0.4489611089
2023-11-23 18:49:20,084 - INFO - Epoch 47 : Training Loss: 11.1509981155, Validation Loss: 11.1443843842, Training R-squared: 0.5002017617, Validation R-squared: 0.4526514709
2023-11-23 18:49:22,560 - INFO - Epoch 48 : Training Loss: 11.1330108643, Validation Loss: 11.1275472641, Training R-squared: 0.4990660846, Validation R-squared: 0.4541679025
2023-11-23 18:49:25,501 - INFO - Epoch 49 : Training Loss: 11.1232805252, Validation Loss: 11.1019372940, Training R-squared: 0.5026758313, Validation R-squared: 0.4569268227
2023-11-23 18:49:28,013 - INFO - Epoch 50 : Training Loss: 11.0990953445, Validation Loss: 11.1036300659, Training R-squared: 0.5019156933, Validation R-squared: 0.4565962553
2023-11-23 18:49:30,517 - INFO - Epoch 51 : Training Loss: 11.0573711395, Validation Loss: 11.0985593796, Training R-squared: 0.5085961223, Validation R-squared: 0.4570809901
2023-11-23 18:49:32,982 - INFO - Epoch 52 : Training Loss: 11.0153484344, Validation Loss: 11.1343564987, Training R-squared: 0.5116604567, Validation R-squared: 0.4533215165
2023-11-23 18:49:35,509 - INFO - Epoch 53 : Training Loss: 10.9959125519, Validation Loss: 11.0847539902, Training R-squared: 0.5099953413, Validation R-squared: 0.4582293630
2023-11-23 18:49:38,038 - INFO - Epoch 54 : Training Loss: 10.9511775970, Validation Loss: 11.0816955566, Training R-squared: 0.5146818161, Validation R-squared: 0.4583204091
2023-11-23 18:49:40,524 - INFO - Epoch 55 : Training Loss: 10.9200057983, Validation Loss: 11.0570211411, Training R-squared: 0.5200755000, Validation R-squared: 0.4610807300
2023-11-23 18:49:43,041 - INFO - Epoch 56 : Training Loss: 10.8964452744, Validation Loss: 11.0554571152, Training R-squared: 0.5209959745, Validation R-squared: 0.4610683024
2023-11-23 18:49:45,614 - INFO - Epoch 57 : Training Loss: 10.8625459671, Validation Loss: 11.0756835938, Training R-squared: 0.5253728032, Validation R-squared: 0.4588471055
2023-11-23 18:49:48,121 - INFO - Epoch 58 : Training Loss: 10.8391113281, Validation Loss: 11.0033140182, Training R-squared: 0.5271887779, Validation R-squared: 0.4661924839
2023-11-23 18:49:50,610 - INFO - Epoch 59 : Training Loss: 10.8301677704, Validation Loss: 11.0473947525, Training R-squared: 0.5279589891, Validation R-squared: 0.4615879655
2023-11-23 18:49:53,163 - INFO - Epoch 60 : Training Loss: 10.7806682587, Validation Loss: 10.9903917313, Training R-squared: 0.5287680626, Validation R-squared: 0.4670838416
2023-11-23 18:49:55,668 - INFO - Epoch 61 : Training Loss: 10.7457675934, Validation Loss: 10.9963893890, Training R-squared: 0.5311275125, Validation R-squared: 0.4665780365
2023-11-23 18:49:58,170 - INFO - Epoch 62 : Training Loss: 10.7210578918, Validation Loss: 10.9759397507, Training R-squared: 0.5341561437, Validation R-squared: 0.4687299132
2023-11-23 18:50:00,674 - INFO - Epoch 63 : Training Loss: 10.6854934692, Validation Loss: 11.0096149445, Training R-squared: 0.5389024615, Validation R-squared: 0.4651682079
2023-11-23 18:50:03,236 - INFO - Epoch 64 : Training Loss: 10.6766662598, Validation Loss: 10.9737939835, Training R-squared: 0.5393409133, Validation R-squared: 0.4686579704
2023-11-23 18:50:05,744 - INFO - Epoch 65 : Training Loss: 10.6498889923, Validation Loss: 10.9309101105, Training R-squared: 0.5412842035, Validation R-squared: 0.4728781283
2023-11-23 18:50:08,242 - INFO - Epoch 66 : Training Loss: 10.6121006012, Validation Loss: 10.9656505585, Training R-squared: 0.5449374318, Validation R-squared: 0.4695926905
2023-11-23 18:50:10,712 - INFO - Epoch 67 : Training Loss: 10.6244707108, Validation Loss: 10.9678897858, Training R-squared: 0.5450261235, Validation R-squared: 0.4692907631
2023-11-23 18:50:13,206 - INFO - Epoch 68 : Training Loss: 10.5758895874, Validation Loss: 10.9554195404, Training R-squared: 0.5458454490, Validation R-squared: 0.4706138074
2023-11-23 18:50:15,682 - INFO - Epoch 69 : Training Loss: 10.5437564850, Validation Loss: 10.9724798203, Training R-squared: 0.5511919856, Validation R-squared: 0.4687711895
2023-11-23 18:50:18,726 - INFO - Epoch 70 : Training Loss: 10.5289983749, Validation Loss: 10.8912849426, Training R-squared: 0.5520625114, Validation R-squared: 0.4767540395
2023-11-23 18:50:21,036 - INFO - Epoch 71 : Training Loss: 10.5325593948, Validation Loss: 10.9321222305, Training R-squared: 0.5514581800, Validation R-squared: 0.4728442430
2023-11-23 18:50:23,644 - INFO - Epoch 72 : Training Loss: 10.4900283813, Validation Loss: 10.9562845230, Training R-squared: 0.5565471053, Validation R-squared: 0.4702888429
2023-11-23 18:50:25,982 - INFO - Epoch 73 : Training Loss: 10.4527750015, Validation Loss: 10.9129524231, Training R-squared: 0.5577897429, Validation R-squared: 0.4744220972
2023-11-23 18:50:28,573 - INFO - Epoch 74 : Training Loss: 10.4596338272, Validation Loss: 10.9574623108, Training R-squared: 0.5565662384, Validation R-squared: 0.4701009691
2023-11-23 18:50:30,971 - INFO - Epoch 75 : Training Loss: 10.4345092773, Validation Loss: 10.9022665024, Training R-squared: 0.5597094893, Validation R-squared: 0.4753918648
2023-11-23 18:50:37,322 - INFO - Model saved to models/portion_model/lunch/512_512_200_64/sparsity_85_fold_4_model.keras
2023-11-23 18:50:42,497 - INFO - Avg Metrics: RMSE: 9.0252182294, R-squared: -3.2860200723, PCC: 0.6293367928
2023-11-23 18:50:42,497 - INFO - Agg Metrics: RMSE: 10.9933496378, R-squared: 0.4711767558, PCC: 0.6899131363
2023-11-23 18:50:49,552 - INFO - ================================================================== Fold 5 ===================================================================
2023-11-23 18:50:55,428 - INFO - Epoch 1  : Training Loss: 15.2270526886, Validation Loss: 15.7822208405, Training R-squared: 0.0372752473, Validation R-squared: 0.0417373031
2023-11-23 18:50:58,024 - INFO - Epoch 2  : Training Loss: 15.1179313660, Validation Loss: 15.6752204895, Training R-squared: 0.0487773046, Validation R-squared: 0.0549838096
2023-11-23 18:51:00,622 - INFO - Epoch 3  : Training Loss: 14.7824907303, Validation Loss: 15.0489044189, Training R-squared: 0.0906759501, Validation R-squared: 0.1285969317
2023-11-23 18:51:03,066 - INFO - Epoch 4  : Training Loss: 13.9539155960, Validation Loss: 14.2197990417, Training R-squared: 0.1916762888, Validation R-squared: 0.2212721854
2023-11-23 18:51:05,660 - INFO - Epoch 5  : Training Loss: 13.3571710587, Validation Loss: 13.8755292892, Training R-squared: 0.2608700097, Validation R-squared: 0.2575083375
2023-11-23 18:51:08,134 - INFO - Epoch 6  : Training Loss: 13.2013063431, Validation Loss: 13.8108949661, Training R-squared: 0.2784185410, Validation R-squared: 0.2642135918
2023-11-23 18:51:10,643 - INFO - Epoch 7  : Training Loss: 13.1195335388, Validation Loss: 13.7759780884, Training R-squared: 0.2853935659, Validation R-squared: 0.2675724626
2023-11-23 18:51:13,281 - INFO - Epoch 8  : Training Loss: 13.0737943649, Validation Loss: 13.7475185394, Training R-squared: 0.2895688415, Validation R-squared: 0.2706926465
2023-11-23 18:51:15,770 - INFO - Epoch 9  : Training Loss: 13.0342741013, Validation Loss: 13.6956968307, Training R-squared: 0.2937192023, Validation R-squared: 0.2761102915
2023-11-23 18:51:18,626 - INFO - Epoch 10 : Training Loss: 12.9574146271, Validation Loss: 13.6304025650, Training R-squared: 0.2853626311, Validation R-squared: 0.2833651900
2023-11-23 18:51:21,332 - INFO - Epoch 11 : Training Loss: 12.8736267090, Validation Loss: 13.5698175430, Training R-squared: 0.3120012879, Validation R-squared: 0.2896225750
2023-11-23 18:51:24,036 - INFO - Epoch 12 : Training Loss: 12.8030729294, Validation Loss: 13.5105209351, Training R-squared: 0.3185701668, Validation R-squared: 0.2958614826
2023-11-23 18:51:26,320 - INFO - Epoch 13 : Training Loss: 12.7444000244, Validation Loss: 13.4542636871, Training R-squared: 0.3257766366, Validation R-squared: 0.3020522892
2023-11-23 18:51:28,997 - INFO - Epoch 14 : Training Loss: 12.6513071060, Validation Loss: 13.3760461807, Training R-squared: 0.3341748118, Validation R-squared: 0.3103148043
2023-11-23 18:51:31,341 - INFO - Epoch 15 : Training Loss: 12.5555753708, Validation Loss: 13.3019819260, Training R-squared: 0.3463659883, Validation R-squared: 0.3180891871
2023-11-23 18:51:34,029 - INFO - Epoch 16 : Training Loss: 12.4882993698, Validation Loss: 13.2487277985, Training R-squared: 0.3508531153, Validation R-squared: 0.3239859343
2023-11-23 18:51:36,312 - INFO - Epoch 17 : Training Loss: 12.4046573639, Validation Loss: 13.1451559067, Training R-squared: 0.3598959148, Validation R-squared: 0.3345071673
2023-11-23 18:51:39,037 - INFO - Epoch 18 : Training Loss: 12.3125772476, Validation Loss: 13.0658702850, Training R-squared: 0.3725849986, Validation R-squared: 0.3426478803
2023-11-23 18:51:41,302 - INFO - Epoch 19 : Training Loss: 12.2222375870, Validation Loss: 12.9949188232, Training R-squared: 0.3798817992, Validation R-squared: 0.3500816524
2023-11-23 18:51:43,986 - INFO - Epoch 20 : Training Loss: 12.1255340576, Validation Loss: 12.9265012741, Training R-squared: 0.3904124796, Validation R-squared: 0.3576016724
2023-11-23 18:51:46,364 - INFO - Epoch 21 : Training Loss: 12.0426578522, Validation Loss: 12.8496665955, Training R-squared: 0.3972980678, Validation R-squared: 0.3657384217
2023-11-23 18:51:49,112 - INFO - Epoch 22 : Training Loss: 11.9701242447, Validation Loss: 12.7752294540, Training R-squared: 0.4038210213, Validation R-squared: 0.3731930554
2023-11-23 18:51:51,552 - INFO - Epoch 23 : Training Loss: 11.8967170715, Validation Loss: 12.7129201889, Training R-squared: 0.4108170569, Validation R-squared: 0.3793317676
2023-11-23 18:51:54,300 - INFO - Epoch 24 : Training Loss: 11.8025398254, Validation Loss: 12.6508312225, Training R-squared: 0.4208524525, Validation R-squared: 0.3861536086
2023-11-23 18:51:56,561 - INFO - Epoch 25 : Training Loss: 11.7315483093, Validation Loss: 12.5819234848, Training R-squared: 0.4290458262, Validation R-squared: 0.3926258385
2023-11-23 18:51:59,416 - INFO - Epoch 26 : Training Loss: 11.6529941559, Validation Loss: 12.5213441849, Training R-squared: 0.4357937276, Validation R-squared: 0.3985899091
2023-11-23 18:52:01,673 - INFO - Epoch 27 : Training Loss: 11.5881309509, Validation Loss: 12.4704542160, Training R-squared: 0.4402750432, Validation R-squared: 0.4032151103
2023-11-23 18:52:04,394 - INFO - Epoch 28 : Training Loss: 11.5285110474, Validation Loss: 12.4213924408, Training R-squared: 0.4483623207, Validation R-squared: 0.4080356956
2023-11-23 18:52:06,688 - INFO - Epoch 29 : Training Loss: 11.5020828247, Validation Loss: 12.3979320526, Training R-squared: 0.4486872256, Validation R-squared: 0.4103996456
2023-11-23 18:52:09,451 - INFO - Epoch 30 : Training Loss: 11.4393472672, Validation Loss: 12.3484802246, Training R-squared: 0.4564290643, Validation R-squared: 0.4148825407
2023-11-23 18:52:11,711 - INFO - Epoch 31 : Training Loss: 11.3865480423, Validation Loss: 12.3310737610, Training R-squared: 0.4588711262, Validation R-squared: 0.4166261852
2023-11-23 18:52:14,451 - INFO - Epoch 32 : Training Loss: 11.3544578552, Validation Loss: 12.2945117950, Training R-squared: 0.4607989788, Validation R-squared: 0.4198867381
2023-11-23 18:52:17,007 - INFO - Epoch 33 : Training Loss: 11.3379535675, Validation Loss: 12.2826452255, Training R-squared: 0.4627763927, Validation R-squared: 0.4212410748
2023-11-23 18:52:19,794 - INFO - Epoch 34 : Training Loss: 11.2857942581, Validation Loss: 12.2580080032, Training R-squared: 0.4733553231, Validation R-squared: 0.4234957397
2023-11-23 18:52:22,088 - INFO - Epoch 35 : Training Loss: 11.2832651138, Validation Loss: 12.2482347488, Training R-squared: 0.4706692696, Validation R-squared: 0.4240848720
2023-11-23 18:52:24,817 - INFO - Epoch 36 : Training Loss: 11.2175559998, Validation Loss: 12.2312927246, Training R-squared: 0.4790541232, Validation R-squared: 0.4260571599
2023-11-23 18:52:27,083 - INFO - Epoch 37 : Training Loss: 11.1935825348, Validation Loss: 12.2136030197, Training R-squared: 0.4781428277, Validation R-squared: 0.4276910126
2023-11-23 18:52:29,780 - INFO - Epoch 38 : Training Loss: 11.1685628891, Validation Loss: 12.2015342712, Training R-squared: 0.4811868966, Validation R-squared: 0.4287500083
2023-11-23 18:52:32,092 - INFO - Epoch 39 : Training Loss: 11.1544628143, Validation Loss: 12.1867532730, Training R-squared: 0.4783614278, Validation R-squared: 0.4299989343
2023-11-23 18:52:34,781 - INFO - Epoch 40 : Training Loss: 11.1227483749, Validation Loss: 12.1790399551, Training R-squared: 0.4863454103, Validation R-squared: 0.4309197664
2023-11-23 18:52:37,049 - INFO - Epoch 41 : Training Loss: 11.0980691910, Validation Loss: 12.1675491333, Training R-squared: 0.4874338806, Validation R-squared: 0.4321002364
2023-11-23 18:52:39,844 - INFO - Epoch 42 : Training Loss: 11.0861730576, Validation Loss: 12.1539964676, Training R-squared: 0.4887599349, Validation R-squared: 0.4332942963
2023-11-23 18:52:42,167 - INFO - Epoch 43 : Training Loss: 11.0675268173, Validation Loss: 12.1376361847, Training R-squared: 0.4898791611, Validation R-squared: 0.4348889589
2023-11-23 18:52:44,886 - INFO - Epoch 44 : Training Loss: 11.0441675186, Validation Loss: 12.1233606339, Training R-squared: 0.4932343960, Validation R-squared: 0.4363038540
2023-11-23 18:52:47,282 - INFO - Epoch 45 : Training Loss: 11.0142955780, Validation Loss: 12.1235561371, Training R-squared: 0.4962758422, Validation R-squared: 0.4360602498
2023-11-23 18:52:49,961 - INFO - Epoch 46 : Training Loss: 10.9922237396, Validation Loss: 12.1211357117, Training R-squared: 0.4950459898, Validation R-squared: 0.4365071356
2023-11-23 18:52:52,460 - INFO - Epoch 47 : Training Loss: 10.9565935135, Validation Loss: 12.0894346237, Training R-squared: 0.5004729033, Validation R-squared: 0.4391523302
2023-11-23 18:52:55,156 - INFO - Epoch 48 : Training Loss: 10.9456443787, Validation Loss: 12.0790815353, Training R-squared: 0.5008037090, Validation R-squared: 0.4405132532
2023-11-23 18:52:57,493 - INFO - Epoch 49 : Training Loss: 10.9208726883, Validation Loss: 12.0697450638, Training R-squared: 0.5044432282, Validation R-squared: 0.4413744807
2023-11-23 18:53:00,200 - INFO - Epoch 50 : Training Loss: 10.9047880173, Validation Loss: 12.0683450699, Training R-squared: 0.5043607354, Validation R-squared: 0.4414480031
2023-11-23 18:53:02,546 - INFO - Epoch 51 : Training Loss: 10.8664321899, Validation Loss: 12.0582313538, Training R-squared: 0.5078433156, Validation R-squared: 0.4422020912
2023-11-23 18:53:05,191 - INFO - Epoch 52 : Training Loss: 10.8625230789, Validation Loss: 12.0366048813, Training R-squared: 0.5109038353, Validation R-squared: 0.4445291460
2023-11-23 18:53:07,584 - INFO - Epoch 53 : Training Loss: 10.8183012009, Validation Loss: 12.0348119736, Training R-squared: 0.5104002357, Validation R-squared: 0.4446727931
2023-11-23 18:53:10,201 - INFO - Epoch 54 : Training Loss: 10.8107242584, Validation Loss: 12.0439958572, Training R-squared: 0.5139229298, Validation R-squared: 0.4432806671
2023-11-23 18:53:12,576 - INFO - Epoch 55 : Training Loss: 10.7805814743, Validation Loss: 12.0114183426, Training R-squared: 0.5150814056, Validation R-squared: 0.4467679560
2023-11-23 18:53:15,223 - INFO - Epoch 56 : Training Loss: 10.7544736862, Validation Loss: 11.9955863953, Training R-squared: 0.5159844756, Validation R-squared: 0.4482561648
2023-11-23 18:53:17,838 - INFO - Epoch 57 : Training Loss: 10.7278900146, Validation Loss: 11.9831247330, Training R-squared: 0.5234090686, Validation R-squared: 0.4494795203
2023-11-23 18:53:20,433 - INFO - Epoch 58 : Training Loss: 10.7198085785, Validation Loss: 11.9802074432, Training R-squared: 0.5197825432, Validation R-squared: 0.4495795369
2023-11-23 18:53:22,820 - INFO - Epoch 59 : Training Loss: 10.6867399216, Validation Loss: 11.9580593109, Training R-squared: 0.5250878930, Validation R-squared: 0.4516091645
2023-11-23 18:53:25,427 - INFO - Epoch 60 : Training Loss: 10.6661415100, Validation Loss: 11.9313278198, Training R-squared: 0.5270450115, Validation R-squared: 0.4541279078
2023-11-23 18:53:27,834 - INFO - Epoch 61 : Training Loss: 10.6337423325, Validation Loss: 11.9354896545, Training R-squared: 0.5303052068, Validation R-squared: 0.4536983669
2023-11-23 18:53:30,497 - INFO - Epoch 62 : Training Loss: 10.5993833542, Validation Loss: 11.9306764603, Training R-squared: 0.5262537599, Validation R-squared: 0.4540983737
2023-11-23 18:53:32,911 - INFO - Epoch 63 : Training Loss: 10.5969524384, Validation Loss: 11.9262790680, Training R-squared: 0.5313327312, Validation R-squared: 0.4543583393
2023-11-23 18:53:35,539 - INFO - Epoch 64 : Training Loss: 10.5745210648, Validation Loss: 11.8882656097, Training R-squared: 0.5356789231, Validation R-squared: 0.4579753578
2023-11-23 18:53:37,964 - INFO - Epoch 65 : Training Loss: 10.5472383499, Validation Loss: 11.8744649887, Training R-squared: 0.5362792015, Validation R-squared: 0.4592693150
2023-11-23 18:53:40,540 - INFO - Epoch 66 : Training Loss: 10.5363874435, Validation Loss: 11.8561420441, Training R-squared: 0.5356267095, Validation R-squared: 0.4611008763
2023-11-23 18:53:42,974 - INFO - Epoch 67 : Training Loss: 10.5013675690, Validation Loss: 11.8438653946, Training R-squared: 0.5375002623, Validation R-squared: 0.4619801641
2023-11-23 18:53:46,223 - INFO - Epoch 68 : Training Loss: 10.4687252045, Validation Loss: 11.8304262161, Training R-squared: 0.5429842472, Validation R-squared: 0.4630650878
2023-11-23 18:53:49,628 - INFO - Epoch 69 : Training Loss: 10.4477853775, Validation Loss: 11.8215503693, Training R-squared: 0.5442824364, Validation R-squared: 0.4638113678
2023-11-23 18:53:52,409 - INFO - Epoch 70 : Training Loss: 10.4348430634, Validation Loss: 11.8332433701, Training R-squared: 0.5456682444, Validation R-squared: 0.4624681771
2023-11-23 18:53:55,359 - INFO - Epoch 71 : Training Loss: 10.4076080322, Validation Loss: 11.7971658707, Training R-squared: 0.5468237996, Validation R-squared: 0.4658460021
2023-11-23 18:53:57,744 - INFO - Epoch 72 : Training Loss: 10.3838710785, Validation Loss: 11.7925634384, Training R-squared: 0.5502817631, Validation R-squared: 0.4660769999
2023-11-23 18:54:00,391 - INFO - Epoch 73 : Training Loss: 10.3482389450, Validation Loss: 11.7561826706, Training R-squared: 0.5538197756, Validation R-squared: 0.4697903097
2023-11-23 18:54:02,720 - INFO - Epoch 74 : Training Loss: 10.3174915314, Validation Loss: 11.7488603592, Training R-squared: 0.5541050434, Validation R-squared: 0.4701069891
2023-11-23 18:54:05,431 - INFO - Epoch 75 : Training Loss: 10.3087482452, Validation Loss: 11.7606477737, Training R-squared: 0.5556751490, Validation R-squared: 0.4688282609
2023-11-23 18:54:07,790 - INFO - Epoch 76 : Training Loss: 10.2914962769, Validation Loss: 11.7642421722, Training R-squared: 0.5591630340, Validation R-squared: 0.4685095251
2023-11-23 18:54:10,414 - INFO - Epoch 77 : Training Loss: 10.2569322586, Validation Loss: 11.7126998901, Training R-squared: 0.5593811274, Validation R-squared: 0.4732646942
2023-11-23 18:54:12,795 - INFO - Epoch 78 : Training Loss: 10.2443189621, Validation Loss: 11.7145233154, Training R-squared: 0.5630452633, Validation R-squared: 0.4727356732
2023-11-23 18:54:15,430 - INFO - Epoch 79 : Training Loss: 10.2202472687, Validation Loss: 11.7131328583, Training R-squared: 0.5662927628, Validation R-squared: 0.4727049470
2023-11-23 18:54:18,078 - INFO - Epoch 80 : Training Loss: 10.1991596222, Validation Loss: 11.6691541672, Training R-squared: 0.5635569096, Validation R-squared: 0.4769494832
2023-11-23 18:54:20,678 - INFO - Epoch 81 : Training Loss: 10.1907949448, Validation Loss: 11.6796598434, Training R-squared: 0.5662077069, Validation R-squared: 0.4759108126
2023-11-23 18:54:23,097 - INFO - Epoch 82 : Training Loss: 10.1590890884, Validation Loss: 11.6791572571, Training R-squared: 0.5683951974, Validation R-squared: 0.4758769274
2023-11-23 18:54:25,668 - INFO - Epoch 83 : Training Loss: 10.1435575485, Validation Loss: 11.6636877060, Training R-squared: 0.5717074275, Validation R-squared: 0.4771210551
2023-11-23 18:54:28,081 - INFO - Epoch 84 : Training Loss: 10.1169071198, Validation Loss: 11.6484031677, Training R-squared: 0.5744373798, Validation R-squared: 0.4786427021
2023-11-23 18:54:30,676 - INFO - Epoch 85 : Training Loss: 10.0965929031, Validation Loss: 11.6573867798, Training R-squared: 0.5743391514, Validation R-squared: 0.4776965380
2023-11-23 18:54:33,064 - INFO - Epoch 86 : Training Loss: 10.0868778229, Validation Loss: 11.6373796463, Training R-squared: 0.5726010799, Validation R-squared: 0.4795416296
2023-11-23 18:54:35,658 - INFO - Epoch 87 : Training Loss: 10.0763463974, Validation Loss: 11.6295242310, Training R-squared: 0.5736023188, Validation R-squared: 0.4803104699
2023-11-23 18:54:38,085 - INFO - Epoch 88 : Training Loss: 10.0338420868, Validation Loss: 11.6177587509, Training R-squared: 0.5775411725, Validation R-squared: 0.4815616310
2023-11-23 18:54:40,671 - INFO - Epoch 89 : Training Loss: 10.0266637802, Validation Loss: 11.6449146271, Training R-squared: 0.5812008381, Validation R-squared: 0.4783982635
2023-11-23 18:54:43,137 - INFO - Epoch 90 : Training Loss: 10.0179224014, Validation Loss: 11.6352987289, Training R-squared: 0.5792763233, Validation R-squared: 0.4794301093
2023-11-23 18:54:45,752 - INFO - Epoch 91 : Training Loss: 9.9838924408, Validation Loss: 11.6133222580, Training R-squared: 0.5850526094, Validation R-squared: 0.4817175269
2023-11-23 18:54:48,190 - INFO - Epoch 92 : Training Loss: 9.9600324631, Validation Loss: 11.6265029907, Training R-squared: 0.5831257701, Validation R-squared: 0.4801590443
2023-11-23 18:54:50,816 - INFO - Epoch 93 : Training Loss: 9.9407062531, Validation Loss: 11.5992612839, Training R-squared: 0.5860296488, Validation R-squared: 0.4826735258
2023-11-23 18:54:53,457 - INFO - Epoch 94 : Training Loss: 9.9195775986, Validation Loss: 11.5969076157, Training R-squared: 0.5878297091, Validation R-squared: 0.4829420745
2023-11-23 18:54:55,964 - INFO - Epoch 95 : Training Loss: 9.9123306274, Validation Loss: 11.5879955292, Training R-squared: 0.5888190269, Validation R-squared: 0.4838950932
2023-11-23 18:54:58,485 - INFO - Epoch 96 : Training Loss: 9.8832845688, Validation Loss: 11.6217565536, Training R-squared: 0.5897516012, Validation R-squared: 0.4807519615
2023-11-23 18:55:01,029 - INFO - Epoch 97 : Training Loss: 9.8618783951, Validation Loss: 11.6406736374, Training R-squared: 0.5960100889, Validation R-squared: 0.4787887037
2023-11-23 18:55:03,564 - INFO - Epoch 98 : Training Loss: 9.8379526138, Validation Loss: 11.6042261124, Training R-squared: 0.5947181582, Validation R-squared: 0.4817332029
2023-11-23 18:55:06,090 - INFO - Epoch 99 : Training Loss: 9.8403110504, Validation Loss: 11.5659503937, Training R-squared: 0.5939217806, Validation R-squared: 0.4855355918
2023-11-23 18:55:08,635 - INFO - Epoch 100: Training Loss: 9.8053426743, Validation Loss: 11.6174316406, Training R-squared: 0.5966958404, Validation R-squared: 0.4805351496
2023-11-23 18:55:11,142 - INFO - Epoch 101: Training Loss: 9.8024959564, Validation Loss: 11.5746240616, Training R-squared: 0.5991275311, Validation R-squared: 0.4847122729
2023-11-23 18:55:13,711 - INFO - Epoch 102: Training Loss: 9.7915172577, Validation Loss: 11.5733242035, Training R-squared: 0.5992127061, Validation R-squared: 0.4846017659
2023-11-23 18:55:16,197 - INFO - Epoch 103: Training Loss: 9.7665100098, Validation Loss: 11.5601511002, Training R-squared: 0.6030611992, Validation R-squared: 0.4857809246
2023-11-23 18:55:18,867 - INFO - Epoch 104: Training Loss: 9.7434034348, Validation Loss: 11.5739860535, Training R-squared: 0.6030249596, Validation R-squared: 0.4845571220
2023-11-23 18:55:21,300 - INFO - Epoch 105: Training Loss: 9.7442808151, Validation Loss: 11.5433597565, Training R-squared: 0.6022860408, Validation R-squared: 0.4871639311
2023-11-23 18:55:23,888 - INFO - Epoch 106: Training Loss: 9.7177724838, Validation Loss: 11.5556735992, Training R-squared: 0.6071707010, Validation R-squared: 0.4861793816
2023-11-23 18:55:26,311 - INFO - Epoch 107: Training Loss: 9.6858034134, Validation Loss: 11.5639810562, Training R-squared: 0.6084036827, Validation R-squared: 0.4851506352
2023-11-23 18:55:28,843 - INFO - Epoch 108: Training Loss: 9.6851205826, Validation Loss: 11.5899667740, Training R-squared: 0.6054378152, Validation R-squared: 0.4827964604
2023-11-23 18:55:31,294 - INFO - Epoch 109: Training Loss: 9.6469755173, Validation Loss: 11.5643663406, Training R-squared: 0.6085290909, Validation R-squared: 0.4851147234
2023-11-23 18:55:33,816 - INFO - Epoch 110: Training Loss: 9.6334972382, Validation Loss: 11.5749607086, Training R-squared: 0.6083056927, Validation R-squared: 0.4841858745
2023-11-23 18:55:40,246 - INFO - Model saved to models/portion_model/lunch/512_512_200_64/sparsity_85_fold_5_model.keras
2023-11-23 18:55:45,717 - INFO - Avg Metrics: RMSE: 9.1088489228, R-squared: -2.7514549575, PCC: 0.6611495532
2023-11-23 18:55:45,717 - INFO - Agg Metrics: RMSE: 11.7237163423, R-squared: 0.4810935383, PCC: 0.6945627140
2023-11-23 18:55:51,392 - INFO - ================================================================== Results Summary ===================================================================
2023-11-23 18:55:51,393 - INFO - CrossVal Metrics (Avg.) - RMSE: 9.0928149325  0.1886769383, R2: -1.2665931549  0.1886769383, PCC: 0.6380443178  0.1886769383
2023-11-23 18:55:51,393 - INFO - Testing  Metrics (Avg.) - RMSE: 9.3945048419, R2: -2.0661557998, PCC: 0.6259668555
2023-11-23 18:55:51,393 - INFO - CrossVal Metrics (Agg.) - RMSE: 11.5320498129  0.1886769383, R2: 0.4649488014  0.1886769383, PCC: 0.6834167243  0.1886769383
2023-11-23 18:55:51,393 - INFO - Testing  Metrics (Agg.) - RMSE: 11.8788538929, R2: 0.4433283040, PCC: 0.6677767785
