2023-11-23 11:26:56,001 - INFO - Training model at 35% sparse columns removed...
2023-11-23 11:27:04,327 - INFO - ================================================================== Fold 1 ===================================================================
2023-11-23 11:27:27,774 - INFO - Epoch 1  : Training Loss: 7.7411623001, Validation Loss: 7.5697641373, Training R-squared: 0.0394010693, Validation R-squared: 0.0489400104
2023-11-23 11:27:44,579 - INFO - Epoch 2  : Training Loss: 7.5152540207, Validation Loss: 7.2961983681, Training R-squared: 0.0963701531, Validation R-squared: 0.1167028546
2023-11-23 11:28:01,008 - INFO - Epoch 3  : Training Loss: 7.2332839966, Validation Loss: 6.9386858940, Training R-squared: 0.1619584858, Validation R-squared: 0.2014211565
2023-11-23 11:28:17,275 - INFO - Epoch 4  : Training Loss: 6.9016804695, Validation Loss: 6.8020558357, Training R-squared: 0.2369656414, Validation R-squared: 0.2320645601
2023-11-23 11:28:33,295 - INFO - Epoch 5  : Training Loss: 6.7977309227, Validation Loss: 6.7623744011, Training R-squared: 0.2595989108, Validation R-squared: 0.2412256896
2023-11-23 11:28:49,672 - INFO - Epoch 6  : Training Loss: 6.7511897087, Validation Loss: 6.7487244606, Training R-squared: 0.2688437402, Validation R-squared: 0.2442041785
2023-11-23 11:29:06,038 - INFO - Epoch 7  : Training Loss: 6.7096858025, Validation Loss: 6.7255067825, Training R-squared: 0.2770896256, Validation R-squared: 0.2494900674
2023-11-23 11:29:22,428 - INFO - Epoch 8  : Training Loss: 6.6697454453, Validation Loss: 6.7125015259, Training R-squared: 0.2861696780, Validation R-squared: 0.2522614598
2023-11-23 11:29:38,443 - INFO - Epoch 9  : Training Loss: 6.6302704811, Validation Loss: 6.6987776756, Training R-squared: 0.2957884073, Validation R-squared: 0.2552385330
2023-11-23 11:29:54,494 - INFO - Epoch 10 : Training Loss: 6.5921010971, Validation Loss: 6.6745948792, Training R-squared: 0.3029373586, Validation R-squared: 0.2607211471
2023-11-23 11:30:10,805 - INFO - Epoch 11 : Training Loss: 6.5529079437, Validation Loss: 6.6564021111, Training R-squared: 0.3124363720, Validation R-squared: 0.2648799121
2023-11-23 11:30:27,618 - INFO - Epoch 12 : Training Loss: 6.5178885460, Validation Loss: 6.6434998512, Training R-squared: 0.3195686042, Validation R-squared: 0.2673764527
2023-11-23 11:30:43,565 - INFO - Epoch 13 : Training Loss: 6.4768161774, Validation Loss: 6.6303634644, Training R-squared: 0.3265710175, Validation R-squared: 0.2701917887
2023-11-23 11:30:59,854 - INFO - Epoch 14 : Training Loss: 6.4356269836, Validation Loss: 6.5951366425, Training R-squared: 0.3346539438, Validation R-squared: 0.2781339586
2023-11-23 11:31:16,211 - INFO - Epoch 15 : Training Loss: 6.4044542313, Validation Loss: 6.5652780533, Training R-squared: 0.3418314755, Validation R-squared: 0.2849234045
2023-11-23 11:31:32,692 - INFO - Epoch 16 : Training Loss: 6.3625059128, Validation Loss: 6.5381307602, Training R-squared: 0.3505699337, Validation R-squared: 0.2906991839
2023-11-23 11:31:48,803 - INFO - Epoch 17 : Training Loss: 6.3195319176, Validation Loss: 6.5076627731, Training R-squared: 0.3587064743, Validation R-squared: 0.2973407209
2023-11-23 11:32:05,256 - INFO - Epoch 18 : Training Loss: 6.2699360847, Validation Loss: 6.4993529320, Training R-squared: 0.3685498536, Validation R-squared: 0.2987234294
2023-11-23 11:32:22,179 - INFO - Epoch 19 : Training Loss: 6.2347898483, Validation Loss: 6.4725241661, Training R-squared: 0.3748337924, Validation R-squared: 0.3045992553
2023-11-23 11:32:38,130 - INFO - Epoch 20 : Training Loss: 6.2089400291, Validation Loss: 6.4514870644, Training R-squared: 0.3827873468, Validation R-squared: 0.3090357184
2023-11-23 11:32:54,377 - INFO - Epoch 21 : Training Loss: 6.1617894173, Validation Loss: 6.4316887856, Training R-squared: 0.3899427652, Validation R-squared: 0.3133732080
2023-11-23 11:33:10,623 - INFO - Epoch 22 : Training Loss: 6.1224741936, Validation Loss: 6.4103889465, Training R-squared: 0.3968968093, Validation R-squared: 0.3178464174
2023-11-23 11:33:27,346 - INFO - Epoch 23 : Training Loss: 6.0860309601, Validation Loss: 6.3858842850, Training R-squared: 0.4047682583, Validation R-squared: 0.3231414258
2023-11-23 11:33:43,503 - INFO - Epoch 24 : Training Loss: 6.0585927963, Validation Loss: 6.3850140572, Training R-squared: 0.4100625217, Validation R-squared: 0.3229717016
2023-11-23 11:34:01,203 - INFO - Epoch 25 : Training Loss: 6.0289254189, Validation Loss: 6.3753199577, Training R-squared: 0.4151682556, Validation R-squared: 0.3249058723
2023-11-23 11:34:17,641 - INFO - Epoch 26 : Training Loss: 6.0054540634, Validation Loss: 6.3848204613, Training R-squared: 0.4198023975, Validation R-squared: 0.3224504292
2023-11-23 11:34:33,747 - INFO - Epoch 27 : Training Loss: 5.9772315025, Validation Loss: 6.3678531647, Training R-squared: 0.4252583385, Validation R-squared: 0.3261694610
2023-11-23 11:34:50,041 - INFO - Epoch 28 : Training Loss: 5.9564585686, Validation Loss: 6.3972949982, Training R-squared: 0.4301018119, Validation R-squared: 0.3194111586
2023-11-23 11:35:06,554 - INFO - Epoch 29 : Training Loss: 5.9285340309, Validation Loss: 6.3457312584, Training R-squared: 0.4342174232, Validation R-squared: 0.3307496607
2023-11-23 11:35:23,457 - INFO - Epoch 30 : Training Loss: 5.9082412720, Validation Loss: 6.3414878845, Training R-squared: 0.4384782612, Validation R-squared: 0.3315283060
2023-11-23 11:35:39,761 - INFO - Epoch 31 : Training Loss: 5.8886165619, Validation Loss: 6.3161897659, Training R-squared: 0.4414253235, Validation R-squared: 0.3369546533
2023-11-23 11:35:56,012 - INFO - Epoch 32 : Training Loss: 5.8643212318, Validation Loss: 6.3097925186, Training R-squared: 0.4443303347, Validation R-squared: 0.3384523988
2023-11-23 11:36:12,864 - INFO - Epoch 33 : Training Loss: 5.8456869125, Validation Loss: 6.3116393089, Training R-squared: 0.4499421120, Validation R-squared: 0.3377153277
2023-11-23 11:36:29,561 - INFO - Epoch 34 : Training Loss: 5.8298768997, Validation Loss: 6.3308510780, Training R-squared: 0.4526473582, Validation R-squared: 0.3331360221
2023-11-23 11:36:46,052 - INFO - Epoch 35 : Training Loss: 5.8091382980, Validation Loss: 6.3045382500, Training R-squared: 0.4548482001, Validation R-squared: 0.3390963674
2023-11-23 11:37:02,352 - INFO - Epoch 36 : Training Loss: 5.7959823608, Validation Loss: 6.3182530403, Training R-squared: 0.4583633244, Validation R-squared: 0.3357367218
2023-11-23 11:37:18,670 - INFO - Epoch 37 : Training Loss: 5.7798814774, Validation Loss: 6.3020601273, Training R-squared: 0.4618048668, Validation R-squared: 0.3393998146
2023-11-23 11:37:34,924 - INFO - Epoch 38 : Training Loss: 5.7568097115, Validation Loss: 6.2836174965, Training R-squared: 0.4655713141, Validation R-squared: 0.3431925774
2023-11-23 11:37:51,436 - INFO - Epoch 39 : Training Loss: 5.7471923828, Validation Loss: 6.2782630920, Training R-squared: 0.4663853049, Validation R-squared: 0.3445074856
2023-11-23 11:38:07,537 - INFO - Epoch 40 : Training Loss: 5.7367773056, Validation Loss: 6.2826137543, Training R-squared: 0.4683288038, Validation R-squared: 0.3431893587
2023-11-23 11:38:23,841 - INFO - Epoch 41 : Training Loss: 5.7244100571, Validation Loss: 6.3209710121, Training R-squared: 0.4715415835, Validation R-squared: 0.3345809877
2023-11-23 11:38:40,051 - INFO - Epoch 42 : Training Loss: 5.7103075981, Validation Loss: 6.2950215340, Training R-squared: 0.4726697206, Validation R-squared: 0.3405145109
2023-11-23 11:38:56,420 - INFO - Epoch 43 : Training Loss: 5.6944770813, Validation Loss: 6.2681698799, Training R-squared: 0.4760137796, Validation R-squared: 0.3464554846
2023-11-23 11:39:12,812 - INFO - Epoch 44 : Training Loss: 5.6914086342, Validation Loss: 6.2928533554, Training R-squared: 0.4767177105, Validation R-squared: 0.3408354521
2023-11-23 11:39:29,242 - INFO - Epoch 45 : Training Loss: 5.6808567047, Validation Loss: 6.2899580002, Training R-squared: 0.4777930677, Validation R-squared: 0.3414463699
2023-11-23 11:39:45,359 - INFO - Epoch 46 : Training Loss: 5.6664972305, Validation Loss: 6.3591475487, Training R-squared: 0.4808990657, Validation R-squared: 0.3260003626
2023-11-23 11:40:01,689 - INFO - Epoch 47 : Training Loss: 5.6538348198, Validation Loss: 6.2814016342, Training R-squared: 0.4826884270, Validation R-squared: 0.3436585665
2023-11-23 11:40:18,217 - INFO - Epoch 48 : Training Loss: 5.6360473633, Validation Loss: 6.3249239922, Training R-squared: 0.4852039814, Validation R-squared: 0.3337726891
2023-11-23 11:40:36,399 - INFO - Model saved to models/portion_model/lunch/512_512_200_64/sparsity_35_fold_1_model.keras
2023-11-23 11:40:41,685 - INFO - Avg Metrics: RMSE: 5.1499802441, R-squared: -0.4199023987, PCC: 0.4976295762
2023-11-23 11:40:41,685 - INFO - Agg Metrics: RMSE: 6.3385308706, R-squared: 0.3438140284, PCC: 0.5913566936
2023-11-23 11:40:48,293 - INFO - ================================================================== Fold 2 ===================================================================
2023-11-23 11:41:10,718 - INFO - Epoch 1  : Training Loss: 7.7063159943, Validation Loss: 7.7104415894, Training R-squared: 0.0386168025, Validation R-squared: 0.0543854088
2023-11-23 11:41:27,692 - INFO - Epoch 2  : Training Loss: 7.4827141762, Validation Loss: 7.4341697693, Training R-squared: 0.0942641199, Validation R-squared: 0.1213213727
2023-11-23 11:41:43,660 - INFO - Epoch 3  : Training Loss: 7.1823348999, Validation Loss: 7.0089659691, Training R-squared: 0.1654809415, Validation R-squared: 0.2191314101
2023-11-23 11:41:59,829 - INFO - Epoch 4  : Training Loss: 6.8625745773, Validation Loss: 6.8732633591, Training R-squared: 0.2369814068, Validation R-squared: 0.2488615513
2023-11-23 11:42:17,464 - INFO - Epoch 5  : Training Loss: 6.7814149857, Validation Loss: 6.8425083160, Training R-squared: 0.2560933232, Validation R-squared: 0.2551169097
2023-11-23 11:42:33,714 - INFO - Epoch 6  : Training Loss: 6.7439985275, Validation Loss: 6.8594036102, Training R-squared: 0.2628789842, Validation R-squared: 0.2506704926
2023-11-23 11:42:50,115 - INFO - Epoch 7  : Training Loss: 6.7139067650, Validation Loss: 6.8298163414, Training R-squared: 0.2696767747, Validation R-squared: 0.2576667368
2023-11-23 11:43:06,366 - INFO - Epoch 8  : Training Loss: 6.6886281967, Validation Loss: 6.8230223656, Training R-squared: 0.2759675682, Validation R-squared: 0.2594740689
2023-11-23 11:43:23,591 - INFO - Epoch 9  : Training Loss: 6.6552891731, Validation Loss: 6.8122396469, Training R-squared: 0.2823285460, Validation R-squared: 0.2615544796
2023-11-23 11:43:39,923 - INFO - Epoch 10 : Training Loss: 6.6251702309, Validation Loss: 6.7996635437, Training R-squared: 0.2890810072, Validation R-squared: 0.2639282048
2023-11-23 11:43:57,799 - INFO - Epoch 11 : Training Loss: 6.5856041908, Validation Loss: 6.7803378105, Training R-squared: 0.2979170978, Validation R-squared: 0.2683430314
2023-11-23 11:44:14,114 - INFO - Epoch 12 : Training Loss: 6.5477137566, Validation Loss: 6.7760877609, Training R-squared: 0.3051432371, Validation R-squared: 0.2691855133
2023-11-23 11:44:30,914 - INFO - Epoch 13 : Training Loss: 6.5083584785, Validation Loss: 6.7465019226, Training R-squared: 0.3137220442, Validation R-squared: 0.2756122947
2023-11-23 11:44:47,226 - INFO - Epoch 14 : Training Loss: 6.4829239845, Validation Loss: 6.7350044250, Training R-squared: 0.3191430569, Validation R-squared: 0.2782686651
2023-11-23 11:45:03,607 - INFO - Epoch 15 : Training Loss: 6.4434695244, Validation Loss: 6.7259039879, Training R-squared: 0.3264019787, Validation R-squared: 0.2801613808
2023-11-23 11:45:19,975 - INFO - Epoch 16 : Training Loss: 6.4232940674, Validation Loss: 6.7278637886, Training R-squared: 0.3302512765, Validation R-squared: 0.2791577280
2023-11-23 11:45:36,089 - INFO - Epoch 17 : Training Loss: 6.3931012154, Validation Loss: 6.6949243546, Training R-squared: 0.3367271721, Validation R-squared: 0.2867396772
2023-11-23 11:45:52,591 - INFO - Epoch 18 : Training Loss: 6.3660411835, Validation Loss: 6.6736884117, Training R-squared: 0.3423330188, Validation R-squared: 0.2915799022
2023-11-23 11:46:09,499 - INFO - Epoch 19 : Training Loss: 6.3267664909, Validation Loss: 6.6497411728, Training R-squared: 0.3511681855, Validation R-squared: 0.2962499559
2023-11-23 11:46:28,130 - INFO - Epoch 20 : Training Loss: 6.2857899666, Validation Loss: 6.6238970757, Training R-squared: 0.3591172397, Validation R-squared: 0.3015768528
2023-11-23 11:46:46,088 - INFO - Epoch 21 : Training Loss: 6.2440862656, Validation Loss: 6.6074948311, Training R-squared: 0.3685777783, Validation R-squared: 0.3049741089
2023-11-23 11:47:03,740 - INFO - Epoch 22 : Training Loss: 6.2014579773, Validation Loss: 6.5757479668, Training R-squared: 0.3753975332, Validation R-squared: 0.3118686080
2023-11-23 11:47:20,858 - INFO - Epoch 23 : Training Loss: 6.1747508049, Validation Loss: 6.5705904961, Training R-squared: 0.3811596930, Validation R-squared: 0.3125982583
2023-11-23 11:47:37,985 - INFO - Epoch 24 : Training Loss: 6.1444921494, Validation Loss: 6.5675215721, Training R-squared: 0.3861223757, Validation R-squared: 0.3128109276
2023-11-23 11:47:55,144 - INFO - Epoch 25 : Training Loss: 6.1239428520, Validation Loss: 6.5488643646, Training R-squared: 0.3908175826, Validation R-squared: 0.3170343935
2023-11-23 11:48:12,236 - INFO - Epoch 26 : Training Loss: 6.0953168869, Validation Loss: 6.5380191803, Training R-squared: 0.3964088559, Validation R-squared: 0.3191531897
2023-11-23 11:48:29,399 - INFO - Epoch 27 : Training Loss: 6.0740952492, Validation Loss: 6.5397138596, Training R-squared: 0.4008038938, Validation R-squared: 0.3186016679
2023-11-23 11:48:46,503 - INFO - Epoch 28 : Training Loss: 6.0514454842, Validation Loss: 6.5123977661, Training R-squared: 0.4051338732, Validation R-squared: 0.3245856166
2023-11-23 11:49:03,858 - INFO - Epoch 29 : Training Loss: 6.0317358971, Validation Loss: 6.5023884773, Training R-squared: 0.4085650146, Validation R-squared: 0.3262991011
2023-11-23 11:49:20,861 - INFO - Epoch 30 : Training Loss: 6.0009694099, Validation Loss: 6.4726147652, Training R-squared: 0.4143034220, Validation R-squared: 0.3326416314
2023-11-23 11:49:37,857 - INFO - Epoch 31 : Training Loss: 5.9804692268, Validation Loss: 6.4617323875, Training R-squared: 0.4188655019, Validation R-squared: 0.3350755274
2023-11-23 11:49:54,221 - INFO - Epoch 32 : Training Loss: 5.9607772827, Validation Loss: 6.4584131241, Training R-squared: 0.4231165946, Validation R-squared: 0.3355753124
2023-11-23 11:50:10,501 - INFO - Epoch 33 : Training Loss: 5.9319634438, Validation Loss: 6.4547052383, Training R-squared: 0.4273104370, Validation R-squared: 0.3360554278
2023-11-23 11:50:27,500 - INFO - Epoch 34 : Training Loss: 5.9088001251, Validation Loss: 6.4486484528, Training R-squared: 0.4316777289, Validation R-squared: 0.3373707235
2023-11-23 11:50:43,782 - INFO - Epoch 35 : Training Loss: 5.8891687393, Validation Loss: 6.4481749535, Training R-squared: 0.4359663427, Validation R-squared: 0.3368602097
2023-11-23 11:51:00,050 - INFO - Epoch 36 : Training Loss: 5.8734898567, Validation Loss: 6.3836736679, Training R-squared: 0.4378888905, Validation R-squared: 0.3509408832
2023-11-23 11:51:16,506 - INFO - Epoch 37 : Training Loss: 5.8513765335, Validation Loss: 6.4030275345, Training R-squared: 0.4424162507, Validation R-squared: 0.3462584317
2023-11-23 11:51:33,311 - INFO - Epoch 38 : Training Loss: 5.8307838440, Validation Loss: 6.3884177208, Training R-squared: 0.4468497932, Validation R-squared: 0.3495306075
2023-11-23 11:51:50,410 - INFO - Epoch 39 : Training Loss: 5.8165731430, Validation Loss: 6.3748431206, Training R-squared: 0.4490249753, Validation R-squared: 0.3520065248
2023-11-23 11:52:08,462 - INFO - Epoch 40 : Training Loss: 5.7936024666, Validation Loss: 6.3992524147, Training R-squared: 0.4537747502, Validation R-squared: 0.3466913402
2023-11-23 11:52:26,360 - INFO - Epoch 41 : Training Loss: 5.7755155563, Validation Loss: 6.3753371239, Training R-squared: 0.4572925270, Validation R-squared: 0.3518548310
2023-11-23 11:52:43,716 - INFO - Epoch 42 : Training Loss: 5.7607250214, Validation Loss: 6.3683409691, Training R-squared: 0.4599022269, Validation R-squared: 0.3533934951
2023-11-23 11:53:00,534 - INFO - Epoch 43 : Training Loss: 5.7347459793, Validation Loss: 6.3642554283, Training R-squared: 0.4646082819, Validation R-squared: 0.3540549278
2023-11-23 11:53:18,630 - INFO - Epoch 44 : Training Loss: 5.7152895927, Validation Loss: 6.3497714996, Training R-squared: 0.4674344063, Validation R-squared: 0.3564557433
2023-11-23 11:53:35,875 - INFO - Epoch 45 : Training Loss: 5.7101492882, Validation Loss: 6.3554873466, Training R-squared: 0.4681354761, Validation R-squared: 0.3554051518
2023-11-23 11:53:55,743 - INFO - Epoch 46 : Training Loss: 5.6919183731, Validation Loss: 6.3413753510, Training R-squared: 0.4718255401, Validation R-squared: 0.3582649827
2023-11-23 11:54:13,666 - INFO - Epoch 47 : Training Loss: 5.6831512451, Validation Loss: 6.3403372765, Training R-squared: 0.4746561050, Validation R-squared: 0.3584513664
2023-11-23 11:54:31,238 - INFO - Epoch 48 : Training Loss: 5.6670284271, Validation Loss: 6.3253026009, Training R-squared: 0.4773152173, Validation R-squared: 0.3617598116
2023-11-23 11:54:49,288 - INFO - Epoch 49 : Training Loss: 5.6587796211, Validation Loss: 6.3308072090, Training R-squared: 0.4778145254, Validation R-squared: 0.3602219224
2023-11-23 11:55:07,132 - INFO - Epoch 50 : Training Loss: 5.6432704926, Validation Loss: 6.3407049179, Training R-squared: 0.4808852077, Validation R-squared: 0.3581981361
2023-11-23 11:55:25,006 - INFO - Epoch 51 : Training Loss: 5.6244564056, Validation Loss: 6.3331513405, Training R-squared: 0.4837532341, Validation R-squared: 0.3598749936
2023-11-23 11:55:42,147 - INFO - Epoch 52 : Training Loss: 5.6199808121, Validation Loss: 6.3394098282, Training R-squared: 0.4846273959, Validation R-squared: 0.3583290279
2023-11-23 11:56:00,146 - INFO - Epoch 53 : Training Loss: 5.6001892090, Validation Loss: 6.3218040466, Training R-squared: 0.4878439307, Validation R-squared: 0.3620382249
2023-11-23 11:56:19,833 - INFO - Epoch 54 : Training Loss: 5.5956478119, Validation Loss: 6.3209009171, Training R-squared: 0.4897743165, Validation R-squared: 0.3622586131
2023-11-23 11:56:37,873 - INFO - Epoch 55 : Training Loss: 5.5881338120, Validation Loss: 6.3739037514, Training R-squared: 0.4901264608, Validation R-squared: 0.3506776690
2023-11-23 11:56:55,526 - INFO - Epoch 56 : Training Loss: 5.5728826523, Validation Loss: 6.3095545769, Training R-squared: 0.4932448864, Validation R-squared: 0.3645637631
2023-11-23 11:57:13,221 - INFO - Epoch 57 : Training Loss: 5.5665311813, Validation Loss: 6.3232116699, Training R-squared: 0.4930949807, Validation R-squared: 0.3617660403
2023-11-23 11:57:30,626 - INFO - Epoch 58 : Training Loss: 5.5514869690, Validation Loss: 6.3287844658, Training R-squared: 0.4972926378, Validation R-squared: 0.3604264259
2023-11-23 11:57:48,002 - INFO - Epoch 59 : Training Loss: 5.5495738983, Validation Loss: 6.3401260376, Training R-squared: 0.4967556298, Validation R-squared: 0.3580739796
2023-11-23 11:58:04,061 - INFO - Epoch 60 : Training Loss: 5.5358767509, Validation Loss: 6.3324317932, Training R-squared: 0.4979984462, Validation R-squared: 0.3597456217
2023-11-23 11:58:19,481 - INFO - Epoch 61 : Training Loss: 5.5304994583, Validation Loss: 6.3810291290, Training R-squared: 0.5002277493, Validation R-squared: 0.3491904736
2023-11-23 11:58:38,167 - INFO - Model saved to models/portion_model/lunch/512_512_200_64/sparsity_35_fold_2_model.keras
2023-11-23 11:58:44,996 - INFO - Avg Metrics: RMSE: 5.1274957327, R-squared: -0.0589212198, PCC: 0.5314148905
2023-11-23 11:58:44,996 - INFO - Agg Metrics: RMSE: 6.3937902925, R-squared: 0.3608399728, PCC: 0.6066393186
2023-11-23 11:58:52,262 - INFO - ================================================================== Fold 3 ===================================================================
2023-11-23 11:59:15,355 - INFO - Epoch 1  : Training Loss: 7.7024054527, Validation Loss: 7.7320580482, Training R-squared: 0.0382175483, Validation R-squared: 0.0545297861
2023-11-23 11:59:32,106 - INFO - Epoch 2  : Training Loss: 7.4794263840, Validation Loss: 7.4385471344, Training R-squared: 0.0937811360, Validation R-squared: 0.1260116696
2023-11-23 11:59:48,365 - INFO - Epoch 3  : Training Loss: 7.2066674232, Validation Loss: 7.0518050194, Training R-squared: 0.1577324718, Validation R-squared: 0.2151445299
2023-11-23 12:00:04,857 - INFO - Epoch 4  : Training Loss: 6.9208946228, Validation Loss: 6.9469671249, Training R-squared: 0.2221835107, Validation R-squared: 0.2385717928
2023-11-23 12:00:21,085 - INFO - Epoch 5  : Training Loss: 6.8033604622, Validation Loss: 6.8680706024, Training R-squared: 0.2504721582, Validation R-squared: 0.2560191453
2023-11-23 12:00:37,219 - INFO - Epoch 6  : Training Loss: 6.7354335785, Validation Loss: 6.8527650833, Training R-squared: 0.2649504840, Validation R-squared: 0.2592537999
2023-11-23 12:00:52,582 - INFO - Epoch 7  : Training Loss: 6.7010354996, Validation Loss: 6.8371686935, Training R-squared: 0.2716968060, Validation R-squared: 0.2626220882
2023-11-23 12:01:07,273 - INFO - Epoch 8  : Training Loss: 6.6568794250, Validation Loss: 6.8254237175, Training R-squared: 0.2806017399, Validation R-squared: 0.2652299702
2023-11-23 12:01:22,154 - INFO - Epoch 9  : Training Loss: 6.6250510216, Validation Loss: 6.8137946129, Training R-squared: 0.2870417535, Validation R-squared: 0.2677087486
2023-11-23 12:01:36,861 - INFO - Epoch 10 : Training Loss: 6.5946664810, Validation Loss: 6.7987112999, Training R-squared: 0.2954344153, Validation R-squared: 0.2704428136
2023-11-23 12:01:51,475 - INFO - Epoch 11 : Training Loss: 6.5572175980, Validation Loss: 6.7789802551, Training R-squared: 0.3018587828, Validation R-squared: 0.2749058008
2023-11-23 12:02:06,230 - INFO - Epoch 12 : Training Loss: 6.5199875832, Validation Loss: 6.7730479240, Training R-squared: 0.3104209900, Validation R-squared: 0.2760832906
2023-11-23 12:02:21,145 - INFO - Epoch 13 : Training Loss: 6.4963626862, Validation Loss: 6.7769737244, Training R-squared: 0.3151304126, Validation R-squared: 0.2751896977
2023-11-23 12:02:37,332 - INFO - Epoch 14 : Training Loss: 6.4667239189, Validation Loss: 6.7615966797, Training R-squared: 0.3218850791, Validation R-squared: 0.2785481811
2023-11-23 12:02:55,195 - INFO - Epoch 15 : Training Loss: 6.4372978210, Validation Loss: 6.7421317101, Training R-squared: 0.3263475597, Validation R-squared: 0.2829410136
2023-11-23 12:03:12,105 - INFO - Epoch 16 : Training Loss: 6.4124126434, Validation Loss: 6.7349138260, Training R-squared: 0.3320925534, Validation R-squared: 0.2843908668
2023-11-23 12:03:27,862 - INFO - Epoch 17 : Training Loss: 6.3725781441, Validation Loss: 6.7297334671, Training R-squared: 0.3399596214, Validation R-squared: 0.2851840556
2023-11-23 12:03:43,197 - INFO - Epoch 18 : Training Loss: 6.3456459045, Validation Loss: 6.7128405571, Training R-squared: 0.3451001346, Validation R-squared: 0.2889133096
2023-11-23 12:03:59,423 - INFO - Epoch 19 : Training Loss: 6.3342537880, Validation Loss: 6.7091660500, Training R-squared: 0.3480060101, Validation R-squared: 0.2897421718
2023-11-23 12:04:14,093 - INFO - Epoch 20 : Training Loss: 6.3057518005, Validation Loss: 6.7053303719, Training R-squared: 0.3536184728, Validation R-squared: 0.2902250290
2023-11-23 12:04:28,951 - INFO - Epoch 21 : Training Loss: 6.2835607529, Validation Loss: 6.6850547791, Training R-squared: 0.3582892120, Validation R-squared: 0.2948046625
2023-11-23 12:04:43,698 - INFO - Epoch 22 : Training Loss: 6.2644276619, Validation Loss: 6.6788716316, Training R-squared: 0.3618119359, Validation R-squared: 0.2960428298
2023-11-23 12:04:58,722 - INFO - Epoch 23 : Training Loss: 6.2403526306, Validation Loss: 6.6679949760, Training R-squared: 0.3676073253, Validation R-squared: 0.2982147038
2023-11-23 12:05:13,272 - INFO - Epoch 24 : Training Loss: 6.2207427025, Validation Loss: 6.6632690430, Training R-squared: 0.3701813817, Validation R-squared: 0.2992830575
2023-11-23 12:05:28,783 - INFO - Epoch 25 : Training Loss: 6.1983380318, Validation Loss: 6.6644964218, Training R-squared: 0.3741972446, Validation R-squared: 0.2988618016
2023-11-23 12:05:43,603 - INFO - Epoch 26 : Training Loss: 6.1764912605, Validation Loss: 6.6475319862, Training R-squared: 0.3794163764, Validation R-squared: 0.3022641540
2023-11-23 12:05:58,193 - INFO - Epoch 27 : Training Loss: 6.1596956253, Validation Loss: 6.6393704414, Training R-squared: 0.3815805316, Validation R-squared: 0.3040566742
2023-11-23 12:06:12,879 - INFO - Epoch 28 : Training Loss: 6.1381316185, Validation Loss: 6.6590175629, Training R-squared: 0.3858111799, Validation R-squared: 0.2993181944
2023-11-23 12:06:27,746 - INFO - Epoch 29 : Training Loss: 6.1229119301, Validation Loss: 6.6267728806, Training R-squared: 0.3896681666, Validation R-squared: 0.3064689338
2023-11-23 12:06:42,493 - INFO - Epoch 30 : Training Loss: 6.0961604118, Validation Loss: 6.6295056343, Training R-squared: 0.3929986656, Validation R-squared: 0.3056326509
2023-11-23 12:06:57,282 - INFO - Epoch 31 : Training Loss: 6.0858306885, Validation Loss: 6.6387128830, Training R-squared: 0.3968156576, Validation R-squared: 0.3034985662
2023-11-23 12:07:12,173 - INFO - Epoch 32 : Training Loss: 6.0590882301, Validation Loss: 6.6066517830, Training R-squared: 0.4015591443, Validation R-squared: 0.3109619617
2023-11-23 12:07:27,007 - INFO - Epoch 33 : Training Loss: 6.0408196449, Validation Loss: 6.6057267189, Training R-squared: 0.4050369561, Validation R-squared: 0.3104487360
2023-11-23 12:07:41,855 - INFO - Epoch 34 : Training Loss: 6.0166788101, Validation Loss: 6.5809445381, Training R-squared: 0.4089284241, Validation R-squared: 0.3159410655
2023-11-23 12:07:56,792 - INFO - Epoch 35 : Training Loss: 5.9952383041, Validation Loss: 6.5818209648, Training R-squared: 0.4146697819, Validation R-squared: 0.3150905073
2023-11-23 12:08:11,744 - INFO - Epoch 36 : Training Loss: 5.9757480621, Validation Loss: 6.5877327919, Training R-squared: 0.4168979228, Validation R-squared: 0.3134485185
2023-11-23 12:08:26,706 - INFO - Epoch 37 : Training Loss: 5.9452190399, Validation Loss: 6.5725035667, Training R-squared: 0.4228441119, Validation R-squared: 0.3172402382
2023-11-23 12:08:41,438 - INFO - Epoch 38 : Training Loss: 5.9323673248, Validation Loss: 6.5648279190, Training R-squared: 0.4266922474, Validation R-squared: 0.3183237910
2023-11-23 12:08:56,327 - INFO - Epoch 39 : Training Loss: 5.9079971313, Validation Loss: 6.5392203331, Training R-squared: 0.4287930131, Validation R-squared: 0.3239396214
2023-11-23 12:09:10,985 - INFO - Epoch 40 : Training Loss: 5.8983154297, Validation Loss: 6.5376720428, Training R-squared: 0.4322916865, Validation R-squared: 0.3240400553
2023-11-23 12:09:25,900 - INFO - Epoch 41 : Training Loss: 5.8738059998, Validation Loss: 6.5255904198, Training R-squared: 0.4368967712, Validation R-squared: 0.3264385462
2023-11-23 12:09:40,564 - INFO - Epoch 42 : Training Loss: 5.8525943756, Validation Loss: 6.5359883308, Training R-squared: 0.4417053461, Validation R-squared: 0.3238543868
2023-11-23 12:09:55,658 - INFO - Epoch 43 : Training Loss: 5.8334469795, Validation Loss: 6.5148730278, Training R-squared: 0.4439912438, Validation R-squared: 0.3284184337
2023-11-23 12:10:10,360 - INFO - Epoch 44 : Training Loss: 5.8262929916, Validation Loss: 6.5142254829, Training R-squared: 0.4472217262, Validation R-squared: 0.3283685148
2023-11-23 12:10:25,362 - INFO - Epoch 45 : Training Loss: 5.8106570244, Validation Loss: 6.5118484497, Training R-squared: 0.4478068054, Validation R-squared: 0.3288315237
2023-11-23 12:10:39,989 - INFO - Epoch 46 : Training Loss: 5.7932863235, Validation Loss: 6.4938445091, Training R-squared: 0.4518223703, Validation R-squared: 0.3326697052
2023-11-23 12:10:54,858 - INFO - Epoch 47 : Training Loss: 5.7796325684, Validation Loss: 6.4661459923, Training R-squared: 0.4549125135, Validation R-squared: 0.3385034204
2023-11-23 12:11:10,359 - INFO - Epoch 48 : Training Loss: 5.7597098351, Validation Loss: 6.4925055504, Training R-squared: 0.4567450285, Validation R-squared: 0.3329128623
2023-11-23 12:11:27,295 - INFO - Epoch 49 : Training Loss: 5.7480115891, Validation Loss: 6.4987750053, Training R-squared: 0.4599814117, Validation R-squared: 0.3315209746
2023-11-23 12:11:44,970 - INFO - Epoch 50 : Training Loss: 5.7437229156, Validation Loss: 6.4904527664, Training R-squared: 0.4601517916, Validation R-squared: 0.3332029879
2023-11-23 12:12:03,753 - INFO - Epoch 51 : Training Loss: 5.7281293869, Validation Loss: 6.4836912155, Training R-squared: 0.4627715945, Validation R-squared: 0.3342802823
2023-11-23 12:12:25,730 - INFO - Epoch 52 : Training Loss: 5.7175803185, Validation Loss: 6.4772415161, Training R-squared: 0.4644437134, Validation R-squared: 0.3357861936
2023-11-23 12:12:47,349 - INFO - Model saved to models/portion_model/lunch/512_512_200_64/sparsity_35_fold_3_model.keras
2023-11-23 12:12:53,151 - INFO - Avg Metrics: RMSE: 5.2768101718, R-squared: -0.3398910801, PCC: 0.4822467100
2023-11-23 12:12:53,152 - INFO - Agg Metrics: RMSE: 6.5626516567, R-squared: 0.3307154029, PCC: 0.5807841356
2023-11-23 12:13:00,994 - INFO - ================================================================== Fold 4 ===================================================================
2023-11-23 12:13:28,671 - INFO - Epoch 1  : Training Loss: 7.7320432663, Validation Loss: 7.6316604614, Training R-squared: 0.0389995016, Validation R-squared: 0.0529239252
2023-11-23 12:13:47,349 - INFO - Epoch 2  : Training Loss: 7.4953346252, Validation Loss: 7.3495707512, Training R-squared: 0.0969273224, Validation R-squared: 0.1216888130
2023-11-23 12:14:03,103 - INFO - Epoch 3  : Training Loss: 7.2018265724, Validation Loss: 6.9653973579, Training R-squared: 0.1649049520, Validation R-squared: 0.2107074112
2023-11-23 12:14:18,191 - INFO - Epoch 4  : Training Loss: 6.8830647469, Validation Loss: 6.8260068893, Training R-squared: 0.2373451740, Validation R-squared: 0.2417509258
2023-11-23 12:14:33,005 - INFO - Epoch 5  : Training Loss: 6.7993936539, Validation Loss: 6.8191461563, Training R-squared: 0.2563007474, Validation R-squared: 0.2433470786
2023-11-23 12:14:47,794 - INFO - Epoch 6  : Training Loss: 6.7593431473, Validation Loss: 6.8166790009, Training R-squared: 0.2636146247, Validation R-squared: 0.2438832372
2023-11-23 12:15:02,864 - INFO - Epoch 7  : Training Loss: 6.7308344841, Validation Loss: 6.8054251671, Training R-squared: 0.2698568106, Validation R-squared: 0.2462888062
2023-11-23 12:15:19,276 - INFO - Epoch 8  : Training Loss: 6.7091469765, Validation Loss: 6.7980089188, Training R-squared: 0.2764013410, Validation R-squared: 0.2476984411
2023-11-23 12:15:36,243 - INFO - Epoch 9  : Training Loss: 6.6776604652, Validation Loss: 6.7921123505, Training R-squared: 0.2822747231, Validation R-squared: 0.2488771826
2023-11-23 12:15:52,236 - INFO - Epoch 10 : Training Loss: 6.6440258026, Validation Loss: 6.7850365639, Training R-squared: 0.2885932326, Validation R-squared: 0.2503712773
2023-11-23 12:16:07,963 - INFO - Epoch 11 : Training Loss: 6.6266598701, Validation Loss: 6.7754635811, Training R-squared: 0.2923856676, Validation R-squared: 0.2524188459
2023-11-23 12:16:24,129 - INFO - Epoch 12 : Training Loss: 6.5948038101, Validation Loss: 6.7503967285, Training R-squared: 0.3000619113, Validation R-squared: 0.2580775023
2023-11-23 12:16:39,930 - INFO - Epoch 13 : Training Loss: 6.5444149971, Validation Loss: 6.7192597389, Training R-squared: 0.3090068400, Validation R-squared: 0.2646727562
2023-11-23 12:16:55,084 - INFO - Epoch 14 : Training Loss: 6.4999504089, Validation Loss: 6.6825814247, Training R-squared: 0.3206664026, Validation R-squared: 0.2729531229
2023-11-23 12:17:09,798 - INFO - Epoch 15 : Training Loss: 6.4483137131, Validation Loss: 6.6531662941, Training R-squared: 0.3283324838, Validation R-squared: 0.2793349028
2023-11-23 12:17:25,655 - INFO - Epoch 16 : Training Loss: 6.4243521690, Validation Loss: 6.6405363083, Training R-squared: 0.3346791267, Validation R-squared: 0.2818114161
2023-11-23 12:17:40,598 - INFO - Epoch 17 : Training Loss: 6.3880949020, Validation Loss: 6.6268930435, Training R-squared: 0.3430139422, Validation R-squared: 0.2848515511
2023-11-23 12:17:55,597 - INFO - Epoch 18 : Training Loss: 6.3587765694, Validation Loss: 6.6229782104, Training R-squared: 0.3479978442, Validation R-squared: 0.2848979533
2023-11-23 12:18:10,208 - INFO - Epoch 19 : Training Loss: 6.3262419701, Validation Loss: 6.6112790108, Training R-squared: 0.3547627330, Validation R-squared: 0.2872868180
2023-11-23 12:18:25,527 - INFO - Epoch 20 : Training Loss: 6.2899656296, Validation Loss: 6.5677561760, Training R-squared: 0.3618908525, Validation R-squared: 0.2971957922
2023-11-23 12:18:40,428 - INFO - Epoch 21 : Training Loss: 6.2483229637, Validation Loss: 6.5395531654, Training R-squared: 0.3711784780, Validation R-squared: 0.3030754328
2023-11-23 12:18:57,446 - INFO - Epoch 22 : Training Loss: 6.2015466690, Validation Loss: 6.5350852013, Training R-squared: 0.3781470656, Validation R-squared: 0.3039469421
2023-11-23 12:19:15,093 - INFO - Epoch 23 : Training Loss: 6.1738080978, Validation Loss: 6.5133419037, Training R-squared: 0.3834710121, Validation R-squared: 0.3080881238
2023-11-23 12:19:31,344 - INFO - Epoch 24 : Training Loss: 6.1495695114, Validation Loss: 6.5019106865, Training R-squared: 0.3895684481, Validation R-squared: 0.3108770549
2023-11-23 12:19:47,180 - INFO - Epoch 25 : Training Loss: 6.1231279373, Validation Loss: 6.5092315674, Training R-squared: 0.3933244050, Validation R-squared: 0.3090587854
2023-11-23 12:20:02,902 - INFO - Epoch 26 : Training Loss: 6.1080207825, Validation Loss: 6.5027594566, Training R-squared: 0.3972859383, Validation R-squared: 0.3102022111
2023-11-23 12:20:19,436 - INFO - Epoch 27 : Training Loss: 6.0924882889, Validation Loss: 6.5150027275, Training R-squared: 0.4011890888, Validation R-squared: 0.3074225485
2023-11-23 12:20:34,942 - INFO - Epoch 28 : Training Loss: 6.0691428185, Validation Loss: 6.4975070953, Training R-squared: 0.4048605561, Validation R-squared: 0.3111592531
2023-11-23 12:20:50,925 - INFO - Epoch 29 : Training Loss: 6.0494775772, Validation Loss: 6.5031909943, Training R-squared: 0.4086848199, Validation R-squared: 0.3097640276
2023-11-23 12:21:06,233 - INFO - Epoch 30 : Training Loss: 6.0357580185, Validation Loss: 6.4909024239, Training R-squared: 0.4109390676, Validation R-squared: 0.3124989271
2023-11-23 12:21:22,404 - INFO - Epoch 31 : Training Loss: 6.0200858116, Validation Loss: 6.4833426476, Training R-squared: 0.4154321849, Validation R-squared: 0.3140062094
2023-11-23 12:21:37,758 - INFO - Epoch 32 : Training Loss: 6.0006823540, Validation Loss: 6.4830770493, Training R-squared: 0.4174425900, Validation R-squared: 0.3139140904
2023-11-23 12:21:53,473 - INFO - Epoch 33 : Training Loss: 5.9844207764, Validation Loss: 6.5043625832, Training R-squared: 0.4217782915, Validation R-squared: 0.3092236519
2023-11-23 12:22:09,721 - INFO - Epoch 34 : Training Loss: 5.9633045197, Validation Loss: 6.4835944176, Training R-squared: 0.4244701564, Validation R-squared: 0.3139176369
2023-11-23 12:22:25,565 - INFO - Epoch 35 : Training Loss: 5.9460716248, Validation Loss: 6.4647850990, Training R-squared: 0.4288458824, Validation R-squared: 0.3177453578
2023-11-23 12:22:41,687 - INFO - Epoch 36 : Training Loss: 5.9233245850, Validation Loss: 6.4465990067, Training R-squared: 0.4334906340, Validation R-squared: 0.3219268620
2023-11-23 12:22:57,743 - INFO - Epoch 37 : Training Loss: 5.8992309570, Validation Loss: 6.4577002525, Training R-squared: 0.4365654290, Validation R-squared: 0.3190664649
2023-11-23 12:23:13,262 - INFO - Epoch 38 : Training Loss: 5.8785090446, Validation Loss: 6.4560689926, Training R-squared: 0.4413588941, Validation R-squared: 0.3193469644
2023-11-23 12:23:29,538 - INFO - Epoch 39 : Training Loss: 5.8524818420, Validation Loss: 6.4003019333, Training R-squared: 0.4461580813, Validation R-squared: 0.3317756355
2023-11-23 12:23:46,906 - INFO - Epoch 40 : Training Loss: 5.8332581520, Validation Loss: 6.4243955612, Training R-squared: 0.4494079351, Validation R-squared: 0.3262276649
2023-11-23 12:24:04,386 - INFO - Epoch 41 : Training Loss: 5.8073320389, Validation Loss: 6.4380755424, Training R-squared: 0.4537081718, Validation R-squared: 0.3233526051
2023-11-23 12:24:21,153 - INFO - Epoch 42 : Training Loss: 5.7920846939, Validation Loss: 6.4444489479, Training R-squared: 0.4568130672, Validation R-squared: 0.3216952384
2023-11-23 12:24:36,646 - INFO - Epoch 43 : Training Loss: 5.7735743523, Validation Loss: 6.4255938530, Training R-squared: 0.4597134590, Validation R-squared: 0.3260329664
2023-11-23 12:24:52,497 - INFO - Epoch 44 : Training Loss: 5.7647781372, Validation Loss: 6.3956847191, Training R-squared: 0.4617435038, Validation R-squared: 0.3324315846
2023-11-23 12:25:09,380 - INFO - Epoch 45 : Training Loss: 5.7340159416, Validation Loss: 6.4203972816, Training R-squared: 0.4669020474, Validation R-squared: 0.3266525567
2023-11-23 12:25:27,135 - INFO - Epoch 46 : Training Loss: 5.7238802910, Validation Loss: 6.4326543808, Training R-squared: 0.4693658054, Validation R-squared: 0.3238751590
2023-11-23 12:25:43,102 - INFO - Epoch 47 : Training Loss: 5.7108416557, Validation Loss: 6.3797440529, Training R-squared: 0.4718129337, Validation R-squared: 0.3356881440
2023-11-23 12:25:58,070 - INFO - Epoch 48 : Training Loss: 5.6920552254, Validation Loss: 6.4070749283, Training R-squared: 0.4734821618, Validation R-squared: 0.3291454911
2023-11-23 12:26:12,805 - INFO - Epoch 49 : Training Loss: 5.6882700920, Validation Loss: 6.4269719124, Training R-squared: 0.4753473103, Validation R-squared: 0.3247420788
2023-11-23 12:26:27,629 - INFO - Epoch 50 : Training Loss: 5.6753325462, Validation Loss: 6.3848495483, Training R-squared: 0.4777392447, Validation R-squared: 0.3342730999
2023-11-23 12:26:42,298 - INFO - Epoch 51 : Training Loss: 5.6629962921, Validation Loss: 6.3644027710, Training R-squared: 0.4801548421, Validation R-squared: 0.3389274180
2023-11-23 12:26:58,729 - INFO - Epoch 52 : Training Loss: 5.6466994286, Validation Loss: 6.3968205452, Training R-squared: 0.4824373126, Validation R-squared: 0.3316653669
2023-11-23 12:27:15,468 - INFO - Epoch 53 : Training Loss: 5.6381607056, Validation Loss: 6.3858647346, Training R-squared: 0.4835523665, Validation R-squared: 0.3341971040
2023-11-23 12:27:31,575 - INFO - Epoch 54 : Training Loss: 5.6249294281, Validation Loss: 6.3912715912, Training R-squared: 0.4865814447, Validation R-squared: 0.3326056898
2023-11-23 12:27:46,669 - INFO - Epoch 55 : Training Loss: 5.6203536987, Validation Loss: 6.3888235092, Training R-squared: 0.4881356657, Validation R-squared: 0.3333531022
2023-11-23 12:28:01,595 - INFO - Epoch 56 : Training Loss: 5.6102452278, Validation Loss: 6.3693370819, Training R-squared: 0.4900962412, Validation R-squared: 0.3372222483
2023-11-23 12:28:18,798 - INFO - Model saved to models/portion_model/lunch/512_512_200_64/sparsity_35_fold_4_model.keras
2023-11-23 12:28:25,650 - INFO - Avg Metrics: RMSE: 5.2190229888, R-squared: -0.0809250131, PCC: 0.5142960824
2023-11-23 12:28:25,650 - INFO - Agg Metrics: RMSE: 6.4131603514, R-squared: 0.3388958415, PCC: 0.5885119516
2023-11-23 12:28:32,023 - INFO - ================================================================== Fold 5 ===================================================================
2023-11-23 12:28:53,290 - INFO - Epoch 1  : Training Loss: 7.7106437683, Validation Loss: 7.6926803589, Training R-squared: 0.0387848318, Validation R-squared: 0.0496414006
2023-11-23 12:29:08,241 - INFO - Epoch 2  : Training Loss: 7.4895038605, Validation Loss: 7.4105362892, Training R-squared: 0.0938808918, Validation R-squared: 0.1188798845
2023-11-23 12:29:23,569 - INFO - Epoch 3  : Training Loss: 7.1780157089, Validation Loss: 7.0318360329, Training R-squared: 0.1686892807, Validation R-squared: 0.2069358677
2023-11-23 12:29:38,832 - INFO - Epoch 4  : Training Loss: 6.8834986687, Validation Loss: 6.9163222313, Training R-squared: 0.2342611998, Validation R-squared: 0.2330295593
2023-11-23 12:29:53,971 - INFO - Epoch 5  : Training Loss: 6.7862443924, Validation Loss: 6.8912377357, Training R-squared: 0.2564194798, Validation R-squared: 0.2385559678
2023-11-23 12:30:10,751 - INFO - Epoch 6  : Training Loss: 6.7413997650, Validation Loss: 6.8782286644, Training R-squared: 0.2656975389, Validation R-squared: 0.2411828637
2023-11-23 12:30:27,548 - INFO - Epoch 7  : Training Loss: 6.7027668953, Validation Loss: 6.8518404961, Training R-squared: 0.2747194469, Validation R-squared: 0.2472427189
2023-11-23 12:30:44,513 - INFO - Epoch 8  : Training Loss: 6.6624913216, Validation Loss: 6.8296375275, Training R-squared: 0.2826332450, Validation R-squared: 0.2520368993
2023-11-23 12:31:00,707 - INFO - Epoch 9  : Training Loss: 6.6153187752, Validation Loss: 6.8099408150, Training R-squared: 0.2925275266, Validation R-squared: 0.2563958168
2023-11-23 12:31:15,653 - INFO - Epoch 10 : Training Loss: 6.5689744949, Validation Loss: 6.7884349823, Training R-squared: 0.3020300865, Validation R-squared: 0.2612196207
2023-11-23 12:31:30,607 - INFO - Epoch 11 : Training Loss: 6.5302643776, Validation Loss: 6.7645959854, Training R-squared: 0.3105485141, Validation R-squared: 0.2662744224
2023-11-23 12:31:46,690 - INFO - Epoch 12 : Training Loss: 6.5038847923, Validation Loss: 6.7553405762, Training R-squared: 0.3161209524, Validation R-squared: 0.2681589723
2023-11-23 12:32:03,962 - INFO - Epoch 13 : Training Loss: 6.4799342155, Validation Loss: 6.7469182014, Training R-squared: 0.3228242099, Validation R-squared: 0.2699364722
2023-11-23 12:32:19,894 - INFO - Epoch 14 : Training Loss: 6.4407572746, Validation Loss: 6.7473726273, Training R-squared: 0.3299719691, Validation R-squared: 0.2696460485
2023-11-23 12:32:34,814 - INFO - Epoch 15 : Training Loss: 6.4152851105, Validation Loss: 6.7166891098, Training R-squared: 0.3353476524, Validation R-squared: 0.2766252756
2023-11-23 12:32:50,627 - INFO - Epoch 16 : Training Loss: 6.3692426682, Validation Loss: 6.7111792564, Training R-squared: 0.3428139687, Validation R-squared: 0.2771899700
2023-11-23 12:33:06,835 - INFO - Epoch 17 : Training Loss: 6.3164453506, Validation Loss: 6.6541156769, Training R-squared: 0.3547517061, Validation R-squared: 0.2896836400
2023-11-23 12:33:22,760 - INFO - Epoch 18 : Training Loss: 6.2648019791, Validation Loss: 6.6190929413, Training R-squared: 0.3643661737, Validation R-squared: 0.2970997989
2023-11-23 12:33:38,819 - INFO - Epoch 19 : Training Loss: 6.2191581726, Validation Loss: 6.5874009132, Training R-squared: 0.3736055195, Validation R-squared: 0.3039871752
2023-11-23 12:33:55,890 - INFO - Epoch 20 : Training Loss: 6.1934528351, Validation Loss: 6.5697860718, Training R-squared: 0.3787521124, Validation R-squared: 0.3077172339
2023-11-23 12:34:12,593 - INFO - Epoch 21 : Training Loss: 6.1688137054, Validation Loss: 6.5616030693, Training R-squared: 0.3837034404, Validation R-squared: 0.3092795312
2023-11-23 12:34:28,524 - INFO - Epoch 22 : Training Loss: 6.1416854858, Validation Loss: 6.5603351593, Training R-squared: 0.3892982602, Validation R-squared: 0.3092468083
2023-11-23 12:34:45,259 - INFO - Epoch 23 : Training Loss: 6.1196641922, Validation Loss: 6.5533523560, Training R-squared: 0.3921272457, Validation R-squared: 0.3106133044
2023-11-23 12:35:03,944 - INFO - Epoch 24 : Training Loss: 6.0958132744, Validation Loss: 6.5595569611, Training R-squared: 0.3984465599, Validation R-squared: 0.3090941012
2023-11-23 12:35:22,715 - INFO - Epoch 25 : Training Loss: 6.0735812187, Validation Loss: 6.5383615494, Training R-squared: 0.4029731154, Validation R-squared: 0.3136185110
2023-11-23 12:35:38,785 - INFO - Epoch 26 : Training Loss: 6.0561165810, Validation Loss: 6.5173335075, Training R-squared: 0.4056393504, Validation R-squared: 0.3181794882
2023-11-23 12:35:55,781 - INFO - Epoch 27 : Training Loss: 6.0340332985, Validation Loss: 6.5354170799, Training R-squared: 0.4092555642, Validation R-squared: 0.3139734268
2023-11-23 12:36:11,240 - INFO - Epoch 28 : Training Loss: 6.0103678703, Validation Loss: 6.5160722733, Training R-squared: 0.4131867886, Validation R-squared: 0.3181194961
2023-11-23 12:36:27,228 - INFO - Epoch 29 : Training Loss: 5.9928464890, Validation Loss: 6.4932994843, Training R-squared: 0.4177332520, Validation R-squared: 0.3229196668
2023-11-23 12:36:42,884 - INFO - Epoch 30 : Training Loss: 5.9709234238, Validation Loss: 6.4851880074, Training R-squared: 0.4217141867, Validation R-squared: 0.3244252503
2023-11-23 12:36:58,583 - INFO - Epoch 31 : Training Loss: 5.9503726959, Validation Loss: 6.5088958740, Training R-squared: 0.4261557460, Validation R-squared: 0.3189577758
2023-11-23 12:37:13,993 - INFO - Epoch 32 : Training Loss: 5.9306097031, Validation Loss: 6.4660954475, Training R-squared: 0.4295689464, Validation R-squared: 0.3280702233
2023-11-23 12:37:29,518 - INFO - Epoch 33 : Training Loss: 5.9185910225, Validation Loss: 6.4831476212, Training R-squared: 0.4316088557, Validation R-squared: 0.3241060376
2023-11-23 12:37:45,030 - INFO - Epoch 34 : Training Loss: 5.8905167580, Validation Loss: 6.4821105003, Training R-squared: 0.4360990524, Validation R-squared: 0.3238926232
2023-11-23 12:38:00,479 - INFO - Epoch 35 : Training Loss: 5.8756570816, Validation Loss: 6.4432792664, Training R-squared: 0.4391389489, Validation R-squared: 0.3321700692
2023-11-23 12:38:16,063 - INFO - Epoch 36 : Training Loss: 5.8582143784, Validation Loss: 6.4477176666, Training R-squared: 0.4424129725, Validation R-squared: 0.3312246203
2023-11-23 12:38:32,568 - INFO - Epoch 37 : Training Loss: 5.8469872475, Validation Loss: 6.4579215050, Training R-squared: 0.4450649023, Validation R-squared: 0.3285485804
2023-11-23 12:38:47,970 - INFO - Epoch 38 : Training Loss: 5.8284039497, Validation Loss: 6.4103631973, Training R-squared: 0.4480020106, Validation R-squared: 0.3388084173
2023-11-23 12:39:03,251 - INFO - Epoch 39 : Training Loss: 5.8075246811, Validation Loss: 6.4368367195, Training R-squared: 0.4522590637, Validation R-squared: 0.3324442506
2023-11-23 12:39:18,371 - INFO - Epoch 40 : Training Loss: 5.7908492088, Validation Loss: 6.4208483696, Training R-squared: 0.4537700117, Validation R-squared: 0.3359661698
2023-11-23 12:39:33,753 - INFO - Epoch 41 : Training Loss: 5.7759938240, Validation Loss: 6.4125213623, Training R-squared: 0.4569346607, Validation R-squared: 0.3374713361
2023-11-23 12:39:48,540 - INFO - Epoch 42 : Training Loss: 5.7602052689, Validation Loss: 6.4253063202, Training R-squared: 0.4613581300, Validation R-squared: 0.3344515562
2023-11-23 12:40:03,050 - INFO - Epoch 43 : Training Loss: 5.7511096001, Validation Loss: 6.4253783226, Training R-squared: 0.4626049399, Validation R-squared: 0.3339509368
2023-11-23 12:40:19,734 - INFO - Model saved to models/portion_model/lunch/512_512_200_64/sparsity_35_fold_5_model.keras
2023-11-23 12:40:25,786 - INFO - Avg Metrics: RMSE: 5.2229024918, R-squared: -1.2753849003, PCC: 0.4901503496
2023-11-23 12:40:25,786 - INFO - Agg Metrics: RMSE: 6.4760997622, R-squared: 0.3361312748, PCC: 0.5820074642
2023-11-23 12:40:39,963 - INFO - ================================================================== Results Summary ===================================================================
2023-11-23 12:40:39,964 - INFO - CrossVal Metrics (Avg.) - RMSE: 5.1992423258 ± 0.0539299085, R2: -0.4350049224 ± 0.0539299085, PCC: 0.5031475217 ± 0.0539299085
2023-11-23 12:40:39,964 - INFO - Testing  Metrics (Avg.) - RMSE: 5.2425957140, R2: -2.5745532051, PCC: 0.5055579329
2023-11-23 12:40:39,964 - INFO - CrossVal Metrics (Agg.) - RMSE: 6.4368465867 ± 0.0539299085, R2: 0.3420793041 ± 0.0539299085, PCC: 0.5898599127 ± 0.0539299085
2023-11-23 12:40:39,965 - INFO - Testing  Metrics (Agg.) - RMSE: 6.5645095935, R2: 0.3523832799, PCC: 0.5964300920
