2023-11-23 17:47:03,675 - INFO - Training model at 75% sparse columns removed...
2023-11-23 17:47:09,605 - INFO - ================================================================== Fold 1 ===================================================================
2023-11-23 17:47:16,879 - INFO - Epoch 1  : Training Loss: 12.1630268097, Validation Loss: 12.1537303925, Training R-squared: 0.0368663482, Validation R-squared: 0.0442683622
2023-11-23 17:47:21,354 - INFO - Epoch 2  : Training Loss: 12.0256328583, Validation Loss: 11.8377389908, Training R-squared: 0.0597538948, Validation R-squared: 0.0946626514
2023-11-23 17:47:25,848 - INFO - Epoch 3  : Training Loss: 11.5721073151, Validation Loss: 11.3031997681, Training R-squared: 0.1291973293, Validation R-squared: 0.1762632281
2023-11-23 17:47:30,278 - INFO - Epoch 4  : Training Loss: 10.8689260483, Validation Loss: 10.7864027023, Training R-squared: 0.2314765602, Validation R-squared: 0.2498229891
2023-11-23 17:47:34,828 - INFO - Epoch 5  : Training Loss: 10.6396198273, Validation Loss: 10.7297668457, Training R-squared: 0.2639209032, Validation R-squared: 0.2574120462
2023-11-23 17:47:39,405 - INFO - Epoch 6  : Training Loss: 10.5647554398, Validation Loss: 10.6991224289, Training R-squared: 0.2732457519, Validation R-squared: 0.2613909543
2023-11-23 17:47:43,988 - INFO - Epoch 7  : Training Loss: 10.5127458572, Validation Loss: 10.6740980148, Training R-squared: 0.2797353864, Validation R-squared: 0.2647385597
2023-11-23 17:47:48,539 - INFO - Epoch 8  : Training Loss: 10.4484853745, Validation Loss: 10.6470746994, Training R-squared: 0.2872449756, Validation R-squared: 0.2685144544
2023-11-23 17:47:53,096 - INFO - Epoch 9  : Training Loss: 10.3949575424, Validation Loss: 10.6020307541, Training R-squared: 0.2964282334, Validation R-squared: 0.2737983763
2023-11-23 17:47:57,665 - INFO - Epoch 10 : Training Loss: 10.3398208618, Validation Loss: 10.5406408310, Training R-squared: 0.3041554987, Validation R-squared: 0.2826924622
2023-11-23 17:48:02,021 - INFO - Epoch 11 : Training Loss: 10.2455177307, Validation Loss: 10.4773216248, Training R-squared: 0.3154072762, Validation R-squared: 0.2909877598
2023-11-23 17:48:06,438 - INFO - Epoch 12 : Training Loss: 10.1873588562, Validation Loss: 10.4366579056, Training R-squared: 0.3255750537, Validation R-squared: 0.2965750396
2023-11-23 17:48:10,900 - INFO - Epoch 13 : Training Loss: 10.1070251465, Validation Loss: 10.3746690750, Training R-squared: 0.3326164484, Validation R-squared: 0.3045195341
2023-11-23 17:48:15,386 - INFO - Epoch 14 : Training Loss: 10.0471162796, Validation Loss: 10.3374767303, Training R-squared: 0.3407537937, Validation R-squared: 0.3095601201
2023-11-23 17:48:20,233 - INFO - Epoch 15 : Training Loss: 10.0064258575, Validation Loss: 10.3070068359, Training R-squared: 0.3475514948, Validation R-squared: 0.3134214282
2023-11-23 17:48:24,839 - INFO - Epoch 16 : Training Loss: 9.9564199448, Validation Loss: 10.2744588852, Training R-squared: 0.3535695672, Validation R-squared: 0.3172517121
2023-11-23 17:48:29,384 - INFO - Epoch 17 : Training Loss: 9.9011840820, Validation Loss: 10.2365188599, Training R-squared: 0.3616857231, Validation R-squared: 0.3223951757
2023-11-23 17:48:33,979 - INFO - Epoch 18 : Training Loss: 9.8415918350, Validation Loss: 10.2140302658, Training R-squared: 0.3673898578, Validation R-squared: 0.3256984651
2023-11-23 17:48:38,543 - INFO - Epoch 19 : Training Loss: 9.7991542816, Validation Loss: 10.1746664047, Training R-squared: 0.3742876947, Validation R-squared: 0.3310770988
2023-11-23 17:48:43,061 - INFO - Epoch 20 : Training Loss: 9.7485303879, Validation Loss: 10.1503076553, Training R-squared: 0.3792648911, Validation R-squared: 0.3344357312
2023-11-23 17:48:47,625 - INFO - Epoch 21 : Training Loss: 9.7058715820, Validation Loss: 10.1298198700, Training R-squared: 0.3867523670, Validation R-squared: 0.3366793394
2023-11-23 17:48:52,065 - INFO - Epoch 22 : Training Loss: 9.6564121246, Validation Loss: 10.0873594284, Training R-squared: 0.3927378058, Validation R-squared: 0.3422520757
2023-11-23 17:48:56,565 - INFO - Epoch 23 : Training Loss: 9.5968523026, Validation Loss: 10.0527410507, Training R-squared: 0.3984015584, Validation R-squared: 0.3464917243
2023-11-23 17:49:01,228 - INFO - Epoch 24 : Training Loss: 9.5456542969, Validation Loss: 10.0145502090, Training R-squared: 0.4051234424, Validation R-squared: 0.3516680896
2023-11-23 17:49:05,759 - INFO - Epoch 25 : Training Loss: 9.4790802002, Validation Loss: 9.9779024124, Training R-squared: 0.4124757051, Validation R-squared: 0.3560260832
2023-11-23 17:49:10,285 - INFO - Epoch 26 : Training Loss: 9.4459733963, Validation Loss: 9.9508152008, Training R-squared: 0.4166930616, Validation R-squared: 0.3593160510
2023-11-23 17:49:14,844 - INFO - Epoch 27 : Training Loss: 9.4019384384, Validation Loss: 9.9062137604, Training R-squared: 0.4217846394, Validation R-squared: 0.3653235734
2023-11-23 17:49:19,618 - INFO - Epoch 28 : Training Loss: 9.3514518738, Validation Loss: 9.8840847015, Training R-squared: 0.4303919673, Validation R-squared: 0.3675428033
2023-11-23 17:49:24,142 - INFO - Epoch 29 : Training Loss: 9.3197574615, Validation Loss: 9.8464584351, Training R-squared: 0.4340636730, Validation R-squared: 0.3725368977
2023-11-23 17:49:28,676 - INFO - Epoch 30 : Training Loss: 9.2618789673, Validation Loss: 9.8108367920, Training R-squared: 0.4388652742, Validation R-squared: 0.3774281442
2023-11-23 17:49:33,200 - INFO - Epoch 31 : Training Loss: 9.2495527267, Validation Loss: 9.7866153717, Training R-squared: 0.4428942204, Validation R-squared: 0.3800248504
2023-11-23 17:49:37,612 - INFO - Epoch 32 : Training Loss: 9.1881122589, Validation Loss: 9.7582473755, Training R-squared: 0.4475300610, Validation R-squared: 0.3836142123
2023-11-23 17:49:42,063 - INFO - Epoch 33 : Training Loss: 9.1684465408, Validation Loss: 9.7321348190, Training R-squared: 0.4522018731, Validation R-squared: 0.3866377771
2023-11-23 17:49:46,584 - INFO - Epoch 34 : Training Loss: 9.1274538040, Validation Loss: 9.7088813782, Training R-squared: 0.4563065469, Validation R-squared: 0.3898965120
2023-11-23 17:49:51,128 - INFO - Epoch 35 : Training Loss: 9.0882215500, Validation Loss: 9.6983032227, Training R-squared: 0.4598981440, Validation R-squared: 0.3912979364
2023-11-23 17:49:55,824 - INFO - Epoch 36 : Training Loss: 9.0515041351, Validation Loss: 9.6690368652, Training R-squared: 0.4636726677, Validation R-squared: 0.3948243260
2023-11-23 17:50:00,418 - INFO - Epoch 37 : Training Loss: 9.0359764099, Validation Loss: 9.6585321426, Training R-squared: 0.4674926698, Validation R-squared: 0.3962728679
2023-11-23 17:50:04,950 - INFO - Epoch 38 : Training Loss: 9.0199699402, Validation Loss: 9.6876516342, Training R-squared: 0.4688601196, Validation R-squared: 0.3925320208
2023-11-23 17:50:09,498 - INFO - Epoch 39 : Training Loss: 8.9993352890, Validation Loss: 9.6570072174, Training R-squared: 0.4700041115, Validation R-squared: 0.3965267837
2023-11-23 17:50:14,100 - INFO - Epoch 40 : Training Loss: 8.9752044678, Validation Loss: 9.6502628326, Training R-squared: 0.4741809070, Validation R-squared: 0.3975989819
2023-11-23 17:50:19,016 - INFO - Epoch 41 : Training Loss: 8.9608325958, Validation Loss: 9.6468887329, Training R-squared: 0.4761103094, Validation R-squared: 0.3974931538
2023-11-23 17:50:23,559 - INFO - Epoch 42 : Training Loss: 8.9265298843, Validation Loss: 9.6282453537, Training R-squared: 0.4786866307, Validation R-squared: 0.4002989531
2023-11-23 17:50:28,212 - INFO - Epoch 43 : Training Loss: 8.9245986938, Validation Loss: 9.6303310394, Training R-squared: 0.4803472161, Validation R-squared: 0.4001979828
2023-11-23 17:50:32,639 - INFO - Epoch 44 : Training Loss: 8.9005489349, Validation Loss: 9.6244583130, Training R-squared: 0.4825874269, Validation R-squared: 0.4003765881
2023-11-23 17:50:36,960 - INFO - Epoch 45 : Training Loss: 8.8615207672, Validation Loss: 9.6160087585, Training R-squared: 0.4855770171, Validation R-squared: 0.4019917846
2023-11-23 17:50:41,481 - INFO - Epoch 46 : Training Loss: 8.8434572220, Validation Loss: 9.5942125320, Training R-squared: 0.4881938696, Validation R-squared: 0.4048958421
2023-11-23 17:50:46,098 - INFO - Epoch 47 : Training Loss: 8.8432254791, Validation Loss: 9.5965337753, Training R-squared: 0.4885619581, Validation R-squared: 0.4044928551
2023-11-23 17:50:50,668 - INFO - Epoch 48 : Training Loss: 8.8108339310, Validation Loss: 9.6535520554, Training R-squared: 0.4924540222, Validation R-squared: 0.3969516456
2023-11-23 17:50:55,308 - INFO - Epoch 49 : Training Loss: 8.8018388748, Validation Loss: 9.6018209457, Training R-squared: 0.4943002760, Validation R-squared: 0.4038134217
2023-11-23 17:51:00,002 - INFO - Epoch 50 : Training Loss: 8.7780876160, Validation Loss: 9.5936937332, Training R-squared: 0.4960099161, Validation R-squared: 0.4049469233
2023-11-23 17:51:04,537 - INFO - Epoch 51 : Training Loss: 8.7503948212, Validation Loss: 9.5529041290, Training R-squared: 0.4992154241, Validation R-squared: 0.4101259708
2023-11-23 17:51:09,127 - INFO - Epoch 52 : Training Loss: 8.7307119370, Validation Loss: 9.5698299408, Training R-squared: 0.5001167655, Validation R-squared: 0.4077886343
2023-11-23 17:51:13,706 - INFO - Epoch 53 : Training Loss: 8.7090234756, Validation Loss: 9.5973329544, Training R-squared: 0.5033474565, Validation R-squared: 0.4043655992
2023-11-23 17:51:18,598 - INFO - Epoch 54 : Training Loss: 8.6963691711, Validation Loss: 9.5711050034, Training R-squared: 0.5056064129, Validation R-squared: 0.4073848426
2023-11-23 17:51:23,118 - INFO - Epoch 55 : Training Loss: 8.6613340378, Validation Loss: 9.5488424301, Training R-squared: 0.5088027716, Validation R-squared: 0.4104379117
2023-11-23 17:51:27,535 - INFO - Epoch 56 : Training Loss: 8.6487474442, Validation Loss: 9.5531091690, Training R-squared: 0.5111590028, Validation R-squared: 0.4098877013
2023-11-23 17:51:31,944 - INFO - Epoch 57 : Training Loss: 8.6286725998, Validation Loss: 9.5546150208, Training R-squared: 0.5127159357, Validation R-squared: 0.4097175300
2023-11-23 17:51:36,365 - INFO - Epoch 58 : Training Loss: 8.6197395325, Validation Loss: 9.5205736160, Training R-squared: 0.5149155259, Validation R-squared: 0.4142083526
2023-11-23 17:51:40,825 - INFO - Epoch 59 : Training Loss: 8.5711631775, Validation Loss: 9.5176858902, Training R-squared: 0.5191426277, Validation R-squared: 0.4145418406
2023-11-23 17:51:45,373 - INFO - Epoch 60 : Training Loss: 8.5624275208, Validation Loss: 9.4982852936, Training R-squared: 0.5195552707, Validation R-squared: 0.4168935418
2023-11-23 17:51:49,893 - INFO - Epoch 61 : Training Loss: 8.5380945206, Validation Loss: 9.5008640289, Training R-squared: 0.5222812295, Validation R-squared: 0.4167965651
2023-11-23 17:51:54,498 - INFO - Epoch 62 : Training Loss: 8.5220308304, Validation Loss: 9.4928989410, Training R-squared: 0.5243716240, Validation R-squared: 0.4179847836
2023-11-23 17:51:59,125 - INFO - Epoch 63 : Training Loss: 8.4892616272, Validation Loss: 9.5192604065, Training R-squared: 0.5275216699, Validation R-squared: 0.4141222239
2023-11-23 17:52:03,643 - INFO - Epoch 64 : Training Loss: 8.4785499573, Validation Loss: 9.4872312546, Training R-squared: 0.5297586322, Validation R-squared: 0.4180955589
2023-11-23 17:52:08,151 - INFO - Epoch 65 : Training Loss: 8.4437284470, Validation Loss: 9.5617780685, Training R-squared: 0.5326435566, Validation R-squared: 0.4080020487
2023-11-23 17:52:12,541 - INFO - Epoch 66 : Training Loss: 8.4325170517, Validation Loss: 9.5190715790, Training R-squared: 0.5335720181, Validation R-squared: 0.4136812389
2023-11-23 17:52:17,292 - INFO - Epoch 67 : Training Loss: 8.4132518768, Validation Loss: 9.5126333237, Training R-squared: 0.5361326933, Validation R-squared: 0.4153535366
2023-11-23 17:52:21,793 - INFO - Epoch 68 : Training Loss: 8.3990736008, Validation Loss: 9.4818067551, Training R-squared: 0.5365259647, Validation R-squared: 0.4189735055
2023-11-23 17:52:26,310 - INFO - Epoch 69 : Training Loss: 8.3823585510, Validation Loss: 9.4839620590, Training R-squared: 0.5382117033, Validation R-squared: 0.4187669456
2023-11-23 17:52:30,815 - INFO - Epoch 70 : Training Loss: 8.3605546951, Validation Loss: 9.4556207657, Training R-squared: 0.5419967175, Validation R-squared: 0.4223291278
2023-11-23 17:52:35,352 - INFO - Epoch 71 : Training Loss: 8.3530321121, Validation Loss: 9.4996099472, Training R-squared: 0.5420550108, Validation R-squared: 0.4169372618
2023-11-23 17:52:40,020 - INFO - Epoch 72 : Training Loss: 8.3390893936, Validation Loss: 9.5118999481, Training R-squared: 0.5438984036, Validation R-squared: 0.4152598977
2023-11-23 17:52:44,796 - INFO - Epoch 73 : Training Loss: 8.3143100739, Validation Loss: 9.5002508163, Training R-squared: 0.5459820032, Validation R-squared: 0.4164589643
2023-11-23 17:52:49,317 - INFO - Epoch 74 : Training Loss: 8.3060503006, Validation Loss: 9.4572248459, Training R-squared: 0.5476295352, Validation R-squared: 0.4221452773
2023-11-23 17:52:53,981 - INFO - Epoch 75 : Training Loss: 8.2992334366, Validation Loss: 9.4171876907, Training R-squared: 0.5486642718, Validation R-squared: 0.4272847474
2023-11-23 17:52:58,554 - INFO - Epoch 76 : Training Loss: 8.2805395126, Validation Loss: 9.4692373276, Training R-squared: 0.5490806699, Validation R-squared: 0.4205771685
2023-11-23 17:53:03,069 - INFO - Epoch 77 : Training Loss: 8.2701330185, Validation Loss: 9.4162721634, Training R-squared: 0.5513543487, Validation R-squared: 0.4275085032
2023-11-23 17:53:07,520 - INFO - Epoch 78 : Training Loss: 8.2370529175, Validation Loss: 9.4441623688, Training R-squared: 0.5539245009, Validation R-squared: 0.4239740074
2023-11-23 17:53:11,945 - INFO - Epoch 79 : Training Loss: 8.2371416092, Validation Loss: 9.4587745667, Training R-squared: 0.5540987849, Validation R-squared: 0.4220348895
2023-11-23 17:53:16,532 - INFO - Epoch 80 : Training Loss: 8.2221803665, Validation Loss: 9.4595022202, Training R-squared: 0.5558786392, Validation R-squared: 0.4216841459
2023-11-23 17:53:21,181 - INFO - Epoch 81 : Training Loss: 8.1866626740, Validation Loss: 9.4603738785, Training R-squared: 0.5585234165, Validation R-squared: 0.4218774438
2023-11-23 17:53:25,688 - INFO - Epoch 82 : Training Loss: 8.1845293045, Validation Loss: 9.4625186920, Training R-squared: 0.5598454475, Validation R-squared: 0.4213801026
2023-11-23 17:53:34,393 - INFO - Model saved to models/portion_model/lunch/512_512_200_64/sparsity_75_fold_1_model.keras
2023-11-23 17:53:39,380 - INFO - Avg Metrics: RMSE: 7.5939887160, R-squared: -0.3610589569, PCC: 0.6042532839
2023-11-23 17:53:39,381 - INFO - Agg Metrics: RMSE: 9.5139115578, R-squared: 0.4208115739, PCC: 0.6519501356
2023-11-23 17:53:46,684 - INFO - ================================================================== Fold 2 ===================================================================
2023-11-23 17:53:54,066 - INFO - Epoch 1  : Training Loss: 12.1487417221, Validation Loss: 12.1963300705, Training R-squared: 0.0360554792, Validation R-squared: 0.0436481312
2023-11-23 17:53:58,659 - INFO - Epoch 2  : Training Loss: 12.0100135803, Validation Loss: 11.8587751389, Training R-squared: 0.0593771823, Validation R-squared: 0.0963745862
2023-11-23 17:54:03,179 - INFO - Epoch 3  : Training Loss: 11.5381669998, Validation Loss: 11.2423782349, Training R-squared: 0.1316396147, Validation R-squared: 0.1873481274
2023-11-23 17:54:07,567 - INFO - Epoch 4  : Training Loss: 10.8673524857, Validation Loss: 10.7778978348, Training R-squared: 0.2292324901, Validation R-squared: 0.2521468997
2023-11-23 17:54:11,960 - INFO - Epoch 5  : Training Loss: 10.6162700653, Validation Loss: 10.7252779007, Training R-squared: 0.2629207671, Validation R-squared: 0.2597173452
2023-11-23 17:54:16,503 - INFO - Epoch 6  : Training Loss: 10.5699405670, Validation Loss: 10.6910781860, Training R-squared: 0.2725960314, Validation R-squared: 0.2642846107
2023-11-23 17:54:21,131 - INFO - Epoch 7  : Training Loss: 10.4899415970, Validation Loss: 10.6376543045, Training R-squared: 0.2807293832, Validation R-squared: 0.2706086636
2023-11-23 17:54:25,661 - INFO - Epoch 8  : Training Loss: 10.4024276733, Validation Loss: 10.5892038345, Training R-squared: 0.2930225134, Validation R-squared: 0.2779787481
2023-11-23 17:54:30,173 - INFO - Epoch 9  : Training Loss: 10.3354711533, Validation Loss: 10.5302639008, Training R-squared: 0.3028513789, Validation R-squared: 0.2861341536
2023-11-23 17:54:34,738 - INFO - Epoch 10 : Training Loss: 10.2491321564, Validation Loss: 10.4607658386, Training R-squared: 0.3145570159, Validation R-squared: 0.2954959571
2023-11-23 17:54:39,383 - INFO - Epoch 11 : Training Loss: 10.1597070694, Validation Loss: 10.3937988281, Training R-squared: 0.3263545930, Validation R-squared: 0.3043859899
2023-11-23 17:54:43,887 - INFO - Epoch 12 : Training Loss: 10.0982465744, Validation Loss: 10.3576622009, Training R-squared: 0.3342140019, Validation R-squared: 0.3093733490
2023-11-23 17:54:48,522 - INFO - Epoch 13 : Training Loss: 10.0255622864, Validation Loss: 10.3131961823, Training R-squared: 0.3431218565, Validation R-squared: 0.3150852919
2023-11-23 17:54:53,158 - INFO - Epoch 14 : Training Loss: 9.9767398834, Validation Loss: 10.2547416687, Training R-squared: 0.3509854078, Validation R-squared: 0.3227027655
2023-11-23 17:54:57,598 - INFO - Epoch 15 : Training Loss: 9.9041061401, Validation Loss: 10.1997022629, Training R-squared: 0.3600665629, Validation R-squared: 0.3304237127
2023-11-23 17:55:02,207 - INFO - Epoch 16 : Training Loss: 9.8192205429, Validation Loss: 10.1471567154, Training R-squared: 0.3697808981, Validation R-squared: 0.3370854855
2023-11-23 17:55:06,687 - INFO - Epoch 17 : Training Loss: 9.7458677292, Validation Loss: 10.0908946991, Training R-squared: 0.3786157370, Validation R-squared: 0.3441926241
2023-11-23 17:55:11,120 - INFO - Epoch 18 : Training Loss: 9.6785926819, Validation Loss: 10.0728864670, Training R-squared: 0.3861523271, Validation R-squared: 0.3465991914
2023-11-23 17:55:15,723 - INFO - Epoch 19 : Training Loss: 9.6318569183, Validation Loss: 10.0166759491, Training R-squared: 0.3946868777, Validation R-squared: 0.3538728058
2023-11-23 17:55:20,505 - INFO - Epoch 20 : Training Loss: 9.5763139725, Validation Loss: 10.0016908646, Training R-squared: 0.4012445807, Validation R-squared: 0.3564785123
2023-11-23 17:55:25,031 - INFO - Epoch 21 : Training Loss: 9.5355892181, Validation Loss: 9.9588842392, Training R-squared: 0.4047598243, Validation R-squared: 0.3614724874
2023-11-23 17:55:29,609 - INFO - Epoch 22 : Training Loss: 9.5008935928, Validation Loss: 9.9436340332, Training R-squared: 0.4091659486, Validation R-squared: 0.3637503982
2023-11-23 17:55:34,125 - INFO - Epoch 23 : Training Loss: 9.4466934204, Validation Loss: 9.9371471405, Training R-squared: 0.4157958329, Validation R-squared: 0.3649443388
2023-11-23 17:55:38,672 - INFO - Epoch 24 : Training Loss: 9.4075632095, Validation Loss: 9.8859233856, Training R-squared: 0.4225002229, Validation R-squared: 0.3713038564
2023-11-23 17:55:43,038 - INFO - Epoch 25 : Training Loss: 9.3582658768, Validation Loss: 9.8583955765, Training R-squared: 0.4268466532, Validation R-squared: 0.3745516837
2023-11-23 17:55:47,480 - INFO - Epoch 26 : Training Loss: 9.3208484650, Validation Loss: 9.8461742401, Training R-squared: 0.4313862622, Validation R-squared: 0.3759512603
2023-11-23 17:55:51,937 - INFO - Epoch 27 : Training Loss: 9.2732753754, Validation Loss: 9.8018436432, Training R-squared: 0.4368141294, Validation R-squared: 0.3818725348
2023-11-23 17:55:56,406 - INFO - Epoch 28 : Training Loss: 9.2406578064, Validation Loss: 9.7854413986, Training R-squared: 0.4415674210, Validation R-squared: 0.3837867975
2023-11-23 17:56:00,931 - INFO - Epoch 29 : Training Loss: 9.1858501434, Validation Loss: 9.7669839859, Training R-squared: 0.4463461339, Validation R-squared: 0.3861681223
2023-11-23 17:56:05,524 - INFO - Epoch 30 : Training Loss: 9.1623725891, Validation Loss: 9.7632951736, Training R-squared: 0.4503207505, Validation R-squared: 0.3867501020
2023-11-23 17:56:10,042 - INFO - Epoch 31 : Training Loss: 9.1469783783, Validation Loss: 9.7576780319, Training R-squared: 0.4532597661, Validation R-squared: 0.3875724971
2023-11-23 17:56:14,637 - INFO - Epoch 32 : Training Loss: 9.1053810120, Validation Loss: 9.7097158432, Training R-squared: 0.4580420852, Validation R-squared: 0.3935836852
2023-11-23 17:56:19,476 - INFO - Epoch 33 : Training Loss: 9.0798377991, Validation Loss: 9.7196512222, Training R-squared: 0.4611179829, Validation R-squared: 0.3924714923
2023-11-23 17:56:24,001 - INFO - Epoch 34 : Training Loss: 9.0518436432, Validation Loss: 9.6897296906, Training R-squared: 0.4636636972, Validation R-squared: 0.3964909017
2023-11-23 17:56:28,446 - INFO - Epoch 35 : Training Loss: 9.0155029297, Validation Loss: 9.7226972580, Training R-squared: 0.4667006731, Validation R-squared: 0.3919501901
2023-11-23 17:56:32,814 - INFO - Epoch 36 : Training Loss: 8.9942140579, Validation Loss: 9.6811208725, Training R-squared: 0.4705858231, Validation R-squared: 0.3977142572
2023-11-23 17:56:37,205 - INFO - Epoch 37 : Training Loss: 8.9653930664, Validation Loss: 9.6781206131, Training R-squared: 0.4737501144, Validation R-squared: 0.3982658386
2023-11-23 17:56:41,705 - INFO - Epoch 38 : Training Loss: 8.9458370209, Validation Loss: 9.6786584854, Training R-squared: 0.4760317504, Validation R-squared: 0.3979832530
2023-11-23 17:56:46,303 - INFO - Epoch 39 : Training Loss: 8.9199905396, Validation Loss: 9.6738710403, Training R-squared: 0.4784747064, Validation R-squared: 0.3992126286
2023-11-23 17:56:50,849 - INFO - Epoch 40 : Training Loss: 8.9200658798, Validation Loss: 9.6544427872, Training R-squared: 0.4803724885, Validation R-squared: 0.4014369845
2023-11-23 17:56:55,484 - INFO - Epoch 41 : Training Loss: 8.8796062469, Validation Loss: 9.7024574280, Training R-squared: 0.4831959903, Validation R-squared: 0.3952816427
2023-11-23 17:57:00,095 - INFO - Epoch 42 : Training Loss: 8.8604650497, Validation Loss: 9.6397857666, Training R-squared: 0.4848915040, Validation R-squared: 0.4037318528
2023-11-23 17:57:04,714 - INFO - Epoch 43 : Training Loss: 8.8457231522, Validation Loss: 9.7105970383, Training R-squared: 0.4867824018, Validation R-squared: 0.3938266039
2023-11-23 17:57:09,309 - INFO - Epoch 44 : Training Loss: 8.8088569641, Validation Loss: 9.6296777725, Training R-squared: 0.4913585484, Validation R-squared: 0.4046499729
2023-11-23 17:57:13,792 - INFO - Epoch 45 : Training Loss: 8.8006534576, Validation Loss: 9.6196632385, Training R-squared: 0.4919256270, Validation R-squared: 0.4060643911
2023-11-23 17:57:19,188 - INFO - Epoch 46 : Training Loss: 8.7718858719, Validation Loss: 9.6367120743, Training R-squared: 0.4956155419, Validation R-squared: 0.4038216174
2023-11-23 17:57:23,675 - INFO - Epoch 47 : Training Loss: 8.7709360123, Validation Loss: 9.6117591858, Training R-squared: 0.4953424335, Validation R-squared: 0.4067362547
2023-11-23 17:57:28,072 - INFO - Epoch 48 : Training Loss: 8.7471742630, Validation Loss: 9.5881643295, Training R-squared: 0.4984479547, Validation R-squared: 0.4098386467
2023-11-23 17:57:32,462 - INFO - Epoch 49 : Training Loss: 8.7193908691, Validation Loss: 9.6050901413, Training R-squared: 0.5022774935, Validation R-squared: 0.4078084528
2023-11-23 17:57:36,890 - INFO - Epoch 50 : Training Loss: 8.7044286728, Validation Loss: 9.6020212173, Training R-squared: 0.5024430156, Validation R-squared: 0.4080668688
2023-11-23 17:57:41,418 - INFO - Epoch 51 : Training Loss: 8.6775770187, Validation Loss: 9.5961189270, Training R-squared: 0.5063190460, Validation R-squared: 0.4087519050
2023-11-23 17:57:45,980 - INFO - Epoch 52 : Training Loss: 8.6613111496, Validation Loss: 9.5817775726, Training R-squared: 0.5080709457, Validation R-squared: 0.4103630483
2023-11-23 17:57:50,570 - INFO - Epoch 53 : Training Loss: 8.6377286911, Validation Loss: 9.5648584366, Training R-squared: 0.5086996555, Validation R-squared: 0.4127458930
2023-11-23 17:57:55,205 - INFO - Epoch 54 : Training Loss: 8.6216516495, Validation Loss: 9.5495681763, Training R-squared: 0.5095934272, Validation R-squared: 0.4147004485
2023-11-23 17:57:59,776 - INFO - Epoch 55 : Training Loss: 8.5998973846, Validation Loss: 9.5430459976, Training R-squared: 0.5134379864, Validation R-squared: 0.4154026508
2023-11-23 17:58:04,324 - INFO - Epoch 56 : Training Loss: 8.5903959274, Validation Loss: 9.5665426254, Training R-squared: 0.5145156384, Validation R-squared: 0.4122413993
2023-11-23 17:58:08,870 - INFO - Epoch 57 : Training Loss: 8.5680246353, Validation Loss: 9.5400133133, Training R-squared: 0.5179577470, Validation R-squared: 0.4154449403
2023-11-23 17:58:13,242 - INFO - Epoch 58 : Training Loss: 8.5484123230, Validation Loss: 9.5312633514, Training R-squared: 0.5196427703, Validation R-squared: 0.4163898826
2023-11-23 17:58:17,852 - INFO - Epoch 59 : Training Loss: 8.5261650085, Validation Loss: 9.5610198975, Training R-squared: 0.5224744081, Validation R-squared: 0.4124225080
2023-11-23 17:58:22,285 - INFO - Epoch 60 : Training Loss: 8.5149507523, Validation Loss: 9.5791368484, Training R-squared: 0.5248453617, Validation R-squared: 0.4100002646
2023-11-23 17:58:26,730 - INFO - Epoch 61 : Training Loss: 8.4894828796, Validation Loss: 9.5197124481, Training R-squared: 0.5263531208, Validation R-squared: 0.4178844690
2023-11-23 17:58:31,223 - INFO - Epoch 62 : Training Loss: 8.4698457718, Validation Loss: 9.5505189896, Training R-squared: 0.5291624069, Validation R-squared: 0.4135172069
2023-11-23 17:58:35,749 - INFO - Epoch 63 : Training Loss: 8.4552106857, Validation Loss: 9.6022043228, Training R-squared: 0.5295746326, Validation R-squared: 0.4068996012
2023-11-23 17:58:40,408 - INFO - Epoch 64 : Training Loss: 8.4229106903, Validation Loss: 9.4979619980, Training R-squared: 0.5319315195, Validation R-squared: 0.4199094176
2023-11-23 17:58:44,963 - INFO - Epoch 65 : Training Loss: 8.4042215347, Validation Loss: 9.5572929382, Training R-squared: 0.5347989202, Validation R-squared: 0.4121080935
2023-11-23 17:58:49,497 - INFO - Epoch 66 : Training Loss: 8.4103193283, Validation Loss: 9.5335741043, Training R-squared: 0.5344238877, Validation R-squared: 0.4151711464
2023-11-23 17:58:54,243 - INFO - Epoch 67 : Training Loss: 8.3916330338, Validation Loss: 9.5169801712, Training R-squared: 0.5373784900, Validation R-squared: 0.4173657298
2023-11-23 17:58:58,741 - INFO - Epoch 68 : Training Loss: 8.3602266312, Validation Loss: 9.4814691544, Training R-squared: 0.5397329330, Validation R-squared: 0.4219197035
2023-11-23 17:59:03,083 - INFO - Epoch 69 : Training Loss: 8.3494777679, Validation Loss: 9.5256061554, Training R-squared: 0.5406670570, Validation R-squared: 0.4155862629
2023-11-23 17:59:07,649 - INFO - Epoch 70 : Training Loss: 8.3277368546, Validation Loss: 9.5676193237, Training R-squared: 0.5439602733, Validation R-squared: 0.4102142751
2023-11-23 17:59:12,055 - INFO - Epoch 71 : Training Loss: 8.3022441864, Validation Loss: 9.5766487122, Training R-squared: 0.5471587181, Validation R-squared: 0.4088810086
2023-11-23 17:59:16,617 - INFO - Epoch 72 : Training Loss: 8.3020229340, Validation Loss: 9.5319957733, Training R-squared: 0.5471545458, Validation R-squared: 0.4147600234
2023-11-23 17:59:21,151 - INFO - Epoch 73 : Training Loss: 8.2867183685, Validation Loss: 9.5108575821, Training R-squared: 0.5472515225, Validation R-squared: 0.4172084332
2023-11-23 17:59:29,809 - INFO - Model saved to models/portion_model/lunch/512_512_200_64/sparsity_75_fold_2_model.keras
2023-11-23 17:59:35,222 - INFO - Avg Metrics: RMSE: 7.6716036101, R-squared: -1.1471483707, PCC: 0.5965360119
2023-11-23 17:59:35,222 - INFO - Agg Metrics: RMSE: 9.5875325249, R-squared: 0.4179806156, PCC: 0.6490544682
2023-11-23 17:59:41,080 - INFO - ================================================================== Fold 3 ===================================================================
2023-11-23 17:59:47,701 - INFO - Epoch 1  : Training Loss: 12.1604890823, Validation Loss: 12.0830707550, Training R-squared: 0.0368973128, Validation R-squared: 0.0464211926
2023-11-23 17:59:52,196 - INFO - Epoch 2  : Training Loss: 12.0215711594, Validation Loss: 11.7393341064, Training R-squared: 0.0618976392, Validation R-squared: 0.1014010087
2023-11-23 17:59:56,742 - INFO - Epoch 3  : Training Loss: 11.5007219315, Validation Loss: 11.0817070007, Training R-squared: 0.1417251378, Validation R-squared: 0.2016193867
2023-11-23 18:00:01,280 - INFO - Epoch 4  : Training Loss: 10.8669013977, Validation Loss: 10.6871099472, Training R-squared: 0.2324760556, Validation R-squared: 0.2581936121
2023-11-23 18:00:05,888 - INFO - Epoch 5  : Training Loss: 10.6455278397, Validation Loss: 10.5815238953, Training R-squared: 0.2635592222, Validation R-squared: 0.2727552056
2023-11-23 18:00:10,411 - INFO - Epoch 6  : Training Loss: 10.5369901657, Validation Loss: 10.5163021088, Training R-squared: 0.2781058848, Validation R-squared: 0.2817485929
2023-11-23 18:00:14,917 - INFO - Epoch 7  : Training Loss: 10.4613466263, Validation Loss: 10.4923114777, Training R-squared: 0.2889438570, Validation R-squared: 0.2851864100
2023-11-23 18:00:19,728 - INFO - Epoch 8  : Training Loss: 10.4056034088, Validation Loss: 10.4460983276, Training R-squared: 0.2965407073, Validation R-squared: 0.2915149033
2023-11-23 18:00:24,377 - INFO - Epoch 9  : Training Loss: 10.3110780716, Validation Loss: 10.3933658600, Training R-squared: 0.3092938662, Validation R-squared: 0.2983440161
2023-11-23 18:00:28,812 - INFO - Epoch 10 : Training Loss: 10.2319450378, Validation Loss: 10.3470001221, Training R-squared: 0.3184031844, Validation R-squared: 0.3045388162
2023-11-23 18:00:33,201 - INFO - Epoch 11 : Training Loss: 10.1569004059, Validation Loss: 10.3129348755, Training R-squared: 0.3295204043, Validation R-squared: 0.3089633286
2023-11-23 18:00:37,622 - INFO - Epoch 12 : Training Loss: 10.0846977234, Validation Loss: 10.2741327286, Training R-squared: 0.3373332024, Validation R-squared: 0.3142639399
2023-11-23 18:00:42,039 - INFO - Epoch 13 : Training Loss: 10.0326976776, Validation Loss: 10.2362909317, Training R-squared: 0.3444829583, Validation R-squared: 0.3192009330
2023-11-23 18:00:46,549 - INFO - Epoch 14 : Training Loss: 9.9787855148, Validation Loss: 10.2095775604, Training R-squared: 0.3515539765, Validation R-squared: 0.3224285245
2023-11-23 18:00:51,120 - INFO - Epoch 15 : Training Loss: 9.9185028076, Validation Loss: 10.1614866257, Training R-squared: 0.3591834903, Validation R-squared: 0.3290848136
2023-11-23 18:00:55,734 - INFO - Epoch 16 : Training Loss: 9.8631639481, Validation Loss: 10.1311893463, Training R-squared: 0.3677527905, Validation R-squared: 0.3328340054
2023-11-23 18:01:00,292 - INFO - Epoch 17 : Training Loss: 9.7964029312, Validation Loss: 10.0979328156, Training R-squared: 0.3750302792, Validation R-squared: 0.3372148275
2023-11-23 18:01:04,800 - INFO - Epoch 18 : Training Loss: 9.7498989105, Validation Loss: 10.0592908859, Training R-squared: 0.3810112178, Validation R-squared: 0.3425329328
2023-11-23 18:01:09,476 - INFO - Epoch 19 : Training Loss: 9.6877498627, Validation Loss: 10.0233364105, Training R-squared: 0.3884894252, Validation R-squared: 0.3469260633
2023-11-23 18:01:14,006 - INFO - Epoch 20 : Training Loss: 9.6243772507, Validation Loss: 9.9902467728, Training R-squared: 0.3968095779, Validation R-squared: 0.3508277237
2023-11-23 18:01:18,711 - INFO - Epoch 21 : Training Loss: 9.5627069473, Validation Loss: 9.9481906891, Training R-squared: 0.4034171104, Validation R-squared: 0.3563074768
2023-11-23 18:01:23,044 - INFO - Epoch 22 : Training Loss: 9.5109968185, Validation Loss: 9.9149351120, Training R-squared: 0.4091000557, Validation R-squared: 0.3601783514
2023-11-23 18:01:27,650 - INFO - Epoch 23 : Training Loss: 9.4647760391, Validation Loss: 9.8737783432, Training R-squared: 0.4167472124, Validation R-squared: 0.3655182421
2023-11-23 18:01:32,131 - INFO - Epoch 24 : Training Loss: 9.4112062454, Validation Loss: 9.8363323212, Training R-squared: 0.4227159917, Validation R-squared: 0.3704451919
2023-11-23 18:01:36,545 - INFO - Epoch 25 : Training Loss: 9.3583326340, Validation Loss: 9.8164205551, Training R-squared: 0.4295848608, Validation R-squared: 0.3727154434
2023-11-23 18:01:41,099 - INFO - Epoch 26 : Training Loss: 9.3138494492, Validation Loss: 9.7809476852, Training R-squared: 0.4348205626, Validation R-squared: 0.3774123192
2023-11-23 18:01:45,641 - INFO - Epoch 27 : Training Loss: 9.2809228897, Validation Loss: 9.7598171234, Training R-squared: 0.4392379522, Validation R-squared: 0.3799300790
2023-11-23 18:01:50,187 - INFO - Epoch 28 : Training Loss: 9.2415647507, Validation Loss: 9.7341547012, Training R-squared: 0.4435708821, Validation R-squared: 0.3834207654
2023-11-23 18:01:54,827 - INFO - Epoch 29 : Training Loss: 9.2083950043, Validation Loss: 9.7125053406, Training R-squared: 0.4478183985, Validation R-squared: 0.3859964013
2023-11-23 18:01:59,386 - INFO - Epoch 30 : Training Loss: 9.1666936874, Validation Loss: 9.6878299713, Training R-squared: 0.4526265860, Validation R-squared: 0.3889862895
2023-11-23 18:02:03,763 - INFO - Epoch 31 : Training Loss: 9.1294565201, Validation Loss: 9.6923961639, Training R-squared: 0.4569153488, Validation R-squared: 0.3878842592
2023-11-23 18:02:08,245 - INFO - Epoch 32 : Training Loss: 9.0907535553, Validation Loss: 9.6673927307, Training R-squared: 0.4615983367, Validation R-squared: 0.3912929296
2023-11-23 18:02:12,692 - INFO - Epoch 33 : Training Loss: 9.0561275482, Validation Loss: 9.6503267288, Training R-squared: 0.4654935598, Validation R-squared: 0.3938634396
2023-11-23 18:02:17,520 - INFO - Epoch 34 : Training Loss: 9.0407943726, Validation Loss: 9.6483402252, Training R-squared: 0.4661648870, Validation R-squared: 0.3937182426
2023-11-23 18:02:21,989 - INFO - Epoch 35 : Training Loss: 8.9993095398, Validation Loss: 9.6453828812, Training R-squared: 0.4713736475, Validation R-squared: 0.3943291306
2023-11-23 18:02:26,516 - INFO - Epoch 36 : Training Loss: 8.9869661331, Validation Loss: 9.6477785110, Training R-squared: 0.4744528234, Validation R-squared: 0.3935889602
2023-11-23 18:02:31,037 - INFO - Epoch 37 : Training Loss: 8.9754323959, Validation Loss: 9.6207828522, Training R-squared: 0.4732642472, Validation R-squared: 0.3971432745
2023-11-23 18:02:35,563 - INFO - Epoch 38 : Training Loss: 8.9440031052, Validation Loss: 9.6439514160, Training R-squared: 0.4784117043, Validation R-squared: 0.3936572969
2023-11-23 18:02:40,117 - INFO - Epoch 39 : Training Loss: 8.9234285355, Validation Loss: 9.6335878372, Training R-squared: 0.4811082184, Validation R-squared: 0.3952268660
2023-11-23 18:02:44,761 - INFO - Epoch 40 : Training Loss: 8.8882246017, Validation Loss: 9.6337404251, Training R-squared: 0.4852311015, Validation R-squared: 0.3948446512
2023-11-23 18:02:49,273 - INFO - Epoch 41 : Training Loss: 8.8683147430, Validation Loss: 9.6268939972, Training R-squared: 0.4877381921, Validation R-squared: 0.3958553076
2023-11-23 18:02:53,733 - INFO - Epoch 42 : Training Loss: 8.8350811005, Validation Loss: 9.6258668900, Training R-squared: 0.4887745678, Validation R-squared: 0.3958608508
2023-11-23 18:03:02,349 - INFO - Model saved to models/portion_model/lunch/512_512_200_64/sparsity_75_fold_3_model.keras
2023-11-23 18:03:07,685 - INFO - Avg Metrics: RMSE: 7.7610276728, R-squared: -0.7723635709, PCC: 0.5516311445
2023-11-23 18:03:07,686 - INFO - Agg Metrics: RMSE: 9.7544969974, R-squared: 0.3887367846, PCC: 0.6253770757
2023-11-23 18:03:13,967 - INFO - ================================================================== Fold 4 ===================================================================
2023-11-23 18:03:20,702 - INFO - Epoch 1  : Training Loss: 12.1104755402, Validation Loss: 12.3418855667, Training R-squared: 0.0363429859, Validation R-squared: 0.0437127203
2023-11-23 18:03:25,248 - INFO - Epoch 2  : Training Loss: 11.9592971802, Validation Loss: 12.0032978058, Training R-squared: 0.0609225035, Validation R-squared: 0.0956318378
2023-11-23 18:03:29,760 - INFO - Epoch 3  : Training Loss: 11.4190511703, Validation Loss: 11.2954053879, Training R-squared: 0.1426343322, Validation R-squared: 0.1991758198
2023-11-23 18:03:34,292 - INFO - Epoch 4  : Training Loss: 10.7909784317, Validation Loss: 10.9360074997, Training R-squared: 0.2347386628, Validation R-squared: 0.2501867712
2023-11-23 18:03:38,696 - INFO - Epoch 5  : Training Loss: 10.5789480209, Validation Loss: 10.8479328156, Training R-squared: 0.2651260793, Validation R-squared: 0.2630955875
2023-11-23 18:03:43,141 - INFO - Epoch 6  : Training Loss: 10.5001134872, Validation Loss: 10.7983827591, Training R-squared: 0.2749226987, Validation R-squared: 0.2701922655
2023-11-23 18:03:48,089 - INFO - Epoch 7  : Training Loss: 10.4165000916, Validation Loss: 10.7314529419, Training R-squared: 0.2865142226, Validation R-squared: 0.2790871859
2023-11-23 18:03:53,189 - INFO - Epoch 8  : Training Loss: 10.3290710449, Validation Loss: 10.6872014999, Training R-squared: 0.2979420722, Validation R-squared: 0.2858430147
2023-11-23 18:03:57,889 - INFO - Epoch 9  : Training Loss: 10.2675876617, Validation Loss: 10.6379537582, Training R-squared: 0.3072347939, Validation R-squared: 0.2924261987
2023-11-23 18:04:02,296 - INFO - Epoch 10 : Training Loss: 10.2086114883, Validation Loss: 10.5887451172, Training R-squared: 0.3153291941, Validation R-squared: 0.2992985845
2023-11-23 18:04:06,859 - INFO - Epoch 11 : Training Loss: 10.1235361099, Validation Loss: 10.5325431824, Training R-squared: 0.3258313239, Validation R-squared: 0.3066082597
2023-11-23 18:04:11,474 - INFO - Epoch 12 : Training Loss: 10.0387516022, Validation Loss: 10.4903268814, Training R-squared: 0.3369993865, Validation R-squared: 0.3118177652
2023-11-23 18:04:15,986 - INFO - Epoch 13 : Training Loss: 9.9815835953, Validation Loss: 10.4362583160, Training R-squared: 0.3440110981, Validation R-squared: 0.3195032775
2023-11-23 18:04:20,757 - INFO - Epoch 14 : Training Loss: 9.9168586731, Validation Loss: 10.3885202408, Training R-squared: 0.3522971570, Validation R-squared: 0.3259113431
2023-11-23 18:04:25,294 - INFO - Epoch 15 : Training Loss: 9.8706960678, Validation Loss: 10.3486423492, Training R-squared: 0.3578705192, Validation R-squared: 0.3307503760
2023-11-23 18:04:29,783 - INFO - Epoch 16 : Training Loss: 9.8165559769, Validation Loss: 10.3178215027, Training R-squared: 0.3652665913, Validation R-squared: 0.3349916637
2023-11-23 18:04:34,250 - INFO - Epoch 17 : Training Loss: 9.7553758621, Validation Loss: 10.2736177444, Training R-squared: 0.3719294369, Validation R-squared: 0.3405537903
2023-11-23 18:04:38,642 - INFO - Epoch 18 : Training Loss: 9.6982841492, Validation Loss: 10.2317771912, Training R-squared: 0.3805374503, Validation R-squared: 0.3458726704
2023-11-23 18:04:43,073 - INFO - Epoch 19 : Training Loss: 9.6500215530, Validation Loss: 10.1847972870, Training R-squared: 0.3867207170, Validation R-squared: 0.3524509072
2023-11-23 18:04:47,528 - INFO - Epoch 20 : Training Loss: 9.5618448257, Validation Loss: 10.1438474655, Training R-squared: 0.3968299925, Validation R-squared: 0.3572547138
2023-11-23 18:04:52,130 - INFO - Epoch 21 : Training Loss: 9.5333757401, Validation Loss: 10.1147327423, Training R-squared: 0.4022729397, Validation R-squared: 0.3610695899
2023-11-23 18:04:56,711 - INFO - Epoch 22 : Training Loss: 9.4670038223, Validation Loss: 10.0642156601, Training R-squared: 0.4097691178, Validation R-squared: 0.3675226867
2023-11-23 18:05:01,375 - INFO - Epoch 23 : Training Loss: 9.4146633148, Validation Loss: 10.0290498734, Training R-squared: 0.4161305428, Validation R-squared: 0.3719843924
2023-11-23 18:05:05,883 - INFO - Epoch 24 : Training Loss: 9.3673915863, Validation Loss: 10.0109853745, Training R-squared: 0.4217275381, Validation R-squared: 0.3742359281
2023-11-23 18:05:10,458 - INFO - Epoch 25 : Training Loss: 9.3314981461, Validation Loss: 9.9674320221, Training R-squared: 0.4253754318, Validation R-squared: 0.3794673979
2023-11-23 18:05:14,985 - INFO - Epoch 26 : Training Loss: 9.2771310806, Validation Loss: 9.9377269745, Training R-squared: 0.4317031801, Validation R-squared: 0.3832712173
2023-11-23 18:05:20,447 - INFO - Epoch 27 : Training Loss: 9.2441339493, Validation Loss: 9.9154481888, Training R-squared: 0.4372105896, Validation R-squared: 0.3860504627
2023-11-23 18:05:25,007 - INFO - Epoch 28 : Training Loss: 9.2134208679, Validation Loss: 9.8949623108, Training R-squared: 0.4398468435, Validation R-squared: 0.3885448575
2023-11-23 18:05:29,500 - INFO - Epoch 29 : Training Loss: 9.1747398376, Validation Loss: 9.8762149811, Training R-squared: 0.4446774423, Validation R-squared: 0.3906287849
2023-11-23 18:05:33,854 - INFO - Epoch 30 : Training Loss: 9.1309223175, Validation Loss: 9.8519563675, Training R-squared: 0.4506995380, Validation R-squared: 0.3941935301
2023-11-23 18:05:38,339 - INFO - Epoch 31 : Training Loss: 9.1173954010, Validation Loss: 9.8701114655, Training R-squared: 0.4530964494, Validation R-squared: 0.3915899992
2023-11-23 18:05:42,756 - INFO - Epoch 32 : Training Loss: 9.0967493057, Validation Loss: 9.8503284454, Training R-squared: 0.4557102621, Validation R-squared: 0.3942575753
2023-11-23 18:05:47,211 - INFO - Epoch 33 : Training Loss: 9.0713357925, Validation Loss: 9.8597984314, Training R-squared: 0.4575490355, Validation R-squared: 0.3930120766
2023-11-23 18:05:51,871 - INFO - Epoch 34 : Training Loss: 9.0407752991, Validation Loss: 9.8316469193, Training R-squared: 0.4606107473, Validation R-squared: 0.3964773118
2023-11-23 18:05:56,396 - INFO - Epoch 35 : Training Loss: 9.0153446198, Validation Loss: 9.8335504532, Training R-squared: 0.4629096985, Validation R-squared: 0.3962531388
2023-11-23 18:06:00,938 - INFO - Epoch 36 : Training Loss: 9.0004272461, Validation Loss: 9.8260450363, Training R-squared: 0.4664856493, Validation R-squared: 0.3972702622
2023-11-23 18:06:05,546 - INFO - Epoch 37 : Training Loss: 8.9652566910, Validation Loss: 9.8292741776, Training R-squared: 0.4694671631, Validation R-squared: 0.3965896666
2023-11-23 18:06:10,045 - INFO - Epoch 38 : Training Loss: 8.9500865936, Validation Loss: 9.8040494919, Training R-squared: 0.4703202546, Validation R-squared: 0.4000430405
2023-11-23 18:06:14,596 - INFO - Epoch 39 : Training Loss: 8.9300661087, Validation Loss: 9.8112716675, Training R-squared: 0.4743508399, Validation R-squared: 0.3988408744
2023-11-23 18:06:19,252 - INFO - Epoch 40 : Training Loss: 8.9182596207, Validation Loss: 9.8126754761, Training R-squared: 0.4749682546, Validation R-squared: 0.3989200592
2023-11-23 18:06:23,610 - INFO - Epoch 41 : Training Loss: 8.8857183456, Validation Loss: 9.7841558456, Training R-squared: 0.4776411057, Validation R-squared: 0.4022167623
2023-11-23 18:06:28,027 - INFO - Epoch 42 : Training Loss: 8.8667011261, Validation Loss: 9.7975997925, Training R-squared: 0.4817866385, Validation R-squared: 0.3999963999
2023-11-23 18:06:32,560 - INFO - Epoch 43 : Training Loss: 8.8453140259, Validation Loss: 9.7655391693, Training R-squared: 0.4823139310, Validation R-squared: 0.4040942192
2023-11-23 18:06:37,000 - INFO - Epoch 44 : Training Loss: 8.8166141510, Validation Loss: 9.7725877762, Training R-squared: 0.4866116047, Validation R-squared: 0.4032180905
2023-11-23 18:06:41,594 - INFO - Epoch 45 : Training Loss: 8.7953872681, Validation Loss: 9.7954635620, Training R-squared: 0.4880725443, Validation R-squared: 0.3999507129
2023-11-23 18:06:46,187 - INFO - Epoch 46 : Training Loss: 8.7856187820, Validation Loss: 9.7703819275, Training R-squared: 0.4895143807, Validation R-squared: 0.4032051563
2023-11-23 18:06:50,720 - INFO - Epoch 47 : Training Loss: 8.7576179504, Validation Loss: 9.7584733963, Training R-squared: 0.4940289855, Validation R-squared: 0.4047222435
2023-11-23 18:06:55,301 - INFO - Epoch 48 : Training Loss: 8.7379665375, Validation Loss: 9.7676420212, Training R-squared: 0.4954195321, Validation R-squared: 0.4033935368
2023-11-23 18:06:59,995 - INFO - Epoch 49 : Training Loss: 8.7241039276, Validation Loss: 9.7545223236, Training R-squared: 0.4966597855, Validation R-squared: 0.4047414064
2023-11-23 18:07:04,465 - INFO - Epoch 50 : Training Loss: 8.6991968155, Validation Loss: 9.7382001877, Training R-squared: 0.4992615879, Validation R-squared: 0.4066439569
2023-11-23 18:07:08,825 - INFO - Epoch 51 : Training Loss: 8.6799583435, Validation Loss: 9.7336683273, Training R-squared: 0.5026683807, Validation R-squared: 0.4073479474
2023-11-23 18:07:13,381 - INFO - Epoch 52 : Training Loss: 8.6663246155, Validation Loss: 9.7370033264, Training R-squared: 0.5038215518, Validation R-squared: 0.4067790210
2023-11-23 18:07:18,016 - INFO - Epoch 53 : Training Loss: 8.6219234467, Validation Loss: 9.7229261398, Training R-squared: 0.5087537766, Validation R-squared: 0.4085963964
2023-11-23 18:07:22,470 - INFO - Epoch 54 : Training Loss: 8.6181697845, Validation Loss: 9.7155961990, Training R-squared: 0.5095930099, Validation R-squared: 0.4089781642
2023-11-23 18:07:26,974 - INFO - Epoch 55 : Training Loss: 8.5790853500, Validation Loss: 9.7392139435, Training R-squared: 0.5131847858, Validation R-squared: 0.4056647122
2023-11-23 18:07:31,494 - INFO - Epoch 56 : Training Loss: 8.5647459030, Validation Loss: 9.7227716446, Training R-squared: 0.5144736171, Validation R-squared: 0.4076296687
2023-11-23 18:07:35,980 - INFO - Epoch 57 : Training Loss: 8.5429344177, Validation Loss: 9.7109165192, Training R-squared: 0.5178222060, Validation R-squared: 0.4090682268
2023-11-23 18:07:40,522 - INFO - Epoch 58 : Training Loss: 8.5307159424, Validation Loss: 9.7405357361, Training R-squared: 0.5188047886, Validation R-squared: 0.4049842358
2023-11-23 18:07:45,082 - INFO - Epoch 59 : Training Loss: 8.5020656586, Validation Loss: 9.7098464966, Training R-squared: 0.5219817758, Validation R-squared: 0.4092150927
2023-11-23 18:07:49,543 - INFO - Epoch 60 : Training Loss: 8.4681577682, Validation Loss: 9.7248058319, Training R-squared: 0.5253058672, Validation R-squared: 0.4064518511
2023-11-23 18:07:53,961 - INFO - Epoch 61 : Training Loss: 8.4688558578, Validation Loss: 9.6849861145, Training R-squared: 0.5256500840, Validation R-squared: 0.4116731882
2023-11-23 18:07:58,364 - INFO - Epoch 62 : Training Loss: 8.4418964386, Validation Loss: 9.6783447266, Training R-squared: 0.5283172727, Validation R-squared: 0.4130618572
2023-11-23 18:08:02,817 - INFO - Epoch 63 : Training Loss: 8.4263210297, Validation Loss: 9.7187309265, Training R-squared: 0.5310298800, Validation R-squared: 0.4070319235
2023-11-23 18:08:07,495 - INFO - Epoch 64 : Training Loss: 8.4048357010, Validation Loss: 9.6967058182, Training R-squared: 0.5324086547, Validation R-squared: 0.4097779989
2023-11-23 18:08:12,039 - INFO - Epoch 65 : Training Loss: 8.3893985748, Validation Loss: 9.6771326065, Training R-squared: 0.5340722203, Validation R-squared: 0.4125047922
2023-11-23 18:08:17,108 - INFO - Epoch 66 : Training Loss: 8.3716478348, Validation Loss: 9.6948976517, Training R-squared: 0.5347867608, Validation R-squared: 0.4105151594
2023-11-23 18:08:21,746 - INFO - Epoch 67 : Training Loss: 8.3463249207, Validation Loss: 9.7023954391, Training R-squared: 0.5396029353, Validation R-squared: 0.4086668491
2023-11-23 18:08:26,343 - INFO - Epoch 68 : Training Loss: 8.3343143463, Validation Loss: 9.7091503143, Training R-squared: 0.5396108627, Validation R-squared: 0.4074145555
2023-11-23 18:08:30,892 - INFO - Epoch 69 : Training Loss: 8.3123245239, Validation Loss: 9.6707973480, Training R-squared: 0.5422379375, Validation R-squared: 0.4129989445
2023-11-23 18:08:35,415 - INFO - Epoch 70 : Training Loss: 8.3026361465, Validation Loss: 9.7035131454, Training R-squared: 0.5425040722, Validation R-squared: 0.4079088867
2023-11-23 18:08:39,951 - INFO - Epoch 71 : Training Loss: 8.2930650711, Validation Loss: 9.6895637512, Training R-squared: 0.5439454913, Validation R-squared: 0.4101941586
2023-11-23 18:08:44,344 - INFO - Epoch 72 : Training Loss: 8.2551374435, Validation Loss: 9.6851329803, Training R-squared: 0.5479612947, Validation R-squared: 0.4104332030
2023-11-23 18:08:48,709 - INFO - Epoch 73 : Training Loss: 8.2408018112, Validation Loss: 9.6540536880, Training R-squared: 0.5490249991, Validation R-squared: 0.4146147072
2023-11-23 18:08:53,341 - INFO - Epoch 74 : Training Loss: 8.2204170227, Validation Loss: 9.7187509537, Training R-squared: 0.5514047146, Validation R-squared: 0.4058231115
2023-11-23 18:08:57,740 - INFO - Epoch 75 : Training Loss: 8.2148561478, Validation Loss: 9.6327152252, Training R-squared: 0.5528178215, Validation R-squared: 0.4170165658
2023-11-23 18:09:02,268 - INFO - Epoch 76 : Training Loss: 8.1998481750, Validation Loss: 9.7154951096, Training R-squared: 0.5549037457, Validation R-squared: 0.4063925445
2023-11-23 18:09:06,843 - INFO - Epoch 77 : Training Loss: 8.1831808090, Validation Loss: 9.6679010391, Training R-squared: 0.5562755466, Validation R-squared: 0.4126217961
2023-11-23 18:09:11,379 - INFO - Epoch 78 : Training Loss: 8.1757907867, Validation Loss: 9.6830768585, Training R-squared: 0.5574890375, Validation R-squared: 0.4101096392
2023-11-23 18:09:15,990 - INFO - Epoch 79 : Training Loss: 8.1503553391, Validation Loss: 9.7008590698, Training R-squared: 0.5600618124, Validation R-squared: 0.4077498317
2023-11-23 18:09:20,677 - INFO - Epoch 80 : Training Loss: 8.1339082718, Validation Loss: 9.6897306442, Training R-squared: 0.5600677729, Validation R-squared: 0.4094834626
2023-11-23 18:09:29,116 - INFO - Model saved to models/portion_model/lunch/512_512_200_64/sparsity_75_fold_4_model.keras
2023-11-23 18:09:34,696 - INFO - Avg Metrics: RMSE: 7.5979377090, R-squared: -0.9739180140, PCC: 0.6030234435
2023-11-23 18:09:34,697 - INFO - Agg Metrics: RMSE: 9.7949272461, R-squared: 0.4109298324, PCC: 0.6448913546
2023-11-23 18:09:41,031 - INFO - ================================================================== Fold 5 ===================================================================
2023-11-23 18:09:47,597 - INFO - Epoch 1  : Training Loss: 12.2429113388, Validation Loss: 11.8199920654, Training R-squared: 0.0374567956, Validation R-squared: 0.0424471647
2023-11-23 18:09:52,170 - INFO - Epoch 2  : Training Loss: 12.0889196396, Validation Loss: 11.5246486664, Training R-squared: 0.0600466542, Validation R-squared: 0.0897336826
2023-11-23 18:09:56,729 - INFO - Epoch 3  : Training Loss: 11.6522598267, Validation Loss: 11.0257272720, Training R-squared: 0.1277454346, Validation R-squared: 0.1676955819
2023-11-23 18:10:01,330 - INFO - Epoch 4  : Training Loss: 10.9565162659, Validation Loss: 10.4636440277, Training R-squared: 0.2279877216, Validation R-squared: 0.2486205101
2023-11-23 18:10:05,926 - INFO - Epoch 5  : Training Loss: 10.7007360458, Validation Loss: 10.4111242294, Training R-squared: 0.2646506727, Validation R-squared: 0.2562516630
2023-11-23 18:10:10,449 - INFO - Epoch 6  : Training Loss: 10.6371173859, Validation Loss: 10.3952798843, Training R-squared: 0.2739401460, Validation R-squared: 0.2579814792
2023-11-23 18:10:15,011 - INFO - Epoch 7  : Training Loss: 10.5867185593, Validation Loss: 10.3551111221, Training R-squared: 0.2799815536, Validation R-squared: 0.2641227543
2023-11-23 18:10:19,558 - INFO - Epoch 8  : Training Loss: 10.5263433456, Validation Loss: 10.2937917709, Training R-squared: 0.2874282002, Validation R-squared: 0.2730659246
2023-11-23 18:10:23,910 - INFO - Epoch 9  : Training Loss: 10.4563999176, Validation Loss: 10.2702455521, Training R-squared: 0.2981676757, Validation R-squared: 0.2757554352
2023-11-23 18:10:28,339 - INFO - Epoch 10 : Training Loss: 10.3889923096, Validation Loss: 10.2133922577, Training R-squared: 0.3060525656, Validation R-squared: 0.2840251327
2023-11-23 18:10:32,786 - INFO - Epoch 11 : Training Loss: 10.3135251999, Validation Loss: 10.1635084152, Training R-squared: 0.3160462081, Validation R-squared: 0.2915413082
2023-11-23 18:10:37,278 - INFO - Epoch 12 : Training Loss: 10.2595224380, Validation Loss: 10.1134862900, Training R-squared: 0.3232916594, Validation R-squared: 0.2981309593
2023-11-23 18:10:41,817 - INFO - Epoch 13 : Training Loss: 10.1927824020, Validation Loss: 10.0777902603, Training R-squared: 0.3318230510, Validation R-squared: 0.3026843071
2023-11-23 18:10:46,338 - INFO - Epoch 14 : Training Loss: 10.1384315491, Validation Loss: 10.0247049332, Training R-squared: 0.3399777412, Validation R-squared: 0.3100850284
2023-11-23 18:10:50,856 - INFO - Epoch 15 : Training Loss: 10.0627584457, Validation Loss: 9.9776926041, Training R-squared: 0.3488571644, Validation R-squared: 0.3161230683
2023-11-23 18:10:55,580 - INFO - Epoch 16 : Training Loss: 9.9798202515, Validation Loss: 9.9208879471, Training R-squared: 0.3595844507, Validation R-squared: 0.3236904740
2023-11-23 18:11:00,131 - INFO - Epoch 17 : Training Loss: 9.8983802795, Validation Loss: 9.8865289688, Training R-squared: 0.3715207577, Validation R-squared: 0.3277869225
2023-11-23 18:11:04,504 - INFO - Epoch 18 : Training Loss: 9.8157558441, Validation Loss: 9.8166494370, Training R-squared: 0.3806588948, Validation R-squared: 0.3381604254
2023-11-23 18:11:08,898 - INFO - Epoch 19 : Training Loss: 9.7561054230, Validation Loss: 9.7835731506, Training R-squared: 0.3871830106, Validation R-squared: 0.3420344591
2023-11-23 18:11:13,361 - INFO - Epoch 20 : Training Loss: 9.6972608566, Validation Loss: 9.7605457306, Training R-squared: 0.3951954544, Validation R-squared: 0.3446675241
2023-11-23 18:11:18,125 - INFO - Epoch 21 : Training Loss: 9.6289319992, Validation Loss: 9.7336969376, Training R-squared: 0.4036720991, Validation R-squared: 0.3479786217
2023-11-23 18:11:22,685 - INFO - Epoch 22 : Training Loss: 9.5819473267, Validation Loss: 9.6821260452, Training R-squared: 0.4107673466, Validation R-squared: 0.3553429246
2023-11-23 18:11:27,182 - INFO - Epoch 23 : Training Loss: 9.5200185776, Validation Loss: 9.6583280563, Training R-squared: 0.4163070023, Validation R-squared: 0.3584348857
2023-11-23 18:11:31,750 - INFO - Epoch 24 : Training Loss: 9.4755249023, Validation Loss: 9.6537628174, Training R-squared: 0.4215324819, Validation R-squared: 0.3587008715
2023-11-23 18:11:36,233 - INFO - Epoch 25 : Training Loss: 9.4313020706, Validation Loss: 9.6432466507, Training R-squared: 0.4282343686, Validation R-squared: 0.3598099351
2023-11-23 18:11:40,795 - INFO - Epoch 26 : Training Loss: 9.4052915573, Validation Loss: 9.6207532883, Training R-squared: 0.4321134686, Validation R-squared: 0.3628499508
2023-11-23 18:11:45,277 - INFO - Epoch 27 : Training Loss: 9.3703374863, Validation Loss: 9.6014070511, Training R-squared: 0.4344942868, Validation R-squared: 0.3657328486
2023-11-23 18:11:49,689 - INFO - Epoch 28 : Training Loss: 9.3335590363, Validation Loss: 9.5773735046, Training R-squared: 0.4396723509, Validation R-squared: 0.3690572977
2023-11-23 18:11:54,126 - INFO - Epoch 29 : Training Loss: 9.2929182053, Validation Loss: 9.5646009445, Training R-squared: 0.4450957775, Validation R-squared: 0.3706596196
2023-11-23 18:11:58,558 - INFO - Epoch 30 : Training Loss: 9.2633266449, Validation Loss: 9.5342321396, Training R-squared: 0.4469851851, Validation R-squared: 0.3745435476
2023-11-23 18:12:03,002 - INFO - Epoch 31 : Training Loss: 9.2463655472, Validation Loss: 9.5298871994, Training R-squared: 0.4496701956, Validation R-squared: 0.3757008910
2023-11-23 18:12:07,580 - INFO - Epoch 32 : Training Loss: 9.2146739960, Validation Loss: 9.5270614624, Training R-squared: 0.4519575238, Validation R-squared: 0.3754763603
2023-11-23 18:12:12,091 - INFO - Epoch 33 : Training Loss: 9.1811656952, Validation Loss: 9.5103416443, Training R-squared: 0.4568375349, Validation R-squared: 0.3777382076
2023-11-23 18:12:17,054 - INFO - Epoch 34 : Training Loss: 9.1709766388, Validation Loss: 9.4976110458, Training R-squared: 0.4582685530, Validation R-squared: 0.3794516027
2023-11-23 18:12:21,782 - INFO - Epoch 35 : Training Loss: 9.1296653748, Validation Loss: 9.5101795197, Training R-squared: 0.4626766145, Validation R-squared: 0.3773801327
2023-11-23 18:12:26,350 - INFO - Epoch 36 : Training Loss: 9.0845546722, Validation Loss: 9.5041322708, Training R-squared: 0.4671779275, Validation R-squared: 0.3782716393
2023-11-23 18:12:30,895 - INFO - Epoch 37 : Training Loss: 9.0744800568, Validation Loss: 9.4790134430, Training R-squared: 0.4698847234, Validation R-squared: 0.3815461099
2023-11-23 18:12:35,452 - INFO - Epoch 38 : Training Loss: 9.0631179810, Validation Loss: 9.4723014832, Training R-squared: 0.4708838761, Validation R-squared: 0.3824433386
2023-11-23 18:12:39,922 - INFO - Epoch 39 : Training Loss: 9.0368709564, Validation Loss: 9.4742937088, Training R-squared: 0.4742324054, Validation R-squared: 0.3821803331
2023-11-23 18:12:44,227 - INFO - Epoch 40 : Training Loss: 9.0032749176, Validation Loss: 9.4859304428, Training R-squared: 0.4779554307, Validation R-squared: 0.3803105354
2023-11-23 18:12:49,006 - INFO - Epoch 41 : Training Loss: 8.9893655777, Validation Loss: 9.4414052963, Training R-squared: 0.4797922373, Validation R-squared: 0.3863148987
2023-11-23 18:12:53,609 - INFO - Epoch 42 : Training Loss: 8.9460792542, Validation Loss: 9.4349174500, Training R-squared: 0.4825674593, Validation R-squared: 0.3872942626
2023-11-23 18:12:58,064 - INFO - Epoch 43 : Training Loss: 8.9296617508, Validation Loss: 9.4210824966, Training R-squared: 0.4854906499, Validation R-squared: 0.3890839219
2023-11-23 18:13:02,692 - INFO - Epoch 44 : Training Loss: 8.8989505768, Validation Loss: 9.4490146637, Training R-squared: 0.4884460568, Validation R-squared: 0.3850935698
2023-11-23 18:13:07,210 - INFO - Epoch 45 : Training Loss: 8.8776378632, Validation Loss: 9.4047307968, Training R-squared: 0.4905236363, Validation R-squared: 0.3914923072
2023-11-23 18:13:11,753 - INFO - Epoch 46 : Training Loss: 8.8707790375, Validation Loss: 9.4068355560, Training R-squared: 0.4920592606, Validation R-squared: 0.3907056451
2023-11-23 18:13:16,366 - INFO - Epoch 47 : Training Loss: 8.8570995331, Validation Loss: 9.4557247162, Training R-squared: 0.4938139319, Validation R-squared: 0.3837186396
2023-11-23 18:13:21,077 - INFO - Epoch 48 : Training Loss: 8.8367862701, Validation Loss: 9.4163761139, Training R-squared: 0.4960802495, Validation R-squared: 0.3891921341
2023-11-23 18:13:25,606 - INFO - Epoch 49 : Training Loss: 8.8057327271, Validation Loss: 9.4399480820, Training R-squared: 0.5007151365, Validation R-squared: 0.3859885037
2023-11-23 18:13:30,041 - INFO - Epoch 50 : Training Loss: 8.7938394547, Validation Loss: 9.4261054993, Training R-squared: 0.5006844997, Validation R-squared: 0.3877452314
2023-11-23 18:13:38,370 - INFO - Model saved to models/portion_model/lunch/512_512_200_64/sparsity_75_fold_5_model.keras
2023-11-23 18:13:44,367 - INFO - Avg Metrics: RMSE: 7.6696643044, R-squared: -3.0681423244, PCC: 0.5470010670
2023-11-23 18:13:44,367 - INFO - Agg Metrics: RMSE: 9.5028792775, R-squared: 0.3897458630, PCC: 0.6270654500
2023-11-23 18:13:52,499 - INFO - ================================================================== Results Summary ===================================================================
2023-11-23 18:13:52,500 - INFO - CrossVal Metrics (Avg.) - RMSE: 7.6588444025  0.0610527211, R2: -1.2645262474  0.0610527211, PCC: 0.5804889902  0.0610527211
2023-11-23 18:13:52,500 - INFO - Testing  Metrics (Avg.) - RMSE: 7.5230865021, R2: 0.0628018509, PCC: 0.6062038018
2023-11-23 18:13:52,500 - INFO - CrossVal Metrics (Agg.) - RMSE: 9.6307495208  0.0610527211, R2: 0.4056409339  0.0610527211, PCC: 0.6396676968  0.0610527211
2023-11-23 18:13:52,500 - INFO - Testing  Metrics (Agg.) - RMSE: 9.5913959363, R2: 0.4184293871, PCC: 0.6500749004
