2023-11-23 07:49:27,173 - INFO - Training model at 20% sparse columns removed...
2023-11-23 07:49:35,357 - INFO - ================================================================== Fold 1 ===================================================================
2023-11-23 07:50:01,145 - INFO - Epoch 1  : Training Loss: 7.0017356873, Validation Loss: 7.0362391472, Training R-squared: 0.0395606905, Validation R-squared: 0.0589386262
2023-11-23 07:50:19,724 - INFO - Epoch 2  : Training Loss: 6.7822370529, Validation Loss: 6.7986073494, Training R-squared: 0.0998641402, Validation R-squared: 0.1209951937
2023-11-23 07:50:37,561 - INFO - Epoch 3  : Training Loss: 6.5394954681, Validation Loss: 6.4111447334, Training R-squared: 0.1621299982, Validation R-squared: 0.2176437229
2023-11-23 07:50:55,622 - INFO - Epoch 4  : Training Loss: 6.2458844185, Validation Loss: 6.2945199013, Training R-squared: 0.2369507551, Validation R-squared: 0.2455463260
2023-11-23 07:51:13,524 - INFO - Epoch 5  : Training Loss: 6.1551308632, Validation Loss: 6.2920145988, Training R-squared: 0.2570303380, Validation R-squared: 0.2465519607
2023-11-23 07:51:32,165 - INFO - Epoch 6  : Training Loss: 6.1213922501, Validation Loss: 6.2696576118, Training R-squared: 0.2650451660, Validation R-squared: 0.2515082061
2023-11-23 07:51:50,471 - INFO - Epoch 7  : Training Loss: 6.0971684456, Validation Loss: 6.2578830719, Training R-squared: 0.2713034451, Validation R-squared: 0.2542160451
2023-11-23 07:52:08,517 - INFO - Epoch 8  : Training Loss: 6.0592494011, Validation Loss: 6.2494716644, Training R-squared: 0.2791478038, Validation R-squared: 0.2563696504
2023-11-23 07:52:27,410 - INFO - Epoch 9  : Training Loss: 6.0306434631, Validation Loss: 6.2407512665, Training R-squared: 0.2873793244, Validation R-squared: 0.2586263120
2023-11-23 07:52:45,964 - INFO - Epoch 10 : Training Loss: 6.0043878555, Validation Loss: 6.2218189240, Training R-squared: 0.2934386730, Validation R-squared: 0.2631427348
2023-11-23 07:53:04,046 - INFO - Epoch 11 : Training Loss: 5.9685750008, Validation Loss: 6.2010807991, Training R-squared: 0.3015253544, Validation R-squared: 0.2679049373
2023-11-23 07:53:22,262 - INFO - Epoch 12 : Training Loss: 5.9425144196, Validation Loss: 6.1849393845, Training R-squared: 0.3076775968, Validation R-squared: 0.2718989849
2023-11-23 07:53:40,615 - INFO - Epoch 13 : Training Loss: 5.9017348289, Validation Loss: 6.1655960083, Training R-squared: 0.3163729012, Validation R-squared: 0.2763870060
2023-11-23 07:54:00,372 - INFO - Epoch 14 : Training Loss: 5.8744535446, Validation Loss: 6.1499810219, Training R-squared: 0.3239230514, Validation R-squared: 0.2804348171
2023-11-23 07:54:18,682 - INFO - Epoch 15 : Training Loss: 5.8409790993, Validation Loss: 6.1378564835, Training R-squared: 0.3312376440, Validation R-squared: 0.2831317186
2023-11-23 07:54:36,609 - INFO - Epoch 16 : Training Loss: 5.8089656830, Validation Loss: 6.1128358841, Training R-squared: 0.3383884430, Validation R-squared: 0.2891590297
2023-11-23 07:54:54,771 - INFO - Epoch 17 : Training Loss: 5.7704181671, Validation Loss: 6.0940828323, Training R-squared: 0.3465464711, Validation R-squared: 0.2934257686
2023-11-23 07:55:12,651 - INFO - Epoch 18 : Training Loss: 5.7482447624, Validation Loss: 6.0827441216, Training R-squared: 0.3515232503, Validation R-squared: 0.2961699665
2023-11-23 07:55:31,167 - INFO - Epoch 19 : Training Loss: 5.7089681625, Validation Loss: 6.0514440536, Training R-squared: 0.3591258824, Validation R-squared: 0.3033358157
2023-11-23 07:55:49,241 - INFO - Epoch 20 : Training Loss: 5.6768593788, Validation Loss: 6.0230298042, Training R-squared: 0.3667354584, Validation R-squared: 0.3102595806
2023-11-23 07:56:07,403 - INFO - Epoch 21 : Training Loss: 5.6447253227, Validation Loss: 6.0234441757, Training R-squared: 0.3740366399, Validation R-squared: 0.3100845516
2023-11-23 07:56:25,905 - INFO - Epoch 22 : Training Loss: 5.6121015549, Validation Loss: 6.0073604584, Training R-squared: 0.3801536262, Validation R-squared: 0.3136964142
2023-11-23 07:56:43,736 - INFO - Epoch 23 : Training Loss: 5.5940232277, Validation Loss: 5.9915037155, Training R-squared: 0.3855631351, Validation R-squared: 0.3171402216
2023-11-23 07:57:01,858 - INFO - Epoch 24 : Training Loss: 5.5734109879, Validation Loss: 5.9788379669, Training R-squared: 0.3882243335, Validation R-squared: 0.3199908435
2023-11-23 07:57:20,430 - INFO - Epoch 25 : Training Loss: 5.5452203751, Validation Loss: 5.9904041290, Training R-squared: 0.3946144879, Validation R-squared: 0.3173037767
2023-11-23 07:57:38,496 - INFO - Epoch 26 : Training Loss: 5.5329341888, Validation Loss: 5.9664883614, Training R-squared: 0.3979794085, Validation R-squared: 0.3225158751
2023-11-23 07:57:56,765 - INFO - Epoch 27 : Training Loss: 5.5147461891, Validation Loss: 5.9712142944, Training R-squared: 0.4010493457, Validation R-squared: 0.3215450048
2023-11-23 07:58:14,904 - INFO - Epoch 28 : Training Loss: 5.4879589081, Validation Loss: 5.9515652657, Training R-squared: 0.4074308276, Validation R-squared: 0.3259276748
2023-11-23 07:58:33,117 - INFO - Epoch 29 : Training Loss: 5.4762935638, Validation Loss: 5.9628601074, Training R-squared: 0.4103125036, Validation R-squared: 0.3229221702
2023-11-23 07:58:51,207 - INFO - Epoch 30 : Training Loss: 5.4586844444, Validation Loss: 5.9364786148, Training R-squared: 0.4141155481, Validation R-squared: 0.3292008638
2023-11-23 07:59:09,403 - INFO - Epoch 31 : Training Loss: 5.4340591431, Validation Loss: 5.9539580345, Training R-squared: 0.4181316197, Validation R-squared: 0.3251308799
2023-11-23 07:59:27,938 - INFO - Epoch 32 : Training Loss: 5.4194126129, Validation Loss: 5.9160432816, Training R-squared: 0.4210374951, Validation R-squared: 0.3335630000
2023-11-23 07:59:46,213 - INFO - Epoch 33 : Training Loss: 5.3948354721, Validation Loss: 5.9244666100, Training R-squared: 0.4268677533, Validation R-squared: 0.3313824236
2023-11-23 08:00:04,212 - INFO - Epoch 34 : Training Loss: 5.3788332939, Validation Loss: 5.9022669792, Training R-squared: 0.4280203879, Validation R-squared: 0.3365672529
2023-11-23 08:00:22,884 - INFO - Epoch 35 : Training Loss: 5.3610467911, Validation Loss: 5.9015674591, Training R-squared: 0.4333415627, Validation R-squared: 0.3364827931
2023-11-23 08:00:41,027 - INFO - Epoch 36 : Training Loss: 5.3504037857, Validation Loss: 5.8935060501, Training R-squared: 0.4337816238, Validation R-squared: 0.3381573856
2023-11-23 08:00:59,069 - INFO - Epoch 37 : Training Loss: 5.3347454071, Validation Loss: 5.9009242058, Training R-squared: 0.4385818243, Validation R-squared: 0.3364639878
2023-11-23 08:01:17,358 - INFO - Epoch 38 : Training Loss: 5.3176450729, Validation Loss: 5.9439086914, Training R-squared: 0.4426074922, Validation R-squared: 0.3261899352
2023-11-23 08:01:35,724 - INFO - Epoch 39 : Training Loss: 5.2997694016, Validation Loss: 5.8753991127, Training R-squared: 0.4447734356, Validation R-squared: 0.3422105610
2023-11-23 08:01:53,939 - INFO - Epoch 40 : Training Loss: 5.2902359962, Validation Loss: 5.9271702766, Training R-squared: 0.4464344084, Validation R-squared: 0.3297092319
2023-11-23 08:02:12,271 - INFO - Epoch 41 : Training Loss: 5.2741298676, Validation Loss: 5.8918094635, Training R-squared: 0.4514671564, Validation R-squared: 0.3383041322
2023-11-23 08:02:30,962 - INFO - Epoch 42 : Training Loss: 5.2580184937, Validation Loss: 5.8769512177, Training R-squared: 0.4549005330, Validation R-squared: 0.3415602446
2023-11-23 08:02:48,925 - INFO - Epoch 43 : Training Loss: 5.2397451401, Validation Loss: 5.9025397301, Training R-squared: 0.4583507776, Validation R-squared: 0.3353944719
2023-11-23 08:03:07,420 - INFO - Epoch 44 : Training Loss: 5.2270073891, Validation Loss: 5.8643150330, Training R-squared: 0.4598099589, Validation R-squared: 0.3443153501
2023-11-23 08:03:25,907 - INFO - Epoch 45 : Training Loss: 5.2152719498, Validation Loss: 5.9049267769, Training R-squared: 0.4625031352, Validation R-squared: 0.3344193101
2023-11-23 08:03:44,037 - INFO - Epoch 46 : Training Loss: 5.1994915009, Validation Loss: 5.8874139786, Training R-squared: 0.4658245742, Validation R-squared: 0.3385577500
2023-11-23 08:04:03,306 - INFO - Epoch 47 : Training Loss: 5.1893682480, Validation Loss: 5.8658881187, Training R-squared: 0.4672105908, Validation R-squared: 0.3436540663
2023-11-23 08:04:21,770 - INFO - Epoch 48 : Training Loss: 5.1805844307, Validation Loss: 5.8571000099, Training R-squared: 0.4692130089, Validation R-squared: 0.3459238708
2023-11-23 08:04:39,883 - INFO - Epoch 49 : Training Loss: 5.1707167625, Validation Loss: 5.8808493614, Training R-squared: 0.4714803398, Validation R-squared: 0.3396417499
2023-11-23 08:04:57,923 - INFO - Epoch 50 : Training Loss: 5.1592397690, Validation Loss: 5.9027729034, Training R-squared: 0.4727349281, Validation R-squared: 0.3347702026
2023-11-23 08:05:16,163 - INFO - Epoch 51 : Training Loss: 5.1495604515, Validation Loss: 5.8862242699, Training R-squared: 0.4746322334, Validation R-squared: 0.3384062052
2023-11-23 08:05:34,557 - INFO - Epoch 52 : Training Loss: 5.1439623833, Validation Loss: 5.8983793259, Training R-squared: 0.4751518071, Validation R-squared: 0.3357450664
2023-11-23 08:05:53,023 - INFO - Epoch 53 : Training Loss: 5.1283631325, Validation Loss: 5.9046263695, Training R-squared: 0.4788731337, Validation R-squared: 0.3340860903
2023-11-23 08:06:11,140 - INFO - Model saved to models/portion_model/lunch/512_512_200_64/sparsity_20_fold_1_model.keras
2023-11-23 08:06:17,044 - INFO - Avg Metrics: RMSE: 4.7730072117, R-squared: -0.0311444729, PCC: 0.4975594152
2023-11-23 08:06:17,044 - INFO - Agg Metrics: RMSE: 5.9027874691, R-squared: 0.3451496678, PCC: 0.5910354893
2023-11-23 08:06:23,079 - INFO - ================================================================== Fold 2 ===================================================================
2023-11-23 08:06:48,235 - INFO - Epoch 1  : Training Loss: 7.0097632408, Validation Loss: 6.9861726761, Training R-squared: 0.0393168144, Validation R-squared: 0.0585956238
2023-11-23 08:07:06,606 - INFO - Epoch 2  : Training Loss: 6.7951903343, Validation Loss: 6.7474651337, Training R-squared: 0.0983401537, Validation R-squared: 0.1226785034
2023-11-23 08:07:25,896 - INFO - Epoch 3  : Training Loss: 6.5580034256, Validation Loss: 6.3798441887, Training R-squared: 0.1596726477, Validation R-squared: 0.2157564908
2023-11-23 08:07:45,286 - INFO - Epoch 4  : Training Loss: 6.2657618523, Validation Loss: 6.2772665024, Training R-squared: 0.2326962650, Validation R-squared: 0.2404409647
2023-11-23 08:08:04,747 - INFO - Epoch 5  : Training Loss: 6.1739706993, Validation Loss: 6.2465949059, Training R-squared: 0.2531609237, Validation R-squared: 0.2478651702
2023-11-23 08:08:24,460 - INFO - Epoch 6  : Training Loss: 6.1453447342, Validation Loss: 6.2442607880, Training R-squared: 0.2631929219, Validation R-squared: 0.2479281723
2023-11-23 08:08:43,399 - INFO - Epoch 7  : Training Loss: 6.1093726158, Validation Loss: 6.2381367683, Training R-squared: 0.2697946131, Validation R-squared: 0.2496055365
2023-11-23 08:09:01,547 - INFO - Epoch 8  : Training Loss: 6.0879340172, Validation Loss: 6.2305912971, Training R-squared: 0.2752905786, Validation R-squared: 0.2515243590
2023-11-23 08:09:19,667 - INFO - Epoch 9  : Training Loss: 6.0614485741, Validation Loss: 6.2261300087, Training R-squared: 0.2807517350, Validation R-squared: 0.2525290847
2023-11-23 08:09:37,848 - INFO - Epoch 10 : Training Loss: 6.0263242722, Validation Loss: 6.2141957283, Training R-squared: 0.2879941165, Validation R-squared: 0.2555738688
2023-11-23 08:09:56,079 - INFO - Epoch 11 : Training Loss: 5.9999003410, Validation Loss: 6.2031540871, Training R-squared: 0.2943365872, Validation R-squared: 0.2584870458
2023-11-23 08:10:14,078 - INFO - Epoch 12 : Training Loss: 5.9659590721, Validation Loss: 6.1844129562, Training R-squared: 0.3039461970, Validation R-squared: 0.2626001835
2023-11-23 08:10:32,468 - INFO - Epoch 13 : Training Loss: 5.9368095398, Validation Loss: 6.1641530991, Training R-squared: 0.3108017743, Validation R-squared: 0.2676302195
2023-11-23 08:10:50,264 - INFO - Epoch 14 : Training Loss: 5.8987064362, Validation Loss: 6.1436772346, Training R-squared: 0.3192749619, Validation R-squared: 0.2727266848
2023-11-23 08:11:08,239 - INFO - Epoch 15 : Training Loss: 5.8736910820, Validation Loss: 6.1329598427, Training R-squared: 0.3250624239, Validation R-squared: 0.2752663195
2023-11-23 08:11:26,739 - INFO - Epoch 16 : Training Loss: 5.8490338326, Validation Loss: 6.1150398254, Training R-squared: 0.3306821287, Validation R-squared: 0.2796399593
2023-11-23 08:11:44,886 - INFO - Epoch 17 : Training Loss: 5.8116068840, Validation Loss: 6.1111063957, Training R-squared: 0.3384566605, Validation R-squared: 0.2804224491
2023-11-23 08:12:03,008 - INFO - Epoch 18 : Training Loss: 5.7767639160, Validation Loss: 6.0927023888, Training R-squared: 0.3456001580, Validation R-squared: 0.2847919166
2023-11-23 08:12:21,241 - INFO - Epoch 19 : Training Loss: 5.7382445335, Validation Loss: 6.0725746155, Training R-squared: 0.3540396988, Validation R-squared: 0.2896824479
2023-11-23 08:12:39,222 - INFO - Epoch 20 : Training Loss: 5.7074708939, Validation Loss: 6.0645208359, Training R-squared: 0.3615591228, Validation R-squared: 0.2911063433
2023-11-23 08:12:57,522 - INFO - Epoch 21 : Training Loss: 5.6790499687, Validation Loss: 6.0352210999, Training R-squared: 0.3656011820, Validation R-squared: 0.2985166311
2023-11-23 08:13:15,629 - INFO - Epoch 22 : Training Loss: 5.6605548859, Validation Loss: 6.0266237259, Training R-squared: 0.3711108863, Validation R-squared: 0.3002088368
2023-11-23 08:13:34,139 - INFO - Epoch 23 : Training Loss: 5.6397891045, Validation Loss: 6.0255045891, Training R-squared: 0.3752509058, Validation R-squared: 0.3005608916
2023-11-23 08:13:53,316 - INFO - Epoch 24 : Training Loss: 5.6214365959, Validation Loss: 6.0192584991, Training R-squared: 0.3789996505, Validation R-squared: 0.3017023504
2023-11-23 08:14:11,784 - INFO - Epoch 25 : Training Loss: 5.6020617485, Validation Loss: 6.0142111778, Training R-squared: 0.3831806183, Validation R-squared: 0.3030569851
2023-11-23 08:14:30,112 - INFO - Epoch 26 : Training Loss: 5.5830311775, Validation Loss: 6.0267314911, Training R-squared: 0.3880673647, Validation R-squared: 0.2998766303
2023-11-23 08:14:48,263 - INFO - Epoch 27 : Training Loss: 5.5595555305, Validation Loss: 6.0008015633, Training R-squared: 0.3925578594, Validation R-squared: 0.3059521317
2023-11-23 08:15:06,259 - INFO - Epoch 28 : Training Loss: 5.5407805443, Validation Loss: 5.9769706726, Training R-squared: 0.3977158964, Validation R-squared: 0.3116430640
2023-11-23 08:15:25,860 - INFO - Epoch 29 : Training Loss: 5.5146284103, Validation Loss: 5.9759697914, Training R-squared: 0.4021269977, Validation R-squared: 0.3117239773
2023-11-23 08:15:45,195 - INFO - Epoch 30 : Training Loss: 5.4846215248, Validation Loss: 5.9843211174, Training R-squared: 0.4082413912, Validation R-squared: 0.3093389869
2023-11-23 08:16:03,780 - INFO - Epoch 31 : Training Loss: 5.4634122849, Validation Loss: 5.9786906242, Training R-squared: 0.4132591188, Validation R-squared: 0.3107888699
2023-11-23 08:16:22,659 - INFO - Epoch 32 : Training Loss: 5.4372782707, Validation Loss: 5.9483809471, Training R-squared: 0.4174083173, Validation R-squared: 0.3178698719
2023-11-23 08:16:40,623 - INFO - Epoch 33 : Training Loss: 5.4160094261, Validation Loss: 5.9528965950, Training R-squared: 0.4215613306, Validation R-squared: 0.3164565563
2023-11-23 08:16:58,703 - INFO - Epoch 34 : Training Loss: 5.3978304863, Validation Loss: 5.9305524826, Training R-squared: 0.4255794883, Validation R-squared: 0.3217525184
2023-11-23 08:17:17,108 - INFO - Epoch 35 : Training Loss: 5.3829727173, Validation Loss: 5.9290556908, Training R-squared: 0.4296215773, Validation R-squared: 0.3220238984
2023-11-23 08:17:35,322 - INFO - Epoch 36 : Training Loss: 5.3715887070, Validation Loss: 5.9211535454, Training R-squared: 0.4327046573, Validation R-squared: 0.3239561021
2023-11-23 08:17:54,069 - INFO - Epoch 37 : Training Loss: 5.3549013138, Validation Loss: 5.9113893509, Training R-squared: 0.4359096587, Validation R-squared: 0.3261882663
2023-11-23 08:18:12,546 - INFO - Epoch 38 : Training Loss: 5.3350129128, Validation Loss: 5.9184336662, Training R-squared: 0.4397389293, Validation R-squared: 0.3243526518
2023-11-23 08:18:30,692 - INFO - Epoch 39 : Training Loss: 5.3177099228, Validation Loss: 5.9338035583, Training R-squared: 0.4434927404, Validation R-squared: 0.3207519650
2023-11-23 08:18:48,895 - INFO - Epoch 40 : Training Loss: 5.3098168373, Validation Loss: 5.9213590622, Training R-squared: 0.4446883798, Validation R-squared: 0.3233943880
2023-11-23 08:19:07,350 - INFO - Epoch 41 : Training Loss: 5.2989706993, Validation Loss: 5.9467015266, Training R-squared: 0.4469521940, Validation R-squared: 0.3173881769
2023-11-23 08:19:25,653 - INFO - Epoch 42 : Training Loss: 5.2876825333, Validation Loss: 5.9305267334, Training R-squared: 0.4494417012, Validation R-squared: 0.3213947415
2023-11-23 08:19:43,910 - INFO - Model saved to models/portion_model/lunch/512_512_200_64/sparsity_20_fold_2_model.keras
2023-11-23 08:19:49,117 - INFO - Avg Metrics: RMSE: 4.8075662466, R-squared: -1.1169299114, PCC: 0.4771677112
2023-11-23 08:19:49,117 - INFO - Agg Metrics: RMSE: 5.9970597445, R-squared: 0.3178391209, PCC: 0.5689799553
2023-11-23 08:19:55,173 - INFO - ================================================================== Fold 3 ===================================================================
2023-11-23 08:20:20,953 - INFO - Epoch 1  : Training Loss: 7.0195288658, Validation Loss: 6.9713845253, Training R-squared: 0.0392775424, Validation R-squared: 0.0574660487
2023-11-23 08:20:38,989 - INFO - Epoch 2  : Training Loss: 6.7811398506, Validation Loss: 6.6905889511, Training R-squared: 0.1036107987, Validation R-squared: 0.1324602067
2023-11-23 08:20:57,123 - INFO - Epoch 3  : Training Loss: 6.4609813690, Validation Loss: 6.3614063263, Training R-squared: 0.1866515577, Validation R-squared: 0.2149159163
2023-11-23 08:21:14,994 - INFO - Epoch 4  : Training Loss: 6.2782163620, Validation Loss: 6.2736568451, Training R-squared: 0.2318646312, Validation R-squared: 0.2367476374
2023-11-23 08:21:33,553 - INFO - Epoch 5  : Training Loss: 6.1879682541, Validation Loss: 6.2456173897, Training R-squared: 0.2528192401, Validation R-squared: 0.2435101420
2023-11-23 08:21:51,568 - INFO - Epoch 6  : Training Loss: 6.1505222321, Validation Loss: 6.2327127457, Training R-squared: 0.2626784444, Validation R-squared: 0.2466120869
2023-11-23 08:22:09,690 - INFO - Epoch 7  : Training Loss: 6.1144261360, Validation Loss: 6.2225399017, Training R-squared: 0.2701704502, Validation R-squared: 0.2494069189
2023-11-23 08:22:27,850 - INFO - Epoch 8  : Training Loss: 6.0858635902, Validation Loss: 6.2195878029, Training R-squared: 0.2762826383, Validation R-squared: 0.2502859831
2023-11-23 08:22:45,783 - INFO - Epoch 9  : Training Loss: 6.0629501343, Validation Loss: 6.2114286423, Training R-squared: 0.2826167941, Validation R-squared: 0.2518593669
2023-11-23 08:23:03,945 - INFO - Epoch 10 : Training Loss: 6.0378842354, Validation Loss: 6.2124519348, Training R-squared: 0.2875950336, Validation R-squared: 0.2517776787
2023-11-23 08:23:22,504 - INFO - Epoch 11 : Training Loss: 6.0172743797, Validation Loss: 6.2108392715, Training R-squared: 0.2909929156, Validation R-squared: 0.2526689768
2023-11-23 08:23:40,614 - INFO - Epoch 12 : Training Loss: 5.9872756004, Validation Loss: 6.2146573067, Training R-squared: 0.2991312742, Validation R-squared: 0.2503185570
2023-11-23 08:24:00,321 - INFO - Epoch 13 : Training Loss: 5.9603934288, Validation Loss: 6.1882705688, Training R-squared: 0.3055987358, Validation R-squared: 0.2578255236
2023-11-23 08:24:18,990 - INFO - Epoch 14 : Training Loss: 5.9314856529, Validation Loss: 6.1741642952, Training R-squared: 0.3125556111, Validation R-squared: 0.2616421282
2023-11-23 08:24:36,815 - INFO - Epoch 15 : Training Loss: 5.9078631401, Validation Loss: 6.1679205894, Training R-squared: 0.3184946775, Validation R-squared: 0.2627455294
2023-11-23 08:24:55,046 - INFO - Epoch 16 : Training Loss: 5.8828320503, Validation Loss: 6.1512203217, Training R-squared: 0.3230852485, Validation R-squared: 0.2669228911
2023-11-23 08:25:13,096 - INFO - Epoch 17 : Training Loss: 5.8618283272, Validation Loss: 6.1524653435, Training R-squared: 0.3269793391, Validation R-squared: 0.2665443122
2023-11-23 08:25:31,383 - INFO - Epoch 18 : Training Loss: 5.8316259384, Validation Loss: 6.1464939117, Training R-squared: 0.3354410827, Validation R-squared: 0.2674418688
2023-11-23 08:25:49,535 - INFO - Epoch 19 : Training Loss: 5.8029375076, Validation Loss: 6.1230578423, Training R-squared: 0.3400476277, Validation R-squared: 0.2738319039
2023-11-23 08:26:07,649 - INFO - Epoch 20 : Training Loss: 5.7736644745, Validation Loss: 6.1102714539, Training R-squared: 0.3472022414, Validation R-squared: 0.2764833272
2023-11-23 08:26:25,797 - INFO - Epoch 21 : Training Loss: 5.7431297302, Validation Loss: 6.0790262222, Training R-squared: 0.3545132875, Validation R-squared: 0.2837977111
2023-11-23 08:26:43,795 - INFO - Epoch 22 : Training Loss: 5.7087235451, Validation Loss: 6.0939183235, Training R-squared: 0.3607149720, Validation R-squared: 0.2797238827
2023-11-23 08:27:01,803 - INFO - Epoch 23 : Training Loss: 5.6757349968, Validation Loss: 6.0484118462, Training R-squared: 0.3688882887, Validation R-squared: 0.2907192409
2023-11-23 08:27:20,133 - INFO - Epoch 24 : Training Loss: 5.6504139900, Validation Loss: 6.0424690247, Training R-squared: 0.3740947545, Validation R-squared: 0.2918546498
2023-11-23 08:27:38,355 - INFO - Epoch 25 : Training Loss: 5.6197223663, Validation Loss: 6.0393381119, Training R-squared: 0.3809458315, Validation R-squared: 0.2925916314
2023-11-23 08:27:56,465 - INFO - Epoch 26 : Training Loss: 5.5883150101, Validation Loss: 6.0219578743, Training R-squared: 0.3872013092, Validation R-squared: 0.2965381145
2023-11-23 08:28:14,598 - INFO - Epoch 27 : Training Loss: 5.5699992180, Validation Loss: 6.0496420860, Training R-squared: 0.3919190764, Validation R-squared: 0.2894449234
2023-11-23 08:28:32,758 - INFO - Epoch 28 : Training Loss: 5.5484695435, Validation Loss: 5.9903049469, Training R-squared: 0.3938806951, Validation R-squared: 0.3044544756
2023-11-23 08:28:50,711 - INFO - Epoch 29 : Training Loss: 5.5347471237, Validation Loss: 5.9941935539, Training R-squared: 0.3992905021, Validation R-squared: 0.3033224344
2023-11-23 08:29:09,092 - INFO - Epoch 30 : Training Loss: 5.5126996040, Validation Loss: 6.0050759315, Training R-squared: 0.4041766226, Validation R-squared: 0.3003873527
2023-11-23 08:29:27,283 - INFO - Epoch 31 : Training Loss: 5.5028152466, Validation Loss: 6.0037918091, Training R-squared: 0.4064038396, Validation R-squared: 0.3007438779
2023-11-23 08:29:45,391 - INFO - Epoch 32 : Training Loss: 5.4803571701, Validation Loss: 5.9646067619, Training R-squared: 0.4102773666, Validation R-squared: 0.3101598918
2023-11-23 08:30:03,713 - INFO - Epoch 33 : Training Loss: 5.4606928825, Validation Loss: 5.9630961418, Training R-squared: 0.4131908119, Validation R-squared: 0.3100857437
2023-11-23 08:30:22,215 - INFO - Epoch 34 : Training Loss: 5.4430484772, Validation Loss: 5.9767284393, Training R-squared: 0.4185790420, Validation R-squared: 0.3068869412
2023-11-23 08:30:41,820 - INFO - Epoch 35 : Training Loss: 5.4190955162, Validation Loss: 5.9565348625, Training R-squared: 0.4233866036, Validation R-squared: 0.3115432858
2023-11-23 08:31:01,579 - INFO - Epoch 36 : Training Loss: 5.4085764885, Validation Loss: 5.9898152351, Training R-squared: 0.4253959954, Validation R-squared: 0.3027651310
2023-11-23 08:31:21,314 - INFO - Epoch 37 : Training Loss: 5.3883657455, Validation Loss: 5.9427142143, Training R-squared: 0.4288565218, Validation R-squared: 0.3148588836
2023-11-23 08:31:40,937 - INFO - Epoch 38 : Training Loss: 5.3735523224, Validation Loss: 5.9399642944, Training R-squared: 0.4339321256, Validation R-squared: 0.3149083555
2023-11-23 08:32:00,712 - INFO - Epoch 39 : Training Loss: 5.3515810966, Validation Loss: 5.9652862549, Training R-squared: 0.4372098744, Validation R-squared: 0.3084783256
2023-11-23 08:32:20,905 - INFO - Epoch 40 : Training Loss: 5.3428382874, Validation Loss: 5.9303765297, Training R-squared: 0.4386043251, Validation R-squared: 0.3172301054
2023-11-23 08:32:40,524 - INFO - Epoch 41 : Training Loss: 5.3348116875, Validation Loss: 5.9721002579, Training R-squared: 0.4413014352, Validation R-squared: 0.3065725863
2023-11-23 08:33:00,208 - INFO - Epoch 42 : Training Loss: 5.3262948990, Validation Loss: 5.9668149948, Training R-squared: 0.4427719414, Validation R-squared: 0.3080346584
2023-11-23 08:33:20,092 - INFO - Epoch 43 : Training Loss: 5.3115105629, Validation Loss: 5.9148263931, Training R-squared: 0.4439784586, Validation R-squared: 0.3212293386
2023-11-23 08:33:39,606 - INFO - Epoch 44 : Training Loss: 5.3071212769, Validation Loss: 5.9243063927, Training R-squared: 0.4447600842, Validation R-squared: 0.3183575869
2023-11-23 08:34:00,536 - INFO - Epoch 45 : Training Loss: 5.2945914268, Validation Loss: 5.9328446388, Training R-squared: 0.4479785264, Validation R-squared: 0.3163793981
2023-11-23 08:34:20,725 - INFO - Epoch 46 : Training Loss: 5.2852101326, Validation Loss: 6.0143213272, Training R-squared: 0.4503516555, Validation R-squared: 0.2956289351
2023-11-23 08:34:40,224 - INFO - Epoch 47 : Training Loss: 5.2767767906, Validation Loss: 5.8963899612, Training R-squared: 0.4520963430, Validation R-squared: 0.3252256513
2023-11-23 08:34:59,787 - INFO - Epoch 48 : Training Loss: 5.2718415260, Validation Loss: 5.9554634094, Training R-squared: 0.4537398219, Validation R-squared: 0.3105454147
2023-11-23 08:35:20,184 - INFO - Epoch 49 : Training Loss: 5.2631492615, Validation Loss: 5.9155797958, Training R-squared: 0.4559973776, Validation R-squared: 0.3199509084
2023-11-23 08:35:39,768 - INFO - Epoch 50 : Training Loss: 5.2516794205, Validation Loss: 5.9296078682, Training R-squared: 0.4570005536, Validation R-squared: 0.3161495626
2023-11-23 08:35:59,680 - INFO - Epoch 51 : Training Loss: 5.2437353134, Validation Loss: 5.8983864784, Training R-squared: 0.4585658014, Validation R-squared: 0.3241648078
2023-11-23 08:36:19,587 - INFO - Epoch 52 : Training Loss: 5.2302432060, Validation Loss: 5.9703440666, Training R-squared: 0.4600889385, Validation R-squared: 0.3064742982
2023-11-23 08:36:40,026 - INFO - Model saved to models/portion_model/lunch/512_512_200_64/sparsity_20_fold_3_model.keras
2023-11-23 08:36:44,522 - INFO - Avg Metrics: RMSE: 4.7823535113, R-squared: -0.0635821968, PCC: 0.4762868351
2023-11-23 08:36:44,522 - INFO - Agg Metrics: RMSE: 5.9708238077, R-squared: 0.3204790066, PCC: 0.5699805220
2023-11-23 08:36:51,380 - INFO - ================================================================== Fold 4 ===================================================================
2023-11-23 08:37:20,406 - INFO - Epoch 1  : Training Loss: 7.0554547310, Validation Loss: 6.8415298462, Training R-squared: 0.0399353653, Validation R-squared: 0.0541387945
2023-11-23 08:37:40,183 - INFO - Epoch 2  : Training Loss: 6.8291039467, Validation Loss: 6.6200103760, Training R-squared: 0.0992591754, Validation R-squared: 0.1144599542
2023-11-23 08:38:01,435 - INFO - Epoch 3  : Training Loss: 6.5849032402, Validation Loss: 6.3007092476, Training R-squared: 0.1631950885, Validation R-squared: 0.1981314421
2023-11-23 08:38:24,003 - INFO - Epoch 4  : Training Loss: 6.3275737762, Validation Loss: 6.2367815971, Training R-squared: 0.2273923606, Validation R-squared: 0.2142909765
2023-11-23 08:38:44,200 - INFO - Epoch 5  : Training Loss: 6.2385735512, Validation Loss: 6.1762585640, Training R-squared: 0.2488319874, Validation R-squared: 0.2295347303
2023-11-23 08:39:03,597 - INFO - Epoch 6  : Training Loss: 6.1811723709, Validation Loss: 6.1652827263, Training R-squared: 0.2620520890, Validation R-squared: 0.2322242409
2023-11-23 08:39:23,192 - INFO - Epoch 7  : Training Loss: 6.1519970894, Validation Loss: 6.1433734894, Training R-squared: 0.2698821723, Validation R-squared: 0.2378472239
2023-11-23 08:39:42,759 - INFO - Epoch 8  : Training Loss: 6.1181159019, Validation Loss: 6.1289348602, Training R-squared: 0.2755830884, Validation R-squared: 0.2414120436
2023-11-23 08:40:02,434 - INFO - Epoch 9  : Training Loss: 6.0811891556, Validation Loss: 6.1332812309, Training R-squared: 0.2853825688, Validation R-squared: 0.2401127070
2023-11-23 08:40:21,995 - INFO - Epoch 10 : Training Loss: 6.0588073730, Validation Loss: 6.1200957298, Training R-squared: 0.2912597954, Validation R-squared: 0.2434484661
2023-11-23 08:40:41,560 - INFO - Epoch 11 : Training Loss: 6.0287218094, Validation Loss: 6.1069889069, Training R-squared: 0.2967666388, Validation R-squared: 0.2466373593
2023-11-23 08:41:01,064 - INFO - Epoch 12 : Training Loss: 6.0010104179, Validation Loss: 6.1004209518, Training R-squared: 0.3043416440, Validation R-squared: 0.2481892705
2023-11-23 08:41:20,769 - INFO - Epoch 13 : Training Loss: 5.9646348953, Validation Loss: 6.0753927231, Training R-squared: 0.3129061460, Validation R-squared: 0.2543669045
2023-11-23 08:41:40,438 - INFO - Epoch 14 : Training Loss: 5.9230775833, Validation Loss: 6.0478062630, Training R-squared: 0.3218298256, Validation R-squared: 0.2610784173
2023-11-23 08:41:59,969 - INFO - Epoch 15 : Training Loss: 5.8815193176, Validation Loss: 6.0146861076, Training R-squared: 0.3296550214, Validation R-squared: 0.2692361176
2023-11-23 08:42:19,863 - INFO - Epoch 16 : Training Loss: 5.8500232697, Validation Loss: 5.9984812737, Training R-squared: 0.3376680613, Validation R-squared: 0.2730837464
2023-11-23 08:42:39,198 - INFO - Epoch 17 : Training Loss: 5.8127803802, Validation Loss: 6.0112242699, Training R-squared: 0.3463310301, Validation R-squared: 0.2696735561
2023-11-23 08:42:59,113 - INFO - Epoch 18 : Training Loss: 5.7791295052, Validation Loss: 5.9704151154, Training R-squared: 0.3532265723, Validation R-squared: 0.2796620131
2023-11-23 08:43:19,177 - INFO - Epoch 19 : Training Loss: 5.7519130707, Validation Loss: 5.9465589523, Training R-squared: 0.3594010472, Validation R-squared: 0.2854323983
2023-11-23 08:43:38,591 - INFO - Epoch 20 : Training Loss: 5.7232856750, Validation Loss: 5.9591708183, Training R-squared: 0.3653715551, Validation R-squared: 0.2820973992
2023-11-23 08:43:59,335 - INFO - Epoch 21 : Training Loss: 5.7037034035, Validation Loss: 5.9444098473, Training R-squared: 0.3708445430, Validation R-squared: 0.2856279016
2023-11-23 08:44:19,450 - INFO - Epoch 22 : Training Loss: 5.6739406586, Validation Loss: 5.9610095024, Training R-squared: 0.3749119937, Validation R-squared: 0.2812814116
2023-11-23 08:44:38,787 - INFO - Epoch 23 : Training Loss: 5.6595168114, Validation Loss: 5.9178328514, Training R-squared: 0.3796340525, Validation R-squared: 0.2919375598
2023-11-23 08:44:58,496 - INFO - Epoch 24 : Training Loss: 5.6326322556, Validation Loss: 5.9338192940, Training R-squared: 0.3844636679, Validation R-squared: 0.2878767252
2023-11-23 08:45:18,455 - INFO - Epoch 25 : Training Loss: 5.6240234375, Validation Loss: 5.9232444763, Training R-squared: 0.3859919310, Validation R-squared: 0.2905000448
2023-11-23 08:45:37,993 - INFO - Epoch 26 : Training Loss: 5.6085424423, Validation Loss: 5.9258131981, Training R-squared: 0.3888117373, Validation R-squared: 0.2898541987
2023-11-23 08:45:57,620 - INFO - Epoch 27 : Training Loss: 5.5907120705, Validation Loss: 5.9389648438, Training R-squared: 0.3932597637, Validation R-squared: 0.2865294218
2023-11-23 08:46:17,570 - INFO - Epoch 28 : Training Loss: 5.5705757141, Validation Loss: 5.9453368187, Training R-squared: 0.3979490101, Validation R-squared: 0.2850034535
2023-11-23 08:46:38,243 - INFO - Model saved to models/portion_model/lunch/512_512_200_64/sparsity_20_fold_4_model.keras
2023-11-23 08:46:43,568 - INFO - Avg Metrics: RMSE: 4.9251055681, R-squared: -0.6401825940, PCC: 0.4280042798
2023-11-23 08:46:43,569 - INFO - Agg Metrics: RMSE: 5.9662935964, R-squared: 0.2878456974, PCC: 0.5398080187
2023-11-23 08:46:50,651 - INFO - ================================================================== Fold 5 ===================================================================
2023-11-23 08:47:20,203 - INFO - Epoch 1  : Training Loss: 7.0201296806, Validation Loss: 6.9842500687, Training R-squared: 0.0394917727, Validation R-squared: 0.0518427342
2023-11-23 08:47:39,829 - INFO - Epoch 2  : Training Loss: 6.8034515381, Validation Loss: 6.7531509399, Training R-squared: 0.0974062160, Validation R-squared: 0.1139812917
2023-11-23 08:47:59,290 - INFO - Epoch 3  : Training Loss: 6.5981030464, Validation Loss: 6.4327239990, Training R-squared: 0.1505894810, Validation R-squared: 0.1970584095
2023-11-23 08:48:19,198 - INFO - Epoch 4  : Training Loss: 6.2787418365, Validation Loss: 6.2631955147, Training R-squared: 0.2324269563, Validation R-squared: 0.2382423431
2023-11-23 08:48:38,524 - INFO - Epoch 5  : Training Loss: 6.1750087738, Validation Loss: 6.2288756371, Training R-squared: 0.2565127909, Validation R-squared: 0.2467641532
2023-11-23 08:48:58,085 - INFO - Epoch 6  : Training Loss: 6.1316623688, Validation Loss: 6.2240324020, Training R-squared: 0.2656673193, Validation R-squared: 0.2479925007
2023-11-23 08:49:18,031 - INFO - Epoch 7  : Training Loss: 6.1088709831, Validation Loss: 6.2111301422, Training R-squared: 0.2731136680, Validation R-squared: 0.2506015301
2023-11-23 08:49:37,959 - INFO - Epoch 8  : Training Loss: 6.0770316124, Validation Loss: 6.2030711174, Training R-squared: 0.2795070708, Validation R-squared: 0.2523891032
2023-11-23 08:49:57,427 - INFO - Epoch 9  : Training Loss: 6.0467948914, Validation Loss: 6.1888899803, Training R-squared: 0.2859992087, Validation R-squared: 0.2560213506
2023-11-23 08:50:17,483 - INFO - Epoch 10 : Training Loss: 6.0056223869, Validation Loss: 6.1641936302, Training R-squared: 0.2955005169, Validation R-squared: 0.2619358599
2023-11-23 08:50:36,863 - INFO - Epoch 11 : Training Loss: 5.9726357460, Validation Loss: 6.1425700188, Training R-squared: 0.3043777943, Validation R-squared: 0.2675083876
2023-11-23 08:50:56,451 - INFO - Epoch 12 : Training Loss: 5.9341783524, Validation Loss: 6.1241159439, Training R-squared: 0.3131105900, Validation R-squared: 0.2719881833
2023-11-23 08:51:15,953 - INFO - Epoch 13 : Training Loss: 5.8974294662, Validation Loss: 6.1012196541, Training R-squared: 0.3215014935, Validation R-squared: 0.2774226367
2023-11-23 08:51:35,744 - INFO - Epoch 14 : Training Loss: 5.8617682457, Validation Loss: 6.0785255432, Training R-squared: 0.3285621405, Validation R-squared: 0.2829913497
2023-11-23 08:51:55,448 - INFO - Epoch 15 : Training Loss: 5.8186430931, Validation Loss: 6.0652494431, Training R-squared: 0.3393740356, Validation R-squared: 0.2854399979
2023-11-23 08:52:15,132 - INFO - Epoch 16 : Training Loss: 5.7817568779, Validation Loss: 6.0449643135, Training R-squared: 0.3467558324, Validation R-squared: 0.2905469239
2023-11-23 08:52:34,692 - INFO - Epoch 17 : Training Loss: 5.7543463707, Validation Loss: 6.0238571167, Training R-squared: 0.3519897461, Validation R-squared: 0.2961120605
2023-11-23 08:52:54,141 - INFO - Epoch 18 : Training Loss: 5.7257471085, Validation Loss: 6.0248613358, Training R-squared: 0.3598117828, Validation R-squared: 0.2950641215
2023-11-23 08:53:13,694 - INFO - Epoch 19 : Training Loss: 5.7025351524, Validation Loss: 6.0137100220, Training R-squared: 0.3641803265, Validation R-squared: 0.2977716029
2023-11-23 08:53:33,496 - INFO - Epoch 20 : Training Loss: 5.6831450462, Validation Loss: 5.9983587265, Training R-squared: 0.3690681756, Validation R-squared: 0.3014227450
2023-11-23 08:53:54,568 - INFO - Epoch 21 : Training Loss: 5.6577501297, Validation Loss: 5.9918112755, Training R-squared: 0.3741599917, Validation R-squared: 0.3030688763
2023-11-23 08:54:14,496 - INFO - Epoch 22 : Training Loss: 5.6278061867, Validation Loss: 5.9920940399, Training R-squared: 0.3795785904, Validation R-squared: 0.3028053939
2023-11-23 08:54:34,444 - INFO - Epoch 23 : Training Loss: 5.6058597565, Validation Loss: 5.9685897827, Training R-squared: 0.3846264184, Validation R-squared: 0.3088178039
2023-11-23 08:54:53,919 - INFO - Epoch 24 : Training Loss: 5.5889716148, Validation Loss: 5.9714083672, Training R-squared: 0.3878350854, Validation R-squared: 0.3079750538
2023-11-23 08:55:13,515 - INFO - Epoch 25 : Training Loss: 5.5582304001, Validation Loss: 5.9650511742, Training R-squared: 0.3959844112, Validation R-squared: 0.3089445531
2023-11-23 08:55:33,280 - INFO - Epoch 26 : Training Loss: 5.5422086716, Validation Loss: 5.9708356857, Training R-squared: 0.3988901079, Validation R-squared: 0.3073537648
2023-11-23 08:55:52,875 - INFO - Epoch 27 : Training Loss: 5.5217256546, Validation Loss: 5.9476170540, Training R-squared: 0.4020082653, Validation R-squared: 0.3134823442
2023-11-23 08:56:12,484 - INFO - Epoch 28 : Training Loss: 5.5055150986, Validation Loss: 5.9382705688, Training R-squared: 0.4064671397, Validation R-squared: 0.3156242967
2023-11-23 08:56:32,388 - INFO - Epoch 29 : Training Loss: 5.4836101532, Validation Loss: 5.9353494644, Training R-squared: 0.4110786319, Validation R-squared: 0.3160440028
2023-11-23 08:56:51,964 - INFO - Epoch 30 : Training Loss: 5.4622774124, Validation Loss: 5.9266266823, Training R-squared: 0.4158778787, Validation R-squared: 0.3185039163
2023-11-23 08:57:11,578 - INFO - Epoch 31 : Training Loss: 5.4512248039, Validation Loss: 5.9107890129, Training R-squared: 0.4166708887, Validation R-squared: 0.3223707080
2023-11-23 08:57:31,561 - INFO - Epoch 32 : Training Loss: 5.4389367104, Validation Loss: 5.9174218178, Training R-squared: 0.4201509655, Validation R-squared: 0.3203738928
2023-11-23 08:57:51,231 - INFO - Epoch 33 : Training Loss: 5.4215693474, Validation Loss: 5.9005737305, Training R-squared: 0.4237739444, Validation R-squared: 0.3243630826
2023-11-23 08:58:11,010 - INFO - Epoch 34 : Training Loss: 5.4027385712, Validation Loss: 5.9104027748, Training R-squared: 0.4267925322, Validation R-squared: 0.3218317330
2023-11-23 08:58:31,108 - INFO - Epoch 35 : Training Loss: 5.3800621033, Validation Loss: 5.9039654732, Training R-squared: 0.4324997663, Validation R-squared: 0.3232070506
2023-11-23 08:58:50,724 - INFO - Epoch 36 : Training Loss: 5.3611898422, Validation Loss: 5.8831372261, Training R-squared: 0.4365117550, Validation R-squared: 0.3281020820
2023-11-23 08:59:10,328 - INFO - Epoch 37 : Training Loss: 5.3414611816, Validation Loss: 5.8921494484, Training R-squared: 0.4398894906, Validation R-squared: 0.3261640668
2023-11-23 08:59:30,118 - INFO - Epoch 38 : Training Loss: 5.3311905861, Validation Loss: 5.8756780624, Training R-squared: 0.4429840744, Validation R-squared: 0.3297990561
2023-11-23 08:59:49,801 - INFO - Epoch 39 : Training Loss: 5.3155698776, Validation Loss: 5.8800244331, Training R-squared: 0.4451482594, Validation R-squared: 0.3285919130
2023-11-23 09:00:09,384 - INFO - Epoch 40 : Training Loss: 5.3045878410, Validation Loss: 5.8751163483, Training R-squared: 0.4481719732, Validation R-squared: 0.3298217356
2023-11-23 09:00:29,486 - INFO - Epoch 41 : Training Loss: 5.2883973122, Validation Loss: 5.8728852272, Training R-squared: 0.4499645233, Validation R-squared: 0.3301535249
2023-11-23 09:00:48,999 - INFO - Epoch 42 : Training Loss: 5.2772145271, Validation Loss: 5.8453440666, Training R-squared: 0.4541409016, Validation R-squared: 0.3364892304
2023-11-23 09:01:08,621 - INFO - Epoch 43 : Training Loss: 5.2563834190, Validation Loss: 5.8729071617, Training R-squared: 0.4586770833, Validation R-squared: 0.3299089670
2023-11-23 09:01:28,498 - INFO - Epoch 44 : Training Loss: 5.2448587418, Validation Loss: 5.8460307121, Training R-squared: 0.4590120912, Validation R-squared: 0.3365633786
2023-11-23 09:01:48,262 - INFO - Epoch 45 : Training Loss: 5.2357988358, Validation Loss: 5.8736572266, Training R-squared: 0.4611078799, Validation R-squared: 0.3294612169
2023-11-23 09:02:08,053 - INFO - Epoch 46 : Training Loss: 5.2273035049, Validation Loss: 5.8600535393, Training R-squared: 0.4628914297, Validation R-squared: 0.3329014480
2023-11-23 09:02:28,100 - INFO - Epoch 47 : Training Loss: 5.2133736610, Validation Loss: 5.8531842232, Training R-squared: 0.4657451510, Validation R-squared: 0.3344722092
2023-11-23 09:02:49,180 - INFO - Model saved to models/portion_model/lunch/512_512_200_64/sparsity_20_fold_5_model.keras
2023-11-23 09:02:55,639 - INFO - Avg Metrics: RMSE: 4.7414776111, R-squared: -0.8107579405, PCC: 0.4858196223
2023-11-23 09:02:55,639 - INFO - Agg Metrics: RMSE: 5.9609698907, R-squared: 0.3257307083, PCC: 0.5756528795
2023-11-23 09:03:14,798 - INFO - ================================================================== Results Summary ===================================================================
2023-11-23 09:03:14,799 - INFO - CrossVal Metrics (Avg.) - RMSE: 4.8059020298 ± 0.0632445423, R2: -0.5325194231 ± 0.0632445423, PCC: 0.4729675727 ± 0.0632445423
2023-11-23 09:03:14,799 - INFO - Testing  Metrics (Avg.) - RMSE: 4.7078352201, R2: -1.0968154185, PCC: 0.5031662231
2023-11-23 09:03:14,799 - INFO - CrossVal Metrics (Agg.) - RMSE: 5.9595869017 ± 0.0632445423, R2: 0.3194088402 ± 0.0632445423, PCC: 0.5690913730 ± 0.0632445423
2023-11-23 09:03:14,799 - INFO - Testing  Metrics (Agg.) - RMSE: 5.8051994267, R2: 0.3334616004, PCC: 0.5842637146
