2023-11-23 16:02:59,547 - INFO - Training model at 60% sparse columns removed...
2023-11-23 16:03:05,900 - INFO - ================================================================== Fold 1 ===================================================================
2023-11-23 16:03:18,559 - INFO - Epoch 1  : Training Loss: 9.7694997787, Validation Loss: 9.5836467743, Training R-squared: 0.0377320908, Validation R-squared: 0.0482619517
2023-11-23 16:03:26,838 - INFO - Epoch 2  : Training Loss: 9.5279407501, Validation Loss: 9.1886186600, Training R-squared: 0.0845359936, Validation R-squared: 0.1256335974
2023-11-23 16:03:34,861 - INFO - Epoch 3  : Training Loss: 9.1432113647, Validation Loss: 8.7823638916, Training R-squared: 0.1559064984, Validation R-squared: 0.2012142092
2023-11-23 16:03:43,205 - INFO - Epoch 4  : Training Loss: 8.7426195145, Validation Loss: 8.5272493362, Training R-squared: 0.2291655988, Validation R-squared: 0.2465816587
2023-11-23 16:03:52,249 - INFO - Epoch 5  : Training Loss: 8.5831346512, Validation Loss: 8.4888429642, Training R-squared: 0.2575235665, Validation R-squared: 0.2531998158
2023-11-23 16:04:00,669 - INFO - Epoch 6  : Training Loss: 8.5177278519, Validation Loss: 8.4644107819, Training R-squared: 0.2680365741, Validation R-squared: 0.2576085329
2023-11-23 16:04:08,887 - INFO - Epoch 7  : Training Loss: 8.4883260727, Validation Loss: 8.4509925842, Training R-squared: 0.2741509974, Validation R-squared: 0.2598725259
2023-11-23 16:04:17,383 - INFO - Epoch 8  : Training Loss: 8.4356222153, Validation Loss: 8.4210891724, Training R-squared: 0.2801078260, Validation R-squared: 0.2651874721
2023-11-23 16:04:25,370 - INFO - Epoch 9  : Training Loss: 8.3912677765, Validation Loss: 8.3958282471, Training R-squared: 0.2908455133, Validation R-squared: 0.2694422901
2023-11-23 16:04:33,721 - INFO - Epoch 10 : Training Loss: 8.3217306137, Validation Loss: 8.3621253967, Training R-squared: 0.3000289202, Validation R-squared: 0.2752536535
2023-11-23 16:04:41,786 - INFO - Epoch 11 : Training Loss: 8.2943305969, Validation Loss: 8.3448591232, Training R-squared: 0.3063964546, Validation R-squared: 0.2787373960
2023-11-23 16:04:49,901 - INFO - Epoch 12 : Training Loss: 8.2395992279, Validation Loss: 8.3141040802, Training R-squared: 0.3123060167, Validation R-squared: 0.2837209702
2023-11-23 16:04:58,157 - INFO - Epoch 13 : Training Loss: 8.2083129883, Validation Loss: 8.3141174316, Training R-squared: 0.3210099936, Validation R-squared: 0.2830507159
2023-11-23 16:05:06,375 - INFO - Epoch 14 : Training Loss: 8.1576671600, Validation Loss: 8.2732210159, Training R-squared: 0.3273916543, Validation R-squared: 0.2907615900
2023-11-23 16:05:15,137 - INFO - Epoch 15 : Training Loss: 8.1287002563, Validation Loss: 8.2469587326, Training R-squared: 0.3329713047, Validation R-squared: 0.2952374220
2023-11-23 16:05:23,907 - INFO - Epoch 16 : Training Loss: 8.0773868561, Validation Loss: 8.2152805328, Training R-squared: 0.3399319649, Validation R-squared: 0.3007497489
2023-11-23 16:05:32,123 - INFO - Epoch 17 : Training Loss: 8.0411319733, Validation Loss: 8.1963262558, Training R-squared: 0.3459148407, Validation R-squared: 0.3035945594
2023-11-23 16:05:40,117 - INFO - Epoch 18 : Training Loss: 8.0005607605, Validation Loss: 8.1949901581, Training R-squared: 0.3533148766, Validation R-squared: 0.3033013344
2023-11-23 16:05:48,450 - INFO - Epoch 19 : Training Loss: 7.9567594528, Validation Loss: 8.1573820114, Training R-squared: 0.3601823151, Validation R-squared: 0.3102083206
2023-11-23 16:05:56,657 - INFO - Epoch 20 : Training Loss: 7.9310574532, Validation Loss: 8.1285743713, Training R-squared: 0.3654918969, Validation R-squared: 0.3150022626
2023-11-23 16:06:04,773 - INFO - Epoch 21 : Training Loss: 7.8782420158, Validation Loss: 8.1188688278, Training R-squared: 0.3715696633, Validation R-squared: 0.3163684607
2023-11-23 16:06:13,045 - INFO - Epoch 22 : Training Loss: 7.8488593102, Validation Loss: 8.0894422531, Training R-squared: 0.3761943579, Validation R-squared: 0.3212481439
2023-11-23 16:06:21,217 - INFO - Epoch 23 : Training Loss: 7.8118185997, Validation Loss: 8.0680503845, Training R-squared: 0.3839210570, Validation R-squared: 0.3249553442
2023-11-23 16:06:29,450 - INFO - Epoch 24 : Training Loss: 7.7698526382, Validation Loss: 8.0682458878, Training R-squared: 0.3898819685, Validation R-squared: 0.3242221177
2023-11-23 16:06:37,752 - INFO - Epoch 25 : Training Loss: 7.7372717857, Validation Loss: 8.0414953232, Training R-squared: 0.3944028616, Validation R-squared: 0.3289586604
2023-11-23 16:06:45,753 - INFO - Epoch 26 : Training Loss: 7.6987657547, Validation Loss: 7.9931483269, Training R-squared: 0.3997464478, Validation R-squared: 0.3373618424
2023-11-23 16:06:53,975 - INFO - Epoch 27 : Training Loss: 7.6680593491, Validation Loss: 8.0328302383, Training R-squared: 0.4049601555, Validation R-squared: 0.3299994469
2023-11-23 16:07:02,167 - INFO - Epoch 28 : Training Loss: 7.6489057541, Validation Loss: 7.9820451736, Training R-squared: 0.4080113471, Validation R-squared: 0.3387043774
2023-11-23 16:07:10,200 - INFO - Epoch 29 : Training Loss: 7.6195440292, Validation Loss: 7.9679346085, Training R-squared: 0.4128554165, Validation R-squared: 0.3410159647
2023-11-23 16:07:19,112 - INFO - Epoch 30 : Training Loss: 7.5997347832, Validation Loss: 7.9615707397, Training R-squared: 0.4151816666, Validation R-squared: 0.3422149420
2023-11-23 16:07:27,181 - INFO - Epoch 31 : Training Loss: 7.5733017921, Validation Loss: 7.9764571190, Training R-squared: 0.4178293049, Validation R-squared: 0.3393713236
2023-11-23 16:07:35,333 - INFO - Epoch 32 : Training Loss: 7.5554251671, Validation Loss: 7.9584965706, Training R-squared: 0.4215479195, Validation R-squared: 0.3424887955
2023-11-23 16:07:43,571 - INFO - Epoch 33 : Training Loss: 7.5435605049, Validation Loss: 7.9958462715, Training R-squared: 0.4227124155, Validation R-squared: 0.3358179033
2023-11-23 16:07:51,688 - INFO - Epoch 34 : Training Loss: 7.5156497955, Validation Loss: 7.9662871361, Training R-squared: 0.4285857081, Validation R-squared: 0.3409945667
2023-11-23 16:07:59,855 - INFO - Epoch 35 : Training Loss: 7.4989027977, Validation Loss: 7.9580798149, Training R-squared: 0.4304678142, Validation R-squared: 0.3422684073
2023-11-23 16:08:08,271 - INFO - Epoch 36 : Training Loss: 7.4766154289, Validation Loss: 7.9720673561, Training R-squared: 0.4329309762, Validation R-squared: 0.3396891356
2023-11-23 16:08:16,208 - INFO - Epoch 37 : Training Loss: 7.4507212639, Validation Loss: 7.9400701523, Training R-squared: 0.4374178648, Validation R-squared: 0.3449552059
2023-11-23 16:08:24,782 - INFO - Epoch 38 : Training Loss: 7.4369497299, Validation Loss: 7.9185638428, Training R-squared: 0.4390804470, Validation R-squared: 0.3487453163
2023-11-23 16:08:33,158 - INFO - Epoch 39 : Training Loss: 7.4123735428, Validation Loss: 7.9212865829, Training R-squared: 0.4426007271, Validation R-squared: 0.3482321501
2023-11-23 16:08:41,171 - INFO - Epoch 40 : Training Loss: 7.3874707222, Validation Loss: 7.9443798065, Training R-squared: 0.4452920854, Validation R-squared: 0.3441973925
2023-11-23 16:08:49,353 - INFO - Epoch 41 : Training Loss: 7.3842306137, Validation Loss: 7.9346289635, Training R-squared: 0.4479173422, Validation R-squared: 0.3455114365
2023-11-23 16:08:57,462 - INFO - Epoch 42 : Training Loss: 7.3603510857, Validation Loss: 7.9097008705, Training R-squared: 0.4504906535, Validation R-squared: 0.3498853445
2023-11-23 16:09:05,497 - INFO - Epoch 43 : Training Loss: 7.3374238014, Validation Loss: 7.8992943764, Training R-squared: 0.4537497461, Validation R-squared: 0.3516516984
2023-11-23 16:09:13,859 - INFO - Epoch 44 : Training Loss: 7.3194408417, Validation Loss: 7.9187769890, Training R-squared: 0.4566802979, Validation R-squared: 0.3480317891
2023-11-23 16:09:22,290 - INFO - Epoch 45 : Training Loss: 7.2902092934, Validation Loss: 7.8820285797, Training R-squared: 0.4599961340, Validation R-squared: 0.3545127809
2023-11-23 16:09:30,403 - INFO - Epoch 46 : Training Loss: 7.2829179764, Validation Loss: 7.9181194305, Training R-squared: 0.4614138603, Validation R-squared: 0.3479540646
2023-11-23 16:09:38,848 - INFO - Epoch 47 : Training Loss: 7.2588248253, Validation Loss: 7.8994030952, Training R-squared: 0.4644030333, Validation R-squared: 0.3511138856
2023-11-23 16:09:46,888 - INFO - Epoch 48 : Training Loss: 7.2412009239, Validation Loss: 7.9088630676, Training R-squared: 0.4674998522, Validation R-squared: 0.3495226800
2023-11-23 16:09:55,130 - INFO - Epoch 49 : Training Loss: 7.2282824516, Validation Loss: 7.8742833138, Training R-squared: 0.4691248834, Validation R-squared: 0.3553822339
2023-11-23 16:10:03,462 - INFO - Epoch 50 : Training Loss: 7.2017850876, Validation Loss: 7.9025135040, Training R-squared: 0.4728254080, Validation R-squared: 0.3505762219
2023-11-23 16:10:11,398 - INFO - Epoch 51 : Training Loss: 7.1825423241, Validation Loss: 7.8885822296, Training R-squared: 0.4755553007, Validation R-squared: 0.3528391421
2023-11-23 16:10:19,737 - INFO - Epoch 52 : Training Loss: 7.1701445580, Validation Loss: 7.8860139847, Training R-squared: 0.4769861996, Validation R-squared: 0.3531400859
2023-11-23 16:10:27,947 - INFO - Epoch 53 : Training Loss: 7.1666383743, Validation Loss: 7.8558669090, Training R-squared: 0.4779721498, Validation R-squared: 0.3583039939
2023-11-23 16:10:35,994 - INFO - Epoch 54 : Training Loss: 7.1364860535, Validation Loss: 7.8904480934, Training R-squared: 0.4820460379, Validation R-squared: 0.3522145748
2023-11-23 16:10:44,301 - INFO - Epoch 55 : Training Loss: 7.1338214874, Validation Loss: 7.8913550377, Training R-squared: 0.4832637906, Validation R-squared: 0.3520550728
2023-11-23 16:10:52,523 - INFO - Epoch 56 : Training Loss: 7.1089401245, Validation Loss: 7.8416857719, Training R-squared: 0.4858901799, Validation R-squared: 0.3603585362
2023-11-23 16:11:00,635 - INFO - Epoch 57 : Training Loss: 7.0935621262, Validation Loss: 7.8512864113, Training R-squared: 0.4889697731, Validation R-squared: 0.3590765297
2023-11-23 16:11:09,086 - INFO - Epoch 58 : Training Loss: 7.0834603310, Validation Loss: 7.8461990356, Training R-squared: 0.4898500741, Validation R-squared: 0.3596648872
2023-11-23 16:11:17,708 - INFO - Epoch 59 : Training Loss: 7.0655503273, Validation Loss: 7.8697166443, Training R-squared: 0.4925362468, Validation R-squared: 0.3556128740
2023-11-23 16:11:26,503 - INFO - Epoch 60 : Training Loss: 7.0586071014, Validation Loss: 7.8502287865, Training R-squared: 0.4930597246, Validation R-squared: 0.3587148488
2023-11-23 16:11:35,290 - INFO - Epoch 61 : Training Loss: 7.0316128731, Validation Loss: 7.8573684692, Training R-squared: 0.4952574968, Validation R-squared: 0.3575369716
2023-11-23 16:11:48,493 - INFO - Model saved to models/portion_model/lunch/512_512_200_64/sparsity_60_fold_1_model.keras
2023-11-23 16:11:53,070 - INFO - Avg Metrics: RMSE: 6.3402609065, R-squared: -1.0259587186, PCC: 0.5304110399
2023-11-23 16:11:53,070 - INFO - Agg Metrics: RMSE: 7.9152004667, R-squared: 0.3579269061, PCC: 0.6059073085
2023-11-23 16:11:59,297 - INFO - ================================================================== Fold 2 ===================================================================
2023-11-23 16:12:10,859 - INFO - Epoch 1  : Training Loss: 9.7376213074, Validation Loss: 9.6682319641, Training R-squared: 0.0386945419, Validation R-squared: 0.0439071171
2023-11-23 16:12:19,685 - INFO - Epoch 2  : Training Loss: 9.4945611954, Validation Loss: 9.2864866257, Training R-squared: 0.0873001441, Validation R-squared: 0.1189595759
2023-11-23 16:12:27,945 - INFO - Epoch 3  : Training Loss: 8.9998912811, Validation Loss: 8.7350578308, Training R-squared: 0.1794768423, Validation R-squared: 0.2206320763
2023-11-23 16:12:35,980 - INFO - Epoch 4  : Training Loss: 8.6057424545, Validation Loss: 8.6136512756, Training R-squared: 0.2509851158, Validation R-squared: 0.2424775213
2023-11-23 16:12:44,374 - INFO - Epoch 5  : Training Loss: 8.5195665359, Validation Loss: 8.5885066986, Training R-squared: 0.2647535205, Validation R-squared: 0.2468034625
2023-11-23 16:12:52,546 - INFO - Epoch 6  : Training Loss: 8.4632186890, Validation Loss: 8.5573825836, Training R-squared: 0.2735047936, Validation R-squared: 0.2518744171
2023-11-23 16:13:00,629 - INFO - Epoch 7  : Training Loss: 8.3980178833, Validation Loss: 8.5206518173, Training R-squared: 0.2844896615, Validation R-squared: 0.2585430741
2023-11-23 16:13:08,886 - INFO - Epoch 8  : Training Loss: 8.3347368240, Validation Loss: 8.4853773117, Training R-squared: 0.2944862247, Validation R-squared: 0.2644675076
2023-11-23 16:13:17,120 - INFO - Epoch 9  : Training Loss: 8.2944173813, Validation Loss: 8.4586296082, Training R-squared: 0.3026167154, Validation R-squared: 0.2693682015
2023-11-23 16:13:25,323 - INFO - Epoch 10 : Training Loss: 8.2525081635, Validation Loss: 8.4349298477, Training R-squared: 0.3088011742, Validation R-squared: 0.2729584873
2023-11-23 16:13:33,618 - INFO - Epoch 11 : Training Loss: 8.1980571747, Validation Loss: 8.3974437714, Training R-squared: 0.3180477023, Validation R-squared: 0.2796357870
2023-11-23 16:13:41,724 - INFO - Epoch 12 : Training Loss: 8.1548013687, Validation Loss: 8.3792848587, Training R-squared: 0.3257479668, Validation R-squared: 0.2824437320
2023-11-23 16:13:50,548 - INFO - Epoch 13 : Training Loss: 8.1172599792, Validation Loss: 8.3537273407, Training R-squared: 0.3328057826, Validation R-squared: 0.2870235741
2023-11-23 16:13:59,467 - INFO - Epoch 14 : Training Loss: 8.0700101852, Validation Loss: 8.3459711075, Training R-squared: 0.3405758142, Validation R-squared: 0.2878609002
2023-11-23 16:14:07,582 - INFO - Epoch 15 : Training Loss: 8.0169534683, Validation Loss: 8.3004617691, Training R-squared: 0.3477213979, Validation R-squared: 0.2960595191
2023-11-23 16:14:15,650 - INFO - Epoch 16 : Training Loss: 7.9760894775, Validation Loss: 8.2663974762, Training R-squared: 0.3548814356, Validation R-squared: 0.3017479181
2023-11-23 16:14:24,219 - INFO - Epoch 17 : Training Loss: 7.9221582413, Validation Loss: 8.2323112488, Training R-squared: 0.3634833694, Validation R-squared: 0.3072623014
2023-11-23 16:14:32,360 - INFO - Epoch 18 : Training Loss: 7.8637809753, Validation Loss: 8.2051000595, Training R-squared: 0.3735559583, Validation R-squared: 0.3118243814
2023-11-23 16:14:40,749 - INFO - Epoch 19 : Training Loss: 7.8173251152, Validation Loss: 8.1688928604, Training R-squared: 0.3801297843, Validation R-squared: 0.3179401159
2023-11-23 16:14:49,049 - INFO - Epoch 20 : Training Loss: 7.7654528618, Validation Loss: 8.1421670914, Training R-squared: 0.3885214925, Validation R-squared: 0.3221229315
2023-11-23 16:14:56,996 - INFO - Epoch 21 : Training Loss: 7.7231168747, Validation Loss: 8.1142854691, Training R-squared: 0.3952153027, Validation R-squared: 0.3268872499
2023-11-23 16:15:05,246 - INFO - Epoch 22 : Training Loss: 7.6770639420, Validation Loss: 8.1018133163, Training R-squared: 0.4008803368, Validation R-squared: 0.3284477890
2023-11-23 16:15:13,562 - INFO - Epoch 23 : Training Loss: 7.6324553490, Validation Loss: 8.0649814606, Training R-squared: 0.4093996882, Validation R-squared: 0.3348474205
2023-11-23 16:15:21,797 - INFO - Epoch 24 : Training Loss: 7.6082730293, Validation Loss: 8.0368185043, Training R-squared: 0.4125435948, Validation R-squared: 0.3395000696
2023-11-23 16:15:30,014 - INFO - Epoch 25 : Training Loss: 7.5561313629, Validation Loss: 8.0362930298, Training R-squared: 0.4199099541, Validation R-squared: 0.3392584622
2023-11-23 16:15:38,469 - INFO - Epoch 26 : Training Loss: 7.5282878876, Validation Loss: 8.0260391235, Training R-squared: 0.4246822596, Validation R-squared: 0.3407146931
2023-11-23 16:15:46,360 - INFO - Epoch 27 : Training Loss: 7.4933090210, Validation Loss: 8.0055751801, Training R-squared: 0.4291841686, Validation R-squared: 0.3439871073
2023-11-23 16:15:54,701 - INFO - Epoch 28 : Training Loss: 7.4640269279, Validation Loss: 7.9791426659, Training R-squared: 0.4327233434, Validation R-squared: 0.3485294878
2023-11-23 16:16:02,840 - INFO - Epoch 29 : Training Loss: 7.4502425194, Validation Loss: 7.9647045135, Training R-squared: 0.4361581504, Validation R-squared: 0.3511849642
2023-11-23 16:16:10,890 - INFO - Epoch 30 : Training Loss: 7.4177026749, Validation Loss: 7.9941434860, Training R-squared: 0.4399484396, Validation R-squared: 0.3458142579
2023-11-23 16:16:19,276 - INFO - Epoch 31 : Training Loss: 7.3918185234, Validation Loss: 7.9855976105, Training R-squared: 0.4441339374, Validation R-squared: 0.3471163213
2023-11-23 16:16:27,444 - INFO - Epoch 32 : Training Loss: 7.3527178764, Validation Loss: 7.9698314667, Training R-squared: 0.4500941932, Validation R-squared: 0.3497664034
2023-11-23 16:16:35,533 - INFO - Epoch 33 : Training Loss: 7.3352847099, Validation Loss: 7.9722948074, Training R-squared: 0.4527423978, Validation R-squared: 0.3492051363
2023-11-23 16:16:43,921 - INFO - Epoch 34 : Training Loss: 7.3097863197, Validation Loss: 7.9376235008, Training R-squared: 0.4564087987, Validation R-squared: 0.3548575938
2023-11-23 16:16:52,020 - INFO - Epoch 35 : Training Loss: 7.2909312248, Validation Loss: 7.9237241745, Training R-squared: 0.4591026604, Validation R-squared: 0.3572929204
2023-11-23 16:17:00,247 - INFO - Epoch 36 : Training Loss: 7.2550230026, Validation Loss: 7.8764624596, Training R-squared: 0.4638727009, Validation R-squared: 0.3651867211
2023-11-23 16:17:08,569 - INFO - Epoch 37 : Training Loss: 7.2390370369, Validation Loss: 7.8798580170, Training R-squared: 0.4672552347, Validation R-squared: 0.3644452989
2023-11-23 16:17:17,111 - INFO - Epoch 38 : Training Loss: 7.2092609406, Validation Loss: 7.8825659752, Training R-squared: 0.4700543284, Validation R-squared: 0.3637129962
2023-11-23 16:17:25,512 - INFO - Epoch 39 : Training Loss: 7.1872057915, Validation Loss: 7.8642597198, Training R-squared: 0.4751459360, Validation R-squared: 0.3670159578
2023-11-23 16:17:33,732 - INFO - Epoch 40 : Training Loss: 7.1738228798, Validation Loss: 7.8666019440, Training R-squared: 0.4759408832, Validation R-squared: 0.3662452996
2023-11-23 16:17:41,718 - INFO - Epoch 41 : Training Loss: 7.1506309509, Validation Loss: 7.8491230011, Training R-squared: 0.4804032445, Validation R-squared: 0.3691992760
2023-11-23 16:17:50,125 - INFO - Epoch 42 : Training Loss: 7.1381216049, Validation Loss: 7.8710374832, Training R-squared: 0.4809616208, Validation R-squared: 0.3650426567
2023-11-23 16:17:58,217 - INFO - Epoch 43 : Training Loss: 7.1064324379, Validation Loss: 7.8696594238, Training R-squared: 0.4847493172, Validation R-squared: 0.3652615249
2023-11-23 16:18:06,299 - INFO - Epoch 44 : Training Loss: 7.0960469246, Validation Loss: 7.8414106369, Training R-squared: 0.4870910645, Validation R-squared: 0.3700363934
2023-11-23 16:18:14,603 - INFO - Epoch 45 : Training Loss: 7.0821585655, Validation Loss: 7.8616099358, Training R-squared: 0.4885853529, Validation R-squared: 0.3665623665
2023-11-23 16:18:23,290 - INFO - Epoch 46 : Training Loss: 7.0605406761, Validation Loss: 7.8504004478, Training R-squared: 0.4913665652, Validation R-squared: 0.3684476614
2023-11-23 16:18:31,502 - INFO - Epoch 47 : Training Loss: 7.0418705940, Validation Loss: 7.9328722954, Training R-squared: 0.4946064055, Validation R-squared: 0.3537636995
2023-11-23 16:18:39,890 - INFO - Epoch 48 : Training Loss: 7.0264720917, Validation Loss: 7.8342008591, Training R-squared: 0.4962509871, Validation R-squared: 0.3707653880
2023-11-23 16:18:48,532 - INFO - Epoch 49 : Training Loss: 7.0141310692, Validation Loss: 7.8283734322, Training R-squared: 0.4984159768, Validation R-squared: 0.3714075089
2023-11-23 16:18:56,616 - INFO - Epoch 50 : Training Loss: 6.9906129837, Validation Loss: 7.8274054527, Training R-squared: 0.5016336441, Validation R-squared: 0.3718387485
2023-11-23 16:19:05,066 - INFO - Epoch 51 : Training Loss: 6.9774065018, Validation Loss: 7.8726997375, Training R-squared: 0.5042922497, Validation R-squared: 0.3637223244
2023-11-23 16:19:13,281 - INFO - Epoch 52 : Training Loss: 6.9560594559, Validation Loss: 7.8798375130, Training R-squared: 0.5069804192, Validation R-squared: 0.3625360131
2023-11-23 16:19:21,482 - INFO - Epoch 53 : Training Loss: 6.9389495850, Validation Loss: 7.8428397179, Training R-squared: 0.5091363192, Validation R-squared: 0.3686768711
2023-11-23 16:19:29,755 - INFO - Epoch 54 : Training Loss: 6.9254136086, Validation Loss: 7.8541440964, Training R-squared: 0.5110705495, Validation R-squared: 0.3666501343
2023-11-23 16:19:38,061 - INFO - Epoch 55 : Training Loss: 6.9086833000, Validation Loss: 7.8315219879, Training R-squared: 0.5131479502, Validation R-squared: 0.3705022037
2023-11-23 16:19:50,188 - INFO - Model saved to models/portion_model/lunch/512_512_200_64/sparsity_60_fold_2_model.keras
2023-11-23 16:19:55,389 - INFO - Avg Metrics: RMSE: 6.3414493130, R-squared: -0.9379965212, PCC: 0.5509582509
2023-11-23 16:19:55,390 - INFO - Agg Metrics: RMSE: 7.9342893317, R-squared: 0.3671094027, PCC: 0.6112352301
2023-11-23 16:20:01,673 - INFO - ================================================================== Fold 3 ===================================================================
2023-11-23 16:20:13,259 - INFO - Epoch 1  : Training Loss: 9.7466049194, Validation Loss: 9.6731967926, Training R-squared: 0.0384522788, Validation R-squared: 0.0465994477
2023-11-23 16:20:21,503 - INFO - Epoch 2  : Training Loss: 9.5010776520, Validation Loss: 9.3113079071, Training R-squared: 0.0855052099, Validation R-squared: 0.1161750555
2023-11-23 16:20:29,711 - INFO - Epoch 3  : Training Loss: 9.1152658463, Validation Loss: 8.8648090363, Training R-squared: 0.1587278694, Validation R-squared: 0.1988717169
2023-11-23 16:20:37,887 - INFO - Epoch 4  : Training Loss: 8.6603384018, Validation Loss: 8.6092510223, Training R-squared: 0.2386359572, Validation R-squared: 0.2438694388
2023-11-23 16:20:46,008 - INFO - Epoch 5  : Training Loss: 8.5309696198, Validation Loss: 8.5735158920, Training R-squared: 0.2633473575, Validation R-squared: 0.2503972650
2023-11-23 16:20:54,309 - INFO - Epoch 6  : Training Loss: 8.4855184555, Validation Loss: 8.5534563065, Training R-squared: 0.2702993453, Validation R-squared: 0.2538451850
2023-11-23 16:21:02,334 - INFO - Epoch 7  : Training Loss: 8.4337816238, Validation Loss: 8.5214548111, Training R-squared: 0.2789441645, Validation R-squared: 0.2594827116
2023-11-23 16:21:10,594 - INFO - Epoch 8  : Training Loss: 8.3779535294, Validation Loss: 8.4873228073, Training R-squared: 0.2876677215, Validation R-squared: 0.2656166852
2023-11-23 16:21:19,050 - INFO - Epoch 9  : Training Loss: 8.3204212189, Validation Loss: 8.4597635269, Training R-squared: 0.2992122173, Validation R-squared: 0.2701111138
2023-11-23 16:21:27,052 - INFO - Epoch 10 : Training Loss: 8.2642679214, Validation Loss: 8.4240083694, Training R-squared: 0.3065383732, Validation R-squared: 0.2763851881
2023-11-23 16:21:35,272 - INFO - Epoch 11 : Training Loss: 8.2049474716, Validation Loss: 8.3906822205, Training R-squared: 0.3175482452, Validation R-squared: 0.2817617953
2023-11-23 16:21:43,643 - INFO - Epoch 12 : Training Loss: 8.1514625549, Validation Loss: 8.3604907990, Training R-squared: 0.3257755935, Validation R-squared: 0.2870359421
2023-11-23 16:21:51,838 - INFO - Epoch 13 : Training Loss: 8.1113471985, Validation Loss: 8.3441638947, Training R-squared: 0.3324898481, Validation R-squared: 0.2904537022
2023-11-23 16:22:00,359 - INFO - Epoch 14 : Training Loss: 8.0764522552, Validation Loss: 8.3312320709, Training R-squared: 0.3374618292, Validation R-squared: 0.2921922505
2023-11-23 16:22:08,399 - INFO - Epoch 15 : Training Loss: 8.0510349274, Validation Loss: 8.3228836060, Training R-squared: 0.3425235152, Validation R-squared: 0.2936861515
2023-11-23 16:22:16,585 - INFO - Epoch 16 : Training Loss: 8.0133314133, Validation Loss: 8.3061571121, Training R-squared: 0.3478257656, Validation R-squared: 0.2961639464
2023-11-23 16:22:25,230 - INFO - Epoch 17 : Training Loss: 7.9717254639, Validation Loss: 8.2821455002, Training R-squared: 0.3544514775, Validation R-squared: 0.3004898727
2023-11-23 16:22:33,376 - INFO - Epoch 18 : Training Loss: 7.9321146011, Validation Loss: 8.2320556641, Training R-squared: 0.3616356850, Validation R-squared: 0.3090477288
2023-11-23 16:22:41,563 - INFO - Epoch 19 : Training Loss: 7.8834023476, Validation Loss: 8.2023334503, Training R-squared: 0.3694312274, Validation R-squared: 0.3143225908
2023-11-23 16:22:49,923 - INFO - Epoch 20 : Training Loss: 7.8316154480, Validation Loss: 8.1596937180, Training R-squared: 0.3762335479, Validation R-squared: 0.3208227456
2023-11-23 16:22:57,891 - INFO - Epoch 21 : Training Loss: 7.7784919739, Validation Loss: 8.1288414001, Training R-squared: 0.3850779235, Validation R-squared: 0.3260285258
2023-11-23 16:23:06,171 - INFO - Epoch 22 : Training Loss: 7.7378463745, Validation Loss: 8.1062374115, Training R-squared: 0.3917112350, Validation R-squared: 0.3299281895
2023-11-23 16:23:14,476 - INFO - Epoch 23 : Training Loss: 7.6865248680, Validation Loss: 8.0802516937, Training R-squared: 0.3994528055, Validation R-squared: 0.3340944946
2023-11-23 16:23:22,684 - INFO - Epoch 24 : Training Loss: 7.6507697105, Validation Loss: 8.0815296173, Training R-squared: 0.4037069976, Validation R-squared: 0.3334252536
2023-11-23 16:23:30,854 - INFO - Epoch 25 : Training Loss: 7.6259775162, Validation Loss: 8.0597248077, Training R-squared: 0.4086550474, Validation R-squared: 0.3368867934
2023-11-23 16:23:39,058 - INFO - Epoch 26 : Training Loss: 7.6032853127, Validation Loss: 8.0321578979, Training R-squared: 0.4126402736, Validation R-squared: 0.3415586948
2023-11-23 16:23:47,950 - INFO - Epoch 27 : Training Loss: 7.5714211464, Validation Loss: 8.0206212997, Training R-squared: 0.4176585972, Validation R-squared: 0.3434643447
2023-11-23 16:23:57,061 - INFO - Epoch 28 : Training Loss: 7.5395941734, Validation Loss: 8.0240497589, Training R-squared: 0.4221311510, Validation R-squared: 0.3428436220
2023-11-23 16:24:05,361 - INFO - Epoch 29 : Training Loss: 7.5161051750, Validation Loss: 8.0182409286, Training R-squared: 0.4264335334, Validation R-squared: 0.3435661495
2023-11-23 16:24:13,430 - INFO - Epoch 30 : Training Loss: 7.4805412292, Validation Loss: 7.9818515778, Training R-squared: 0.4308960736, Validation R-squared: 0.3494555354
2023-11-23 16:24:21,713 - INFO - Epoch 31 : Training Loss: 7.4526615143, Validation Loss: 7.9501943588, Training R-squared: 0.4349445105, Validation R-squared: 0.3549558222
2023-11-23 16:24:29,990 - INFO - Epoch 32 : Training Loss: 7.4390568733, Validation Loss: 7.9575066566, Training R-squared: 0.4376310408, Validation R-squared: 0.3535490930
2023-11-23 16:24:38,381 - INFO - Epoch 33 : Training Loss: 7.4021353722, Validation Loss: 7.9649472237, Training R-squared: 0.4428862333, Validation R-squared: 0.3520875871
2023-11-23 16:24:46,604 - INFO - Epoch 34 : Training Loss: 7.3813920021, Validation Loss: 7.9113183022, Training R-squared: 0.4450239241, Validation R-squared: 0.3611628413
2023-11-23 16:24:54,953 - INFO - Epoch 35 : Training Loss: 7.3602976799, Validation Loss: 7.9453687668, Training R-squared: 0.4484706819, Validation R-squared: 0.3552056551
2023-11-23 16:25:03,013 - INFO - Epoch 36 : Training Loss: 7.3394737244, Validation Loss: 7.9051523209, Training R-squared: 0.4515020251, Validation R-squared: 0.3617123961
2023-11-23 16:25:11,159 - INFO - Epoch 37 : Training Loss: 7.3237366676, Validation Loss: 7.9186773300, Training R-squared: 0.4532710016, Validation R-squared: 0.3594388068
2023-11-23 16:25:19,683 - INFO - Epoch 38 : Training Loss: 7.3002862930, Validation Loss: 7.8905367851, Training R-squared: 0.4558288753, Validation R-squared: 0.3641155064
2023-11-23 16:25:27,630 - INFO - Epoch 39 : Training Loss: 7.2794342041, Validation Loss: 7.9034705162, Training R-squared: 0.4599608481, Validation R-squared: 0.3616440296
2023-11-23 16:25:35,967 - INFO - Epoch 40 : Training Loss: 7.2629570961, Validation Loss: 7.9114336967, Training R-squared: 0.4616075456, Validation R-squared: 0.3598818481
2023-11-23 16:25:44,071 - INFO - Epoch 41 : Training Loss: 7.2465004921, Validation Loss: 7.9007840157, Training R-squared: 0.4648438692, Validation R-squared: 0.3620975912
2023-11-23 16:25:52,236 - INFO - Epoch 42 : Training Loss: 7.2229666710, Validation Loss: 7.8901076317, Training R-squared: 0.4665794373, Validation R-squared: 0.3634930849
2023-11-23 16:26:00,525 - INFO - Epoch 43 : Training Loss: 7.2171049118, Validation Loss: 7.9124417305, Training R-squared: 0.4688822627, Validation R-squared: 0.3592713177
2023-11-23 16:26:08,557 - INFO - Epoch 44 : Training Loss: 7.1954388618, Validation Loss: 7.9147763252, Training R-squared: 0.4727287591, Validation R-squared: 0.3591359258
2023-11-23 16:26:16,958 - INFO - Epoch 45 : Training Loss: 7.1730055809, Validation Loss: 7.9100704193, Training R-squared: 0.4745544493, Validation R-squared: 0.3600842357
2023-11-23 16:26:25,461 - INFO - Epoch 46 : Training Loss: 7.1688699722, Validation Loss: 7.8746080399, Training R-squared: 0.4767304659, Validation R-squared: 0.3657707870
2023-11-23 16:26:34,263 - INFO - Epoch 47 : Training Loss: 7.1559462547, Validation Loss: 7.9118061066, Training R-squared: 0.4780477285, Validation R-squared: 0.3593223095
2023-11-23 16:26:43,281 - INFO - Epoch 48 : Training Loss: 7.1329512596, Validation Loss: 7.8859200478, Training R-squared: 0.4814562500, Validation R-squared: 0.3640179634
2023-11-23 16:26:52,324 - INFO - Epoch 49 : Training Loss: 7.1154723167, Validation Loss: 7.9006543159, Training R-squared: 0.4850259125, Validation R-squared: 0.3610527813
2023-11-23 16:27:01,262 - INFO - Epoch 50 : Training Loss: 7.0920200348, Validation Loss: 7.8515453339, Training R-squared: 0.4871256948, Validation R-squared: 0.3695071042
2023-11-23 16:27:10,161 - INFO - Epoch 51 : Training Loss: 7.0881161690, Validation Loss: 7.8704366684, Training R-squared: 0.4882292747, Validation R-squared: 0.3659063578
2023-11-23 16:27:19,168 - INFO - Epoch 52 : Training Loss: 7.0555744171, Validation Loss: 7.9272756577, Training R-squared: 0.4923732579, Validation R-squared: 0.3559114933
2023-11-23 16:27:27,958 - INFO - Epoch 53 : Training Loss: 7.0523524284, Validation Loss: 7.8607196808, Training R-squared: 0.4922720194, Validation R-squared: 0.3675032556
2023-11-23 16:27:36,754 - INFO - Epoch 54 : Training Loss: 7.0379676819, Validation Loss: 7.8505029678, Training R-squared: 0.4946477711, Validation R-squared: 0.3689067066
2023-11-23 16:27:45,747 - INFO - Epoch 55 : Training Loss: 7.0174303055, Validation Loss: 7.8570637703, Training R-squared: 0.4975351393, Validation R-squared: 0.3679134250
2023-11-23 16:27:54,774 - INFO - Epoch 56 : Training Loss: 7.0025305748, Validation Loss: 7.9003720284, Training R-squared: 0.4996488690, Validation R-squared: 0.3601621389
2023-11-23 16:28:03,484 - INFO - Epoch 57 : Training Loss: 6.9851398468, Validation Loss: 7.8479247093, Training R-squared: 0.5024888515, Validation R-squared: 0.3691261113
2023-11-23 16:28:12,462 - INFO - Epoch 58 : Training Loss: 6.9584240913, Validation Loss: 7.9131312370, Training R-squared: 0.5059446692, Validation R-squared: 0.3576962948
2023-11-23 16:28:21,767 - INFO - Epoch 59 : Training Loss: 6.9519648552, Validation Loss: 7.8745636940, Training R-squared: 0.5058717132, Validation R-squared: 0.3639186621
2023-11-23 16:28:30,816 - INFO - Epoch 60 : Training Loss: 6.9365139008, Validation Loss: 7.8620266914, Training R-squared: 0.5094993711, Validation R-squared: 0.3660626113
2023-11-23 16:28:39,629 - INFO - Epoch 61 : Training Loss: 6.9230971336, Validation Loss: 7.8586506844, Training R-squared: 0.5110161304, Validation R-squared: 0.3667805791
2023-11-23 16:28:48,438 - INFO - Epoch 62 : Training Loss: 6.9018959999, Validation Loss: 7.8161129951, Training R-squared: 0.5130143166, Validation R-squared: 0.3737146258
2023-11-23 16:28:57,348 - INFO - Epoch 63 : Training Loss: 6.8931727409, Validation Loss: 7.8894357681, Training R-squared: 0.5145285130, Validation R-squared: 0.3605866730
2023-11-23 16:29:06,390 - INFO - Epoch 64 : Training Loss: 6.8764829636, Validation Loss: 7.8769154549, Training R-squared: 0.5159118176, Validation R-squared: 0.3627703488
2023-11-23 16:29:15,270 - INFO - Epoch 65 : Training Loss: 6.8648505211, Validation Loss: 7.8709530830, Training R-squared: 0.5188503265, Validation R-squared: 0.3638578355
2023-11-23 16:29:24,678 - INFO - Epoch 66 : Training Loss: 6.8500638008, Validation Loss: 7.8890376091, Training R-squared: 0.5204066634, Validation R-squared: 0.3606210649
2023-11-23 16:29:33,380 - INFO - Epoch 67 : Training Loss: 6.8396921158, Validation Loss: 7.8827209473, Training R-squared: 0.5220803022, Validation R-squared: 0.3617544472
2023-11-23 16:29:46,775 - INFO - Model saved to models/portion_model/lunch/512_512_200_64/sparsity_60_fold_3_model.keras
2023-11-23 16:29:51,614 - INFO - Avg Metrics: RMSE: 6.2942109895, R-squared: -0.2146805146, PCC: 0.5610806607
2023-11-23 16:29:51,614 - INFO - Agg Metrics: RMSE: 7.8999551006, R-squared: 0.3729460313, PCC: 0.6169973013
2023-11-23 16:29:58,588 - INFO - ================================================================== Fold 4 ===================================================================
2023-11-23 16:30:11,549 - INFO - Epoch 1  : Training Loss: 9.6943702698, Validation Loss: 9.8455715179, Training R-squared: 0.0378884673, Validation R-squared: 0.0498600975
2023-11-23 16:30:21,014 - INFO - Epoch 2  : Training Loss: 9.4583673477, Validation Loss: 9.4566001892, Training R-squared: 0.0840716064, Validation R-squared: 0.1245540455
2023-11-23 16:30:29,922 - INFO - Epoch 3  : Training Loss: 9.0161113739, Validation Loss: 8.9364118576, Training R-squared: 0.1672695726, Validation R-squared: 0.2190530151
2023-11-23 16:30:38,925 - INFO - Epoch 4  : Training Loss: 8.6163377762, Validation Loss: 8.7473268509, Training R-squared: 0.2390735298, Validation R-squared: 0.2516134083
2023-11-23 16:30:47,680 - INFO - Epoch 5  : Training Loss: 8.4906129837, Validation Loss: 8.6911754608, Training R-squared: 0.2610051036, Validation R-squared: 0.2610221207
2023-11-23 16:30:56,753 - INFO - Epoch 6  : Training Loss: 8.4439802170, Validation Loss: 8.6601839066, Training R-squared: 0.2709363401, Validation R-squared: 0.2660045326
2023-11-23 16:31:05,720 - INFO - Epoch 7  : Training Loss: 8.3720054626, Validation Loss: 8.6346569061, Training R-squared: 0.2814526260, Validation R-squared: 0.2709219158
2023-11-23 16:31:14,404 - INFO - Epoch 8  : Training Loss: 8.3287353516, Validation Loss: 8.6099901199, Training R-squared: 0.2901219130, Validation R-squared: 0.2746534348
2023-11-23 16:31:23,447 - INFO - Epoch 9  : Training Loss: 8.2859678268, Validation Loss: 8.5854415894, Training R-squared: 0.2961918116, Validation R-squared: 0.2792393267
2023-11-23 16:31:32,251 - INFO - Epoch 10 : Training Loss: 8.2323045731, Validation Loss: 8.5610294342, Training R-squared: 0.3059848547, Validation R-squared: 0.2825538516
2023-11-23 16:31:41,209 - INFO - Epoch 11 : Training Loss: 8.1854057312, Validation Loss: 8.5310020447, Training R-squared: 0.3138570189, Validation R-squared: 0.2883804440
2023-11-23 16:31:50,219 - INFO - Epoch 12 : Training Loss: 8.1348133087, Validation Loss: 8.5035066605, Training R-squared: 0.3219083846, Validation R-squared: 0.2929095924
2023-11-23 16:31:58,971 - INFO - Epoch 13 : Training Loss: 8.0733814240, Validation Loss: 8.4762067795, Training R-squared: 0.3307045400, Validation R-squared: 0.2974908650
2023-11-23 16:32:07,797 - INFO - Epoch 14 : Training Loss: 8.0112857819, Validation Loss: 8.4285068512, Training R-squared: 0.3412554562, Validation R-squared: 0.3049387634
2023-11-23 16:32:16,977 - INFO - Epoch 15 : Training Loss: 7.9534559250, Validation Loss: 8.3888893127, Training R-squared: 0.3512981534, Validation R-squared: 0.3113951981
2023-11-23 16:32:25,978 - INFO - Epoch 16 : Training Loss: 7.8857026100, Validation Loss: 8.3599405289, Training R-squared: 0.3621081114, Validation R-squared: 0.3161377907
2023-11-23 16:32:34,762 - INFO - Epoch 17 : Training Loss: 7.8328142166, Validation Loss: 8.3300132751, Training R-squared: 0.3698893487, Validation R-squared: 0.3210706711
2023-11-23 16:32:43,620 - INFO - Epoch 18 : Training Loss: 7.7946705818, Validation Loss: 8.3242006302, Training R-squared: 0.3767403364, Validation R-squared: 0.3221157491
2023-11-23 16:32:52,713 - INFO - Epoch 19 : Training Loss: 7.7624769211, Validation Loss: 8.3158750534, Training R-squared: 0.3822786212, Validation R-squared: 0.3231455684
2023-11-23 16:33:01,715 - INFO - Epoch 20 : Training Loss: 7.7234778404, Validation Loss: 8.2846479416, Training R-squared: 0.3877882063, Validation R-squared: 0.3284911215
2023-11-23 16:33:10,951 - INFO - Epoch 21 : Training Loss: 7.6816349030, Validation Loss: 8.2793474197, Training R-squared: 0.3949520290, Validation R-squared: 0.3290137351
2023-11-23 16:33:20,115 - INFO - Epoch 22 : Training Loss: 7.6514749527, Validation Loss: 8.2499456406, Training R-squared: 0.3993801177, Validation R-squared: 0.3341155946
2023-11-23 16:33:28,851 - INFO - Epoch 23 : Training Loss: 7.6164793968, Validation Loss: 8.2317667007, Training R-squared: 0.4045501053, Validation R-squared: 0.3372844458
2023-11-23 16:33:37,746 - INFO - Epoch 24 : Training Loss: 7.5712237358, Validation Loss: 8.2368974686, Training R-squared: 0.4095791876, Validation R-squared: 0.3358454108
2023-11-23 16:33:47,107 - INFO - Epoch 25 : Training Loss: 7.5539517403, Validation Loss: 8.2197256088, Training R-squared: 0.4139149487, Validation R-squared: 0.3386730850
2023-11-23 16:33:57,054 - INFO - Epoch 26 : Training Loss: 7.5246806145, Validation Loss: 8.2135276794, Training R-squared: 0.4188932478, Validation R-squared: 0.3398841619
2023-11-23 16:34:06,048 - INFO - Epoch 27 : Training Loss: 7.4840559959, Validation Loss: 8.1691999435, Training R-squared: 0.4249232113, Validation R-squared: 0.3472136259
2023-11-23 16:34:14,908 - INFO - Epoch 28 : Training Loss: 7.4585003853, Validation Loss: 8.1638565063, Training R-squared: 0.4274624884, Validation R-squared: 0.3480550349
2023-11-23 16:34:24,007 - INFO - Epoch 29 : Training Loss: 7.4339175224, Validation Loss: 8.1349411011, Training R-squared: 0.4320139885, Validation R-squared: 0.3526756465
2023-11-23 16:34:32,981 - INFO - Epoch 30 : Training Loss: 7.3949623108, Validation Loss: 8.1159143448, Training R-squared: 0.4364602268, Validation R-squared: 0.3555158079
2023-11-23 16:34:42,257 - INFO - Epoch 31 : Training Loss: 7.3621783257, Validation Loss: 8.1666030884, Training R-squared: 0.4422700107, Validation R-squared: 0.3467756212
2023-11-23 16:34:51,292 - INFO - Epoch 32 : Training Loss: 7.3365635872, Validation Loss: 8.1254062653, Training R-squared: 0.4450606406, Validation R-squared: 0.3537258506
2023-11-23 16:35:00,325 - INFO - Epoch 33 : Training Loss: 7.3036794662, Validation Loss: 8.0910110474, Training R-squared: 0.4511563182, Validation R-squared: 0.3594451249
2023-11-23 16:35:09,091 - INFO - Epoch 34 : Training Loss: 7.2857685089, Validation Loss: 8.0560255051, Training R-squared: 0.4540531039, Validation R-squared: 0.3652278781
2023-11-23 16:35:18,207 - INFO - Epoch 35 : Training Loss: 7.2536406517, Validation Loss: 8.0559835434, Training R-squared: 0.4578784704, Validation R-squared: 0.3650909364
2023-11-23 16:35:27,240 - INFO - Epoch 36 : Training Loss: 7.2311353683, Validation Loss: 8.0772428513, Training R-squared: 0.4618429244, Validation R-squared: 0.3614329398
2023-11-23 16:35:36,192 - INFO - Epoch 37 : Training Loss: 7.2083888054, Validation Loss: 8.0412607193, Training R-squared: 0.4647539258, Validation R-squared: 0.3677638769
2023-11-23 16:35:44,994 - INFO - Epoch 38 : Training Loss: 7.1950087547, Validation Loss: 8.0654134750, Training R-squared: 0.4657651186, Validation R-squared: 0.3630768359
2023-11-23 16:35:53,871 - INFO - Epoch 39 : Training Loss: 7.1660852432, Validation Loss: 8.0614585876, Training R-squared: 0.4704020619, Validation R-squared: 0.3635179698
2023-11-23 16:36:02,843 - INFO - Epoch 40 : Training Loss: 7.1587734222, Validation Loss: 8.0568771362, Training R-squared: 0.4720638096, Validation R-squared: 0.3646188080
2023-11-23 16:36:11,870 - INFO - Epoch 41 : Training Loss: 7.1320209503, Validation Loss: 8.0658674240, Training R-squared: 0.4752822220, Validation R-squared: 0.3627939522
2023-11-23 16:36:21,184 - INFO - Epoch 42 : Training Loss: 7.1039032936, Validation Loss: 8.0491857529, Training R-squared: 0.4791061282, Validation R-squared: 0.3654850125
2023-11-23 16:36:34,370 - INFO - Model saved to models/portion_model/lunch/512_512_200_64/sparsity_60_fold_4_model.keras
2023-11-23 16:36:39,586 - INFO - Avg Metrics: RMSE: 6.5309251953, R-squared: -0.5670141918, PCC: 0.5241574340
2023-11-23 16:36:39,587 - INFO - Agg Metrics: RMSE: 8.2043986397, R-squared: 0.3565441515, PCC: 0.5978017351
2023-11-23 16:36:46,384 - INFO - ================================================================== Fold 5 ===================================================================
2023-11-23 16:37:00,105 - INFO - Epoch 1  : Training Loss: 9.7481594086, Validation Loss: 9.6857929230, Training R-squared: 0.0382298864, Validation R-squared: 0.0488492213
2023-11-23 16:37:08,923 - INFO - Epoch 2  : Training Loss: 9.4911937714, Validation Loss: 9.2963447571, Training R-squared: 0.0855572298, Validation R-squared: 0.1233144328
2023-11-23 16:37:17,961 - INFO - Epoch 3  : Training Loss: 9.1353034973, Validation Loss: 8.8624553680, Training R-squared: 0.1554756314, Validation R-squared: 0.2031135410
2023-11-23 16:37:26,998 - INFO - Epoch 4  : Training Loss: 8.7310600281, Validation Loss: 8.6266298294, Training R-squared: 0.2264989018, Validation R-squared: 0.2450941056
2023-11-23 16:37:35,873 - INFO - Epoch 5  : Training Loss: 8.5903644562, Validation Loss: 8.5643644333, Training R-squared: 0.2513186634, Validation R-squared: 0.2559622526
2023-11-23 16:37:45,023 - INFO - Epoch 6  : Training Loss: 8.5298547745, Validation Loss: 8.5438871384, Training R-squared: 0.2612381577, Validation R-squared: 0.2596316040
2023-11-23 16:37:54,072 - INFO - Epoch 7  : Training Loss: 8.4893188477, Validation Loss: 8.5248546600, Training R-squared: 0.2695423365, Validation R-squared: 0.2631374300
2023-11-23 16:38:03,043 - INFO - Epoch 8  : Training Loss: 8.4455890656, Validation Loss: 8.5013313293, Training R-squared: 0.2767983973, Validation R-squared: 0.2672230005
2023-11-23 16:38:12,168 - INFO - Epoch 9  : Training Loss: 8.3962726593, Validation Loss: 8.4594583511, Training R-squared: 0.2852717638, Validation R-squared: 0.2745375931
2023-11-23 16:38:21,382 - INFO - Epoch 10 : Training Loss: 8.3365345001, Validation Loss: 8.4302186966, Training R-squared: 0.2941755056, Validation R-squared: 0.2795741260
2023-11-23 16:38:30,076 - INFO - Epoch 11 : Training Loss: 8.2886819839, Validation Loss: 8.4009284973, Training R-squared: 0.3026890457, Validation R-squared: 0.2843121588
2023-11-23 16:38:39,031 - INFO - Epoch 12 : Training Loss: 8.2455406189, Validation Loss: 8.3651924133, Training R-squared: 0.3109595776, Validation R-squared: 0.2905911207
2023-11-23 16:38:48,109 - INFO - Epoch 13 : Training Loss: 8.2011318207, Validation Loss: 8.3328504562, Training R-squared: 0.3168656528, Validation R-squared: 0.2959350348
2023-11-23 16:38:57,253 - INFO - Epoch 14 : Training Loss: 8.1531887054, Validation Loss: 8.3081274033, Training R-squared: 0.3251197040, Validation R-squared: 0.3000507653
2023-11-23 16:39:06,348 - INFO - Epoch 15 : Training Loss: 8.1063137054, Validation Loss: 8.2772293091, Training R-squared: 0.3334108293, Validation R-squared: 0.3053219318
2023-11-23 16:39:15,010 - INFO - Epoch 16 : Training Loss: 8.0666904449, Validation Loss: 8.2382059097, Training R-squared: 0.3397159576, Validation R-squared: 0.3119265139
2023-11-23 16:39:24,417 - INFO - Epoch 17 : Training Loss: 8.0263299942, Validation Loss: 8.2156877518, Training R-squared: 0.3459659815, Validation R-squared: 0.3159559071
2023-11-23 16:39:33,353 - INFO - Epoch 18 : Training Loss: 7.9748315811, Validation Loss: 8.1855897903, Training R-squared: 0.3539953828, Validation R-squared: 0.3209298849
2023-11-23 16:39:42,583 - INFO - Epoch 19 : Training Loss: 7.9380459785, Validation Loss: 8.1592178345, Training R-squared: 0.3604628742, Validation R-squared: 0.3253451288
2023-11-23 16:39:51,569 - INFO - Epoch 20 : Training Loss: 7.8870716095, Validation Loss: 8.1217374802, Training R-squared: 0.3691054285, Validation R-squared: 0.3315813541
2023-11-23 16:40:00,398 - INFO - Epoch 21 : Training Loss: 7.8466162682, Validation Loss: 8.1041984558, Training R-squared: 0.3753180504, Validation R-squared: 0.3345886171
2023-11-23 16:40:09,242 - INFO - Epoch 22 : Training Loss: 7.8019285202, Validation Loss: 8.0771427155, Training R-squared: 0.3818536699, Validation R-squared: 0.3389298320
2023-11-23 16:40:18,676 - INFO - Epoch 23 : Training Loss: 7.7780132294, Validation Loss: 8.0583686829, Training R-squared: 0.3856617212, Validation R-squared: 0.3419091105
2023-11-23 16:40:27,618 - INFO - Epoch 24 : Training Loss: 7.7242093086, Validation Loss: 8.0513505936, Training R-squared: 0.3934601843, Validation R-squared: 0.3431096375
2023-11-23 16:40:36,530 - INFO - Epoch 25 : Training Loss: 7.7159495354, Validation Loss: 8.0228652954, Training R-squared: 0.3958658278, Validation R-squared: 0.3477349579
2023-11-23 16:40:45,344 - INFO - Epoch 26 : Training Loss: 7.6606698036, Validation Loss: 8.0091238022, Training R-squared: 0.4041213989, Validation R-squared: 0.3500136137
2023-11-23 16:40:54,171 - INFO - Epoch 27 : Training Loss: 7.6292872429, Validation Loss: 7.9805159569, Training R-squared: 0.4081650972, Validation R-squared: 0.3546489775
2023-11-23 16:41:03,244 - INFO - Epoch 28 : Training Loss: 7.6132855415, Validation Loss: 7.9650096893, Training R-squared: 0.4108756185, Validation R-squared: 0.3573596776
2023-11-23 16:41:12,253 - INFO - Epoch 29 : Training Loss: 7.5755581856, Validation Loss: 7.9583005905, Training R-squared: 0.4169700444, Validation R-squared: 0.3582611084
2023-11-23 16:41:21,479 - INFO - Epoch 30 : Training Loss: 7.5409765244, Validation Loss: 7.9341955185, Training R-squared: 0.4227565527, Validation R-squared: 0.3622528315
2023-11-23 16:41:30,170 - INFO - Epoch 31 : Training Loss: 7.5080256462, Validation Loss: 7.9242081642, Training R-squared: 0.4255311191, Validation R-squared: 0.3635525703
2023-11-23 16:41:38,940 - INFO - Epoch 32 : Training Loss: 7.4740419388, Validation Loss: 7.9095339775, Training R-squared: 0.4316638708, Validation R-squared: 0.3659571707
2023-11-23 16:41:47,892 - INFO - Epoch 33 : Training Loss: 7.4557838440, Validation Loss: 7.8825197220, Training R-squared: 0.4340701997, Validation R-squared: 0.3702092171
2023-11-23 16:41:56,899 - INFO - Epoch 34 : Training Loss: 7.4348688126, Validation Loss: 7.8982586861, Training R-squared: 0.4383297861, Validation R-squared: 0.3675769866
2023-11-23 16:42:05,957 - INFO - Epoch 35 : Training Loss: 7.4109163284, Validation Loss: 7.8857679367, Training R-squared: 0.4414353669, Validation R-squared: 0.3694928288
2023-11-23 16:42:14,743 - INFO - Epoch 36 : Training Loss: 7.3875546455, Validation Loss: 7.9070100784, Training R-squared: 0.4444715679, Validation R-squared: 0.3659677505
2023-11-23 16:42:23,832 - INFO - Epoch 37 : Training Loss: 7.3623003960, Validation Loss: 7.8861761093, Training R-squared: 0.4481697977, Validation R-squared: 0.3695240021
2023-11-23 16:42:33,101 - INFO - Epoch 38 : Training Loss: 7.3636360168, Validation Loss: 7.8834071159, Training R-squared: 0.4488387406, Validation R-squared: 0.3699429333
2023-11-23 16:42:46,360 - INFO - Model saved to models/portion_model/lunch/512_512_200_64/sparsity_60_fold_5_model.keras
2023-11-23 16:42:51,173 - INFO - Avg Metrics: RMSE: 6.4727060946, R-squared: -2.6277209837, PCC: 0.4912951852
2023-11-23 16:42:51,174 - INFO - Agg Metrics: RMSE: 7.9492838881, R-squared: 0.3667622899, PCC: 0.6070460426
2023-11-23 16:43:03,051 - INFO - ================================================================== Results Summary ===================================================================
2023-11-23 16:43:03,052 - INFO - CrossVal Metrics (Avg.) - RMSE: 6.3959104998 ± 0.0900357927, R2: -1.0746741860 ± 0.0900357927, PCC: 0.5315805141 ± 0.0900357927
2023-11-23 16:43:03,052 - INFO - Testing  Metrics (Avg.) - RMSE: 6.3934905428, R2: -0.1231017066, PCC: 0.5358248644
2023-11-23 16:43:03,052 - INFO - CrossVal Metrics (Agg.) - RMSE: 7.9806254853 ± 0.0900357927, R2: 0.3642577563 ± 0.0900357927, PCC: 0.6077975235 ± 0.0900357927
2023-11-23 16:43:03,052 - INFO - Testing  Metrics (Agg.) - RMSE: 8.1769677790, R2: 0.3645225064, PCC: 0.6063170823
