2023-11-23 18:13:55,024 - INFO - Training model at 80% sparse columns removed...
2023-11-23 18:14:00,901 - INFO - ================================================================== Fold 1 ===================================================================
2023-11-23 18:14:06,343 - INFO - Epoch 1  : Training Loss: 13.5053195953, Validation Loss: 13.4064311981, Training R-squared: 0.0371817015, Validation R-squared: 0.0428805947
2023-11-23 18:14:09,663 - INFO - Epoch 2  : Training Loss: 13.3903532028, Validation Loss: 13.2167816162, Training R-squared: 0.0531770512, Validation R-squared: 0.0701807737
2023-11-23 18:14:12,923 - INFO - Epoch 3  : Training Loss: 13.0003795624, Validation Loss: 12.7322168350, Training R-squared: 0.1092242077, Validation R-squared: 0.1377629489
2023-11-23 18:14:16,446 - INFO - Epoch 4  : Training Loss: 12.2968444824, Validation Loss: 11.9783754349, Training R-squared: 0.2038241178, Validation R-squared: 0.2364193797
2023-11-23 18:14:20,149 - INFO - Epoch 5  : Training Loss: 11.8319015503, Validation Loss: 11.8338203430, Training R-squared: 0.2619423568, Validation R-squared: 0.2545200288
2023-11-23 18:14:23,278 - INFO - Epoch 6  : Training Loss: 11.7361707687, Validation Loss: 11.7854061127, Training R-squared: 0.2727007270, Validation R-squared: 0.2610636652
2023-11-23 18:14:26,761 - INFO - Epoch 7  : Training Loss: 11.6526002884, Validation Loss: 11.7191638947, Training R-squared: 0.2836306393, Validation R-squared: 0.2694495618
2023-11-23 18:14:30,184 - INFO - Epoch 8  : Training Loss: 11.5677213669, Validation Loss: 11.6703748703, Training R-squared: 0.2931810021, Validation R-squared: 0.2756714225
2023-11-23 18:14:33,340 - INFO - Epoch 9  : Training Loss: 11.4977760315, Validation Loss: 11.6298208237, Training R-squared: 0.3037700355, Validation R-squared: 0.2808980346
2023-11-23 18:14:36,764 - INFO - Epoch 10 : Training Loss: 11.4355850220, Validation Loss: 11.5834293365, Training R-squared: 0.3113189340, Validation R-squared: 0.2862032652
2023-11-23 18:14:40,232 - INFO - Epoch 11 : Training Loss: 11.3648662567, Validation Loss: 11.5306005478, Training R-squared: 0.3180823922, Validation R-squared: 0.2927496433
2023-11-23 18:14:43,350 - INFO - Epoch 12 : Training Loss: 11.2922286987, Validation Loss: 11.4614019394, Training R-squared: 0.3274888098, Validation R-squared: 0.3021386862
2023-11-23 18:14:46,860 - INFO - Epoch 13 : Training Loss: 11.2251615524, Validation Loss: 11.4083909988, Training R-squared: 0.3355692029, Validation R-squared: 0.3085872829
2023-11-23 18:14:50,244 - INFO - Epoch 14 : Training Loss: 11.1503629684, Validation Loss: 11.3574428558, Training R-squared: 0.3436192572, Validation R-squared: 0.3147560060
2023-11-23 18:14:53,587 - INFO - Epoch 15 : Training Loss: 11.1078863144, Validation Loss: 11.3129682541, Training R-squared: 0.3491214216, Validation R-squared: 0.3204415143
2023-11-23 18:14:57,077 - INFO - Epoch 16 : Training Loss: 11.0441350937, Validation Loss: 11.2751245499, Training R-squared: 0.3568979502, Validation R-squared: 0.3242093027
2023-11-23 18:15:01,118 - INFO - Epoch 17 : Training Loss: 11.0018959045, Validation Loss: 11.2061128616, Training R-squared: 0.3602239490, Validation R-squared: 0.3330768049
2023-11-23 18:15:04,518 - INFO - Epoch 18 : Training Loss: 10.9332571030, Validation Loss: 11.1562395096, Training R-squared: 0.3691369593, Validation R-squared: 0.3391871154
2023-11-23 18:15:08,021 - INFO - Epoch 19 : Training Loss: 10.8579111099, Validation Loss: 11.0984621048, Training R-squared: 0.3783244789, Validation R-squared: 0.3459472656
2023-11-23 18:15:11,660 - INFO - Epoch 20 : Training Loss: 10.7914400101, Validation Loss: 11.0515584946, Training R-squared: 0.3840295672, Validation R-squared: 0.3511890769
2023-11-23 18:15:15,264 - INFO - Epoch 21 : Training Loss: 10.7372035980, Validation Loss: 11.0014629364, Training R-squared: 0.3908277154, Validation R-squared: 0.3571161926
2023-11-23 18:15:19,198 - INFO - Epoch 22 : Training Loss: 10.6632118225, Validation Loss: 10.9584026337, Training R-squared: 0.3994751871, Validation R-squared: 0.3622202575
2023-11-23 18:15:22,662 - INFO - Epoch 23 : Training Loss: 10.6140079498, Validation Loss: 10.9139175415, Training R-squared: 0.4047929943, Validation R-squared: 0.3676055074
2023-11-23 18:15:26,337 - INFO - Epoch 24 : Training Loss: 10.5468387604, Validation Loss: 10.8793287277, Training R-squared: 0.4109846354, Validation R-squared: 0.3710984886
2023-11-23 18:15:29,728 - INFO - Epoch 25 : Training Loss: 10.5005140305, Validation Loss: 10.8348960876, Training R-squared: 0.4171897173, Validation R-squared: 0.3765362203
2023-11-23 18:15:32,969 - INFO - Epoch 26 : Training Loss: 10.4452199936, Validation Loss: 10.7881479263, Training R-squared: 0.4233665764, Validation R-squared: 0.3818117082
2023-11-23 18:15:36,446 - INFO - Epoch 27 : Training Loss: 10.3859891891, Validation Loss: 10.7587594986, Training R-squared: 0.4308318496, Validation R-squared: 0.3847763538
2023-11-23 18:15:39,836 - INFO - Epoch 28 : Training Loss: 10.3372888565, Validation Loss: 10.7205486298, Training R-squared: 0.4355631471, Validation R-squared: 0.3894025981
2023-11-23 18:15:43,052 - INFO - Epoch 29 : Training Loss: 10.2743692398, Validation Loss: 10.7134637833, Training R-squared: 0.4420730174, Validation R-squared: 0.3898217380
2023-11-23 18:15:46,615 - INFO - Epoch 30 : Training Loss: 10.2403306961, Validation Loss: 10.6924724579, Training R-squared: 0.4459072948, Validation R-squared: 0.3921881020
2023-11-23 18:15:49,892 - INFO - Epoch 31 : Training Loss: 10.2040100098, Validation Loss: 10.6571626663, Training R-squared: 0.4506413341, Validation R-squared: 0.3965881467
2023-11-23 18:15:53,124 - INFO - Epoch 32 : Training Loss: 10.1661682129, Validation Loss: 10.6176223755, Training R-squared: 0.4542106092, Validation R-squared: 0.4017268121
2023-11-23 18:15:56,598 - INFO - Epoch 33 : Training Loss: 10.1237087250, Validation Loss: 10.6043558121, Training R-squared: 0.4593820274, Validation R-squared: 0.4026077092
2023-11-23 18:16:00,090 - INFO - Epoch 34 : Training Loss: 10.0710315704, Validation Loss: 10.5888824463, Training R-squared: 0.4624346197, Validation R-squared: 0.4046737552
2023-11-23 18:16:03,248 - INFO - Epoch 35 : Training Loss: 10.0575466156, Validation Loss: 10.5900602341, Training R-squared: 0.4641092122, Validation R-squared: 0.4049989283
2023-11-23 18:16:06,714 - INFO - Epoch 36 : Training Loss: 10.0502843857, Validation Loss: 10.5869436264, Training R-squared: 0.4666146934, Validation R-squared: 0.4046221375
2023-11-23 18:16:10,175 - INFO - Epoch 37 : Training Loss: 10.0186710358, Validation Loss: 10.5765380859, Training R-squared: 0.4701759517, Validation R-squared: 0.4061594903
2023-11-23 18:16:13,380 - INFO - Epoch 38 : Training Loss: 9.9871273041, Validation Loss: 10.5568876266, Training R-squared: 0.4725264907, Validation R-squared: 0.4084627628
2023-11-23 18:16:17,016 - INFO - Epoch 39 : Training Loss: 9.9719552994, Validation Loss: 10.5631418228, Training R-squared: 0.4736382067, Validation R-squared: 0.4075378180
2023-11-23 18:16:20,592 - INFO - Epoch 40 : Training Loss: 9.9531631470, Validation Loss: 10.5858554840, Training R-squared: 0.4757729769, Validation R-squared: 0.4042397738
2023-11-23 18:16:23,723 - INFO - Epoch 41 : Training Loss: 9.9213466644, Validation Loss: 10.5681400299, Training R-squared: 0.4797909856, Validation R-squared: 0.4064436853
2023-11-23 18:16:27,120 - INFO - Epoch 42 : Training Loss: 9.8976469040, Validation Loss: 10.5590124130, Training R-squared: 0.4815761149, Validation R-squared: 0.4074402750
2023-11-23 18:16:30,586 - INFO - Epoch 43 : Training Loss: 9.9010572433, Validation Loss: 10.5470085144, Training R-squared: 0.4821592271, Validation R-squared: 0.4092017412
2023-11-23 18:16:33,684 - INFO - Epoch 44 : Training Loss: 9.8561773300, Validation Loss: 10.5410785675, Training R-squared: 0.4850999117, Validation R-squared: 0.4100304842
2023-11-23 18:16:37,106 - INFO - Epoch 45 : Training Loss: 9.8309898376, Validation Loss: 10.5239667892, Training R-squared: 0.4879340827, Validation R-squared: 0.4115782678
2023-11-23 18:16:40,562 - INFO - Epoch 46 : Training Loss: 9.8134899139, Validation Loss: 10.5381612778, Training R-squared: 0.4911366105, Validation R-squared: 0.4096433222
2023-11-23 18:16:43,666 - INFO - Epoch 47 : Training Loss: 9.7920417786, Validation Loss: 10.4952669144, Training R-squared: 0.4918057621, Validation R-squared: 0.4148414731
2023-11-23 18:16:47,082 - INFO - Epoch 48 : Training Loss: 9.7791204453, Validation Loss: 10.5262975693, Training R-squared: 0.4940747321, Validation R-squared: 0.4110907912
2023-11-23 18:16:50,506 - INFO - Epoch 49 : Training Loss: 9.7499799728, Validation Loss: 10.4723510742, Training R-squared: 0.4960271716, Validation R-squared: 0.4176158309
2023-11-23 18:16:53,817 - INFO - Epoch 50 : Training Loss: 9.7130670547, Validation Loss: 10.4841270447, Training R-squared: 0.5001549721, Validation R-squared: 0.4164461493
2023-11-23 18:16:57,327 - INFO - Epoch 51 : Training Loss: 9.7059068680, Validation Loss: 10.5167093277, Training R-squared: 0.5007309914, Validation R-squared: 0.4114798307
2023-11-23 18:17:00,858 - INFO - Epoch 52 : Training Loss: 9.7062196732, Validation Loss: 10.4988594055, Training R-squared: 0.5019671917, Validation R-squared: 0.4138105214
2023-11-23 18:17:04,038 - INFO - Epoch 53 : Training Loss: 9.6647891998, Validation Loss: 10.4701023102, Training R-squared: 0.5054792166, Validation R-squared: 0.4174624681
2023-11-23 18:17:07,537 - INFO - Epoch 54 : Training Loss: 9.6229772568, Validation Loss: 10.5004987717, Training R-squared: 0.5089599490, Validation R-squared: 0.4133084714
2023-11-23 18:17:10,990 - INFO - Epoch 55 : Training Loss: 9.6278324127, Validation Loss: 10.4615697861, Training R-squared: 0.5087197423, Validation R-squared: 0.4179314375
2023-11-23 18:17:14,162 - INFO - Epoch 56 : Training Loss: 9.6113605499, Validation Loss: 10.5427551270, Training R-squared: 0.5115042329, Validation R-squared: 0.4078229964
2023-11-23 18:17:17,752 - INFO - Epoch 57 : Training Loss: 9.5842685699, Validation Loss: 10.4747781754, Training R-squared: 0.5123825073, Validation R-squared: 0.4162499905
2023-11-23 18:17:21,280 - INFO - Epoch 58 : Training Loss: 9.5559911728, Validation Loss: 10.4561147690, Training R-squared: 0.5163899660, Validation R-squared: 0.4180416167
2023-11-23 18:17:24,576 - INFO - Epoch 59 : Training Loss: 9.5349988937, Validation Loss: 10.4574375153, Training R-squared: 0.5184088349, Validation R-squared: 0.4179724157
2023-11-23 18:17:27,858 - INFO - Epoch 60 : Training Loss: 9.5214843750, Validation Loss: 10.4564714432, Training R-squared: 0.5206292868, Validation R-squared: 0.4176774025
2023-11-23 18:17:31,319 - INFO - Epoch 61 : Training Loss: 9.4885406494, Validation Loss: 10.4463376999, Training R-squared: 0.5221361518, Validation R-squared: 0.4190049767
2023-11-23 18:17:34,511 - INFO - Epoch 62 : Training Loss: 9.4590187073, Validation Loss: 10.4424133301, Training R-squared: 0.5255688429, Validation R-squared: 0.4192845523
2023-11-23 18:17:37,846 - INFO - Epoch 63 : Training Loss: 9.4393959045, Validation Loss: 10.4385900497, Training R-squared: 0.5262232423, Validation R-squared: 0.4199481010
2023-11-23 18:17:41,334 - INFO - Epoch 64 : Training Loss: 9.4330863953, Validation Loss: 10.4248619080, Training R-squared: 0.5288825631, Validation R-squared: 0.4207854271
2023-11-23 18:17:44,530 - INFO - Epoch 65 : Training Loss: 9.3901824951, Validation Loss: 10.4143590927, Training R-squared: 0.5317060947, Validation R-squared: 0.4221426249
2023-11-23 18:17:47,856 - INFO - Epoch 66 : Training Loss: 9.3907337189, Validation Loss: 10.4149599075, Training R-squared: 0.5331035256, Validation R-squared: 0.4219411016
2023-11-23 18:17:51,387 - INFO - Epoch 67 : Training Loss: 9.3835105896, Validation Loss: 10.4068183899, Training R-squared: 0.5323895812, Validation R-squared: 0.4227999747
2023-11-23 18:17:54,633 - INFO - Epoch 68 : Training Loss: 9.3506870270, Validation Loss: 10.4412736893, Training R-squared: 0.5362327695, Validation R-squared: 0.4184912443
2023-11-23 18:17:57,920 - INFO - Epoch 69 : Training Loss: 9.3352966309, Validation Loss: 10.3745412827, Training R-squared: 0.5378639102, Validation R-squared: 0.4266387224
2023-11-23 18:18:01,407 - INFO - Epoch 70 : Training Loss: 9.3240633011, Validation Loss: 10.3803396225, Training R-squared: 0.5377559066, Validation R-squared: 0.4258288145
2023-11-23 18:18:04,602 - INFO - Epoch 71 : Training Loss: 9.3044195175, Validation Loss: 10.4173545837, Training R-squared: 0.5405504704, Validation R-squared: 0.4211395979
2023-11-23 18:18:07,911 - INFO - Epoch 72 : Training Loss: 9.2845182419, Validation Loss: 10.3935813904, Training R-squared: 0.5421422720, Validation R-squared: 0.4240742922
2023-11-23 18:18:11,365 - INFO - Epoch 73 : Training Loss: 9.2693214417, Validation Loss: 10.4205598831, Training R-squared: 0.5443552732, Validation R-squared: 0.4206410944
2023-11-23 18:18:14,552 - INFO - Epoch 74 : Training Loss: 9.2477397919, Validation Loss: 10.4210128784, Training R-squared: 0.5466334224, Validation R-squared: 0.4206386209
2023-11-23 18:18:22,157 - INFO - Model saved to models/portion_model/lunch/512_512_200_64/sparsity_80_fold_1_model.keras
2023-11-23 18:18:26,197 - INFO - Avg Metrics: RMSE: 8.2616303023, R-squared: 0.0212009110, PCC: 0.5989954121
2023-11-23 18:18:26,197 - INFO - Agg Metrics: RMSE: 10.5948835418, R-squared: 0.4154804682, PCC: 0.6472149032
2023-11-23 18:18:32,412 - INFO - ================================================================== Fold 2 ===================================================================
2023-11-23 18:18:38,472 - INFO - Epoch 1  : Training Loss: 13.5430059433, Validation Loss: 13.3236980438, Training R-squared: 0.0376415625, Validation R-squared: 0.0432784259
2023-11-23 18:18:42,116 - INFO - Epoch 2  : Training Loss: 13.4168748856, Validation Loss: 13.0975723267, Training R-squared: 0.0542044006, Validation R-squared: 0.0758853927
2023-11-23 18:18:45,580 - INFO - Epoch 3  : Training Loss: 12.8623228073, Validation Loss: 12.2483272552, Training R-squared: 0.1304492205, Validation R-squared: 0.1928416044
2023-11-23 18:18:48,690 - INFO - Epoch 4  : Training Loss: 12.1020383835, Validation Loss: 11.8510866165, Training R-squared: 0.2309413254, Validation R-squared: 0.2441287488
2023-11-23 18:18:52,444 - INFO - Epoch 5  : Training Loss: 11.8579025269, Validation Loss: 11.7331714630, Training R-squared: 0.2614027560, Validation R-squared: 0.2587554753
2023-11-23 18:18:55,879 - INFO - Epoch 6  : Training Loss: 11.7567434311, Validation Loss: 11.6855335236, Training R-squared: 0.2719558179, Validation R-squared: 0.2650283575
2023-11-23 18:18:59,033 - INFO - Epoch 7  : Training Loss: 11.6609592438, Validation Loss: 11.6316967010, Training R-squared: 0.2840282917, Validation R-squared: 0.2718110681
2023-11-23 18:19:02,493 - INFO - Epoch 8  : Training Loss: 11.5777034760, Validation Loss: 11.5622711182, Training R-squared: 0.2944320738, Validation R-squared: 0.2806593180
2023-11-23 18:19:06,019 - INFO - Epoch 9  : Training Loss: 11.4895839691, Validation Loss: 11.4925203323, Training R-squared: 0.3051342368, Validation R-squared: 0.2896955311
2023-11-23 18:19:09,145 - INFO - Epoch 10 : Training Loss: 11.4188356400, Validation Loss: 11.4302024841, Training R-squared: 0.3138049543, Validation R-squared: 0.2971969247
2023-11-23 18:19:12,591 - INFO - Epoch 11 : Training Loss: 11.3137369156, Validation Loss: 11.3715124130, Training R-squared: 0.3262886405, Validation R-squared: 0.3043610752
2023-11-23 18:19:16,044 - INFO - Epoch 12 : Training Loss: 11.2123975754, Validation Loss: 11.3153429031, Training R-squared: 0.3371730745, Validation R-squared: 0.3116258383
2023-11-23 18:19:19,751 - INFO - Epoch 13 : Training Loss: 11.1619958878, Validation Loss: 11.2841978073, Training R-squared: 0.3456743956, Validation R-squared: 0.3154497445
2023-11-23 18:19:23,133 - INFO - Epoch 14 : Training Loss: 11.1029939651, Validation Loss: 11.2440509796, Training R-squared: 0.3494085371, Validation R-squared: 0.3203455806
2023-11-23 18:19:26,613 - INFO - Epoch 15 : Training Loss: 11.0559387207, Validation Loss: 11.2369289398, Training R-squared: 0.3560879230, Validation R-squared: 0.3209678233
2023-11-23 18:19:29,824 - INFO - Epoch 16 : Training Loss: 11.0041418076, Validation Loss: 11.1824798584, Training R-squared: 0.3630941510, Validation R-squared: 0.3279231489
2023-11-23 18:19:33,138 - INFO - Epoch 17 : Training Loss: 10.9434232712, Validation Loss: 11.1688871384, Training R-squared: 0.3694888651, Validation R-squared: 0.3288032115
2023-11-23 18:19:36,607 - INFO - Epoch 18 : Training Loss: 10.8922662735, Validation Loss: 11.0961208344, Training R-squared: 0.3757386804, Validation R-squared: 0.3380744159
2023-11-23 18:19:39,898 - INFO - Epoch 19 : Training Loss: 10.8294982910, Validation Loss: 11.0540904999, Training R-squared: 0.3836250603, Validation R-squared: 0.3430309594
2023-11-23 18:19:43,223 - INFO - Epoch 20 : Training Loss: 10.7461147308, Validation Loss: 11.0103034973, Training R-squared: 0.3914326727, Validation R-squared: 0.3481338918
2023-11-23 18:19:46,809 - INFO - Epoch 21 : Training Loss: 10.7041501999, Validation Loss: 10.9659223557, Training R-squared: 0.3961673081, Validation R-squared: 0.3534929454
2023-11-23 18:19:50,053 - INFO - Epoch 22 : Training Loss: 10.6101083755, Validation Loss: 10.9301662445, Training R-squared: 0.4056866169, Validation R-squared: 0.3576792777
2023-11-23 18:19:53,442 - INFO - Epoch 23 : Training Loss: 10.5872421265, Validation Loss: 10.8800601959, Training R-squared: 0.4109422266, Validation R-squared: 0.3635329902
2023-11-23 18:19:56,934 - INFO - Epoch 24 : Training Loss: 10.5043516159, Validation Loss: 10.8742752075, Training R-squared: 0.4188458920, Validation R-squared: 0.3633921742
2023-11-23 18:20:00,374 - INFO - Epoch 25 : Training Loss: 10.4480123520, Validation Loss: 10.7929029465, Training R-squared: 0.4254210293, Validation R-squared: 0.3732751310
2023-11-23 18:20:03,566 - INFO - Epoch 26 : Training Loss: 10.3944997787, Validation Loss: 10.7426528931, Training R-squared: 0.4314148426, Validation R-squared: 0.3790988624
2023-11-23 18:20:07,052 - INFO - Epoch 27 : Training Loss: 10.3201885223, Validation Loss: 10.6981191635, Training R-squared: 0.4377222359, Validation R-squared: 0.3841933310
2023-11-23 18:20:10,360 - INFO - Epoch 28 : Training Loss: 10.2801761627, Validation Loss: 10.6666822433, Training R-squared: 0.4435487390, Validation R-squared: 0.3879437745
2023-11-23 18:20:13,562 - INFO - Epoch 29 : Training Loss: 10.2393045425, Validation Loss: 10.6563749313, Training R-squared: 0.4481689632, Validation R-squared: 0.3887266219
2023-11-23 18:20:17,240 - INFO - Epoch 30 : Training Loss: 10.1778964996, Validation Loss: 10.6434555054, Training R-squared: 0.4530497193, Validation R-squared: 0.3901058137
2023-11-23 18:20:20,666 - INFO - Epoch 31 : Training Loss: 10.1593484879, Validation Loss: 10.6095924377, Training R-squared: 0.4563800395, Validation R-squared: 0.3940798342
2023-11-23 18:20:23,911 - INFO - Epoch 32 : Training Loss: 10.1392068863, Validation Loss: 10.5803909302, Training R-squared: 0.4578171968, Validation R-squared: 0.3974147737
2023-11-23 18:20:27,385 - INFO - Epoch 33 : Training Loss: 10.1046686172, Validation Loss: 10.5677623749, Training R-squared: 0.4615733624, Validation R-squared: 0.3991808295
2023-11-23 18:20:30,829 - INFO - Epoch 34 : Training Loss: 10.0653724670, Validation Loss: 10.5954313278, Training R-squared: 0.4660316706, Validation R-squared: 0.3956283331
2023-11-23 18:20:33,946 - INFO - Epoch 35 : Training Loss: 10.0296525955, Validation Loss: 10.5461740494, Training R-squared: 0.4699888825, Validation R-squared: 0.4012798071
2023-11-23 18:20:37,461 - INFO - Epoch 36 : Training Loss: 10.0267715454, Validation Loss: 10.5542840958, Training R-squared: 0.4700539708, Validation R-squared: 0.4000956416
2023-11-23 18:20:40,880 - INFO - Epoch 37 : Training Loss: 9.9983758926, Validation Loss: 10.5234355927, Training R-squared: 0.4725364149, Validation R-squared: 0.4039685130
2023-11-23 18:20:43,993 - INFO - Epoch 38 : Training Loss: 9.9582538605, Validation Loss: 10.5813922882, Training R-squared: 0.4775799215, Validation R-squared: 0.3968404830
2023-11-23 18:20:47,467 - INFO - Epoch 39 : Training Loss: 9.9538040161, Validation Loss: 10.5079040527, Training R-squared: 0.4779741466, Validation R-squared: 0.4056107998
2023-11-23 18:20:50,876 - INFO - Epoch 40 : Training Loss: 9.9150896072, Validation Loss: 10.5436925888, Training R-squared: 0.4815134704, Validation R-squared: 0.4010773897
2023-11-23 18:20:54,191 - INFO - Epoch 41 : Training Loss: 9.9015417099, Validation Loss: 10.4835367203, Training R-squared: 0.4825361073, Validation R-squared: 0.4085166454
2023-11-23 18:20:57,630 - INFO - Epoch 42 : Training Loss: 9.8639364243, Validation Loss: 10.5007638931, Training R-squared: 0.4854051471, Validation R-squared: 0.4063903391
2023-11-23 18:21:01,141 - INFO - Epoch 43 : Training Loss: 9.8456649780, Validation Loss: 10.4821958542, Training R-squared: 0.4888092279, Validation R-squared: 0.4087256491
2023-11-23 18:21:04,231 - INFO - Epoch 44 : Training Loss: 9.8324317932, Validation Loss: 10.4833230972, Training R-squared: 0.4915666878, Validation R-squared: 0.4083660245
2023-11-23 18:21:07,669 - INFO - Epoch 45 : Training Loss: 9.7924938202, Validation Loss: 10.4623651505, Training R-squared: 0.4940539896, Validation R-squared: 0.4109693766
2023-11-23 18:21:11,133 - INFO - Epoch 46 : Training Loss: 9.7995481491, Validation Loss: 10.4666042328, Training R-squared: 0.4935456216, Validation R-squared: 0.4101236463
2023-11-23 18:21:14,258 - INFO - Epoch 47 : Training Loss: 9.7762985229, Validation Loss: 10.4431285858, Training R-squared: 0.4959405363, Validation R-squared: 0.4129394293
2023-11-23 18:21:17,968 - INFO - Epoch 48 : Training Loss: 9.7345094681, Validation Loss: 10.4780454636, Training R-squared: 0.4985447824, Validation R-squared: 0.4088360965
2023-11-23 18:21:21,633 - INFO - Epoch 49 : Training Loss: 9.7277021408, Validation Loss: 10.4635591507, Training R-squared: 0.4999895990, Validation R-squared: 0.4104451835
2023-11-23 18:21:24,915 - INFO - Epoch 50 : Training Loss: 9.7003021240, Validation Loss: 10.4381904602, Training R-squared: 0.5039905310, Validation R-squared: 0.4137181938
2023-11-23 18:21:28,227 - INFO - Epoch 51 : Training Loss: 9.7044067383, Validation Loss: 10.4963436127, Training R-squared: 0.5046783686, Validation R-squared: 0.4065608084
2023-11-23 18:21:31,752 - INFO - Epoch 52 : Training Loss: 9.6711473465, Validation Loss: 10.4345111847, Training R-squared: 0.5062050819, Validation R-squared: 0.4138986468
2023-11-23 18:21:35,016 - INFO - Epoch 53 : Training Loss: 9.6462602615, Validation Loss: 10.3845014572, Training R-squared: 0.5082521439, Validation R-squared: 0.4198383689
2023-11-23 18:21:38,318 - INFO - Epoch 54 : Training Loss: 9.6220417023, Validation Loss: 10.4848041534, Training R-squared: 0.5118668079, Validation R-squared: 0.4076979458
2023-11-23 18:21:41,825 - INFO - Epoch 55 : Training Loss: 9.6117019653, Validation Loss: 10.3831233978, Training R-squared: 0.5122097135, Validation R-squared: 0.4199113250
2023-11-23 18:21:45,155 - INFO - Epoch 56 : Training Loss: 9.5929765701, Validation Loss: 10.4544105530, Training R-squared: 0.5142127275, Validation R-squared: 0.4113111794
2023-11-23 18:21:48,464 - INFO - Epoch 57 : Training Loss: 9.5550956726, Validation Loss: 10.4223461151, Training R-squared: 0.5185336471, Validation R-squared: 0.4149214029
2023-11-23 18:21:52,029 - INFO - Epoch 58 : Training Loss: 9.5441350937, Validation Loss: 10.4322528839, Training R-squared: 0.5187933445, Validation R-squared: 0.4137957394
2023-11-23 18:21:55,280 - INFO - Epoch 59 : Training Loss: 9.5155248642, Validation Loss: 10.3816547394, Training R-squared: 0.5231174827, Validation R-squared: 0.4197143316
2023-11-23 18:21:58,571 - INFO - Epoch 60 : Training Loss: 9.4973573685, Validation Loss: 10.4009609222, Training R-squared: 0.5241109729, Validation R-squared: 0.4174824953
2023-11-23 18:22:02,042 - INFO - Epoch 61 : Training Loss: 9.4752159119, Validation Loss: 10.4452772141, Training R-squared: 0.5263938904, Validation R-squared: 0.4121793509
2023-11-23 18:22:05,344 - INFO - Epoch 62 : Training Loss: 9.4534444809, Validation Loss: 10.4080820084, Training R-squared: 0.5270668268, Validation R-squared: 0.4166671932
2023-11-23 18:22:08,603 - INFO - Epoch 63 : Training Loss: 9.4311971664, Validation Loss: 10.4266996384, Training R-squared: 0.5297002196, Validation R-squared: 0.4142947495
2023-11-23 18:22:12,102 - INFO - Epoch 64 : Training Loss: 9.4004716873, Validation Loss: 10.4001636505, Training R-squared: 0.5323172808, Validation R-squared: 0.4174249172
2023-11-23 18:22:19,635 - INFO - Model saved to models/portion_model/lunch/512_512_200_64/sparsity_80_fold_2_model.keras
2023-11-23 18:22:23,532 - INFO - Avg Metrics: RMSE: 8.3536438123, R-squared: -1.6259953623, PCC: 0.5866640882
2023-11-23 18:22:23,532 - INFO - Agg Metrics: RMSE: 10.5353190195, R-squared: 0.4126656267, PCC: 0.6452389869
2023-11-23 18:22:29,821 - INFO - ================================================================== Fold 3 ===================================================================
2023-11-23 18:22:35,047 - INFO - Epoch 1  : Training Loss: 13.5668153763, Validation Loss: 13.1792564392, Training R-squared: 0.0366164856, Validation R-squared: 0.0426827371
2023-11-23 18:22:38,373 - INFO - Epoch 2  : Training Loss: 13.4496011734, Validation Loss: 12.9591741562, Training R-squared: 0.0533487536, Validation R-squared: 0.0745307878
2023-11-23 18:22:41,860 - INFO - Epoch 3  : Training Loss: 13.0385942459, Validation Loss: 12.4189558029, Training R-squared: 0.1126016602, Validation R-squared: 0.1500927806
2023-11-23 18:22:45,170 - INFO - Epoch 4  : Training Loss: 12.2915897369, Validation Loss: 11.6654262543, Training R-squared: 0.2101441473, Validation R-squared: 0.2492785752
2023-11-23 18:22:48,552 - INFO - Epoch 5  : Training Loss: 11.8846902847, Validation Loss: 11.5388841629, Training R-squared: 0.2622306645, Validation R-squared: 0.2658384144
2023-11-23 18:22:52,295 - INFO - Epoch 6  : Training Loss: 11.7788457870, Validation Loss: 11.4945850372, Training R-squared: 0.2738822401, Validation R-squared: 0.2714855373
2023-11-23 18:22:55,624 - INFO - Epoch 7  : Training Loss: 11.6904954910, Validation Loss: 11.4285087585, Training R-squared: 0.2842543125, Validation R-squared: 0.2794792354
2023-11-23 18:22:58,868 - INFO - Epoch 8  : Training Loss: 11.6304502487, Validation Loss: 11.3911790848, Training R-squared: 0.2934277058, Validation R-squared: 0.2838692665
2023-11-23 18:23:02,347 - INFO - Epoch 9  : Training Loss: 11.5459403992, Validation Loss: 11.3474416733, Training R-squared: 0.3011201024, Validation R-squared: 0.2894819677
2023-11-23 18:23:05,701 - INFO - Epoch 10 : Training Loss: 11.5037431717, Validation Loss: 11.2941093445, Training R-squared: 0.3083493412, Validation R-squared: 0.2963462770
2023-11-23 18:23:08,907 - INFO - Epoch 11 : Training Loss: 11.4125442505, Validation Loss: 11.2301168442, Training R-squared: 0.3194094300, Validation R-squared: 0.3043226898
2023-11-23 18:23:12,450 - INFO - Epoch 12 : Training Loss: 11.3100223541, Validation Loss: 11.1654520035, Training R-squared: 0.3301198184, Validation R-squared: 0.3120574951
2023-11-23 18:23:15,766 - INFO - Epoch 13 : Training Loss: 11.2127208710, Validation Loss: 11.1201372147, Training R-squared: 0.3431878388, Validation R-squared: 0.3177988231
2023-11-23 18:23:19,365 - INFO - Epoch 14 : Training Loss: 11.1553401947, Validation Loss: 11.0753583908, Training R-squared: 0.3489735425, Validation R-squared: 0.3230396509
2023-11-23 18:23:22,811 - INFO - Epoch 15 : Training Loss: 11.1015396118, Validation Loss: 11.0397834778, Training R-squared: 0.3546299934, Validation R-squared: 0.3277859688
2023-11-23 18:23:26,338 - INFO - Epoch 16 : Training Loss: 11.0631065369, Validation Loss: 11.0035238266, Training R-squared: 0.3613743186, Validation R-squared: 0.3319426477
2023-11-23 18:23:29,457 - INFO - Epoch 17 : Training Loss: 10.9735727310, Validation Loss: 10.9813060760, Training R-squared: 0.3705625832, Validation R-squared: 0.3343717754
2023-11-23 18:23:32,872 - INFO - Epoch 18 : Training Loss: 10.9052639008, Validation Loss: 10.9328212738, Training R-squared: 0.3763256073, Validation R-squared: 0.3405290842
2023-11-23 18:23:36,329 - INFO - Epoch 19 : Training Loss: 10.8392734528, Validation Loss: 10.8867177963, Training R-squared: 0.3840844929, Validation R-squared: 0.3463004827
2023-11-23 18:23:39,470 - INFO - Epoch 20 : Training Loss: 10.8068552017, Validation Loss: 10.8510961533, Training R-squared: 0.3895618021, Validation R-squared: 0.3508514464
2023-11-23 18:23:42,922 - INFO - Epoch 21 : Training Loss: 10.7332715988, Validation Loss: 10.8134441376, Training R-squared: 0.3952476680, Validation R-squared: 0.3548331261
2023-11-23 18:23:47,191 - INFO - Epoch 22 : Training Loss: 10.6670188904, Validation Loss: 10.7689857483, Training R-squared: 0.4044627547, Validation R-squared: 0.3602126241
2023-11-23 18:23:51,227 - INFO - Epoch 23 : Training Loss: 10.6055459976, Validation Loss: 10.7169389725, Training R-squared: 0.4106678069, Validation R-squared: 0.3667885959
2023-11-23 18:23:54,851 - INFO - Epoch 24 : Training Loss: 10.5414085388, Validation Loss: 10.6829175949, Training R-squared: 0.4178664386, Validation R-squared: 0.3708366156
2023-11-23 18:23:58,320 - INFO - Epoch 25 : Training Loss: 10.4729385376, Validation Loss: 10.6474475861, Training R-squared: 0.4261682034, Validation R-squared: 0.3748002350
2023-11-23 18:24:01,832 - INFO - Epoch 26 : Training Loss: 10.4317016602, Validation Loss: 10.6200237274, Training R-squared: 0.4306997061, Validation R-squared: 0.3783554733
2023-11-23 18:24:05,025 - INFO - Epoch 27 : Training Loss: 10.3713655472, Validation Loss: 10.6059389114, Training R-squared: 0.4361813664, Validation R-squared: 0.3794082701
2023-11-23 18:24:08,394 - INFO - Epoch 28 : Training Loss: 10.3407001495, Validation Loss: 10.5835351944, Training R-squared: 0.4409524500, Validation R-squared: 0.3821341991
2023-11-23 18:24:11,867 - INFO - Epoch 29 : Training Loss: 10.3138484955, Validation Loss: 10.5542383194, Training R-squared: 0.4425528944, Validation R-squared: 0.3858820796
2023-11-23 18:24:15,097 - INFO - Epoch 30 : Training Loss: 10.2808990479, Validation Loss: 10.5481224060, Training R-squared: 0.4472108483, Validation R-squared: 0.3865642250
2023-11-23 18:24:18,718 - INFO - Epoch 31 : Training Loss: 10.2482509613, Validation Loss: 10.5484418869, Training R-squared: 0.4492364526, Validation R-squared: 0.3861997128
2023-11-23 18:24:22,278 - INFO - Epoch 32 : Training Loss: 10.2092494965, Validation Loss: 10.5388202667, Training R-squared: 0.4545982182, Validation R-squared: 0.3870940804
2023-11-23 18:24:25,764 - INFO - Epoch 33 : Training Loss: 10.1898765564, Validation Loss: 10.5108890533, Training R-squared: 0.4560466409, Validation R-squared: 0.3904666603
2023-11-23 18:24:28,987 - INFO - Epoch 34 : Training Loss: 10.1536588669, Validation Loss: 10.4944887161, Training R-squared: 0.4589074850, Validation R-squared: 0.3926067054
2023-11-23 18:24:32,521 - INFO - Epoch 35 : Training Loss: 10.1239433289, Validation Loss: 10.4943399429, Training R-squared: 0.4626719952, Validation R-squared: 0.3922963440
2023-11-23 18:24:35,859 - INFO - Epoch 36 : Training Loss: 10.0950222015, Validation Loss: 10.4697122574, Training R-squared: 0.4663025141, Validation R-squared: 0.3957473636
2023-11-23 18:24:39,083 - INFO - Epoch 37 : Training Loss: 10.0679769516, Validation Loss: 10.4408063889, Training R-squared: 0.4677375555, Validation R-squared: 0.3990450203
2023-11-23 18:24:42,586 - INFO - Epoch 38 : Training Loss: 10.0585346222, Validation Loss: 10.4641237259, Training R-squared: 0.4687624276, Validation R-squared: 0.3957107365
2023-11-23 18:24:46,154 - INFO - Epoch 39 : Training Loss: 10.0270557404, Validation Loss: 10.4555406570, Training R-squared: 0.4736813009, Validation R-squared: 0.3967394829
2023-11-23 18:24:49,296 - INFO - Epoch 40 : Training Loss: 9.9890308380, Validation Loss: 10.4778356552, Training R-squared: 0.4760868847, Validation R-squared: 0.3938342631
2023-11-23 18:24:52,957 - INFO - Epoch 41 : Training Loss: 9.9540796280, Validation Loss: 10.4059610367, Training R-squared: 0.4814000130, Validation R-squared: 0.4028124809
2023-11-23 18:24:56,418 - INFO - Epoch 42 : Training Loss: 9.9403591156, Validation Loss: 10.4015350342, Training R-squared: 0.4817704856, Validation R-squared: 0.4028951228
2023-11-23 18:24:59,664 - INFO - Epoch 43 : Training Loss: 9.9273824692, Validation Loss: 10.4152526855, Training R-squared: 0.4824539423, Validation R-squared: 0.4011014402
2023-11-23 18:25:03,116 - INFO - Epoch 44 : Training Loss: 9.9031820297, Validation Loss: 10.3900384903, Training R-squared: 0.4848976135, Validation R-squared: 0.4043046832
2023-11-23 18:25:06,685 - INFO - Epoch 45 : Training Loss: 9.8777189255, Validation Loss: 10.3530931473, Training R-squared: 0.4891920686, Validation R-squared: 0.4091104269
2023-11-23 18:25:09,828 - INFO - Epoch 46 : Training Loss: 9.8530626297, Validation Loss: 10.3508806229, Training R-squared: 0.4899823964, Validation R-squared: 0.4090322256
2023-11-23 18:25:13,273 - INFO - Epoch 47 : Training Loss: 9.8264093399, Validation Loss: 10.3604726791, Training R-squared: 0.4935687780, Validation R-squared: 0.4077441990
2023-11-23 18:25:16,964 - INFO - Epoch 48 : Training Loss: 9.8085918427, Validation Loss: 10.3459415436, Training R-squared: 0.4958784580, Validation R-squared: 0.4094198644
2023-11-23 18:25:20,223 - INFO - Epoch 49 : Training Loss: 9.7957811356, Validation Loss: 10.3461866379, Training R-squared: 0.4976749122, Validation R-squared: 0.4094228446
2023-11-23 18:25:23,557 - INFO - Epoch 50 : Training Loss: 9.7684068680, Validation Loss: 10.3370876312, Training R-squared: 0.4999661148, Validation R-squared: 0.4103253782
2023-11-23 18:25:27,098 - INFO - Epoch 51 : Training Loss: 9.7497053146, Validation Loss: 10.3408775330, Training R-squared: 0.5010535121, Validation R-squared: 0.4096093774
2023-11-23 18:25:30,368 - INFO - Epoch 52 : Training Loss: 9.7206315994, Validation Loss: 10.3120956421, Training R-squared: 0.5045461655, Validation R-squared: 0.4129451513
2023-11-23 18:25:33,683 - INFO - Epoch 53 : Training Loss: 9.6823129654, Validation Loss: 10.3082752228, Training R-squared: 0.5074639916, Validation R-squared: 0.4132640958
2023-11-23 18:25:37,139 - INFO - Epoch 54 : Training Loss: 9.6640214920, Validation Loss: 10.3329114914, Training R-squared: 0.5094438791, Validation R-squared: 0.4103315473
2023-11-23 18:25:40,416 - INFO - Epoch 55 : Training Loss: 9.6553974152, Validation Loss: 10.2947854996, Training R-squared: 0.5119218230, Validation R-squared: 0.4147955179
2023-11-23 18:25:43,735 - INFO - Epoch 56 : Training Loss: 9.6171188354, Validation Loss: 10.2809600830, Training R-squared: 0.5145342946, Validation R-squared: 0.4162151814
2023-11-23 18:25:47,287 - INFO - Epoch 57 : Training Loss: 9.6124467850, Validation Loss: 10.2752084732, Training R-squared: 0.5144668221, Validation R-squared: 0.4167904258
2023-11-23 18:25:50,632 - INFO - Epoch 58 : Training Loss: 9.5678806305, Validation Loss: 10.2685146332, Training R-squared: 0.5191434026, Validation R-squared: 0.4175411165
2023-11-23 18:25:53,946 - INFO - Epoch 59 : Training Loss: 9.5530099869, Validation Loss: 10.2774629593, Training R-squared: 0.5208494067, Validation R-squared: 0.4162674546
2023-11-23 18:25:57,447 - INFO - Epoch 60 : Training Loss: 9.5453109741, Validation Loss: 10.2998685837, Training R-squared: 0.5215546489, Validation R-squared: 0.4133237302
2023-11-23 18:26:00,776 - INFO - Epoch 61 : Training Loss: 9.5035133362, Validation Loss: 10.2673349380, Training R-squared: 0.5247641206, Validation R-squared: 0.4172253609
2023-11-23 18:26:04,024 - INFO - Epoch 62 : Training Loss: 9.4764270782, Validation Loss: 10.2435007095, Training R-squared: 0.5287220478, Validation R-squared: 0.4197901189
2023-11-23 18:26:07,512 - INFO - Epoch 63 : Training Loss: 9.4633684158, Validation Loss: 10.2191362381, Training R-squared: 0.5292176604, Validation R-squared: 0.4227261841
2023-11-23 18:26:10,825 - INFO - Epoch 64 : Training Loss: 9.4379873276, Validation Loss: 10.2378177643, Training R-squared: 0.5306329727, Validation R-squared: 0.4203476012
2023-11-23 18:26:14,152 - INFO - Epoch 65 : Training Loss: 9.4210214615, Validation Loss: 10.2497835159, Training R-squared: 0.5319701433, Validation R-squared: 0.4189643562
2023-11-23 18:26:18,052 - INFO - Epoch 66 : Training Loss: 9.4087800980, Validation Loss: 10.2346878052, Training R-squared: 0.5346198082, Validation R-squared: 0.4209465384
2023-11-23 18:26:21,515 - INFO - Epoch 67 : Training Loss: 9.3868007660, Validation Loss: 10.2506036758, Training R-squared: 0.5373061895, Validation R-squared: 0.4182804227
2023-11-23 18:26:24,695 - INFO - Epoch 68 : Training Loss: 9.3446912766, Validation Loss: 10.2420797348, Training R-squared: 0.5407178998, Validation R-squared: 0.4196143746
2023-11-23 18:26:32,273 - INFO - Model saved to models/portion_model/lunch/512_512_200_64/sparsity_80_fold_3_model.keras
2023-11-23 18:26:36,991 - INFO - Avg Metrics: RMSE: 8.3593081213, R-squared: -3.4352900684, PCC: 0.5894444032
2023-11-23 18:26:36,991 - INFO - Agg Metrics: RMSE: 10.3185947078, R-squared: 0.4222880241, PCC: 0.6525995198
2023-11-23 18:26:43,251 - INFO - ================================================================== Fold 4 ===================================================================
2023-11-23 18:26:48,519 - INFO - Epoch 1  : Training Loss: 13.3368988037, Validation Loss: 14.0662727356, Training R-squared: 0.0376635864, Validation R-squared: 0.0421220697
2023-11-23 18:26:52,144 - INFO - Epoch 2  : Training Loss: 13.2180795670, Validation Loss: 13.8027858734, Training R-squared: 0.0561630800, Validation R-squared: 0.0785000548
2023-11-23 18:26:55,358 - INFO - Epoch 3  : Training Loss: 12.6388416290, Validation Loss: 12.9848871231, Training R-squared: 0.1374007910, Validation R-squared: 0.1857802719
2023-11-23 18:26:58,727 - INFO - Epoch 4  : Training Loss: 11.8968734741, Validation Loss: 12.5832128525, Training R-squared: 0.2335180193, Validation R-squared: 0.2360245436
2023-11-23 18:27:02,185 - INFO - Epoch 5  : Training Loss: 11.6389579773, Validation Loss: 12.4591188431, Training R-squared: 0.2672078609, Validation R-squared: 0.2513651550
2023-11-23 18:27:05,640 - INFO - Epoch 6  : Training Loss: 11.5685329437, Validation Loss: 12.4078254700, Training R-squared: 0.2761896551, Validation R-squared: 0.2575531602
2023-11-23 18:27:09,138 - INFO - Epoch 7  : Training Loss: 11.4823656082, Validation Loss: 12.3579330444, Training R-squared: 0.2844487131, Validation R-squared: 0.2635103762
2023-11-23 18:27:12,854 - INFO - Epoch 8  : Training Loss: 11.4185180664, Validation Loss: 12.2938899994, Training R-squared: 0.2945100665, Validation R-squared: 0.2713912427
2023-11-23 18:27:16,250 - INFO - Epoch 9  : Training Loss: 11.3555984497, Validation Loss: 12.2484598160, Training R-squared: 0.3024854362, Validation R-squared: 0.2771803439
2023-11-23 18:27:19,919 - INFO - Epoch 10 : Training Loss: 11.2873697281, Validation Loss: 12.1700038910, Training R-squared: 0.3107760251, Validation R-squared: 0.2860323489
2023-11-23 18:27:23,361 - INFO - Epoch 11 : Training Loss: 11.2159891129, Validation Loss: 12.1201725006, Training R-squared: 0.3192527890, Validation R-squared: 0.2925052345
2023-11-23 18:27:26,806 - INFO - Epoch 12 : Training Loss: 11.1435909271, Validation Loss: 12.0529565811, Training R-squared: 0.3285209537, Validation R-squared: 0.3000557423
2023-11-23 18:27:29,996 - INFO - Epoch 13 : Training Loss: 11.0940990448, Validation Loss: 12.0021562576, Training R-squared: 0.3343721032, Validation R-squared: 0.3063006997
2023-11-23 18:27:33,404 - INFO - Epoch 14 : Training Loss: 11.0214300156, Validation Loss: 11.9494619370, Training R-squared: 0.3414943218, Validation R-squared: 0.3126431406
2023-11-23 18:27:36,860 - INFO - Epoch 15 : Training Loss: 10.9749069214, Validation Loss: 11.8973398209, Training R-squared: 0.3476303816, Validation R-squared: 0.3185288608
2023-11-23 18:27:40,119 - INFO - Epoch 16 : Training Loss: 10.9042577744, Validation Loss: 11.8526029587, Training R-squared: 0.3564346731, Validation R-squared: 0.3237870932
2023-11-23 18:27:43,488 - INFO - Epoch 17 : Training Loss: 10.8405294418, Validation Loss: 11.8039817810, Training R-squared: 0.3624569774, Validation R-squared: 0.3292544484
2023-11-23 18:27:47,030 - INFO - Epoch 18 : Training Loss: 10.7851696014, Validation Loss: 11.7561712265, Training R-squared: 0.3703543842, Validation R-squared: 0.3350382745
2023-11-23 18:27:50,241 - INFO - Epoch 19 : Training Loss: 10.7195444107, Validation Loss: 11.7009706497, Training R-squared: 0.3780564666, Validation R-squared: 0.3410976231
2023-11-23 18:27:53,750 - INFO - Epoch 20 : Training Loss: 10.6449069977, Validation Loss: 11.6434297562, Training R-squared: 0.3861008286, Validation R-squared: 0.3475448489
2023-11-23 18:27:57,216 - INFO - Epoch 21 : Training Loss: 10.5585546494, Validation Loss: 11.5999526978, Training R-squared: 0.3964084089, Validation R-squared: 0.3525621593
2023-11-23 18:28:00,456 - INFO - Epoch 22 : Training Loss: 10.5066728592, Validation Loss: 11.5419254303, Training R-squared: 0.4022658765, Validation R-squared: 0.3587538898
2023-11-23 18:28:03,751 - INFO - Epoch 23 : Training Loss: 10.4297323227, Validation Loss: 11.4863376617, Training R-squared: 0.4113856852, Validation R-squared: 0.3652935922
2023-11-23 18:28:07,233 - INFO - Epoch 24 : Training Loss: 10.3817167282, Validation Loss: 11.4355268478, Training R-squared: 0.4168497622, Validation R-squared: 0.3705024123
2023-11-23 18:28:10,469 - INFO - Epoch 25 : Training Loss: 10.3389148712, Validation Loss: 11.3834199905, Training R-squared: 0.4217855334, Validation R-squared: 0.3761869371
2023-11-23 18:28:13,831 - INFO - Epoch 26 : Training Loss: 10.2495985031, Validation Loss: 11.3388185501, Training R-squared: 0.4307440817, Validation R-squared: 0.3813320696
2023-11-23 18:28:17,485 - INFO - Epoch 27 : Training Loss: 10.2072286606, Validation Loss: 11.2997798920, Training R-squared: 0.4366306067, Validation R-squared: 0.3856096566
2023-11-23 18:28:20,766 - INFO - Epoch 28 : Training Loss: 10.1729030609, Validation Loss: 11.2665328979, Training R-squared: 0.4388239980, Validation R-squared: 0.3892436922
2023-11-23 18:28:24,071 - INFO - Epoch 29 : Training Loss: 10.1246318817, Validation Loss: 11.2660303116, Training R-squared: 0.4436996877, Validation R-squared: 0.3889588118
2023-11-23 18:28:27,535 - INFO - Epoch 30 : Training Loss: 10.1016235352, Validation Loss: 11.2461490631, Training R-squared: 0.4469300210, Validation R-squared: 0.3910171092
2023-11-23 18:28:30,916 - INFO - Epoch 31 : Training Loss: 10.0627946854, Validation Loss: 11.2163219452, Training R-squared: 0.4500660300, Validation R-squared: 0.3944242001
2023-11-23 18:28:34,177 - INFO - Epoch 32 : Training Loss: 10.0335712433, Validation Loss: 11.2265329361, Training R-squared: 0.4549095035, Validation R-squared: 0.3929633498
2023-11-23 18:28:37,703 - INFO - Epoch 33 : Training Loss: 9.9979972839, Validation Loss: 11.1868104935, Training R-squared: 0.4581043124, Validation R-squared: 0.3975948989
2023-11-23 18:28:40,963 - INFO - Epoch 34 : Training Loss: 9.9685153961, Validation Loss: 11.1704378128, Training R-squared: 0.4611127377, Validation R-squared: 0.3997910023
2023-11-23 18:28:44,207 - INFO - Epoch 35 : Training Loss: 9.9419441223, Validation Loss: 11.1578340530, Training R-squared: 0.4648268819, Validation R-squared: 0.4010763466
2023-11-23 18:28:47,783 - INFO - Epoch 36 : Training Loss: 9.9185876846, Validation Loss: 11.1407518387, Training R-squared: 0.4653626084, Validation R-squared: 0.4028764963
2023-11-23 18:28:51,059 - INFO - Epoch 37 : Training Loss: 9.8928909302, Validation Loss: 11.1384916306, Training R-squared: 0.4698330164, Validation R-squared: 0.4030592144
2023-11-23 18:28:54,439 - INFO - Epoch 38 : Training Loss: 9.8940229416, Validation Loss: 11.1180486679, Training R-squared: 0.4698919654, Validation R-squared: 0.4052129388
2023-11-23 18:28:57,919 - INFO - Epoch 39 : Training Loss: 9.8348674774, Validation Loss: 11.1039676666, Training R-squared: 0.4740804434, Validation R-squared: 0.4069069326
2023-11-23 18:29:01,343 - INFO - Epoch 40 : Training Loss: 9.8188781738, Validation Loss: 11.1202993393, Training R-squared: 0.4779095948, Validation R-squared: 0.4048820734
2023-11-23 18:29:04,535 - INFO - Epoch 41 : Training Loss: 9.7987394333, Validation Loss: 11.0914506912, Training R-squared: 0.4803275168, Validation R-squared: 0.4081526995
2023-11-23 18:29:08,054 - INFO - Epoch 42 : Training Loss: 9.7701797485, Validation Loss: 11.0829896927, Training R-squared: 0.4820414484, Validation R-squared: 0.4090003967
2023-11-23 18:29:11,401 - INFO - Epoch 43 : Training Loss: 9.7597246170, Validation Loss: 11.0704813004, Training R-squared: 0.4835262001, Validation R-squared: 0.4103173316
2023-11-23 18:29:14,655 - INFO - Epoch 44 : Training Loss: 9.7327518463, Validation Loss: 11.0673246384, Training R-squared: 0.4851377010, Validation R-squared: 0.4108497500
2023-11-23 18:29:18,505 - INFO - Epoch 45 : Training Loss: 9.7061901093, Validation Loss: 11.0700073242, Training R-squared: 0.4885678887, Validation R-squared: 0.4100841582
2023-11-23 18:29:21,950 - INFO - Epoch 46 : Training Loss: 9.6852836609, Validation Loss: 11.0336008072, Training R-squared: 0.4916931093, Validation R-squared: 0.4143679738
2023-11-23 18:29:25,074 - INFO - Epoch 47 : Training Loss: 9.6814746857, Validation Loss: 11.0290927887, Training R-squared: 0.4900456965, Validation R-squared: 0.4147635400
2023-11-23 18:29:28,514 - INFO - Epoch 48 : Training Loss: 9.6479253769, Validation Loss: 11.0391044617, Training R-squared: 0.4940682352, Validation R-squared: 0.4132754207
2023-11-23 18:29:32,024 - INFO - Epoch 49 : Training Loss: 9.6285400391, Validation Loss: 11.0281095505, Training R-squared: 0.4973351061, Validation R-squared: 0.4144240022
2023-11-23 18:29:35,126 - INFO - Epoch 50 : Training Loss: 9.6078090668, Validation Loss: 11.0195074081, Training R-squared: 0.4979718924, Validation R-squared: 0.4154688120
2023-11-23 18:29:38,661 - INFO - Epoch 51 : Training Loss: 9.5833959579, Validation Loss: 11.0019378662, Training R-squared: 0.5011948347, Validation R-squared: 0.4174244702
2023-11-23 18:29:42,177 - INFO - Epoch 52 : Training Loss: 9.5530338287, Validation Loss: 10.9750242233, Training R-squared: 0.5041665435, Validation R-squared: 0.4203250706
2023-11-23 18:29:45,323 - INFO - Epoch 53 : Training Loss: 9.5433168411, Validation Loss: 11.0093050003, Training R-squared: 0.5039719939, Validation R-squared: 0.4162893593
2023-11-23 18:29:48,723 - INFO - Epoch 54 : Training Loss: 9.5266790390, Validation Loss: 10.9428052902, Training R-squared: 0.5075955391, Validation R-squared: 0.4237961173
2023-11-23 18:29:52,247 - INFO - Epoch 55 : Training Loss: 9.4860582352, Validation Loss: 10.9790172577, Training R-squared: 0.5120816827, Validation R-squared: 0.4194146395
2023-11-23 18:29:55,393 - INFO - Epoch 56 : Training Loss: 9.4715900421, Validation Loss: 10.9190816879, Training R-squared: 0.5114891529, Validation R-squared: 0.4263045490
2023-11-23 18:29:58,847 - INFO - Epoch 57 : Training Loss: 9.4436702728, Validation Loss: 10.9246654510, Training R-squared: 0.5142281055, Validation R-squared: 0.4255529344
2023-11-23 18:30:02,381 - INFO - Epoch 58 : Training Loss: 9.4318161011, Validation Loss: 10.9089937210, Training R-squared: 0.5167559385, Validation R-squared: 0.4274332821
2023-11-23 18:30:05,561 - INFO - Epoch 59 : Training Loss: 9.4212789536, Validation Loss: 10.8985557556, Training R-squared: 0.5170780420, Validation R-squared: 0.4284566343
2023-11-23 18:30:08,925 - INFO - Epoch 60 : Training Loss: 9.3757305145, Validation Loss: 10.9101533890, Training R-squared: 0.5223445296, Validation R-squared: 0.4269587100
2023-11-23 18:30:12,408 - INFO - Epoch 61 : Training Loss: 9.3656673431, Validation Loss: 10.8894767761, Training R-squared: 0.5230410695, Validation R-squared: 0.4292157292
2023-11-23 18:30:15,569 - INFO - Epoch 62 : Training Loss: 9.3468580246, Validation Loss: 10.8932485580, Training R-squared: 0.5267552137, Validation R-squared: 0.4285899401
2023-11-23 18:30:19,270 - INFO - Epoch 63 : Training Loss: 9.3390054703, Validation Loss: 10.8669233322, Training R-squared: 0.5267315507, Validation R-squared: 0.4312637448
2023-11-23 18:30:23,312 - INFO - Epoch 64 : Training Loss: 9.3157911301, Validation Loss: 10.8612327576, Training R-squared: 0.5283861160, Validation R-squared: 0.4319978058
2023-11-23 18:30:27,402 - INFO - Epoch 65 : Training Loss: 9.2885093689, Validation Loss: 10.8690862656, Training R-squared: 0.5303978324, Validation R-squared: 0.4310821593
2023-11-23 18:30:31,225 - INFO - Epoch 66 : Training Loss: 9.2545108795, Validation Loss: 10.8650808334, Training R-squared: 0.5330263376, Validation R-squared: 0.4313939214
2023-11-23 18:30:34,768 - INFO - Epoch 67 : Training Loss: 9.2449998856, Validation Loss: 10.8677816391, Training R-squared: 0.5343155861, Validation R-squared: 0.4307261407
2023-11-23 18:30:38,614 - INFO - Epoch 68 : Training Loss: 9.2347164154, Validation Loss: 10.8350515366, Training R-squared: 0.5364711285, Validation R-squared: 0.4348659515
2023-11-23 18:30:42,389 - INFO - Epoch 69 : Training Loss: 9.2117357254, Validation Loss: 10.8439540863, Training R-squared: 0.5380840898, Validation R-squared: 0.4336616099
2023-11-23 18:30:45,881 - INFO - Epoch 70 : Training Loss: 9.1938695908, Validation Loss: 10.8153276443, Training R-squared: 0.5401543975, Validation R-squared: 0.4367502332
2023-11-23 18:30:49,475 - INFO - Epoch 71 : Training Loss: 9.1721315384, Validation Loss: 10.8404130936, Training R-squared: 0.5420524478, Validation R-squared: 0.4336799383
2023-11-23 18:30:53,433 - INFO - Epoch 72 : Training Loss: 9.1556615829, Validation Loss: 10.8333177567, Training R-squared: 0.5448921919, Validation R-squared: 0.4346222281
2023-11-23 18:30:57,152 - INFO - Epoch 73 : Training Loss: 9.1485738754, Validation Loss: 10.8578290939, Training R-squared: 0.5444055200, Validation R-squared: 0.4315611422
2023-11-23 18:31:00,662 - INFO - Epoch 74 : Training Loss: 9.1184520721, Validation Loss: 10.8014163971, Training R-squared: 0.5480727553, Validation R-squared: 0.4380683005
2023-11-23 18:31:04,287 - INFO - Epoch 75 : Training Loss: 9.0866937637, Validation Loss: 10.8156805038, Training R-squared: 0.5499610901, Validation R-squared: 0.4362376332
2023-11-23 18:31:08,095 - INFO - Epoch 76 : Training Loss: 9.0767316818, Validation Loss: 10.8205080032, Training R-squared: 0.5519280434, Validation R-squared: 0.4356251955
2023-11-23 18:31:11,750 - INFO - Epoch 77 : Training Loss: 9.0649681091, Validation Loss: 10.8156862259, Training R-squared: 0.5525998473, Validation R-squared: 0.4363256395
2023-11-23 18:31:15,212 - INFO - Epoch 78 : Training Loss: 9.0526151657, Validation Loss: 10.8244390488, Training R-squared: 0.5534396768, Validation R-squared: 0.4349570870
2023-11-23 18:31:19,258 - INFO - Epoch 79 : Training Loss: 9.0210628510, Validation Loss: 10.8042497635, Training R-squared: 0.5563935637, Validation R-squared: 0.4373985529
2023-11-23 18:31:27,325 - INFO - Model saved to models/portion_model/lunch/512_512_200_64/sparsity_80_fold_4_model.keras
2023-11-23 18:31:30,901 - INFO - Avg Metrics: RMSE: 8.4598385331, R-squared: -0.1752509947, PCC: 0.6206296461
2023-11-23 18:31:30,902 - INFO - Agg Metrics: RMSE: 11.0291015407, R-squared: 0.4235396774, PCC: 0.6514432710
2023-11-23 18:31:37,606 - INFO - ================================================================== Fold 5 ===================================================================
2023-11-23 18:31:43,420 - INFO - Epoch 1  : Training Loss: 13.5540170670, Validation Loss: 13.2323255539, Training R-squared: 0.0358890779, Validation R-squared: 0.0481462851
2023-11-23 18:31:47,356 - INFO - Epoch 2  : Training Loss: 13.4514303207, Validation Loss: 13.0576410294, Training R-squared: 0.0504291616, Validation R-squared: 0.0734848604
2023-11-23 18:31:50,800 - INFO - Epoch 3  : Training Loss: 13.0732288361, Validation Loss: 12.4980144501, Training R-squared: 0.1052115411, Validation R-squared: 0.1513583809
2023-11-23 18:31:54,466 - INFO - Epoch 4  : Training Loss: 12.4267015457, Validation Loss: 11.7167854309, Training R-squared: 0.1905457526, Validation R-squared: 0.2539003789
2023-11-23 18:31:58,247 - INFO - Epoch 5  : Training Loss: 11.9352960587, Validation Loss: 11.4917926788, Training R-squared: 0.2537012994, Validation R-squared: 0.2820864022
2023-11-23 18:32:01,936 - INFO - Epoch 6  : Training Loss: 11.8004255295, Validation Loss: 11.4245128632, Training R-squared: 0.2706097364, Validation R-squared: 0.2904369533
2023-11-23 18:32:05,433 - INFO - Epoch 7  : Training Loss: 11.7095861435, Validation Loss: 11.3668994904, Training R-squared: 0.2824378014, Validation R-squared: 0.2976680100
2023-11-23 18:32:09,154 - INFO - Epoch 8  : Training Loss: 11.6544570923, Validation Loss: 11.3313169479, Training R-squared: 0.2872008383, Validation R-squared: 0.3019716144
2023-11-23 18:32:12,955 - INFO - Epoch 9  : Training Loss: 11.5917634964, Validation Loss: 11.2921323776, Training R-squared: 0.2942558229, Validation R-squared: 0.3069860935
2023-11-23 18:32:17,119 - INFO - Epoch 10 : Training Loss: 11.5109577179, Validation Loss: 11.2297420502, Training R-squared: 0.3052574694, Validation R-squared: 0.3144399226
2023-11-23 18:32:20,630 - INFO - Epoch 11 : Training Loss: 11.4454364777, Validation Loss: 11.1785182953, Training R-squared: 0.3123557270, Validation R-squared: 0.3207800686
2023-11-23 18:32:24,330 - INFO - Epoch 12 : Training Loss: 11.3773117065, Validation Loss: 11.1268386841, Training R-squared: 0.3218205571, Validation R-squared: 0.3271776140
2023-11-23 18:32:28,102 - INFO - Epoch 13 : Training Loss: 11.3005533218, Validation Loss: 11.0615501404, Training R-squared: 0.3320163488, Validation R-squared: 0.3348977268
2023-11-23 18:32:31,859 - INFO - Epoch 14 : Training Loss: 11.2134666443, Validation Loss: 11.0230646133, Training R-squared: 0.3419004083, Validation R-squared: 0.3390816450
2023-11-23 18:32:35,332 - INFO - Epoch 15 : Training Loss: 11.1540441513, Validation Loss: 10.9818687439, Training R-squared: 0.3457545936, Validation R-squared: 0.3443157375
2023-11-23 18:32:39,071 - INFO - Epoch 16 : Training Loss: 11.1141033173, Validation Loss: 10.9511747360, Training R-squared: 0.3523495197, Validation R-squared: 0.3477241993
2023-11-23 18:32:42,881 - INFO - Epoch 17 : Training Loss: 11.0476074219, Validation Loss: 10.9152889252, Training R-squared: 0.3587772846, Validation R-squared: 0.3520791531
2023-11-23 18:32:46,484 - INFO - Epoch 18 : Training Loss: 10.9936914444, Validation Loss: 10.8766441345, Training R-squared: 0.3657337427, Validation R-squared: 0.3566339314
2023-11-23 18:32:50,082 - INFO - Epoch 19 : Training Loss: 10.9253072739, Validation Loss: 10.8426132202, Training R-squared: 0.3748244643, Validation R-squared: 0.3604736030
2023-11-23 18:32:54,005 - INFO - Epoch 20 : Training Loss: 10.8766727448, Validation Loss: 10.7887086868, Training R-squared: 0.3799264133, Validation R-squared: 0.3664739728
2023-11-23 18:32:57,796 - INFO - Epoch 21 : Training Loss: 10.8099317551, Validation Loss: 10.7464532852, Training R-squared: 0.3870317340, Validation R-squared: 0.3713157475
2023-11-23 18:33:01,382 - INFO - Epoch 22 : Training Loss: 10.7456922531, Validation Loss: 10.6931505203, Training R-squared: 0.3955844939, Validation R-squared: 0.3775563836
2023-11-23 18:33:04,916 - INFO - Epoch 23 : Training Loss: 10.6701240540, Validation Loss: 10.6477174759, Training R-squared: 0.4015361667, Validation R-squared: 0.3828646839
2023-11-23 18:33:08,760 - INFO - Epoch 24 : Training Loss: 10.6082887650, Validation Loss: 10.5921936035, Training R-squared: 0.4083495140, Validation R-squared: 0.3890303373
2023-11-23 18:33:12,650 - INFO - Epoch 25 : Training Loss: 10.5461893082, Validation Loss: 10.5480613708, Training R-squared: 0.4151874185, Validation R-squared: 0.3940874934
2023-11-23 18:33:16,136 - INFO - Epoch 26 : Training Loss: 10.4879817963, Validation Loss: 10.5133686066, Training R-squared: 0.4227968752, Validation R-squared: 0.3978651166
2023-11-23 18:33:20,046 - INFO - Epoch 27 : Training Loss: 10.4349155426, Validation Loss: 10.4654016495, Training R-squared: 0.4295944870, Validation R-squared: 0.4029910266
2023-11-23 18:33:23,868 - INFO - Epoch 28 : Training Loss: 10.3887701035, Validation Loss: 10.4321966171, Training R-squared: 0.4341026247, Validation R-squared: 0.4069328010
2023-11-23 18:33:27,702 - INFO - Epoch 29 : Training Loss: 10.3486585617, Validation Loss: 10.4028272629, Training R-squared: 0.4385869205, Validation R-squared: 0.4101129770
2023-11-23 18:33:31,203 - INFO - Epoch 30 : Training Loss: 10.3091220856, Validation Loss: 10.3905076981, Training R-squared: 0.4418928623, Validation R-squared: 0.4110713005
2023-11-23 18:33:34,882 - INFO - Epoch 31 : Training Loss: 10.2685861588, Validation Loss: 10.3710660934, Training R-squared: 0.4477151334, Validation R-squared: 0.4134842753
2023-11-23 18:33:38,658 - INFO - Epoch 32 : Training Loss: 10.2491970062, Validation Loss: 10.3545999527, Training R-squared: 0.4481725097, Validation R-squared: 0.4152690768
2023-11-23 18:33:42,395 - INFO - Epoch 33 : Training Loss: 10.2297754288, Validation Loss: 10.3325157166, Training R-squared: 0.4520446956, Validation R-squared: 0.4176695943
2023-11-23 18:33:46,292 - INFO - Epoch 34 : Training Loss: 10.2034273148, Validation Loss: 10.3302917480, Training R-squared: 0.4537689686, Validation R-squared: 0.4178568125
2023-11-23 18:33:50,223 - INFO - Epoch 35 : Training Loss: 10.1700029373, Validation Loss: 10.3272562027, Training R-squared: 0.4564803541, Validation R-squared: 0.4179761410
2023-11-23 18:33:54,401 - INFO - Epoch 36 : Training Loss: 10.1468877792, Validation Loss: 10.3043985367, Training R-squared: 0.4592742920, Validation R-squared: 0.4208396673
2023-11-23 18:33:58,418 - INFO - Epoch 37 : Training Loss: 10.1114397049, Validation Loss: 10.3015356064, Training R-squared: 0.4635538459, Validation R-squared: 0.4209326506
2023-11-23 18:34:02,124 - INFO - Epoch 38 : Training Loss: 10.0829248428, Validation Loss: 10.2928924561, Training R-squared: 0.4656448960, Validation R-squared: 0.4217413366
2023-11-23 18:34:05,569 - INFO - Epoch 39 : Training Loss: 10.0516004562, Validation Loss: 10.2799968719, Training R-squared: 0.4688391685, Validation R-squared: 0.4235455990
2023-11-23 18:34:09,308 - INFO - Epoch 40 : Training Loss: 10.0633735657, Validation Loss: 10.2676439285, Training R-squared: 0.4677980840, Validation R-squared: 0.4249232411
2023-11-23 18:34:13,113 - INFO - Epoch 41 : Training Loss: 10.0205507278, Validation Loss: 10.2670106888, Training R-squared: 0.4726360738, Validation R-squared: 0.4244747162
2023-11-23 18:34:17,014 - INFO - Epoch 42 : Training Loss: 9.9925451279, Validation Loss: 10.2695522308, Training R-squared: 0.4753207266, Validation R-squared: 0.4241509140
2023-11-23 18:34:20,668 - INFO - Epoch 43 : Training Loss: 9.9711141586, Validation Loss: 10.2345266342, Training R-squared: 0.4765773118, Validation R-squared: 0.4284254014
2023-11-23 18:34:24,475 - INFO - Epoch 44 : Training Loss: 9.9326877594, Validation Loss: 10.2187480927, Training R-squared: 0.4813225567, Validation R-squared: 0.4301903248
2023-11-23 18:34:28,271 - INFO - Epoch 45 : Training Loss: 9.9254331589, Validation Loss: 10.2178726196, Training R-squared: 0.4835245013, Validation R-squared: 0.4301626980
2023-11-23 18:34:31,922 - INFO - Epoch 46 : Training Loss: 9.8901243210, Validation Loss: 10.2117404938, Training R-squared: 0.4857057631, Validation R-squared: 0.4307344854
2023-11-23 18:34:35,438 - INFO - Epoch 47 : Training Loss: 9.8621940613, Validation Loss: 10.2054529190, Training R-squared: 0.4876091182, Validation R-squared: 0.4314962029
2023-11-23 18:34:39,206 - INFO - Epoch 48 : Training Loss: 9.8523778915, Validation Loss: 10.1872835159, Training R-squared: 0.4899321198, Validation R-squared: 0.4335627854
2023-11-23 18:34:43,032 - INFO - Epoch 49 : Training Loss: 9.8345594406, Validation Loss: 10.1887226105, Training R-squared: 0.4921293855, Validation R-squared: 0.4335261881
2023-11-23 18:34:46,594 - INFO - Epoch 50 : Training Loss: 9.8049879074, Validation Loss: 10.1933565140, Training R-squared: 0.4947900474, Validation R-squared: 0.4328388274
2023-11-23 18:34:50,144 - INFO - Epoch 51 : Training Loss: 9.7923965454, Validation Loss: 10.2047433853, Training R-squared: 0.4955417216, Validation R-squared: 0.4311009347
2023-11-23 18:34:54,052 - INFO - Epoch 52 : Training Loss: 9.7554416656, Validation Loss: 10.1898679733, Training R-squared: 0.4991929233, Validation R-squared: 0.4331735671
2023-11-23 18:34:57,866 - INFO - Epoch 53 : Training Loss: 9.7271385193, Validation Loss: 10.1879234314, Training R-squared: 0.5016553998, Validation R-squared: 0.4332889318
2023-11-23 18:35:06,024 - INFO - Model saved to models/portion_model/lunch/512_512_200_64/sparsity_80_fold_5_model.keras
2023-11-23 18:35:11,056 - INFO - Avg Metrics: RMSE: 8.3679217477, R-squared: -0.7191890585, PCC: 0.5732029059
2023-11-23 18:35:11,057 - INFO - Agg Metrics: RMSE: 10.2853129565, R-squared: 0.4309213400, PCC: 0.6580488406
2023-11-23 18:35:19,115 - INFO - ================================================================== Results Summary ===================================================================
2023-11-23 18:35:19,116 - INFO - CrossVal Metrics (Avg.) - RMSE: 8.3604685033  0.0628440396, R2: -1.1869049146  0.0628440396, PCC: 0.5937872911  0.0628440396
2023-11-23 18:35:19,116 - INFO - Testing  Metrics (Avg.) - RMSE: 8.2774564189, R2: -0.3347692930, PCC: 0.6060668863
2023-11-23 18:35:19,116 - INFO - CrossVal Metrics (Agg.) - RMSE: 10.5526423533  0.0628440396, R2: 0.4209790273  0.0628440396, PCC: 0.6509091043  0.0628440396
2023-11-23 18:35:19,117 - INFO - Testing  Metrics (Agg.) - RMSE: 10.3878540622, R2: 0.4385266972, PCC: 0.6642693677
