2023-11-23 13:37:16,193 - INFO - Training model at 45% sparse columns removed...
2023-11-23 13:37:24,480 - INFO - ================================================================== Fold 1 ===================================================================
2023-11-23 13:37:44,994 - INFO - Epoch 1  : Training Loss: 8.4193449020, Validation Loss: 8.2740211487, Training R-squared: 0.0381366387, Validation R-squared: 0.0529134199
2023-11-23 13:37:59,256 - INFO - Epoch 2  : Training Loss: 8.1851320267, Validation Loss: 7.9886240959, Training R-squared: 0.0933226645, Validation R-squared: 0.1164448187
2023-11-23 13:38:12,614 - INFO - Epoch 3  : Training Loss: 7.8667674065, Validation Loss: 7.5085053444, Training R-squared: 0.1612718850, Validation R-squared: 0.2191745341
2023-11-23 13:38:25,599 - INFO - Epoch 4  : Training Loss: 7.4978842735, Validation Loss: 7.3606653214, Training R-squared: 0.2393097728, Validation R-squared: 0.2501141131
2023-11-23 13:38:38,809 - INFO - Epoch 5  : Training Loss: 7.4047875404, Validation Loss: 7.3244218826, Training R-squared: 0.2568485141, Validation R-squared: 0.2570553422
2023-11-23 13:38:51,606 - INFO - Epoch 6  : Training Loss: 7.3621969223, Validation Loss: 7.2984194756, Training R-squared: 0.2670311332, Validation R-squared: 0.2624892294
2023-11-23 13:39:04,468 - INFO - Epoch 7  : Training Loss: 7.2964720726, Validation Loss: 7.2649965286, Training R-squared: 0.2783553302, Validation R-squared: 0.2690227032
2023-11-23 13:39:17,946 - INFO - Epoch 8  : Training Loss: 7.2602448463, Validation Loss: 7.2411494255, Training R-squared: 0.2852918804, Validation R-squared: 0.2738141418
2023-11-23 13:39:30,507 - INFO - Epoch 9  : Training Loss: 7.2004861832, Validation Loss: 7.2256784439, Training R-squared: 0.2971607149, Validation R-squared: 0.2769262195
2023-11-23 13:39:43,244 - INFO - Epoch 10 : Training Loss: 7.1749839783, Validation Loss: 7.2092094421, Training R-squared: 0.3025404811, Validation R-squared: 0.2801197469
2023-11-23 13:39:55,847 - INFO - Epoch 11 : Training Loss: 7.1341681480, Validation Loss: 7.1891393661, Training R-squared: 0.3104252815, Validation R-squared: 0.2844103575
2023-11-23 13:40:08,805 - INFO - Epoch 12 : Training Loss: 7.1003255844, Validation Loss: 7.1721477509, Training R-squared: 0.3164394498, Validation R-squared: 0.2878213227
2023-11-23 13:40:21,625 - INFO - Epoch 13 : Training Loss: 7.0672655106, Validation Loss: 7.1522130966, Training R-squared: 0.3238056302, Validation R-squared: 0.2916198373
2023-11-23 13:40:34,311 - INFO - Epoch 14 : Training Loss: 7.0199418068, Validation Loss: 7.1183352470, Training R-squared: 0.3318403661, Validation R-squared: 0.2986726761
2023-11-23 13:40:46,876 - INFO - Epoch 15 : Training Loss: 6.9697628021, Validation Loss: 7.0801935196, Training R-squared: 0.3406184614, Validation R-squared: 0.3061135113
2023-11-23 13:40:59,730 - INFO - Epoch 16 : Training Loss: 6.9128479958, Validation Loss: 7.0453624725, Training R-squared: 0.3513273299, Validation R-squared: 0.3127060831
2023-11-23 13:41:12,182 - INFO - Epoch 17 : Training Loss: 6.8773822784, Validation Loss: 7.0177412033, Training R-squared: 0.3578263819, Validation R-squared: 0.3182991445
2023-11-23 13:41:25,655 - INFO - Epoch 18 : Training Loss: 6.8315138817, Validation Loss: 7.0027885437, Training R-squared: 0.3682127893, Validation R-squared: 0.3210965395
2023-11-23 13:41:38,741 - INFO - Epoch 19 : Training Loss: 6.7962388992, Validation Loss: 6.9790906906, Training R-squared: 0.3734612167, Validation R-squared: 0.3254230022
2023-11-23 13:41:51,186 - INFO - Epoch 20 : Training Loss: 6.7612943649, Validation Loss: 6.9705123901, Training R-squared: 0.3794162869, Validation R-squared: 0.3272789121
2023-11-23 13:42:04,117 - INFO - Epoch 21 : Training Loss: 6.7277016640, Validation Loss: 6.9556775093, Training R-squared: 0.3856512606, Validation R-squared: 0.3297833800
2023-11-23 13:42:16,950 - INFO - Epoch 22 : Training Loss: 6.7092809677, Validation Loss: 6.9643936157, Training R-squared: 0.3887201548, Validation R-squared: 0.3275863528
2023-11-23 13:42:29,738 - INFO - Epoch 23 : Training Loss: 6.6892061234, Validation Loss: 6.9504709244, Training R-squared: 0.3922250867, Validation R-squared: 0.3305474520
2023-11-23 13:42:42,393 - INFO - Epoch 24 : Training Loss: 6.6649012566, Validation Loss: 6.9388232231, Training R-squared: 0.3976096511, Validation R-squared: 0.3326496184
2023-11-23 13:42:55,206 - INFO - Epoch 25 : Training Loss: 6.6435446739, Validation Loss: 6.9237370491, Training R-squared: 0.3998462558, Validation R-squared: 0.3359598517
2023-11-23 13:43:07,958 - INFO - Epoch 26 : Training Loss: 6.6176891327, Validation Loss: 6.9380784035, Training R-squared: 0.4052493870, Validation R-squared: 0.3325408399
2023-11-23 13:43:21,027 - INFO - Epoch 27 : Training Loss: 6.5960531235, Validation Loss: 6.9404816628, Training R-squared: 0.4092902839, Validation R-squared: 0.3316813707
2023-11-23 13:43:33,915 - INFO - Epoch 28 : Training Loss: 6.5636548996, Validation Loss: 6.9065437317, Training R-squared: 0.4150184691, Validation R-squared: 0.3384816647
2023-11-23 13:43:46,839 - INFO - Epoch 29 : Training Loss: 6.5424299240, Validation Loss: 6.9060306549, Training R-squared: 0.4185857177, Validation R-squared: 0.3381797969
2023-11-23 13:44:00,441 - INFO - Epoch 30 : Training Loss: 6.5090436935, Validation Loss: 6.9084162712, Training R-squared: 0.4232605398, Validation R-squared: 0.3378690779
2023-11-23 13:44:13,237 - INFO - Epoch 31 : Training Loss: 6.4932508469, Validation Loss: 6.8984394073, Training R-squared: 0.4275562167, Validation R-squared: 0.3396381736
2023-11-23 13:44:26,850 - INFO - Epoch 32 : Training Loss: 6.4730229378, Validation Loss: 6.8841772079, Training R-squared: 0.4316079021, Validation R-squared: 0.3425948322
2023-11-23 13:44:39,703 - INFO - Epoch 33 : Training Loss: 6.4444451332, Validation Loss: 6.8781204224, Training R-squared: 0.4354593456, Validation R-squared: 0.3431902528
2023-11-23 13:44:52,426 - INFO - Epoch 34 : Training Loss: 6.4112792015, Validation Loss: 6.8722753525, Training R-squared: 0.4405238628, Validation R-squared: 0.3443232775
2023-11-23 13:45:05,161 - INFO - Epoch 35 : Training Loss: 6.3967952728, Validation Loss: 6.8322548866, Training R-squared: 0.4438996017, Validation R-squared: 0.3519721627
2023-11-23 13:45:18,013 - INFO - Epoch 36 : Training Loss: 6.3685731888, Validation Loss: 6.8294234276, Training R-squared: 0.4460405409, Validation R-squared: 0.3528522551
2023-11-23 13:45:30,756 - INFO - Epoch 37 : Training Loss: 6.3492751122, Validation Loss: 6.8424878120, Training R-squared: 0.4513160586, Validation R-squared: 0.3496748507
2023-11-23 13:45:43,490 - INFO - Epoch 38 : Training Loss: 6.3259592056, Validation Loss: 6.8335289955, Training R-squared: 0.4550366104, Validation R-squared: 0.3515242338
2023-11-23 13:45:56,205 - INFO - Epoch 39 : Training Loss: 6.3026041985, Validation Loss: 6.8164420128, Training R-squared: 0.4592540860, Validation R-squared: 0.3544827402
2023-11-23 13:46:09,116 - INFO - Epoch 40 : Training Loss: 6.2843818665, Validation Loss: 6.8400087357, Training R-squared: 0.4607140422, Validation R-squared: 0.3497806191
2023-11-23 13:46:22,304 - INFO - Epoch 41 : Training Loss: 6.2649636269, Validation Loss: 6.8121800423, Training R-squared: 0.4659391046, Validation R-squared: 0.3548263311
2023-11-23 13:46:35,066 - INFO - Epoch 42 : Training Loss: 6.2480573654, Validation Loss: 6.8205313683, Training R-squared: 0.4669961631, Validation R-squared: 0.3530394435
2023-11-23 13:46:47,625 - INFO - Epoch 43 : Training Loss: 6.2398881912, Validation Loss: 6.8238987923, Training R-squared: 0.4684134424, Validation R-squared: 0.3525248766
2023-11-23 13:47:00,508 - INFO - Epoch 44 : Training Loss: 6.2160224915, Validation Loss: 6.8097100258, Training R-squared: 0.4725631177, Validation R-squared: 0.3549783528
2023-11-23 13:47:13,282 - INFO - Epoch 45 : Training Loss: 6.2095394135, Validation Loss: 6.7939815521, Training R-squared: 0.4730455279, Validation R-squared: 0.3576693237
2023-11-23 13:47:26,453 - INFO - Epoch 46 : Training Loss: 6.1861367226, Validation Loss: 6.8019714355, Training R-squared: 0.4773660898, Validation R-squared: 0.3562730849
2023-11-23 13:47:39,320 - INFO - Epoch 47 : Training Loss: 6.1661858559, Validation Loss: 6.8091254234, Training R-squared: 0.4807049632, Validation R-squared: 0.3545145988
2023-11-23 13:47:51,960 - INFO - Epoch 48 : Training Loss: 6.1575117111, Validation Loss: 6.8199563026, Training R-squared: 0.4817506373, Validation R-squared: 0.3523001671
2023-11-23 13:48:04,782 - INFO - Epoch 49 : Training Loss: 6.1436581612, Validation Loss: 6.7988324165, Training R-squared: 0.4847119749, Validation R-squared: 0.3565304577
2023-11-23 13:48:17,733 - INFO - Epoch 50 : Training Loss: 6.1374125481, Validation Loss: 6.7759566307, Training R-squared: 0.4868385196, Validation R-squared: 0.3608978093
2023-11-23 13:48:30,631 - INFO - Epoch 51 : Training Loss: 6.1169795990, Validation Loss: 6.7979049683, Training R-squared: 0.4888645709, Validation R-squared: 0.3567259014
2023-11-23 13:48:43,197 - INFO - Epoch 52 : Training Loss: 6.0953159332, Validation Loss: 6.8628163338, Training R-squared: 0.4914848506, Validation R-squared: 0.3433738351
2023-11-23 13:48:56,087 - INFO - Epoch 53 : Training Loss: 6.0901341438, Validation Loss: 6.7827115059, Training R-squared: 0.4925209582, Validation R-squared: 0.3594297469
2023-11-23 13:49:09,106 - INFO - Epoch 54 : Training Loss: 6.0725150108, Validation Loss: 6.7819099426, Training R-squared: 0.4944479764, Validation R-squared: 0.3591047227
2023-11-23 13:49:22,038 - INFO - Epoch 55 : Training Loss: 6.0727510452, Validation Loss: 6.7788548470, Training R-squared: 0.4960061610, Validation R-squared: 0.3597911000
2023-11-23 13:49:38,838 - INFO - Model saved to models/portion_model/lunch/512_512_200_64/sparsity_45_fold_1_model.keras
2023-11-23 13:49:45,610 - INFO - Avg Metrics: RMSE: 5.5615594256, R-squared: -1.5882416423, PCC: 0.5327422887
2023-11-23 13:49:45,610 - INFO - Agg Metrics: RMSE: 6.8433753211, R-squared: 0.3621195393, PCC: 0.6095786848
2023-11-23 13:49:52,486 - INFO - ================================================================== Fold 2 ===================================================================
2023-11-23 13:50:12,243 - INFO - Epoch 1  : Training Loss: 8.4297866821, Validation Loss: 8.2761573792, Training R-squared: 0.0386599526, Validation R-squared: 0.0480356105
2023-11-23 13:50:25,733 - INFO - Epoch 2  : Training Loss: 8.2020540237, Validation Loss: 7.9890060425, Training R-squared: 0.0905357227, Validation R-squared: 0.1128115058
2023-11-23 13:50:38,221 - INFO - Epoch 3  : Training Loss: 7.9421930313, Validation Loss: 7.6523814201, Training R-squared: 0.1458814591, Validation R-squared: 0.1856880039
2023-11-23 13:50:50,937 - INFO - Epoch 4  : Training Loss: 7.5675792694, Validation Loss: 7.4231896400, Training R-squared: 0.2258433998, Validation R-squared: 0.2331915796
2023-11-23 13:51:03,594 - INFO - Epoch 5  : Training Loss: 7.4169101715, Validation Loss: 7.3730263710, Training R-squared: 0.2565928400, Validation R-squared: 0.2433729023
2023-11-23 13:51:16,390 - INFO - Epoch 6  : Training Loss: 7.3569817543, Validation Loss: 7.3525810242, Training R-squared: 0.2678272426, Validation R-squared: 0.2479252517
2023-11-23 13:51:29,612 - INFO - Epoch 7  : Training Loss: 7.3135600090, Validation Loss: 7.3268084526, Training R-squared: 0.2759869993, Validation R-squared: 0.2529233694
2023-11-23 13:51:42,056 - INFO - Epoch 8  : Training Loss: 7.2700958252, Validation Loss: 7.3243761063, Training R-squared: 0.2853689492, Validation R-squared: 0.2542211711
2023-11-23 13:51:55,066 - INFO - Epoch 9  : Training Loss: 7.2334737778, Validation Loss: 7.3057422638, Training R-squared: 0.2922483385, Validation R-squared: 0.2580667436
2023-11-23 13:52:07,656 - INFO - Epoch 10 : Training Loss: 7.2030987740, Validation Loss: 7.2758569717, Training R-squared: 0.2972822189, Validation R-squared: 0.2637632787
2023-11-23 13:52:20,791 - INFO - Epoch 11 : Training Loss: 7.1487088203, Validation Loss: 7.2419562340, Training R-squared: 0.3091758490, Validation R-squared: 0.2707558870
2023-11-23 13:52:33,370 - INFO - Epoch 12 : Training Loss: 7.0975933075, Validation Loss: 7.2147755623, Training R-squared: 0.3181733787, Validation R-squared: 0.2765423059
2023-11-23 13:52:46,134 - INFO - Epoch 13 : Training Loss: 7.0618925095, Validation Loss: 7.1937236786, Training R-squared: 0.3246341050, Validation R-squared: 0.2812143266
2023-11-23 13:52:58,863 - INFO - Epoch 14 : Training Loss: 7.0109596252, Validation Loss: 7.1714220047, Training R-squared: 0.3344280124, Validation R-squared: 0.2851550877
2023-11-23 13:53:11,556 - INFO - Epoch 15 : Training Loss: 6.9664382935, Validation Loss: 7.1432857513, Training R-squared: 0.3412248492, Validation R-squared: 0.2910154164
2023-11-23 13:53:25,031 - INFO - Epoch 16 : Training Loss: 6.9316291809, Validation Loss: 7.1269111633, Training R-squared: 0.3485541940, Validation R-squared: 0.2944139540
2023-11-23 13:53:37,572 - INFO - Epoch 17 : Training Loss: 6.9079999924, Validation Loss: 7.1157341003, Training R-squared: 0.3544436097, Validation R-squared: 0.2964988947
2023-11-23 13:53:51,667 - INFO - Epoch 18 : Training Loss: 6.8623194695, Validation Loss: 7.0953855515, Training R-squared: 0.3620444834, Validation R-squared: 0.3006002307
2023-11-23 13:54:05,034 - INFO - Epoch 19 : Training Loss: 6.8282275200, Validation Loss: 7.0790181160, Training R-squared: 0.3681364059, Validation R-squared: 0.3038105369
2023-11-23 13:54:17,798 - INFO - Epoch 20 : Training Loss: 6.7968845367, Validation Loss: 7.0626721382, Training R-squared: 0.3737493157, Validation R-squared: 0.3070478439
2023-11-23 13:54:30,643 - INFO - Epoch 21 : Training Loss: 6.7601528168, Validation Loss: 7.0469851494, Training R-squared: 0.3810751140, Validation R-squared: 0.3100686371
2023-11-23 13:54:43,117 - INFO - Epoch 22 : Training Loss: 6.7396488190, Validation Loss: 7.0550699234, Training R-squared: 0.3851428628, Validation R-squared: 0.3082451224
2023-11-23 13:54:55,924 - INFO - Epoch 23 : Training Loss: 6.7089543343, Validation Loss: 7.0291566849, Training R-squared: 0.3895529807, Validation R-squared: 0.3136368692
2023-11-23 13:55:08,677 - INFO - Epoch 24 : Training Loss: 6.6933779716, Validation Loss: 7.0220093727, Training R-squared: 0.3928807080, Validation R-squared: 0.3146874905
2023-11-23 13:55:22,065 - INFO - Epoch 25 : Training Loss: 6.6570043564, Validation Loss: 7.0065317154, Training R-squared: 0.3995822072, Validation R-squared: 0.3178399503
2023-11-23 13:55:35,036 - INFO - Epoch 26 : Training Loss: 6.6250615120, Validation Loss: 6.9990258217, Training R-squared: 0.4042226076, Validation R-squared: 0.3189602792
2023-11-23 13:55:47,476 - INFO - Epoch 27 : Training Loss: 6.6030983925, Validation Loss: 6.9907951355, Training R-squared: 0.4079996943, Validation R-squared: 0.3206894100
2023-11-23 13:56:00,366 - INFO - Epoch 28 : Training Loss: 6.5913715363, Validation Loss: 6.9709405899, Training R-squared: 0.4108267128, Validation R-squared: 0.3245348334
2023-11-23 13:56:12,989 - INFO - Epoch 29 : Training Loss: 6.5692076683, Validation Loss: 6.9672842026, Training R-squared: 0.4138647020, Validation R-squared: 0.3250468075
2023-11-23 13:56:25,983 - INFO - Epoch 30 : Training Loss: 6.5314149857, Validation Loss: 6.9817790985, Training R-squared: 0.4198732972, Validation R-squared: 0.3220506012
2023-11-23 13:56:38,638 - INFO - Epoch 31 : Training Loss: 6.5173707008, Validation Loss: 6.9680013657, Training R-squared: 0.4230041802, Validation R-squared: 0.3248525560
2023-11-23 13:56:51,532 - INFO - Epoch 32 : Training Loss: 6.5067934990, Validation Loss: 6.9877209663, Training R-squared: 0.4243365824, Validation R-squared: 0.3207492530
2023-11-23 13:57:04,214 - INFO - Epoch 33 : Training Loss: 6.4852786064, Validation Loss: 6.9373941422, Training R-squared: 0.4281141758, Validation R-squared: 0.3307642639
2023-11-23 13:57:17,009 - INFO - Epoch 34 : Training Loss: 6.4556059837, Validation Loss: 6.9517374039, Training R-squared: 0.4332996905, Validation R-squared: 0.3278512955
2023-11-23 13:57:29,817 - INFO - Epoch 35 : Training Loss: 6.4375162125, Validation Loss: 6.9523162842, Training R-squared: 0.4365705550, Validation R-squared: 0.3278297186
2023-11-23 13:57:42,304 - INFO - Epoch 36 : Training Loss: 6.4213809967, Validation Loss: 6.9426383972, Training R-squared: 0.4387063086, Validation R-squared: 0.3295433223
2023-11-23 13:57:55,263 - INFO - Epoch 37 : Training Loss: 6.4112420082, Validation Loss: 6.9130029678, Training R-squared: 0.4410642385, Validation R-squared: 0.3351620138
2023-11-23 13:58:07,808 - INFO - Epoch 38 : Training Loss: 6.3859958649, Validation Loss: 6.9327816963, Training R-squared: 0.4456604421, Validation R-squared: 0.3314091861
2023-11-23 13:58:20,826 - INFO - Epoch 39 : Training Loss: 6.3697409630, Validation Loss: 6.8950052261, Training R-squared: 0.4477161169, Validation R-squared: 0.3386671245
2023-11-23 13:58:33,384 - INFO - Epoch 40 : Training Loss: 6.3526992798, Validation Loss: 6.9385223389, Training R-squared: 0.4496908486, Validation R-squared: 0.3298259377
2023-11-23 13:58:46,249 - INFO - Epoch 41 : Training Loss: 6.3356895447, Validation Loss: 6.9237742424, Training R-squared: 0.4539669156, Validation R-squared: 0.3325473368
2023-11-23 13:58:58,908 - INFO - Epoch 42 : Training Loss: 6.3143305779, Validation Loss: 6.9253778458, Training R-squared: 0.4577347934, Validation R-squared: 0.3323139250
2023-11-23 13:59:11,815 - INFO - Epoch 43 : Training Loss: 6.3081531525, Validation Loss: 6.9330525398, Training R-squared: 0.4586406648, Validation R-squared: 0.3306232095
2023-11-23 13:59:24,711 - INFO - Epoch 44 : Training Loss: 6.2870888710, Validation Loss: 6.9207592010, Training R-squared: 0.4612713754, Validation R-squared: 0.3327906728
2023-11-23 13:59:41,399 - INFO - Model saved to models/portion_model/lunch/512_512_200_64/sparsity_45_fold_2_model.keras
2023-11-23 13:59:47,049 - INFO - Avg Metrics: RMSE: 5.6511786131, R-squared: -0.0835629705, PCC: 0.4919361963
2023-11-23 13:59:47,050 - INFO - Agg Metrics: RMSE: 6.9612245635, R-squared: 0.3355843281, PCC: 0.5834287263
2023-11-23 13:59:53,868 - INFO - ================================================================== Fold 3 ===================================================================
2023-11-23 14:00:13,447 - INFO - Epoch 1  : Training Loss: 8.4054384232, Validation Loss: 8.3662319183, Training R-squared: 0.0374921672, Validation R-squared: 0.0494708084
2023-11-23 14:00:26,449 - INFO - Epoch 2  : Training Loss: 8.1980075836, Validation Loss: 8.0675315857, Training R-squared: 0.0860101730, Validation R-squared: 0.1167503893
2023-11-23 14:00:39,180 - INFO - Epoch 3  : Training Loss: 7.8954524994, Validation Loss: 7.6191110611, Training R-squared: 0.1516541094, Validation R-squared: 0.2127669007
2023-11-23 14:00:51,993 - INFO - Epoch 4  : Training Loss: 7.4796080589, Validation Loss: 7.4468393326, Training R-squared: 0.2392974496, Validation R-squared: 0.2481668442
2023-11-23 14:01:04,670 - INFO - Epoch 5  : Training Loss: 7.3873577118, Validation Loss: 7.4163384438, Training R-squared: 0.2578746378, Validation R-squared: 0.2541902363
2023-11-23 14:01:17,811 - INFO - Epoch 6  : Training Loss: 7.3457312584, Validation Loss: 7.3926606178, Training R-squared: 0.2667331100, Validation R-squared: 0.2589118183
2023-11-23 14:01:30,795 - INFO - Epoch 7  : Training Loss: 7.3038077354, Validation Loss: 7.3695893288, Training R-squared: 0.2742374837, Validation R-squared: 0.2632973492
2023-11-23 14:01:43,337 - INFO - Epoch 8  : Training Loss: 7.2644238472, Validation Loss: 7.3542079926, Training R-squared: 0.2820899189, Validation R-squared: 0.2664977312
2023-11-23 14:01:56,258 - INFO - Epoch 9  : Training Loss: 7.2175183296, Validation Loss: 7.3361105919, Training R-squared: 0.2900920510, Validation R-squared: 0.2700757384
2023-11-23 14:02:08,908 - INFO - Epoch 10 : Training Loss: 7.1754860878, Validation Loss: 7.3128371239, Training R-squared: 0.2983642220, Validation R-squared: 0.2745099366
2023-11-23 14:02:22,192 - INFO - Epoch 11 : Training Loss: 7.1456060410, Validation Loss: 7.3032526970, Training R-squared: 0.3053079545, Validation R-squared: 0.2761415541
2023-11-23 14:02:34,873 - INFO - Epoch 12 : Training Loss: 7.1234951019, Validation Loss: 7.2951135635, Training R-squared: 0.3104222119, Validation R-squared: 0.2778226733
2023-11-23 14:02:47,935 - INFO - Epoch 13 : Training Loss: 7.0974068642, Validation Loss: 7.2854862213, Training R-squared: 0.3149501085, Validation R-squared: 0.2800974250
2023-11-23 14:03:00,775 - INFO - Epoch 14 : Training Loss: 7.0597057343, Validation Loss: 7.2736816406, Training R-squared: 0.3208396435, Validation R-squared: 0.2820931375
2023-11-23 14:03:13,184 - INFO - Epoch 15 : Training Loss: 7.0331511497, Validation Loss: 7.2624111176, Training R-squared: 0.3268200159, Validation R-squared: 0.2844003439
2023-11-23 14:03:26,224 - INFO - Epoch 16 : Training Loss: 6.9884924889, Validation Loss: 7.2422370911, Training R-squared: 0.3344064653, Validation R-squared: 0.2888971269
2023-11-23 14:03:38,798 - INFO - Epoch 17 : Training Loss: 6.9495072365, Validation Loss: 7.2272782326, Training R-squared: 0.3420778215, Validation R-squared: 0.2914924920
2023-11-23 14:03:52,407 - INFO - Epoch 18 : Training Loss: 6.9095273018, Validation Loss: 7.1925196648, Training R-squared: 0.3499861062, Validation R-squared: 0.2981963158
2023-11-23 14:04:05,577 - INFO - Epoch 19 : Training Loss: 6.8812294006, Validation Loss: 7.1742744446, Training R-squared: 0.3562994301, Validation R-squared: 0.3017830849
2023-11-23 14:04:18,599 - INFO - Epoch 20 : Training Loss: 6.8325772285, Validation Loss: 7.1448497772, Training R-squared: 0.3635384738, Validation R-squared: 0.3076327145
2023-11-23 14:04:31,432 - INFO - Epoch 21 : Training Loss: 6.8013200760, Validation Loss: 7.1226148605, Training R-squared: 0.3702041209, Validation R-squared: 0.3119367659
2023-11-23 14:04:44,021 - INFO - Epoch 22 : Training Loss: 6.7654075623, Validation Loss: 7.0998725891, Training R-squared: 0.3767048120, Validation R-squared: 0.3163730502
2023-11-23 14:04:56,894 - INFO - Epoch 23 : Training Loss: 6.7313289642, Validation Loss: 7.0819134712, Training R-squared: 0.3834905624, Validation R-squared: 0.3196428418
2023-11-23 14:05:09,474 - INFO - Epoch 24 : Training Loss: 6.6949758530, Validation Loss: 7.0662360191, Training R-squared: 0.3883419931, Validation R-squared: 0.3226089478
2023-11-23 14:05:22,967 - INFO - Epoch 25 : Training Loss: 6.6637821198, Validation Loss: 7.0632939339, Training R-squared: 0.3947155476, Validation R-squared: 0.3230060935
2023-11-23 14:05:35,919 - INFO - Epoch 26 : Training Loss: 6.6373682022, Validation Loss: 7.0531206131, Training R-squared: 0.3995401561, Validation R-squared: 0.3249291778
2023-11-23 14:05:48,520 - INFO - Epoch 27 : Training Loss: 6.6077594757, Validation Loss: 7.0239934921, Training R-squared: 0.4044170976, Validation R-squared: 0.3305915594
2023-11-23 14:06:01,483 - INFO - Epoch 28 : Training Loss: 6.5839390755, Validation Loss: 7.0100488663, Training R-squared: 0.4087471068, Validation R-squared: 0.3334358335
2023-11-23 14:06:14,141 - INFO - Epoch 29 : Training Loss: 6.5589323044, Validation Loss: 6.9988627434, Training R-squared: 0.4137597382, Validation R-squared: 0.3355424702
2023-11-23 14:06:27,093 - INFO - Epoch 30 : Training Loss: 6.5360951424, Validation Loss: 7.0171499252, Training R-squared: 0.4174468219, Validation R-squared: 0.3318565786
2023-11-23 14:06:39,719 - INFO - Epoch 31 : Training Loss: 6.5046896935, Validation Loss: 6.9793324471, Training R-squared: 0.4223336577, Validation R-squared: 0.3391458094
2023-11-23 14:06:52,549 - INFO - Epoch 32 : Training Loss: 6.4817180634, Validation Loss: 6.9687228203, Training R-squared: 0.4264087677, Validation R-squared: 0.3412021995
2023-11-23 14:07:05,299 - INFO - Epoch 33 : Training Loss: 6.4631910324, Validation Loss: 6.9643645287, Training R-squared: 0.4298300445, Validation R-squared: 0.3420200944
2023-11-23 14:07:18,415 - INFO - Epoch 34 : Training Loss: 6.4309506416, Validation Loss: 6.9709153175, Training R-squared: 0.4349686801, Validation R-squared: 0.3407496512
2023-11-23 14:07:31,343 - INFO - Epoch 35 : Training Loss: 6.4177203178, Validation Loss: 6.9650993347, Training R-squared: 0.4381293952, Validation R-squared: 0.3418710828
2023-11-23 14:07:43,877 - INFO - Epoch 36 : Training Loss: 6.3873071671, Validation Loss: 6.9648084641, Training R-squared: 0.4423254430, Validation R-squared: 0.3418461978
2023-11-23 14:07:56,747 - INFO - Epoch 37 : Training Loss: 6.3774304390, Validation Loss: 6.9398679733, Training R-squared: 0.4439190626, Validation R-squared: 0.3466796577
2023-11-23 14:08:09,406 - INFO - Epoch 38 : Training Loss: 6.3558936119, Validation Loss: 6.9450745583, Training R-squared: 0.4482905865, Validation R-squared: 0.3455672860
2023-11-23 14:08:22,617 - INFO - Epoch 39 : Training Loss: 6.3411960602, Validation Loss: 6.9629569054, Training R-squared: 0.4504740834, Validation R-squared: 0.3421387076
2023-11-23 14:08:35,175 - INFO - Epoch 40 : Training Loss: 6.3260211945, Validation Loss: 6.9236197472, Training R-squared: 0.4516954422, Validation R-squared: 0.3495797813
2023-11-23 14:08:48,111 - INFO - Epoch 41 : Training Loss: 6.3091897964, Validation Loss: 6.9345636368, Training R-squared: 0.4563879669, Validation R-squared: 0.3473315835
2023-11-23 14:09:00,929 - INFO - Epoch 42 : Training Loss: 6.2788228989, Validation Loss: 6.8953967094, Training R-squared: 0.4599456489, Validation R-squared: 0.3551270366
2023-11-23 14:09:13,597 - INFO - Epoch 43 : Training Loss: 6.2657551765, Validation Loss: 6.8970265388, Training R-squared: 0.4634357691, Validation R-squared: 0.3546860516
2023-11-23 14:09:26,731 - INFO - Epoch 44 : Training Loss: 6.2566947937, Validation Loss: 6.9285817146, Training R-squared: 0.4635923803, Validation R-squared: 0.3485107124
2023-11-23 14:09:39,356 - INFO - Epoch 45 : Training Loss: 6.2357048988, Validation Loss: 6.9235720634, Training R-squared: 0.4675408006, Validation R-squared: 0.3495542705
2023-11-23 14:09:52,423 - INFO - Epoch 46 : Training Loss: 6.2157349586, Validation Loss: 6.9213299751, Training R-squared: 0.4697953165, Validation R-squared: 0.3499553502
2023-11-23 14:10:04,983 - INFO - Epoch 47 : Training Loss: 6.2126560211, Validation Loss: 6.9081206322, Training R-squared: 0.4718390405, Validation R-squared: 0.3521683812
2023-11-23 14:10:21,534 - INFO - Model saved to models/portion_model/lunch/512_512_200_64/sparsity_45_fold_3_model.keras
2023-11-23 14:10:28,854 - INFO - Avg Metrics: RMSE: 5.6251238924, R-squared: -0.1917425088, PCC: 0.5044289467
2023-11-23 14:10:28,854 - INFO - Agg Metrics: RMSE: 6.9690072646, R-squared: 0.3490183090, PCC: 0.5925778246
2023-11-23 14:10:36,577 - INFO - ================================================================== Fold 4 ===================================================================
2023-11-23 14:10:56,713 - INFO - Epoch 1  : Training Loss: 8.3965559006, Validation Loss: 8.3881549835, Training R-squared: 0.0382302068, Validation R-squared: 0.0511918515
2023-11-23 14:11:09,607 - INFO - Epoch 2  : Training Loss: 8.1571598053, Validation Loss: 8.0943889618, Training R-squared: 0.0927091017, Validation R-squared: 0.1173010096
2023-11-23 14:11:22,849 - INFO - Epoch 3  : Training Loss: 7.8243827820, Validation Loss: 7.6324386597, Training R-squared: 0.1651720703, Validation R-squared: 0.2162518203
2023-11-23 14:11:35,403 - INFO - Epoch 4  : Training Loss: 7.4461607933, Validation Loss: 7.4926505089, Training R-squared: 0.2434387654, Validation R-squared: 0.2443325967
2023-11-23 14:11:48,170 - INFO - Epoch 5  : Training Loss: 7.3613028526, Validation Loss: 7.4796876907, Training R-squared: 0.2611906826, Validation R-squared: 0.2467280328
2023-11-23 14:12:00,963 - INFO - Epoch 6  : Training Loss: 7.3175964355, Validation Loss: 7.4686079025, Training R-squared: 0.2696229517, Validation R-squared: 0.2490139902
2023-11-23 14:12:13,814 - INFO - Epoch 7  : Training Loss: 7.2752962112, Validation Loss: 7.4432215691, Training R-squared: 0.2777284980, Validation R-squared: 0.2543519437
2023-11-23 14:12:26,905 - INFO - Epoch 8  : Training Loss: 7.2338576317, Validation Loss: 7.4272112846, Training R-squared: 0.2865235507, Validation R-squared: 0.2573548257
2023-11-23 14:12:39,536 - INFO - Epoch 9  : Training Loss: 7.1846032143, Validation Loss: 7.4205846786, Training R-squared: 0.2954993844, Validation R-squared: 0.2586013973
2023-11-23 14:12:52,601 - INFO - Epoch 10 : Training Loss: 7.1458592415, Validation Loss: 7.3874559402, Training R-squared: 0.3031582534, Validation R-squared: 0.2651246190
2023-11-23 14:13:05,269 - INFO - Epoch 11 : Training Loss: 7.0969080925, Validation Loss: 7.3615365028, Training R-squared: 0.3122433424, Validation R-squared: 0.2710614204
2023-11-23 14:13:18,294 - INFO - Epoch 12 : Training Loss: 7.0389661789, Validation Loss: 7.3204164505, Training R-squared: 0.3231766522, Validation R-squared: 0.2788856924
2023-11-23 14:13:30,936 - INFO - Epoch 13 : Training Loss: 6.9773921967, Validation Loss: 7.3005161285, Training R-squared: 0.3343757987, Validation R-squared: 0.2833519876
2023-11-23 14:13:43,989 - INFO - Epoch 14 : Training Loss: 6.9446854591, Validation Loss: 7.2730240822, Training R-squared: 0.3418425322, Validation R-squared: 0.2883419991
2023-11-23 14:13:57,927 - INFO - Epoch 15 : Training Loss: 6.9003996849, Validation Loss: 7.2582015991, Training R-squared: 0.3498909175, Validation R-squared: 0.2908846438
2023-11-23 14:14:10,562 - INFO - Epoch 16 : Training Loss: 6.8623242378, Validation Loss: 7.2414312363, Training R-squared: 0.3562971056, Validation R-squared: 0.2942821085
2023-11-23 14:14:23,803 - INFO - Epoch 17 : Training Loss: 6.8271861076, Validation Loss: 7.2124447823, Training R-squared: 0.3630395234, Validation R-squared: 0.3004059196
2023-11-23 14:14:36,604 - INFO - Epoch 18 : Training Loss: 6.7861442566, Validation Loss: 7.1961755753, Training R-squared: 0.3698811531, Validation R-squared: 0.3031599522
2023-11-23 14:14:49,184 - INFO - Epoch 19 : Training Loss: 6.7607836723, Validation Loss: 7.1929798126, Training R-squared: 0.3748694062, Validation R-squared: 0.3032374382
2023-11-23 14:15:02,083 - INFO - Epoch 20 : Training Loss: 6.7194685936, Validation Loss: 7.1785783768, Training R-squared: 0.3822162449, Validation R-squared: 0.3058754802
2023-11-23 14:15:14,606 - INFO - Epoch 21 : Training Loss: 6.6919126511, Validation Loss: 7.1500453949, Training R-squared: 0.3869915605, Validation R-squared: 0.3119999170
2023-11-23 14:15:27,710 - INFO - Epoch 22 : Training Loss: 6.6643915176, Validation Loss: 7.1430873871, Training R-squared: 0.3914734125, Validation R-squared: 0.3131473064
2023-11-23 14:15:40,403 - INFO - Epoch 23 : Training Loss: 6.6382303238, Validation Loss: 7.1380920410, Training R-squared: 0.3976563513, Validation R-squared: 0.3139194250
2023-11-23 14:15:53,361 - INFO - Epoch 24 : Training Loss: 6.6043076515, Validation Loss: 7.1383900642, Training R-squared: 0.4022527337, Validation R-squared: 0.3138638735
2023-11-23 14:16:05,966 - INFO - Epoch 25 : Training Loss: 6.5722184181, Validation Loss: 7.1107573509, Training R-squared: 0.4083104134, Validation R-squared: 0.3190912306
2023-11-23 14:16:19,225 - INFO - Epoch 26 : Training Loss: 6.5431909561, Validation Loss: 7.0953836441, Training R-squared: 0.4125241041, Validation R-squared: 0.3220455050
2023-11-23 14:16:32,639 - INFO - Epoch 27 : Training Loss: 6.5150074959, Validation Loss: 7.1125874519, Training R-squared: 0.4181439877, Validation R-squared: 0.3183107376
2023-11-23 14:16:45,174 - INFO - Epoch 28 : Training Loss: 6.4855813980, Validation Loss: 7.0817213058, Training R-squared: 0.4238702953, Validation R-squared: 0.3248228729
2023-11-23 14:16:58,029 - INFO - Epoch 29 : Training Loss: 6.4588217735, Validation Loss: 7.0718674660, Training R-squared: 0.4284114540, Validation R-squared: 0.3265363276
2023-11-23 14:17:10,657 - INFO - Epoch 30 : Training Loss: 6.4333548546, Validation Loss: 7.0609793663, Training R-squared: 0.4321327806, Validation R-squared: 0.3283850253
2023-11-23 14:17:23,857 - INFO - Epoch 31 : Training Loss: 6.4176039696, Validation Loss: 7.0656480789, Training R-squared: 0.4359790683, Validation R-squared: 0.3272443414
2023-11-23 14:17:36,512 - INFO - Epoch 32 : Training Loss: 6.3941960335, Validation Loss: 7.0806808472, Training R-squared: 0.4386363626, Validation R-squared: 0.3242033422
2023-11-23 14:17:49,236 - INFO - Epoch 33 : Training Loss: 6.3769011497, Validation Loss: 7.0851273537, Training R-squared: 0.4422395527, Validation R-squared: 0.3230775595
2023-11-23 14:18:02,235 - INFO - Epoch 34 : Training Loss: 6.3551278114, Validation Loss: 7.0540556908, Training R-squared: 0.4457264245, Validation R-squared: 0.3294359148
2023-11-23 14:18:14,888 - INFO - Epoch 35 : Training Loss: 6.3442506790, Validation Loss: 7.0458669662, Training R-squared: 0.4468684793, Validation R-squared: 0.3310720623
2023-11-23 14:18:27,887 - INFO - Epoch 36 : Training Loss: 6.3295412064, Validation Loss: 7.0178532600, Training R-squared: 0.4501388967, Validation R-squared: 0.3367268443
2023-11-23 14:18:40,400 - INFO - Epoch 37 : Training Loss: 6.3069067001, Validation Loss: 7.0499401093, Training R-squared: 0.4533095360, Validation R-squared: 0.3301207423
2023-11-23 14:18:53,403 - INFO - Epoch 38 : Training Loss: 6.2925682068, Validation Loss: 7.0617890358, Training R-squared: 0.4553292394, Validation R-squared: 0.3274194002
2023-11-23 14:19:05,978 - INFO - Epoch 39 : Training Loss: 6.2859573364, Validation Loss: 7.0899405479, Training R-squared: 0.4567872286, Validation R-squared: 0.3214390278
2023-11-23 14:19:19,107 - INFO - Epoch 40 : Training Loss: 6.2658891678, Validation Loss: 7.0477099419, Training R-squared: 0.4603839517, Validation R-squared: 0.3303546607
2023-11-23 14:19:31,925 - INFO - Epoch 41 : Training Loss: 6.2520313263, Validation Loss: 7.0573940277, Training R-squared: 0.4629116058, Validation R-squared: 0.3283608854
2023-11-23 14:19:48,427 - INFO - Model saved to models/portion_model/lunch/512_512_200_64/sparsity_45_fold_4_model.keras
2023-11-23 14:19:55,233 - INFO - Avg Metrics: RMSE: 5.6278350436, R-squared: -0.4919416815, PCC: 0.4912806270
2023-11-23 14:19:55,233 - INFO - Agg Metrics: RMSE: 7.1766547669, R-squared: 0.3247037439, PCC: 0.5723082215
2023-11-23 14:20:02,290 - INFO - ================================================================== Fold 5 ===================================================================
2023-11-23 14:20:21,721 - INFO - Epoch 1  : Training Loss: 8.3791561127, Validation Loss: 8.4641265869, Training R-squared: 0.0387750939, Validation R-squared: 0.0475822501
2023-11-23 14:20:34,329 - INFO - Epoch 2  : Training Loss: 8.1607217789, Validation Loss: 8.1830472946, Training R-squared: 0.0886208192, Validation R-squared: 0.1109017357
2023-11-23 14:20:46,981 - INFO - Epoch 3  : Training Loss: 7.8947615623, Validation Loss: 7.7801556587, Training R-squared: 0.1465700269, Validation R-squared: 0.1966412067
2023-11-23 14:20:59,793 - INFO - Epoch 4  : Training Loss: 7.4809451103, Validation Loss: 7.5751943588, Training R-squared: 0.2344824672, Validation R-squared: 0.2376783341
2023-11-23 14:21:12,543 - INFO - Epoch 5  : Training Loss: 7.3664293289, Validation Loss: 7.5473251343, Training R-squared: 0.2573113441, Validation R-squared: 0.2436952740
2023-11-23 14:21:25,592 - INFO - Epoch 6  : Training Loss: 7.3296494484, Validation Loss: 7.5247960091, Training R-squared: 0.2643488646, Validation R-squared: 0.2480110526
2023-11-23 14:21:38,441 - INFO - Epoch 7  : Training Loss: 7.2851696014, Validation Loss: 7.5067462921, Training R-squared: 0.2725121677, Validation R-squared: 0.2515771985
2023-11-23 14:21:51,010 - INFO - Epoch 8  : Training Loss: 7.2479767799, Validation Loss: 7.4836401939, Training R-squared: 0.2805538177, Validation R-squared: 0.2555419207
2023-11-23 14:22:03,828 - INFO - Epoch 9  : Training Loss: 7.1958875656, Validation Loss: 7.4580407143, Training R-squared: 0.2898244262, Validation R-squared: 0.2613174617
2023-11-23 14:22:16,430 - INFO - Epoch 10 : Training Loss: 7.1516718864, Validation Loss: 7.4257745743, Training R-squared: 0.2990903854, Validation R-squared: 0.2673999369
2023-11-23 14:22:29,549 - INFO - Epoch 11 : Training Loss: 7.0985488892, Validation Loss: 7.3977398872, Training R-squared: 0.3103631735, Validation R-squared: 0.2724380195
2023-11-23 14:22:42,285 - INFO - Epoch 12 : Training Loss: 7.0451450348, Validation Loss: 7.3533883095, Training R-squared: 0.3191963136, Validation R-squared: 0.2815559804
2023-11-23 14:22:54,896 - INFO - Epoch 13 : Training Loss: 6.9962553978, Validation Loss: 7.3391518593, Training R-squared: 0.3303906620, Validation R-squared: 0.2839823961
2023-11-23 14:23:07,854 - INFO - Epoch 14 : Training Loss: 6.9567346573, Validation Loss: 7.3233075142, Training R-squared: 0.3372253478, Validation R-squared: 0.2875321805
2023-11-23 14:23:20,647 - INFO - Epoch 15 : Training Loss: 6.9345650673, Validation Loss: 7.3202800751, Training R-squared: 0.3402480781, Validation R-squared: 0.2875095010
2023-11-23 14:23:33,560 - INFO - Epoch 16 : Training Loss: 6.9046559334, Validation Loss: 7.3074150085, Training R-squared: 0.3472698331, Validation R-squared: 0.2905033529
2023-11-23 14:23:46,793 - INFO - Epoch 17 : Training Loss: 6.8777532578, Validation Loss: 7.2986660004, Training R-squared: 0.3506574631, Validation R-squared: 0.2921182513
2023-11-23 14:24:00,909 - INFO - Epoch 18 : Training Loss: 6.8554039001, Validation Loss: 7.2857737541, Training R-squared: 0.3553998172, Validation R-squared: 0.2946424782
2023-11-23 14:24:13,751 - INFO - Epoch 19 : Training Loss: 6.8182220459, Validation Loss: 7.2821903229, Training R-squared: 0.3619721830, Validation R-squared: 0.2946768999
2023-11-23 14:24:27,383 - INFO - Epoch 20 : Training Loss: 6.7826743126, Validation Loss: 7.2688660622, Training R-squared: 0.3682827950, Validation R-squared: 0.2971662581
2023-11-23 14:24:39,913 - INFO - Epoch 21 : Training Loss: 6.7470059395, Validation Loss: 7.2203345299, Training R-squared: 0.3759793043, Validation R-squared: 0.3073975444
2023-11-23 14:24:52,855 - INFO - Epoch 22 : Training Loss: 6.7028431892, Validation Loss: 7.2156748772, Training R-squared: 0.3821265399, Validation R-squared: 0.3078311682
2023-11-23 14:25:05,376 - INFO - Epoch 23 : Training Loss: 6.6831746101, Validation Loss: 7.2011280060, Training R-squared: 0.3866150081, Validation R-squared: 0.3101485670
2023-11-23 14:25:18,520 - INFO - Epoch 24 : Training Loss: 6.6585679054, Validation Loss: 7.1783962250, Training R-squared: 0.3906702697, Validation R-squared: 0.3147911429
2023-11-23 14:25:30,110 - INFO - Epoch 25 : Training Loss: 6.6234831810, Validation Loss: 7.1585721970, Training R-squared: 0.3975258172, Validation R-squared: 0.3187209070
2023-11-23 14:25:41,671 - INFO - Epoch 26 : Training Loss: 6.5924892426, Validation Loss: 7.1477832794, Training R-squared: 0.4019952118, Validation R-squared: 0.3213565648
2023-11-23 14:25:53,584 - INFO - Epoch 27 : Training Loss: 6.5655527115, Validation Loss: 7.1488695145, Training R-squared: 0.4082494676, Validation R-squared: 0.3206505775
2023-11-23 14:26:05,085 - INFO - Epoch 28 : Training Loss: 6.5510764122, Validation Loss: 7.1101307869, Training R-squared: 0.4099350870, Validation R-squared: 0.3280056715
2023-11-23 14:26:17,169 - INFO - Epoch 29 : Training Loss: 6.5186748505, Validation Loss: 7.1221542358, Training R-squared: 0.4157245457, Validation R-squared: 0.3256258070
2023-11-23 14:26:29,264 - INFO - Epoch 30 : Training Loss: 6.4979877472, Validation Loss: 7.1141948700, Training R-squared: 0.4184131026, Validation R-squared: 0.3268387616
2023-11-23 14:26:40,956 - INFO - Epoch 31 : Training Loss: 6.4722461700, Validation Loss: 7.0945162773, Training R-squared: 0.4231836498, Validation R-squared: 0.3302979767
2023-11-23 14:26:52,951 - INFO - Epoch 32 : Training Loss: 6.4479751587, Validation Loss: 7.0858798027, Training R-squared: 0.4265026450, Validation R-squared: 0.3321629465
2023-11-23 14:27:04,605 - INFO - Epoch 33 : Training Loss: 6.4323997498, Validation Loss: 7.0699491501, Training R-squared: 0.4305744469, Validation R-squared: 0.3352172971
2023-11-23 14:27:16,282 - INFO - Epoch 34 : Training Loss: 6.4155769348, Validation Loss: 7.0734114647, Training R-squared: 0.4326434433, Validation R-squared: 0.3341810107
2023-11-23 14:27:28,453 - INFO - Epoch 35 : Training Loss: 6.3960909843, Validation Loss: 7.0685710907, Training R-squared: 0.4369329512, Validation R-squared: 0.3351531625
2023-11-23 14:27:39,963 - INFO - Epoch 36 : Training Loss: 6.3712139130, Validation Loss: 7.0474290848, Training R-squared: 0.4418668151, Validation R-squared: 0.3388577402
2023-11-23 14:27:51,747 - INFO - Epoch 37 : Training Loss: 6.3492693901, Validation Loss: 7.0829505920, Training R-squared: 0.4440333843, Validation R-squared: 0.3315462172
2023-11-23 14:28:03,629 - INFO - Epoch 38 : Training Loss: 6.3456878662, Validation Loss: 7.0395045280, Training R-squared: 0.4446556866, Validation R-squared: 0.3404752314
2023-11-23 14:28:15,129 - INFO - Epoch 39 : Training Loss: 6.3211073875, Validation Loss: 7.0979323387, Training R-squared: 0.4501844049, Validation R-squared: 0.3284028172
2023-11-23 14:28:27,143 - INFO - Epoch 40 : Training Loss: 6.3146924973, Validation Loss: 7.0638060570, Training R-squared: 0.4495630860, Validation R-squared: 0.3345031440
2023-11-23 14:28:38,923 - INFO - Epoch 41 : Training Loss: 6.2905073166, Validation Loss: 7.0342831612, Training R-squared: 0.4544009268, Validation R-squared: 0.3408004940
2023-11-23 14:28:50,571 - INFO - Epoch 42 : Training Loss: 6.2784876823, Validation Loss: 7.0449275970, Training R-squared: 0.4549856186, Validation R-squared: 0.3379198015
2023-11-23 14:29:02,476 - INFO - Epoch 43 : Training Loss: 6.2622752190, Validation Loss: 7.0171408653, Training R-squared: 0.4587208033, Validation R-squared: 0.3435991406
2023-11-23 14:29:14,490 - INFO - Epoch 44 : Training Loss: 6.2477478981, Validation Loss: 7.0160212517, Training R-squared: 0.4631089270, Validation R-squared: 0.3439220488
2023-11-23 14:29:26,376 - INFO - Epoch 45 : Training Loss: 6.2369976044, Validation Loss: 7.0722546577, Training R-squared: 0.4626043439, Validation R-squared: 0.3317469954
2023-11-23 14:29:38,138 - INFO - Epoch 46 : Training Loss: 6.2131438255, Validation Loss: 7.0162472725, Training R-squared: 0.4677304924, Validation R-squared: 0.3438299596
2023-11-23 14:29:49,744 - INFO - Epoch 47 : Training Loss: 6.2006883621, Validation Loss: 7.0035247803, Training R-squared: 0.4699742794, Validation R-squared: 0.3457716107
2023-11-23 14:30:01,523 - INFO - Epoch 48 : Training Loss: 6.1878609657, Validation Loss: 7.0438137054, Training R-squared: 0.4717729688, Validation R-squared: 0.3372619450
2023-11-23 14:30:13,280 - INFO - Epoch 49 : Training Loss: 6.1704368591, Validation Loss: 7.0470347404, Training R-squared: 0.4745403528, Validation R-squared: 0.3361662328
2023-11-23 14:30:25,536 - INFO - Epoch 50 : Training Loss: 6.1538691521, Validation Loss: 7.0198612213, Training R-squared: 0.4760483503, Validation R-squared: 0.3422423601
2023-11-23 14:30:37,944 - INFO - Epoch 51 : Training Loss: 6.1362690926, Validation Loss: 7.0269842148, Training R-squared: 0.4796696901, Validation R-squared: 0.3398064375
2023-11-23 14:30:49,646 - INFO - Epoch 52 : Training Loss: 6.1343779564, Validation Loss: 6.9857382774, Training R-squared: 0.4813483655, Validation R-squared: 0.3486346900
2023-11-23 14:31:01,521 - INFO - Epoch 53 : Training Loss: 6.1217036247, Validation Loss: 7.0559659004, Training R-squared: 0.4819209278, Validation R-squared: 0.3334510922
2023-11-23 14:31:13,344 - INFO - Epoch 54 : Training Loss: 6.1061472893, Validation Loss: 7.0383057594, Training R-squared: 0.4845645726, Validation R-squared: 0.3372318447
2023-11-23 14:31:25,156 - INFO - Epoch 55 : Training Loss: 6.0912013054, Validation Loss: 6.9802265167, Training R-squared: 0.4866414368, Validation R-squared: 0.3486606181
2023-11-23 14:31:36,747 - INFO - Epoch 56 : Training Loss: 6.0813403130, Validation Loss: 7.0231871605, Training R-squared: 0.4902901947, Validation R-squared: 0.3401024938
2023-11-23 14:31:48,577 - INFO - Epoch 57 : Training Loss: 6.0637073517, Validation Loss: 7.0131487846, Training R-squared: 0.4917981327, Validation R-squared: 0.3416097760
2023-11-23 14:32:00,302 - INFO - Epoch 58 : Training Loss: 6.0558476448, Validation Loss: 7.0516939163, Training R-squared: 0.4934317172, Validation R-squared: 0.3335701525
2023-11-23 14:32:11,973 - INFO - Epoch 59 : Training Loss: 6.0451498032, Validation Loss: 6.9417395592, Training R-squared: 0.4952327013, Validation R-squared: 0.3562900126
2023-11-23 14:32:24,330 - INFO - Epoch 60 : Training Loss: 6.0293035507, Validation Loss: 7.0269865990, Training R-squared: 0.4965199232, Validation R-squared: 0.3387517333
2023-11-23 14:32:35,909 - INFO - Epoch 61 : Training Loss: 6.0273642540, Validation Loss: 7.0247445107, Training R-squared: 0.4982614517, Validation R-squared: 0.3389581740
2023-11-23 14:32:47,778 - INFO - Epoch 62 : Training Loss: 6.0037260056, Validation Loss: 7.0638875961, Training R-squared: 0.5006321073, Validation R-squared: 0.3312557042
2023-11-23 14:32:59,637 - INFO - Epoch 63 : Training Loss: 5.9977769852, Validation Loss: 7.0600247383, Training R-squared: 0.5018771291, Validation R-squared: 0.3317354620
2023-11-23 14:33:11,349 - INFO - Epoch 64 : Training Loss: 5.9870152473, Validation Loss: 7.0064430237, Training R-squared: 0.5032165647, Validation R-squared: 0.3425977826
2023-11-23 14:33:26,478 - INFO - Model saved to models/portion_model/lunch/512_512_200_64/sparsity_45_fold_5_model.keras
2023-11-23 14:33:32,132 - INFO - Avg Metrics: RMSE: 5.5916549646, R-squared: -1.0458528689, PCC: 0.5277106463
2023-11-23 14:33:32,133 - INFO - Agg Metrics: RMSE: 7.0693921116, R-squared: 0.3509081470, PCC: 0.5981408571
2023-11-23 14:33:45,974 - INFO - ================================================================== Results Summary ===================================================================
2023-11-23 14:33:45,974 - INFO - CrossVal Metrics (Avg.) - RMSE: 5.6114703879 ± 0.0313519328, R2: -0.6802683344 ± 0.0313519328, PCC: 0.5096197410 ± 0.0313519328
2023-11-23 14:33:45,975 - INFO - Testing  Metrics (Avg.) - RMSE: 5.6770359845, R2: -1.3486716938, PCC: 0.5219195527
2023-11-23 14:33:45,975 - INFO - CrossVal Metrics (Agg.) - RMSE: 7.0039308056 ± 0.0313519328, R2: 0.3444668135 ± 0.0313519328, PCC: 0.5912068629 ± 0.0313519328
2023-11-23 14:33:45,975 - INFO - Testing  Metrics (Agg.) - RMSE: 7.0311572252, R2: 0.3308453226, PCC: 0.5871766119
