2023-11-23 01:03:35,564 - INFO - Training model at 0% sparse columns removed...
2023-11-23 01:03:47,432 - INFO - ================================================================== Fold 1 ===================================================================
2023-11-23 01:04:27,804 - INFO - Epoch 1  : Training Loss: 6.2667083740, Validation Loss: 6.2520985603, Training R-squared: 0.0398331732, Validation R-squared: 0.0561857857
2023-11-23 01:04:56,770 - INFO - Epoch 2  : Training Loss: 6.0692496300, Validation Loss: 6.0479745865, Training R-squared: 0.0998072550, Validation R-squared: 0.1170996949
2023-11-23 01:05:25,976 - INFO - Epoch 3  : Training Loss: 5.8850135803, Validation Loss: 5.7629718781, Training R-squared: 0.1528971642, Validation R-squared: 0.1989536136
2023-11-23 01:05:53,707 - INFO - Epoch 4  : Training Loss: 5.6350836754, Validation Loss: 5.6806468964, Training R-squared: 0.2241566628, Validation R-squared: 0.2220997959
2023-11-23 01:06:19,505 - INFO - Epoch 5  : Training Loss: 5.5617589951, Validation Loss: 5.6276693344, Training R-squared: 0.2451830804, Validation R-squared: 0.2367748469
2023-11-23 01:06:46,285 - INFO - Epoch 6  : Training Loss: 5.5107941628, Validation Loss: 5.6070084572, Training R-squared: 0.2584185302, Validation R-squared: 0.2425760180
2023-11-23 01:07:12,093 - INFO - Epoch 7  : Training Loss: 5.4730706215, Validation Loss: 5.6015205383, Training R-squared: 0.2664811611, Validation R-squared: 0.2442000806
2023-11-23 01:07:38,028 - INFO - Epoch 8  : Training Loss: 5.4501271248, Validation Loss: 5.5863604546, Training R-squared: 0.2739884853, Validation R-squared: 0.2482197732
2023-11-23 01:08:04,462 - INFO - Epoch 9  : Training Loss: 5.4277381897, Validation Loss: 5.5741477013, Training R-squared: 0.2792930603, Validation R-squared: 0.2516104281
2023-11-23 01:08:31,724 - INFO - Epoch 10 : Training Loss: 5.4008574486, Validation Loss: 5.5652346611, Training R-squared: 0.2865826786, Validation R-squared: 0.2539542019
2023-11-23 01:08:58,775 - INFO - Epoch 11 : Training Loss: 5.3768210411, Validation Loss: 5.5479087830, Training R-squared: 0.2936044931, Validation R-squared: 0.2587132454
2023-11-23 01:09:24,924 - INFO - Epoch 12 : Training Loss: 5.3433670998, Validation Loss: 5.5374302864, Training R-squared: 0.3004046381, Validation R-squared: 0.2614005208
2023-11-23 01:09:50,192 - INFO - Epoch 13 : Training Loss: 5.3240351677, Validation Loss: 5.5393834114, Training R-squared: 0.3068123758, Validation R-squared: 0.2605491877
2023-11-23 01:10:14,458 - INFO - Epoch 14 : Training Loss: 5.2854156494, Validation Loss: 5.4998340607, Training R-squared: 0.3155642450, Validation R-squared: 0.2716554403
2023-11-23 01:10:40,223 - INFO - Epoch 15 : Training Loss: 5.2554211617, Validation Loss: 5.4748740196, Training R-squared: 0.3230282664, Validation R-squared: 0.2782267630
2023-11-23 01:11:06,766 - INFO - Epoch 16 : Training Loss: 5.2257671356, Validation Loss: 5.4502196312, Training R-squared: 0.3329759836, Validation R-squared: 0.2849716246
2023-11-23 01:11:32,710 - INFO - Epoch 17 : Training Loss: 5.1994280815, Validation Loss: 5.4401650429, Training R-squared: 0.3375604749, Validation R-squared: 0.2877136171
2023-11-23 01:11:57,297 - INFO - Epoch 18 : Training Loss: 5.1737818718, Validation Loss: 5.4303503036, Training R-squared: 0.3442482352, Validation R-squared: 0.2900562584
2023-11-23 01:12:22,081 - INFO - Epoch 19 : Training Loss: 5.1577143669, Validation Loss: 5.4232530594, Training R-squared: 0.3484298885, Validation R-squared: 0.2919425070
2023-11-23 01:12:46,927 - INFO - Epoch 20 : Training Loss: 5.1323513985, Validation Loss: 5.4067130089, Training R-squared: 0.3544987142, Validation R-squared: 0.2964294851
2023-11-23 01:13:11,395 - INFO - Epoch 21 : Training Loss: 5.1162896156, Validation Loss: 5.3895492554, Training R-squared: 0.3588272631, Validation R-squared: 0.3007056415
2023-11-23 01:13:35,671 - INFO - Epoch 22 : Training Loss: 5.0967693329, Validation Loss: 5.3923797607, Training R-squared: 0.3641706109, Validation R-squared: 0.2999310195
2023-11-23 01:14:01,171 - INFO - Epoch 23 : Training Loss: 5.0737457275, Validation Loss: 5.3923721313, Training R-squared: 0.3695759773, Validation R-squared: 0.2993341386
2023-11-23 01:14:25,780 - INFO - Epoch 24 : Training Loss: 5.0577764511, Validation Loss: 5.3605599403, Training R-squared: 0.3732767403, Validation R-squared: 0.3080220819
2023-11-23 01:14:50,162 - INFO - Epoch 25 : Training Loss: 5.0398497581, Validation Loss: 5.3671159744, Training R-squared: 0.3770545721, Validation R-squared: 0.3060471117
2023-11-23 01:15:14,645 - INFO - Epoch 26 : Training Loss: 5.0251841545, Validation Loss: 5.3456244469, Training R-squared: 0.3807311356, Validation R-squared: 0.3118265867
2023-11-23 01:15:41,028 - INFO - Epoch 27 : Training Loss: 5.0021004677, Validation Loss: 5.3464117050, Training R-squared: 0.3867104352, Validation R-squared: 0.3114365935
2023-11-23 01:16:06,579 - INFO - Epoch 28 : Training Loss: 4.9846677780, Validation Loss: 5.3314871788, Training R-squared: 0.3903711736, Validation R-squared: 0.3154115975
2023-11-23 01:16:32,191 - INFO - Epoch 29 : Training Loss: 4.9648938179, Validation Loss: 5.3194618225, Training R-squared: 0.3924041986, Validation R-squared: 0.3186485767
2023-11-23 01:16:57,173 - INFO - Epoch 30 : Training Loss: 4.9493722916, Validation Loss: 5.3046965599, Training R-squared: 0.3992142677, Validation R-squared: 0.3220756948
2023-11-23 01:17:21,993 - INFO - Epoch 31 : Training Loss: 4.9336180687, Validation Loss: 5.3019127846, Training R-squared: 0.4024848640, Validation R-squared: 0.3228024542
2023-11-23 01:17:46,675 - INFO - Epoch 32 : Training Loss: 4.9199175835, Validation Loss: 5.2951426506, Training R-squared: 0.4056849182, Validation R-squared: 0.3245524466
2023-11-23 01:18:11,846 - INFO - Epoch 33 : Training Loss: 4.9106092453, Validation Loss: 5.3021025658, Training R-squared: 0.4094665945, Validation R-squared: 0.3225308657
2023-11-23 01:18:37,540 - INFO - Epoch 34 : Training Loss: 4.8855123520, Validation Loss: 5.2999238968, Training R-squared: 0.4136982262, Validation R-squared: 0.3229384124
2023-11-23 01:19:03,229 - INFO - Epoch 35 : Training Loss: 4.8810753822, Validation Loss: 5.2601966858, Training R-squared: 0.4160984159, Validation R-squared: 0.3335024714
2023-11-23 01:19:28,574 - INFO - Epoch 36 : Training Loss: 4.8622550964, Validation Loss: 5.2909111977, Training R-squared: 0.4186819196, Validation R-squared: 0.3249000907
2023-11-23 01:19:53,980 - INFO - Epoch 37 : Training Loss: 4.8484792709, Validation Loss: 5.2667608261, Training R-squared: 0.4219140410, Validation R-squared: 0.3310928643
2023-11-23 01:20:19,539 - INFO - Epoch 38 : Training Loss: 4.8277249336, Validation Loss: 5.2661004066, Training R-squared: 0.4266254306, Validation R-squared: 0.3309754431
2023-11-23 01:20:45,005 - INFO - Epoch 39 : Training Loss: 4.8096580505, Validation Loss: 5.2605619431, Training R-squared: 0.4304638207, Validation R-squared: 0.3320828974
2023-11-23 01:21:10,414 - INFO - Epoch 40 : Training Loss: 4.7911214828, Validation Loss: 5.2052884102, Training R-squared: 0.4347521961, Validation R-squared: 0.3467940390
2023-11-23 01:21:35,845 - INFO - Epoch 41 : Training Loss: 4.7740497589, Validation Loss: 5.2142424583, Training R-squared: 0.4391790330, Validation R-squared: 0.3441484272
2023-11-23 01:22:00,640 - INFO - Epoch 42 : Training Loss: 4.7679104805, Validation Loss: 5.2081694603, Training R-squared: 0.4413374364, Validation R-squared: 0.3456526995
2023-11-23 01:22:25,950 - INFO - Epoch 43 : Training Loss: 4.7523446083, Validation Loss: 5.1978688240, Training R-squared: 0.4444294572, Validation R-squared: 0.3479801118
2023-11-23 01:22:50,848 - INFO - Epoch 44 : Training Loss: 4.7348351479, Validation Loss: 5.2090291977, Training R-squared: 0.4480979741, Validation R-squared: 0.3448258042
2023-11-23 01:23:16,363 - INFO - Epoch 45 : Training Loss: 4.7236742973, Validation Loss: 5.1879081726, Training R-squared: 0.4514825046, Validation R-squared: 0.3503226936
2023-11-23 01:23:40,437 - INFO - Epoch 46 : Training Loss: 4.7125067711, Validation Loss: 5.1700329781, Training R-squared: 0.4528994858, Validation R-squared: 0.3549602032
2023-11-23 01:24:05,095 - INFO - Epoch 47 : Training Loss: 4.6970577240, Validation Loss: 5.1863894463, Training R-squared: 0.4563747644, Validation R-squared: 0.3503381908
2023-11-23 01:24:30,287 - INFO - Epoch 48 : Training Loss: 4.6942906380, Validation Loss: 5.1662731171, Training R-squared: 0.4565453827, Validation R-squared: 0.3557800651
2023-11-23 01:24:54,270 - INFO - Epoch 49 : Training Loss: 4.6830606461, Validation Loss: 5.1754102707, Training R-squared: 0.4596973062, Validation R-squared: 0.3534213901
2023-11-23 01:25:18,057 - INFO - Epoch 50 : Training Loss: 4.6754875183, Validation Loss: 5.1641964912, Training R-squared: 0.4619593322, Validation R-squared: 0.3561708629
2023-11-23 01:25:40,972 - INFO - Epoch 51 : Training Loss: 4.6624126434, Validation Loss: 5.1692776680, Training R-squared: 0.4633070827, Validation R-squared: 0.3547791243
2023-11-23 01:26:04,049 - INFO - Epoch 52 : Training Loss: 4.6512928009, Validation Loss: 5.2037920952, Training R-squared: 0.4666454494, Validation R-squared: 0.3453021944
2023-11-23 01:26:27,494 - INFO - Epoch 53 : Training Loss: 4.6378927231, Validation Loss: 5.1641964912, Training R-squared: 0.4703459740, Validation R-squared: 0.3556634784
2023-11-23 01:26:53,411 - INFO - Epoch 54 : Training Loss: 4.6363444328, Validation Loss: 5.1470422745, Training R-squared: 0.4703117311, Validation R-squared: 0.3603114784
2023-11-23 01:27:17,885 - INFO - Epoch 55 : Training Loss: 4.6281781197, Validation Loss: 5.1339416504, Training R-squared: 0.4726103246, Validation R-squared: 0.3639459610
2023-11-23 01:27:42,962 - INFO - Epoch 56 : Training Loss: 4.6169295311, Validation Loss: 5.1318006516, Training R-squared: 0.4728434682, Validation R-squared: 0.3642568886
2023-11-23 01:28:09,377 - INFO - Epoch 57 : Training Loss: 4.6057639122, Validation Loss: 5.1486372948, Training R-squared: 0.4756299257, Validation R-squared: 0.3597173989
2023-11-23 01:28:34,614 - INFO - Epoch 58 : Training Loss: 4.5945162773, Validation Loss: 5.1517205238, Training R-squared: 0.4782596827, Validation R-squared: 0.3586140573
2023-11-23 01:29:00,626 - INFO - Epoch 59 : Training Loss: 4.5902185440, Validation Loss: 5.1329884529, Training R-squared: 0.4802508950, Validation R-squared: 0.3637587726
2023-11-23 01:29:27,144 - INFO - Epoch 60 : Training Loss: 4.5756945610, Validation Loss: 5.1341385841, Training R-squared: 0.4830942750, Validation R-squared: 0.3633142114
2023-11-23 01:29:54,697 - INFO - Epoch 61 : Training Loss: 4.5686826706, Validation Loss: 5.1558504105, Training R-squared: 0.4851543009, Validation R-squared: 0.3576028049
2023-11-23 01:30:18,995 - INFO - Model saved to models/portion_model/lunch/512_512_200_64/sparsity_0_fold_1_model.keras
2023-11-23 01:30:25,791 - INFO - Avg Metrics: RMSE: 4.1966750547, R-squared: 0.0235247364, PCC: 0.5014038136
2023-11-23 01:30:25,791 - INFO - Agg Metrics: RMSE: 5.2016645200, R-squared: 0.3570526047, PCC: 0.6000153934
2023-11-23 01:30:32,944 - INFO - ================================================================== Fold 2 ===================================================================
2023-11-23 01:31:10,314 - INFO - Epoch 1  : Training Loss: 6.2924847603, Validation Loss: 6.1458654404, Training R-squared: 0.0394916534, Validation R-squared: 0.0604332127
2023-11-23 01:31:37,269 - INFO - Epoch 2  : Training Loss: 6.0878396034, Validation Loss: 5.9291076660, Training R-squared: 0.1012052149, Validation R-squared: 0.1261455268
2023-11-23 01:32:01,720 - INFO - Epoch 3  : Training Loss: 5.8635749817, Validation Loss: 5.6015143394, Training R-squared: 0.1666886061, Validation R-squared: 0.2198633403
2023-11-23 01:32:26,234 - INFO - Epoch 4  : Training Loss: 5.6155457497, Validation Loss: 5.5027575493, Training R-squared: 0.2351958603, Validation R-squared: 0.2471285313
2023-11-23 01:32:52,148 - INFO - Epoch 5  : Training Loss: 5.5432872772, Validation Loss: 5.4914131165, Training R-squared: 0.2551469505, Validation R-squared: 0.2496513575
2023-11-23 01:33:19,307 - INFO - Epoch 6  : Training Loss: 5.5079751015, Validation Loss: 5.4769620895, Training R-squared: 0.2629017830, Validation R-squared: 0.2539449036
2023-11-23 01:33:45,853 - INFO - Epoch 7  : Training Loss: 5.4827866554, Validation Loss: 5.4679484367, Training R-squared: 0.2704714239, Validation R-squared: 0.2566392422
2023-11-23 01:34:14,002 - INFO - Epoch 8  : Training Loss: 5.4511723518, Validation Loss: 5.4589581490, Training R-squared: 0.2785148025, Validation R-squared: 0.2589652538
2023-11-23 01:34:39,863 - INFO - Epoch 9  : Training Loss: 5.4274067879, Validation Loss: 5.4547295570, Training R-squared: 0.2845856249, Validation R-squared: 0.2597537935
2023-11-23 01:35:10,242 - INFO - Epoch 10 : Training Loss: 5.4100570679, Validation Loss: 5.4422302246, Training R-squared: 0.2891288400, Validation R-squared: 0.2636957467
2023-11-23 01:35:36,689 - INFO - Epoch 11 : Training Loss: 5.3759703636, Validation Loss: 5.4325532913, Training R-squared: 0.2979026735, Validation R-squared: 0.2661637366
2023-11-23 01:36:04,361 - INFO - Epoch 12 : Training Loss: 5.3544192314, Validation Loss: 5.4171028137, Training R-squared: 0.3045140803, Validation R-squared: 0.2704553604
2023-11-23 01:36:29,961 - INFO - Epoch 13 : Training Loss: 5.3205490112, Validation Loss: 5.4036893845, Training R-squared: 0.3116779327, Validation R-squared: 0.2740116715
2023-11-23 01:36:56,547 - INFO - Epoch 14 : Training Loss: 5.2917580605, Validation Loss: 5.3950610161, Training R-squared: 0.3187535703, Validation R-squared: 0.2761682868
2023-11-23 01:37:25,326 - INFO - Epoch 15 : Training Loss: 5.2723741531, Validation Loss: 5.3837552071, Training R-squared: 0.3252279162, Validation R-squared: 0.2795206606
2023-11-23 01:37:52,397 - INFO - Epoch 16 : Training Loss: 5.2449388504, Validation Loss: 5.3647589684, Training R-squared: 0.3316265643, Validation R-squared: 0.2849560678
2023-11-23 01:38:18,776 - INFO - Epoch 17 : Training Loss: 5.2065267563, Validation Loss: 5.3506164551, Training R-squared: 0.3407089710, Validation R-squared: 0.2882202268
2023-11-23 01:38:43,243 - INFO - Epoch 18 : Training Loss: 5.1776475906, Validation Loss: 5.3230404854, Training R-squared: 0.3479184508, Validation R-squared: 0.2956470549
2023-11-23 01:39:09,855 - INFO - Epoch 19 : Training Loss: 5.1385860443, Validation Loss: 5.3141932487, Training R-squared: 0.3570613861, Validation R-squared: 0.2979859710
2023-11-23 01:39:34,662 - INFO - Epoch 20 : Training Loss: 5.1128559113, Validation Loss: 5.3017468452, Training R-squared: 0.3639393747, Validation R-squared: 0.3007863760
2023-11-23 01:40:00,831 - INFO - Epoch 21 : Training Loss: 5.0961108208, Validation Loss: 5.2889189720, Training R-squared: 0.3683471084, Validation R-squared: 0.3043164015
2023-11-23 01:40:24,853 - INFO - Epoch 22 : Training Loss: 5.0736203194, Validation Loss: 5.2634892464, Training R-squared: 0.3733836710, Validation R-squared: 0.3114451170
2023-11-23 01:40:49,381 - INFO - Epoch 23 : Training Loss: 5.0469822884, Validation Loss: 5.2590651512, Training R-squared: 0.3789448440, Validation R-squared: 0.3124350011
2023-11-23 01:41:15,229 - INFO - Epoch 24 : Training Loss: 5.0334835052, Validation Loss: 5.2541642189, Training R-squared: 0.3841140270, Validation R-squared: 0.3134106696
2023-11-23 01:41:40,097 - INFO - Epoch 25 : Training Loss: 5.0150275230, Validation Loss: 5.2495050430, Training R-squared: 0.3880791366, Validation R-squared: 0.3147290647
2023-11-23 01:42:06,742 - INFO - Epoch 26 : Training Loss: 4.9863820076, Validation Loss: 5.2224683762, Training R-squared: 0.3944531083, Validation R-squared: 0.3219864666
2023-11-23 01:42:32,874 - INFO - Epoch 27 : Training Loss: 4.9613399506, Validation Loss: 5.2148928642, Training R-squared: 0.3996410072, Validation R-squared: 0.3239004910
2023-11-23 01:42:57,174 - INFO - Epoch 28 : Training Loss: 4.9411106110, Validation Loss: 5.2030944824, Training R-squared: 0.4048316479, Validation R-squared: 0.3267752230
2023-11-23 01:43:23,349 - INFO - Epoch 29 : Training Loss: 4.9184360504, Validation Loss: 5.2036290169, Training R-squared: 0.4102008641, Validation R-squared: 0.3264050782
2023-11-23 01:43:50,311 - INFO - Epoch 30 : Training Loss: 4.8972172737, Validation Loss: 5.1765956879, Training R-squared: 0.4145908356, Validation R-squared: 0.3336257041
2023-11-23 01:44:15,024 - INFO - Epoch 31 : Training Loss: 4.8843951225, Validation Loss: 5.1958756447, Training R-squared: 0.4185776711, Validation R-squared: 0.3283890188
2023-11-23 01:44:38,491 - INFO - Epoch 32 : Training Loss: 4.8674654961, Validation Loss: 5.1758046150, Training R-squared: 0.4228857756, Validation R-squared: 0.3337704539
2023-11-23 01:45:02,134 - INFO - Epoch 33 : Training Loss: 4.8492760658, Validation Loss: 5.1697702408, Training R-squared: 0.4265396893, Validation R-squared: 0.3353408575
2023-11-23 01:45:27,739 - INFO - Epoch 34 : Training Loss: 4.8303275108, Validation Loss: 5.1651844978, Training R-squared: 0.4305785596, Validation R-squared: 0.3361732960
2023-11-23 01:45:51,977 - INFO - Epoch 35 : Training Loss: 4.8163070679, Validation Loss: 5.1506943703, Training R-squared: 0.4337846637, Validation R-squared: 0.3400869071
2023-11-23 01:46:15,641 - INFO - Epoch 36 : Training Loss: 4.8007063866, Validation Loss: 5.1427211761, Training R-squared: 0.4378907681, Validation R-squared: 0.3422843218
2023-11-23 01:46:39,550 - INFO - Epoch 37 : Training Loss: 4.7914142609, Validation Loss: 5.1471714973, Training R-squared: 0.4402729273, Validation R-squared: 0.3408226073
2023-11-23 01:47:05,753 - INFO - Epoch 38 : Training Loss: 4.7761135101, Validation Loss: 5.1351599693, Training R-squared: 0.4427482188, Validation R-squared: 0.3442578018
2023-11-23 01:47:29,699 - INFO - Epoch 39 : Training Loss: 4.7626867294, Validation Loss: 5.1478524208, Training R-squared: 0.4468323588, Validation R-squared: 0.3405099511
2023-11-23 01:47:53,359 - INFO - Epoch 40 : Training Loss: 4.7517313957, Validation Loss: 5.1221013069, Training R-squared: 0.4494562149, Validation R-squared: 0.3472683430
2023-11-23 01:48:17,039 - INFO - Epoch 41 : Training Loss: 4.7444262505, Validation Loss: 5.1261410713, Training R-squared: 0.4506719708, Validation R-squared: 0.3460132778
2023-11-23 01:48:40,335 - INFO - Epoch 42 : Training Loss: 4.7309064865, Validation Loss: 5.1326165199, Training R-squared: 0.4546069503, Validation R-squared: 0.3444454670
2023-11-23 01:49:02,681 - INFO - Epoch 43 : Training Loss: 4.7140016556, Validation Loss: 5.1216301918, Training R-squared: 0.4579502046, Validation R-squared: 0.3471989036
2023-11-23 01:49:25,642 - INFO - Epoch 44 : Training Loss: 4.7040929794, Validation Loss: 5.1077647209, Training R-squared: 0.4589433372, Validation R-squared: 0.3509962857
2023-11-23 01:49:47,969 - INFO - Epoch 45 : Training Loss: 4.6900262833, Validation Loss: 5.1295828819, Training R-squared: 0.4625813663, Validation R-squared: 0.3450156748
2023-11-23 01:50:10,737 - INFO - Epoch 46 : Training Loss: 4.6821818352, Validation Loss: 5.1160564423, Training R-squared: 0.4647361040, Validation R-squared: 0.3483870625
2023-11-23 01:50:33,337 - INFO - Epoch 47 : Training Loss: 4.6696324348, Validation Loss: 5.1369519234, Training R-squared: 0.4669718444, Validation R-squared: 0.3423376679
2023-11-23 01:50:56,197 - INFO - Epoch 48 : Training Loss: 4.6532273293, Validation Loss: 5.1121649742, Training R-squared: 0.4710488915, Validation R-squared: 0.3494477570
2023-11-23 01:51:19,277 - INFO - Epoch 49 : Training Loss: 4.6466312408, Validation Loss: 5.1004233360, Training R-squared: 0.4725938737, Validation R-squared: 0.3526441753
2023-11-23 01:51:42,021 - INFO - Epoch 50 : Training Loss: 4.6359419823, Validation Loss: 5.1091594696, Training R-squared: 0.4749812186, Validation R-squared: 0.3498889208
2023-11-23 01:52:06,391 - INFO - Epoch 51 : Training Loss: 4.6198978424, Validation Loss: 5.1169114113, Training R-squared: 0.4791977406, Validation R-squared: 0.3477467597
2023-11-23 01:52:29,752 - INFO - Epoch 52 : Training Loss: 4.6081347466, Validation Loss: 5.1142191887, Training R-squared: 0.4812740088, Validation R-squared: 0.3482249379
2023-11-23 01:52:53,919 - INFO - Epoch 53 : Training Loss: 4.6018013954, Validation Loss: 5.1077218056, Training R-squared: 0.4829486310, Validation R-squared: 0.3501571715
2023-11-23 01:53:17,893 - INFO - Epoch 54 : Training Loss: 4.5862469673, Validation Loss: 5.0887799263, Training R-squared: 0.4868997633, Validation R-squared: 0.3550203145
2023-11-23 01:53:41,198 - INFO - Epoch 55 : Training Loss: 4.5748066902, Validation Loss: 5.0979971886, Training R-squared: 0.4889328182, Validation R-squared: 0.3521758318
2023-11-23 01:54:05,460 - INFO - Epoch 56 : Training Loss: 4.5699915886, Validation Loss: 5.0978002548, Training R-squared: 0.4889916778, Validation R-squared: 0.3522349894
2023-11-23 01:54:28,222 - INFO - Epoch 57 : Training Loss: 4.5619792938, Validation Loss: 5.0984287262, Training R-squared: 0.4916491508, Validation R-squared: 0.3522768021
2023-11-23 01:54:51,030 - INFO - Epoch 58 : Training Loss: 4.5535073280, Validation Loss: 5.0848960876, Training R-squared: 0.4922064543, Validation R-squared: 0.3558397591
2023-11-23 01:55:13,988 - INFO - Epoch 59 : Training Loss: 4.5443015099, Validation Loss: 5.0875220299, Training R-squared: 0.4948708117, Validation R-squared: 0.3551736772
2023-11-23 01:55:36,636 - INFO - Epoch 60 : Training Loss: 4.5357317924, Validation Loss: 5.0766692162, Training R-squared: 0.4974439740, Validation R-squared: 0.3575913012
2023-11-23 01:55:59,216 - INFO - Epoch 61 : Training Loss: 4.5225315094, Validation Loss: 5.0910501480, Training R-squared: 0.4997324944, Validation R-squared: 0.3538804650
2023-11-23 01:56:22,375 - INFO - Epoch 62 : Training Loss: 4.5158338547, Validation Loss: 5.0780782700, Training R-squared: 0.5005447268, Validation R-squared: 0.3572252393
2023-11-23 01:56:47,188 - INFO - Epoch 63 : Training Loss: 4.5128593445, Validation Loss: 5.1061244011, Training R-squared: 0.5016140938, Validation R-squared: 0.3496395051
2023-11-23 01:57:09,799 - INFO - Epoch 64 : Training Loss: 4.4993944168, Validation Loss: 5.1074318886, Training R-squared: 0.5035856366, Validation R-squared: 0.3493758738
2023-11-23 01:57:32,462 - INFO - Epoch 65 : Training Loss: 4.4987106323, Validation Loss: 5.0900163651, Training R-squared: 0.5049117208, Validation R-squared: 0.3540153503
2023-11-23 01:57:53,999 - INFO - Model saved to models/portion_model/lunch/512_512_200_64/sparsity_0_fold_2_model.keras
2023-11-23 01:58:00,569 - INFO - Avg Metrics: RMSE: 4.1750102175, R-squared: -2.6247876795, PCC: 0.5304009286
2023-11-23 01:58:00,569 - INFO - Agg Metrics: RMSE: 5.1387383055, R-squared: 0.3537784031, PCC: 0.6032829847
2023-11-23 01:58:07,554 - INFO - ================================================================== Fold 3 ===================================================================
2023-11-23 01:58:41,130 - INFO - Epoch 1  : Training Loss: 6.2918434143, Validation Loss: 6.1918106079, Training R-squared: 0.0395357460, Validation R-squared: 0.0559950136
2023-11-23 01:59:04,132 - INFO - Epoch 2  : Training Loss: 6.0837926865, Validation Loss: 5.9643864632, Training R-squared: 0.1009844169, Validation R-squared: 0.1244365573
2023-11-23 01:59:27,404 - INFO - Epoch 3  : Training Loss: 5.8253517151, Validation Loss: 5.6533746719, Training R-squared: 0.1746326089, Validation R-squared: 0.2132243812
2023-11-23 01:59:51,526 - INFO - Epoch 4  : Training Loss: 5.6292524338, Validation Loss: 5.5785789490, Training R-squared: 0.2309453934, Validation R-squared: 0.2343230993
2023-11-23 02:00:14,655 - INFO - Epoch 5  : Training Loss: 5.5405054092, Validation Loss: 5.5323266983, Training R-squared: 0.2542220056, Validation R-squared: 0.2465668172
2023-11-23 02:00:38,473 - INFO - Epoch 6  : Training Loss: 5.5009508133, Validation Loss: 5.5304622650, Training R-squared: 0.2643012702, Validation R-squared: 0.2470603734
2023-11-23 02:01:01,927 - INFO - Epoch 7  : Training Loss: 5.4740695953, Validation Loss: 5.5276274681, Training R-squared: 0.2711305916, Validation R-squared: 0.2479107529
2023-11-23 02:01:25,174 - INFO - Epoch 8  : Training Loss: 5.4462609291, Validation Loss: 5.5185623169, Training R-squared: 0.2787493169, Validation R-squared: 0.2498443127
2023-11-23 02:01:49,364 - INFO - Epoch 9  : Training Loss: 5.4190907478, Validation Loss: 5.5073313713, Training R-squared: 0.2847810984, Validation R-squared: 0.2531754375
2023-11-23 02:02:17,570 - INFO - Epoch 10 : Training Loss: 5.3890433311, Validation Loss: 5.5020275116, Training R-squared: 0.2921804190, Validation R-squared: 0.2543425560
2023-11-23 02:02:42,383 - INFO - Epoch 11 : Training Loss: 5.3722801208, Validation Loss: 5.5052366257, Training R-squared: 0.2970931530, Validation R-squared: 0.2531535625
2023-11-23 02:03:05,993 - INFO - Epoch 12 : Training Loss: 5.3528232574, Validation Loss: 5.4972972870, Training R-squared: 0.3018332720, Validation R-squared: 0.2556106746
2023-11-23 02:03:29,615 - INFO - Epoch 13 : Training Loss: 5.3275384903, Validation Loss: 5.4841594696, Training R-squared: 0.3088263273, Validation R-squared: 0.2588490248
2023-11-23 02:03:53,800 - INFO - Epoch 14 : Training Loss: 5.2924065590, Validation Loss: 5.4672603607, Training R-squared: 0.3181317747, Validation R-squared: 0.2632135153
2023-11-23 02:04:17,397 - INFO - Epoch 15 : Training Loss: 5.2553205490, Validation Loss: 5.4421033859, Training R-squared: 0.3261112273, Validation R-squared: 0.2701199651
2023-11-23 02:04:43,966 - INFO - Epoch 16 : Training Loss: 5.2252812386, Validation Loss: 5.4230065346, Training R-squared: 0.3356798589, Validation R-squared: 0.2751365900
2023-11-23 02:05:13,141 - INFO - Epoch 17 : Training Loss: 5.1933579445, Validation Loss: 5.4119801521, Training R-squared: 0.3436192572, Validation R-squared: 0.2775943577
2023-11-23 02:05:43,233 - INFO - Epoch 18 : Training Loss: 5.1594018936, Validation Loss: 5.3966069221, Training R-squared: 0.3505001068, Validation R-squared: 0.2815077603
2023-11-23 02:06:10,408 - INFO - Epoch 19 : Training Loss: 5.1394486427, Validation Loss: 5.3832139969, Training R-squared: 0.3563901484, Validation R-squared: 0.2848840654
2023-11-23 02:06:39,402 - INFO - Epoch 20 : Training Loss: 5.1104273796, Validation Loss: 5.3736300468, Training R-squared: 0.3632288873, Validation R-squared: 0.2875334620
2023-11-23 02:07:05,740 - INFO - Epoch 21 : Training Loss: 5.0873818398, Validation Loss: 5.3696341515, Training R-squared: 0.3692886531, Validation R-squared: 0.2883928716
2023-11-23 02:07:32,602 - INFO - Epoch 22 : Training Loss: 5.0680780411, Validation Loss: 5.3711175919, Training R-squared: 0.3741754293, Validation R-squared: 0.2872902751
2023-11-23 02:08:01,751 - INFO - Epoch 23 : Training Loss: 5.0437188148, Validation Loss: 5.3416752815, Training R-squared: 0.3786457479, Validation R-squared: 0.2954874039
2023-11-23 02:08:30,266 - INFO - Epoch 24 : Training Loss: 5.0208764076, Validation Loss: 5.3356084824, Training R-squared: 0.3850477636, Validation R-squared: 0.2967701554
2023-11-23 02:08:55,247 - INFO - Epoch 25 : Training Loss: 4.9926481247, Validation Loss: 5.3336939812, Training R-squared: 0.3905779421, Validation R-squared: 0.2969588935
2023-11-23 02:09:22,686 - INFO - Epoch 26 : Training Loss: 4.9831752777, Validation Loss: 5.3072595596, Training R-squared: 0.3941540122, Validation R-squared: 0.3041675687
2023-11-23 02:09:53,093 - INFO - Epoch 27 : Training Loss: 4.9637632370, Validation Loss: 5.3296942711, Training R-squared: 0.3978871703, Validation R-squared: 0.2975572944
2023-11-23 02:10:22,014 - INFO - Epoch 28 : Training Loss: 4.9506440163, Validation Loss: 5.2944145203, Training R-squared: 0.4009071290, Validation R-squared: 0.3076209724
2023-11-23 02:10:48,211 - INFO - Epoch 29 : Training Loss: 4.9344663620, Validation Loss: 5.3098025322, Training R-squared: 0.4050134420, Validation R-squared: 0.3031602800
2023-11-23 02:11:16,080 - INFO - Epoch 30 : Training Loss: 4.9255738258, Validation Loss: 5.2968406677, Training R-squared: 0.4061799347, Validation R-squared: 0.3062356114
2023-11-23 02:11:44,073 - INFO - Epoch 31 : Training Loss: 4.9020643234, Validation Loss: 5.3163514137, Training R-squared: 0.4126462340, Validation R-squared: 0.3005185127
2023-11-23 02:12:12,885 - INFO - Epoch 32 : Training Loss: 4.8901572227, Validation Loss: 5.2943472862, Training R-squared: 0.4150880873, Validation R-squared: 0.3069238365
2023-11-23 02:12:40,319 - INFO - Epoch 33 : Training Loss: 4.8751988411, Validation Loss: 5.3052592278, Training R-squared: 0.4180158973, Validation R-squared: 0.3034398556
2023-11-23 02:13:07,433 - INFO - Epoch 34 : Training Loss: 4.8627018929, Validation Loss: 5.3217411041, Training R-squared: 0.4212854207, Validation R-squared: 0.2985286415
2023-11-23 02:13:34,469 - INFO - Epoch 35 : Training Loss: 4.8452763557, Validation Loss: 5.2953877449, Training R-squared: 0.4249809384, Validation R-squared: 0.3059814870
2023-11-23 02:14:03,286 - INFO - Epoch 36 : Training Loss: 4.8306756020, Validation Loss: 5.3065991402, Training R-squared: 0.4287547469, Validation R-squared: 0.3024594784
2023-11-23 02:14:32,137 - INFO - Epoch 37 : Training Loss: 4.8164553642, Validation Loss: 5.2880306244, Training R-squared: 0.4320390224, Validation R-squared: 0.3075112104
2023-11-23 02:15:01,211 - INFO - Epoch 38 : Training Loss: 4.7984352112, Validation Loss: 5.2850527763, Training R-squared: 0.4363103211, Validation R-squared: 0.3079701066
2023-11-23 02:15:29,220 - INFO - Epoch 39 : Training Loss: 4.7841534615, Validation Loss: 5.2929034233, Training R-squared: 0.4390741587, Validation R-squared: 0.3054843545
2023-11-23 02:15:55,782 - INFO - Epoch 40 : Training Loss: 4.7716774940, Validation Loss: 5.2640337944, Training R-squared: 0.4416183531, Validation R-squared: 0.3138032556
2023-11-23 02:16:22,783 - INFO - Epoch 41 : Training Loss: 4.7669138908, Validation Loss: 5.2795500755, Training R-squared: 0.4439666867, Validation R-squared: 0.3093571365
2023-11-23 02:16:49,663 - INFO - Epoch 42 : Training Loss: 4.7499780655, Validation Loss: 5.3015546799, Training R-squared: 0.4464742541, Validation R-squared: 0.3024805486
2023-11-23 02:17:18,511 - INFO - Epoch 43 : Training Loss: 4.7457203865, Validation Loss: 5.2642655373, Training R-squared: 0.4479370117, Validation R-squared: 0.3134711683
2023-11-23 02:17:45,977 - INFO - Epoch 44 : Training Loss: 4.7305607796, Validation Loss: 5.2709197998, Training R-squared: 0.4507564902, Validation R-squared: 0.3111432195
2023-11-23 02:18:12,246 - INFO - Epoch 45 : Training Loss: 4.7200942039, Validation Loss: 5.2692556381, Training R-squared: 0.4529830813, Validation R-squared: 0.3115214407
2023-11-23 02:18:39,412 - INFO - Model saved to models/portion_model/lunch/512_512_200_64/sparsity_0_fold_3_model.keras
2023-11-23 02:18:46,207 - INFO - Avg Metrics: RMSE: 4.3062565270, R-squared: -0.1089880109, PCC: 0.4720794692
2023-11-23 02:18:46,208 - INFO - Agg Metrics: RMSE: 5.3313499501, R-squared: 0.3125412006, PCC: 0.5666820546
2023-11-23 02:18:54,025 - INFO - ================================================================== Fold 4 ===================================================================
2023-11-23 02:19:30,402 - INFO - Epoch 1  : Training Loss: 6.2731118202, Validation Loss: 6.2532768250, Training R-squared: 0.0386651643, Validation R-squared: 0.0569728054
2023-11-23 02:19:55,456 - INFO - Epoch 2  : Training Loss: 6.0704746246, Validation Loss: 6.0497851372, Training R-squared: 0.0980308428, Validation R-squared: 0.1172957569
2023-11-23 02:20:20,395 - INFO - Epoch 3  : Training Loss: 5.8860659599, Validation Loss: 5.7634081841, Training R-squared: 0.1541814655, Validation R-squared: 0.1990516633
2023-11-23 02:20:45,999 - INFO - Epoch 4  : Training Loss: 5.6275510788, Validation Loss: 5.6371116638, Training R-squared: 0.2269140333, Validation R-squared: 0.2334035933
2023-11-23 02:21:13,420 - INFO - Epoch 5  : Training Loss: 5.5252766609, Validation Loss: 5.5865812302, Training R-squared: 0.2523641884, Validation R-squared: 0.2471650392
2023-11-23 02:21:40,827 - INFO - Epoch 6  : Training Loss: 5.4918689728, Validation Loss: 5.5823273659, Training R-squared: 0.2633147538, Validation R-squared: 0.2484059930
2023-11-23 02:22:08,686 - INFO - Epoch 7  : Training Loss: 5.4578161240, Validation Loss: 5.5647969246, Training R-squared: 0.2722428739, Validation R-squared: 0.2530083954
2023-11-23 02:22:36,972 - INFO - Epoch 8  : Training Loss: 5.4216322899, Validation Loss: 5.5530686378, Training R-squared: 0.2831577063, Validation R-squared: 0.2564295232
2023-11-23 02:23:03,724 - INFO - Epoch 9  : Training Loss: 5.3897871971, Validation Loss: 5.5476331711, Training R-squared: 0.2895047069, Validation R-squared: 0.2578663826
2023-11-23 02:23:31,729 - INFO - Epoch 10 : Training Loss: 5.3643360138, Validation Loss: 5.5447516441, Training R-squared: 0.2958649099, Validation R-squared: 0.2584197521
2023-11-23 02:24:00,126 - INFO - Epoch 11 : Training Loss: 5.3337545395, Validation Loss: 5.5345540047, Training R-squared: 0.3032230139, Validation R-squared: 0.2613457739
2023-11-23 02:24:27,132 - INFO - Epoch 12 : Training Loss: 5.3043875694, Validation Loss: 5.5228400230, Training R-squared: 0.3110330403, Validation R-squared: 0.2647807896
2023-11-23 02:24:54,199 - INFO - Epoch 13 : Training Loss: 5.2638053894, Validation Loss: 5.4926338196, Training R-squared: 0.3219791353, Validation R-squared: 0.2727759778
2023-11-23 02:25:23,634 - INFO - Epoch 14 : Training Loss: 5.2224006653, Validation Loss: 5.4809484482, Training R-squared: 0.3320913911, Validation R-squared: 0.2758565843
2023-11-23 02:25:50,221 - INFO - Epoch 15 : Training Loss: 5.1928796768, Validation Loss: 5.4699144363, Training R-squared: 0.3392306864, Validation R-squared: 0.2787476480
2023-11-23 02:26:19,104 - INFO - Epoch 16 : Training Loss: 5.1719565392, Validation Loss: 5.4547777176, Training R-squared: 0.3459796607, Validation R-squared: 0.2830094993
2023-11-23 02:26:47,300 - INFO - Epoch 17 : Training Loss: 5.1419248581, Validation Loss: 5.4479227066, Training R-squared: 0.3532400429, Validation R-squared: 0.2847202718
2023-11-23 02:27:15,863 - INFO - Epoch 18 : Training Loss: 5.1212577820, Validation Loss: 5.4411988258, Training R-squared: 0.3573428392, Validation R-squared: 0.2864555418
2023-11-23 02:27:43,023 - INFO - Epoch 19 : Training Loss: 5.1025099754, Validation Loss: 5.4602751732, Training R-squared: 0.3616079092, Validation R-squared: 0.2809447944
2023-11-23 02:28:10,929 - INFO - Epoch 20 : Training Loss: 5.0825719833, Validation Loss: 5.4308934212, Training R-squared: 0.3665911257, Validation R-squared: 0.2887281775
2023-11-23 02:28:37,898 - INFO - Epoch 21 : Training Loss: 5.0653624535, Validation Loss: 5.4277281761, Training R-squared: 0.3715250194, Validation R-squared: 0.2896867394
2023-11-23 02:29:03,977 - INFO - Epoch 22 : Training Loss: 5.0446629524, Validation Loss: 5.4264125824, Training R-squared: 0.3766905069, Validation R-squared: 0.2898768783
2023-11-23 02:29:29,440 - INFO - Epoch 23 : Training Loss: 5.0275940895, Validation Loss: 5.4182057381, Training R-squared: 0.3801401258, Validation R-squared: 0.2918601036
2023-11-23 02:29:53,856 - INFO - Epoch 24 : Training Loss: 5.0028810501, Validation Loss: 5.4089035988, Training R-squared: 0.3855787218, Validation R-squared: 0.2943885326
2023-11-23 02:30:18,317 - INFO - Epoch 25 : Training Loss: 4.9879188538, Validation Loss: 5.4077887535, Training R-squared: 0.3894676566, Validation R-squared: 0.2944667637
2023-11-23 02:30:45,589 - INFO - Epoch 26 : Training Loss: 4.9659628868, Validation Loss: 5.4013371468, Training R-squared: 0.3954665363, Validation R-squared: 0.2958579659
2023-11-23 02:31:10,028 - INFO - Epoch 27 : Training Loss: 4.9460711479, Validation Loss: 5.3972597122, Training R-squared: 0.3995152116, Validation R-squared: 0.2969355881
2023-11-23 02:31:34,400 - INFO - Epoch 28 : Training Loss: 4.9217500687, Validation Loss: 5.3997287750, Training R-squared: 0.4060215354, Validation R-squared: 0.2961665094
2023-11-23 02:31:58,131 - INFO - Epoch 29 : Training Loss: 4.9142527580, Validation Loss: 5.3892288208, Training R-squared: 0.4080883563, Validation R-squared: 0.2986073196
2023-11-23 02:32:21,935 - INFO - Epoch 30 : Training Loss: 4.8894090652, Validation Loss: 5.3587608337, Training R-squared: 0.4119268358, Validation R-squared: 0.3069439232
2023-11-23 02:32:45,415 - INFO - Epoch 31 : Training Loss: 4.8725299835, Validation Loss: 5.3674721718, Training R-squared: 0.4164229035, Validation R-squared: 0.3045560718
2023-11-23 02:33:08,922 - INFO - Epoch 32 : Training Loss: 4.8605227470, Validation Loss: 5.3546504974, Training R-squared: 0.4178761542, Validation R-squared: 0.3076960444
2023-11-23 02:33:33,730 - INFO - Epoch 33 : Training Loss: 4.8476533890, Validation Loss: 5.3756985664, Training R-squared: 0.4224823415, Validation R-squared: 0.3018291891
2023-11-23 02:34:01,628 - INFO - Epoch 34 : Training Loss: 4.8288216591, Validation Loss: 5.3698711395, Training R-squared: 0.4268837273, Validation R-squared: 0.3032729328
2023-11-23 02:34:28,097 - INFO - Epoch 35 : Training Loss: 4.8102016449, Validation Loss: 5.3522109985, Training R-squared: 0.4294691384, Validation R-squared: 0.3080307543
2023-11-23 02:34:54,906 - INFO - Epoch 36 : Training Loss: 4.7920103073, Validation Loss: 5.3797569275, Training R-squared: 0.4349502623, Validation R-squared: 0.3002757430
2023-11-23 02:35:21,562 - INFO - Epoch 37 : Training Loss: 4.7793951035, Validation Loss: 5.3475561142, Training R-squared: 0.4378146827, Validation R-squared: 0.3087886870
2023-11-23 02:35:45,734 - INFO - Epoch 38 : Training Loss: 4.7676224709, Validation Loss: 5.3382005692, Training R-squared: 0.4401400685, Validation R-squared: 0.3114830256
2023-11-23 02:36:10,045 - INFO - Epoch 39 : Training Loss: 4.7569179535, Validation Loss: 5.3529725075, Training R-squared: 0.4437369406, Validation R-squared: 0.3070641458
2023-11-23 02:36:34,833 - INFO - Epoch 40 : Training Loss: 4.7380352020, Validation Loss: 5.3532004356, Training R-squared: 0.4467678368, Validation R-squared: 0.3066280484
2023-11-23 02:36:58,962 - INFO - Epoch 41 : Training Loss: 4.7250032425, Validation Loss: 5.3236799240, Training R-squared: 0.4502363503, Validation R-squared: 0.3147249520
2023-11-23 02:37:23,060 - INFO - Epoch 42 : Training Loss: 4.7126498222, Validation Loss: 5.3365235329, Training R-squared: 0.4521881342, Validation R-squared: 0.3108116984
2023-11-23 02:37:48,477 - INFO - Epoch 43 : Training Loss: 4.6990184784, Validation Loss: 5.3370375633, Training R-squared: 0.4556604922, Validation R-squared: 0.3105588257
2023-11-23 02:38:12,779 - INFO - Epoch 44 : Training Loss: 4.6872363091, Validation Loss: 5.3247475624, Training R-squared: 0.4591264427, Validation R-squared: 0.3138431907
2023-11-23 02:38:37,430 - INFO - Epoch 45 : Training Loss: 4.6734671593, Validation Loss: 5.3146634102, Training R-squared: 0.4622455239, Validation R-squared: 0.3168949485
2023-11-23 02:39:01,666 - INFO - Epoch 46 : Training Loss: 4.6628241539, Validation Loss: 5.3198490143, Training R-squared: 0.4635995924, Validation R-squared: 0.3153557777
2023-11-23 02:39:26,365 - INFO - Epoch 47 : Training Loss: 4.6556577682, Validation Loss: 5.3267178535, Training R-squared: 0.4660952091, Validation R-squared: 0.3130327165
2023-11-23 02:39:50,534 - INFO - Epoch 48 : Training Loss: 4.6509728432, Validation Loss: 5.3748111725, Training R-squared: 0.4663894475, Validation R-squared: 0.2995930910
2023-11-23 02:40:14,854 - INFO - Epoch 49 : Training Loss: 4.6393070221, Validation Loss: 5.3543395996, Training R-squared: 0.4694656730, Validation R-squared: 0.3058567941
2023-11-23 02:40:39,069 - INFO - Epoch 50 : Training Loss: 4.6265711784, Validation Loss: 5.3165612221, Training R-squared: 0.4723600745, Validation R-squared: 0.3158478737
2023-11-23 02:41:02,401 - INFO - Model saved to models/portion_model/lunch/512_512_200_64/sparsity_0_fold_4_model.keras
2023-11-23 02:41:08,920 - INFO - Avg Metrics: RMSE: 4.3413855025, R-squared: -0.2572255130, PCC: 0.4815697868
2023-11-23 02:41:08,920 - INFO - Agg Metrics: RMSE: 5.3607005558, R-squared: 0.3143934532, PCC: 0.5663400066
2023-11-23 02:41:15,656 - INFO - ================================================================== Fold 5 ===================================================================
2023-11-23 02:41:50,319 - INFO - Epoch 1  : Training Loss: 6.2613759041, Validation Loss: 6.2622303963, Training R-squared: 0.0405064002, Validation R-squared: 0.0552601032
2023-11-23 02:42:14,270 - INFO - Epoch 2  : Training Loss: 6.0668439865, Validation Loss: 6.0640516281, Training R-squared: 0.1009490788, Validation R-squared: 0.1144228205
2023-11-23 02:42:38,368 - INFO - Epoch 3  : Training Loss: 5.8887343407, Validation Loss: 5.7738628387, Training R-squared: 0.1523473412, Validation R-squared: 0.1978139281
2023-11-23 02:43:02,133 - INFO - Epoch 4  : Training Loss: 5.5888428688, Validation Loss: 5.6550474167, Training R-squared: 0.2349422723, Validation R-squared: 0.2305227518
2023-11-23 02:43:26,534 - INFO - Epoch 5  : Training Loss: 5.5057301521, Validation Loss: 5.6379942894, Training R-squared: 0.2583287656, Validation R-squared: 0.2346610129
2023-11-23 02:43:51,559 - INFO - Epoch 6  : Training Loss: 5.4801754951, Validation Loss: 5.6362953186, Training R-squared: 0.2666203380, Validation R-squared: 0.2356617749
2023-11-23 02:44:15,891 - INFO - Epoch 7  : Training Loss: 5.4456896782, Validation Loss: 5.6121397018, Training R-squared: 0.2748862803, Validation R-squared: 0.2416582257
2023-11-23 02:44:40,103 - INFO - Epoch 8  : Training Loss: 5.4212088585, Validation Loss: 5.6061887741, Training R-squared: 0.2808412313, Validation R-squared: 0.2432339787
2023-11-23 02:45:03,991 - INFO - Epoch 9  : Training Loss: 5.3953852654, Validation Loss: 5.5988187790, Training R-squared: 0.2869960368, Validation R-squared: 0.2452811450
2023-11-23 02:45:28,272 - INFO - Epoch 10 : Training Loss: 5.3763685226, Validation Loss: 5.5910139084, Training R-squared: 0.2926085889, Validation R-squared: 0.2472515851
2023-11-23 02:45:52,166 - INFO - Epoch 11 : Training Loss: 5.3457789421, Validation Loss: 5.5765528679, Training R-squared: 0.3014167249, Validation R-squared: 0.2508991063
2023-11-23 02:46:16,247 - INFO - Epoch 12 : Training Loss: 5.3140025139, Validation Loss: 5.5598139763, Training R-squared: 0.3094748557, Validation R-squared: 0.2555012703
2023-11-23 02:46:40,450 - INFO - Epoch 13 : Training Loss: 5.2797794342, Validation Loss: 5.5383586884, Training R-squared: 0.3177799284, Validation R-squared: 0.2612208724
2023-11-23 02:47:04,382 - INFO - Epoch 14 : Training Loss: 5.2543368340, Validation Loss: 5.5285172462, Training R-squared: 0.3235996068, Validation R-squared: 0.2635535300
2023-11-23 02:47:28,589 - INFO - Epoch 15 : Training Loss: 5.2282185555, Validation Loss: 5.5090656281, Training R-squared: 0.3300104737, Validation R-squared: 0.2688649893
2023-11-23 02:47:52,473 - INFO - Epoch 16 : Training Loss: 5.1993865967, Validation Loss: 5.4970355034, Training R-squared: 0.3379398584, Validation R-squared: 0.2715429962
2023-11-23 02:48:16,541 - INFO - Epoch 17 : Training Loss: 5.1724309921, Validation Loss: 5.4725055695, Training R-squared: 0.3447121084, Validation R-squared: 0.2779568136
2023-11-23 02:48:40,686 - INFO - Epoch 18 : Training Loss: 5.1333975792, Validation Loss: 5.4501395226, Training R-squared: 0.3545504212, Validation R-squared: 0.2839648128
2023-11-23 02:49:04,434 - INFO - Epoch 19 : Training Loss: 5.0990490913, Validation Loss: 5.4372568130, Training R-squared: 0.3626176715, Validation R-squared: 0.2867288888
2023-11-23 02:49:28,974 - INFO - Epoch 20 : Training Loss: 5.0727295876, Validation Loss: 5.4150094986, Training R-squared: 0.3685715199, Validation R-squared: 0.2925896049
2023-11-23 02:49:53,059 - INFO - Epoch 21 : Training Loss: 5.0492830276, Validation Loss: 5.4173684120, Training R-squared: 0.3749211431, Validation R-squared: 0.2914361656
2023-11-23 02:50:17,215 - INFO - Epoch 22 : Training Loss: 5.0204582214, Validation Loss: 5.4232125282, Training R-squared: 0.3813382089, Validation R-squared: 0.2891670167
2023-11-23 02:50:41,248 - INFO - Epoch 23 : Training Loss: 5.0100088120, Validation Loss: 5.3954014778, Training R-squared: 0.3844289482, Validation R-squared: 0.2967328727
2023-11-23 02:51:05,335 - INFO - Epoch 24 : Training Loss: 4.9806790352, Validation Loss: 5.3874063492, Training R-squared: 0.3908457458, Validation R-squared: 0.2984007895
2023-11-23 02:51:29,934 - INFO - Epoch 25 : Training Loss: 4.9607276917, Validation Loss: 5.3689141273, Training R-squared: 0.3955644965, Validation R-squared: 0.3032006919
2023-11-23 02:51:53,761 - INFO - Epoch 26 : Training Loss: 4.9398703575, Validation Loss: 5.3692464828, Training R-squared: 0.4018456638, Validation R-squared: 0.3026940227
2023-11-23 02:52:17,487 - INFO - Epoch 27 : Training Loss: 4.9188089371, Validation Loss: 5.3691663742, Training R-squared: 0.4061614275, Validation R-squared: 0.3017798960
2023-11-23 02:52:40,765 - INFO - Epoch 28 : Training Loss: 4.9050478935, Validation Loss: 5.3653497696, Training R-squared: 0.4078970850, Validation R-squared: 0.3024000823
2023-11-23 02:53:03,998 - INFO - Epoch 29 : Training Loss: 4.8837666512, Validation Loss: 5.3520064354, Training R-squared: 0.4131601155, Validation R-squared: 0.3057028353
2023-11-23 02:53:27,564 - INFO - Epoch 30 : Training Loss: 4.8756079674, Validation Loss: 5.3466968536, Training R-squared: 0.4169001877, Validation R-squared: 0.3069899678
2023-11-23 02:53:52,404 - INFO - Epoch 31 : Training Loss: 4.8568286896, Validation Loss: 5.3529119492, Training R-squared: 0.4200639725, Validation R-squared: 0.3050153852
2023-11-23 02:54:16,636 - INFO - Epoch 32 : Training Loss: 4.8390011787, Validation Loss: 5.3503637314, Training R-squared: 0.4245997965, Validation R-squared: 0.3060579002
2023-11-23 02:54:39,785 - INFO - Epoch 33 : Training Loss: 4.8257641792, Validation Loss: 5.3479757309, Training R-squared: 0.4259727299, Validation R-squared: 0.3058950603
2023-11-23 02:55:03,150 - INFO - Epoch 34 : Training Loss: 4.8128461838, Validation Loss: 5.3298344612, Training R-squared: 0.4297227263, Validation R-squared: 0.3105373681
2023-11-23 02:55:26,958 - INFO - Epoch 35 : Training Loss: 4.7940974236, Validation Loss: 5.3190217018, Training R-squared: 0.4339776337, Validation R-squared: 0.3137590885
2023-11-23 02:55:50,514 - INFO - Epoch 36 : Training Loss: 4.7849969864, Validation Loss: 5.3286261559, Training R-squared: 0.4381115735, Validation R-squared: 0.3107346594
2023-11-23 02:56:13,816 - INFO - Epoch 37 : Training Loss: 4.7662878036, Validation Loss: 5.3145542145, Training R-squared: 0.4398117959, Validation R-squared: 0.3142747283
2023-11-23 02:56:37,392 - INFO - Epoch 38 : Training Loss: 4.7520060539, Validation Loss: 5.3159575462, Training R-squared: 0.4444199204, Validation R-squared: 0.3136844933
2023-11-23 02:57:01,008 - INFO - Epoch 39 : Training Loss: 4.7333345413, Validation Loss: 5.2918996811, Training R-squared: 0.4488096833, Validation R-squared: 0.3198133707
2023-11-23 02:57:25,068 - INFO - Epoch 40 : Training Loss: 4.7185339928, Validation Loss: 5.3004584312, Training R-squared: 0.4520093501, Validation R-squared: 0.3173686862
2023-11-23 02:57:48,416 - INFO - Epoch 41 : Training Loss: 4.7064256668, Validation Loss: 5.3052000999, Training R-squared: 0.4539041817, Validation R-squared: 0.3157843053
2023-11-23 02:58:12,293 - INFO - Epoch 42 : Training Loss: 4.6905288696, Validation Loss: 5.3022518158, Training R-squared: 0.4585517049, Validation R-squared: 0.3159415126
2023-11-23 02:58:36,058 - INFO - Epoch 43 : Training Loss: 4.6813783646, Validation Loss: 5.3010969162, Training R-squared: 0.4607439339, Validation R-squared: 0.3162878454
2023-11-23 02:58:59,630 - INFO - Epoch 44 : Training Loss: 4.6709499359, Validation Loss: 5.2826743126, Training R-squared: 0.4620969892, Validation R-squared: 0.3210603297
2023-11-23 02:59:23,377 - INFO - Epoch 45 : Training Loss: 4.6614265442, Validation Loss: 5.2729287148, Training R-squared: 0.4648227096, Validation R-squared: 0.3232053816
2023-11-23 02:59:46,981 - INFO - Epoch 46 : Training Loss: 4.6532516479, Validation Loss: 5.2723417282, Training R-squared: 0.4665817022, Validation R-squared: 0.3232448697
2023-11-23 03:00:10,397 - INFO - Epoch 47 : Training Loss: 4.6405439377, Validation Loss: 5.2679667473, Training R-squared: 0.4707820714, Validation R-squared: 0.3239788115
2023-11-23 03:00:33,951 - INFO - Epoch 48 : Training Loss: 4.6289739609, Validation Loss: 5.2833414078, Training R-squared: 0.4716410041, Validation R-squared: 0.3196058869
2023-11-23 03:00:57,648 - INFO - Epoch 49 : Training Loss: 4.6153264046, Validation Loss: 5.2556624413, Training R-squared: 0.4758642018, Validation R-squared: 0.3273166418
2023-11-23 03:01:21,396 - INFO - Epoch 50 : Training Loss: 4.6080875397, Validation Loss: 5.2738404274, Training R-squared: 0.4767086506, Validation R-squared: 0.3218169808
2023-11-23 03:01:44,795 - INFO - Epoch 51 : Training Loss: 4.6005825996, Validation Loss: 5.2808408737, Training R-squared: 0.4776318669, Validation R-squared: 0.3192721605
2023-11-23 03:02:08,266 - INFO - Epoch 52 : Training Loss: 4.5853166580, Validation Loss: 5.2713189125, Training R-squared: 0.4822520018, Validation R-squared: 0.3221226633
2023-11-23 03:02:32,278 - INFO - Epoch 53 : Training Loss: 4.5792961121, Validation Loss: 5.2592315674, Training R-squared: 0.4824276268, Validation R-squared: 0.3254154027
2023-11-23 03:02:55,940 - INFO - Epoch 54 : Training Loss: 4.5668234825, Validation Loss: 5.2468800545, Training R-squared: 0.4846666753, Validation R-squared: 0.3283441961
2023-11-23 03:03:20,021 - INFO - Epoch 55 : Training Loss: 4.5581345558, Validation Loss: 5.2435960770, Training R-squared: 0.4877588451, Validation R-squared: 0.3291098773
2023-11-23 03:03:44,113 - INFO - Epoch 56 : Training Loss: 4.5477261543, Validation Loss: 5.2697772980, Training R-squared: 0.4899362326, Validation R-squared: 0.3219408691
2023-11-23 03:04:08,885 - INFO - Epoch 57 : Training Loss: 4.5423965454, Validation Loss: 5.2361774445, Training R-squared: 0.4899957776, Validation R-squared: 0.3309763968
2023-11-23 03:04:31,821 - INFO - Epoch 58 : Training Loss: 4.5307865143, Validation Loss: 5.2340626717, Training R-squared: 0.4938794374, Validation R-squared: 0.3316151798
2023-11-23 03:04:54,003 - INFO - Epoch 59 : Training Loss: 4.5233707428, Validation Loss: 5.2417964935, Training R-squared: 0.4945752323, Validation R-squared: 0.3286009431
2023-11-23 03:05:16,749 - INFO - Epoch 60 : Training Loss: 4.5131101608, Validation Loss: 5.2454619408, Training R-squared: 0.4979855418, Validation R-squared: 0.3273628950
2023-11-23 03:05:39,085 - INFO - Epoch 61 : Training Loss: 4.5053782463, Validation Loss: 5.2576441765, Training R-squared: 0.4980509877, Validation R-squared: 0.3235599995
2023-11-23 03:06:01,743 - INFO - Epoch 62 : Training Loss: 4.5011682510, Validation Loss: 5.2290778160, Training R-squared: 0.4998201430, Validation R-squared: 0.3318454921
2023-11-23 03:06:24,917 - INFO - Epoch 63 : Training Loss: 4.4954948425, Validation Loss: 5.2592034340, Training R-squared: 0.5019087791, Validation R-squared: 0.3228661716
2023-11-23 03:06:47,503 - INFO - Epoch 64 : Training Loss: 4.4834442139, Validation Loss: 5.2579126358, Training R-squared: 0.5030336380, Validation R-squared: 0.3230446279
2023-11-23 03:07:09,930 - INFO - Epoch 65 : Training Loss: 4.4764313698, Validation Loss: 5.2373833656, Training R-squared: 0.5044827461, Validation R-squared: 0.3292302787
2023-11-23 03:07:32,798 - INFO - Epoch 66 : Training Loss: 4.4724416733, Validation Loss: 5.2606878281, Training R-squared: 0.5053269863, Validation R-squared: 0.3226834536
2023-11-23 03:07:55,711 - INFO - Epoch 67 : Training Loss: 4.4619750977, Validation Loss: 5.2505860329, Training R-squared: 0.5074855685, Validation R-squared: 0.3249831796
2023-11-23 03:08:18,853 - INFO - Model saved to models/portion_model/lunch/512_512_200_64/sparsity_0_fold_5_model.keras
2023-11-23 03:08:24,901 - INFO - Avg Metrics: RMSE: 4.2113030184, R-squared: -0.2414349108, PCC: 0.5220756937
2023-11-23 03:08:24,901 - INFO - Agg Metrics: RMSE: 5.3093035871, R-squared: 0.3358412384, PCC: 0.5879452008
2023-11-23 03:08:43,860 - INFO - ================================================================== Results Summary ===================================================================
2023-11-23 03:08:43,861 - INFO - CrossVal Metrics (Avg.) - RMSE: 4.2461260640  0.0654301821, R2: -0.6417822756  0.0654301821, PCC: 0.5015059384  0.0654301821
2023-11-23 03:08:43,861 - INFO - Testing  Metrics (Avg.) - RMSE: 4.2961277584, R2: -1.0237796280, PCC: 0.5028662234
2023-11-23 03:08:43,861 - INFO - CrossVal Metrics (Agg.) - RMSE: 5.2683513837  0.0654301821, R2: 0.3347213800  0.0654301821, PCC: 0.5848531280  0.0654301821
2023-11-23 03:08:43,861 - INFO - Testing  Metrics (Agg.) - RMSE: 5.4294872534, R2: 0.3149531170, PCC: 0.5714345423
