2023-11-23 14:33:58,727 - INFO - Training model at 50% sparse columns removed...
2023-11-23 14:34:05,661 - INFO - ================================================================== Fold 1 ===================================================================
2023-11-23 14:34:21,716 - INFO - Epoch 1  : Training Loss: 8.7871608734, Validation Loss: 8.6070432663, Training R-squared: 0.0382030047, Validation R-squared: 0.0475933068
2023-11-23 14:34:32,209 - INFO - Epoch 2  : Training Loss: 8.5639171600, Validation Loss: 8.2982854843, Training R-squared: 0.0869919211, Validation R-squared: 0.1152910590
2023-11-23 14:34:42,698 - INFO - Epoch 3  : Training Loss: 8.2469348907, Validation Loss: 7.8759655952, Training R-squared: 0.1533180773, Validation R-squared: 0.2026920170
2023-11-23 14:34:53,267 - INFO - Epoch 4  : Training Loss: 7.8393206596, Validation Loss: 7.6943774223, Training R-squared: 0.2347287387, Validation R-squared: 0.2387379855
2023-11-23 14:35:03,852 - INFO - Epoch 5  : Training Loss: 7.7237434387, Validation Loss: 7.6464443207, Training R-squared: 0.2566828430, Validation R-squared: 0.2477847487
2023-11-23 14:35:14,294 - INFO - Epoch 6  : Training Loss: 7.6611781120, Validation Loss: 7.6304869652, Training R-squared: 0.2673113346, Validation R-squared: 0.2505264878
2023-11-23 14:35:24,990 - INFO - Epoch 7  : Training Loss: 7.6199407578, Validation Loss: 7.6211037636, Training R-squared: 0.2754023671, Validation R-squared: 0.2526148856
2023-11-23 14:35:35,461 - INFO - Epoch 8  : Training Loss: 7.5926995277, Validation Loss: 7.6084604263, Training R-squared: 0.2817841470, Validation R-squared: 0.2551022470
2023-11-23 14:35:45,821 - INFO - Epoch 9  : Training Loss: 7.5554404259, Validation Loss: 7.5994501114, Training R-squared: 0.2884748280, Validation R-squared: 0.2568588555
2023-11-23 14:35:56,172 - INFO - Epoch 10 : Training Loss: 7.5242795944, Validation Loss: 7.5931053162, Training R-squared: 0.2948950827, Validation R-squared: 0.2580057085
2023-11-23 14:36:06,760 - INFO - Epoch 11 : Training Loss: 7.4861273766, Validation Loss: 7.5748386383, Training R-squared: 0.3009219766, Validation R-squared: 0.2613106668
2023-11-23 14:36:17,557 - INFO - Epoch 12 : Training Loss: 7.4368367195, Validation Loss: 7.5422530174, Training R-squared: 0.3105504513, Validation R-squared: 0.2681519687
2023-11-23 14:36:27,997 - INFO - Epoch 13 : Training Loss: 7.3741731644, Validation Loss: 7.5080866814, Training R-squared: 0.3207909465, Validation R-squared: 0.2748577893
2023-11-23 14:36:38,568 - INFO - Epoch 14 : Training Loss: 7.3140850067, Validation Loss: 7.4768571854, Training R-squared: 0.3318888545, Validation R-squared: 0.2803278863
2023-11-23 14:36:49,040 - INFO - Epoch 15 : Training Loss: 7.2643551826, Validation Loss: 7.4286065102, Training R-squared: 0.3411989808, Validation R-squared: 0.2899746001
2023-11-23 14:36:59,550 - INFO - Epoch 16 : Training Loss: 7.2190093994, Validation Loss: 7.4089446068, Training R-squared: 0.3507132232, Validation R-squared: 0.2935449481
2023-11-23 14:37:10,054 - INFO - Epoch 17 : Training Loss: 7.1842913628, Validation Loss: 7.3875527382, Training R-squared: 0.3554447591, Validation R-squared: 0.2977097929
2023-11-23 14:37:20,820 - INFO - Epoch 18 : Training Loss: 7.1414079666, Validation Loss: 7.3829236031, Training R-squared: 0.3619330525, Validation R-squared: 0.2983380258
2023-11-23 14:37:31,181 - INFO - Epoch 19 : Training Loss: 7.1017723083, Validation Loss: 7.3474631310, Training R-squared: 0.3714658618, Validation R-squared: 0.3053471148
2023-11-23 14:37:41,575 - INFO - Epoch 20 : Training Loss: 7.0641498566, Validation Loss: 7.3379397392, Training R-squared: 0.3761718869, Validation R-squared: 0.3070402443
2023-11-23 14:37:52,228 - INFO - Epoch 21 : Training Loss: 7.0243587494, Validation Loss: 7.3138322830, Training R-squared: 0.3844205737, Validation R-squared: 0.3115179241
2023-11-23 14:38:02,684 - INFO - Epoch 22 : Training Loss: 6.9988451004, Validation Loss: 7.2874555588, Training R-squared: 0.3878639936, Validation R-squared: 0.3164105415
2023-11-23 14:38:13,425 - INFO - Epoch 23 : Training Loss: 6.9697489738, Validation Loss: 7.2709031105, Training R-squared: 0.3927122653, Validation R-squared: 0.3198418021
2023-11-23 14:38:24,290 - INFO - Epoch 24 : Training Loss: 6.9304957390, Validation Loss: 7.2601633072, Training R-squared: 0.4004464746, Validation R-squared: 0.3215130568
2023-11-23 14:38:34,704 - INFO - Epoch 25 : Training Loss: 6.8984775543, Validation Loss: 7.2408466339, Training R-squared: 0.4053677320, Validation R-squared: 0.3252441585
2023-11-23 14:38:45,155 - INFO - Epoch 26 : Training Loss: 6.8687968254, Validation Loss: 7.2389740944, Training R-squared: 0.4103378952, Validation R-squared: 0.3251453638
2023-11-23 14:38:55,638 - INFO - Epoch 27 : Training Loss: 6.8493537903, Validation Loss: 7.2179002762, Training R-squared: 0.4118388593, Validation R-squared: 0.3292770088
2023-11-23 14:39:06,220 - INFO - Epoch 28 : Training Loss: 6.8255600929, Validation Loss: 7.2418737411, Training R-squared: 0.4164623916, Validation R-squared: 0.3243971169
2023-11-23 14:39:17,148 - INFO - Epoch 29 : Training Loss: 6.8013086319, Validation Loss: 7.2191514969, Training R-squared: 0.4203198254, Validation R-squared: 0.3286233842
2023-11-23 14:39:27,894 - INFO - Epoch 30 : Training Loss: 6.7791800499, Validation Loss: 7.1811528206, Training R-squared: 0.4245177507, Validation R-squared: 0.3363255560
2023-11-23 14:39:38,328 - INFO - Epoch 31 : Training Loss: 6.7496089935, Validation Loss: 7.1948628426, Training R-squared: 0.4280638397, Validation R-squared: 0.3333790302
2023-11-23 14:39:48,863 - INFO - Epoch 32 : Training Loss: 6.7250251770, Validation Loss: 7.1956472397, Training R-squared: 0.4345243275, Validation R-squared: 0.3331185281
2023-11-23 14:39:59,386 - INFO - Epoch 33 : Training Loss: 6.6994695663, Validation Loss: 7.1841626167, Training R-squared: 0.4366610348, Validation R-squared: 0.3352459967
2023-11-23 14:40:09,923 - INFO - Epoch 34 : Training Loss: 6.6868591309, Validation Loss: 7.1678709984, Training R-squared: 0.4410170019, Validation R-squared: 0.3384572268
2023-11-23 14:40:20,585 - INFO - Epoch 35 : Training Loss: 6.6482844353, Validation Loss: 7.1745600700, Training R-squared: 0.4458649755, Validation R-squared: 0.3369748592
2023-11-23 14:40:31,120 - INFO - Epoch 36 : Training Loss: 6.6323437691, Validation Loss: 7.1805124283, Training R-squared: 0.4466895759, Validation R-squared: 0.3359112442
2023-11-23 14:40:41,534 - INFO - Epoch 37 : Training Loss: 6.6089162827, Validation Loss: 7.1690287590, Training R-squared: 0.4521636069, Validation R-squared: 0.3383018076
2023-11-23 14:40:52,105 - INFO - Epoch 38 : Training Loss: 6.5859632492, Validation Loss: 7.1856403351, Training R-squared: 0.4554464221, Validation R-squared: 0.3349039555
2023-11-23 14:41:02,564 - INFO - Epoch 39 : Training Loss: 6.5683460236, Validation Loss: 7.1602101326, Training R-squared: 0.4599150419, Validation R-squared: 0.3395200670
2023-11-23 14:41:13,401 - INFO - Epoch 40 : Training Loss: 6.5547242165, Validation Loss: 7.1329135895, Training R-squared: 0.4622750580, Validation R-squared: 0.3444507122
2023-11-23 14:41:24,169 - INFO - Epoch 41 : Training Loss: 6.5375542641, Validation Loss: 7.1467666626, Training R-squared: 0.4643298090, Validation R-squared: 0.3419049084
2023-11-23 14:41:34,670 - INFO - Epoch 42 : Training Loss: 6.5149931908, Validation Loss: 7.1661577225, Training R-squared: 0.4675931334, Validation R-squared: 0.3383105695
2023-11-23 14:41:45,094 - INFO - Epoch 43 : Training Loss: 6.5045294762, Validation Loss: 7.1530771255, Training R-squared: 0.4680189788, Validation R-squared: 0.3406831324
2023-11-23 14:41:55,589 - INFO - Epoch 44 : Training Loss: 6.4896564484, Validation Loss: 7.1619467735, Training R-squared: 0.4726923704, Validation R-squared: 0.3388268948
2023-11-23 14:42:06,126 - INFO - Epoch 45 : Training Loss: 6.4652276039, Validation Loss: 7.1570672989, Training R-squared: 0.4754288197, Validation R-squared: 0.3398146927
2023-11-23 14:42:20,144 - INFO - Model saved to models/portion_model/lunch/512_512_200_64/sparsity_50_fold_1_model.keras
2023-11-23 14:42:24,163 - INFO - Avg Metrics: RMSE: 5.8472274302, R-squared: -1.5082107458, PCC: 0.4978820883
2023-11-23 14:42:24,163 - INFO - Agg Metrics: RMSE: 7.2112822655, R-squared: 0.3422431364, PCC: 0.5899036034
2023-11-23 14:42:30,487 - INFO - ================================================================== Fold 2 ===================================================================
2023-11-23 14:42:45,570 - INFO - Epoch 1  : Training Loss: 8.7941207886, Validation Loss: 8.5787591934, Training R-squared: 0.0381835550, Validation R-squared: 0.0462567545
2023-11-23 14:42:56,191 - INFO - Epoch 2  : Training Loss: 8.5658264160, Validation Loss: 8.2787027359, Training R-squared: 0.0884891078, Validation R-squared: 0.1119368672
2023-11-23 14:43:06,854 - INFO - Epoch 3  : Training Loss: 8.2725057602, Validation Loss: 7.9227466583, Training R-squared: 0.1500147283, Validation R-squared: 0.1861564666
2023-11-23 14:43:17,603 - INFO - Epoch 4  : Training Loss: 7.8921999931, Validation Loss: 7.7126641273, Training R-squared: 0.2247204483, Validation R-squared: 0.2273795158
2023-11-23 14:43:27,968 - INFO - Epoch 5  : Training Loss: 7.7246661186, Validation Loss: 7.6279892921, Training R-squared: 0.2576805055, Validation R-squared: 0.2443414181
2023-11-23 14:43:38,390 - INFO - Epoch 6  : Training Loss: 7.6594619751, Validation Loss: 7.6221251488, Training R-squared: 0.2701035440, Validation R-squared: 0.2448908687
2023-11-23 14:43:49,397 - INFO - Epoch 7  : Training Loss: 7.6359658241, Validation Loss: 7.6013484001, Training R-squared: 0.2752822340, Validation R-squared: 0.2493887097
2023-11-23 14:44:00,532 - INFO - Epoch 8  : Training Loss: 7.6021099091, Validation Loss: 7.5826096535, Training R-squared: 0.2808659673, Validation R-squared: 0.2531104386
2023-11-23 14:44:10,987 - INFO - Epoch 9  : Training Loss: 7.5608706474, Validation Loss: 7.5774807930, Training R-squared: 0.2895688713, Validation R-squared: 0.2540237010
2023-11-23 14:44:22,027 - INFO - Epoch 10 : Training Loss: 7.5276932716, Validation Loss: 7.5686855316, Training R-squared: 0.2971252203, Validation R-squared: 0.2557060421
2023-11-23 14:44:32,603 - INFO - Epoch 11 : Training Loss: 7.4798479080, Validation Loss: 7.5362105370, Training R-squared: 0.3018820286, Validation R-squared: 0.2625991404
2023-11-23 14:44:43,027 - INFO - Epoch 12 : Training Loss: 7.4342765808, Validation Loss: 7.5013127327, Training R-squared: 0.3118315637, Validation R-squared: 0.2691185474
2023-11-23 14:44:53,607 - INFO - Epoch 13 : Training Loss: 7.3826775551, Validation Loss: 7.4715099335, Training R-squared: 0.3218129277, Validation R-squared: 0.2742950618
2023-11-23 14:45:04,132 - INFO - Epoch 14 : Training Loss: 7.3411445618, Validation Loss: 7.4407773018, Training R-squared: 0.3280113637, Validation R-squared: 0.2806814015
2023-11-23 14:45:14,844 - INFO - Epoch 15 : Training Loss: 7.3007054329, Validation Loss: 7.4557323456, Training R-squared: 0.3366339803, Validation R-squared: 0.2772233188
2023-11-23 14:45:25,544 - INFO - Epoch 16 : Training Loss: 7.2691698074, Validation Loss: 7.4280815125, Training R-squared: 0.3427377343, Validation R-squared: 0.2825648189
2023-11-23 14:45:35,897 - INFO - Epoch 17 : Training Loss: 7.2586536407, Validation Loss: 7.4120044708, Training R-squared: 0.3435210288, Validation R-squared: 0.2856750190
2023-11-23 14:45:46,229 - INFO - Epoch 18 : Training Loss: 7.2187724113, Validation Loss: 7.3902034760, Training R-squared: 0.3511852920, Validation R-squared: 0.2900029123
2023-11-23 14:45:56,669 - INFO - Epoch 19 : Training Loss: 7.1888117790, Validation Loss: 7.3718132973, Training R-squared: 0.3554487228, Validation R-squared: 0.2937135994
2023-11-23 14:46:07,001 - INFO - Epoch 20 : Training Loss: 7.1547884941, Validation Loss: 7.3529810905, Training R-squared: 0.3617398739, Validation R-squared: 0.2969789803
2023-11-23 14:46:17,843 - INFO - Epoch 21 : Training Loss: 7.1249170303, Validation Loss: 7.3301386833, Training R-squared: 0.3673859835, Validation R-squared: 0.3014903367
2023-11-23 14:46:28,288 - INFO - Epoch 22 : Training Loss: 7.0911817551, Validation Loss: 7.3117465973, Training R-squared: 0.3716051877, Validation R-squared: 0.3047189415
2023-11-23 14:46:38,716 - INFO - Epoch 23 : Training Loss: 7.0747447014, Validation Loss: 7.3368406296, Training R-squared: 0.3755554557, Validation R-squared: 0.2992402911
2023-11-23 14:46:49,204 - INFO - Epoch 24 : Training Loss: 7.0408630371, Validation Loss: 7.2861366272, Training R-squared: 0.3813173473, Validation R-squared: 0.3093943298
2023-11-23 14:46:59,814 - INFO - Epoch 25 : Training Loss: 7.0164289474, Validation Loss: 7.2904729843, Training R-squared: 0.3860195875, Validation R-squared: 0.3082991540
2023-11-23 14:47:10,342 - INFO - Epoch 26 : Training Loss: 6.9941802025, Validation Loss: 7.2515797615, Training R-squared: 0.3900398016, Validation R-squared: 0.3160401881
2023-11-23 14:47:21,092 - INFO - Epoch 27 : Training Loss: 6.9668054581, Validation Loss: 7.2596769333, Training R-squared: 0.3941532969, Validation R-squared: 0.3138923347
2023-11-23 14:47:31,433 - INFO - Epoch 28 : Training Loss: 6.9478383064, Validation Loss: 7.2557306290, Training R-squared: 0.3975925148, Validation R-squared: 0.3147107065
2023-11-23 14:47:42,079 - INFO - Epoch 29 : Training Loss: 6.9193496704, Validation Loss: 7.2276129723, Training R-squared: 0.4018709362, Validation R-squared: 0.3200637400
2023-11-23 14:47:52,537 - INFO - Epoch 30 : Training Loss: 6.8966512680, Validation Loss: 7.2234997749, Training R-squared: 0.4066427052, Validation R-squared: 0.3204074502
2023-11-23 14:48:02,942 - INFO - Epoch 31 : Training Loss: 6.8700084686, Validation Loss: 7.1882309914, Training R-squared: 0.4101541340, Validation R-squared: 0.3273604810
2023-11-23 14:48:13,368 - INFO - Epoch 32 : Training Loss: 6.8362121582, Validation Loss: 7.1887311935, Training R-squared: 0.4167785645, Validation R-squared: 0.3271599114
2023-11-23 14:48:24,032 - INFO - Epoch 33 : Training Loss: 6.8161582947, Validation Loss: 7.1847319603, Training R-squared: 0.4193824530, Validation R-squared: 0.3275810778
2023-11-23 14:48:34,464 - INFO - Epoch 34 : Training Loss: 6.7934985161, Validation Loss: 7.1533465385, Training R-squared: 0.4241645038, Validation R-squared: 0.3340063095
2023-11-23 14:48:44,988 - INFO - Epoch 35 : Training Loss: 6.7768259048, Validation Loss: 7.1597151756, Training R-squared: 0.4254480302, Validation R-squared: 0.3326860666
2023-11-23 14:48:55,440 - INFO - Epoch 36 : Training Loss: 6.7483849525, Validation Loss: 7.1477222443, Training R-squared: 0.4297528267, Validation R-squared: 0.3346691132
2023-11-23 14:49:06,007 - INFO - Epoch 37 : Training Loss: 6.7210407257, Validation Loss: 7.1086754799, Training R-squared: 0.4351868927, Validation R-squared: 0.3423317671
2023-11-23 14:49:16,734 - INFO - Epoch 38 : Training Loss: 6.7084150314, Validation Loss: 7.1794352531, Training R-squared: 0.4368227422, Validation R-squared: 0.3281864226
2023-11-23 14:49:27,502 - INFO - Epoch 39 : Training Loss: 6.6801338196, Validation Loss: 7.1835107803, Training R-squared: 0.4426310956, Validation R-squared: 0.3270953000
2023-11-23 14:49:37,993 - INFO - Epoch 40 : Training Loss: 6.6709632874, Validation Loss: 7.1381125450, Training R-squared: 0.4431726933, Validation R-squared: 0.3357708752
2023-11-23 14:49:48,527 - INFO - Epoch 41 : Training Loss: 6.6419701576, Validation Loss: 7.1595115662, Training R-squared: 0.4477176368, Validation R-squared: 0.3315900266
2023-11-23 14:49:58,898 - INFO - Epoch 42 : Training Loss: 6.6231050491, Validation Loss: 7.1058893204, Training R-squared: 0.4508974850, Validation R-squared: 0.3419409096
2023-11-23 14:50:09,354 - INFO - Epoch 43 : Training Loss: 6.5949597359, Validation Loss: 7.1058526039, Training R-squared: 0.4559496641, Validation R-squared: 0.3415879905
2023-11-23 14:50:20,437 - INFO - Epoch 44 : Training Loss: 6.5777630806, Validation Loss: 7.0792303085, Training R-squared: 0.4569767118, Validation R-squared: 0.3470255435
2023-11-23 14:50:30,889 - INFO - Epoch 45 : Training Loss: 6.5686841011, Validation Loss: 7.0817551613, Training R-squared: 0.4613644183, Validation R-squared: 0.3464685977
2023-11-23 14:50:41,314 - INFO - Epoch 46 : Training Loss: 6.5461502075, Validation Loss: 7.0717763901, Training R-squared: 0.4630290270, Validation R-squared: 0.3480654955
2023-11-23 14:50:51,764 - INFO - Epoch 47 : Training Loss: 6.5288362503, Validation Loss: 7.0828366280, Training R-squared: 0.4664953351, Validation R-squared: 0.3457551897
2023-11-23 14:51:02,362 - INFO - Epoch 48 : Training Loss: 6.5076394081, Validation Loss: 7.0986256599, Training R-squared: 0.4686944485, Validation R-squared: 0.3424428999
2023-11-23 14:51:12,820 - INFO - Epoch 49 : Training Loss: 6.4871740341, Validation Loss: 7.0774898529, Training R-squared: 0.4703364074, Validation R-squared: 0.3460935652
2023-11-23 14:51:23,700 - INFO - Epoch 50 : Training Loss: 6.4685926437, Validation Loss: 7.0984411240, Training R-squared: 0.4738264382, Validation R-squared: 0.3418698311
2023-11-23 14:51:34,064 - INFO - Epoch 51 : Training Loss: 6.4517016411, Validation Loss: 7.0803661346, Training R-squared: 0.4788805246, Validation R-squared: 0.3455814123
2023-11-23 14:51:47,529 - INFO - Model saved to models/portion_model/lunch/512_512_200_64/sparsity_50_fold_2_model.keras
2023-11-23 14:51:51,991 - INFO - Avg Metrics: RMSE: 5.8418858861, R-squared: -0.0208372612, PCC: 0.5072229667
2023-11-23 14:51:51,991 - INFO - Agg Metrics: RMSE: 7.1297453809, R-squared: 0.3501351488, PCC: 0.5985253624
2023-11-23 14:51:58,898 - INFO - ================================================================== Fold 3 ===================================================================
2023-11-23 14:52:15,849 - INFO - Epoch 1  : Training Loss: 8.7695493698, Validation Loss: 8.6728582382, Training R-squared: 0.0382153504, Validation R-squared: 0.0493292175
2023-11-23 14:52:27,242 - INFO - Epoch 2  : Training Loss: 8.5399093628, Validation Loss: 8.3628950119, Training R-squared: 0.0876350105, Validation R-squared: 0.1166829765
2023-11-23 14:52:37,719 - INFO - Epoch 3  : Training Loss: 8.2879304886, Validation Loss: 8.0012712479, Training R-squared: 0.1450508684, Validation R-squared: 0.1915006191
2023-11-23 14:52:48,199 - INFO - Epoch 4  : Training Loss: 7.8267402649, Validation Loss: 7.6948766708, Training R-squared: 0.2346522808, Validation R-squared: 0.2520039380
2023-11-23 14:52:58,716 - INFO - Epoch 5  : Training Loss: 7.6985011101, Validation Loss: 7.6659393311, Training R-squared: 0.2603552043, Validation R-squared: 0.2575225830
2023-11-23 14:53:09,257 - INFO - Epoch 6  : Training Loss: 7.6620283127, Validation Loss: 7.6571574211, Training R-squared: 0.2680986524, Validation R-squared: 0.2592434287
2023-11-23 14:53:20,031 - INFO - Epoch 7  : Training Loss: 7.6254515648, Validation Loss: 7.6459503174, Training R-squared: 0.2713494003, Validation R-squared: 0.2615450919
2023-11-23 14:53:30,561 - INFO - Epoch 8  : Training Loss: 7.5955767632, Validation Loss: 7.6350345612, Training R-squared: 0.2800946236, Validation R-squared: 0.2637026012
2023-11-23 14:53:40,930 - INFO - Epoch 9  : Training Loss: 7.5663647652, Validation Loss: 7.6306405067, Training R-squared: 0.2826986909, Validation R-squared: 0.2639572322
2023-11-23 14:53:52,737 - INFO - Epoch 10 : Training Loss: 7.5320725441, Validation Loss: 7.6179542542, Training R-squared: 0.2881427109, Validation R-squared: 0.2669790387
2023-11-23 14:54:03,511 - INFO - Epoch 11 : Training Loss: 7.4973263741, Validation Loss: 7.6072068214, Training R-squared: 0.2985661030, Validation R-squared: 0.2685687244
2023-11-23 14:54:13,901 - INFO - Epoch 12 : Training Loss: 7.4506106377, Validation Loss: 7.5719318390, Training R-squared: 0.3039504886, Validation R-squared: 0.2757478952
2023-11-23 14:54:24,871 - INFO - Epoch 13 : Training Loss: 7.4103016853, Validation Loss: 7.5382881165, Training R-squared: 0.3118267655, Validation R-squared: 0.2824617028
2023-11-23 14:54:35,394 - INFO - Epoch 14 : Training Loss: 7.3572282791, Validation Loss: 7.5035758018, Training R-squared: 0.3225691020, Validation R-squared: 0.2885304391
2023-11-23 14:54:45,841 - INFO - Epoch 15 : Training Loss: 7.3000445366, Validation Loss: 7.4568972588, Training R-squared: 0.3326818943, Validation R-squared: 0.2979981005
2023-11-23 14:54:56,252 - INFO - Epoch 16 : Training Loss: 7.2526063919, Validation Loss: 7.4269576073, Training R-squared: 0.3422898948, Validation R-squared: 0.3034913242
2023-11-23 14:55:06,886 - INFO - Epoch 17 : Training Loss: 7.2148389816, Validation Loss: 7.4047541618, Training R-squared: 0.3485999405, Validation R-squared: 0.3072873056
2023-11-23 14:55:17,720 - INFO - Epoch 18 : Training Loss: 7.1629662514, Validation Loss: 7.3709487915, Training R-squared: 0.3576158583, Validation R-squared: 0.3139213026
2023-11-23 14:55:28,606 - INFO - Epoch 19 : Training Loss: 7.1137847900, Validation Loss: 7.3544387817, Training R-squared: 0.3661662042, Validation R-squared: 0.3170324266
2023-11-23 14:55:39,079 - INFO - Epoch 20 : Training Loss: 7.0749483109, Validation Loss: 7.3288159370, Training R-squared: 0.3727012277, Validation R-squared: 0.3215200305
2023-11-23 14:55:49,528 - INFO - Epoch 21 : Training Loss: 7.0382971764, Validation Loss: 7.3172492981, Training R-squared: 0.3796025515, Validation R-squared: 0.3238206208
2023-11-23 14:55:59,981 - INFO - Epoch 22 : Training Loss: 7.0176882744, Validation Loss: 7.3136787415, Training R-squared: 0.3816216886, Validation R-squared: 0.3244296014
2023-11-23 14:56:10,432 - INFO - Epoch 23 : Training Loss: 6.9892392159, Validation Loss: 7.3450884819, Training R-squared: 0.3885562122, Validation R-squared: 0.3181599379
2023-11-23 14:56:21,495 - INFO - Epoch 24 : Training Loss: 6.9691028595, Validation Loss: 7.3066635132, Training R-squared: 0.3897843063, Validation R-squared: 0.3253774941
2023-11-23 14:56:31,963 - INFO - Epoch 25 : Training Loss: 6.9347362518, Validation Loss: 7.2960200310, Training R-squared: 0.3966790438, Validation R-squared: 0.3273101747
2023-11-23 14:56:42,346 - INFO - Epoch 26 : Training Loss: 6.9175338745, Validation Loss: 7.2737808228, Training R-squared: 0.3980925977, Validation R-squared: 0.3319092691
2023-11-23 14:56:52,824 - INFO - Epoch 27 : Training Loss: 6.8975143433, Validation Loss: 7.2721729279, Training R-squared: 0.4035718143, Validation R-squared: 0.3314635456
2023-11-23 14:57:03,292 - INFO - Epoch 28 : Training Loss: 6.8608145714, Validation Loss: 7.2472233772, Training R-squared: 0.4085616171, Validation R-squared: 0.3363518417
2023-11-23 14:57:13,941 - INFO - Epoch 29 : Training Loss: 6.8346743584, Validation Loss: 7.2512269020, Training R-squared: 0.4132668078, Validation R-squared: 0.3352993727
2023-11-23 14:57:24,735 - INFO - Epoch 30 : Training Loss: 6.8101477623, Validation Loss: 7.2459845543, Training R-squared: 0.4177432060, Validation R-squared: 0.3360992372
2023-11-23 14:57:35,097 - INFO - Epoch 31 : Training Loss: 6.7811584473, Validation Loss: 7.2268233299, Training R-squared: 0.4220682383, Validation R-squared: 0.3395136297
2023-11-23 14:57:45,590 - INFO - Epoch 32 : Training Loss: 6.7554869652, Validation Loss: 7.2113790512, Training R-squared: 0.4251236022, Validation R-squared: 0.3421691656
2023-11-23 14:57:56,170 - INFO - Epoch 33 : Training Loss: 6.7357282639, Validation Loss: 7.2180128098, Training R-squared: 0.4311589301, Validation R-squared: 0.3405945003
2023-11-23 14:58:06,555 - INFO - Epoch 34 : Training Loss: 6.7057418823, Validation Loss: 7.2336549759, Training R-squared: 0.4345575273, Validation R-squared: 0.3373176157
2023-11-23 14:58:17,081 - INFO - Epoch 35 : Training Loss: 6.6820750237, Validation Loss: 7.1984405518, Training R-squared: 0.4395389259, Validation R-squared: 0.3443386853
2023-11-23 14:58:27,566 - INFO - Epoch 36 : Training Loss: 6.6622481346, Validation Loss: 7.2023940086, Training R-squared: 0.4415198267, Validation R-squared: 0.3435933292
2023-11-23 14:58:37,982 - INFO - Epoch 37 : Training Loss: 6.6399631500, Validation Loss: 7.1531448364, Training R-squared: 0.4448073804, Validation R-squared: 0.3523609638
2023-11-23 14:58:48,432 - INFO - Epoch 38 : Training Loss: 6.6247272491, Validation Loss: 7.1342501640, Training R-squared: 0.4485571384, Validation R-squared: 0.3560315371
2023-11-23 14:58:59,094 - INFO - Epoch 39 : Training Loss: 6.5952458382, Validation Loss: 7.1783742905, Training R-squared: 0.4526286423, Validation R-squared: 0.3472514451
2023-11-23 14:59:09,518 - INFO - Epoch 40 : Training Loss: 6.5767335892, Validation Loss: 7.1451687813, Training R-squared: 0.4548988938, Validation R-squared: 0.3533033431
2023-11-23 14:59:20,395 - INFO - Epoch 41 : Training Loss: 6.5525774956, Validation Loss: 7.1725177765, Training R-squared: 0.4588675201, Validation R-squared: 0.3478043973
2023-11-23 14:59:31,016 - INFO - Epoch 42 : Training Loss: 6.5359506607, Validation Loss: 7.1729764938, Training R-squared: 0.4622615874, Validation R-squared: 0.3475506306
2023-11-23 14:59:41,443 - INFO - Epoch 43 : Training Loss: 6.5121388435, Validation Loss: 7.1111187935, Training R-squared: 0.4654722214, Validation R-squared: 0.3594054282
2023-11-23 14:59:51,866 - INFO - Epoch 44 : Training Loss: 6.4984560013, Validation Loss: 7.1333518028, Training R-squared: 0.4678486586, Validation R-squared: 0.3548538983
2023-11-23 15:00:02,292 - INFO - Epoch 45 : Training Loss: 6.4787235260, Validation Loss: 7.1347661018, Training R-squared: 0.4719503224, Validation R-squared: 0.3544241190
2023-11-23 15:00:12,770 - INFO - Epoch 46 : Training Loss: 6.4628419876, Validation Loss: 7.1377329826, Training R-squared: 0.4717939496, Validation R-squared: 0.3534039259
2023-11-23 15:00:23,549 - INFO - Epoch 47 : Training Loss: 6.4350895882, Validation Loss: 7.0926213264, Training R-squared: 0.4770147800, Validation R-squared: 0.3621042669
2023-11-23 15:00:34,098 - INFO - Epoch 48 : Training Loss: 6.4239692688, Validation Loss: 7.1080451012, Training R-squared: 0.4805533290, Validation R-squared: 0.3590112031
2023-11-23 15:00:44,633 - INFO - Epoch 49 : Training Loss: 6.4040250778, Validation Loss: 7.1322898865, Training R-squared: 0.4845308661, Validation R-squared: 0.3539419472
2023-11-23 15:00:55,118 - INFO - Epoch 50 : Training Loss: 6.3826098442, Validation Loss: 7.0835590363, Training R-squared: 0.4872981906, Validation R-squared: 0.3630315363
2023-11-23 15:01:05,601 - INFO - Epoch 51 : Training Loss: 6.3624572754, Validation Loss: 7.1598258018, Training R-squared: 0.4892130792, Validation R-squared: 0.3478414118
2023-11-23 15:01:16,374 - INFO - Epoch 52 : Training Loss: 6.3457417488, Validation Loss: 7.1073780060, Training R-squared: 0.4911357164, Validation R-squared: 0.3583769500
2023-11-23 15:01:27,605 - INFO - Epoch 53 : Training Loss: 6.3256850243, Validation Loss: 7.0976285934, Training R-squared: 0.4942165911, Validation R-squared: 0.3601052761
2023-11-23 15:01:38,166 - INFO - Epoch 54 : Training Loss: 6.3084478378, Validation Loss: 7.0888614655, Training R-squared: 0.4992561340, Validation R-squared: 0.3613643944
2023-11-23 15:01:48,553 - INFO - Epoch 55 : Training Loss: 6.2978296280, Validation Loss: 7.1413574219, Training R-squared: 0.4975441992, Validation R-squared: 0.3506868780
2023-11-23 15:02:02,569 - INFO - Model saved to models/portion_model/lunch/512_512_200_64/sparsity_50_fold_3_model.keras
2023-11-23 15:02:07,057 - INFO - Avg Metrics: RMSE: 5.7267635108, R-squared: -0.5233537870, PCC: 0.5348432752
2023-11-23 15:02:07,057 - INFO - Agg Metrics: RMSE: 7.1831119547, R-squared: 0.3577379315, PCC: 0.6050824911
2023-11-23 15:02:13,671 - INFO - ================================================================== Fold 4 ===================================================================
2023-11-23 15:02:28,724 - INFO - Epoch 1  : Training Loss: 8.7196922302, Validation Loss: 8.8599748611, Training R-squared: 0.0389502384, Validation R-squared: 0.0503179133
2023-11-23 15:02:39,184 - INFO - Epoch 2  : Training Loss: 8.4782829285, Validation Loss: 8.5335540771, Training R-squared: 0.0912274271, Validation R-squared: 0.1193461493
2023-11-23 15:02:49,672 - INFO - Epoch 3  : Training Loss: 8.1703596115, Validation Loss: 8.1306467056, Training R-squared: 0.1541641951, Validation R-squared: 0.2008403689
2023-11-23 15:03:00,298 - INFO - Epoch 4  : Training Loss: 7.7580938339, Validation Loss: 7.9118747711, Training R-squared: 0.2399632782, Validation R-squared: 0.2430478930
2023-11-23 15:03:10,782 - INFO - Epoch 5  : Training Loss: 7.6550912857, Validation Loss: 7.8904843330, Training R-squared: 0.2596749365, Validation R-squared: 0.2471511960
2023-11-23 15:03:21,626 - INFO - Epoch 6  : Training Loss: 7.6139087677, Validation Loss: 7.8663740158, Training R-squared: 0.2675488293, Validation R-squared: 0.2518545091
2023-11-23 15:03:32,129 - INFO - Epoch 7  : Training Loss: 7.5679025650, Validation Loss: 7.8349843025, Training R-squared: 0.2760054469, Validation R-squared: 0.2576077878
2023-11-23 15:03:42,447 - INFO - Epoch 8  : Training Loss: 7.5190739632, Validation Loss: 7.8182868958, Training R-squared: 0.2847148478, Validation R-squared: 0.2604458928
2023-11-23 15:03:53,706 - INFO - Epoch 9  : Training Loss: 7.4874124527, Validation Loss: 7.7996616364, Training R-squared: 0.2902551293, Validation R-squared: 0.2644996941
2023-11-23 15:04:04,272 - INFO - Epoch 10 : Training Loss: 7.4535350800, Validation Loss: 7.7842435837, Training R-squared: 0.2966707051, Validation R-squared: 0.2677171826
2023-11-23 15:04:14,651 - INFO - Epoch 11 : Training Loss: 7.4108076096, Validation Loss: 7.7505097389, Training R-squared: 0.3055215180, Validation R-squared: 0.2740034461
2023-11-23 15:04:25,430 - INFO - Epoch 12 : Training Loss: 7.3652873039, Validation Loss: 7.7241516113, Training R-squared: 0.3136492372, Validation R-squared: 0.2787148654
2023-11-23 15:04:36,114 - INFO - Epoch 13 : Training Loss: 7.3261938095, Validation Loss: 7.6942243576, Training R-squared: 0.3209231794, Validation R-squared: 0.2843652964
2023-11-23 15:04:46,681 - INFO - Epoch 14 : Training Loss: 7.2846937180, Validation Loss: 7.6763319969, Training R-squared: 0.3285572529, Validation R-squared: 0.2872943580
2023-11-23 15:04:57,096 - INFO - Epoch 15 : Training Loss: 7.2325043678, Validation Loss: 7.6372361183, Training R-squared: 0.3371273577, Validation R-squared: 0.2947138846
2023-11-23 15:05:07,612 - INFO - Epoch 16 : Training Loss: 7.1867265701, Validation Loss: 7.6095232964, Training R-squared: 0.3453238010, Validation R-squared: 0.3001479805
2023-11-23 15:05:18,402 - INFO - Epoch 17 : Training Loss: 7.1517658234, Validation Loss: 7.5847501755, Training R-squared: 0.3502176404, Validation R-squared: 0.3047491014
2023-11-23 15:05:28,812 - INFO - Epoch 18 : Training Loss: 7.1110439301, Validation Loss: 7.5706682205, Training R-squared: 0.3598833084, Validation R-squared: 0.3068172038
2023-11-23 15:05:39,330 - INFO - Epoch 19 : Training Loss: 7.0742359161, Validation Loss: 7.5437784195, Training R-squared: 0.3655157387, Validation R-squared: 0.3119660914
2023-11-23 15:05:49,831 - INFO - Epoch 20 : Training Loss: 7.0400981903, Validation Loss: 7.5371303558, Training R-squared: 0.3735013008, Validation R-squared: 0.3126798570
2023-11-23 15:06:00,325 - INFO - Epoch 21 : Training Loss: 7.0062108040, Validation Loss: 7.5268039703, Training R-squared: 0.3775809407, Validation R-squared: 0.3144569099
2023-11-23 15:06:10,759 - INFO - Epoch 22 : Training Loss: 6.9841451645, Validation Loss: 7.5288186073, Training R-squared: 0.3835931420, Validation R-squared: 0.3134968579
2023-11-23 15:06:21,715 - INFO - Epoch 23 : Training Loss: 6.9614019394, Validation Loss: 7.4865651131, Training R-squared: 0.3855563402, Validation R-squared: 0.3218888938
2023-11-23 15:06:32,247 - INFO - Epoch 24 : Training Loss: 6.9237475395, Validation Loss: 7.4694128036, Training R-squared: 0.3922952712, Validation R-squared: 0.3248412311
2023-11-23 15:06:42,688 - INFO - Epoch 25 : Training Loss: 6.8815879822, Validation Loss: 7.4394321442, Training R-squared: 0.4009780586, Validation R-squared: 0.3301862180
2023-11-23 15:06:53,280 - INFO - Epoch 26 : Training Loss: 6.8584399223, Validation Loss: 7.4471178055, Training R-squared: 0.4050186872, Validation R-squared: 0.3282414973
2023-11-23 15:07:03,741 - INFO - Epoch 27 : Training Loss: 6.8287024498, Validation Loss: 7.4277391434, Training R-squared: 0.4108867943, Validation R-squared: 0.3319051564
2023-11-23 15:07:14,203 - INFO - Epoch 28 : Training Loss: 6.8019099236, Validation Loss: 7.3905758858, Training R-squared: 0.4147380292, Validation R-squared: 0.3389203846
2023-11-23 15:07:24,897 - INFO - Epoch 29 : Training Loss: 6.7793693542, Validation Loss: 7.3966917992, Training R-squared: 0.4161073267, Validation R-squared: 0.3374409378
2023-11-23 15:07:35,345 - INFO - Epoch 30 : Training Loss: 6.7624893188, Validation Loss: 7.4132633209, Training R-squared: 0.4200815856, Validation R-squared: 0.3339301050
2023-11-23 15:07:45,833 - INFO - Epoch 31 : Training Loss: 6.7377433777, Validation Loss: 7.4073719978, Training R-squared: 0.4248332977, Validation R-squared: 0.3347937167
2023-11-23 15:07:56,297 - INFO - Epoch 32 : Training Loss: 6.7085204124, Validation Loss: 7.3633933067, Training R-squared: 0.4284376800, Validation R-squared: 0.3432278633
2023-11-23 15:08:06,802 - INFO - Epoch 33 : Training Loss: 6.6896982193, Validation Loss: 7.3520417213, Training R-squared: 0.4325418472, Validation R-squared: 0.3451096714
2023-11-23 15:08:17,527 - INFO - Epoch 34 : Training Loss: 6.6618208885, Validation Loss: 7.3633165359, Training R-squared: 0.4366645813, Validation R-squared: 0.3427491486
2023-11-23 15:08:28,049 - INFO - Epoch 35 : Training Loss: 6.6338920593, Validation Loss: 7.3522558212, Training R-squared: 0.4413813949, Validation R-squared: 0.3449347317
2023-11-23 15:08:38,566 - INFO - Epoch 36 : Training Loss: 6.6048893929, Validation Loss: 7.3061866760, Training R-squared: 0.4466989636, Validation R-squared: 0.3536337614
2023-11-23 15:08:49,140 - INFO - Epoch 37 : Training Loss: 6.5854539871, Validation Loss: 7.3142552376, Training R-squared: 0.4494584799, Validation R-squared: 0.3516510725
2023-11-23 15:08:59,636 - INFO - Epoch 38 : Training Loss: 6.5619058609, Validation Loss: 7.2786931992, Training R-squared: 0.4525020719, Validation R-squared: 0.3578473330
2023-11-23 15:09:10,126 - INFO - Epoch 39 : Training Loss: 6.5312938690, Validation Loss: 7.2947430611, Training R-squared: 0.4579859674, Validation R-squared: 0.3546821773
2023-11-23 15:09:20,746 - INFO - Epoch 40 : Training Loss: 6.5167651176, Validation Loss: 7.2664079666, Training R-squared: 0.4603087902, Validation R-squared: 0.3598144352
2023-11-23 15:09:31,421 - INFO - Epoch 41 : Training Loss: 6.4903759956, Validation Loss: 7.2883377075, Training R-squared: 0.4645546675, Validation R-squared: 0.3552114069
2023-11-23 15:09:42,003 - INFO - Epoch 42 : Training Loss: 6.4596290588, Validation Loss: 7.2542223930, Training R-squared: 0.4695584774, Validation R-squared: 0.3615579307
2023-11-23 15:09:52,499 - INFO - Epoch 43 : Training Loss: 6.4490084648, Validation Loss: 7.2888169289, Training R-squared: 0.4706570804, Validation R-squared: 0.3549307287
2023-11-23 15:10:02,856 - INFO - Epoch 44 : Training Loss: 6.4419274330, Validation Loss: 7.2495713234, Training R-squared: 0.4728487134, Validation R-squared: 0.3617249429
2023-11-23 15:10:13,288 - INFO - Epoch 45 : Training Loss: 6.4123344421, Validation Loss: 7.2458286285, Training R-squared: 0.4759701192, Validation R-squared: 0.3625960648
2023-11-23 15:10:24,100 - INFO - Epoch 46 : Training Loss: 6.4053325653, Validation Loss: 7.2531409264, Training R-squared: 0.4779056311, Validation R-squared: 0.3608871996
2023-11-23 15:10:34,560 - INFO - Epoch 47 : Training Loss: 6.3791971207, Validation Loss: 7.2473187447, Training R-squared: 0.4808085561, Validation R-squared: 0.3615613282
2023-11-23 15:10:45,283 - INFO - Epoch 48 : Training Loss: 6.3755950928, Validation Loss: 7.2179379463, Training R-squared: 0.4823321402, Validation R-squared: 0.3670120239
2023-11-23 15:10:55,946 - INFO - Epoch 49 : Training Loss: 6.3648715019, Validation Loss: 7.2720832825, Training R-squared: 0.4848494232, Validation R-squared: 0.3569588661
2023-11-23 15:11:06,483 - INFO - Epoch 50 : Training Loss: 6.3471827507, Validation Loss: 7.2477183342, Training R-squared: 0.4843928814, Validation R-squared: 0.3612885475
2023-11-23 15:11:17,294 - INFO - Epoch 51 : Training Loss: 6.3297438622, Validation Loss: 7.2439870834, Training R-squared: 0.4891729653, Validation R-squared: 0.3617886603
2023-11-23 15:11:27,808 - INFO - Epoch 52 : Training Loss: 6.3226141930, Validation Loss: 7.2479596138, Training R-squared: 0.4907364845, Validation R-squared: 0.3611529768
2023-11-23 15:11:38,311 - INFO - Epoch 53 : Training Loss: 6.3067131042, Validation Loss: 7.2654843330, Training R-squared: 0.4933386445, Validation R-squared: 0.3576030731
2023-11-23 15:11:51,815 - INFO - Model saved to models/portion_model/lunch/512_512_200_64/sparsity_50_fold_4_model.keras
2023-11-23 15:11:56,836 - INFO - Avg Metrics: RMSE: 5.8483136015, R-squared: -1.4146911021, PCC: 0.5236475045
2023-11-23 15:11:56,836 - INFO - Agg Metrics: RMSE: 7.2995124170, R-squared: 0.3661661139, PCC: 0.6084843608
2023-11-23 15:12:03,348 - INFO - ================================================================== Fold 5 ===================================================================
2023-11-23 15:12:19,673 - INFO - Epoch 1  : Training Loss: 8.7306690216, Validation Loss: 8.8218030930, Training R-squared: 0.0380970612, Validation R-squared: 0.0521081723
2023-11-23 15:12:30,290 - INFO - Epoch 2  : Training Loss: 8.4921808243, Validation Loss: 8.4686040878, Training R-squared: 0.0904145166, Validation R-squared: 0.1278695315
2023-11-23 15:12:40,858 - INFO - Epoch 3  : Training Loss: 8.1285905838, Validation Loss: 8.0011930466, Training R-squared: 0.1655111760, Validation R-squared: 0.2226231545
2023-11-23 15:12:51,547 - INFO - Epoch 4  : Training Loss: 7.7823262215, Validation Loss: 7.8500151634, Training R-squared: 0.2339983881, Validation R-squared: 0.2514078915
2023-11-23 15:13:01,989 - INFO - Epoch 5  : Training Loss: 7.6656770706, Validation Loss: 7.8223953247, Training R-squared: 0.2583987415, Validation R-squared: 0.2568411529
2023-11-23 15:13:12,496 - INFO - Epoch 6  : Training Loss: 7.6195631027, Validation Loss: 7.7981786728, Training R-squared: 0.2657317817, Validation R-squared: 0.2618465126
2023-11-23 15:13:23,181 - INFO - Epoch 7  : Training Loss: 7.5635752678, Validation Loss: 7.7684068680, Training R-squared: 0.2767715752, Validation R-squared: 0.2676236331
2023-11-23 15:13:33,633 - INFO - Epoch 8  : Training Loss: 7.5016818047, Validation Loss: 7.7288274765, Training R-squared: 0.2888340652, Validation R-squared: 0.2754352391
2023-11-23 15:13:44,242 - INFO - Epoch 9  : Training Loss: 7.4531574249, Validation Loss: 7.7016897202, Training R-squared: 0.2973205149, Validation R-squared: 0.2807535827
2023-11-23 15:13:55,624 - INFO - Epoch 10 : Training Loss: 7.4130363464, Validation Loss: 7.6767072678, Training R-squared: 0.3042648435, Validation R-squared: 0.2854573429
2023-11-23 15:14:06,352 - INFO - Epoch 11 : Training Loss: 7.3696446419, Validation Loss: 7.6636018753, Training R-squared: 0.3127666712, Validation R-squared: 0.2878392041
2023-11-23 15:14:17,991 - INFO - Epoch 12 : Training Loss: 7.3536334038, Validation Loss: 7.6514215469, Training R-squared: 0.3159478009, Validation R-squared: 0.2903128266
2023-11-23 15:14:28,958 - INFO - Epoch 13 : Training Loss: 7.3049201965, Validation Loss: 7.6268248558, Training R-squared: 0.3227590322, Validation R-squared: 0.2948347330
2023-11-23 15:14:39,984 - INFO - Epoch 14 : Training Loss: 7.2599506378, Validation Loss: 7.5970568657, Training R-squared: 0.3329831660, Validation R-squared: 0.3004639745
2023-11-23 15:14:50,481 - INFO - Epoch 15 : Training Loss: 7.2019181252, Validation Loss: 7.5742945671, Training R-squared: 0.3427662551, Validation R-squared: 0.3048005104
2023-11-23 15:15:01,133 - INFO - Epoch 16 : Training Loss: 7.1635556221, Validation Loss: 7.5569481850, Training R-squared: 0.3501539826, Validation R-squared: 0.3078632057
2023-11-23 15:15:11,595 - INFO - Epoch 17 : Training Loss: 7.1321601868, Validation Loss: 7.5458173752, Training R-squared: 0.3507061303, Validation R-squared: 0.3101796210
2023-11-23 15:15:22,236 - INFO - Epoch 18 : Training Loss: 7.1026506424, Validation Loss: 7.5268249512, Training R-squared: 0.3609522581, Validation R-squared: 0.3136095405
2023-11-23 15:15:32,686 - INFO - Epoch 19 : Training Loss: 7.0683064461, Validation Loss: 7.5270490646, Training R-squared: 0.3653987646, Validation R-squared: 0.3131557405
2023-11-23 15:15:43,164 - INFO - Epoch 20 : Training Loss: 7.0463232994, Validation Loss: 7.5111570358, Training R-squared: 0.3709520400, Validation R-squared: 0.3162506819
2023-11-23 15:15:53,595 - INFO - Epoch 21 : Training Loss: 7.0182137489, Validation Loss: 7.4942293167, Training R-squared: 0.3750157058, Validation R-squared: 0.3194688857
2023-11-23 15:16:04,010 - INFO - Epoch 22 : Training Loss: 6.9939293861, Validation Loss: 7.4879426956, Training R-squared: 0.3807848692, Validation R-squared: 0.3204981387
2023-11-23 15:16:14,437 - INFO - Epoch 23 : Training Loss: 6.9539022446, Validation Loss: 7.4756202698, Training R-squared: 0.3870964646, Validation R-squared: 0.3227643967
2023-11-23 15:16:25,169 - INFO - Epoch 24 : Training Loss: 6.9282326698, Validation Loss: 7.4725441933, Training R-squared: 0.3909343481, Validation R-squared: 0.3232676983
2023-11-23 15:16:35,619 - INFO - Epoch 25 : Training Loss: 6.8853716850, Validation Loss: 7.4450030327, Training R-squared: 0.3993014693, Validation R-squared: 0.3284968734
2023-11-23 15:16:46,180 - INFO - Epoch 26 : Training Loss: 6.8618869781, Validation Loss: 7.4481902122, Training R-squared: 0.4016110003, Validation R-squared: 0.3276273012
2023-11-23 15:16:56,597 - INFO - Epoch 27 : Training Loss: 6.8372063637, Validation Loss: 7.4067821503, Training R-squared: 0.4055686891, Validation R-squared: 0.3354040682
2023-11-23 15:17:07,311 - INFO - Epoch 28 : Training Loss: 6.8073277473, Validation Loss: 7.4428319931, Training R-squared: 0.4115391970, Validation R-squared: 0.3285892010
2023-11-23 15:17:18,279 - INFO - Epoch 29 : Training Loss: 6.7757658958, Validation Loss: 7.4009094238, Training R-squared: 0.4157396257, Validation R-squared: 0.3363525867
2023-11-23 15:17:28,816 - INFO - Epoch 30 : Training Loss: 6.7476959229, Validation Loss: 7.3977947235, Training R-squared: 0.4208110273, Validation R-squared: 0.3366250694
2023-11-23 15:17:39,151 - INFO - Epoch 31 : Training Loss: 6.7162604332, Validation Loss: 7.3761386871, Training R-squared: 0.4264591336, Validation R-squared: 0.3409671783
2023-11-23 15:17:49,650 - INFO - Epoch 32 : Training Loss: 6.6950702667, Validation Loss: 7.3892145157, Training R-squared: 0.4301261008, Validation R-squared: 0.3381706774
2023-11-23 15:18:00,196 - INFO - Epoch 33 : Training Loss: 6.6718859673, Validation Loss: 7.3809933662, Training R-squared: 0.4340816438, Validation R-squared: 0.3395852745
2023-11-23 15:18:10,586 - INFO - Epoch 34 : Training Loss: 6.6488676071, Validation Loss: 7.3868165016, Training R-squared: 0.4381740093, Validation R-squared: 0.3384448290
2023-11-23 15:18:21,281 - INFO - Epoch 35 : Training Loss: 6.6281542778, Validation Loss: 7.3567438126, Training R-squared: 0.4401887655, Validation R-squared: 0.3440607786
2023-11-23 15:18:31,714 - INFO - Epoch 36 : Training Loss: 6.6057748795, Validation Loss: 7.3707876205, Training R-squared: 0.4469537437, Validation R-squared: 0.3412022889
2023-11-23 15:18:42,213 - INFO - Epoch 37 : Training Loss: 6.5823106766, Validation Loss: 7.3557748795, Training R-squared: 0.4498932958, Validation R-squared: 0.3439253867
2023-11-23 15:18:52,929 - INFO - Epoch 38 : Training Loss: 6.5699591637, Validation Loss: 7.3913798332, Training R-squared: 0.4505321085, Validation R-squared: 0.3372650146
2023-11-23 15:19:03,476 - INFO - Epoch 39 : Training Loss: 6.5399007797, Validation Loss: 7.3799057007, Training R-squared: 0.4556637704, Validation R-squared: 0.3393171728
2023-11-23 15:19:13,916 - INFO - Epoch 40 : Training Loss: 6.5318751335, Validation Loss: 7.3825306892, Training R-squared: 0.4561282694, Validation R-squared: 0.3388597667
2023-11-23 15:19:24,697 - INFO - Epoch 41 : Training Loss: 6.5156555176, Validation Loss: 7.3587236404, Training R-squared: 0.4581733346, Validation R-squared: 0.3432198465
2023-11-23 15:19:35,096 - INFO - Epoch 42 : Training Loss: 6.4925670624, Validation Loss: 7.3219695091, Training R-squared: 0.4631840885, Validation R-squared: 0.3501280546
2023-11-23 15:19:45,609 - INFO - Epoch 43 : Training Loss: 6.4810118675, Validation Loss: 7.3459334373, Training R-squared: 0.4639539719, Validation R-squared: 0.3456877768
2023-11-23 15:19:56,231 - INFO - Epoch 44 : Training Loss: 6.4728889465, Validation Loss: 7.3498015404, Training R-squared: 0.4670854509, Validation R-squared: 0.3448964059
2023-11-23 15:20:06,833 - INFO - Epoch 45 : Training Loss: 6.4512934685, Validation Loss: 7.3461279869, Training R-squared: 0.4680361152, Validation R-squared: 0.3454643488
2023-11-23 15:20:17,572 - INFO - Epoch 46 : Training Loss: 6.4324388504, Validation Loss: 7.3124303818, Training R-squared: 0.4714663029, Validation R-squared: 0.3516222239
2023-11-23 15:20:28,142 - INFO - Epoch 47 : Training Loss: 6.4214234352, Validation Loss: 7.3605690002, Training R-squared: 0.4746398628, Validation R-squared: 0.3426363468
2023-11-23 15:20:38,595 - INFO - Epoch 48 : Training Loss: 6.4066781998, Validation Loss: 7.3569002151, Training R-squared: 0.4750569761, Validation R-squared: 0.3430722952
2023-11-23 15:20:49,139 - INFO - Epoch 49 : Training Loss: 6.3930935860, Validation Loss: 7.3416857719, Training R-squared: 0.4781123102, Validation R-squared: 0.3458666801
2023-11-23 15:20:59,724 - INFO - Epoch 50 : Training Loss: 6.3795661926, Validation Loss: 7.3233804703, Training R-squared: 0.4812678993, Validation R-squared: 0.3490990400
2023-11-23 15:21:10,169 - INFO - Epoch 51 : Training Loss: 6.3725409508, Validation Loss: 7.3226599693, Training R-squared: 0.4831300080, Validation R-squared: 0.3493808210
2023-11-23 15:21:24,305 - INFO - Model saved to models/portion_model/lunch/512_512_200_64/sparsity_50_fold_5_model.keras
2023-11-23 15:21:28,571 - INFO - Avg Metrics: RMSE: 5.9051508436, R-squared: -1.5084894208, PCC: 0.5181822684
2023-11-23 15:21:28,571 - INFO - Agg Metrics: RMSE: 7.4630054211, R-squared: 0.3367812298, PCC: 0.5851289763
2023-11-23 15:21:40,423 - INFO - ================================================================== Results Summary ===================================================================
2023-11-23 15:21:40,423 - INFO - CrossVal Metrics (Avg.) - RMSE: 5.8338682544 ± 0.0583164671, R2: -0.9951164634 ± 0.0583164671, PCC: 0.5163556206 ± 0.0583164671
2023-11-23 15:21:40,423 - INFO - Testing  Metrics (Avg.) - RMSE: 5.9761512101, R2: -0.1554285527, PCC: 0.5002000981
2023-11-23 15:21:40,424 - INFO - CrossVal Metrics (Agg.) - RMSE: 7.2573314879 ± 0.0583164671, R2: 0.3506127121 ± 0.0583164671, PCC: 0.5974249588 ± 0.0583164671
2023-11-23 15:21:40,424 - INFO - Testing  Metrics (Agg.) - RMSE: 7.5946955694, R2: 0.3326004035, PCC: 0.5800342719
