2023-11-23 17:18:14,613 - INFO - Training model at 70% sparse columns removed...
2023-11-23 17:18:22,165 - INFO - ================================================================== Fold 1 ===================================================================
2023-11-23 17:18:32,026 - INFO - Epoch 1  : Training Loss: 11.1522092819, Validation Loss: 10.9936151505, Training R-squared: 0.0378989875, Validation R-squared: 0.0444168933
2023-11-23 17:18:38,431 - INFO - Epoch 2  : Training Loss: 10.9478502274, Validation Loss: 10.5916318893, Training R-squared: 0.0741318837, Validation R-squared: 0.1136367470
2023-11-23 17:18:44,674 - INFO - Epoch 3  : Training Loss: 10.4699544907, Validation Loss: 10.0128498077, Training R-squared: 0.1539642811, Validation R-squared: 0.2081362158
2023-11-23 17:18:50,827 - INFO - Epoch 4  : Training Loss: 9.9151325226, Validation Loss: 9.7602376938, Training R-squared: 0.2399071455, Validation R-squared: 0.2467636764
2023-11-23 17:18:56,954 - INFO - Epoch 5  : Training Loss: 9.7709493637, Validation Loss: 9.7158632278, Training R-squared: 0.2644914091, Validation R-squared: 0.2534937561
2023-11-23 17:19:03,137 - INFO - Epoch 6  : Training Loss: 9.6921491623, Validation Loss: 9.6726226807, Training R-squared: 0.2740901411, Validation R-squared: 0.2604765296
2023-11-23 17:19:09,464 - INFO - Epoch 7  : Training Loss: 9.6162414551, Validation Loss: 9.6265249252, Training R-squared: 0.2847458422, Validation R-squared: 0.2672456205
2023-11-23 17:19:15,659 - INFO - Epoch 8  : Training Loss: 9.5310096741, Validation Loss: 9.5917062759, Training R-squared: 0.2967098355, Validation R-squared: 0.2727849483
2023-11-23 17:19:22,015 - INFO - Epoch 9  : Training Loss: 9.4829797745, Validation Loss: 9.5712127686, Training R-squared: 0.3049561977, Validation R-squared: 0.2756300867
2023-11-23 17:19:28,196 - INFO - Epoch 10 : Training Loss: 9.4261865616, Validation Loss: 9.5312709808, Training R-squared: 0.3130520284, Validation R-squared: 0.2819830477
2023-11-23 17:19:34,504 - INFO - Epoch 11 : Training Loss: 9.3544206619, Validation Loss: 9.5045480728, Training R-squared: 0.3232659400, Validation R-squared: 0.2865177095
2023-11-23 17:19:40,884 - INFO - Epoch 12 : Training Loss: 9.3041887283, Validation Loss: 9.4628496170, Training R-squared: 0.3307773173, Validation R-squared: 0.2925530076
2023-11-23 17:19:47,031 - INFO - Epoch 13 : Training Loss: 9.2490959167, Validation Loss: 9.4315338135, Training R-squared: 0.3387912214, Validation R-squared: 0.2970160842
2023-11-23 17:19:53,341 - INFO - Epoch 14 : Training Loss: 9.1945037842, Validation Loss: 9.3964977264, Training R-squared: 0.3460695446, Validation R-squared: 0.3023163676
2023-11-23 17:19:59,622 - INFO - Epoch 15 : Training Loss: 9.1342983246, Validation Loss: 9.3548431396, Training R-squared: 0.3546124697, Validation R-squared: 0.3086526096
2023-11-23 17:20:05,867 - INFO - Epoch 16 : Training Loss: 9.0743427277, Validation Loss: 9.3168973923, Training R-squared: 0.3635886610, Validation R-squared: 0.3144322932
2023-11-23 17:20:11,932 - INFO - Epoch 17 : Training Loss: 9.0074396133, Validation Loss: 9.2855272293, Training R-squared: 0.3718749583, Validation R-squared: 0.3190561533
2023-11-23 17:20:18,380 - INFO - Epoch 18 : Training Loss: 8.9785490036, Validation Loss: 9.2598180771, Training R-squared: 0.3763400912, Validation R-squared: 0.3226838112
2023-11-23 17:20:24,848 - INFO - Epoch 19 : Training Loss: 8.9179830551, Validation Loss: 9.2259635925, Training R-squared: 0.3851214945, Validation R-squared: 0.3276179731
2023-11-23 17:20:31,009 - INFO - Epoch 20 : Training Loss: 8.8882865906, Validation Loss: 9.1915187836, Training R-squared: 0.3887699246, Validation R-squared: 0.3330572546
2023-11-23 17:20:37,271 - INFO - Epoch 21 : Training Loss: 8.8440017700, Validation Loss: 9.1793718338, Training R-squared: 0.3954910934, Validation R-squared: 0.3342799544
2023-11-23 17:20:43,487 - INFO - Epoch 22 : Training Loss: 8.8124027252, Validation Loss: 9.1423110962, Training R-squared: 0.3983045816, Validation R-squared: 0.3398265839
2023-11-23 17:20:49,803 - INFO - Epoch 23 : Training Loss: 8.7653627396, Validation Loss: 9.1370029449, Training R-squared: 0.4051049352, Validation R-squared: 0.3404680192
2023-11-23 17:20:56,065 - INFO - Epoch 24 : Training Loss: 8.7349309921, Validation Loss: 9.1120309830, Training R-squared: 0.4091491401, Validation R-squared: 0.3441008031
2023-11-23 17:21:02,139 - INFO - Epoch 25 : Training Loss: 8.6999378204, Validation Loss: 9.0823202133, Training R-squared: 0.4150660932, Validation R-squared: 0.3483721316
2023-11-23 17:21:08,299 - INFO - Epoch 26 : Training Loss: 8.6653718948, Validation Loss: 9.0525321960, Training R-squared: 0.4183213711, Validation R-squared: 0.3526284993
2023-11-23 17:21:14,540 - INFO - Epoch 27 : Training Loss: 8.6202945709, Validation Loss: 9.0280094147, Training R-squared: 0.4249551296, Validation R-squared: 0.3561047614
2023-11-23 17:21:21,277 - INFO - Epoch 28 : Training Loss: 8.5792522430, Validation Loss: 9.0113906860, Training R-squared: 0.4308216274, Validation R-squared: 0.3584318459
2023-11-23 17:21:27,396 - INFO - Epoch 29 : Training Loss: 8.5265016556, Validation Loss: 9.0221109390, Training R-squared: 0.4373520017, Validation R-squared: 0.3564023972
2023-11-23 17:21:33,737 - INFO - Epoch 30 : Training Loss: 8.5063781738, Validation Loss: 8.9661102295, Training R-squared: 0.4382914603, Validation R-squared: 0.3648673892
2023-11-23 17:21:40,099 - INFO - Epoch 31 : Training Loss: 8.4629325867, Validation Loss: 8.9415550232, Training R-squared: 0.4429925680, Validation R-squared: 0.3684360683
2023-11-23 17:21:46,228 - INFO - Epoch 32 : Training Loss: 8.4302787781, Validation Loss: 8.9347085953, Training R-squared: 0.4480824172, Validation R-squared: 0.3689460158
2023-11-23 17:21:52,484 - INFO - Epoch 33 : Training Loss: 8.4004936218, Validation Loss: 8.9045639038, Training R-squared: 0.4538966417, Validation R-squared: 0.3737258017
2023-11-23 17:21:58,735 - INFO - Epoch 34 : Training Loss: 8.3669462204, Validation Loss: 8.9035406113, Training R-squared: 0.4571942091, Validation R-squared: 0.3733744919
2023-11-23 17:22:05,002 - INFO - Epoch 35 : Training Loss: 8.3479452133, Validation Loss: 8.8874835968, Training R-squared: 0.4582277834, Validation R-squared: 0.3757467866
2023-11-23 17:22:11,116 - INFO - Epoch 36 : Training Loss: 8.3205804825, Validation Loss: 8.8851394653, Training R-squared: 0.4623698592, Validation R-squared: 0.3758767545
2023-11-23 17:22:17,394 - INFO - Epoch 37 : Training Loss: 8.3024768829, Validation Loss: 8.8918514252, Training R-squared: 0.4653474987, Validation R-squared: 0.3748635650
2023-11-23 17:22:23,668 - INFO - Epoch 38 : Training Loss: 8.2697553635, Validation Loss: 8.8609676361, Training R-squared: 0.4697713256, Validation R-squared: 0.3791255355
2023-11-23 17:22:30,010 - INFO - Epoch 39 : Training Loss: 8.2602834702, Validation Loss: 8.8553504944, Training R-squared: 0.4722338021, Validation R-squared: 0.3802039027
2023-11-23 17:22:36,337 - INFO - Epoch 40 : Training Loss: 8.2174224854, Validation Loss: 8.8456411362, Training R-squared: 0.4758003056, Validation R-squared: 0.3812278807
2023-11-23 17:22:42,826 - INFO - Epoch 41 : Training Loss: 8.2090854645, Validation Loss: 8.8005046844, Training R-squared: 0.4762783647, Validation R-squared: 0.3879841566
2023-11-23 17:22:49,161 - INFO - Epoch 42 : Training Loss: 8.1903505325, Validation Loss: 8.8327541351, Training R-squared: 0.4799740016, Validation R-squared: 0.3832347691
2023-11-23 17:22:55,600 - INFO - Epoch 43 : Training Loss: 8.1735010147, Validation Loss: 8.8226165771, Training R-squared: 0.4807519317, Validation R-squared: 0.3845684528
2023-11-23 17:23:01,692 - INFO - Epoch 44 : Training Loss: 8.1482810974, Validation Loss: 8.8432540894, Training R-squared: 0.4851924181, Validation R-squared: 0.3812736571
2023-11-23 17:23:07,808 - INFO - Epoch 45 : Training Loss: 8.1211786270, Validation Loss: 8.8216161728, Training R-squared: 0.4877046347, Validation R-squared: 0.3844115436
2023-11-23 17:23:14,048 - INFO - Epoch 46 : Training Loss: 8.1015787125, Validation Loss: 8.8181753159, Training R-squared: 0.4901325107, Validation R-squared: 0.3849150240
2023-11-23 17:23:25,751 - INFO - Model saved to models/portion_model/lunch/512_512_200_64/sparsity_70_fold_1_model.keras
2023-11-23 17:23:30,413 - INFO - Avg Metrics: RMSE: 7.1359416020, R-squared: 0.0622918052, PCC: 0.5305978139
2023-11-23 17:23:30,414 - INFO - Agg Metrics: RMSE: 8.8962783491, R-squared: 0.3818110895, PCC: 0.6194219053
2023-11-23 17:23:37,648 - INFO - ================================================================== Fold 2 ===================================================================
2023-11-23 17:23:47,862 - INFO - Epoch 1  : Training Loss: 11.1358861923, Validation Loss: 11.0672245026, Training R-squared: 0.0380206183, Validation R-squared: 0.0457972363
2023-11-23 17:23:55,186 - INFO - Epoch 2  : Training Loss: 10.9622621536, Validation Loss: 10.6873760223, Training R-squared: 0.0686448589, Validation R-squared: 0.1106551886
2023-11-23 17:24:01,369 - INFO - Epoch 3  : Training Loss: 10.5234155655, Validation Loss: 10.1597824097, Training R-squared: 0.1408931464, Validation R-squared: 0.1966819465
2023-11-23 17:24:07,428 - INFO - Epoch 4  : Training Loss: 9.9692373276, Validation Loss: 9.8087987900, Training R-squared: 0.2305348516, Validation R-squared: 0.2506545186
2023-11-23 17:24:13,565 - INFO - Epoch 5  : Training Loss: 9.7773447037, Validation Loss: 9.7512769699, Training R-squared: 0.2583259642, Validation R-squared: 0.2596879303
2023-11-23 17:24:20,839 - INFO - Epoch 6  : Training Loss: 9.6961631775, Validation Loss: 9.7125844955, Training R-squared: 0.2711942792, Validation R-squared: 0.2652268112
2023-11-23 17:24:27,004 - INFO - Epoch 7  : Training Loss: 9.6534090042, Validation Loss: 9.6965961456, Training R-squared: 0.2751913369, Validation R-squared: 0.2678314745
2023-11-23 17:24:33,082 - INFO - Epoch 8  : Training Loss: 9.6112728119, Validation Loss: 9.6478309631, Training R-squared: 0.2843013406, Validation R-squared: 0.2750893235
2023-11-23 17:24:39,464 - INFO - Epoch 9  : Training Loss: 9.5238056183, Validation Loss: 9.6106691360, Training R-squared: 0.2937728763, Validation R-squared: 0.2810965776
2023-11-23 17:24:45,801 - INFO - Epoch 10 : Training Loss: 9.4583606720, Validation Loss: 9.5471553802, Training R-squared: 0.3049517572, Validation R-squared: 0.2904804349
2023-11-23 17:24:52,055 - INFO - Epoch 11 : Training Loss: 9.3985595703, Validation Loss: 9.4828338623, Training R-squared: 0.3152569830, Validation R-squared: 0.2997606993
2023-11-23 17:24:58,117 - INFO - Epoch 12 : Training Loss: 9.3210744858, Validation Loss: 9.4485330582, Training R-squared: 0.3261893094, Validation R-squared: 0.3043579757
2023-11-23 17:25:04,507 - INFO - Epoch 13 : Training Loss: 9.2698926926, Validation Loss: 9.4230270386, Training R-squared: 0.3326759934, Validation R-squared: 0.3087094724
2023-11-23 17:25:10,790 - INFO - Epoch 14 : Training Loss: 9.2226915359, Validation Loss: 9.3856277466, Training R-squared: 0.3398403525, Validation R-squared: 0.3136570156
2023-11-23 17:25:17,034 - INFO - Epoch 15 : Training Loss: 9.1794118881, Validation Loss: 9.3701305389, Training R-squared: 0.3460294604, Validation R-squared: 0.3161158860
2023-11-23 17:25:23,140 - INFO - Epoch 16 : Training Loss: 9.1333246231, Validation Loss: 9.3464994431, Training R-squared: 0.3510452807, Validation R-squared: 0.3193158805
2023-11-23 17:25:29,365 - INFO - Epoch 17 : Training Loss: 9.0965089798, Validation Loss: 9.3277683258, Training R-squared: 0.3582493961, Validation R-squared: 0.3216524124
2023-11-23 17:25:35,713 - INFO - Epoch 18 : Training Loss: 9.0505485535, Validation Loss: 9.3009195328, Training R-squared: 0.3638311923, Validation R-squared: 0.3263222873
2023-11-23 17:25:41,825 - INFO - Epoch 19 : Training Loss: 9.0080976486, Validation Loss: 9.2605104446, Training R-squared: 0.3701790571, Validation R-squared: 0.3321316838
2023-11-23 17:25:47,938 - INFO - Epoch 20 : Training Loss: 8.9438457489, Validation Loss: 9.2507219315, Training R-squared: 0.3779183030, Validation R-squared: 0.3329614103
2023-11-23 17:25:54,267 - INFO - Epoch 21 : Training Loss: 8.9127578735, Validation Loss: 9.2156438828, Training R-squared: 0.3828816414, Validation R-squared: 0.3381555378
2023-11-23 17:26:00,600 - INFO - Epoch 22 : Training Loss: 8.8420648575, Validation Loss: 9.1830492020, Training R-squared: 0.3920853436, Validation R-squared: 0.3430604041
2023-11-23 17:26:06,741 - INFO - Epoch 23 : Training Loss: 8.8190307617, Validation Loss: 9.1562051773, Training R-squared: 0.3949334919, Validation R-squared: 0.3468160927
2023-11-23 17:26:12,968 - INFO - Epoch 24 : Training Loss: 8.7789773941, Validation Loss: 9.1445159912, Training R-squared: 0.3999254107, Validation R-squared: 0.3483469188
2023-11-23 17:26:19,636 - INFO - Epoch 25 : Training Loss: 8.7351942062, Validation Loss: 9.1176233292, Training R-squared: 0.4069122672, Validation R-squared: 0.3520054817
2023-11-23 17:26:26,082 - INFO - Epoch 26 : Training Loss: 8.7088050842, Validation Loss: 9.0939979553, Training R-squared: 0.4110109806, Validation R-squared: 0.3555890620
2023-11-23 17:26:31,792 - INFO - Epoch 27 : Training Loss: 8.6598138809, Validation Loss: 9.0773153305, Training R-squared: 0.4165909588, Validation R-squared: 0.3577448428
2023-11-23 17:26:37,462 - INFO - Epoch 28 : Training Loss: 8.6375379562, Validation Loss: 9.0445184708, Training R-squared: 0.4200992584, Validation R-squared: 0.3626723289
2023-11-23 17:26:43,057 - INFO - Epoch 29 : Training Loss: 8.6009407043, Validation Loss: 9.0488462448, Training R-squared: 0.4253204167, Validation R-squared: 0.3614086211
2023-11-23 17:26:48,749 - INFO - Epoch 30 : Training Loss: 8.5597953796, Validation Loss: 9.0021028519, Training R-squared: 0.4296314120, Validation R-squared: 0.3686280251
2023-11-23 17:26:54,534 - INFO - Epoch 31 : Training Loss: 8.5246467590, Validation Loss: 8.9725408554, Training R-squared: 0.4327960014, Validation R-squared: 0.3726918697
2023-11-23 17:27:00,322 - INFO - Epoch 32 : Training Loss: 8.5014400482, Validation Loss: 8.9616193771, Training R-squared: 0.4364289045, Validation R-squared: 0.3739066720
2023-11-23 17:27:06,119 - INFO - Epoch 33 : Training Loss: 8.4505577087, Validation Loss: 8.9503030777, Training R-squared: 0.4428932369, Validation R-squared: 0.3758226931
2023-11-23 17:27:11,729 - INFO - Epoch 34 : Training Loss: 8.4306058884, Validation Loss: 8.9387578964, Training R-squared: 0.4467098117, Validation R-squared: 0.3769705594
2023-11-23 17:27:17,563 - INFO - Epoch 35 : Training Loss: 8.4017143250, Validation Loss: 8.9213428497, Training R-squared: 0.4495414197, Validation R-squared: 0.3792335391
2023-11-23 17:27:23,185 - INFO - Epoch 36 : Training Loss: 8.3929338455, Validation Loss: 8.9146938324, Training R-squared: 0.4518688023, Validation R-squared: 0.3804476857
2023-11-23 17:27:28,872 - INFO - Epoch 37 : Training Loss: 8.3708181381, Validation Loss: 8.8811321259, Training R-squared: 0.4527789354, Validation R-squared: 0.3849524558
2023-11-23 17:27:34,535 - INFO - Epoch 38 : Training Loss: 8.3621597290, Validation Loss: 8.9357500076, Training R-squared: 0.4560301900, Validation R-squared: 0.3763675392
2023-11-23 17:27:40,420 - INFO - Epoch 39 : Training Loss: 8.3328027725, Validation Loss: 8.9049463272, Training R-squared: 0.4598154426, Validation R-squared: 0.3813787699
2023-11-23 17:27:46,160 - INFO - Epoch 40 : Training Loss: 8.3000774384, Validation Loss: 8.8776130676, Training R-squared: 0.4621049464, Validation R-squared: 0.3856102824
2023-11-23 17:27:51,846 - INFO - Epoch 41 : Training Loss: 8.2813863754, Validation Loss: 8.8996744156, Training R-squared: 0.4671236575, Validation R-squared: 0.3816451430
2023-11-23 17:27:57,432 - INFO - Epoch 42 : Training Loss: 8.2556409836, Validation Loss: 8.9086732864, Training R-squared: 0.4686266482, Validation R-squared: 0.3802330792
2023-11-23 17:28:03,095 - INFO - Epoch 43 : Training Loss: 8.2394552231, Validation Loss: 8.8564310074, Training R-squared: 0.4713614881, Validation R-squared: 0.3884211481
2023-11-23 17:28:08,768 - INFO - Epoch 44 : Training Loss: 8.2153806686, Validation Loss: 8.8694868088, Training R-squared: 0.4733187854, Validation R-squared: 0.3858455718
2023-11-23 17:28:14,520 - INFO - Epoch 45 : Training Loss: 8.1985216141, Validation Loss: 8.9194641113, Training R-squared: 0.4747372270, Validation R-squared: 0.3782696724
2023-11-23 17:28:20,504 - INFO - Epoch 46 : Training Loss: 8.1683416367, Validation Loss: 8.8705396652, Training R-squared: 0.4787893593, Validation R-squared: 0.3858008385
2023-11-23 17:28:26,280 - INFO - Epoch 47 : Training Loss: 8.1504707336, Validation Loss: 8.8597536087, Training R-squared: 0.4825195372, Validation R-squared: 0.3872400522
2023-11-23 17:28:31,928 - INFO - Epoch 48 : Training Loss: 8.1280126572, Validation Loss: 8.8295907974, Training R-squared: 0.4834253788, Validation R-squared: 0.3915181756
2023-11-23 17:28:37,576 - INFO - Epoch 49 : Training Loss: 8.1074686050, Validation Loss: 8.8807048798, Training R-squared: 0.4870063961, Validation R-squared: 0.3835965693
2023-11-23 17:28:43,237 - INFO - Epoch 50 : Training Loss: 8.0925111771, Validation Loss: 8.8382701874, Training R-squared: 0.4896961749, Validation R-squared: 0.3899965286
2023-11-23 17:28:49,059 - INFO - Epoch 51 : Training Loss: 8.0666246414, Validation Loss: 8.8480358124, Training R-squared: 0.4927026927, Validation R-squared: 0.3883102238
2023-11-23 17:28:54,845 - INFO - Epoch 52 : Training Loss: 8.0429363251, Validation Loss: 8.8162832260, Training R-squared: 0.4956052601, Validation R-squared: 0.3927502632
2023-11-23 17:29:00,679 - INFO - Epoch 53 : Training Loss: 8.0327033997, Validation Loss: 8.8165922165, Training R-squared: 0.4963879585, Validation R-squared: 0.3928449154
2023-11-23 17:29:06,368 - INFO - Epoch 54 : Training Loss: 8.0092535019, Validation Loss: 8.7827911377, Training R-squared: 0.4992282689, Validation R-squared: 0.3982286155
2023-11-23 17:29:11,980 - INFO - Epoch 55 : Training Loss: 7.9890913963, Validation Loss: 8.8279771805, Training R-squared: 0.4989302158, Validation R-squared: 0.3908969760
2023-11-23 17:29:18,027 - INFO - Epoch 56 : Training Loss: 7.9839019775, Validation Loss: 8.8100728989, Training R-squared: 0.5018305182, Validation R-squared: 0.3940234184
2023-11-23 17:29:23,716 - INFO - Epoch 57 : Training Loss: 7.9657444954, Validation Loss: 8.8420410156, Training R-squared: 0.5051460862, Validation R-squared: 0.3886732459
2023-11-23 17:29:29,448 - INFO - Epoch 58 : Training Loss: 7.9524493217, Validation Loss: 8.8430528641, Training R-squared: 0.5058164597, Validation R-squared: 0.3886086643
2023-11-23 17:29:35,160 - INFO - Epoch 59 : Training Loss: 7.9362783432, Validation Loss: 8.8709106445, Training R-squared: 0.5073455572, Validation R-squared: 0.3839792013
2023-11-23 17:29:44,983 - INFO - Model saved to models/portion_model/lunch/512_512_200_64/sparsity_70_fold_2_model.keras
2023-11-23 17:29:48,769 - INFO - Avg Metrics: RMSE: 7.0982038486, R-squared: -1.5624212289, PCC: 0.5547644019
2023-11-23 17:29:48,769 - INFO - Agg Metrics: RMSE: 8.8985902744, R-squared: 0.3940622771, PCC: 0.6294677811
2023-11-23 17:29:54,921 - INFO - ================================================================== Fold 3 ===================================================================
2023-11-23 17:30:03,184 - INFO - Epoch 1  : Training Loss: 11.1146726608, Validation Loss: 11.1854715347, Training R-squared: 0.0372825786, Validation R-squared: 0.0454652831
2023-11-23 17:30:08,906 - INFO - Epoch 2  : Training Loss: 10.8823804855, Validation Loss: 10.7678937912, Training R-squared: 0.0760384202, Validation R-squared: 0.1160841808
2023-11-23 17:30:14,535 - INFO - Epoch 3  : Training Loss: 10.3028163910, Validation Loss: 10.0942316055, Training R-squared: 0.1738009751, Validation R-squared: 0.2231710106
2023-11-23 17:30:20,566 - INFO - Epoch 4  : Training Loss: 9.8084344864, Validation Loss: 9.9196567535, Training R-squared: 0.2490667403, Validation R-squared: 0.2498279214
2023-11-23 17:30:26,263 - INFO - Epoch 5  : Training Loss: 9.7286252975, Validation Loss: 9.8876466751, Training R-squared: 0.2621775270, Validation R-squared: 0.2545984387
2023-11-23 17:30:31,879 - INFO - Epoch 6  : Training Loss: 9.6718368530, Validation Loss: 9.8590745926, Training R-squared: 0.2705898285, Validation R-squared: 0.2592825890
2023-11-23 17:30:37,556 - INFO - Epoch 7  : Training Loss: 9.6138086319, Validation Loss: 9.8014240265, Training R-squared: 0.2796114087, Validation R-squared: 0.2678624988
2023-11-23 17:30:43,208 - INFO - Epoch 8  : Training Loss: 9.5395450592, Validation Loss: 9.7433404922, Training R-squared: 0.2905476689, Validation R-squared: 0.2765440941
2023-11-23 17:30:48,834 - INFO - Epoch 9  : Training Loss: 9.4837884903, Validation Loss: 9.6773166656, Training R-squared: 0.2995176911, Validation R-squared: 0.2863340080
2023-11-23 17:30:54,562 - INFO - Epoch 10 : Training Loss: 9.3965702057, Validation Loss: 9.6204376221, Training R-squared: 0.3117091954, Validation R-squared: 0.2950101495
2023-11-23 17:31:00,335 - INFO - Epoch 11 : Training Loss: 9.3396186829, Validation Loss: 9.5545034409, Training R-squared: 0.3185257912, Validation R-squared: 0.3044634163
2023-11-23 17:31:06,127 - INFO - Epoch 12 : Training Loss: 9.2636642456, Validation Loss: 9.4984750748, Training R-squared: 0.3303352594, Validation R-squared: 0.3122460246
2023-11-23 17:31:11,721 - INFO - Epoch 13 : Training Loss: 9.2157831192, Validation Loss: 9.4607191086, Training R-squared: 0.3371584713, Validation R-squared: 0.3175788820
2023-11-23 17:31:17,718 - INFO - Epoch 14 : Training Loss: 9.1520290375, Validation Loss: 9.4171266556, Training R-squared: 0.3467004299, Validation R-squared: 0.3241463304
2023-11-23 17:31:23,358 - INFO - Epoch 15 : Training Loss: 9.1086730957, Validation Loss: 9.3816022873, Training R-squared: 0.3530234396, Validation R-squared: 0.3289372027
2023-11-23 17:31:29,051 - INFO - Epoch 16 : Training Loss: 9.0649576187, Validation Loss: 9.3558197021, Training R-squared: 0.3593575060, Validation R-squared: 0.3329136968
2023-11-23 17:31:34,695 - INFO - Epoch 17 : Training Loss: 9.0007638931, Validation Loss: 9.3351688385, Training R-squared: 0.3670248389, Validation R-squared: 0.3357824385
2023-11-23 17:31:40,393 - INFO - Epoch 18 : Training Loss: 8.9633779526, Validation Loss: 9.3101625443, Training R-squared: 0.3721735775, Validation R-squared: 0.3388878107
2023-11-23 17:31:46,279 - INFO - Epoch 19 : Training Loss: 8.9266872406, Validation Loss: 9.2950277328, Training R-squared: 0.3775345385, Validation R-squared: 0.3409205973
2023-11-23 17:31:52,024 - INFO - Epoch 20 : Training Loss: 8.8871097565, Validation Loss: 9.2637958527, Training R-squared: 0.3817281127, Validation R-squared: 0.3458319604
2023-11-23 17:31:57,629 - INFO - Epoch 21 : Training Loss: 8.8579998016, Validation Loss: 9.2489328384, Training R-squared: 0.3888770640, Validation R-squared: 0.3472034633
2023-11-23 17:32:03,292 - INFO - Epoch 22 : Training Loss: 8.8218402863, Validation Loss: 9.2094764709, Training R-squared: 0.3913976550, Validation R-squared: 0.3531408012
2023-11-23 17:32:08,987 - INFO - Epoch 23 : Training Loss: 8.7748918533, Validation Loss: 9.1800489426, Training R-squared: 0.3983722925, Validation R-squared: 0.3574014902
2023-11-23 17:32:14,671 - INFO - Epoch 24 : Training Loss: 8.7194833755, Validation Loss: 9.1489114761, Training R-squared: 0.4056154191, Validation R-squared: 0.3617410958
2023-11-23 17:32:20,640 - INFO - Epoch 25 : Training Loss: 8.6982297897, Validation Loss: 9.1265792847, Training R-squared: 0.4089076519, Validation R-squared: 0.3645280302
2023-11-23 17:32:26,405 - INFO - Epoch 26 : Training Loss: 8.6531848907, Validation Loss: 9.0998849869, Training R-squared: 0.4134492576, Validation R-squared: 0.3683735430
2023-11-23 17:32:32,054 - INFO - Epoch 27 : Training Loss: 8.6080188751, Validation Loss: 9.0804576874, Training R-squared: 0.4218669832, Validation R-squared: 0.3709801733
2023-11-23 17:32:37,783 - INFO - Epoch 28 : Training Loss: 8.5748653412, Validation Loss: 9.0443468094, Training R-squared: 0.4256636202, Validation R-squared: 0.3760712147
2023-11-23 17:32:43,596 - INFO - Epoch 29 : Training Loss: 8.5345592499, Validation Loss: 9.0133037567, Training R-squared: 0.4309171140, Validation R-squared: 0.3802846074
2023-11-23 17:32:49,241 - INFO - Epoch 30 : Training Loss: 8.4976463318, Validation Loss: 9.0056648254, Training R-squared: 0.4356762469, Validation R-squared: 0.3815334439
2023-11-23 17:32:54,998 - INFO - Epoch 31 : Training Loss: 8.4722814560, Validation Loss: 8.9876823425, Training R-squared: 0.4387879372, Validation R-squared: 0.3836846650
2023-11-23 17:33:00,820 - INFO - Epoch 32 : Training Loss: 8.4362792969, Validation Loss: 8.9856128693, Training R-squared: 0.4440930784, Validation R-squared: 0.3836958706
2023-11-23 17:33:06,553 - INFO - Epoch 33 : Training Loss: 8.4137744904, Validation Loss: 8.9621944427, Training R-squared: 0.4462228417, Validation R-squared: 0.3874429762
2023-11-23 17:33:12,161 - INFO - Epoch 34 : Training Loss: 8.3790493011, Validation Loss: 8.9686851501, Training R-squared: 0.4499705434, Validation R-squared: 0.3858135939
2023-11-23 17:33:18,120 - INFO - Epoch 35 : Training Loss: 8.3615493774, Validation Loss: 8.9570207596, Training R-squared: 0.4535135627, Validation R-squared: 0.3874495625
2023-11-23 17:33:23,760 - INFO - Epoch 36 : Training Loss: 8.3333387375, Validation Loss: 8.9157972336, Training R-squared: 0.4554592073, Validation R-squared: 0.3936398327
2023-11-23 17:33:29,440 - INFO - Epoch 37 : Training Loss: 8.3065176010, Validation Loss: 8.9396305084, Training R-squared: 0.4585492909, Validation R-squared: 0.3896932900
2023-11-23 17:33:35,085 - INFO - Epoch 38 : Training Loss: 8.2769060135, Validation Loss: 8.8867673874, Training R-squared: 0.4643161595, Validation R-squared: 0.3972746432
2023-11-23 17:33:40,942 - INFO - Epoch 39 : Training Loss: 8.2571878433, Validation Loss: 8.8843650818, Training R-squared: 0.4656385779, Validation R-squared: 0.3976005912
2023-11-23 17:33:47,079 - INFO - Epoch 40 : Training Loss: 8.2254858017, Validation Loss: 8.8634996414, Training R-squared: 0.4700796306, Validation R-squared: 0.4007818103
2023-11-23 17:33:53,252 - INFO - Epoch 41 : Training Loss: 8.2110910416, Validation Loss: 8.8723049164, Training R-squared: 0.4726094604, Validation R-squared: 0.3991067708
2023-11-23 17:33:59,296 - INFO - Epoch 42 : Training Loss: 8.1814355850, Validation Loss: 8.8522729874, Training R-squared: 0.4754854441, Validation R-squared: 0.4020364583
2023-11-23 17:34:04,980 - INFO - Epoch 43 : Training Loss: 8.1513757706, Validation Loss: 8.8614130020, Training R-squared: 0.4801675379, Validation R-squared: 0.4007458091
2023-11-23 17:34:10,716 - INFO - Epoch 44 : Training Loss: 8.1349010468, Validation Loss: 8.8445777893, Training R-squared: 0.4805898964, Validation R-squared: 0.4028552473
2023-11-23 17:34:16,663 - INFO - Epoch 45 : Training Loss: 8.1136331558, Validation Loss: 8.8482561111, Training R-squared: 0.4839851260, Validation R-squared: 0.4023137689
2023-11-23 17:34:22,727 - INFO - Epoch 46 : Training Loss: 8.0971155167, Validation Loss: 8.9106121063, Training R-squared: 0.4872096181, Validation R-squared: 0.3931909800
2023-11-23 17:34:28,367 - INFO - Epoch 47 : Training Loss: 8.0788984299, Validation Loss: 8.8481569290, Training R-squared: 0.4887529910, Validation R-squared: 0.4020514488
2023-11-23 17:34:33,959 - INFO - Epoch 48 : Training Loss: 8.0608301163, Validation Loss: 8.8281240463, Training R-squared: 0.4903621078, Validation R-squared: 0.4048784077
2023-11-23 17:34:39,849 - INFO - Epoch 49 : Training Loss: 8.0382108688, Validation Loss: 8.8596429825, Training R-squared: 0.4939496517, Validation R-squared: 0.4002687633
2023-11-23 17:34:45,685 - INFO - Epoch 50 : Training Loss: 8.0209960938, Validation Loss: 8.8386945724, Training R-squared: 0.4952070415, Validation R-squared: 0.4032394886
2023-11-23 17:34:51,632 - INFO - Epoch 51 : Training Loss: 8.0065269470, Validation Loss: 8.8706808090, Training R-squared: 0.4976898730, Validation R-squared: 0.3985025287
2023-11-23 17:34:57,227 - INFO - Epoch 52 : Training Loss: 7.9890360832, Validation Loss: 8.8733377457, Training R-squared: 0.4992265403, Validation R-squared: 0.3978273571
2023-11-23 17:35:02,898 - INFO - Epoch 53 : Training Loss: 7.9558935165, Validation Loss: 8.8547086716, Training R-squared: 0.5026477575, Validation R-squared: 0.4006615281
2023-11-23 17:35:12,542 - INFO - Model saved to models/portion_model/lunch/512_512_200_64/sparsity_70_fold_3_model.keras
2023-11-23 17:35:17,409 - INFO - Avg Metrics: RMSE: 7.1806343078, R-squared: -0.7465429550, PCC: 0.5572701721
2023-11-23 17:35:17,410 - INFO - Agg Metrics: RMSE: 8.9140407649, R-squared: 0.4018184283, PCC: 0.6350538321
2023-11-23 17:35:23,511 - INFO - ================================================================== Fold 4 ===================================================================
2023-11-23 17:35:32,734 - INFO - Epoch 1  : Training Loss: 11.1381435394, Validation Loss: 11.0605630875, Training R-squared: 0.0379734747, Validation R-squared: 0.0447892100
2023-11-23 17:35:38,366 - INFO - Epoch 2  : Training Loss: 10.9280500412, Validation Loss: 10.6485366821, Training R-squared: 0.0746010542, Validation R-squared: 0.1152365729
2023-11-23 17:35:43,915 - INFO - Epoch 3  : Training Loss: 10.2878532410, Validation Loss: 9.9060487747, Training R-squared: 0.1802169830, Validation R-squared: 0.2343020290
2023-11-23 17:35:49,679 - INFO - Epoch 4  : Training Loss: 9.7925643921, Validation Loss: 9.7966299057, Training R-squared: 0.2573697269, Validation R-squared: 0.2511468828
2023-11-23 17:35:55,467 - INFO - Epoch 5  : Training Loss: 9.7434482574, Validation Loss: 9.7817506790, Training R-squared: 0.2637758851, Validation R-squared: 0.2532270253
2023-11-23 17:36:01,297 - INFO - Epoch 6  : Training Loss: 9.6952362061, Validation Loss: 9.7556648254, Training R-squared: 0.2709956765, Validation R-squared: 0.2572694421
2023-11-23 17:36:06,929 - INFO - Epoch 7  : Training Loss: 9.6423797607, Validation Loss: 9.7338047028, Training R-squared: 0.2789956927, Validation R-squared: 0.2608960569
2023-11-23 17:36:12,637 - INFO - Epoch 8  : Training Loss: 9.5821132660, Validation Loss: 9.6856288910, Training R-squared: 0.2888207734, Validation R-squared: 0.2680366635
2023-11-23 17:36:18,572 - INFO - Epoch 9  : Training Loss: 9.5113077164, Validation Loss: 9.6408567429, Training R-squared: 0.2984921336, Validation R-squared: 0.2747170627
2023-11-23 17:36:24,215 - INFO - Epoch 10 : Training Loss: 9.4331798553, Validation Loss: 9.6006870270, Training R-squared: 0.3095278740, Validation R-squared: 0.2811138630
2023-11-23 17:36:29,846 - INFO - Epoch 11 : Training Loss: 9.3605985641, Validation Loss: 9.5399694443, Training R-squared: 0.3205890357, Validation R-squared: 0.2896986604
2023-11-23 17:36:35,546 - INFO - Epoch 12 : Training Loss: 9.2784366608, Validation Loss: 9.5013685226, Training R-squared: 0.3322264850, Validation R-squared: 0.2953448296
2023-11-23 17:36:41,390 - INFO - Epoch 13 : Training Loss: 9.2019987106, Validation Loss: 9.4518852234, Training R-squared: 0.3424019814, Validation R-squared: 0.3026669919
2023-11-23 17:36:47,138 - INFO - Epoch 14 : Training Loss: 9.1446571350, Validation Loss: 9.4334201813, Training R-squared: 0.3502610624, Validation R-squared: 0.3054141104
2023-11-23 17:36:52,799 - INFO - Epoch 15 : Training Loss: 9.1020994186, Validation Loss: 9.3947048187, Training R-squared: 0.3565039039, Validation R-squared: 0.3111664355
2023-11-23 17:36:58,407 - INFO - Epoch 16 : Training Loss: 9.0632972717, Validation Loss: 9.3626356125, Training R-squared: 0.3620266914, Validation R-squared: 0.3158946037
2023-11-23 17:37:04,006 - INFO - Epoch 17 : Training Loss: 9.0219182968, Validation Loss: 9.3670969009, Training R-squared: 0.3686156273, Validation R-squared: 0.3148639500
2023-11-23 17:37:09,688 - INFO - Epoch 18 : Training Loss: 8.9868354797, Validation Loss: 9.3587818146, Training R-squared: 0.3727596998, Validation R-squared: 0.3159059286
2023-11-23 17:37:15,346 - INFO - Epoch 19 : Training Loss: 8.9463434219, Validation Loss: 9.3236122131, Training R-squared: 0.3793050051, Validation R-squared: 0.3211058676
2023-11-23 17:37:21,237 - INFO - Epoch 20 : Training Loss: 8.8911161423, Validation Loss: 9.2953462601, Training R-squared: 0.3866372108, Validation R-squared: 0.3256562650
2023-11-23 17:37:27,025 - INFO - Epoch 21 : Training Loss: 8.8430948257, Validation Loss: 9.2680082321, Training R-squared: 0.3936913908, Validation R-squared: 0.3294633031
2023-11-23 17:37:32,658 - INFO - Epoch 22 : Training Loss: 8.7941284180, Validation Loss: 9.2063245773, Training R-squared: 0.4004255235, Validation R-squared: 0.3382992148
2023-11-23 17:37:38,269 - INFO - Epoch 23 : Training Loss: 8.7436075211, Validation Loss: 9.2087821960, Training R-squared: 0.4068152606, Validation R-squared: 0.3377339542
2023-11-23 17:37:43,919 - INFO - Epoch 24 : Training Loss: 8.6952238083, Validation Loss: 9.1823854446, Training R-squared: 0.4123336077, Validation R-squared: 0.3415615261
2023-11-23 17:37:49,709 - INFO - Epoch 25 : Training Loss: 8.6498222351, Validation Loss: 9.1751689911, Training R-squared: 0.4176000953, Validation R-squared: 0.3424162865
2023-11-23 17:37:55,506 - INFO - Epoch 26 : Training Loss: 8.6120576859, Validation Loss: 9.1573009491, Training R-squared: 0.4235779643, Validation R-squared: 0.3452803195
2023-11-23 17:38:01,353 - INFO - Epoch 27 : Training Loss: 8.5795068741, Validation Loss: 9.1158800125, Training R-squared: 0.4280445874, Validation R-squared: 0.3513540924
2023-11-23 17:38:07,042 - INFO - Epoch 28 : Training Loss: 8.5354938507, Validation Loss: 9.1488895416, Training R-squared: 0.4323277473, Validation R-squared: 0.3459971845
2023-11-23 17:38:12,659 - INFO - Epoch 29 : Training Loss: 8.5099182129, Validation Loss: 9.0898246765, Training R-squared: 0.4375495017, Validation R-squared: 0.3546899259
2023-11-23 17:38:18,427 - INFO - Epoch 30 : Training Loss: 8.4774169922, Validation Loss: 9.0777606964, Training R-squared: 0.4409401119, Validation R-squared: 0.3565837741
2023-11-23 17:38:24,086 - INFO - Epoch 31 : Training Loss: 8.4436016083, Validation Loss: 9.0792274475, Training R-squared: 0.4452405572, Validation R-squared: 0.3560549319
2023-11-23 17:38:29,755 - INFO - Epoch 32 : Training Loss: 8.4162330627, Validation Loss: 9.0404796600, Training R-squared: 0.4484196305, Validation R-squared: 0.3618145287
2023-11-23 17:38:35,545 - INFO - Epoch 33 : Training Loss: 8.3963623047, Validation Loss: 9.0545263290, Training R-squared: 0.4510133266, Validation R-squared: 0.3600057065
2023-11-23 17:38:41,248 - INFO - Epoch 34 : Training Loss: 8.3627929688, Validation Loss: 9.0294046402, Training R-squared: 0.4550515115, Validation R-squared: 0.3635758758
2023-11-23 17:38:46,978 - INFO - Epoch 35 : Training Loss: 8.3535108566, Validation Loss: 9.0320482254, Training R-squared: 0.4565883577, Validation R-squared: 0.3629887104
2023-11-23 17:38:52,788 - INFO - Epoch 36 : Training Loss: 8.3293085098, Validation Loss: 9.0469694138, Training R-squared: 0.4604335129, Validation R-squared: 0.3604219556
2023-11-23 17:38:58,427 - INFO - Epoch 37 : Training Loss: 8.3075809479, Validation Loss: 9.0052042007, Training R-squared: 0.4612073302, Validation R-squared: 0.3667732775
2023-11-23 17:39:04,020 - INFO - Epoch 38 : Training Loss: 8.2845554352, Validation Loss: 8.9995937347, Training R-squared: 0.4650398791, Validation R-squared: 0.3674529493
2023-11-23 17:39:09,718 - INFO - Epoch 39 : Training Loss: 8.2624092102, Validation Loss: 9.0343532562, Training R-squared: 0.4678685069, Validation R-squared: 0.3623981476
2023-11-23 17:39:15,438 - INFO - Epoch 40 : Training Loss: 8.2367486954, Validation Loss: 9.0084867477, Training R-squared: 0.4713920057, Validation R-squared: 0.3663204908
2023-11-23 17:39:21,796 - INFO - Epoch 41 : Training Loss: 8.2321615219, Validation Loss: 9.0180139542, Training R-squared: 0.4719788432, Validation R-squared: 0.3646729887
2023-11-23 17:39:27,423 - INFO - Epoch 42 : Training Loss: 8.2080774307, Validation Loss: 9.0209932327, Training R-squared: 0.4752188027, Validation R-squared: 0.3641065359
2023-11-23 17:39:33,030 - INFO - Epoch 43 : Training Loss: 8.1823749542, Validation Loss: 8.9839448929, Training R-squared: 0.4786216021, Validation R-squared: 0.3695511818
2023-11-23 17:39:38,712 - INFO - Epoch 44 : Training Loss: 8.1740598679, Validation Loss: 8.9892616272, Training R-squared: 0.4780526161, Validation R-squared: 0.3686296940
2023-11-23 17:39:44,292 - INFO - Epoch 45 : Training Loss: 8.1623659134, Validation Loss: 8.9625358582, Training R-squared: 0.4809079170, Validation R-squared: 0.3726183474
2023-11-23 17:39:50,139 - INFO - Epoch 46 : Training Loss: 8.1444492340, Validation Loss: 9.0072374344, Training R-squared: 0.4833079576, Validation R-squared: 0.3657333851
2023-11-23 17:39:55,981 - INFO - Epoch 47 : Training Loss: 8.1252651215, Validation Loss: 9.0160026550, Training R-squared: 0.4867652357, Validation R-squared: 0.3643598855
2023-11-23 17:40:01,828 - INFO - Epoch 48 : Training Loss: 8.0982370377, Validation Loss: 8.9585800171, Training R-squared: 0.4889355600, Validation R-squared: 0.3730673194
2023-11-23 17:40:07,471 - INFO - Epoch 49 : Training Loss: 8.0949840546, Validation Loss: 8.9349584579, Training R-squared: 0.4886888862, Validation R-squared: 0.3765566349
2023-11-23 17:40:13,167 - INFO - Epoch 50 : Training Loss: 8.0643758774, Validation Loss: 8.9662427902, Training R-squared: 0.4927930534, Validation R-squared: 0.3719544411
2023-11-23 17:40:18,993 - INFO - Epoch 51 : Training Loss: 8.0533504486, Validation Loss: 8.9993047714, Training R-squared: 0.4941916764, Validation R-squared: 0.3667433560
2023-11-23 17:40:24,597 - INFO - Epoch 52 : Training Loss: 8.0265169144, Validation Loss: 8.9984264374, Training R-squared: 0.4964382052, Validation R-squared: 0.3666753769
2023-11-23 17:40:30,255 - INFO - Epoch 53 : Training Loss: 8.0142889023, Validation Loss: 8.9242324829, Training R-squared: 0.4990667105, Validation R-squared: 0.3780322075
2023-11-23 17:40:35,976 - INFO - Epoch 54 : Training Loss: 8.0020704269, Validation Loss: 8.9348087311, Training R-squared: 0.5001198053, Validation R-squared: 0.3760624528
2023-11-23 17:40:41,865 - INFO - Epoch 55 : Training Loss: 7.9802122116, Validation Loss: 8.9486694336, Training R-squared: 0.5012156963, Validation R-squared: 0.3738956451
2023-11-23 17:40:47,576 - INFO - Epoch 56 : Training Loss: 7.9604444504, Validation Loss: 8.9654760361, Training R-squared: 0.5040327907, Validation R-squared: 0.3713420033
2023-11-23 17:40:53,340 - INFO - Epoch 57 : Training Loss: 7.9469223022, Validation Loss: 8.9304838181, Training R-squared: 0.5067335367, Validation R-squared: 0.3760533333
2023-11-23 17:40:58,943 - INFO - Epoch 58 : Training Loss: 7.9284253120, Validation Loss: 8.9321928024, Training R-squared: 0.5104236603, Validation R-squared: 0.3759085536
2023-11-23 17:41:08,602 - INFO - Model saved to models/portion_model/lunch/512_512_200_64/sparsity_70_fold_4_model.keras
2023-11-23 17:41:13,105 - INFO - Avg Metrics: RMSE: 7.2103099714, R-squared: -1.8902948424, PCC: 0.5473689546
2023-11-23 17:41:13,106 - INFO - Agg Metrics: RMSE: 9.0424852399, R-squared: 0.3727702150, PCC: 0.6133285714
2023-11-23 17:41:19,396 - INFO - ================================================================== Fold 5 ===================================================================
2023-11-23 17:41:29,139 - INFO - Epoch 1  : Training Loss: 11.1269397736, Validation Loss: 11.1241636276, Training R-squared: 0.0377645232, Validation R-squared: 0.0463374257
2023-11-23 17:41:35,340 - INFO - Epoch 2  : Training Loss: 10.9115285873, Validation Loss: 10.6915245056, Training R-squared: 0.0745623931, Validation R-squared: 0.1201046705
2023-11-23 17:41:41,463 - INFO - Epoch 3  : Training Loss: 10.3455991745, Validation Loss: 10.0530128479, Training R-squared: 0.1663336307, Validation R-squared: 0.2227036655
2023-11-23 17:41:47,323 - INFO - Epoch 4  : Training Loss: 9.8919448853, Validation Loss: 9.8283233643, Training R-squared: 0.2391256392, Validation R-squared: 0.2577338219
2023-11-23 17:41:53,120 - INFO - Epoch 5  : Training Loss: 9.7384042740, Validation Loss: 9.7831354141, Training R-squared: 0.2618439794, Validation R-squared: 0.2643603683
2023-11-23 17:41:58,756 - INFO - Epoch 6  : Training Loss: 9.6909103394, Validation Loss: 9.7536993027, Training R-squared: 0.2685084343, Validation R-squared: 0.2691794038
2023-11-23 17:42:04,360 - INFO - Epoch 7  : Training Loss: 9.6174716949, Validation Loss: 9.7385911942, Training R-squared: 0.2798002064, Validation R-squared: 0.2719362974
2023-11-23 17:42:09,998 - INFO - Epoch 8  : Training Loss: 9.5546922684, Validation Loss: 9.6503009796, Training R-squared: 0.2899868488, Validation R-squared: 0.2850073278
2023-11-23 17:42:15,754 - INFO - Epoch 9  : Training Loss: 9.4744796753, Validation Loss: 9.5895767212, Training R-squared: 0.3010554612, Validation R-squared: 0.2943882644
2023-11-23 17:42:22,137 - INFO - Epoch 10 : Training Loss: 9.3940248489, Validation Loss: 9.5206289291, Training R-squared: 0.3130133748, Validation R-squared: 0.3040165603
2023-11-23 17:42:27,812 - INFO - Epoch 11 : Training Loss: 9.3210983276, Validation Loss: 9.4656820297, Training R-squared: 0.3224449456, Validation R-squared: 0.3122200072
2023-11-23 17:42:33,499 - INFO - Epoch 12 : Training Loss: 9.2644996643, Validation Loss: 9.4310131073, Training R-squared: 0.3309201896, Validation R-squared: 0.3175031543
2023-11-23 17:42:39,186 - INFO - Epoch 13 : Training Loss: 9.2138366699, Validation Loss: 9.4051704407, Training R-squared: 0.3374594450, Validation R-squared: 0.3209306598
2023-11-23 17:42:44,921 - INFO - Epoch 14 : Training Loss: 9.1681108475, Validation Loss: 9.3825864792, Training R-squared: 0.3463169634, Validation R-squared: 0.3244864345
2023-11-23 17:42:50,642 - INFO - Epoch 15 : Training Loss: 9.1268758774, Validation Loss: 9.3656463623, Training R-squared: 0.3495026231, Validation R-squared: 0.3266592026
2023-11-23 17:42:56,408 - INFO - Epoch 16 : Training Loss: 9.0835371017, Validation Loss: 9.3339176178, Training R-squared: 0.3565839231, Validation R-squared: 0.3313688636
2023-11-23 17:43:02,180 - INFO - Epoch 17 : Training Loss: 9.0370845795, Validation Loss: 9.3202915192, Training R-squared: 0.3643265367, Validation R-squared: 0.3333827555
2023-11-23 17:43:07,838 - INFO - Epoch 18 : Training Loss: 9.0024805069, Validation Loss: 9.3014173508, Training R-squared: 0.3677404225, Validation R-squared: 0.3362589180
2023-11-23 17:43:13,510 - INFO - Epoch 19 : Training Loss: 8.9632539749, Validation Loss: 9.2781877518, Training R-squared: 0.3733115196, Validation R-squared: 0.3394434750
2023-11-23 17:43:19,359 - INFO - Epoch 20 : Training Loss: 8.9256486893, Validation Loss: 9.2588319778, Training R-squared: 0.3774856925, Validation R-squared: 0.3425295055
2023-11-23 17:43:25,014 - INFO - Epoch 21 : Training Loss: 8.8821964264, Validation Loss: 9.2469654083, Training R-squared: 0.3837062120, Validation R-squared: 0.3444881439
2023-11-23 17:43:30,778 - INFO - Epoch 22 : Training Loss: 8.8437566757, Validation Loss: 9.2186183929, Training R-squared: 0.3906712234, Validation R-squared: 0.3484694958
2023-11-23 17:43:36,443 - INFO - Epoch 23 : Training Loss: 8.7935972214, Validation Loss: 9.2182493210, Training R-squared: 0.3967815936, Validation R-squared: 0.3476342857
2023-11-23 17:43:42,186 - INFO - Epoch 24 : Training Loss: 8.7578325272, Validation Loss: 9.1656608582, Training R-squared: 0.4018968642, Validation R-squared: 0.3555583656
2023-11-23 17:43:48,384 - INFO - Epoch 25 : Training Loss: 8.7133417130, Validation Loss: 9.1241645813, Training R-squared: 0.4078905880, Validation R-squared: 0.3617082834
2023-11-23 17:43:54,722 - INFO - Epoch 26 : Training Loss: 8.6674747467, Validation Loss: 9.1186227798, Training R-squared: 0.4134915173, Validation R-squared: 0.3622317314
2023-11-23 17:44:00,551 - INFO - Epoch 27 : Training Loss: 8.6212825775, Validation Loss: 9.0756053925, Training R-squared: 0.4204226732, Validation R-squared: 0.3681952953
2023-11-23 17:44:06,185 - INFO - Epoch 28 : Training Loss: 8.5737714767, Validation Loss: 9.0416669846, Training R-squared: 0.4251052141, Validation R-squared: 0.3731004894
2023-11-23 17:44:11,938 - INFO - Epoch 29 : Training Loss: 8.5322494507, Validation Loss: 9.0204792023, Training R-squared: 0.4304113984, Validation R-squared: 0.3758450747
2023-11-23 17:44:17,979 - INFO - Epoch 30 : Training Loss: 8.4939651489, Validation Loss: 9.0321989059, Training R-squared: 0.4379137456, Validation R-squared: 0.3737199605
2023-11-23 17:44:23,648 - INFO - Epoch 31 : Training Loss: 8.4640121460, Validation Loss: 8.9779577255, Training R-squared: 0.4402182102, Validation R-squared: 0.3817838132
2023-11-23 17:44:29,243 - INFO - Epoch 32 : Training Loss: 8.4348745346, Validation Loss: 8.9727182388, Training R-squared: 0.4441279471, Validation R-squared: 0.3823411167
2023-11-23 17:44:34,894 - INFO - Epoch 33 : Training Loss: 8.4057474136, Validation Loss: 8.9481191635, Training R-squared: 0.4483517408, Validation R-squared: 0.3858146071
2023-11-23 17:44:40,739 - INFO - Epoch 34 : Training Loss: 8.3740987778, Validation Loss: 8.9589080811, Training R-squared: 0.4527937472, Validation R-squared: 0.3841487467
2023-11-23 17:44:46,452 - INFO - Epoch 35 : Training Loss: 8.3557367325, Validation Loss: 8.9494714737, Training R-squared: 0.4547393918, Validation R-squared: 0.3855632842
2023-11-23 17:44:52,455 - INFO - Epoch 36 : Training Loss: 8.3391084671, Validation Loss: 8.9439477921, Training R-squared: 0.4569417536, Validation R-squared: 0.3862069547
2023-11-23 17:44:58,286 - INFO - Epoch 37 : Training Loss: 8.3035945892, Validation Loss: 8.9401512146, Training R-squared: 0.4595544338, Validation R-squared: 0.3865210116
2023-11-23 17:45:03,936 - INFO - Epoch 38 : Training Loss: 8.2867355347, Validation Loss: 8.9077930450, Training R-squared: 0.4632730186, Validation R-squared: 0.3911395073
2023-11-23 17:45:09,571 - INFO - Epoch 39 : Training Loss: 8.2736158371, Validation Loss: 8.9805650711, Training R-squared: 0.4649686217, Validation R-squared: 0.3804879487
2023-11-23 17:45:15,188 - INFO - Epoch 40 : Training Loss: 8.2450761795, Validation Loss: 8.9293498993, Training R-squared: 0.4681082070, Validation R-squared: 0.3879989088
2023-11-23 17:45:21,520 - INFO - Epoch 41 : Training Loss: 8.2316083908, Validation Loss: 8.9491062164, Training R-squared: 0.4707887173, Validation R-squared: 0.3851892650
2023-11-23 17:45:27,268 - INFO - Epoch 42 : Training Loss: 8.2127971649, Validation Loss: 8.9133157730, Training R-squared: 0.4742923081, Validation R-squared: 0.3900922239
2023-11-23 17:45:32,959 - INFO - Epoch 43 : Training Loss: 8.1929035187, Validation Loss: 8.8942470551, Training R-squared: 0.4737436473, Validation R-squared: 0.3928250670
2023-11-23 17:45:38,607 - INFO - Epoch 44 : Training Loss: 8.1661128998, Validation Loss: 8.9080333710, Training R-squared: 0.4789855778, Validation R-squared: 0.3909968138
2023-11-23 17:45:44,233 - INFO - Epoch 45 : Training Loss: 8.1422405243, Validation Loss: 8.9279327393, Training R-squared: 0.4808425903, Validation R-squared: 0.3881045282
2023-11-23 17:45:49,965 - INFO - Epoch 46 : Training Loss: 8.1440048218, Validation Loss: 8.9052133560, Training R-squared: 0.4810233414, Validation R-squared: 0.3910306692
2023-11-23 17:45:55,769 - INFO - Epoch 47 : Training Loss: 8.1100339890, Validation Loss: 8.8758096695, Training R-squared: 0.4854004681, Validation R-squared: 0.3954283297
2023-11-23 17:46:01,485 - INFO - Epoch 48 : Training Loss: 8.0862560272, Validation Loss: 8.9026699066, Training R-squared: 0.4889202714, Validation R-squared: 0.3914148510
2023-11-23 17:46:07,330 - INFO - Epoch 49 : Training Loss: 8.0761070251, Validation Loss: 8.8585987091, Training R-squared: 0.4895292819, Validation R-squared: 0.3974475265
2023-11-23 17:46:13,057 - INFO - Epoch 50 : Training Loss: 8.0620889664, Validation Loss: 8.9212684631, Training R-squared: 0.4911679924, Validation R-squared: 0.3885754645
2023-11-23 17:46:19,364 - INFO - Epoch 51 : Training Loss: 8.0407552719, Validation Loss: 8.9083566666, Training R-squared: 0.4930715859, Validation R-squared: 0.3902910650
2023-11-23 17:46:25,004 - INFO - Epoch 52 : Training Loss: 8.0165004730, Validation Loss: 8.8882207870, Training R-squared: 0.4959379435, Validation R-squared: 0.3932003677
2023-11-23 17:46:30,682 - INFO - Epoch 53 : Training Loss: 8.0118598938, Validation Loss: 8.8864145279, Training R-squared: 0.4977058470, Validation R-squared: 0.3934022486
2023-11-23 17:46:36,367 - INFO - Epoch 54 : Training Loss: 7.9904303551, Validation Loss: 8.8804101944, Training R-squared: 0.5006075501, Validation R-squared: 0.3938754797
2023-11-23 17:46:46,449 - INFO - Model saved to models/portion_model/lunch/512_512_200_64/sparsity_70_fold_5_model.keras
2023-11-23 17:46:50,759 - INFO - Avg Metrics: RMSE: 7.1934935513, R-squared: -0.4266575738, PCC: 0.5509968594
2023-11-23 17:46:50,760 - INFO - Agg Metrics: RMSE: 9.0292249054, R-squared: 0.3844885858, PCC: 0.6227160522
2023-11-23 17:46:59,533 - INFO - ================================================================== Results Summary ===================================================================
2023-11-23 17:46:59,533 - INFO - CrossVal Metrics (Avg.) - RMSE: 7.1637166562 ± 0.0410053388, R2: -0.9127249590 ± 0.0410053388, PCC: 0.5481996404 ± 0.0410053388
2023-11-23 17:46:59,533 - INFO - Testing  Metrics (Avg.) - RMSE: 7.2322652243, R2: -1.0541892389, PCC: 0.5332761613
2023-11-23 17:46:59,533 - INFO - CrossVal Metrics (Agg.) - RMSE: 8.9561239068 ± 0.0410053388, R2: 0.3869901191 ± 0.0410053388, PCC: 0.6239976284 ± 0.0410053388
2023-11-23 17:46:59,534 - INFO - Testing  Metrics (Agg.) - RMSE: 9.0784833798, R2: 0.3865623405, PCC: 0.6222028987
