2023-11-23 10:17:52,425 - INFO - Training model at 30% sparse columns removed...
2023-11-23 10:18:01,200 - INFO - ================================================================== Fold 1 ===================================================================
2023-11-23 10:18:25,949 - INFO - Epoch 1  : Training Loss: 7.4506931305, Validation Loss: 7.4762716293, Training R-squared: 0.0398759395, Validation R-squared: 0.0557760186
2023-11-23 10:18:42,848 - INFO - Epoch 2  : Training Loss: 7.2149667740, Validation Loss: 7.2463068962, Training R-squared: 0.1006589979, Validation R-squared: 0.1133326739
2023-11-23 10:18:59,676 - INFO - Epoch 3  : Training Loss: 6.9670734406, Validation Loss: 6.8647608757, Training R-squared: 0.1626272798, Validation R-squared: 0.2055386454
2023-11-23 10:19:16,505 - INFO - Epoch 4  : Training Loss: 6.6428098679, Validation Loss: 6.7437124252, Training R-squared: 0.2375046611, Validation R-squared: 0.2334532440
2023-11-23 10:19:33,233 - INFO - Epoch 5  : Training Loss: 6.5575022697, Validation Loss: 6.7137475014, Training R-squared: 0.2565118372, Validation R-squared: 0.2401664406
2023-11-23 10:19:50,059 - INFO - Epoch 6  : Training Loss: 6.5154118538, Validation Loss: 6.7083039284, Training R-squared: 0.2672798932, Validation R-squared: 0.2410650402
2023-11-23 10:20:06,679 - INFO - Epoch 7  : Training Loss: 6.4797463417, Validation Loss: 6.6955451965, Training R-squared: 0.2735554874, Validation R-squared: 0.2440359741
2023-11-23 10:20:23,841 - INFO - Epoch 8  : Training Loss: 6.4472084045, Validation Loss: 6.6895031929, Training R-squared: 0.2813368440, Validation R-squared: 0.2457572520
2023-11-23 10:20:40,513 - INFO - Epoch 9  : Training Loss: 6.4185986519, Validation Loss: 6.6792225838, Training R-squared: 0.2870314121, Validation R-squared: 0.2479010671
2023-11-23 10:20:57,201 - INFO - Epoch 10 : Training Loss: 6.3911952972, Validation Loss: 6.6759572029, Training R-squared: 0.2923505604, Validation R-squared: 0.2488499284
2023-11-23 10:21:13,940 - INFO - Epoch 11 : Training Loss: 6.3703436852, Validation Loss: 6.6713137627, Training R-squared: 0.2981812358, Validation R-squared: 0.2500635684
2023-11-23 10:21:31,075 - INFO - Epoch 12 : Training Loss: 6.3327040672, Validation Loss: 6.6589646339, Training R-squared: 0.3048593998, Validation R-squared: 0.2526392341
2023-11-23 10:21:48,212 - INFO - Epoch 13 : Training Loss: 6.3023924828, Validation Loss: 6.6342110634, Training R-squared: 0.3126750588, Validation R-squared: 0.2584111989
2023-11-23 10:22:05,348 - INFO - Epoch 14 : Training Loss: 6.2681670189, Validation Loss: 6.6239657402, Training R-squared: 0.3200621605, Validation R-squared: 0.2605467141
2023-11-23 10:22:22,454 - INFO - Epoch 15 : Training Loss: 6.2423877716, Validation Loss: 6.6117138863, Training R-squared: 0.3253780901, Validation R-squared: 0.2633088529
2023-11-23 10:22:39,000 - INFO - Epoch 16 : Training Loss: 6.2230124474, Validation Loss: 6.5902380943, Training R-squared: 0.3302928507, Validation R-squared: 0.2680773437
2023-11-23 10:22:55,784 - INFO - Epoch 17 : Training Loss: 6.1852731705, Validation Loss: 6.5839900970, Training R-squared: 0.3376274407, Validation R-squared: 0.2690435648
2023-11-23 10:23:12,503 - INFO - Epoch 18 : Training Loss: 6.1429419518, Validation Loss: 6.5507159233, Training R-squared: 0.3453138769, Validation R-squared: 0.2767922580
2023-11-23 10:23:29,799 - INFO - Epoch 19 : Training Loss: 6.0967445374, Validation Loss: 6.5514822006, Training R-squared: 0.3561242819, Validation R-squared: 0.2759496272
2023-11-23 10:23:47,150 - INFO - Epoch 20 : Training Loss: 6.0591888428, Validation Loss: 6.4846110344, Training R-squared: 0.3630491197, Validation R-squared: 0.2913655639
2023-11-23 10:24:05,223 - INFO - Epoch 21 : Training Loss: 6.0214161873, Validation Loss: 6.4861583710, Training R-squared: 0.3710409403, Validation R-squared: 0.2906703353
2023-11-23 10:24:22,086 - INFO - Epoch 22 : Training Loss: 5.9924011230, Validation Loss: 6.4645438194, Training R-squared: 0.3769107759, Validation R-squared: 0.2954830229
2023-11-23 10:24:38,736 - INFO - Epoch 23 : Training Loss: 5.9660058022, Validation Loss: 6.4799151421, Training R-squared: 0.3821058571, Validation R-squared: 0.2913922369
2023-11-23 10:24:56,316 - INFO - Epoch 24 : Training Loss: 5.9481720924, Validation Loss: 6.4412899017, Training R-squared: 0.3859923482, Validation R-squared: 0.3001289666
2023-11-23 10:25:13,811 - INFO - Epoch 25 : Training Loss: 5.9171700478, Validation Loss: 6.4245419502, Training R-squared: 0.3917319775, Validation R-squared: 0.3038552105
2023-11-23 10:25:31,491 - INFO - Epoch 26 : Training Loss: 5.8896436691, Validation Loss: 6.4165596962, Training R-squared: 0.3976356983, Validation R-squared: 0.3052960932
2023-11-23 10:25:49,371 - INFO - Epoch 27 : Training Loss: 5.8678956032, Validation Loss: 6.4065761566, Training R-squared: 0.4032019973, Validation R-squared: 0.3072020710
2023-11-23 10:26:06,697 - INFO - Epoch 28 : Training Loss: 5.8369960785, Validation Loss: 6.3775868416, Training R-squared: 0.4086708426, Validation R-squared: 0.3139515817
2023-11-23 10:26:24,812 - INFO - Epoch 29 : Training Loss: 5.8137249947, Validation Loss: 6.3852219582, Training R-squared: 0.4119102955, Validation R-squared: 0.3115067184
2023-11-23 10:26:41,932 - INFO - Epoch 30 : Training Loss: 5.7868814468, Validation Loss: 6.3503699303, Training R-squared: 0.4184754193, Validation R-squared: 0.3197940290
2023-11-23 10:26:59,653 - INFO - Epoch 31 : Training Loss: 5.7605657578, Validation Loss: 6.3656129837, Training R-squared: 0.4233874381, Validation R-squared: 0.3157989979
2023-11-23 10:27:17,243 - INFO - Epoch 32 : Training Loss: 5.7473258972, Validation Loss: 6.3619880676, Training R-squared: 0.4271056354, Validation R-squared: 0.3161974251
2023-11-23 10:27:34,777 - INFO - Epoch 33 : Training Loss: 5.7343173027, Validation Loss: 6.3533186913, Training R-squared: 0.4286916256, Validation R-squared: 0.3180013299
2023-11-23 10:27:52,134 - INFO - Epoch 34 : Training Loss: 5.7176375389, Validation Loss: 6.3306007385, Training R-squared: 0.4315651357, Validation R-squared: 0.3232071698
2023-11-23 10:28:09,775 - INFO - Epoch 35 : Training Loss: 5.6991419792, Validation Loss: 6.3430204391, Training R-squared: 0.4348215461, Validation R-squared: 0.3203071952
2023-11-23 10:28:27,348 - INFO - Epoch 36 : Training Loss: 5.6942563057, Validation Loss: 6.3332562447, Training R-squared: 0.4370929003, Validation R-squared: 0.3223234713
2023-11-23 10:28:46,169 - INFO - Epoch 37 : Training Loss: 5.6755046844, Validation Loss: 6.3518424034, Training R-squared: 0.4408559203, Validation R-squared: 0.3179428577
2023-11-23 10:29:03,865 - INFO - Epoch 38 : Training Loss: 5.6660943031, Validation Loss: 6.3465290070, Training R-squared: 0.4420167506, Validation R-squared: 0.3188536465
2023-11-23 10:29:21,775 - INFO - Epoch 39 : Training Loss: 5.6519970894, Validation Loss: 6.3470916748, Training R-squared: 0.4451308548, Validation R-squared: 0.3185336888
2023-11-23 10:29:47,147 - INFO - Model saved to models/portion_model/lunch/512_512_200_64/sparsity_30_fold_1_model.keras
2023-11-23 10:29:52,686 - INFO - Avg Metrics: RMSE: 5.1132345355, R-squared: 0.0741011239, PCC: 0.4716105720
2023-11-23 10:29:52,686 - INFO - Agg Metrics: RMSE: 6.4572733449, R-squared: 0.3134402486, PCC: 0.5632189858
2023-11-23 10:29:59,690 - INFO - ================================================================== Fold 2 ===================================================================
2023-11-23 10:30:25,312 - INFO - Epoch 1  : Training Loss: 7.5168528557, Validation Loss: 7.2501144409, Training R-squared: 0.0386216566, Validation R-squared: 0.0548891164
2023-11-23 10:30:42,905 - INFO - Epoch 2  : Training Loss: 7.2966127396, Validation Loss: 7.0099806786, Training R-squared: 0.0951692462, Validation R-squared: 0.1170137301
2023-11-23 10:31:01,198 - INFO - Epoch 3  : Training Loss: 7.0585718155, Validation Loss: 6.6469717026, Training R-squared: 0.1525606215, Validation R-squared: 0.2058021128
2023-11-23 10:31:19,208 - INFO - Epoch 4  : Training Loss: 6.7173790932, Validation Loss: 6.4920535088, Training R-squared: 0.2339346558, Validation R-squared: 0.2424142212
2023-11-23 10:31:36,877 - INFO - Epoch 5  : Training Loss: 6.6161293983, Validation Loss: 6.4734144211, Training R-squared: 0.2545021772, Validation R-squared: 0.2464623004
2023-11-23 10:31:54,509 - INFO - Epoch 6  : Training Loss: 6.5725350380, Validation Loss: 6.4545707703, Training R-squared: 0.2639003992, Validation R-squared: 0.2509443462
2023-11-23 10:32:12,121 - INFO - Epoch 7  : Training Loss: 6.5421466827, Validation Loss: 6.4520783424, Training R-squared: 0.2715104222, Validation R-squared: 0.2517793477
2023-11-23 10:32:30,071 - INFO - Epoch 8  : Training Loss: 6.5128998756, Validation Loss: 6.4396286011, Training R-squared: 0.2786118686, Validation R-squared: 0.2541578114
2023-11-23 10:32:47,661 - INFO - Epoch 9  : Training Loss: 6.4879374504, Validation Loss: 6.4342918396, Training R-squared: 0.2837428153, Validation R-squared: 0.2553657591
2023-11-23 10:33:05,745 - INFO - Epoch 10 : Training Loss: 6.4706411362, Validation Loss: 6.4282512665, Training R-squared: 0.2878227830, Validation R-squared: 0.2570727766
2023-11-23 10:33:23,302 - INFO - Epoch 11 : Training Loss: 6.4485387802, Validation Loss: 6.4242725372, Training R-squared: 0.2921117544, Validation R-squared: 0.2577262819
2023-11-23 10:33:41,180 - INFO - Epoch 12 : Training Loss: 6.4255132675, Validation Loss: 6.4188499451, Training R-squared: 0.2960448265, Validation R-squared: 0.2592391670
2023-11-23 10:34:00,317 - INFO - Epoch 13 : Training Loss: 6.3939719200, Validation Loss: 6.4157180786, Training R-squared: 0.3023314178, Validation R-squared: 0.2602220178
2023-11-23 10:34:18,202 - INFO - Epoch 14 : Training Loss: 6.3666591644, Validation Loss: 6.4010400772, Training R-squared: 0.3101764321, Validation R-squared: 0.2630762756
2023-11-23 10:34:36,254 - INFO - Epoch 15 : Training Loss: 6.3313837051, Validation Loss: 6.3800606728, Training R-squared: 0.3164148033, Validation R-squared: 0.2680163682
2023-11-23 10:34:53,662 - INFO - Epoch 16 : Training Loss: 6.3031344414, Validation Loss: 6.3572468758, Training R-squared: 0.3230003715, Validation R-squared: 0.2735432982
2023-11-23 10:35:11,614 - INFO - Epoch 17 : Training Loss: 6.2726678848, Validation Loss: 6.3482856750, Training R-squared: 0.3295403123, Validation R-squared: 0.2747744918
2023-11-23 10:35:29,835 - INFO - Epoch 18 : Training Loss: 6.2315793037, Validation Loss: 6.3144659996, Training R-squared: 0.3381686211, Validation R-squared: 0.2832333148
2023-11-23 10:35:47,541 - INFO - Epoch 19 : Training Loss: 6.1873803139, Validation Loss: 6.2916846275, Training R-squared: 0.3474964201, Validation R-squared: 0.2877713442
2023-11-23 10:36:05,196 - INFO - Epoch 20 : Training Loss: 6.1440057755, Validation Loss: 6.2672495842, Training R-squared: 0.3561636209, Validation R-squared: 0.2932863832
2023-11-23 10:36:23,144 - INFO - Epoch 21 : Training Loss: 6.1100387573, Validation Loss: 6.2335348129, Training R-squared: 0.3633923829, Validation R-squared: 0.3012445271
2023-11-23 10:36:41,011 - INFO - Epoch 22 : Training Loss: 6.0832314491, Validation Loss: 6.2233018875, Training R-squared: 0.3679901659, Validation R-squared: 0.3038958013
2023-11-23 10:36:58,631 - INFO - Epoch 23 : Training Loss: 6.0506610870, Validation Loss: 6.2105417252, Training R-squared: 0.3752719760, Validation R-squared: 0.3066912591
2023-11-23 10:37:16,566 - INFO - Epoch 24 : Training Loss: 6.0203208923, Validation Loss: 6.2035641670, Training R-squared: 0.3816000223, Validation R-squared: 0.3078578413
2023-11-23 10:37:34,417 - INFO - Epoch 25 : Training Loss: 5.9909763336, Validation Loss: 6.1891846657, Training R-squared: 0.3863164783, Validation R-squared: 0.3112489283
2023-11-23 10:37:53,309 - INFO - Epoch 26 : Training Loss: 5.9604287148, Validation Loss: 6.1612472534, Training R-squared: 0.3945078850, Validation R-squared: 0.3174997270
2023-11-23 10:38:11,267 - INFO - Epoch 27 : Training Loss: 5.9303383827, Validation Loss: 6.1531538963, Training R-squared: 0.3999149203, Validation R-squared: 0.3191651702
2023-11-23 10:38:29,159 - INFO - Epoch 28 : Training Loss: 5.9031205177, Validation Loss: 6.1380662918, Training R-squared: 0.4056169093, Validation R-squared: 0.3225357831
2023-11-23 10:38:46,968 - INFO - Epoch 29 : Training Loss: 5.8758206367, Validation Loss: 6.1407685280, Training R-squared: 0.4099276364, Validation R-squared: 0.3218232393
2023-11-23 10:39:04,655 - INFO - Epoch 30 : Training Loss: 5.8568420410, Validation Loss: 6.1203413010, Training R-squared: 0.4136172235, Validation R-squared: 0.3262645304
2023-11-23 10:39:22,528 - INFO - Epoch 31 : Training Loss: 5.8259782791, Validation Loss: 6.1002507210, Training R-squared: 0.4201710522, Validation R-squared: 0.3311878443
2023-11-23 10:39:39,940 - INFO - Epoch 32 : Training Loss: 5.8018159866, Validation Loss: 6.0955619812, Training R-squared: 0.4244912863, Validation R-squared: 0.3318640590
2023-11-23 10:39:57,978 - INFO - Epoch 33 : Training Loss: 5.7820634842, Validation Loss: 6.1123075485, Training R-squared: 0.4282683134, Validation R-squared: 0.3278154731
2023-11-23 10:40:15,760 - INFO - Epoch 34 : Training Loss: 5.7671446800, Validation Loss: 6.0931010246, Training R-squared: 0.4325387180, Validation R-squared: 0.3323911130
2023-11-23 10:40:33,635 - INFO - Epoch 35 : Training Loss: 5.7503128052, Validation Loss: 6.0757780075, Training R-squared: 0.4352457821, Validation R-squared: 0.3363887668
2023-11-23 10:40:51,653 - INFO - Epoch 36 : Training Loss: 5.7402744293, Validation Loss: 6.0948982239, Training R-squared: 0.4375016987, Validation R-squared: 0.3317671716
2023-11-23 10:41:09,088 - INFO - Epoch 37 : Training Loss: 5.7217426300, Validation Loss: 6.0944485664, Training R-squared: 0.4396798909, Validation R-squared: 0.3317548931
2023-11-23 10:41:28,658 - INFO - Epoch 38 : Training Loss: 5.7083048820, Validation Loss: 6.0851736069, Training R-squared: 0.4430548549, Validation R-squared: 0.3338608742
2023-11-23 10:41:47,842 - INFO - Epoch 39 : Training Loss: 5.6879925728, Validation Loss: 6.0983142853, Training R-squared: 0.4467762411, Validation R-squared: 0.3308736980
2023-11-23 10:42:06,614 - INFO - Epoch 40 : Training Loss: 5.6827993393, Validation Loss: 6.0930786133, Training R-squared: 0.4479435086, Validation R-squared: 0.3323216140
2023-11-23 10:42:26,813 - INFO - Model saved to models/portion_model/lunch/512_512_200_64/sparsity_30_fold_2_model.keras
2023-11-23 10:42:32,440 - INFO - Avg Metrics: RMSE: 5.0281674589, R-squared: -1.8606183286, PCC: 0.4754602272
2023-11-23 10:42:32,440 - INFO - Agg Metrics: RMSE: 6.1424124801, R-squared: 0.3309877236, PCC: 0.5789177288
2023-11-23 10:42:39,115 - INFO - ================================================================== Fold 3 ===================================================================
2023-11-23 10:43:03,876 - INFO - Epoch 1  : Training Loss: 7.4878554344, Validation Loss: 7.3599166870, Training R-squared: 0.0384671129, Validation R-squared: 0.0553008169
2023-11-23 10:43:22,340 - INFO - Epoch 2  : Training Loss: 7.2714381218, Validation Loss: 7.0797786713, Training R-squared: 0.0953150913, Validation R-squared: 0.1259907186
2023-11-23 10:43:39,874 - INFO - Epoch 3  : Training Loss: 6.9845380783, Validation Loss: 6.7073822021, Training R-squared: 0.1643265039, Validation R-squared: 0.2157780528
2023-11-23 10:43:58,665 - INFO - Epoch 4  : Training Loss: 6.7081470490, Validation Loss: 6.5953774452, Training R-squared: 0.2298994064, Validation R-squared: 0.2415357530
2023-11-23 10:44:17,258 - INFO - Epoch 5  : Training Loss: 6.6114044189, Validation Loss: 6.5692076683, Training R-squared: 0.2516157627, Validation R-squared: 0.2475469261
2023-11-23 10:44:34,699 - INFO - Epoch 6  : Training Loss: 6.5731420517, Validation Loss: 6.5642328262, Training R-squared: 0.2590112686, Validation R-squared: 0.2485370040
2023-11-23 10:44:52,558 - INFO - Epoch 7  : Training Loss: 6.5439238548, Validation Loss: 6.5499434471, Training R-squared: 0.2670356631, Validation R-squared: 0.2515488565
2023-11-23 10:45:10,061 - INFO - Epoch 8  : Training Loss: 6.5034255981, Validation Loss: 6.5377478600, Training R-squared: 0.2746155262, Validation R-squared: 0.2547690272
2023-11-23 10:45:28,318 - INFO - Epoch 9  : Training Loss: 6.4723019600, Validation Loss: 6.5253329277, Training R-squared: 0.2822965086, Validation R-squared: 0.2575257123
2023-11-23 10:45:46,126 - INFO - Epoch 10 : Training Loss: 6.4279527664, Validation Loss: 6.5090341568, Training R-squared: 0.2903500199, Validation R-squared: 0.2614310384
2023-11-23 10:46:03,974 - INFO - Epoch 11 : Training Loss: 6.4018559456, Validation Loss: 6.4954261780, Training R-squared: 0.2975184023, Validation R-squared: 0.2644174695
2023-11-23 10:46:22,090 - INFO - Epoch 12 : Training Loss: 6.3617563248, Validation Loss: 6.4828491211, Training R-squared: 0.3072703481, Validation R-squared: 0.2673530579
2023-11-23 10:46:39,790 - INFO - Epoch 13 : Training Loss: 6.3333878517, Validation Loss: 6.4665756226, Training R-squared: 0.3132760823, Validation R-squared: 0.2714511454
2023-11-23 10:46:57,542 - INFO - Epoch 14 : Training Loss: 6.2996578217, Validation Loss: 6.4560289383, Training R-squared: 0.3191650212, Validation R-squared: 0.2736811638
2023-11-23 10:47:15,224 - INFO - Epoch 15 : Training Loss: 6.2730813026, Validation Loss: 6.4558062553, Training R-squared: 0.3253598511, Validation R-squared: 0.2734495401
2023-11-23 10:47:33,499 - INFO - Epoch 16 : Training Loss: 6.2385802269, Validation Loss: 6.4421892166, Training R-squared: 0.3334759176, Validation R-squared: 0.2764277756
2023-11-23 10:47:51,196 - INFO - Epoch 17 : Training Loss: 6.1948041916, Validation Loss: 6.4043993950, Training R-squared: 0.3406947851, Validation R-squared: 0.2852879167
2023-11-23 10:48:08,827 - INFO - Epoch 18 : Training Loss: 6.1595435143, Validation Loss: 6.3836560249, Training R-squared: 0.3493625820, Validation R-squared: 0.2896986604
2023-11-23 10:48:27,410 - INFO - Epoch 19 : Training Loss: 6.1239299774, Validation Loss: 6.3653597832, Training R-squared: 0.3554301560, Validation R-squared: 0.2940849364
2023-11-23 10:48:44,866 - INFO - Epoch 20 : Training Loss: 6.1004066467, Validation Loss: 6.3451490402, Training R-squared: 0.3611788750, Validation R-squared: 0.2983469367
2023-11-23 10:49:02,883 - INFO - Epoch 21 : Training Loss: 6.0762853622, Validation Loss: 6.3436918259, Training R-squared: 0.3669326901, Validation R-squared: 0.2984415293
2023-11-23 10:49:20,789 - INFO - Epoch 22 : Training Loss: 6.0473608971, Validation Loss: 6.3294382095, Training R-squared: 0.3715625703, Validation R-squared: 0.3016686141
2023-11-23 10:49:38,837 - INFO - Epoch 23 : Training Loss: 6.0080261230, Validation Loss: 6.2939763069, Training R-squared: 0.3800857067, Validation R-squared: 0.3092275262
2023-11-23 10:49:56,635 - INFO - Epoch 24 : Training Loss: 5.9870100021, Validation Loss: 6.2735037804, Training R-squared: 0.3851336539, Validation R-squared: 0.3139943182
2023-11-23 10:50:14,286 - INFO - Epoch 25 : Training Loss: 5.9521861076, Validation Loss: 6.2499547005, Training R-squared: 0.3913723826, Validation R-squared: 0.3188491166
2023-11-23 10:50:32,541 - INFO - Epoch 26 : Training Loss: 5.9340109825, Validation Loss: 6.2559871674, Training R-squared: 0.3961358368, Validation R-squared: 0.3173859417
2023-11-23 10:50:49,982 - INFO - Epoch 27 : Training Loss: 5.8915104866, Validation Loss: 6.2558245659, Training R-squared: 0.4035701752, Validation R-squared: 0.3171463013
2023-11-23 10:51:08,015 - INFO - Epoch 28 : Training Loss: 5.8687458038, Validation Loss: 6.2210383415, Training R-squared: 0.4080265164, Validation R-squared: 0.3250295818
2023-11-23 10:51:25,949 - INFO - Epoch 29 : Training Loss: 5.8475980759, Validation Loss: 6.2026939392, Training R-squared: 0.4131482542, Validation R-squared: 0.3288812637
2023-11-23 10:51:43,637 - INFO - Epoch 30 : Training Loss: 5.8268852234, Validation Loss: 6.1893563271, Training R-squared: 0.4170207083, Validation R-squared: 0.3318713307
2023-11-23 10:52:01,463 - INFO - Epoch 31 : Training Loss: 5.8020968437, Validation Loss: 6.2061023712, Training R-squared: 0.4215397835, Validation R-squared: 0.3280152082
2023-11-23 10:52:19,452 - INFO - Epoch 32 : Training Loss: 5.7848291397, Validation Loss: 6.1980810165, Training R-squared: 0.4248806536, Validation R-squared: 0.3297771513
2023-11-23 10:52:37,159 - INFO - Epoch 33 : Training Loss: 5.7652950287, Validation Loss: 6.1854476929, Training R-squared: 0.4289677739, Validation R-squared: 0.3327238858
2023-11-23 10:52:54,783 - INFO - Epoch 34 : Training Loss: 5.7454338074, Validation Loss: 6.1905903816, Training R-squared: 0.4319859445, Validation R-squared: 0.3311209083
2023-11-23 10:53:12,769 - INFO - Epoch 35 : Training Loss: 5.7314243317, Validation Loss: 6.1629433632, Training R-squared: 0.4340015948, Validation R-squared: 0.3371470273
2023-11-23 10:53:30,616 - INFO - Epoch 36 : Training Loss: 5.7129039764, Validation Loss: 6.1509809494, Training R-squared: 0.4386076629, Validation R-squared: 0.3399904668
2023-11-23 10:53:49,912 - INFO - Epoch 37 : Training Loss: 5.7017183304, Validation Loss: 6.1883378029, Training R-squared: 0.4411851168, Validation R-squared: 0.3312651515
2023-11-23 10:54:08,704 - INFO - Epoch 38 : Training Loss: 5.6854610443, Validation Loss: 6.2036705017, Training R-squared: 0.4446551204, Validation R-squared: 0.3277648687
2023-11-23 10:54:26,639 - INFO - Epoch 39 : Training Loss: 5.6693687439, Validation Loss: 6.1764802933, Training R-squared: 0.4460388124, Validation R-squared: 0.3338909447
2023-11-23 10:54:44,232 - INFO - Epoch 40 : Training Loss: 5.6620168686, Validation Loss: 6.1632037163, Training R-squared: 0.4486157596, Validation R-squared: 0.3367579579
2023-11-23 10:55:02,194 - INFO - Epoch 41 : Training Loss: 5.6528291702, Validation Loss: 6.1549682617, Training R-squared: 0.4504633844, Validation R-squared: 0.3387555480
2023-11-23 10:55:22,877 - INFO - Model saved to models/portion_model/lunch/512_512_200_64/sparsity_30_fold_3_model.keras
2023-11-23 10:55:29,758 - INFO - Avg Metrics: RMSE: 5.0923186466, R-squared: 0.0132445154, PCC: 0.4861327446
2023-11-23 10:55:29,758 - INFO - Agg Metrics: RMSE: 6.1988542669, R-squared: 0.3367451272, PCC: 0.5825795122
2023-11-23 10:55:36,490 - INFO - ================================================================== Fold 4 ===================================================================
2023-11-23 10:56:01,399 - INFO - Epoch 1  : Training Loss: 7.4608535767, Validation Loss: 7.5049014091, Training R-squared: 0.0388257690, Validation R-squared: 0.0483828969
2023-11-23 10:56:19,698 - INFO - Epoch 2  : Training Loss: 7.2410840988, Validation Loss: 7.2433977127, Training R-squared: 0.0942992494, Validation R-squared: 0.1143509373
2023-11-23 10:56:37,521 - INFO - Epoch 3  : Training Loss: 6.9239072800, Validation Loss: 6.8274250031, Training R-squared: 0.1713665575, Validation R-squared: 0.2134404331
2023-11-23 10:56:54,953 - INFO - Epoch 4  : Training Loss: 6.6349682808, Validation Loss: 6.7209377289, Training R-squared: 0.2405163199, Validation R-squared: 0.2378073931
2023-11-23 10:57:12,664 - INFO - Epoch 5  : Training Loss: 6.5608592033, Validation Loss: 6.6997222900, Training R-squared: 0.2575085461, Validation R-squared: 0.2425972819
2023-11-23 10:57:30,431 - INFO - Epoch 6  : Training Loss: 6.5212359428, Validation Loss: 6.6850376129, Training R-squared: 0.2666384280, Validation R-squared: 0.2455685437
2023-11-23 10:57:48,533 - INFO - Epoch 7  : Training Loss: 6.4800639153, Validation Loss: 6.6605844498, Training R-squared: 0.2745316029, Validation R-squared: 0.2511988282
2023-11-23 10:58:06,259 - INFO - Epoch 8  : Training Loss: 6.4376463890, Validation Loss: 6.6507973671, Training R-squared: 0.2828544378, Validation R-squared: 0.2535902560
2023-11-23 10:58:25,904 - INFO - Epoch 9  : Training Loss: 6.4118099213, Validation Loss: 6.6464958191, Training R-squared: 0.2899188697, Validation R-squared: 0.2544375360
2023-11-23 10:58:44,090 - INFO - Epoch 10 : Training Loss: 6.3877401352, Validation Loss: 6.6453156471, Training R-squared: 0.2948473394, Validation R-squared: 0.2545208037
2023-11-23 10:59:01,535 - INFO - Epoch 11 : Training Loss: 6.3606271744, Validation Loss: 6.6327891350, Training R-squared: 0.3009738028, Validation R-squared: 0.2574451566
2023-11-23 10:59:19,561 - INFO - Epoch 12 : Training Loss: 6.3242454529, Validation Loss: 6.5966649055, Training R-squared: 0.3096009791, Validation R-squared: 0.2655993700
2023-11-23 10:59:37,063 - INFO - Epoch 13 : Training Loss: 6.2863078117, Validation Loss: 6.5794172287, Training R-squared: 0.3165778518, Validation R-squared: 0.2696898580
2023-11-23 10:59:54,699 - INFO - Epoch 14 : Training Loss: 6.2465014458, Validation Loss: 6.5631766319, Training R-squared: 0.3251836896, Validation R-squared: 0.2730597258
2023-11-23 11:00:12,033 - INFO - Epoch 15 : Training Loss: 6.2225732803, Validation Loss: 6.5420279503, Training R-squared: 0.3305921257, Validation R-squared: 0.2778590322
2023-11-23 11:00:29,921 - INFO - Epoch 16 : Training Loss: 6.1782994270, Validation Loss: 6.5293831825, Training R-squared: 0.3391546607, Validation R-squared: 0.2804610133
2023-11-23 11:00:47,470 - INFO - Epoch 17 : Training Loss: 6.1492424011, Validation Loss: 6.5121273994, Training R-squared: 0.3454958797, Validation R-squared: 0.2841931581
2023-11-23 11:01:04,833 - INFO - Epoch 18 : Training Loss: 6.1220436096, Validation Loss: 6.4991779327, Training R-squared: 0.3521816730, Validation R-squared: 0.2869447470
2023-11-23 11:01:22,801 - INFO - Epoch 19 : Training Loss: 6.0920205116, Validation Loss: 6.4981036186, Training R-squared: 0.3584369719, Validation R-squared: 0.2867407203
2023-11-23 11:01:40,367 - INFO - Epoch 20 : Training Loss: 6.0572500229, Validation Loss: 6.4691114426, Training R-squared: 0.3651509285, Validation R-squared: 0.2937037051
2023-11-23 11:01:57,878 - INFO - Epoch 21 : Training Loss: 6.0249605179, Validation Loss: 6.4478936195, Training R-squared: 0.3704756498, Validation R-squared: 0.2981222272
2023-11-23 11:02:15,357 - INFO - Epoch 22 : Training Loss: 5.9994330406, Validation Loss: 6.4304075241, Training R-squared: 0.3772785366, Validation R-squared: 0.3020373285
2023-11-23 11:02:33,344 - INFO - Epoch 23 : Training Loss: 5.9706664085, Validation Loss: 6.4433569908, Training R-squared: 0.3827772141, Validation R-squared: 0.2988450229
2023-11-23 11:02:50,960 - INFO - Epoch 24 : Training Loss: 5.9483146667, Validation Loss: 6.4267201424, Training R-squared: 0.3876625299, Validation R-squared: 0.3022563159
2023-11-23 11:03:08,664 - INFO - Epoch 25 : Training Loss: 5.9232268333, Validation Loss: 6.4069857597, Training R-squared: 0.3919167221, Validation R-squared: 0.3068236113
2023-11-23 11:03:26,306 - INFO - Epoch 26 : Training Loss: 5.8874092102, Validation Loss: 6.3967571259, Training R-squared: 0.3996648192, Validation R-squared: 0.3088616133
2023-11-23 11:03:44,311 - INFO - Epoch 27 : Training Loss: 5.8676767349, Validation Loss: 6.3728504181, Training R-squared: 0.4034565389, Validation R-squared: 0.3142284155
2023-11-23 11:04:03,417 - INFO - Epoch 28 : Training Loss: 5.8406572342, Validation Loss: 6.3673748970, Training R-squared: 0.4089968503, Validation R-squared: 0.3152172267
2023-11-23 11:04:21,076 - INFO - Epoch 29 : Training Loss: 5.8236474991, Validation Loss: 6.3660082817, Training R-squared: 0.4127768576, Validation R-squared: 0.3154856861
2023-11-23 11:04:38,890 - INFO - Epoch 30 : Training Loss: 5.8038206100, Validation Loss: 6.3761596680, Training R-squared: 0.4157670736, Validation R-squared: 0.3128222823
2023-11-23 11:04:56,272 - INFO - Epoch 31 : Training Loss: 5.7814645767, Validation Loss: 6.3323717117, Training R-squared: 0.4201484621, Validation R-squared: 0.3226599991
2023-11-23 11:05:14,280 - INFO - Epoch 32 : Training Loss: 5.7642326355, Validation Loss: 6.3126802444, Training R-squared: 0.4232522547, Validation R-squared: 0.3271995485
2023-11-23 11:05:32,275 - INFO - Epoch 33 : Training Loss: 5.7494916916, Validation Loss: 6.3296990395, Training R-squared: 0.4265519381, Validation R-squared: 0.3232968152
2023-11-23 11:05:49,906 - INFO - Epoch 34 : Training Loss: 5.7271327972, Validation Loss: 6.2988042831, Training R-squared: 0.4319746196, Validation R-squared: 0.3300178647
2023-11-23 11:06:07,496 - INFO - Epoch 35 : Training Loss: 5.7073612213, Validation Loss: 6.2914509773, Training R-squared: 0.4351846576, Validation R-squared: 0.3313930631
2023-11-23 11:06:25,445 - INFO - Epoch 36 : Training Loss: 5.6878719330, Validation Loss: 6.2852854729, Training R-squared: 0.4378834665, Validation R-squared: 0.3328314424
2023-11-23 11:06:43,113 - INFO - Epoch 37 : Training Loss: 5.6693391800, Validation Loss: 6.3054451942, Training R-squared: 0.4410233498, Validation R-squared: 0.3279483318
2023-11-23 11:07:00,505 - INFO - Epoch 38 : Training Loss: 5.6543207169, Validation Loss: 6.2568655014, Training R-squared: 0.4445070326, Validation R-squared: 0.3388965130
2023-11-23 11:07:18,729 - INFO - Epoch 39 : Training Loss: 5.6346058846, Validation Loss: 6.2705702782, Training R-squared: 0.4497735798, Validation R-squared: 0.3355425298
2023-11-23 11:07:36,152 - INFO - Epoch 40 : Training Loss: 5.6175026894, Validation Loss: 6.2557601929, Training R-squared: 0.4517970085, Validation R-squared: 0.3385941386
2023-11-23 11:07:54,066 - INFO - Epoch 41 : Training Loss: 5.5953269005, Validation Loss: 6.2596554756, Training R-squared: 0.4564357102, Validation R-squared: 0.3376197815
2023-11-23 11:08:11,407 - INFO - Epoch 42 : Training Loss: 5.5789303780, Validation Loss: 6.2392020226, Training R-squared: 0.4593668580, Validation R-squared: 0.3420571685
2023-11-23 11:08:29,242 - INFO - Epoch 43 : Training Loss: 5.5574402809, Validation Loss: 6.2405004501, Training R-squared: 0.4636123776, Validation R-squared: 0.3417780697
2023-11-23 11:08:46,706 - INFO - Epoch 44 : Training Loss: 5.5469474792, Validation Loss: 6.2151122093, Training R-squared: 0.4649700522, Validation R-squared: 0.3472677469
2023-11-23 11:09:04,516 - INFO - Epoch 45 : Training Loss: 5.5293750763, Validation Loss: 6.2395467758, Training R-squared: 0.4693760872, Validation R-squared: 0.3415805995
2023-11-23 11:09:22,249 - INFO - Epoch 46 : Training Loss: 5.5141496658, Validation Loss: 6.2538075447, Training R-squared: 0.4706404507, Validation R-squared: 0.3382532001
2023-11-23 11:09:40,049 - INFO - Epoch 47 : Training Loss: 5.4986658096, Validation Loss: 6.2464327812, Training R-squared: 0.4737126529, Validation R-squared: 0.3400344849
2023-11-23 11:09:57,534 - INFO - Epoch 48 : Training Loss: 5.4853096008, Validation Loss: 6.2562184334, Training R-squared: 0.4768652022, Validation R-squared: 0.3377484977
2023-11-23 11:10:15,266 - INFO - Epoch 49 : Training Loss: 5.4737119675, Validation Loss: 6.2278599739, Training R-squared: 0.4783827066, Validation R-squared: 0.3440853953
2023-11-23 11:10:35,422 - INFO - Model saved to models/portion_model/lunch/512_512_200_64/sparsity_30_fold_4_model.keras
2023-11-23 11:10:41,042 - INFO - Avg Metrics: RMSE: 5.0584513642, R-squared: -0.7582021650, PCC: 0.4991848969
2023-11-23 11:10:41,043 - INFO - Agg Metrics: RMSE: 6.3066785953, R-squared: 0.3411142578, PCC: 0.5871156372
2023-11-23 11:10:47,431 - INFO - ================================================================== Fold 5 ===================================================================
2023-11-23 11:11:12,304 - INFO - Epoch 1  : Training Loss: 7.4583454132, Validation Loss: 7.4820165634, Training R-squared: 0.0394517295, Validation R-squared: 0.0564637855
2023-11-23 11:11:30,009 - INFO - Epoch 2  : Training Loss: 7.2168312073, Validation Loss: 7.2132501602, Training R-squared: 0.0998980701, Validation R-squared: 0.1228493005
2023-11-23 11:11:47,388 - INFO - Epoch 3  : Training Loss: 6.9341678619, Validation Loss: 6.8111119270, Training R-squared: 0.1694171727, Validation R-squared: 0.2178225815
2023-11-23 11:12:05,068 - INFO - Epoch 4  : Training Loss: 6.6321897507, Validation Loss: 6.6866512299, Training R-squared: 0.2411193103, Validation R-squared: 0.2454997599
2023-11-23 11:12:22,538 - INFO - Epoch 5  : Training Loss: 6.5666260719, Validation Loss: 6.6758475304, Training R-squared: 0.2555255294, Validation R-squared: 0.2485151589
2023-11-23 11:12:40,109 - INFO - Epoch 6  : Training Loss: 6.5266351700, Validation Loss: 6.6616177559, Training R-squared: 0.2643261254, Validation R-squared: 0.2516590953
2023-11-23 11:12:57,622 - INFO - Epoch 7  : Training Loss: 6.4894003868, Validation Loss: 6.6444020271, Training R-squared: 0.2725966871, Validation R-squared: 0.2552953959
2023-11-23 11:13:15,103 - INFO - Epoch 8  : Training Loss: 6.4552836418, Validation Loss: 6.6236023903, Training R-squared: 0.2793169320, Validation R-squared: 0.2594078183
2023-11-23 11:13:32,874 - INFO - Epoch 9  : Training Loss: 6.4223380089, Validation Loss: 6.6069631577, Training R-squared: 0.2866815031, Validation R-squared: 0.2629949152
2023-11-23 11:13:51,183 - INFO - Epoch 10 : Training Loss: 6.3774409294, Validation Loss: 6.5893640518, Training R-squared: 0.2962056398, Validation R-squared: 0.2674795389
2023-11-23 11:14:09,443 - INFO - Epoch 11 : Training Loss: 6.3455476761, Validation Loss: 6.5766520500, Training R-squared: 0.3036076725, Validation R-squared: 0.2700052261
2023-11-23 11:14:26,928 - INFO - Epoch 12 : Training Loss: 6.3174738884, Validation Loss: 6.5691838264, Training R-squared: 0.3095959425, Validation R-squared: 0.2713862360
2023-11-23 11:14:44,538 - INFO - Epoch 13 : Training Loss: 6.3011875153, Validation Loss: 6.5731348991, Training R-squared: 0.3134921789, Validation R-squared: 0.2699632049
2023-11-23 11:15:01,824 - INFO - Epoch 14 : Training Loss: 6.2692842484, Validation Loss: 6.5550918579, Training R-squared: 0.3193895519, Validation R-squared: 0.2750242949
2023-11-23 11:15:20,303 - INFO - Epoch 15 : Training Loss: 6.2423081398, Validation Loss: 6.5417017937, Training R-squared: 0.3260975182, Validation R-squared: 0.2771711051
2023-11-23 11:15:38,941 - INFO - Epoch 16 : Training Loss: 6.2111825943, Validation Loss: 6.5132603645, Training R-squared: 0.3316761553, Validation R-squared: 0.2837876379
2023-11-23 11:15:57,246 - INFO - Epoch 17 : Training Loss: 6.1768784523, Validation Loss: 6.4975357056, Training R-squared: 0.3398469985, Validation R-squared: 0.2871159315
2023-11-23 11:16:15,090 - INFO - Epoch 18 : Training Loss: 6.1381678581, Validation Loss: 6.4722671509, Training R-squared: 0.3484705985, Validation R-squared: 0.2919774055
2023-11-23 11:16:32,623 - INFO - Epoch 19 : Training Loss: 6.0975651741, Validation Loss: 6.4405250549, Training R-squared: 0.3557322919, Validation R-squared: 0.2990044951
2023-11-23 11:16:50,261 - INFO - Epoch 20 : Training Loss: 6.0581674576, Validation Loss: 6.4200248718, Training R-squared: 0.3641747832, Validation R-squared: 0.3034629524
2023-11-23 11:17:07,492 - INFO - Epoch 21 : Training Loss: 6.0224037170, Validation Loss: 6.3991904259, Training R-squared: 0.3712761998, Validation R-squared: 0.3081655502
2023-11-23 11:17:25,646 - INFO - Epoch 22 : Training Loss: 5.9930720329, Validation Loss: 6.3777284622, Training R-squared: 0.3779930770, Validation R-squared: 0.3128978312
2023-11-23 11:17:43,370 - INFO - Epoch 23 : Training Loss: 5.9525942802, Validation Loss: 6.3729205132, Training R-squared: 0.3856356442, Validation R-squared: 0.3130234778
2023-11-23 11:18:01,351 - INFO - Epoch 24 : Training Loss: 5.9140362740, Validation Loss: 6.3334932327, Training R-squared: 0.3925798833, Validation R-squared: 0.3217503428
2023-11-23 11:18:18,884 - INFO - Epoch 25 : Training Loss: 5.8871545792, Validation Loss: 6.3276324272, Training R-squared: 0.3996748924, Validation R-squared: 0.3228335381
2023-11-23 11:18:36,364 - INFO - Epoch 26 : Training Loss: 5.8567676544, Validation Loss: 6.3482918739, Training R-squared: 0.4059195518, Validation R-squared: 0.3178485036
2023-11-23 11:18:53,860 - INFO - Epoch 27 : Training Loss: 5.8358817101, Validation Loss: 6.2919921875, Training R-squared: 0.4107150733, Validation R-squared: 0.3307180405
2023-11-23 11:19:11,453 - INFO - Epoch 28 : Training Loss: 5.8138985634, Validation Loss: 6.2912001610, Training R-squared: 0.4142141342, Validation R-squared: 0.3300635815
2023-11-23 11:19:29,459 - INFO - Epoch 29 : Training Loss: 5.7973065376, Validation Loss: 6.3092570305, Training R-squared: 0.4171261191, Validation R-squared: 0.3258870840
2023-11-23 11:19:46,972 - INFO - Epoch 30 : Training Loss: 5.7748465538, Validation Loss: 6.2815308571, Training R-squared: 0.4218013585, Validation R-squared: 0.3317254186
2023-11-23 11:20:04,797 - INFO - Epoch 31 : Training Loss: 5.7532286644, Validation Loss: 6.3096995354, Training R-squared: 0.4255927801, Validation R-squared: 0.3249737620
2023-11-23 11:20:22,517 - INFO - Epoch 32 : Training Loss: 5.7381820679, Validation Loss: 6.2644047737, Training R-squared: 0.4289933443, Validation R-squared: 0.3355244100
2023-11-23 11:20:40,050 - INFO - Epoch 33 : Training Loss: 5.7198128700, Validation Loss: 6.2747168541, Training R-squared: 0.4316931665, Validation R-squared: 0.3330486715
2023-11-23 11:20:57,412 - INFO - Epoch 34 : Training Loss: 5.7067427635, Validation Loss: 6.2631258965, Training R-squared: 0.4355598986, Validation R-squared: 0.3351404965
2023-11-23 11:21:15,002 - INFO - Epoch 35 : Training Loss: 5.6827211380, Validation Loss: 6.2608332634, Training R-squared: 0.4411610961, Validation R-squared: 0.3357109129
2023-11-23 11:21:33,274 - INFO - Epoch 36 : Training Loss: 5.6609559059, Validation Loss: 6.2768125534, Training R-squared: 0.4432231784, Validation R-squared: 0.3318423033
2023-11-23 11:21:50,810 - INFO - Epoch 37 : Training Loss: 5.6441426277, Validation Loss: 6.2842555046, Training R-squared: 0.4475965202, Validation R-squared: 0.3302446604
2023-11-23 11:22:09,426 - INFO - Epoch 38 : Training Loss: 5.6227922440, Validation Loss: 6.2496027946, Training R-squared: 0.4527279437, Validation R-squared: 0.3378271461
2023-11-23 11:22:27,051 - INFO - Epoch 39 : Training Loss: 5.6091265678, Validation Loss: 6.2753772736, Training R-squared: 0.4529465139, Validation R-squared: 0.3317753971
2023-11-23 11:22:44,569 - INFO - Epoch 40 : Training Loss: 5.5895872116, Validation Loss: 6.2325978279, Training R-squared: 0.4564491212, Validation R-squared: 0.3420391977
2023-11-23 11:23:02,111 - INFO - Epoch 41 : Training Loss: 5.5786395073, Validation Loss: 6.2557759285, Training R-squared: 0.4594616592, Validation R-squared: 0.3361579776
2023-11-23 11:23:20,296 - INFO - Epoch 42 : Training Loss: 5.5661640167, Validation Loss: 6.2308425903, Training R-squared: 0.4623980522, Validation R-squared: 0.3419997096
2023-11-23 11:23:37,719 - INFO - Epoch 43 : Training Loss: 5.5417523384, Validation Loss: 6.2408938408, Training R-squared: 0.4651044905, Validation R-squared: 0.3391157687
2023-11-23 11:23:57,214 - INFO - Epoch 44 : Training Loss: 5.5398788452, Validation Loss: 6.2477860451, Training R-squared: 0.4662390053, Validation R-squared: 0.3375442624
2023-11-23 11:24:15,034 - INFO - Epoch 45 : Training Loss: 5.5215401649, Validation Loss: 6.2730336189, Training R-squared: 0.4698299468, Validation R-squared: 0.3319012225
2023-11-23 11:24:32,745 - INFO - Epoch 46 : Training Loss: 5.5177340508, Validation Loss: 6.2219529152, Training R-squared: 0.4708868265, Validation R-squared: 0.3434219658
2023-11-23 11:24:50,503 - INFO - Epoch 47 : Training Loss: 5.4991579056, Validation Loss: 6.2367224693, Training R-squared: 0.4733500779, Validation R-squared: 0.3398569524
2023-11-23 11:25:08,187 - INFO - Epoch 48 : Training Loss: 5.4828934669, Validation Loss: 6.2445397377, Training R-squared: 0.4775231481, Validation R-squared: 0.3379911184
2023-11-23 11:25:26,329 - INFO - Epoch 49 : Training Loss: 5.4661850929, Validation Loss: 6.2586860657, Training R-squared: 0.4811971188, Validation R-squared: 0.3346484005
2023-11-23 11:25:43,720 - INFO - Epoch 50 : Training Loss: 5.4598712921, Validation Loss: 6.2450113297, Training R-squared: 0.4813419878, Validation R-squared: 0.3380379379
2023-11-23 11:26:01,511 - INFO - Epoch 51 : Training Loss: 5.4490852356, Validation Loss: 6.2848591805, Training R-squared: 0.4835465848, Validation R-squared: 0.3283573687
2023-11-23 11:26:21,008 - INFO - Model saved to models/portion_model/lunch/512_512_200_64/sparsity_30_fold_5_model.keras
2023-11-23 11:26:28,454 - INFO - Avg Metrics: RMSE: 5.0422156432, R-squared: -0.6023063959, PCC: 0.5072857135
2023-11-23 11:26:28,454 - INFO - Agg Metrics: RMSE: 6.2954400028, R-squared: 0.3428827013, PCC: 0.5902071457
2023-11-23 11:26:45,564 - INFO - ================================================================== Results Summary ===================================================================
2023-11-23 11:26:45,564 - INFO - CrossVal Metrics (Avg.) - RMSE: 5.0668775297 ± 0.0315401360, R2: -0.6267562501 ± 0.0315401360, PCC: 0.4879348308 ± 0.0315401360
2023-11-23 11:26:45,564 - INFO - Testing  Metrics (Avg.) - RMSE: 5.1174741193, R2: -0.8773123489, PCC: 0.4818768292
2023-11-23 11:26:45,564 - INFO - CrossVal Metrics (Agg.) - RMSE: 6.2801317380 ± 0.0315401360, R2: 0.3330340117 ± 0.0315401360, PCC: 0.5804078019 ± 0.0315401360
2023-11-23 11:26:45,564 - INFO - Testing  Metrics (Agg.) - RMSE: 6.2984094692, R2: 0.3273368239, PCC: 0.5752113465
