2023-11-24 05:02:39,774 - INFO - Training model at 25% sparse columns removed...
2023-11-24 05:02:49,541 - INFO - ================================================================== Fold 1 ===================================================================
2023-11-24 05:03:21,867 - INFO - Epoch 1  : Training Loss: 7.8444576263, Validation Loss: 7.7798528671, Training R-squared: 0.0369774699, Validation R-squared: 0.0652381331
2023-11-24 05:03:44,162 - INFO - Epoch 2  : Training Loss: 7.5847029686, Validation Loss: 7.6115293503, Training R-squared: 0.0983593762, Validation R-squared: 0.1057551950
2023-11-24 05:04:07,469 - INFO - Epoch 3  : Training Loss: 7.2846398354, Validation Loss: 7.1681504250, Training R-squared: 0.1714963615, Validation R-squared: 0.2069970071
2023-11-24 05:04:29,794 - INFO - Epoch 4  : Training Loss: 7.0559110641, Validation Loss: 7.1482262611, Training R-squared: 0.2221615463, Validation R-squared: 0.2109196335
2023-11-24 05:04:52,016 - INFO - Epoch 5  : Training Loss: 7.0046548843, Validation Loss: 7.1284375191, Training R-squared: 0.2314033061, Validation R-squared: 0.2155588865
2023-11-24 05:05:14,478 - INFO - Epoch 6  : Training Loss: 6.9491696358, Validation Loss: 7.0837574005, Training R-squared: 0.2435631156, Validation R-squared: 0.2256694734
2023-11-24 05:05:37,115 - INFO - Epoch 7  : Training Loss: 6.8736815453, Validation Loss: 7.0088205338, Training R-squared: 0.2607256770, Validation R-squared: 0.2416892052
2023-11-24 05:05:59,475 - INFO - Epoch 8  : Training Loss: 6.7686524391, Validation Loss: 6.9465131760, Training R-squared: 0.2825997174, Validation R-squared: 0.2549053729
2023-11-24 05:06:22,164 - INFO - Epoch 9  : Training Loss: 6.7115588188, Validation Loss: 6.9231305122, Training R-squared: 0.2942774892, Validation R-squared: 0.2595273256
2023-11-24 05:06:44,283 - INFO - Epoch 10 : Training Loss: 6.6618990898, Validation Loss: 6.9306759834, Training R-squared: 0.3027305603, Validation R-squared: 0.2577773929
2023-11-24 05:07:06,847 - INFO - Epoch 11 : Training Loss: 6.6381621361, Validation Loss: 6.9063692093, Training R-squared: 0.3082629144, Validation R-squared: 0.2631574571
2023-11-24 05:07:29,784 - INFO - Epoch 12 : Training Loss: 6.6038904190, Validation Loss: 6.9001040459, Training R-squared: 0.3155336380, Validation R-squared: 0.2644572556
2023-11-24 05:07:52,080 - INFO - Epoch 13 : Training Loss: 6.5797972679, Validation Loss: 6.8903698921, Training R-squared: 0.3205027282, Validation R-squared: 0.2662297487
2023-11-24 05:08:14,860 - INFO - Epoch 14 : Training Loss: 6.5543375015, Validation Loss: 6.8774666786, Training R-squared: 0.3259983659, Validation R-squared: 0.2690276206
2023-11-24 05:08:37,221 - INFO - Epoch 15 : Training Loss: 6.5216331482, Validation Loss: 6.8689193726, Training R-squared: 0.3315611780, Validation R-squared: 0.2707985938
2023-11-24 05:08:59,732 - INFO - Epoch 16 : Training Loss: 6.4959950447, Validation Loss: 6.8514442444, Training R-squared: 0.3377073109, Validation R-squared: 0.2742592990
2023-11-24 05:09:22,301 - INFO - Epoch 17 : Training Loss: 6.4590983391, Validation Loss: 6.8489780426, Training R-squared: 0.3430338502, Validation R-squared: 0.2744495571
2023-11-24 05:09:44,752 - INFO - Epoch 18 : Training Loss: 6.4313082695, Validation Loss: 6.8263998032, Training R-squared: 0.3494009376, Validation R-squared: 0.2790401876
2023-11-24 05:10:07,340 - INFO - Epoch 19 : Training Loss: 6.3950576782, Validation Loss: 6.8120117188, Training R-squared: 0.3569363654, Validation R-squared: 0.2820592821
2023-11-24 05:10:29,802 - INFO - Epoch 20 : Training Loss: 6.3658614159, Validation Loss: 6.7854108810, Training R-squared: 0.3634260297, Validation R-squared: 0.2871706188
2023-11-24 05:10:52,167 - INFO - Epoch 21 : Training Loss: 6.3314948082, Validation Loss: 6.7659435272, Training R-squared: 0.3678442836, Validation R-squared: 0.2908295095
2023-11-24 05:11:15,284 - INFO - Epoch 22 : Training Loss: 6.2986369133, Validation Loss: 6.7654485703, Training R-squared: 0.3748175800, Validation R-squared: 0.2907607257
2023-11-24 05:11:39,178 - INFO - Epoch 23 : Training Loss: 6.2642364502, Validation Loss: 6.7250833511, Training R-squared: 0.3813498020, Validation R-squared: 0.2998146713
2023-11-24 05:12:01,808 - INFO - Epoch 24 : Training Loss: 6.2385067940, Validation Loss: 6.7520360947, Training R-squared: 0.3861532807, Validation R-squared: 0.2936647236
2023-11-24 05:12:24,858 - INFO - Epoch 25 : Training Loss: 6.2104315758, Validation Loss: 6.7021341324, Training R-squared: 0.3909745514, Validation R-squared: 0.3042631745
2023-11-24 05:12:47,214 - INFO - Epoch 26 : Training Loss: 6.1892018318, Validation Loss: 6.7150492668, Training R-squared: 0.3968717456, Validation R-squared: 0.3010900617
2023-11-24 05:13:09,597 - INFO - Epoch 27 : Training Loss: 6.1581802368, Validation Loss: 6.7148904800, Training R-squared: 0.4023993015, Validation R-squared: 0.3012626171
2023-11-24 05:13:32,157 - INFO - Epoch 28 : Training Loss: 6.1403594017, Validation Loss: 6.6928310394, Training R-squared: 0.4061015546, Validation R-squared: 0.3060004413
2023-11-24 05:13:55,609 - INFO - Epoch 29 : Training Loss: 6.1086392403, Validation Loss: 6.6681389809, Training R-squared: 0.4104112089, Validation R-squared: 0.3113461435
2023-11-24 05:14:18,557 - INFO - Epoch 30 : Training Loss: 6.0853991508, Validation Loss: 6.6597423553, Training R-squared: 0.4160533249, Validation R-squared: 0.3128659129
2023-11-24 05:14:40,980 - INFO - Epoch 31 : Training Loss: 6.0657663345, Validation Loss: 6.6750683784, Training R-squared: 0.4186536372, Validation R-squared: 0.3094430566
2023-11-24 05:15:03,281 - INFO - Epoch 32 : Training Loss: 6.0485067368, Validation Loss: 6.6770062447, Training R-squared: 0.4225268960, Validation R-squared: 0.3090069294
2023-11-24 05:15:26,633 - INFO - Epoch 33 : Training Loss: 6.0237150192, Validation Loss: 6.6336584091, Training R-squared: 0.4256593883, Validation R-squared: 0.3183978498
2023-11-24 05:15:48,853 - INFO - Epoch 34 : Training Loss: 6.0105576515, Validation Loss: 6.6465454102, Training R-squared: 0.4292556345, Validation R-squared: 0.3152069747
2023-11-24 05:16:11,667 - INFO - Epoch 35 : Training Loss: 5.9908714294, Validation Loss: 6.6567759514, Training R-squared: 0.4329451919, Validation R-squared: 0.3131259084
2023-11-24 05:16:34,279 - INFO - Epoch 36 : Training Loss: 5.9758434296, Validation Loss: 6.6548104286, Training R-squared: 0.4362582564, Validation R-squared: 0.3135030866
2023-11-24 05:16:56,878 - INFO - Epoch 37 : Training Loss: 5.9592533112, Validation Loss: 6.6474709511, Training R-squared: 0.4375711083, Validation R-squared: 0.3148815632
2023-11-24 05:17:19,855 - INFO - Epoch 38 : Training Loss: 5.9417257309, Validation Loss: 6.6672058105, Training R-squared: 0.4414065182, Validation R-squared: 0.3107027709
2023-11-24 05:17:43,837 - INFO - Model saved to models/portion_model/dinner/512_512_200_64/sparsity_25_fold_1_model.keras
2023-11-24 05:17:49,509 - INFO - Avg Metrics: RMSE: 5.5240697244, R-squared: 0.0252345592, PCC: 0.4833971569
2023-11-24 05:17:49,509 - INFO - Agg Metrics: RMSE: 6.6992683997, R-squared: 0.3185083388, PCC: 0.5668053005
2023-11-24 05:17:56,490 - INFO - ================================================================== Fold 2 ===================================================================
2023-11-24 05:18:30,479 - INFO - Epoch 1  : Training Loss: 7.8699402809, Validation Loss: 7.7043504715, Training R-squared: 0.0364905559, Validation R-squared: 0.0572986677
2023-11-24 05:18:52,605 - INFO - Epoch 2  : Training Loss: 7.6375350952, Validation Loss: 7.5161876678, Training R-squared: 0.0940695852, Validation R-squared: 0.1033292189
2023-11-24 05:19:14,739 - INFO - Epoch 3  : Training Loss: 7.4409537315, Validation Loss: 7.1377406120, Training R-squared: 0.1411785036, Validation R-squared: 0.1910632849
2023-11-24 05:19:37,247 - INFO - Epoch 4  : Training Loss: 7.1147866249, Validation Loss: 7.0567889214, Training R-squared: 0.2141757160, Validation R-squared: 0.2092598081
2023-11-24 05:19:59,480 - INFO - Epoch 5  : Training Loss: 7.0472307205, Validation Loss: 7.0417065620, Training R-squared: 0.2288177311, Validation R-squared: 0.2125915438
2023-11-24 05:20:22,270 - INFO - Epoch 6  : Training Loss: 7.0089178085, Validation Loss: 7.0271024704, Training R-squared: 0.2372447699, Validation R-squared: 0.2156531364
2023-11-24 05:20:44,173 - INFO - Epoch 7  : Training Loss: 6.9684839249, Validation Loss: 6.9969983101, Training R-squared: 0.2458481044, Validation R-squared: 0.2225519568
2023-11-24 05:21:06,586 - INFO - Epoch 8  : Training Loss: 6.9126863480, Validation Loss: 6.9559245110, Training R-squared: 0.2577530444, Validation R-squared: 0.2311570942
2023-11-24 05:21:29,144 - INFO - Epoch 9  : Training Loss: 6.8498144150, Validation Loss: 6.8878874779, Training R-squared: 0.2711971104, Validation R-squared: 0.2460083216
2023-11-24 05:21:52,070 - INFO - Epoch 10 : Training Loss: 6.7730588913, Validation Loss: 6.8478159904, Training R-squared: 0.2876986563, Validation R-squared: 0.2544943690
2023-11-24 05:22:14,444 - INFO - Epoch 11 : Training Loss: 6.7228784561, Validation Loss: 6.8310313225, Training R-squared: 0.2972677350, Validation R-squared: 0.2576263547
2023-11-24 05:22:36,628 - INFO - Epoch 12 : Training Loss: 6.6919283867, Validation Loss: 6.8275580406, Training R-squared: 0.3035652637, Validation R-squared: 0.2576976120
2023-11-24 05:22:57,533 - INFO - Epoch 13 : Training Loss: 6.6594090462, Validation Loss: 6.8081173897, Training R-squared: 0.3095280230, Validation R-squared: 0.2620258927
2023-11-24 05:23:18,613 - INFO - Epoch 14 : Training Loss: 6.6261339188, Validation Loss: 6.7850580215, Training R-squared: 0.3167380095, Validation R-squared: 0.2669434845
2023-11-24 05:23:39,117 - INFO - Epoch 15 : Training Loss: 6.5853734016, Validation Loss: 6.7977890968, Training R-squared: 0.3249943852, Validation R-squared: 0.2633152008
2023-11-24 05:24:01,216 - INFO - Epoch 16 : Training Loss: 6.5531015396, Validation Loss: 6.7592434883, Training R-squared: 0.3306707740, Validation R-squared: 0.2718468904
2023-11-24 05:24:22,414 - INFO - Epoch 17 : Training Loss: 6.5159864426, Validation Loss: 6.7595400810, Training R-squared: 0.3380188942, Validation R-squared: 0.2714645863
2023-11-24 05:24:42,963 - INFO - Epoch 18 : Training Loss: 6.4815235138, Validation Loss: 6.7258677483, Training R-squared: 0.3439271450, Validation R-squared: 0.2783252299
2023-11-24 05:25:03,470 - INFO - Epoch 19 : Training Loss: 6.4578843117, Validation Loss: 6.7238678932, Training R-squared: 0.3504395485, Validation R-squared: 0.2781190574
2023-11-24 05:25:24,421 - INFO - Epoch 20 : Training Loss: 6.4280996323, Validation Loss: 6.7181234360, Training R-squared: 0.3549532890, Validation R-squared: 0.2789390385
2023-11-24 05:25:44,998 - INFO - Epoch 21 : Training Loss: 6.3913226128, Validation Loss: 6.7039041519, Training R-squared: 0.3612548113, Validation R-squared: 0.2817959487
2023-11-24 05:26:05,847 - INFO - Epoch 22 : Training Loss: 6.3771820068, Validation Loss: 6.6877989769, Training R-squared: 0.3647204340, Validation R-squared: 0.2856360972
2023-11-24 05:26:26,675 - INFO - Epoch 23 : Training Loss: 6.3532476425, Validation Loss: 6.6991229057, Training R-squared: 0.3690536022, Validation R-squared: 0.2824700773
2023-11-24 05:26:47,439 - INFO - Epoch 24 : Training Loss: 6.3271861076, Validation Loss: 6.6934480667, Training R-squared: 0.3728883862, Validation R-squared: 0.2833839357
2023-11-24 05:27:08,183 - INFO - Epoch 25 : Training Loss: 6.3056545258, Validation Loss: 6.6849327087, Training R-squared: 0.3772898614, Validation R-squared: 0.2855657041
2023-11-24 05:27:29,255 - INFO - Epoch 26 : Training Loss: 6.2872862816, Validation Loss: 6.6700453758, Training R-squared: 0.3818489909, Validation R-squared: 0.2888285518
2023-11-24 05:27:49,878 - INFO - Epoch 27 : Training Loss: 6.2597546577, Validation Loss: 6.6710491180, Training R-squared: 0.3867450356, Validation R-squared: 0.2877948880
2023-11-24 05:28:10,880 - INFO - Epoch 28 : Training Loss: 6.2424159050, Validation Loss: 6.6577448845, Training R-squared: 0.3902385235, Validation R-squared: 0.2911564112
2023-11-24 05:28:31,626 - INFO - Epoch 29 : Training Loss: 6.2209143639, Validation Loss: 6.6560015678, Training R-squared: 0.3924743831, Validation R-squared: 0.2912398577
2023-11-24 05:28:52,310 - INFO - Epoch 30 : Training Loss: 6.1961359978, Validation Loss: 6.6958098412, Training R-squared: 0.3973101974, Validation R-squared: 0.2815961838
2023-11-24 05:29:13,034 - INFO - Epoch 31 : Training Loss: 6.1818618774, Validation Loss: 6.6629848480, Training R-squared: 0.4006433785, Validation R-squared: 0.2891746759
2023-11-24 05:29:33,900 - INFO - Epoch 32 : Training Loss: 6.1640000343, Validation Loss: 6.6698155403, Training R-squared: 0.4033184350, Validation R-squared: 0.2873487175
2023-11-24 05:29:54,517 - INFO - Epoch 33 : Training Loss: 6.1463232040, Validation Loss: 6.6701035500, Training R-squared: 0.4070785642, Validation R-squared: 0.2869058251
2023-11-24 05:30:15,332 - INFO - Epoch 34 : Training Loss: 6.1230783463, Validation Loss: 6.6525454521, Training R-squared: 0.4106612504, Validation R-squared: 0.2905979753
2023-11-24 05:30:36,588 - INFO - Epoch 35 : Training Loss: 6.1079902649, Validation Loss: 6.6432132721, Training R-squared: 0.4142240882, Validation R-squared: 0.2930759788
2023-11-24 05:30:57,196 - INFO - Epoch 36 : Training Loss: 6.0963048935, Validation Loss: 6.6763625145, Training R-squared: 0.4157511592, Validation R-squared: 0.2850106657
2023-11-24 05:31:18,201 - INFO - Epoch 37 : Training Loss: 6.0755920410, Validation Loss: 6.6634788513, Training R-squared: 0.4207342267, Validation R-squared: 0.2877482772
2023-11-24 05:31:38,827 - INFO - Epoch 38 : Training Loss: 6.0587954521, Validation Loss: 6.6603832245, Training R-squared: 0.4230442345, Validation R-squared: 0.2883514166
2023-11-24 05:31:59,683 - INFO - Epoch 39 : Training Loss: 6.0382561684, Validation Loss: 6.6949672699, Training R-squared: 0.4257811606, Validation R-squared: 0.2798492610
2023-11-24 05:32:20,652 - INFO - Epoch 40 : Training Loss: 6.0243520737, Validation Loss: 6.6847486496, Training R-squared: 0.4304338694, Validation R-squared: 0.2825405300
2023-11-24 05:32:41,667 - INFO - Model saved to models/portion_model/dinner/512_512_200_64/sparsity_25_fold_2_model.keras
2023-11-24 05:32:48,338 - INFO - Avg Metrics: RMSE: 5.5587005254, R-squared: -0.4355266195, PCC: 0.4572262162
2023-11-24 05:32:48,339 - INFO - Agg Metrics: RMSE: 6.6870458338, R-squared: 0.2984235961, PCC: 0.5525062453
2023-11-24 05:32:54,484 - INFO - ================================================================== Fold 3 ===================================================================
2023-11-24 05:33:24,336 - INFO - Epoch 1  : Training Loss: 7.8417258263, Validation Loss: 7.8312759399, Training R-squared: 0.0356916524, Validation R-squared: 0.0570529066
2023-11-24 05:33:44,932 - INFO - Epoch 2  : Training Loss: 7.5965332985, Validation Loss: 7.6271400452, Training R-squared: 0.0949425697, Validation R-squared: 0.1061832085
2023-11-24 05:34:06,373 - INFO - Epoch 3  : Training Loss: 7.3320379257, Validation Loss: 7.2074074745, Training R-squared: 0.1581642479, Validation R-squared: 0.2033142149
2023-11-24 05:34:27,365 - INFO - Epoch 4  : Training Loss: 7.0606641769, Validation Loss: 7.1526980400, Training R-squared: 0.2190725207, Validation R-squared: 0.2154575884
2023-11-24 05:34:47,757 - INFO - Epoch 5  : Training Loss: 7.0095944405, Validation Loss: 7.1333851814, Training R-squared: 0.2297503799, Validation R-squared: 0.2197625935
2023-11-24 05:35:08,444 - INFO - Epoch 6  : Training Loss: 6.9690232277, Validation Loss: 7.1204233170, Training R-squared: 0.2390220612, Validation R-squared: 0.2221300751
2023-11-24 05:35:29,202 - INFO - Epoch 7  : Training Loss: 6.9158844948, Validation Loss: 7.0707116127, Training R-squared: 0.2505809963, Validation R-squared: 0.2332977653
2023-11-24 05:35:49,562 - INFO - Epoch 8  : Training Loss: 6.8499393463, Validation Loss: 7.0095171928, Training R-squared: 0.2641607821, Validation R-squared: 0.2457232624
2023-11-24 05:36:10,143 - INFO - Epoch 9  : Training Loss: 6.7732005119, Validation Loss: 6.9658946991, Training R-squared: 0.2796771228, Validation R-squared: 0.2538748980
2023-11-24 05:36:31,045 - INFO - Epoch 10 : Training Loss: 6.7284054756, Validation Loss: 6.9475731850, Training R-squared: 0.2883106470, Validation R-squared: 0.2578494251
2023-11-24 05:36:51,489 - INFO - Epoch 11 : Training Loss: 6.6922459602, Validation Loss: 6.9305229187, Training R-squared: 0.2964768410, Validation R-squared: 0.2615175545
2023-11-24 05:37:12,041 - INFO - Epoch 12 : Training Loss: 6.6491031647, Validation Loss: 6.8978695869, Training R-squared: 0.3048769534, Validation R-squared: 0.2685052156
2023-11-24 05:37:32,944 - INFO - Epoch 13 : Training Loss: 6.6040244102, Validation Loss: 6.8761186600, Training R-squared: 0.3138796389, Validation R-squared: 0.2730218172
2023-11-24 05:37:53,631 - INFO - Epoch 14 : Training Loss: 6.5479612350, Validation Loss: 6.8378362656, Training R-squared: 0.3247985542, Validation R-squared: 0.2812703252
2023-11-24 05:38:14,337 - INFO - Epoch 15 : Training Loss: 6.5061202049, Validation Loss: 6.8181996346, Training R-squared: 0.3334029317, Validation R-squared: 0.2852554023
2023-11-24 05:38:34,964 - INFO - Epoch 16 : Training Loss: 6.4691691399, Validation Loss: 6.8115363121, Training R-squared: 0.3402428031, Validation R-squared: 0.2866187692
2023-11-24 05:38:55,342 - INFO - Epoch 17 : Training Loss: 6.4394693375, Validation Loss: 6.7916731834, Training R-squared: 0.3439828455, Validation R-squared: 0.2906010449
2023-11-24 05:39:15,932 - INFO - Epoch 18 : Training Loss: 6.4151563644, Validation Loss: 6.7897024155, Training R-squared: 0.3503210843, Validation R-squared: 0.2911408246
2023-11-24 05:39:36,721 - INFO - Epoch 19 : Training Loss: 6.3820953369, Validation Loss: 6.7840142250, Training R-squared: 0.3560533822, Validation R-squared: 0.2919850647
2023-11-24 05:39:57,265 - INFO - Epoch 20 : Training Loss: 6.3628749847, Validation Loss: 6.7826113701, Training R-squared: 0.3618603647, Validation R-squared: 0.2923308015
2023-11-24 05:40:18,968 - INFO - Epoch 21 : Training Loss: 6.3462920189, Validation Loss: 6.7816061974, Training R-squared: 0.3631105721, Validation R-squared: 0.2923283875
2023-11-24 05:40:39,458 - INFO - Epoch 22 : Training Loss: 6.3238887787, Validation Loss: 6.7770576477, Training R-squared: 0.3682430685, Validation R-squared: 0.2934282124
2023-11-24 05:40:59,839 - INFO - Epoch 23 : Training Loss: 6.3055052757, Validation Loss: 6.7637391090, Training R-squared: 0.3712036908, Validation R-squared: 0.2962919474
2023-11-24 05:41:20,444 - INFO - Epoch 24 : Training Loss: 6.2824969292, Validation Loss: 6.7555980682, Training R-squared: 0.3762211800, Validation R-squared: 0.2976820767
2023-11-24 05:41:40,896 - INFO - Epoch 25 : Training Loss: 6.2606945038, Validation Loss: 6.7888255119, Training R-squared: 0.3808558881, Validation R-squared: 0.2904735208
2023-11-24 05:42:01,767 - INFO - Epoch 26 : Training Loss: 6.2266860008, Validation Loss: 6.7630085945, Training R-squared: 0.3876222968, Validation R-squared: 0.2955406308
2023-11-24 05:42:22,717 - INFO - Epoch 27 : Training Loss: 6.2077779770, Validation Loss: 6.7411570549, Training R-squared: 0.3906934261, Validation R-squared: 0.3004478812
2023-11-24 05:42:43,151 - INFO - Epoch 28 : Training Loss: 6.1864762306, Validation Loss: 6.7355723381, Training R-squared: 0.3957325518, Validation R-squared: 0.3014479876
2023-11-24 05:43:03,705 - INFO - Epoch 29 : Training Loss: 6.1586513519, Validation Loss: 6.7521901131, Training R-squared: 0.4000570178, Validation R-squared: 0.2978199124
2023-11-24 05:43:24,618 - INFO - Epoch 30 : Training Loss: 6.1408033371, Validation Loss: 6.7189035416, Training R-squared: 0.4023116529, Validation R-squared: 0.3046495318
2023-11-24 05:43:45,330 - INFO - Epoch 31 : Training Loss: 6.1176171303, Validation Loss: 6.7533040047, Training R-squared: 0.4078592062, Validation R-squared: 0.2976604104
2023-11-24 05:44:06,581 - INFO - Epoch 32 : Training Loss: 6.1032233238, Validation Loss: 6.6955285072, Training R-squared: 0.4106343389, Validation R-squared: 0.3099101782
2023-11-24 05:44:27,381 - INFO - Epoch 33 : Training Loss: 6.0852012634, Validation Loss: 6.7306098938, Training R-squared: 0.4132752419, Validation R-squared: 0.3019714952
2023-11-24 05:44:47,906 - INFO - Epoch 34 : Training Loss: 6.0650563240, Validation Loss: 6.7042608261, Training R-squared: 0.4166128337, Validation R-squared: 0.3075521886
2023-11-24 05:45:08,654 - INFO - Epoch 35 : Training Loss: 6.0533595085, Validation Loss: 6.6950964928, Training R-squared: 0.4181315601, Validation R-squared: 0.3101378977
2023-11-24 05:45:29,629 - INFO - Epoch 36 : Training Loss: 6.0359153748, Validation Loss: 6.7148556709, Training R-squared: 0.4217386246, Validation R-squared: 0.3053127527
2023-11-24 05:45:50,184 - INFO - Epoch 37 : Training Loss: 6.0180540085, Validation Loss: 6.6931142807, Training R-squared: 0.4246850908, Validation R-squared: 0.3100678623
2023-11-24 05:46:10,791 - INFO - Epoch 38 : Training Loss: 5.9966931343, Validation Loss: 6.6612176895, Training R-squared: 0.4284517169, Validation R-squared: 0.3170806170
2023-11-24 05:46:31,937 - INFO - Epoch 39 : Training Loss: 5.9850444794, Validation Loss: 6.6855354309, Training R-squared: 0.4300816059, Validation R-squared: 0.3116615117
2023-11-24 05:46:52,435 - INFO - Epoch 40 : Training Loss: 5.9685482979, Validation Loss: 6.6990756989, Training R-squared: 0.4346269071, Validation R-squared: 0.3085674047
2023-11-24 05:47:12,972 - INFO - Epoch 41 : Training Loss: 5.9525303841, Validation Loss: 6.6905088425, Training R-squared: 0.4381836951, Validation R-squared: 0.3103668690
2023-11-24 05:47:33,947 - INFO - Epoch 42 : Training Loss: 5.9368324280, Validation Loss: 6.6775937080, Training R-squared: 0.4393519759, Validation R-squared: 0.3134771585
2023-11-24 05:47:54,775 - INFO - Epoch 43 : Training Loss: 5.9232625961, Validation Loss: 6.6696577072, Training R-squared: 0.4423381686, Validation R-squared: 0.3150460422
2023-11-24 05:48:15,607 - INFO - Model saved to models/portion_model/dinner/512_512_200_64/sparsity_25_fold_3_model.keras
2023-11-24 05:48:21,840 - INFO - Avg Metrics: RMSE: 5.5171016640, R-squared: -0.0346573443, PCC: 0.4782073125
2023-11-24 05:48:21,840 - INFO - Agg Metrics: RMSE: 6.7683532414, R-squared: 0.3125969150, PCC: 0.5612851643
2023-11-24 05:48:28,002 - INFO - ================================================================== Fold 4 ===================================================================
2023-11-24 05:48:56,955 - INFO - Epoch 1  : Training Loss: 7.8577094078, Validation Loss: 7.7744808197, Training R-squared: 0.0356109440, Validation R-squared: 0.0570781082
2023-11-24 05:49:18,154 - INFO - Epoch 2  : Training Loss: 7.6208257675, Validation Loss: 7.5555591583, Training R-squared: 0.0952675939, Validation R-squared: 0.1095078439
2023-11-24 05:49:38,685 - INFO - Epoch 3  : Training Loss: 7.3216123581, Validation Loss: 7.1064143181, Training R-squared: 0.1640852690, Validation R-squared: 0.2132886648
2023-11-24 05:49:59,191 - INFO - Epoch 4  : Training Loss: 7.0755925179, Validation Loss: 7.0738344193, Training R-squared: 0.2206403017, Validation R-squared: 0.2204422653
2023-11-24 05:50:20,236 - INFO - Epoch 5  : Training Loss: 7.0247082710, Validation Loss: 7.0511164665, Training R-squared: 0.2311404794, Validation R-squared: 0.2253791392
2023-11-24 05:50:40,629 - INFO - Epoch 6  : Training Loss: 6.9780650139, Validation Loss: 7.0263042450, Training R-squared: 0.2415789664, Validation R-squared: 0.2306101918
2023-11-24 05:51:01,485 - INFO - Epoch 7  : Training Loss: 6.9130077362, Validation Loss: 6.9814205170, Training R-squared: 0.2551212609, Validation R-squared: 0.2402282655
2023-11-24 05:51:22,118 - INFO - Epoch 8  : Training Loss: 6.8310546875, Validation Loss: 6.9274625778, Training R-squared: 0.2711253762, Validation R-squared: 0.2517935932
2023-11-24 05:51:42,815 - INFO - Epoch 9  : Training Loss: 6.7491374016, Validation Loss: 6.8992552757, Training R-squared: 0.2878194451, Validation R-squared: 0.2574217618
2023-11-24 05:52:03,524 - INFO - Epoch 10 : Training Loss: 6.7085890770, Validation Loss: 6.8831973076, Training R-squared: 0.2964242697, Validation R-squared: 0.2607706785
2023-11-24 05:52:24,361 - INFO - Epoch 11 : Training Loss: 6.6621203423, Validation Loss: 6.8680109978, Training R-squared: 0.3051758409, Validation R-squared: 0.2639034092
2023-11-24 05:52:45,028 - INFO - Epoch 12 : Training Loss: 6.6276898384, Validation Loss: 6.8592228889, Training R-squared: 0.3115458190, Validation R-squared: 0.2654094100
2023-11-24 05:53:05,607 - INFO - Epoch 13 : Training Loss: 6.5961384773, Validation Loss: 6.8477416039, Training R-squared: 0.3182215095, Validation R-squared: 0.2680358589
2023-11-24 05:53:26,287 - INFO - Epoch 14 : Training Loss: 6.5620045662, Validation Loss: 6.8295559883, Training R-squared: 0.3253943920, Validation R-squared: 0.2713175714
2023-11-24 05:53:47,641 - INFO - Epoch 15 : Training Loss: 6.5293211937, Validation Loss: 6.8115282059, Training R-squared: 0.3331165910, Validation R-squared: 0.2751332819
2023-11-24 05:54:09,220 - INFO - Epoch 16 : Training Loss: 6.4800329208, Validation Loss: 6.7927689552, Training R-squared: 0.3407431543, Validation R-squared: 0.2788762450
2023-11-24 05:54:30,065 - INFO - Epoch 17 : Training Loss: 6.4488539696, Validation Loss: 6.7782034874, Training R-squared: 0.3468428254, Validation R-squared: 0.2815112174
2023-11-24 05:54:50,608 - INFO - Epoch 18 : Training Loss: 6.4099674225, Validation Loss: 6.7652120590, Training R-squared: 0.3559743464, Validation R-squared: 0.2837679386
2023-11-24 05:55:11,225 - INFO - Epoch 19 : Training Loss: 6.3808436394, Validation Loss: 6.7646574974, Training R-squared: 0.3608901799, Validation R-squared: 0.2835420370
2023-11-24 05:55:32,054 - INFO - Epoch 20 : Training Loss: 6.3585219383, Validation Loss: 6.7744536400, Training R-squared: 0.3665522039, Validation R-squared: 0.2813722789
2023-11-24 05:55:52,730 - INFO - Epoch 21 : Training Loss: 6.3273520470, Validation Loss: 6.7510623932, Training R-squared: 0.3710860014, Validation R-squared: 0.2863513529
2023-11-24 05:56:13,442 - INFO - Epoch 22 : Training Loss: 6.2984538078, Validation Loss: 6.7526288033, Training R-squared: 0.3757534921, Validation R-squared: 0.2855645418
2023-11-24 05:56:34,427 - INFO - Epoch 23 : Training Loss: 6.2694792747, Validation Loss: 6.7450346947, Training R-squared: 0.3809708357, Validation R-squared: 0.2870884538
2023-11-24 05:56:55,049 - INFO - Epoch 24 : Training Loss: 6.2569074631, Validation Loss: 6.7740840912, Training R-squared: 0.3846473396, Validation R-squared: 0.2803345323
2023-11-24 05:57:15,779 - INFO - Epoch 25 : Training Loss: 6.2306766510, Validation Loss: 6.7378253937, Training R-squared: 0.3897699416, Validation R-squared: 0.2884605825
2023-11-24 05:57:36,552 - INFO - Epoch 26 : Training Loss: 6.2041964531, Validation Loss: 6.7779741287, Training R-squared: 0.3946914375, Validation R-squared: 0.2791793942
2023-11-24 05:57:57,245 - INFO - Epoch 27 : Training Loss: 6.1830463409, Validation Loss: 6.7270712852, Training R-squared: 0.3982265592, Validation R-squared: 0.2906920910
2023-11-24 05:58:18,044 - INFO - Epoch 28 : Training Loss: 6.1689443588, Validation Loss: 6.7433753014, Training R-squared: 0.4014357328, Validation R-squared: 0.2866537273
2023-11-24 05:58:38,713 - INFO - Epoch 29 : Training Loss: 6.1433053017, Validation Loss: 6.7427430153, Training R-squared: 0.4058414102, Validation R-squared: 0.2865381241
2023-11-24 05:58:59,700 - INFO - Epoch 30 : Training Loss: 6.1251192093, Validation Loss: 6.7371921539, Training R-squared: 0.4079233110, Validation R-squared: 0.2878292501
2023-11-24 05:59:20,591 - INFO - Epoch 31 : Training Loss: 6.1008424759, Validation Loss: 6.7373924255, Training R-squared: 0.4132251143, Validation R-squared: 0.2874429226
2023-11-24 05:59:41,129 - INFO - Epoch 32 : Training Loss: 6.0851941109, Validation Loss: 6.7260355949, Training R-squared: 0.4175652564, Validation R-squared: 0.2899760306
2023-11-24 06:00:01,785 - INFO - Epoch 33 : Training Loss: 6.0720257759, Validation Loss: 6.7179431915, Training R-squared: 0.4199898839, Validation R-squared: 0.2914759517
2023-11-24 06:00:22,873 - INFO - Epoch 34 : Training Loss: 6.0459213257, Validation Loss: 6.7360186577, Training R-squared: 0.4246232808, Validation R-squared: 0.2877451777
2023-11-24 06:00:43,522 - INFO - Epoch 35 : Training Loss: 6.0340662003, Validation Loss: 6.7305216789, Training R-squared: 0.4250320792, Validation R-squared: 0.2883823216
2023-11-24 06:01:04,379 - INFO - Epoch 36 : Training Loss: 6.0184650421, Validation Loss: 6.7312927246, Training R-squared: 0.4286604822, Validation R-squared: 0.2881318033
2023-11-24 06:01:25,214 - INFO - Epoch 37 : Training Loss: 5.9956722260, Validation Loss: 6.7687716484, Training R-squared: 0.4322529137, Validation R-squared: 0.2797302008
2023-11-24 06:01:45,838 - INFO - Epoch 38 : Training Loss: 5.9836206436, Validation Loss: 6.7239594460, Training R-squared: 0.4351989925, Validation R-squared: 0.2894642949
2023-11-24 06:02:06,987 - INFO - Model saved to models/portion_model/dinner/512_512_200_64/sparsity_25_fold_4_model.keras
2023-11-24 06:02:13,275 - INFO - Avg Metrics: RMSE: 5.5697968640, R-squared: -0.1051494828, PCC: 0.4717975129
2023-11-24 06:02:13,276 - INFO - Agg Metrics: RMSE: 6.7743241322, R-squared: 0.2931727964, PCC: 0.5476447622
2023-11-24 06:02:19,569 - INFO - ================================================================== Fold 5 ===================================================================
2023-11-24 06:02:48,895 - INFO - Epoch 1  : Training Loss: 7.8577132225, Validation Loss: 7.7185955048, Training R-squared: 0.0371829048, Validation R-squared: 0.0655349568
2023-11-24 06:03:09,555 - INFO - Epoch 2  : Training Loss: 7.6129941940, Validation Loss: 7.5433182716, Training R-squared: 0.0970408767, Validation R-squared: 0.1078921780
2023-11-24 06:03:30,559 - INFO - Epoch 3  : Training Loss: 7.4138555527, Validation Loss: 7.1024761200, Training R-squared: 0.1432570517, Validation R-squared: 0.2105003297
2023-11-24 06:03:51,664 - INFO - Epoch 4  : Training Loss: 7.0778408051, Validation Loss: 7.0599207878, Training R-squared: 0.2193024755, Validation R-squared: 0.2199126333
2023-11-24 06:04:12,513 - INFO - Epoch 5  : Training Loss: 7.0241498947, Validation Loss: 7.0341124535, Training R-squared: 0.2306766361, Validation R-squared: 0.2258567810
2023-11-24 06:04:33,173 - INFO - Epoch 6  : Training Loss: 6.9808630943, Validation Loss: 7.0198245049, Training R-squared: 0.2425397933, Validation R-squared: 0.2285193503
2023-11-24 06:04:53,554 - INFO - Epoch 7  : Training Loss: 6.9194889069, Validation Loss: 6.9761366844, Training R-squared: 0.2539827526, Validation R-squared: 0.2384608239
2023-11-24 06:05:14,179 - INFO - Epoch 8  : Training Loss: 6.8585705757, Validation Loss: 6.9227986336, Training R-squared: 0.2670684457, Validation R-squared: 0.2495201677
2023-11-24 06:05:34,866 - INFO - Epoch 9  : Training Loss: 6.7914080620, Validation Loss: 6.8843421936, Training R-squared: 0.2810433507, Validation R-squared: 0.2572992444
2023-11-24 06:05:55,409 - INFO - Epoch 10 : Training Loss: 6.7348141670, Validation Loss: 6.8602237701, Training R-squared: 0.2914774716, Validation R-squared: 0.2622657418
2023-11-24 06:06:16,417 - INFO - Epoch 11 : Training Loss: 6.6951847076, Validation Loss: 6.8439965248, Training R-squared: 0.3007050753, Validation R-squared: 0.2654212117
2023-11-24 06:06:37,024 - INFO - Epoch 12 : Training Loss: 6.6602163315, Validation Loss: 6.8292961121, Training R-squared: 0.3086788654, Validation R-squared: 0.2685562372
2023-11-24 06:06:57,570 - INFO - Epoch 13 : Training Loss: 6.6073069572, Validation Loss: 6.8232460022, Training R-squared: 0.3173255026, Validation R-squared: 0.2696041763
2023-11-24 06:07:18,258 - INFO - Epoch 14 : Training Loss: 6.5713624954, Validation Loss: 6.8060998917, Training R-squared: 0.3252223134, Validation R-squared: 0.2730846107
2023-11-24 06:07:38,873 - INFO - Epoch 15 : Training Loss: 6.5293869972, Validation Loss: 6.7683014870, Training R-squared: 0.3332381248, Validation R-squared: 0.2810260355
2023-11-24 06:08:00,066 - INFO - Epoch 16 : Training Loss: 6.4913320541, Validation Loss: 6.7659187317, Training R-squared: 0.3404711783, Validation R-squared: 0.2811493278
2023-11-24 06:08:20,889 - INFO - Epoch 17 : Training Loss: 6.4523701668, Validation Loss: 6.7556753159, Training R-squared: 0.3477164507, Validation R-squared: 0.2832171619
2023-11-24 06:08:41,378 - INFO - Epoch 18 : Training Loss: 6.4129943848, Validation Loss: 6.7331905365, Training R-squared: 0.3547732234, Validation R-squared: 0.2879995406
2023-11-24 06:09:02,002 - INFO - Epoch 19 : Training Loss: 6.3927898407, Validation Loss: 6.7127995491, Training R-squared: 0.3596037030, Validation R-squared: 0.2920003831
2023-11-24 06:09:22,715 - INFO - Epoch 20 : Training Loss: 6.3677449226, Validation Loss: 6.7166671753, Training R-squared: 0.3656227291, Validation R-squared: 0.2911012471
2023-11-24 06:09:43,227 - INFO - Epoch 21 : Training Loss: 6.3441777229, Validation Loss: 6.7172093391, Training R-squared: 0.3692382574, Validation R-squared: 0.2908003330
2023-11-24 06:10:03,933 - INFO - Epoch 22 : Training Loss: 6.3180866241, Validation Loss: 6.7160568237, Training R-squared: 0.3738602102, Validation R-squared: 0.2909807265
2023-11-24 06:10:25,176 - INFO - Epoch 23 : Training Loss: 6.2912225723, Validation Loss: 6.7162981033, Training R-squared: 0.3779913783, Validation R-squared: 0.2907547355
2023-11-24 06:10:45,636 - INFO - Epoch 24 : Training Loss: 6.2685971260, Validation Loss: 6.6963849068, Training R-squared: 0.3835752010, Validation R-squared: 0.2950887978
2023-11-24 06:11:06,307 - INFO - Epoch 25 : Training Loss: 6.2511777878, Validation Loss: 6.6855297089, Training R-squared: 0.3869922757, Validation R-squared: 0.2972238660
2023-11-24 06:11:27,135 - INFO - Epoch 26 : Training Loss: 6.2306413651, Validation Loss: 6.6922936440, Training R-squared: 0.3902923465, Validation R-squared: 0.2956401706
2023-11-24 06:11:48,323 - INFO - Epoch 27 : Training Loss: 6.2117366791, Validation Loss: 6.6948552132, Training R-squared: 0.3938222528, Validation R-squared: 0.2951099575
2023-11-24 06:12:09,679 - INFO - Epoch 28 : Training Loss: 6.1861691475, Validation Loss: 6.6806635857, Training R-squared: 0.3985124230, Validation R-squared: 0.2983853519
2023-11-24 06:12:30,985 - INFO - Epoch 29 : Training Loss: 6.1707396507, Validation Loss: 6.6874771118, Training R-squared: 0.4015775919, Validation R-squared: 0.2964772284
2023-11-24 06:12:51,772 - INFO - Epoch 30 : Training Loss: 6.1425347328, Validation Loss: 6.6976280212, Training R-squared: 0.4068421125, Validation R-squared: 0.2942359149
2023-11-24 06:13:12,545 - INFO - Epoch 31 : Training Loss: 6.1226902008, Validation Loss: 6.6666579247, Training R-squared: 0.4105907679, Validation R-squared: 0.3008551002
2023-11-24 06:13:33,485 - INFO - Epoch 32 : Training Loss: 6.1058483124, Validation Loss: 6.6862006187, Training R-squared: 0.4135644734, Validation R-squared: 0.2965083718
2023-11-24 06:13:55,299 - INFO - Epoch 33 : Training Loss: 6.0824780464, Validation Loss: 6.6936392784, Training R-squared: 0.4164478183, Validation R-squared: 0.2947810888
2023-11-24 06:14:16,250 - INFO - Epoch 34 : Training Loss: 6.0678758621, Validation Loss: 6.6626195908, Training R-squared: 0.4190393686, Validation R-squared: 0.3016079366
2023-11-24 06:14:37,214 - INFO - Epoch 35 : Training Loss: 6.0495638847, Validation Loss: 6.6724143028, Training R-squared: 0.4230405986, Validation R-squared: 0.2993836701
2023-11-24 06:14:57,841 - INFO - Epoch 36 : Training Loss: 6.0305633545, Validation Loss: 6.6939363480, Training R-squared: 0.4276490211, Validation R-squared: 0.2945680320
2023-11-24 06:15:18,794 - INFO - Epoch 37 : Training Loss: 6.0172753334, Validation Loss: 6.6774764061, Training R-squared: 0.4287183583, Validation R-squared: 0.2982864082
2023-11-24 06:15:40,857 - INFO - Epoch 38 : Training Loss: 6.0047807693, Validation Loss: 6.6968073845, Training R-squared: 0.4304000437, Validation R-squared: 0.2938141525
2023-11-24 06:16:02,602 - INFO - Epoch 39 : Training Loss: 5.9934430122, Validation Loss: 6.6876144409, Training R-squared: 0.4334219694, Validation R-squared: 0.2961883843
2023-11-24 06:16:23,598 - INFO - Model saved to models/portion_model/dinner/512_512_200_64/sparsity_25_fold_5_model.keras
2023-11-24 06:16:30,014 - INFO - Avg Metrics: RMSE: 5.5733370785, R-squared: -0.1029912239, PCC: 0.4679798565
2023-11-24 06:16:30,015 - INFO - Agg Metrics: RMSE: 6.7207639138, R-squared: 0.3013832103, PCC: 0.5573383554
2023-11-24 06:16:48,761 - INFO - ================================================================== Results Summary ===================================================================
2023-11-24 06:16:48,762 - INFO - CrossVal Metrics (Avg.) - RMSE: 5.5486011713 ± 0.0234824628, R2: -0.1306180223 ± 0.0234824628, PCC: 0.4717216110 ± 0.0234824628
2023-11-24 06:16:48,762 - INFO - Testing  Metrics (Avg.) - RMSE: 5.5343639060, R2: -0.4323138020, PCC: 0.4760961586
2023-11-24 06:16:48,762 - INFO - CrossVal Metrics (Agg.) - RMSE: 6.7299511042 ± 0.0234824628, R2: 0.3048169713 ± 0.0234824628, PCC: 0.5571159655 ± 0.0234824628
2023-11-24 06:16:48,762 - INFO - Testing  Metrics (Agg.) - RMSE: 6.8745978220, R2: 0.3007080158, PCC: 0.5508232431
