2023-11-24 08:11:56,225 - INFO - Training model at 40% sparse columns removed...
2023-11-24 08:12:04,474 - INFO - ================================================================== Fold 1 ===================================================================
2023-11-24 08:12:27,948 - INFO - Epoch 1  : Training Loss: 8.7916479111, Validation Loss: 8.6439275742, Training R-squared: 0.0346371420, Validation R-squared: 0.0539103560
2023-11-24 08:12:44,392 - INFO - Epoch 2  : Training Loss: 8.5362291336, Validation Loss: 8.3881759644, Training R-squared: 0.0911620036, Validation R-squared: 0.1093477383
2023-11-24 08:13:00,652 - INFO - Epoch 3  : Training Loss: 8.2703294754, Validation Loss: 7.8983216286, Training R-squared: 0.1469376236, Validation R-squared: 0.2113623768
2023-11-24 08:13:16,901 - INFO - Epoch 4  : Training Loss: 7.9176793098, Validation Loss: 7.8511447906, Training R-squared: 0.2170348465, Validation R-squared: 0.2205018848
2023-11-24 08:13:33,114 - INFO - Epoch 5  : Training Loss: 7.8830285072, Validation Loss: 7.8144016266, Training R-squared: 0.2258271575, Validation R-squared: 0.2278665751
2023-11-24 08:13:49,785 - INFO - Epoch 6  : Training Loss: 7.8012456894, Validation Loss: 7.7464966774, Training R-squared: 0.2397703230, Validation R-squared: 0.2410485148
2023-11-24 08:14:06,708 - INFO - Epoch 7  : Training Loss: 7.7065553665, Validation Loss: 7.6462526321, Training R-squared: 0.2585939467, Validation R-squared: 0.2598765790
2023-11-24 08:14:23,106 - INFO - Epoch 8  : Training Loss: 7.6187715530, Validation Loss: 7.5958104134, Training R-squared: 0.2759183347, Validation R-squared: 0.2691265643
2023-11-24 08:14:39,292 - INFO - Epoch 9  : Training Loss: 7.5647883415, Validation Loss: 7.5715174675, Training R-squared: 0.2865122557, Validation R-squared: 0.2729775012
2023-11-24 08:14:55,430 - INFO - Epoch 10 : Training Loss: 7.5164108276, Validation Loss: 7.5518398285, Training R-squared: 0.2930902243, Validation R-squared: 0.2769584656
2023-11-24 08:15:11,530 - INFO - Epoch 11 : Training Loss: 7.4849739075, Validation Loss: 7.5386729240, Training R-squared: 0.2986249626, Validation R-squared: 0.2792421579
2023-11-24 08:15:29,377 - INFO - Epoch 12 : Training Loss: 7.4381628036, Validation Loss: 7.5319881439, Training R-squared: 0.3081963062, Validation R-squared: 0.2802692950
2023-11-24 08:15:46,352 - INFO - Epoch 13 : Training Loss: 7.3983349800, Validation Loss: 7.5014991760, Training R-squared: 0.3157901466, Validation R-squared: 0.2863142192
2023-11-24 08:16:03,153 - INFO - Epoch 14 : Training Loss: 7.3629016876, Validation Loss: 7.4835691452, Training R-squared: 0.3228587806, Validation R-squared: 0.2892708480
2023-11-24 08:16:19,649 - INFO - Epoch 15 : Training Loss: 7.3220171928, Validation Loss: 7.4715013504, Training R-squared: 0.3289719224, Validation R-squared: 0.2913975120
2023-11-24 08:16:35,615 - INFO - Epoch 16 : Training Loss: 7.2823481560, Validation Loss: 7.4373111725, Training R-squared: 0.3351921737, Validation R-squared: 0.2979992628
2023-11-24 08:16:51,656 - INFO - Epoch 17 : Training Loss: 7.2369899750, Validation Loss: 7.4293260574, Training R-squared: 0.3442192674, Validation R-squared: 0.2986610830
2023-11-24 08:17:07,961 - INFO - Epoch 18 : Training Loss: 7.1952791214, Validation Loss: 7.4152665138, Training R-squared: 0.3504115939, Validation R-squared: 0.3012823761
2023-11-24 08:17:24,379 - INFO - Epoch 19 : Training Loss: 7.1629595757, Validation Loss: 7.3760437965, Training R-squared: 0.3561050892, Validation R-squared: 0.3082992136
2023-11-24 08:17:40,522 - INFO - Epoch 20 : Training Loss: 7.1318945885, Validation Loss: 7.3671674728, Training R-squared: 0.3615705371, Validation R-squared: 0.3093972504
2023-11-24 08:17:56,858 - INFO - Epoch 21 : Training Loss: 7.0925159454, Validation Loss: 7.3666248322, Training R-squared: 0.3695977926, Validation R-squared: 0.3091103137
2023-11-24 08:18:13,266 - INFO - Epoch 22 : Training Loss: 7.0652694702, Validation Loss: 7.3522562981, Training R-squared: 0.3729590178, Validation R-squared: 0.3117237687
2023-11-24 08:18:29,587 - INFO - Epoch 23 : Training Loss: 7.0316953659, Validation Loss: 7.3453984261, Training R-squared: 0.3785200715, Validation R-squared: 0.3131328523
2023-11-24 08:18:45,623 - INFO - Epoch 24 : Training Loss: 7.0061793327, Validation Loss: 7.3425817490, Training R-squared: 0.3831093311, Validation R-squared: 0.3132188320
2023-11-24 08:19:01,778 - INFO - Epoch 25 : Training Loss: 6.9813523293, Validation Loss: 7.3519272804, Training R-squared: 0.3869482875, Validation R-squared: 0.3113540113
2023-11-24 08:19:18,517 - INFO - Epoch 26 : Training Loss: 6.9625391960, Validation Loss: 7.3064107895, Training R-squared: 0.3905091286, Validation R-squared: 0.3200184703
2023-11-24 08:19:34,778 - INFO - Epoch 27 : Training Loss: 6.9297137260, Validation Loss: 7.3384275436, Training R-squared: 0.3950963914, Validation R-squared: 0.3136577010
2023-11-24 08:19:50,864 - INFO - Epoch 28 : Training Loss: 6.9063925743, Validation Loss: 7.3378281593, Training R-squared: 0.4005029500, Validation R-squared: 0.3133671284
2023-11-24 08:20:07,223 - INFO - Epoch 29 : Training Loss: 6.8791861534, Validation Loss: 7.3180336952, Training R-squared: 0.4040015042, Validation R-squared: 0.3174045980
2023-11-24 08:20:23,598 - INFO - Epoch 30 : Training Loss: 6.8649215698, Validation Loss: 7.3114094734, Training R-squared: 0.4069070518, Validation R-squared: 0.3182955384
2023-11-24 08:20:39,875 - INFO - Epoch 31 : Training Loss: 6.8400268555, Validation Loss: 7.3196539879, Training R-squared: 0.4103625119, Validation R-squared: 0.3169199526
2023-11-24 08:20:58,386 - INFO - Model saved to models/portion_model/dinner/512_512_200_64/sparsity_40_fold_1_model.keras
2023-11-24 08:21:03,829 - INFO - Avg Metrics: RMSE: 6.1518745174, R-squared: -0.1050895556, PCC: 0.4613685054
2023-11-24 08:21:03,829 - INFO - Agg Metrics: RMSE: 7.3781114883, R-squared: 0.3235846781, PCC: 0.5696284360
2023-11-24 08:21:10,459 - INFO - ================================================================== Fold 2 ===================================================================
2023-11-24 08:21:33,409 - INFO - Epoch 1  : Training Loss: 8.7572498322, Validation Loss: 8.7613487244, Training R-squared: 0.0352357626, Validation R-squared: 0.0566196404
2023-11-24 08:21:49,592 - INFO - Epoch 2  : Training Loss: 8.5040321350, Validation Loss: 8.5153913498, Training R-squared: 0.0914218202, Validation R-squared: 0.1095601767
2023-11-24 08:22:05,904 - INFO - Epoch 3  : Training Loss: 8.1634635925, Validation Loss: 8.0247297287, Training R-squared: 0.1624025702, Validation R-squared: 0.2102166563
2023-11-24 08:22:22,431 - INFO - Epoch 4  : Training Loss: 7.8826026917, Validation Loss: 7.9911451340, Training R-squared: 0.2190819085, Validation R-squared: 0.2170064896
2023-11-24 08:22:38,533 - INFO - Epoch 5  : Training Loss: 7.8248291016, Validation Loss: 7.9420638084, Training R-squared: 0.2311201394, Validation R-squared: 0.2263440937
2023-11-24 08:22:55,021 - INFO - Epoch 6  : Training Loss: 7.7473874092, Validation Loss: 7.8943619728, Training R-squared: 0.2453206480, Validation R-squared: 0.2358400226
2023-11-24 08:23:11,113 - INFO - Epoch 7  : Training Loss: 7.6792669296, Validation Loss: 7.8352398872, Training R-squared: 0.2588801682, Validation R-squared: 0.2469456494
2023-11-24 08:23:27,443 - INFO - Epoch 8  : Training Loss: 7.5796008110, Validation Loss: 7.7727241516, Training R-squared: 0.2777655721, Validation R-squared: 0.2587934136
2023-11-24 08:23:43,824 - INFO - Epoch 9  : Training Loss: 7.5044455528, Validation Loss: 7.7453670502, Training R-squared: 0.2899764776, Validation R-squared: 0.2636715472
2023-11-24 08:24:01,586 - INFO - Epoch 10 : Training Loss: 7.4472846985, Validation Loss: 7.7211651802, Training R-squared: 0.2988754809, Validation R-squared: 0.2680105269
2023-11-24 08:24:17,957 - INFO - Epoch 11 : Training Loss: 7.3981990814, Validation Loss: 7.6939425468, Training R-squared: 0.3094763160, Validation R-squared: 0.2731930614
2023-11-24 08:24:33,959 - INFO - Epoch 12 : Training Loss: 7.3506579399, Validation Loss: 7.6753935814, Training R-squared: 0.3189453483, Validation R-squared: 0.2762117982
2023-11-24 08:24:50,204 - INFO - Epoch 13 : Training Loss: 7.2949762344, Validation Loss: 7.6418590546, Training R-squared: 0.3291676044, Validation R-squared: 0.2826745510
2023-11-24 08:25:06,385 - INFO - Epoch 14 : Training Loss: 7.2413563728, Validation Loss: 7.6389069557, Training R-squared: 0.3383708596, Validation R-squared: 0.2824233472
2023-11-24 08:25:22,609 - INFO - Epoch 15 : Training Loss: 7.1943488121, Validation Loss: 7.6143712997, Training R-squared: 0.3451988697, Validation R-squared: 0.2877496481
2023-11-24 08:25:39,125 - INFO - Epoch 16 : Training Loss: 7.1516017914, Validation Loss: 7.5945181847, Training R-squared: 0.3538546860, Validation R-squared: 0.2909104824
2023-11-24 08:25:55,517 - INFO - Epoch 17 : Training Loss: 7.1161041260, Validation Loss: 7.6077351570, Training R-squared: 0.3603217006, Validation R-squared: 0.2881689668
2023-11-24 08:26:11,815 - INFO - Epoch 18 : Training Loss: 7.0785808563, Validation Loss: 7.5830736160, Training R-squared: 0.3669022620, Validation R-squared: 0.2929014266
2023-11-24 08:26:29,140 - INFO - Epoch 19 : Training Loss: 7.0519123077, Validation Loss: 7.5609264374, Training R-squared: 0.3709007502, Validation R-squared: 0.2970139682
2023-11-24 08:26:46,740 - INFO - Epoch 20 : Training Loss: 7.0164475441, Validation Loss: 7.5729818344, Training R-squared: 0.3777570724, Validation R-squared: 0.2947301269
2023-11-24 08:27:04,297 - INFO - Epoch 21 : Training Loss: 6.9934039116, Validation Loss: 7.5394015312, Training R-squared: 0.3799921274, Validation R-squared: 0.3012585044
2023-11-24 08:27:22,093 - INFO - Epoch 22 : Training Loss: 6.9644951820, Validation Loss: 7.5587234497, Training R-squared: 0.3866066039, Validation R-squared: 0.2970741093
2023-11-24 08:27:39,546 - INFO - Epoch 23 : Training Loss: 6.9294514656, Validation Loss: 7.5471329689, Training R-squared: 0.3900517225, Validation R-squared: 0.2992500663
2023-11-24 08:27:57,056 - INFO - Epoch 24 : Training Loss: 6.9160013199, Validation Loss: 7.5679221153, Training R-squared: 0.3940860927, Validation R-squared: 0.2947211266
2023-11-24 08:28:14,761 - INFO - Epoch 25 : Training Loss: 6.8829045296, Validation Loss: 7.5331244469, Training R-squared: 0.3983632624, Validation R-squared: 0.3018839061
2023-11-24 08:28:32,506 - INFO - Epoch 26 : Training Loss: 6.8601460457, Validation Loss: 7.5433893204, Training R-squared: 0.4037458301, Validation R-squared: 0.2995859087
2023-11-24 08:28:50,164 - INFO - Epoch 27 : Training Loss: 6.8306431770, Validation Loss: 7.5019655228, Training R-squared: 0.4065280855, Validation R-squared: 0.3075767457
2023-11-24 08:29:07,725 - INFO - Epoch 28 : Training Loss: 6.8113360405, Validation Loss: 7.5131382942, Training R-squared: 0.4118137658, Validation R-squared: 0.3051075637
2023-11-24 08:29:25,514 - INFO - Epoch 29 : Training Loss: 6.7888436317, Validation Loss: 7.5248937607, Training R-squared: 0.4149940312, Validation R-squared: 0.3024660051
2023-11-24 08:29:42,804 - INFO - Epoch 30 : Training Loss: 6.7619862556, Validation Loss: 7.5385875702, Training R-squared: 0.4194243252, Validation R-squared: 0.2996765673
2023-11-24 08:30:00,802 - INFO - Epoch 31 : Training Loss: 6.7399492264, Validation Loss: 7.5369076729, Training R-squared: 0.4217723906, Validation R-squared: 0.2999395430
2023-11-24 08:30:18,841 - INFO - Epoch 32 : Training Loss: 6.7258739471, Validation Loss: 7.5245895386, Training R-squared: 0.4247009754, Validation R-squared: 0.3025141358
2023-11-24 08:30:39,108 - INFO - Model saved to models/portion_model/dinner/512_512_200_64/sparsity_40_fold_2_model.keras
2023-11-24 08:30:43,139 - INFO - Avg Metrics: RMSE: 6.2414464348, R-squared: -0.5505718020, PCC: 0.4697067399
2023-11-24 08:30:43,139 - INFO - Agg Metrics: RMSE: 7.6163467913, R-squared: 0.3029418352, PCC: 0.5531836940
2023-11-24 08:30:50,241 - INFO - ================================================================== Fold 3 ===================================================================
2023-11-24 08:31:15,930 - INFO - Epoch 1  : Training Loss: 8.7780027390, Validation Loss: 8.7085952759, Training R-squared: 0.0346729122, Validation R-squared: 0.0534888655
2023-11-24 08:31:34,168 - INFO - Epoch 2  : Training Loss: 8.5202636719, Validation Loss: 8.4639139175, Training R-squared: 0.0919597521, Validation R-squared: 0.1066593155
2023-11-24 08:31:51,675 - INFO - Epoch 3  : Training Loss: 8.2167100906, Validation Loss: 7.9696044922, Training R-squared: 0.1564594507, Validation R-squared: 0.2090814561
2023-11-24 08:32:09,262 - INFO - Epoch 4  : Training Loss: 7.9006609917, Validation Loss: 7.9252257347, Training R-squared: 0.2173167318, Validation R-squared: 0.2176506221
2023-11-24 08:32:27,484 - INFO - Epoch 5  : Training Loss: 7.8429884911, Validation Loss: 7.8709931374, Training R-squared: 0.2307700664, Validation R-squared: 0.2287553251
2023-11-24 08:32:44,817 - INFO - Epoch 6  : Training Loss: 7.7603526115, Validation Loss: 7.8167233467, Training R-squared: 0.2472694814, Validation R-squared: 0.2391667217
2023-11-24 08:33:02,582 - INFO - Epoch 7  : Training Loss: 7.6694121361, Validation Loss: 7.7494778633, Training R-squared: 0.2635236681, Validation R-squared: 0.2515375614
2023-11-24 08:33:20,490 - INFO - Epoch 8  : Training Loss: 7.5794153214, Validation Loss: 7.7184834480, Training R-squared: 0.2789707482, Validation R-squared: 0.2569672167
2023-11-24 08:33:37,918 - INFO - Epoch 9  : Training Loss: 7.5334758759, Validation Loss: 7.6932587624, Training R-squared: 0.2876892388, Validation R-squared: 0.2619634569
2023-11-24 08:33:56,741 - INFO - Epoch 10 : Training Loss: 7.4934587479, Validation Loss: 7.6873373985, Training R-squared: 0.2943958640, Validation R-squared: 0.2628040612
2023-11-24 08:34:14,369 - INFO - Epoch 11 : Training Loss: 7.4589781761, Validation Loss: 7.6685991287, Training R-squared: 0.3007710278, Validation R-squared: 0.2663997114
2023-11-24 08:34:32,058 - INFO - Epoch 12 : Training Loss: 7.4114508629, Validation Loss: 7.6310539246, Training R-squared: 0.3107114732, Validation R-squared: 0.2737875581
2023-11-24 08:34:49,460 - INFO - Epoch 13 : Training Loss: 7.3695430756, Validation Loss: 7.6088399887, Training R-squared: 0.3193911016, Validation R-squared: 0.2779163718
2023-11-24 08:35:07,038 - INFO - Epoch 14 : Training Loss: 7.3224935532, Validation Loss: 7.5842719078, Training R-squared: 0.3257731795, Validation R-squared: 0.2822400630
2023-11-24 08:35:26,556 - INFO - Epoch 15 : Training Loss: 7.2747564316, Validation Loss: 7.5465478897, Training R-squared: 0.3358817399, Validation R-squared: 0.2891652584
2023-11-24 08:35:44,585 - INFO - Epoch 16 : Training Loss: 7.2261123657, Validation Loss: 7.5232777596, Training R-squared: 0.3436778784, Validation R-squared: 0.2929283082
2023-11-24 08:36:02,376 - INFO - Epoch 17 : Training Loss: 7.1777210236, Validation Loss: 7.4884171486, Training R-squared: 0.3503158092, Validation R-squared: 0.2992292047
2023-11-24 08:36:20,272 - INFO - Epoch 18 : Training Loss: 7.1303958893, Validation Loss: 7.4846696854, Training R-squared: 0.3586896658, Validation R-squared: 0.2996728122
2023-11-24 08:36:37,629 - INFO - Epoch 19 : Training Loss: 7.0986857414, Validation Loss: 7.4409723282, Training R-squared: 0.3653440177, Validation R-squared: 0.3078940809
2023-11-24 08:36:54,972 - INFO - Epoch 20 : Training Loss: 7.0647611618, Validation Loss: 7.4284477234, Training R-squared: 0.3712511063, Validation R-squared: 0.3099778295
2023-11-24 08:37:12,558 - INFO - Epoch 21 : Training Loss: 7.0336251259, Validation Loss: 7.4516196251, Training R-squared: 0.3762430549, Validation R-squared: 0.3055967689
2023-11-24 08:37:30,638 - INFO - Epoch 22 : Training Loss: 7.0076217651, Validation Loss: 7.4354615211, Training R-squared: 0.3809708655, Validation R-squared: 0.3086399138
2023-11-24 08:37:48,226 - INFO - Epoch 23 : Training Loss: 6.9829325676, Validation Loss: 7.4334654808, Training R-squared: 0.3860704899, Validation R-squared: 0.3085909486
2023-11-24 08:38:06,052 - INFO - Epoch 24 : Training Loss: 6.9558334351, Validation Loss: 7.4544463158, Training R-squared: 0.3892782629, Validation R-squared: 0.3050577343
2023-11-24 08:38:23,811 - INFO - Epoch 25 : Training Loss: 6.9227514267, Validation Loss: 7.4367570877, Training R-squared: 0.3941853642, Validation R-squared: 0.3081527650
2023-11-24 08:38:43,798 - INFO - Model saved to models/portion_model/dinner/512_512_200_64/sparsity_40_fold_3_model.keras
2023-11-24 08:38:48,306 - INFO - Avg Metrics: RMSE: 6.2528012312, R-squared: -0.1082467604, PCC: 0.4419157347
2023-11-24 08:38:48,306 - INFO - Agg Metrics: RMSE: 7.5050731381, R-squared: 0.3093581573, PCC: 0.5579470437
2023-11-24 08:38:55,331 - INFO - ================================================================== Fold 4 ===================================================================
2023-11-24 08:39:21,888 - INFO - Epoch 1  : Training Loss: 8.7851276398, Validation Loss: 8.6921176910, Training R-squared: 0.0349959172, Validation R-squared: 0.0511478633
2023-11-24 08:39:39,281 - INFO - Epoch 2  : Training Loss: 8.5291414261, Validation Loss: 8.4567871094, Training R-squared: 0.0903303549, Validation R-squared: 0.1016590223
2023-11-24 08:39:56,950 - INFO - Epoch 3  : Training Loss: 8.3328866959, Validation Loss: 8.0200176239, Training R-squared: 0.1317440569, Validation R-squared: 0.1930803806
2023-11-24 08:40:14,598 - INFO - Epoch 4  : Training Loss: 7.9283847809, Validation Loss: 7.9137449265, Training R-squared: 0.2156843990, Validation R-squared: 0.2143427730
2023-11-24 08:40:32,315 - INFO - Epoch 5  : Training Loss: 7.8479590416, Validation Loss: 7.8682408333, Training R-squared: 0.2298215926, Validation R-squared: 0.2229242623
2023-11-24 08:40:49,570 - INFO - Epoch 6  : Training Loss: 7.7833538055, Validation Loss: 7.8258099556, Training R-squared: 0.2433175445, Validation R-squared: 0.2313667536
2023-11-24 08:41:07,315 - INFO - Epoch 7  : Training Loss: 7.7257680893, Validation Loss: 7.8015961647, Training R-squared: 0.2533517480, Validation R-squared: 0.2358660847
2023-11-24 08:41:25,192 - INFO - Epoch 8  : Training Loss: 7.6520571709, Validation Loss: 7.7285442352, Training R-squared: 0.2677679956, Validation R-squared: 0.2490343153
2023-11-24 08:41:42,685 - INFO - Epoch 9  : Training Loss: 7.5719251633, Validation Loss: 7.6785273552, Training R-squared: 0.2809630632, Validation R-squared: 0.2582817376
2023-11-24 08:42:01,042 - INFO - Epoch 10 : Training Loss: 7.5066967010, Validation Loss: 7.6545329094, Training R-squared: 0.2938984334, Validation R-squared: 0.2627130449
2023-11-24 08:42:18,751 - INFO - Epoch 11 : Training Loss: 7.4568376541, Validation Loss: 7.6200513840, Training R-squared: 0.3038057983, Validation R-squared: 0.2695192695
2023-11-24 08:42:37,037 - INFO - Epoch 12 : Training Loss: 7.4091472626, Validation Loss: 7.6103038788, Training R-squared: 0.3120457530, Validation R-squared: 0.2711940408
2023-11-24 08:42:54,281 - INFO - Epoch 13 : Training Loss: 7.3720316887, Validation Loss: 7.5755267143, Training R-squared: 0.3194555044, Validation R-squared: 0.2780546546
2023-11-24 08:43:12,214 - INFO - Epoch 14 : Training Loss: 7.3297142982, Validation Loss: 7.5578598976, Training R-squared: 0.3261317909, Validation R-squared: 0.2813101113
2023-11-24 08:43:29,968 - INFO - Epoch 15 : Training Loss: 7.2903203964, Validation Loss: 7.5505390167, Training R-squared: 0.3340473175, Validation R-squared: 0.2825564146
2023-11-24 08:43:47,986 - INFO - Epoch 16 : Training Loss: 7.2465963364, Validation Loss: 7.5516328812, Training R-squared: 0.3412508070, Validation R-squared: 0.2820286453
2023-11-24 08:44:06,159 - INFO - Epoch 17 : Training Loss: 7.2117533684, Validation Loss: 7.5322790146, Training R-squared: 0.3471378684, Validation R-squared: 0.2855604887
2023-11-24 08:44:23,947 - INFO - Epoch 18 : Training Loss: 7.1771016121, Validation Loss: 7.5196700096, Training R-squared: 0.3525072038, Validation R-squared: 0.2883831263
2023-11-24 08:44:41,283 - INFO - Epoch 19 : Training Loss: 7.1439557076, Validation Loss: 7.5172457695, Training R-squared: 0.3586086631, Validation R-squared: 0.2883906662
2023-11-24 08:44:58,970 - INFO - Epoch 20 : Training Loss: 7.1099295616, Validation Loss: 7.5090494156, Training R-squared: 0.3649891615, Validation R-squared: 0.2899034619
2023-11-24 08:45:16,681 - INFO - Epoch 21 : Training Loss: 7.0797195435, Validation Loss: 7.5278711319, Training R-squared: 0.3698465526, Validation R-squared: 0.2860997915
2023-11-24 08:45:34,323 - INFO - Epoch 22 : Training Loss: 7.0436754227, Validation Loss: 7.4925732613, Training R-squared: 0.3743583858, Validation R-squared: 0.2934001982
2023-11-24 08:45:52,026 - INFO - Epoch 23 : Training Loss: 7.0264883041, Validation Loss: 7.4913010597, Training R-squared: 0.3790650666, Validation R-squared: 0.2932627797
2023-11-24 08:46:09,504 - INFO - Epoch 24 : Training Loss: 7.0008726120, Validation Loss: 7.5066609383, Training R-squared: 0.3850467801, Validation R-squared: 0.2900010347
2023-11-24 08:46:27,416 - INFO - Epoch 25 : Training Loss: 6.9712300301, Validation Loss: 7.4808654785, Training R-squared: 0.3878720999, Validation R-squared: 0.2952179909
2023-11-24 08:46:44,647 - INFO - Epoch 26 : Training Loss: 6.9491677284, Validation Loss: 7.4692468643, Training R-squared: 0.3917865157, Validation R-squared: 0.2973798513
2023-11-24 08:47:02,462 - INFO - Epoch 27 : Training Loss: 6.9191784859, Validation Loss: 7.5211005211, Training R-squared: 0.3963903785, Validation R-squared: 0.2868739665
2023-11-24 08:47:20,072 - INFO - Epoch 28 : Training Loss: 6.8977832794, Validation Loss: 7.4827485085, Training R-squared: 0.4001030624, Validation R-squared: 0.2945462763
2023-11-24 08:47:37,901 - INFO - Epoch 29 : Training Loss: 6.8754730225, Validation Loss: 7.4721059799, Training R-squared: 0.4028342068, Validation R-squared: 0.2965494692
2023-11-24 08:47:55,806 - INFO - Epoch 30 : Training Loss: 6.8464531898, Validation Loss: 7.4523048401, Training R-squared: 0.4099218547, Validation R-squared: 0.3004466593
2023-11-24 08:48:13,488 - INFO - Epoch 31 : Training Loss: 6.8234610558, Validation Loss: 7.4468789101, Training R-squared: 0.4126600623, Validation R-squared: 0.3014495075
2023-11-24 08:48:31,228 - INFO - Epoch 32 : Training Loss: 6.7988710403, Validation Loss: 7.4507961273, Training R-squared: 0.4156896472, Validation R-squared: 0.3009928465
2023-11-24 08:48:48,690 - INFO - Epoch 33 : Training Loss: 6.7676033974, Validation Loss: 7.4183936119, Training R-squared: 0.4215935767, Validation R-squared: 0.3070949316
2023-11-24 08:49:06,301 - INFO - Epoch 34 : Training Loss: 6.7559976578, Validation Loss: 7.4790825844, Training R-squared: 0.4225332141, Validation R-squared: 0.2949633002
2023-11-24 08:49:24,108 - INFO - Epoch 35 : Training Loss: 6.7258954048, Validation Loss: 7.4821519852, Training R-squared: 0.4286356866, Validation R-squared: 0.2942938209
2023-11-24 08:49:41,594 - INFO - Epoch 36 : Training Loss: 6.7052707672, Validation Loss: 7.4535927773, Training R-squared: 0.4309425354, Validation R-squared: 0.2998849452
2023-11-24 08:49:59,277 - INFO - Epoch 37 : Training Loss: 6.6914482117, Validation Loss: 7.4754619598, Training R-squared: 0.4351029992, Validation R-squared: 0.2953208387
2023-11-24 08:50:16,897 - INFO - Epoch 38 : Training Loss: 6.6787590981, Validation Loss: 7.4642658234, Training R-squared: 0.4354999959, Validation R-squared: 0.2977389097
2023-11-24 08:50:37,732 - INFO - Model saved to models/portion_model/dinner/512_512_200_64/sparsity_40_fold_4_model.keras
2023-11-24 08:50:44,035 - INFO - Avg Metrics: RMSE: 6.1695171292, R-squared: 0.0208961372, PCC: 0.4697292608
2023-11-24 08:50:44,035 - INFO - Agg Metrics: RMSE: 7.4866312552, R-squared: 0.3060575783, PCC: 0.5568181202
2023-11-24 08:50:50,817 - INFO - ================================================================== Fold 5 ===================================================================
2023-11-24 08:51:17,341 - INFO - Epoch 1  : Training Loss: 8.7784738541, Validation Loss: 8.6529769897, Training R-squared: 0.0361388065, Validation R-squared: 0.0538490564
2023-11-24 08:51:35,443 - INFO - Epoch 2  : Training Loss: 8.5156993866, Validation Loss: 8.4321613312, Training R-squared: 0.0942529738, Validation R-squared: 0.1015329212
2023-11-24 08:51:53,018 - INFO - Epoch 3  : Training Loss: 8.1814117432, Validation Loss: 8.0034360886, Training R-squared: 0.1640970856, Validation R-squared: 0.1916966140
2023-11-24 08:52:10,322 - INFO - Epoch 4  : Training Loss: 7.9052438736, Validation Loss: 7.9466567039, Training R-squared: 0.2205108404, Validation R-squared: 0.2030166090
2023-11-24 08:52:28,461 - INFO - Epoch 5  : Training Loss: 7.8262534142, Validation Loss: 7.8955025673, Training R-squared: 0.2350839674, Validation R-squared: 0.2134526372
2023-11-24 08:52:45,767 - INFO - Epoch 6  : Training Loss: 7.7426428795, Validation Loss: 7.8441038132, Training R-squared: 0.2509711087, Validation R-squared: 0.2236410677
2023-11-24 08:53:03,495 - INFO - Epoch 7  : Training Loss: 7.6449956894, Validation Loss: 7.7755689621, Training R-squared: 0.2701233029, Validation R-squared: 0.2366146892
2023-11-24 08:53:21,088 - INFO - Epoch 8  : Training Loss: 7.5686216354, Validation Loss: 7.7548351288, Training R-squared: 0.2839192748, Validation R-squared: 0.2400605381
2023-11-24 08:53:38,740 - INFO - Epoch 9  : Training Loss: 7.5220417976, Validation Loss: 7.7468757629, Training R-squared: 0.2908459604, Validation R-squared: 0.2412830442
2023-11-24 08:53:57,987 - INFO - Epoch 10 : Training Loss: 7.4876489639, Validation Loss: 7.7171268463, Training R-squared: 0.2980780303, Validation R-squared: 0.2475073934
2023-11-24 08:54:15,399 - INFO - Epoch 11 : Training Loss: 7.4508843422, Validation Loss: 7.6976232529, Training R-squared: 0.3046858907, Validation R-squared: 0.2514182031
2023-11-24 08:54:33,375 - INFO - Epoch 12 : Training Loss: 7.3999724388, Validation Loss: 7.6787586212, Training R-squared: 0.3139246106, Validation R-squared: 0.2547171116
2023-11-24 08:54:50,789 - INFO - Epoch 13 : Training Loss: 7.3604488373, Validation Loss: 7.6639308929, Training R-squared: 0.3202425539, Validation R-squared: 0.2576463819
2023-11-24 08:55:08,387 - INFO - Epoch 14 : Training Loss: 7.3146595955, Validation Loss: 7.6325092316, Training R-squared: 0.3296042085, Validation R-squared: 0.2631219625
2023-11-24 08:55:26,034 - INFO - Epoch 15 : Training Loss: 7.2640480995, Validation Loss: 7.5955982208, Training R-squared: 0.3384890556, Validation R-squared: 0.2702269852
2023-11-24 08:55:43,793 - INFO - Epoch 16 : Training Loss: 7.2198662758, Validation Loss: 7.5654768944, Training R-squared: 0.3469878137, Validation R-squared: 0.2757274210
2023-11-24 08:56:01,329 - INFO - Epoch 17 : Training Loss: 7.1722068787, Validation Loss: 7.5528936386, Training R-squared: 0.3539773524, Validation R-squared: 0.2777251601
2023-11-24 08:56:19,349 - INFO - Epoch 18 : Training Loss: 7.1294717789, Validation Loss: 7.5222196579, Training R-squared: 0.3616992235, Validation R-squared: 0.2834480405
2023-11-24 08:56:36,776 - INFO - Epoch 19 : Training Loss: 7.0930457115, Validation Loss: 7.5191268921, Training R-squared: 0.3674519360, Validation R-squared: 0.2838458717
2023-11-24 08:56:54,266 - INFO - Epoch 20 : Training Loss: 7.0590271950, Validation Loss: 7.5096111298, Training R-squared: 0.3724020720, Validation R-squared: 0.2857659161
2023-11-24 08:57:11,924 - INFO - Epoch 21 : Training Loss: 7.0305862427, Validation Loss: 7.5277447701, Training R-squared: 0.3769629896, Validation R-squared: 0.2813163698
2023-11-24 08:57:29,722 - INFO - Epoch 22 : Training Loss: 7.0083312988, Validation Loss: 7.5259709358, Training R-squared: 0.3818635345, Validation R-squared: 0.2818005681
2023-11-24 08:57:47,322 - INFO - Epoch 23 : Training Loss: 6.9776229858, Validation Loss: 7.5195918083, Training R-squared: 0.3875802457, Validation R-squared: 0.2826695442
2023-11-24 08:58:04,957 - INFO - Epoch 24 : Training Loss: 6.9523844719, Validation Loss: 7.5272903442, Training R-squared: 0.3919871449, Validation R-squared: 0.2807968557
2023-11-24 08:58:22,726 - INFO - Epoch 25 : Training Loss: 6.9226660728, Validation Loss: 7.5035371780, Training R-squared: 0.3951192200, Validation R-squared: 0.2859990001
2023-11-24 08:58:40,313 - INFO - Epoch 26 : Training Loss: 6.8947110176, Validation Loss: 7.4962038994, Training R-squared: 0.4016387165, Validation R-squared: 0.2872973979
2023-11-24 08:58:57,818 - INFO - Epoch 27 : Training Loss: 6.8754954338, Validation Loss: 7.5199952126, Training R-squared: 0.4040201902, Validation R-squared: 0.2822645605
2023-11-24 08:59:15,212 - INFO - Epoch 28 : Training Loss: 6.8481354713, Validation Loss: 7.4844069481, Training R-squared: 0.4085302055, Validation R-squared: 0.2894666195
2023-11-24 08:59:33,408 - INFO - Epoch 29 : Training Loss: 6.8191599846, Validation Loss: 7.4830212593, Training R-squared: 0.4123101532, Validation R-squared: 0.2899914086
2023-11-24 08:59:50,683 - INFO - Epoch 30 : Training Loss: 6.7989211082, Validation Loss: 7.5353560448, Training R-squared: 0.4171287417, Validation R-squared: 0.2786403894
2023-11-24 09:00:08,513 - INFO - Epoch 31 : Training Loss: 6.7859325409, Validation Loss: 7.4706311226, Training R-squared: 0.4199286103, Validation R-squared: 0.2917533815
2023-11-24 09:00:26,085 - INFO - Epoch 32 : Training Loss: 6.7610945702, Validation Loss: 7.4784054756, Training R-squared: 0.4225646257, Validation R-squared: 0.2902288735
2023-11-24 09:00:43,900 - INFO - Epoch 33 : Training Loss: 6.7415666580, Validation Loss: 7.4899587631, Training R-squared: 0.4252731502, Validation R-squared: 0.2875424623
2023-11-24 09:01:01,116 - INFO - Epoch 34 : Training Loss: 6.7243113518, Validation Loss: 7.4709820747, Training R-squared: 0.4276220500, Validation R-squared: 0.2915212810
2023-11-24 09:01:19,081 - INFO - Epoch 35 : Training Loss: 6.7010259628, Validation Loss: 7.5181598663, Training R-squared: 0.4324494898, Validation R-squared: 0.2813116312
2023-11-24 09:01:36,575 - INFO - Epoch 36 : Training Loss: 6.6903667450, Validation Loss: 7.4894175529, Training R-squared: 0.4339944720, Validation R-squared: 0.2872037292
2023-11-24 09:01:57,101 - INFO - Model saved to models/portion_model/dinner/512_512_200_64/sparsity_40_fold_5_model.keras
2023-11-24 09:02:02,005 - INFO - Avg Metrics: RMSE: 6.1981067620, R-squared: -0.0328807908, PCC: 0.4663090977
2023-11-24 09:02:02,005 - INFO - Agg Metrics: RMSE: 7.5574015080, R-squared: 0.2913281143, PCC: 0.5451937309
2023-11-24 09:02:20,441 - INFO - ================================================================== Results Summary ===================================================================
2023-11-24 09:02:20,442 - INFO - CrossVal Metrics (Avg.) - RMSE: 6.2027492149 ± 0.0392857173, R2: -0.1551785543 ± 0.0392857173, PCC: 0.4618058677 ± 0.0392857173
2023-11-24 09:02:20,442 - INFO - Testing  Metrics (Avg.) - RMSE: 6.2193096148, R2: -0.8192277748, PCC: 0.4517001978
2023-11-24 09:02:20,442 - INFO - CrossVal Metrics (Agg.) - RMSE: 7.5087128362 ± 0.0392857173, R2: 0.3066540726 ± 0.0392857173, PCC: 0.5565542050 ± 0.0392857173
2023-11-24 09:02:20,442 - INFO - Testing  Metrics (Agg.) - RMSE: 7.7013298462, R2: 0.2957632867, PCC: 0.5444844403
