2023-11-24 01:05:42,384 - INFO - Training model at 10% sparse columns removed...
2023-11-24 01:05:53,714 - INFO - ================================================================== Fold 1 ===================================================================
2023-11-24 01:06:35,706 - INFO - Epoch 1  : Training Loss: 7.1737008095, Validation Loss: 7.0923800468, Training R-squared: 0.0384294130, Validation R-squared: 0.0714945421
2023-11-24 01:07:06,407 - INFO - Epoch 2  : Training Loss: 6.9416637421, Validation Loss: 6.9629712105, Training R-squared: 0.0986375138, Validation R-squared: 0.1048661917
2023-11-24 01:07:35,595 - INFO - Epoch 3  : Training Loss: 6.7322831154, Validation Loss: 6.5943031311, Training R-squared: 0.1521881372, Validation R-squared: 0.1979528964
2023-11-24 01:08:03,448 - INFO - Epoch 4  : Training Loss: 6.4774703979, Validation Loss: 6.5578303337, Training R-squared: 0.2163149565, Validation R-squared: 0.2069627345
2023-11-24 01:08:30,632 - INFO - Epoch 5  : Training Loss: 6.4273242950, Validation Loss: 6.5411934853, Training R-squared: 0.2283959538, Validation R-squared: 0.2108163387
2023-11-24 01:08:57,644 - INFO - Epoch 6  : Training Loss: 6.3861684799, Validation Loss: 6.5096592903, Training R-squared: 0.2388369739, Validation R-squared: 0.2185446918
2023-11-24 01:09:25,236 - INFO - Epoch 7  : Training Loss: 6.3139343262, Validation Loss: 6.4429078102, Training R-squared: 0.2550276220, Validation R-squared: 0.2342096567
2023-11-24 01:09:52,187 - INFO - Epoch 8  : Training Loss: 6.2340197563, Validation Loss: 6.4118528366, Training R-squared: 0.2734842598, Validation R-squared: 0.2409433722
2023-11-24 01:10:19,267 - INFO - Epoch 9  : Training Loss: 6.1918883324, Validation Loss: 6.3948616982, Training R-squared: 0.2814006805, Validation R-squared: 0.2451244295
2023-11-24 01:10:46,229 - INFO - Epoch 10 : Training Loss: 6.1608028412, Validation Loss: 6.3817653656, Training R-squared: 0.2884767950, Validation R-squared: 0.2482825518
2023-11-24 01:11:13,600 - INFO - Epoch 11 : Training Loss: 6.1301264763, Validation Loss: 6.3756484985, Training R-squared: 0.2961672843, Validation R-squared: 0.2495845407
2023-11-24 01:11:40,881 - INFO - Epoch 12 : Training Loss: 6.0907621384, Validation Loss: 6.3497524261, Training R-squared: 0.3041458428, Validation R-squared: 0.2557452321
2023-11-24 01:12:08,027 - INFO - Epoch 13 : Training Loss: 6.0603103638, Validation Loss: 6.3353533745, Training R-squared: 0.3122549951, Validation R-squared: 0.2589366436
2023-11-24 01:12:35,652 - INFO - Epoch 14 : Training Loss: 6.0238404274, Validation Loss: 6.3132982254, Training R-squared: 0.3195811510, Validation R-squared: 0.2639764249
2023-11-24 01:13:02,796 - INFO - Epoch 15 : Training Loss: 5.9887609482, Validation Loss: 6.3026075363, Training R-squared: 0.3273726702, Validation R-squared: 0.2665311396
2023-11-24 01:13:29,759 - INFO - Epoch 16 : Training Loss: 5.9550991058, Validation Loss: 6.2792053223, Training R-squared: 0.3347656727, Validation R-squared: 0.2716634274
2023-11-24 01:13:58,274 - INFO - Epoch 17 : Training Loss: 5.9254035950, Validation Loss: 6.2739028931, Training R-squared: 0.3405281007, Validation R-squared: 0.2727545500
2023-11-24 01:14:25,675 - INFO - Epoch 18 : Training Loss: 5.8940901756, Validation Loss: 6.2764163017, Training R-squared: 0.3469342589, Validation R-squared: 0.2717660367
2023-11-24 01:14:52,754 - INFO - Epoch 19 : Training Loss: 5.8620781898, Validation Loss: 6.2568321228, Training R-squared: 0.3548183739, Validation R-squared: 0.2760331035
2023-11-24 01:15:20,408 - INFO - Epoch 20 : Training Loss: 5.8308010101, Validation Loss: 6.2280645370, Training R-squared: 0.3614124358, Validation R-squared: 0.2828532159
2023-11-24 01:15:49,338 - INFO - Epoch 21 : Training Loss: 5.7983055115, Validation Loss: 6.2165603638, Training R-squared: 0.3668380082, Validation R-squared: 0.2851850986
2023-11-24 01:16:17,092 - INFO - Epoch 22 : Training Loss: 5.7739214897, Validation Loss: 6.2268767357, Training R-squared: 0.3716975749, Validation R-squared: 0.2821431756
2023-11-24 01:16:44,123 - INFO - Epoch 23 : Training Loss: 5.7462434769, Validation Loss: 6.2037591934, Training R-squared: 0.3774184883, Validation R-squared: 0.2874832451
2023-11-24 01:17:11,213 - INFO - Epoch 24 : Training Loss: 5.7162480354, Validation Loss: 6.2015466690, Training R-squared: 0.3830689490, Validation R-squared: 0.2877198160
2023-11-24 01:17:39,016 - INFO - Epoch 25 : Training Loss: 5.6883549690, Validation Loss: 6.1994709969, Training R-squared: 0.3900526464, Validation R-squared: 0.2879721224
2023-11-24 01:18:06,049 - INFO - Epoch 26 : Training Loss: 5.6681885719, Validation Loss: 6.2029800415, Training R-squared: 0.3949962258, Validation R-squared: 0.2866195738
2023-11-24 01:18:33,397 - INFO - Epoch 27 : Training Loss: 5.6416983604, Validation Loss: 6.1801438332, Training R-squared: 0.3996205330, Validation R-squared: 0.2923201919
2023-11-24 01:19:00,253 - INFO - Epoch 28 : Training Loss: 5.6233229637, Validation Loss: 6.1628928185, Training R-squared: 0.4040987194, Validation R-squared: 0.2962413132
2023-11-24 01:19:27,837 - INFO - Epoch 29 : Training Loss: 5.6068229675, Validation Loss: 6.1690063477, Training R-squared: 0.4080034494, Validation R-squared: 0.2947251201
2023-11-24 01:19:54,577 - INFO - Epoch 30 : Training Loss: 5.5942602158, Validation Loss: 6.1784691811, Training R-squared: 0.4087790549, Validation R-squared: 0.2922208607
2023-11-24 01:20:21,803 - INFO - Epoch 31 : Training Loss: 5.5730838776, Validation Loss: 6.1859846115, Training R-squared: 0.4131425023, Validation R-squared: 0.2906654477
2023-11-24 01:20:48,667 - INFO - Epoch 32 : Training Loss: 5.5560159683, Validation Loss: 6.2049746513, Training R-squared: 0.4181129336, Validation R-squared: 0.2856764197
2023-11-24 01:21:15,639 - INFO - Epoch 33 : Training Loss: 5.5351958275, Validation Loss: 6.1653661728, Training R-squared: 0.4217918813, Validation R-squared: 0.2955291867
2023-11-24 01:21:42,657 - INFO - Model saved to models/portion_model/dinner/512_512_200_64/sparsity_10_fold_1_model.keras
2023-11-24 01:21:47,845 - INFO - Avg Metrics: RMSE: 5.1489188092, R-squared: -0.3700135234, PCC: 0.4537783161
2023-11-24 01:21:47,845 - INFO - Agg Metrics: RMSE: 6.2248933662, R-squared: 0.2965881042, PCC: 0.5484164767
2023-11-24 01:21:54,626 - INFO - ================================================================== Fold 2 ===================================================================
2023-11-24 01:22:34,810 - INFO - Epoch 1  : Training Loss: 7.1786737442, Validation Loss: 7.1178464890, Training R-squared: 0.0372050852, Validation R-squared: 0.0640030056
2023-11-24 01:23:02,139 - INFO - Epoch 2  : Training Loss: 6.9502067566, Validation Loss: 6.9600725174, Training R-squared: 0.0975456238, Validation R-squared: 0.1051462889
2023-11-24 01:23:29,505 - INFO - Epoch 3  : Training Loss: 6.7506604195, Validation Loss: 6.6047544479, Training R-squared: 0.1488988996, Validation R-squared: 0.1946547478
2023-11-24 01:23:58,319 - INFO - Epoch 4  : Training Loss: 6.4911422729, Validation Loss: 6.5415129662, Training R-squared: 0.2133418620, Validation R-squared: 0.2100092322
2023-11-24 01:24:24,451 - INFO - Epoch 5  : Training Loss: 6.4433741570, Validation Loss: 6.5100145340, Training R-squared: 0.2248623073, Validation R-squared: 0.2169409841
2023-11-24 01:24:49,478 - INFO - Epoch 6  : Training Loss: 6.4026775360, Validation Loss: 6.4864253998, Training R-squared: 0.2351974547, Validation R-squared: 0.2229467332
2023-11-24 01:25:14,674 - INFO - Epoch 7  : Training Loss: 6.3504824638, Validation Loss: 6.4560060501, Training R-squared: 0.2471769005, Validation R-squared: 0.2298342139
2023-11-24 01:25:39,987 - INFO - Epoch 8  : Training Loss: 6.3046059608, Validation Loss: 6.4182643890, Training R-squared: 0.2571448088, Validation R-squared: 0.2387064695
2023-11-24 01:26:04,936 - INFO - Epoch 9  : Training Loss: 6.2520790100, Validation Loss: 6.3727388382, Training R-squared: 0.2712463737, Validation R-squared: 0.2494180948
2023-11-24 01:26:30,425 - INFO - Epoch 10 : Training Loss: 6.1858949661, Validation Loss: 6.3322558403, Training R-squared: 0.2858618498, Validation R-squared: 0.2579859495
2023-11-24 01:26:55,550 - INFO - Epoch 11 : Training Loss: 6.1448116302, Validation Loss: 6.3146429062, Training R-squared: 0.2947164178, Validation R-squared: 0.2618498802
2023-11-24 01:27:20,965 - INFO - Epoch 12 : Training Loss: 6.1108570099, Validation Loss: 6.3029427528, Training R-squared: 0.3021721840, Validation R-squared: 0.2645737231
2023-11-24 01:27:45,967 - INFO - Epoch 13 : Training Loss: 6.0831155777, Validation Loss: 6.2976350784, Training R-squared: 0.3081039786, Validation R-squared: 0.2655349672
2023-11-24 01:28:11,199 - INFO - Epoch 14 : Training Loss: 6.0495867729, Validation Loss: 6.2786364555, Training R-squared: 0.3148270249, Validation R-squared: 0.2701605260
2023-11-24 01:28:37,296 - INFO - Epoch 15 : Training Loss: 6.0184998512, Validation Loss: 6.2643799782, Training R-squared: 0.3212300539, Validation R-squared: 0.2731764913
2023-11-24 01:29:02,509 - INFO - Epoch 16 : Training Loss: 5.9953136444, Validation Loss: 6.2516694069, Training R-squared: 0.3274581134, Validation R-squared: 0.2762073874
2023-11-24 01:29:27,979 - INFO - Epoch 17 : Training Loss: 5.9668059349, Validation Loss: 6.2362303734, Training R-squared: 0.3334054351, Validation R-squared: 0.2798663080
2023-11-24 01:29:53,078 - INFO - Epoch 18 : Training Loss: 5.9403610229, Validation Loss: 6.2365622520, Training R-squared: 0.3384869099, Validation R-squared: 0.2795279920
2023-11-24 01:30:18,515 - INFO - Epoch 19 : Training Loss: 5.9119896889, Validation Loss: 6.2272839546, Training R-squared: 0.3443086445, Validation R-squared: 0.2814016044
2023-11-24 01:30:43,781 - INFO - Epoch 20 : Training Loss: 5.8892374039, Validation Loss: 6.2110900879, Training R-squared: 0.3493273854, Validation R-squared: 0.2851744890
2023-11-24 01:31:09,260 - INFO - Epoch 21 : Training Loss: 5.8582634926, Validation Loss: 6.2118973732, Training R-squared: 0.3568504751, Validation R-squared: 0.2843822241
2023-11-24 01:31:34,941 - INFO - Epoch 22 : Training Loss: 5.8267717361, Validation Loss: 6.1991615295, Training R-squared: 0.3625537455, Validation R-squared: 0.2872622311
2023-11-24 01:32:00,035 - INFO - Epoch 23 : Training Loss: 5.7947039604, Validation Loss: 6.1920180321, Training R-squared: 0.3683467805, Validation R-squared: 0.2886792421
2023-11-24 01:32:25,393 - INFO - Epoch 24 : Training Loss: 5.7747383118, Validation Loss: 6.1711030006, Training R-squared: 0.3740726113, Validation R-squared: 0.2935491502
2023-11-24 01:32:50,587 - INFO - Epoch 25 : Training Loss: 5.7508010864, Validation Loss: 6.1381793022, Training R-squared: 0.3778961301, Validation R-squared: 0.3011216819
2023-11-24 01:33:16,183 - INFO - Epoch 26 : Training Loss: 5.7271432877, Validation Loss: 6.1697916985, Training R-squared: 0.3828502297, Validation R-squared: 0.2931030095
2023-11-24 01:33:41,669 - INFO - Epoch 27 : Training Loss: 5.7029342651, Validation Loss: 6.1528339386, Training R-squared: 0.3881699145, Validation R-squared: 0.2975937128
2023-11-24 01:34:08,126 - INFO - Epoch 28 : Training Loss: 5.6848645210, Validation Loss: 6.1463198662, Training R-squared: 0.3911120594, Validation R-squared: 0.2986365855
2023-11-24 01:34:33,632 - INFO - Epoch 29 : Training Loss: 5.6592588425, Validation Loss: 6.1589293480, Training R-squared: 0.3963906169, Validation R-squared: 0.2956448793
2023-11-24 01:34:58,993 - INFO - Epoch 30 : Training Loss: 5.6441411972, Validation Loss: 6.1449394226, Training R-squared: 0.4012489617, Validation R-squared: 0.2988133430
2023-11-24 01:35:22,410 - INFO - Model saved to models/portion_model/dinner/512_512_200_64/sparsity_10_fold_2_model.keras
2023-11-24 01:35:28,928 - INFO - Avg Metrics: RMSE: 5.1465892592, R-squared: -0.0296685990, PCC: 0.4451993390
2023-11-24 01:35:28,929 - INFO - Agg Metrics: RMSE: 6.1924375587, R-squared: 0.3009967676, PCC: 0.5498721862
2023-11-24 01:35:35,110 - INFO - ================================================================== Fold 3 ===================================================================
2023-11-24 01:36:10,908 - INFO - Epoch 1  : Training Loss: 7.1447343826, Validation Loss: 7.1855478287, Training R-squared: 0.0384743176, Validation R-squared: 0.0749822408
2023-11-24 01:36:36,584 - INFO - Epoch 2  : Training Loss: 6.9188241959, Validation Loss: 7.0644688606, Training R-squared: 0.0982829407, Validation R-squared: 0.1064086258
2023-11-24 01:37:01,942 - INFO - Epoch 3  : Training Loss: 6.7329506874, Validation Loss: 6.6480789185, Training R-squared: 0.1465591490, Validation R-squared: 0.2099925131
2023-11-24 01:37:27,281 - INFO - Epoch 4  : Training Loss: 6.4479770660, Validation Loss: 6.6111340523, Training R-squared: 0.2188989669, Validation R-squared: 0.2190019488
2023-11-24 01:37:52,424 - INFO - Epoch 5  : Training Loss: 6.3988399506, Validation Loss: 6.5925016403, Training R-squared: 0.2299257666, Validation R-squared: 0.2232164443
2023-11-24 01:38:17,943 - INFO - Epoch 6  : Training Loss: 6.3395686150, Validation Loss: 6.5437550545, Training R-squared: 0.2434713393, Validation R-squared: 0.2344696969
2023-11-24 01:38:43,166 - INFO - Epoch 7  : Training Loss: 6.2501134872, Validation Loss: 6.4792447090, Training R-squared: 0.2639702260, Validation R-squared: 0.2485069185
2023-11-24 01:39:08,559 - INFO - Epoch 8  : Training Loss: 6.1832714081, Validation Loss: 6.4625339508, Training R-squared: 0.2792943418, Validation R-squared: 0.2515048087
2023-11-24 01:39:34,438 - INFO - Epoch 9  : Training Loss: 6.1416225433, Validation Loss: 6.4405937195, Training R-squared: 0.2880382836, Validation R-squared: 0.2567166388
2023-11-24 01:39:59,644 - INFO - Epoch 10 : Training Loss: 6.1059727669, Validation Loss: 6.4323687553, Training R-squared: 0.2961459160, Validation R-squared: 0.2586950064
2023-11-24 01:40:25,179 - INFO - Epoch 11 : Training Loss: 6.0711164474, Validation Loss: 6.4208564758, Training R-squared: 0.3038233221, Validation R-squared: 0.2609482110
2023-11-24 01:40:50,571 - INFO - Epoch 12 : Training Loss: 6.0452628136, Validation Loss: 6.4095244408, Training R-squared: 0.3109554946, Validation R-squared: 0.2636874914
2023-11-24 01:41:15,830 - INFO - Epoch 13 : Training Loss: 6.0060324669, Validation Loss: 6.3867754936, Training R-squared: 0.3189267814, Validation R-squared: 0.2679340541
2023-11-24 01:41:41,365 - INFO - Epoch 14 : Training Loss: 5.9743695259, Validation Loss: 6.3822226524, Training R-squared: 0.3264575601, Validation R-squared: 0.2688270807
2023-11-24 01:42:06,670 - INFO - Epoch 15 : Training Loss: 5.9308867455, Validation Loss: 6.3431534767, Training R-squared: 0.3347085714, Validation R-squared: 0.2780302763
2023-11-24 01:42:31,929 - INFO - Epoch 16 : Training Loss: 5.9021811485, Validation Loss: 6.3276572227, Training R-squared: 0.3407006562, Validation R-squared: 0.2810679078
2023-11-24 01:42:57,150 - INFO - Epoch 17 : Training Loss: 5.8638906479, Validation Loss: 6.3153567314, Training R-squared: 0.3486595452, Validation R-squared: 0.2830623090
2023-11-24 01:43:22,581 - INFO - Epoch 18 : Training Loss: 5.8308663368, Validation Loss: 6.2907900810, Training R-squared: 0.3566990793, Validation R-squared: 0.2886962295
2023-11-24 01:43:48,319 - INFO - Epoch 19 : Training Loss: 5.7953925133, Validation Loss: 6.2803444862, Training R-squared: 0.3633109927, Validation R-squared: 0.2905763388
2023-11-24 01:44:14,342 - INFO - Epoch 20 : Training Loss: 5.7667136192, Validation Loss: 6.2615790367, Training R-squared: 0.3697586954, Validation R-squared: 0.2946864367
2023-11-24 01:44:39,906 - INFO - Epoch 21 : Training Loss: 5.7405834198, Validation Loss: 6.2740988731, Training R-squared: 0.3751349151, Validation R-squared: 0.2919695079
2023-11-24 01:45:05,271 - INFO - Epoch 22 : Training Loss: 5.7159304619, Validation Loss: 6.2470340729, Training R-squared: 0.3805715442, Validation R-squared: 0.2977184057
2023-11-24 01:45:30,696 - INFO - Epoch 23 : Training Loss: 5.6918697357, Validation Loss: 6.2697710991, Training R-squared: 0.3849382102, Validation R-squared: 0.2918155193
2023-11-24 01:45:56,066 - INFO - Epoch 24 : Training Loss: 5.6707992554, Validation Loss: 6.2724800110, Training R-squared: 0.3911794722, Validation R-squared: 0.2908867002
2023-11-24 01:46:21,504 - INFO - Epoch 25 : Training Loss: 5.6434159279, Validation Loss: 6.2707209587, Training R-squared: 0.3943609893, Validation R-squared: 0.2912294567
2023-11-24 01:46:46,742 - INFO - Epoch 26 : Training Loss: 5.6291270256, Validation Loss: 6.2877836227, Training R-squared: 0.3988761902, Validation R-squared: 0.2868957222
2023-11-24 01:47:11,982 - INFO - Epoch 27 : Training Loss: 5.6038861275, Validation Loss: 6.2425732613, Training R-squared: 0.4027075469, Validation R-squared: 0.2977571189
2023-11-24 01:47:37,369 - INFO - Epoch 28 : Training Loss: 5.5803632736, Validation Loss: 6.2471675873, Training R-squared: 0.4074855149, Validation R-squared: 0.2964938283
2023-11-24 01:48:02,639 - INFO - Epoch 29 : Training Loss: 5.5607352257, Validation Loss: 6.2559318542, Training R-squared: 0.4116159081, Validation R-squared: 0.2944078445
2023-11-24 01:48:27,974 - INFO - Epoch 30 : Training Loss: 5.5440378189, Validation Loss: 6.2331705093, Training R-squared: 0.4151602685, Validation R-squared: 0.2994261086
2023-11-24 01:48:53,135 - INFO - Epoch 31 : Training Loss: 5.5284490585, Validation Loss: 6.2587018013, Training R-squared: 0.4188937545, Validation R-squared: 0.2933704853
2023-11-24 01:49:18,675 - INFO - Epoch 32 : Training Loss: 5.5103774071, Validation Loss: 6.2592539787, Training R-squared: 0.4236400425, Validation R-squared: 0.2931163013
2023-11-24 01:49:43,818 - INFO - Epoch 33 : Training Loss: 5.4970273972, Validation Loss: 6.2513761520, Training R-squared: 0.4252384007, Validation R-squared: 0.2949714065
2023-11-24 01:50:09,193 - INFO - Epoch 34 : Training Loss: 5.4829769135, Validation Loss: 6.2480058670, Training R-squared: 0.4266025722, Validation R-squared: 0.2957757711
2023-11-24 01:50:34,838 - INFO - Epoch 35 : Training Loss: 5.4700098038, Validation Loss: 6.2452831268, Training R-squared: 0.4308401942, Validation R-squared: 0.2965401709
2023-11-24 01:50:57,725 - INFO - Model saved to models/portion_model/dinner/512_512_200_64/sparsity_10_fold_3_model.keras
2023-11-24 01:51:04,612 - INFO - Avg Metrics: RMSE: 5.1312430317, R-squared: -0.7037018801, PCC: 0.4687011326
2023-11-24 01:51:04,612 - INFO - Agg Metrics: RMSE: 6.3168077549, R-squared: 0.3018847988, PCC: 0.5529355481
2023-11-24 01:51:10,432 - INFO - ================================================================== Fold 4 ===================================================================
2023-11-24 01:51:46,386 - INFO - Epoch 1  : Training Loss: 7.1758985519, Validation Loss: 7.1059632301, Training R-squared: 0.0370554663, Validation R-squared: 0.0703084767
2023-11-24 01:52:11,417 - INFO - Epoch 2  : Training Loss: 6.9503750801, Validation Loss: 6.9656596184, Training R-squared: 0.0971912146, Validation R-squared: 0.1073482856
2023-11-24 01:52:36,648 - INFO - Epoch 3  : Training Loss: 6.7344474792, Validation Loss: 6.5586924553, Training R-squared: 0.1523034722, Validation R-squared: 0.2096597254
2023-11-24 01:53:01,926 - INFO - Epoch 4  : Training Loss: 6.4686570168, Validation Loss: 6.5279445648, Training R-squared: 0.2176912576, Validation R-squared: 0.2170008123
2023-11-24 01:53:27,233 - INFO - Epoch 5  : Training Loss: 6.4186239243, Validation Loss: 6.5045800209, Training R-squared: 0.2296771854, Validation R-squared: 0.2223700732
2023-11-24 01:53:53,480 - INFO - Epoch 6  : Training Loss: 6.3594574928, Validation Loss: 6.4566740990, Training R-squared: 0.2429158986, Validation R-squared: 0.2337770313
2023-11-24 01:54:19,260 - INFO - Epoch 7  : Training Loss: 6.2638978958, Validation Loss: 6.3791451454, Training R-squared: 0.2654353976, Validation R-squared: 0.2515561283
2023-11-24 01:54:44,321 - INFO - Epoch 8  : Training Loss: 6.1895680428, Validation Loss: 6.3463907242, Training R-squared: 0.2828146815, Validation R-squared: 0.2579967976
2023-11-24 01:55:09,815 - INFO - Epoch 9  : Training Loss: 6.1468505859, Validation Loss: 6.3352775574, Training R-squared: 0.2926554084, Validation R-squared: 0.2606281638
2023-11-24 01:55:35,116 - INFO - Epoch 10 : Training Loss: 6.1129441261, Validation Loss: 6.3285398483, Training R-squared: 0.2984969020, Validation R-squared: 0.2622601390
2023-11-24 01:56:00,483 - INFO - Epoch 11 : Training Loss: 6.0804219246, Validation Loss: 6.3158545494, Training R-squared: 0.3066214919, Validation R-squared: 0.2647853792
2023-11-24 01:56:25,990 - INFO - Epoch 12 : Training Loss: 6.0485091209, Validation Loss: 6.3011016846, Training R-squared: 0.3149457276, Validation R-squared: 0.2681089044
2023-11-24 01:56:51,258 - INFO - Epoch 13 : Training Loss: 6.0066299438, Validation Loss: 6.2808337212, Training R-squared: 0.3239434659, Validation R-squared: 0.2726288438
2023-11-24 01:57:16,803 - INFO - Epoch 14 : Training Loss: 5.9569149017, Validation Loss: 6.2572784424, Training R-squared: 0.3332214952, Validation R-squared: 0.2783302665
2023-11-24 01:57:41,855 - INFO - Epoch 15 : Training Loss: 5.9177489281, Validation Loss: 6.2387719154, Training R-squared: 0.3427502811, Validation R-squared: 0.2824938297
2023-11-24 01:58:06,802 - INFO - Epoch 16 : Training Loss: 5.8795337677, Validation Loss: 6.2450933456, Training R-squared: 0.3506045938, Validation R-squared: 0.2801639736
2023-11-24 01:58:32,250 - INFO - Epoch 17 : Training Loss: 5.8480901718, Validation Loss: 6.2164993286, Training R-squared: 0.3571883440, Validation R-squared: 0.2868802249
2023-11-24 01:58:57,383 - INFO - Epoch 18 : Training Loss: 5.8216705322, Validation Loss: 6.2161855698, Training R-squared: 0.3616521358, Validation R-squared: 0.2869193852
2023-11-24 01:59:22,769 - INFO - Epoch 19 : Training Loss: 5.7871637344, Validation Loss: 6.2071118355, Training R-squared: 0.3702412844, Validation R-squared: 0.2889434695
2023-11-24 01:59:47,827 - INFO - Epoch 20 : Training Loss: 5.7689647675, Validation Loss: 6.2072606087, Training R-squared: 0.3729438782, Validation R-squared: 0.2887724936
2023-11-24 02:00:13,502 - INFO - Epoch 21 : Training Loss: 5.7424430847, Validation Loss: 6.2042512894, Training R-squared: 0.3792645931, Validation R-squared: 0.2899003029
2023-11-24 02:00:38,963 - INFO - Epoch 22 : Training Loss: 5.7192397118, Validation Loss: 6.1940908432, Training R-squared: 0.3842339218, Validation R-squared: 0.2920601964
2023-11-24 02:01:04,312 - INFO - Epoch 23 : Training Loss: 5.6894850731, Validation Loss: 6.2041077614, Training R-squared: 0.3896782696, Validation R-squared: 0.2895113230
2023-11-24 02:01:29,783 - INFO - Epoch 24 : Training Loss: 5.6641178131, Validation Loss: 6.1771264076, Training R-squared: 0.3935910165, Validation R-squared: 0.2961264253
2023-11-24 02:01:55,056 - INFO - Epoch 25 : Training Loss: 5.6397557259, Validation Loss: 6.1860098839, Training R-squared: 0.4003900290, Validation R-squared: 0.2932499647
2023-11-24 02:02:20,403 - INFO - Epoch 26 : Training Loss: 5.6231975555, Validation Loss: 6.1910014153, Training R-squared: 0.4040951133, Validation R-squared: 0.2923928499
2023-11-24 02:02:45,725 - INFO - Epoch 27 : Training Loss: 5.5931158066, Validation Loss: 6.1946654320, Training R-squared: 0.4106371403, Validation R-squared: 0.2910718322
2023-11-24 02:03:11,243 - INFO - Epoch 28 : Training Loss: 5.5736193657, Validation Loss: 6.1730742455, Training R-squared: 0.4136036038, Validation R-squared: 0.2971500158
2023-11-24 02:03:36,793 - INFO - Epoch 29 : Training Loss: 5.5554351807, Validation Loss: 6.1693696976, Training R-squared: 0.4156289101, Validation R-squared: 0.2973196507
2023-11-24 02:04:03,155 - INFO - Epoch 30 : Training Loss: 5.5376048088, Validation Loss: 6.1638851166, Training R-squared: 0.4215480983, Validation R-squared: 0.2985216975
2023-11-24 02:04:28,602 - INFO - Epoch 31 : Training Loss: 5.5215940475, Validation Loss: 6.2058401108, Training R-squared: 0.4214072824, Validation R-squared: 0.2872189581
2023-11-24 02:04:54,022 - INFO - Epoch 32 : Training Loss: 5.5112700462, Validation Loss: 6.2073988914, Training R-squared: 0.4260790050, Validation R-squared: 0.2873264551
2023-11-24 02:05:19,843 - INFO - Epoch 33 : Training Loss: 5.4908480644, Validation Loss: 6.1673283577, Training R-squared: 0.4296334386, Validation R-squared: 0.2973681688
2023-11-24 02:05:45,051 - INFO - Epoch 34 : Training Loss: 5.4792685509, Validation Loss: 6.1917691231, Training R-squared: 0.4328323007, Validation R-squared: 0.2911736667
2023-11-24 02:06:10,378 - INFO - Epoch 35 : Training Loss: 5.4640741348, Validation Loss: 6.1863031387, Training R-squared: 0.4344159365, Validation R-squared: 0.2926270962
2023-11-24 02:06:34,035 - INFO - Model saved to models/portion_model/dinner/512_512_200_64/sparsity_10_fold_4_model.keras
2023-11-24 02:06:40,012 - INFO - Avg Metrics: RMSE: 5.0791795770, R-squared: -0.1222593336, PCC: 0.4612233433
2023-11-24 02:06:40,012 - INFO - Agg Metrics: RMSE: 6.2779502395, R-squared: 0.2949983469, PCC: 0.5469441153
2023-11-24 02:06:45,960 - INFO - ================================================================== Fold 5 ===================================================================
2023-11-24 02:07:22,052 - INFO - Epoch 1  : Training Loss: 7.2563118935, Validation Loss: 6.8442020416, Training R-squared: 0.0367149226, Validation R-squared: 0.0609613843
2023-11-24 02:07:47,057 - INFO - Epoch 2  : Training Loss: 7.0256280899, Validation Loss: 6.7022271156, Training R-squared: 0.0967272297, Validation R-squared: 0.0992820337
2023-11-24 02:08:12,037 - INFO - Epoch 3  : Training Loss: 6.9065504074, Validation Loss: 6.4163269997, Training R-squared: 0.1278122216, Validation R-squared: 0.1748589426
2023-11-24 02:08:37,235 - INFO - Epoch 4  : Training Loss: 6.5675849915, Validation Loss: 6.2908535004, Training R-squared: 0.2109559774, Validation R-squared: 0.2065479159
2023-11-24 02:09:02,665 - INFO - Epoch 5  : Training Loss: 6.5059537888, Validation Loss: 6.2909607887, Training R-squared: 0.2261681706, Validation R-squared: 0.2059662193
2023-11-24 02:09:27,991 - INFO - Epoch 6  : Training Loss: 6.4633917809, Validation Loss: 6.2643179893, Training R-squared: 0.2353299856, Validation R-squared: 0.2128710151
2023-11-24 02:09:54,399 - INFO - Epoch 7  : Training Loss: 6.4026265144, Validation Loss: 6.2146368027, Training R-squared: 0.2488576770, Validation R-squared: 0.2253535241
2023-11-24 02:10:20,003 - INFO - Epoch 8  : Training Loss: 6.3212423325, Validation Loss: 6.1591939926, Training R-squared: 0.2674630880, Validation R-squared: 0.2380261570
2023-11-24 02:10:45,089 - INFO - Epoch 9  : Training Loss: 6.2583847046, Validation Loss: 6.1373343468, Training R-squared: 0.2827604115, Validation R-squared: 0.2427570224
2023-11-24 02:11:10,520 - INFO - Epoch 10 : Training Loss: 6.2174134254, Validation Loss: 6.1107993126, Training R-squared: 0.2898988128, Validation R-squared: 0.2494486570
2023-11-24 02:11:35,811 - INFO - Epoch 11 : Training Loss: 6.1840996742, Validation Loss: 6.1030488014, Training R-squared: 0.2980564237, Validation R-squared: 0.2509001791
2023-11-24 02:12:00,819 - INFO - Epoch 12 : Training Loss: 6.1489543915, Validation Loss: 6.0816702843, Training R-squared: 0.3058407009, Validation R-squared: 0.2562663555
2023-11-24 02:12:26,692 - INFO - Epoch 13 : Training Loss: 6.1131482124, Validation Loss: 6.0755248070, Training R-squared: 0.3133013546, Validation R-squared: 0.2574216127
2023-11-24 02:12:52,098 - INFO - Epoch 14 : Training Loss: 6.0768547058, Validation Loss: 6.0736088753, Training R-squared: 0.3211623728, Validation R-squared: 0.2574692667
2023-11-24 02:13:17,639 - INFO - Epoch 15 : Training Loss: 6.0394005775, Validation Loss: 6.0396285057, Training R-squared: 0.3303730786, Validation R-squared: 0.2660860121
2023-11-24 02:13:42,628 - INFO - Epoch 16 : Training Loss: 5.9945421219, Validation Loss: 6.0224547386, Training R-squared: 0.3382821679, Validation R-squared: 0.2698011994
2023-11-24 02:14:09,015 - INFO - Epoch 17 : Training Loss: 5.9557957649, Validation Loss: 6.0071654320, Training R-squared: 0.3466998339, Validation R-squared: 0.2732278407
2023-11-24 02:14:34,435 - INFO - Epoch 18 : Training Loss: 5.9152126312, Validation Loss: 6.0036253929, Training R-squared: 0.3540120423, Validation R-squared: 0.2735365033
2023-11-24 02:14:59,912 - INFO - Epoch 19 : Training Loss: 5.8832879066, Validation Loss: 6.0037250519, Training R-squared: 0.3621482551, Validation R-squared: 0.2731903195
2023-11-24 02:15:25,302 - INFO - Epoch 20 : Training Loss: 5.8493661880, Validation Loss: 5.9874305725, Training R-squared: 0.3686355948, Validation R-squared: 0.2769761682
2023-11-24 02:15:50,332 - INFO - Epoch 21 : Training Loss: 5.8272871971, Validation Loss: 5.9534835815, Training R-squared: 0.3746606410, Validation R-squared: 0.2855394483
2023-11-24 02:16:15,424 - INFO - Epoch 22 : Training Loss: 5.7974095345, Validation Loss: 5.9873991013, Training R-squared: 0.3800046444, Validation R-squared: 0.2764346004
2023-11-24 02:16:40,913 - INFO - Epoch 23 : Training Loss: 5.7756423950, Validation Loss: 5.9471302032, Training R-squared: 0.3848153949, Validation R-squared: 0.2863283455
2023-11-24 02:17:06,220 - INFO - Epoch 24 : Training Loss: 5.7543487549, Validation Loss: 5.9415626526, Training R-squared: 0.3896553516, Validation R-squared: 0.2873293459
2023-11-24 02:17:31,585 - INFO - Epoch 25 : Training Loss: 5.7303061485, Validation Loss: 5.9605875015, Training R-squared: 0.3932542205, Validation R-squared: 0.2825570107
2023-11-24 02:17:56,999 - INFO - Epoch 26 : Training Loss: 5.7105245590, Validation Loss: 5.9519944191, Training R-squared: 0.3986439109, Validation R-squared: 0.2847573459
2023-11-24 02:18:22,494 - INFO - Epoch 27 : Training Loss: 5.6904096603, Validation Loss: 5.9701266289, Training R-squared: 0.4021793902, Validation R-squared: 0.2797887921
2023-11-24 02:18:47,840 - INFO - Epoch 28 : Training Loss: 5.6783394814, Validation Loss: 5.9338889122, Training R-squared: 0.4046940804, Validation R-squared: 0.2892356813
2023-11-24 02:19:13,269 - INFO - Epoch 29 : Training Loss: 5.6605043411, Validation Loss: 5.9435911179, Training R-squared: 0.4070909619, Validation R-squared: 0.2865398526
2023-11-24 02:19:38,631 - INFO - Epoch 30 : Training Loss: 5.6411614418, Validation Loss: 5.9398756027, Training R-squared: 0.4114766419, Validation R-squared: 0.2873281240
2023-11-24 02:20:03,714 - INFO - Epoch 31 : Training Loss: 5.6230645180, Validation Loss: 5.9666523933, Training R-squared: 0.4144510925, Validation R-squared: 0.2804565728
2023-11-24 02:20:29,430 - INFO - Epoch 32 : Training Loss: 5.6027235985, Validation Loss: 5.9430489540, Training R-squared: 0.4188619852, Validation R-squared: 0.2861868441
2023-11-24 02:20:54,766 - INFO - Epoch 33 : Training Loss: 5.5911493301, Validation Loss: 5.9603018761, Training R-squared: 0.4212917686, Validation R-squared: 0.2813001573
2023-11-24 02:21:18,571 - INFO - Model saved to models/portion_model/dinner/512_512_200_64/sparsity_10_fold_5_model.keras
2023-11-24 02:21:25,285 - INFO - Avg Metrics: RMSE: 5.0124225710, R-squared: -0.0247428347, PCC: 0.4507105324
2023-11-24 02:21:25,286 - INFO - Agg Metrics: RMSE: 5.9694252686, R-squared: 0.2935125279, PCC: 0.5484208971
2023-11-24 02:21:46,033 - INFO - ================================================================== Results Summary ===================================================================
2023-11-24 02:21:46,033 - INFO - CrossVal Metrics (Avg.) - RMSE: 5.1036706496 ± 0.0521069357, R2: -0.2500772342 ± 0.0521069357, PCC: 0.4559225327 ± 0.0521069357
2023-11-24 02:21:46,034 - INFO - Testing  Metrics (Avg.) - RMSE: 5.1153025102, R2: -0.0563940430, PCC: 0.4526586360
2023-11-24 02:21:46,034 - INFO - CrossVal Metrics (Agg.) - RMSE: 6.1963028376 ± 0.0521069357, R2: 0.2975961091 ± 0.0521069357, PCC: 0.5493178447 ± 0.0521069357
2023-11-24 02:21:46,034 - INFO - Testing  Metrics (Agg.) - RMSE: 6.1919116525, R2: 0.2935186382, PCC: 0.5457006637
