2023-11-24 13:13:46,750 - INFO - Training model at 75% sparse columns removed...
2023-11-24 13:13:55,199 - INFO - ================================================================== Fold 1 ===================================================================
2023-11-24 13:14:04,888 - INFO - Epoch 1  : Training Loss: 13.5968494415, Validation Loss: 13.5096683502, Training R-squared: 0.0313965268, Validation R-squared: 0.0366633087
2023-11-24 13:14:11,404 - INFO - Epoch 2  : Training Loss: 13.4341287613, Validation Loss: 13.1783704758, Training R-squared: 0.0536795110, Validation R-squared: 0.0842599645
2023-11-24 13:14:17,813 - INFO - Epoch 3  : Training Loss: 13.0432682037, Validation Loss: 12.8644886017, Training R-squared: 0.1083583459, Validation R-squared: 0.1280695051
2023-11-24 13:14:24,480 - INFO - Epoch 4  : Training Loss: 12.4641656876, Validation Loss: 12.2761573792, Training R-squared: 0.1874025315, Validation R-squared: 0.2072384357
2023-11-24 13:14:31,208 - INFO - Epoch 5  : Training Loss: 12.1706342697, Validation Loss: 12.1899566650, Training R-squared: 0.2264472097, Validation R-squared: 0.2182324380
2023-11-24 13:14:37,442 - INFO - Epoch 6  : Training Loss: 12.0757198334, Validation Loss: 12.1274805069, Training R-squared: 0.2368373424, Validation R-squared: 0.2264517695
2023-11-24 13:14:44,756 - INFO - Epoch 7  : Training Loss: 12.0111541748, Validation Loss: 12.1045551300, Training R-squared: 0.2455239743, Validation R-squared: 0.2293757647
2023-11-24 13:14:50,945 - INFO - Epoch 8  : Training Loss: 11.9619197845, Validation Loss: 12.0920696259, Training R-squared: 0.2528095543, Validation R-squared: 0.2309915572
2023-11-24 13:14:57,344 - INFO - Epoch 9  : Training Loss: 11.9080238342, Validation Loss: 12.0520067215, Training R-squared: 0.2592686117, Validation R-squared: 0.2359077930
2023-11-24 13:15:03,957 - INFO - Epoch 10 : Training Loss: 11.8345956802, Validation Loss: 11.9896659851, Training R-squared: 0.2660998404, Validation R-squared: 0.2435080260
2023-11-24 13:15:10,180 - INFO - Epoch 11 : Training Loss: 11.7324552536, Validation Loss: 11.8895645142, Training R-squared: 0.2790620625, Validation R-squared: 0.2559470832
2023-11-24 13:15:16,620 - INFO - Epoch 12 : Training Loss: 11.6349363327, Validation Loss: 11.8133955002, Training R-squared: 0.2918370962, Validation R-squared: 0.2650783062
2023-11-24 13:15:23,915 - INFO - Epoch 13 : Training Loss: 11.5572338104, Validation Loss: 11.7902793884, Training R-squared: 0.2997784019, Validation R-squared: 0.2672338784
2023-11-24 13:15:30,481 - INFO - Epoch 14 : Training Loss: 11.5216064453, Validation Loss: 11.7604951859, Training R-squared: 0.3038596213, Validation R-squared: 0.2710044086
2023-11-24 13:15:37,182 - INFO - Epoch 15 : Training Loss: 11.4708461761, Validation Loss: 11.7337608337, Training R-squared: 0.3091566563, Validation R-squared: 0.2744132578
2023-11-24 13:15:44,042 - INFO - Epoch 16 : Training Loss: 11.4314222336, Validation Loss: 11.7066850662, Training R-squared: 0.3147649169, Validation R-squared: 0.2775705159
2023-11-24 13:15:50,734 - INFO - Epoch 17 : Training Loss: 11.3826284409, Validation Loss: 11.6849536896, Training R-squared: 0.3214111030, Validation R-squared: 0.2803909481
2023-11-24 13:15:57,183 - INFO - Epoch 18 : Training Loss: 11.3142566681, Validation Loss: 11.6495456696, Training R-squared: 0.3268615901, Validation R-squared: 0.2843875289
2023-11-24 13:16:03,480 - INFO - Epoch 19 : Training Loss: 11.2721309662, Validation Loss: 11.6087923050, Training R-squared: 0.3347589374, Validation R-squared: 0.2891565263
2023-11-24 13:16:09,612 - INFO - Epoch 20 : Training Loss: 11.2189998627, Validation Loss: 11.5691719055, Training R-squared: 0.3400720060, Validation R-squared: 0.2938237190
2023-11-24 13:16:15,767 - INFO - Epoch 21 : Training Loss: 11.1548871994, Validation Loss: 11.5091075897, Training R-squared: 0.3445797563, Validation R-squared: 0.3010454476
2023-11-24 13:16:22,224 - INFO - Epoch 22 : Training Loss: 11.0887870789, Validation Loss: 11.4736204147, Training R-squared: 0.3544922769, Validation R-squared: 0.3050355613
2023-11-24 13:16:28,525 - INFO - Epoch 23 : Training Loss: 11.0413551331, Validation Loss: 11.4360151291, Training R-squared: 0.3591488898, Validation R-squared: 0.3090759218
2023-11-24 13:16:34,762 - INFO - Epoch 24 : Training Loss: 10.9949436188, Validation Loss: 11.3911104202, Training R-squared: 0.3667235076, Validation R-squared: 0.3144325912
2023-11-24 13:16:40,913 - INFO - Epoch 25 : Training Loss: 10.9419536591, Validation Loss: 11.3916692734, Training R-squared: 0.3715432286, Validation R-squared: 0.3138476908
2023-11-24 13:16:47,354 - INFO - Epoch 26 : Training Loss: 10.9056940079, Validation Loss: 11.3614044189, Training R-squared: 0.3750964701, Validation R-squared: 0.3173087835
2023-11-24 13:16:53,660 - INFO - Epoch 27 : Training Loss: 10.8598842621, Validation Loss: 11.3313703537, Training R-squared: 0.3790106177, Validation R-squared: 0.3212327957
2023-11-24 13:16:59,975 - INFO - Epoch 28 : Training Loss: 10.8235778809, Validation Loss: 11.3135042191, Training R-squared: 0.3848502636, Validation R-squared: 0.3234367371
2023-11-24 13:17:06,090 - INFO - Epoch 29 : Training Loss: 10.8098077774, Validation Loss: 11.3021268845, Training R-squared: 0.3844860494, Validation R-squared: 0.3245945573
2023-11-24 13:17:12,250 - INFO - Epoch 30 : Training Loss: 10.7743892670, Validation Loss: 11.2835426331, Training R-squared: 0.3873794079, Validation R-squared: 0.3267242312
2023-11-24 13:17:18,787 - INFO - Epoch 31 : Training Loss: 10.7357826233, Validation Loss: 11.2689666748, Training R-squared: 0.3930972219, Validation R-squared: 0.3286572099
2023-11-24 13:17:24,910 - INFO - Epoch 32 : Training Loss: 10.7068080902, Validation Loss: 11.2741127014, Training R-squared: 0.3974104226, Validation R-squared: 0.3275736868
2023-11-24 13:17:31,024 - INFO - Epoch 33 : Training Loss: 10.6637811661, Validation Loss: 11.2262687683, Training R-squared: 0.3992864192, Validation R-squared: 0.3335260153
2023-11-24 13:17:37,198 - INFO - Epoch 34 : Training Loss: 10.6417560577, Validation Loss: 11.2338733673, Training R-squared: 0.4042592645, Validation R-squared: 0.3325875700
2023-11-24 13:17:43,400 - INFO - Epoch 35 : Training Loss: 10.6270980835, Validation Loss: 11.2010049820, Training R-squared: 0.4063285887, Validation R-squared: 0.3365713358
2023-11-24 13:17:49,668 - INFO - Epoch 36 : Training Loss: 10.5731840134, Validation Loss: 11.1915578842, Training R-squared: 0.4119346142, Validation R-squared: 0.3373846412
2023-11-24 13:17:55,772 - INFO - Epoch 37 : Training Loss: 10.5629110336, Validation Loss: 11.1941461563, Training R-squared: 0.4114222825, Validation R-squared: 0.3368731737
2023-11-24 13:18:02,112 - INFO - Epoch 38 : Training Loss: 10.5109424591, Validation Loss: 11.1854772568, Training R-squared: 0.4162266254, Validation R-squared: 0.3378511071
2023-11-24 13:18:08,283 - INFO - Epoch 39 : Training Loss: 10.4977598190, Validation Loss: 11.1981763840, Training R-squared: 0.4197268784, Validation R-squared: 0.3360735774
2023-11-24 13:18:14,775 - INFO - Epoch 40 : Training Loss: 10.4588470459, Validation Loss: 11.1750307083, Training R-squared: 0.4255439043, Validation R-squared: 0.3389139175
2023-11-24 13:18:21,214 - INFO - Epoch 41 : Training Loss: 10.4406032562, Validation Loss: 11.1533069611, Training R-squared: 0.4243244231, Validation R-squared: 0.3415590823
2023-11-24 13:18:27,756 - INFO - Epoch 42 : Training Loss: 10.4041776657, Validation Loss: 11.1847057343, Training R-squared: 0.4300323129, Validation R-squared: 0.3370950520
2023-11-24 13:18:34,101 - INFO - Epoch 43 : Training Loss: 10.3912191391, Validation Loss: 11.1129035950, Training R-squared: 0.4314358234, Validation R-squared: 0.3461542130
2023-11-24 13:18:40,202 - INFO - Epoch 44 : Training Loss: 10.3504266739, Validation Loss: 11.1275157928, Training R-squared: 0.4351750612, Validation R-squared: 0.3441542387
2023-11-24 13:18:46,493 - INFO - Epoch 45 : Training Loss: 10.3300743103, Validation Loss: 11.1158809662, Training R-squared: 0.4379594624, Validation R-squared: 0.3453562558
2023-11-24 13:18:53,000 - INFO - Epoch 46 : Training Loss: 10.3008670807, Validation Loss: 11.0742273331, Training R-squared: 0.4396754801, Validation R-squared: 0.3504761159
2023-11-24 13:18:59,389 - INFO - Epoch 47 : Training Loss: 10.2672910690, Validation Loss: 11.0695314407, Training R-squared: 0.4431044459, Validation R-squared: 0.3509556055
2023-11-24 13:19:05,492 - INFO - Epoch 48 : Training Loss: 10.2368364334, Validation Loss: 11.1332359314, Training R-squared: 0.4469663501, Validation R-squared: 0.3425183594
2023-11-24 13:19:11,875 - INFO - Epoch 49 : Training Loss: 10.2303600311, Validation Loss: 11.0756063461, Training R-squared: 0.4494298100, Validation R-squared: 0.3497651517
2023-11-24 13:19:18,684 - INFO - Epoch 50 : Training Loss: 10.2023124695, Validation Loss: 11.1036615372, Training R-squared: 0.4518493116, Validation R-squared: 0.3462789357
2023-11-24 13:19:24,907 - INFO - Epoch 51 : Training Loss: 10.1711540222, Validation Loss: 11.0512180328, Training R-squared: 0.4530040622, Validation R-squared: 0.3529563248
2023-11-24 13:19:31,027 - INFO - Epoch 52 : Training Loss: 10.1657037735, Validation Loss: 11.0644006729, Training R-squared: 0.4529221356, Validation R-squared: 0.3509928882
2023-11-24 13:19:37,267 - INFO - Epoch 53 : Training Loss: 10.1188211441, Validation Loss: 11.0280056000, Training R-squared: 0.4591229558, Validation R-squared: 0.3555682898
2023-11-24 13:19:43,417 - INFO - Epoch 54 : Training Loss: 10.1111593246, Validation Loss: 11.0577096939, Training R-squared: 0.4571545124, Validation R-squared: 0.3515949845
2023-11-24 13:19:49,665 - INFO - Epoch 55 : Training Loss: 10.0891742706, Validation Loss: 11.1164407730, Training R-squared: 0.4611785114, Validation R-squared: 0.3442919254
2023-11-24 13:19:55,845 - INFO - Epoch 56 : Training Loss: 10.0744428635, Validation Loss: 11.0412597656, Training R-squared: 0.4642451406, Validation R-squared: 0.3535266817
2023-11-24 13:20:02,140 - INFO - Epoch 57 : Training Loss: 10.0538768768, Validation Loss: 11.0724716187, Training R-squared: 0.4655084908, Validation R-squared: 0.3496163785
2023-11-24 13:20:08,324 - INFO - Epoch 58 : Training Loss: 10.0403175354, Validation Loss: 11.0526199341, Training R-squared: 0.4683615565, Validation R-squared: 0.3518934250
2023-11-24 13:20:20,483 - INFO - Model saved to models/portion_model/dinner/512_512_200_64/sparsity_75_fold_1_model.keras
2023-11-24 13:20:24,536 - INFO - Avg Metrics: RMSE: 9.0972089027, R-squared: -0.3580781683, PCC: 0.5327346573
2023-11-24 13:20:24,536 - INFO - Agg Metrics: RMSE: 11.1754672820, R-squared: 0.3549938733, PCC: 0.5974856408
2023-11-24 13:20:31,320 - INFO - ================================================================== Fold 2 ===================================================================
2023-11-24 13:20:40,126 - INFO - Epoch 1  : Training Loss: 13.6363744736, Validation Loss: 13.3481435776, Training R-squared: 0.0311256777, Validation R-squared: 0.0378105268
2023-11-24 13:20:46,273 - INFO - Epoch 2  : Training Loss: 13.4582691193, Validation Loss: 12.9727621078, Training R-squared: 0.0576190576, Validation R-squared: 0.0918059275
2023-11-24 13:20:52,446 - INFO - Epoch 3  : Training Loss: 13.0492668152, Validation Loss: 12.4864683151, Training R-squared: 0.1143593267, Validation R-squared: 0.1594715863
2023-11-24 13:20:58,344 - INFO - Epoch 4  : Training Loss: 12.4167308807, Validation Loss: 12.0642004013, Training R-squared: 0.1989448518, Validation R-squared: 0.2154660374
2023-11-24 13:21:04,464 - INFO - Epoch 5  : Training Loss: 12.2303180695, Validation Loss: 11.9774827957, Training R-squared: 0.2234312743, Validation R-squared: 0.2265809476
2023-11-24 13:21:10,346 - INFO - Epoch 6  : Training Loss: 12.1062946320, Validation Loss: 11.8842496872, Training R-squared: 0.2367891520, Validation R-squared: 0.2382487059
2023-11-24 13:21:16,186 - INFO - Epoch 7  : Training Loss: 12.0393028259, Validation Loss: 11.8657121658, Training R-squared: 0.2467340976, Validation R-squared: 0.2400925308
2023-11-24 13:21:22,671 - INFO - Epoch 8  : Training Loss: 11.9699277878, Validation Loss: 11.8143482208, Training R-squared: 0.2558694482, Validation R-squared: 0.2468389571
2023-11-24 13:21:28,556 - INFO - Epoch 9  : Training Loss: 11.9111528397, Validation Loss: 11.7320184708, Training R-squared: 0.2638919055, Validation R-squared: 0.2568859160
2023-11-24 13:21:34,519 - INFO - Epoch 10 : Training Loss: 11.7849483490, Validation Loss: 11.6701517105, Training R-squared: 0.2801978886, Validation R-squared: 0.2636123896
2023-11-24 13:21:40,309 - INFO - Epoch 11 : Training Loss: 11.6960887909, Validation Loss: 11.6127681732, Training R-squared: 0.2885650992, Validation R-squared: 0.2705141902
2023-11-24 13:21:46,126 - INFO - Epoch 12 : Training Loss: 11.6423845291, Validation Loss: 11.5770082474, Training R-squared: 0.2922278643, Validation R-squared: 0.2747785151
2023-11-24 13:21:52,227 - INFO - Epoch 13 : Training Loss: 11.5836000443, Validation Loss: 11.5633125305, Training R-squared: 0.2993616462, Validation R-squared: 0.2762682736
2023-11-24 13:21:58,086 - INFO - Epoch 14 : Training Loss: 11.5336503983, Validation Loss: 11.5459728241, Training R-squared: 0.3075225651, Validation R-squared: 0.2783758044
2023-11-24 13:22:04,196 - INFO - Epoch 15 : Training Loss: 11.4859867096, Validation Loss: 11.4993076324, Training R-squared: 0.3121947348, Validation R-squared: 0.2842866480
2023-11-24 13:22:10,009 - INFO - Epoch 16 : Training Loss: 11.4191551208, Validation Loss: 11.4620981216, Training R-squared: 0.3191835582, Validation R-squared: 0.2888649106
2023-11-24 13:22:15,818 - INFO - Epoch 17 : Training Loss: 11.3542747498, Validation Loss: 11.4186687469, Training R-squared: 0.3259225190, Validation R-squared: 0.2946475148
2023-11-24 13:22:22,224 - INFO - Epoch 18 : Training Loss: 11.2966251373, Validation Loss: 11.3825759888, Training R-squared: 0.3357018828, Validation R-squared: 0.2987433970
2023-11-24 13:22:28,082 - INFO - Epoch 19 : Training Loss: 11.2261466980, Validation Loss: 11.3375864029, Training R-squared: 0.3425942957, Validation R-squared: 0.3043094575
2023-11-24 13:22:34,008 - INFO - Epoch 20 : Training Loss: 11.1511631012, Validation Loss: 11.2836771011, Training R-squared: 0.3524520695, Validation R-squared: 0.3109972179
2023-11-24 13:22:40,682 - INFO - Epoch 21 : Training Loss: 11.0927200317, Validation Loss: 11.2566900253, Training R-squared: 0.3586024940, Validation R-squared: 0.3139022291
2023-11-24 13:22:46,680 - INFO - Epoch 22 : Training Loss: 11.0235891342, Validation Loss: 11.2340154648, Training R-squared: 0.3640248775, Validation R-squared: 0.3165342510
2023-11-24 13:22:52,574 - INFO - Epoch 23 : Training Loss: 10.9726285934, Validation Loss: 11.2303485870, Training R-squared: 0.3697475493, Validation R-squared: 0.3169339001
2023-11-24 13:22:58,224 - INFO - Epoch 24 : Training Loss: 10.9347372055, Validation Loss: 11.1750764847, Training R-squared: 0.3758185506, Validation R-squared: 0.3239349723
2023-11-24 13:23:04,269 - INFO - Epoch 25 : Training Loss: 10.8891067505, Validation Loss: 11.1534681320, Training R-squared: 0.3788535893, Validation R-squared: 0.3265649378
2023-11-24 13:23:10,789 - INFO - Epoch 26 : Training Loss: 10.8418226242, Validation Loss: 11.1210899353, Training R-squared: 0.3850360513, Validation R-squared: 0.3307939768
2023-11-24 13:23:17,025 - INFO - Epoch 27 : Training Loss: 10.8169498444, Validation Loss: 11.1200180054, Training R-squared: 0.3850096762, Validation R-squared: 0.3305742145
2023-11-24 13:23:23,042 - INFO - Epoch 28 : Training Loss: 10.7566337585, Validation Loss: 11.0943975449, Training R-squared: 0.3943982124, Validation R-squared: 0.3337944448
2023-11-24 13:23:29,442 - INFO - Epoch 29 : Training Loss: 10.7275629044, Validation Loss: 11.0947370529, Training R-squared: 0.3984840810, Validation R-squared: 0.3335780501
2023-11-24 13:23:35,420 - INFO - Epoch 30 : Training Loss: 10.6938295364, Validation Loss: 11.0927267075, Training R-squared: 0.4027787745, Validation R-squared: 0.3338527381
2023-11-24 13:23:41,273 - INFO - Epoch 31 : Training Loss: 10.6530475616, Validation Loss: 11.0651063919, Training R-squared: 0.4065555930, Validation R-squared: 0.3372345269
2023-11-24 13:23:48,368 - INFO - Epoch 32 : Training Loss: 10.6088008881, Validation Loss: 11.0597486496, Training R-squared: 0.4101823568, Validation R-squared: 0.3379329741
2023-11-24 13:23:55,482 - INFO - Epoch 33 : Training Loss: 10.5918607712, Validation Loss: 11.0408754349, Training R-squared: 0.4139510691, Validation R-squared: 0.3401304483
2023-11-24 13:24:01,787 - INFO - Epoch 34 : Training Loss: 10.5511093140, Validation Loss: 11.0302457809, Training R-squared: 0.4178594053, Validation R-squared: 0.3414520025
2023-11-24 13:24:07,719 - INFO - Epoch 35 : Training Loss: 10.5182790756, Validation Loss: 11.0290527344, Training R-squared: 0.4199004769, Validation R-squared: 0.3421713710
2023-11-24 13:24:13,919 - INFO - Epoch 36 : Training Loss: 10.4956655502, Validation Loss: 11.0068788528, Training R-squared: 0.4205796421, Validation R-squared: 0.3446423113
2023-11-24 13:24:20,102 - INFO - Epoch 37 : Training Loss: 10.4669322968, Validation Loss: 11.0276412964, Training R-squared: 0.4267792106, Validation R-squared: 0.3418709636
2023-11-24 13:24:26,209 - INFO - Epoch 38 : Training Loss: 10.4344806671, Validation Loss: 11.0808658600, Training R-squared: 0.4304992855, Validation R-squared: 0.3350453675
2023-11-24 13:24:32,339 - INFO - Epoch 39 : Training Loss: 10.4051494598, Validation Loss: 10.9700050354, Training R-squared: 0.4323710203, Validation R-squared: 0.3493397534
2023-11-24 13:24:38,124 - INFO - Epoch 40 : Training Loss: 10.3736886978, Validation Loss: 11.0081491470, Training R-squared: 0.4360748827, Validation R-squared: 0.3440663517
2023-11-24 13:24:44,002 - INFO - Epoch 41 : Training Loss: 10.3409042358, Validation Loss: 10.9973573685, Training R-squared: 0.4393720329, Validation R-squared: 0.3452732563
2023-11-24 13:24:50,011 - INFO - Epoch 42 : Training Loss: 10.3239831924, Validation Loss: 11.0043191910, Training R-squared: 0.4411734045, Validation R-squared: 0.3446586728
2023-11-24 13:24:55,960 - INFO - Epoch 43 : Training Loss: 10.2918233871, Validation Loss: 10.9597644806, Training R-squared: 0.4432604909, Validation R-squared: 0.3499448001
2023-11-24 13:25:02,109 - INFO - Epoch 44 : Training Loss: 10.2539005280, Validation Loss: 10.9542007446, Training R-squared: 0.4475907087, Validation R-squared: 0.3510202169
2023-11-24 13:25:08,081 - INFO - Epoch 45 : Training Loss: 10.2307920456, Validation Loss: 10.9720468521, Training R-squared: 0.4511852562, Validation R-squared: 0.3487192690
2023-11-24 13:25:14,033 - INFO - Epoch 46 : Training Loss: 10.2137203217, Validation Loss: 11.0079536438, Training R-squared: 0.4528269470, Validation R-squared: 0.3441545367
2023-11-24 13:25:20,434 - INFO - Epoch 47 : Training Loss: 10.1657104492, Validation Loss: 10.9667196274, Training R-squared: 0.4567639828, Validation R-squared: 0.3492409587
2023-11-24 13:25:26,354 - INFO - Epoch 48 : Training Loss: 10.1436843872, Validation Loss: 11.0145807266, Training R-squared: 0.4591828883, Validation R-squared: 0.3429155946
2023-11-24 13:25:32,423 - INFO - Epoch 49 : Training Loss: 10.1116762161, Validation Loss: 10.9801797867, Training R-squared: 0.4626671076, Validation R-squared: 0.3476851881
2023-11-24 13:25:43,149 - INFO - Model saved to models/portion_model/dinner/512_512_200_64/sparsity_75_fold_2_model.keras
2023-11-24 13:25:48,384 - INFO - Avg Metrics: RMSE: 9.0910134069, R-squared: -0.1506910882, PCC: 0.5309418802
2023-11-24 13:25:48,385 - INFO - Agg Metrics: RMSE: 11.0887252147, R-squared: 0.3474795135, PCC: 0.5929736699
2023-11-24 13:25:55,203 - INFO - ================================================================== Fold 3 ===================================================================
2023-11-24 13:26:05,155 - INFO - Epoch 1  : Training Loss: 13.6319589615, Validation Loss: 13.3294153214, Training R-squared: 0.0307794679, Validation R-squared: 0.0396244302
2023-11-24 13:26:10,980 - INFO - Epoch 2  : Training Loss: 13.4351291656, Validation Loss: 12.9447603226, Training R-squared: 0.0581722446, Validation R-squared: 0.0951334164
2023-11-24 13:26:17,216 - INFO - Epoch 3  : Training Loss: 13.0614032745, Validation Loss: 12.5156373978, Training R-squared: 0.1115335897, Validation R-squared: 0.1548646092
2023-11-24 13:26:23,144 - INFO - Epoch 4  : Training Loss: 12.4109954834, Validation Loss: 11.9549455643, Training R-squared: 0.1976983547, Validation R-squared: 0.2292156219
2023-11-24 13:26:29,231 - INFO - Epoch 5  : Training Loss: 12.1982116699, Validation Loss: 11.8630485535, Training R-squared: 0.2282526046, Validation R-squared: 0.2411682010
2023-11-24 13:26:35,205 - INFO - Epoch 6  : Training Loss: 12.0868911743, Validation Loss: 11.8428506851, Training R-squared: 0.2415136844, Validation R-squared: 0.2438517213
2023-11-24 13:26:41,079 - INFO - Epoch 7  : Training Loss: 12.0196466446, Validation Loss: 11.7911844254, Training R-squared: 0.2493703216, Validation R-squared: 0.2500661612
2023-11-24 13:26:46,942 - INFO - Epoch 8  : Training Loss: 11.9171199799, Validation Loss: 11.7147235870, Training R-squared: 0.2619121373, Validation R-squared: 0.2594147325
2023-11-24 13:26:53,080 - INFO - Epoch 9  : Training Loss: 11.8026046753, Validation Loss: 11.6200876236, Training R-squared: 0.2754690647, Validation R-squared: 0.2706283629
2023-11-24 13:26:59,157 - INFO - Epoch 10 : Training Loss: 11.6752300262, Validation Loss: 11.5883541107, Training R-squared: 0.2890582383, Validation R-squared: 0.2742899358
2023-11-24 13:27:05,172 - INFO - Epoch 11 : Training Loss: 11.6208353043, Validation Loss: 11.5673408508, Training R-squared: 0.2956419289, Validation R-squared: 0.2763873637
2023-11-24 13:27:11,079 - INFO - Epoch 12 : Training Loss: 11.5765352249, Validation Loss: 11.5643444061, Training R-squared: 0.3001598120, Validation R-squared: 0.2770976424
2023-11-24 13:27:17,158 - INFO - Epoch 13 : Training Loss: 11.5281467438, Validation Loss: 11.5339946747, Training R-squared: 0.3069780171, Validation R-squared: 0.2803256214
2023-11-24 13:27:23,083 - INFO - Epoch 14 : Training Loss: 11.4769906998, Validation Loss: 11.5082931519, Training R-squared: 0.3127600253, Validation R-squared: 0.2840915918
2023-11-24 13:27:28,965 - INFO - Epoch 15 : Training Loss: 11.4373188019, Validation Loss: 11.4685058594, Training R-squared: 0.3182607889, Validation R-squared: 0.2888498306
2023-11-24 13:27:34,951 - INFO - Epoch 16 : Training Loss: 11.3571176529, Validation Loss: 11.4295339584, Training R-squared: 0.3270955980, Validation R-squared: 0.2937056422
2023-11-24 13:27:40,864 - INFO - Epoch 17 : Training Loss: 11.2932052612, Validation Loss: 11.3850412369, Training R-squared: 0.3335562646, Validation R-squared: 0.2991521955
2023-11-24 13:27:46,808 - INFO - Epoch 18 : Training Loss: 11.2136554718, Validation Loss: 11.3459777832, Training R-squared: 0.3434186280, Validation R-squared: 0.3038043380
2023-11-24 13:27:52,793 - INFO - Epoch 19 : Training Loss: 11.1586227417, Validation Loss: 11.3080444336, Training R-squared: 0.3513385653, Validation R-squared: 0.3088671565
2023-11-24 13:27:58,741 - INFO - Epoch 20 : Training Loss: 11.1077680588, Validation Loss: 11.2775468826, Training R-squared: 0.3549949527, Validation R-squared: 0.3122206926
2023-11-24 13:28:04,784 - INFO - Epoch 21 : Training Loss: 11.0629997253, Validation Loss: 11.2716951370, Training R-squared: 0.3605254889, Validation R-squared: 0.3123541474
2023-11-24 13:28:10,641 - INFO - Epoch 22 : Training Loss: 10.9985485077, Validation Loss: 11.2447376251, Training R-squared: 0.3668336868, Validation R-squared: 0.3159131408
2023-11-24 13:28:16,776 - INFO - Epoch 23 : Training Loss: 10.9604959488, Validation Loss: 11.2525959015, Training R-squared: 0.3716853559, Validation R-squared: 0.3145676255
2023-11-24 13:28:22,917 - INFO - Epoch 24 : Training Loss: 10.9246978760, Validation Loss: 11.2092008591, Training R-squared: 0.3756108880, Validation R-squared: 0.3202598989
2023-11-24 13:28:28,766 - INFO - Epoch 25 : Training Loss: 10.8893432617, Validation Loss: 11.1913204193, Training R-squared: 0.3813964427, Validation R-squared: 0.3222728670
2023-11-24 13:28:34,771 - INFO - Epoch 26 : Training Loss: 10.8340263367, Validation Loss: 11.1712541580, Training R-squared: 0.3857193589, Validation R-squared: 0.3246816993
2023-11-24 13:28:40,701 - INFO - Epoch 27 : Training Loss: 10.7839832306, Validation Loss: 11.1590023041, Training R-squared: 0.3904592693, Validation R-squared: 0.3262101710
2023-11-24 13:28:46,697 - INFO - Epoch 28 : Training Loss: 10.7551364899, Validation Loss: 11.1581983566, Training R-squared: 0.3954967260, Validation R-squared: 0.3259021044
2023-11-24 13:28:52,796 - INFO - Epoch 29 : Training Loss: 10.6993551254, Validation Loss: 11.1323099136, Training R-squared: 0.4008823335, Validation R-squared: 0.3292359710
2023-11-24 13:28:58,706 - INFO - Epoch 30 : Training Loss: 10.6772565842, Validation Loss: 11.1168022156, Training R-squared: 0.4042746723, Validation R-squared: 0.3308926225
2023-11-24 13:29:04,641 - INFO - Epoch 31 : Training Loss: 10.6386051178, Validation Loss: 11.1309537888, Training R-squared: 0.4075125456, Validation R-squared: 0.3287734985
2023-11-24 13:29:10,647 - INFO - Epoch 32 : Training Loss: 10.6165027618, Validation Loss: 11.1009130478, Training R-squared: 0.4091054797, Validation R-squared: 0.3328766525
2023-11-24 13:29:16,542 - INFO - Epoch 33 : Training Loss: 10.5623407364, Validation Loss: 11.0916776657, Training R-squared: 0.4153735340, Validation R-squared: 0.3337198794
2023-11-24 13:29:22,611 - INFO - Epoch 34 : Training Loss: 10.5334186554, Validation Loss: 11.0892047882, Training R-squared: 0.4194721878, Validation R-squared: 0.3341121674
2023-11-24 13:29:28,484 - INFO - Epoch 35 : Training Loss: 10.5082883835, Validation Loss: 11.0874385834, Training R-squared: 0.4205774665, Validation R-squared: 0.3344469070
2023-11-24 13:29:34,355 - INFO - Epoch 36 : Training Loss: 10.4903717041, Validation Loss: 11.0694971085, Training R-squared: 0.4235652685, Validation R-squared: 0.3363394141
2023-11-24 13:29:40,381 - INFO - Epoch 37 : Training Loss: 10.4547128677, Validation Loss: 11.0491943359, Training R-squared: 0.4281879365, Validation R-squared: 0.3388375640
2023-11-24 13:29:46,113 - INFO - Epoch 38 : Training Loss: 10.4142608643, Validation Loss: 11.0545310974, Training R-squared: 0.4291818738, Validation R-squared: 0.3383090794
2023-11-24 13:29:51,887 - INFO - Epoch 39 : Training Loss: 10.3773078918, Validation Loss: 11.0694885254, Training R-squared: 0.4363709986, Validation R-squared: 0.3363686502
2023-11-24 13:29:57,781 - INFO - Epoch 40 : Training Loss: 10.3645801544, Validation Loss: 11.0593156815, Training R-squared: 0.4373650551, Validation R-squared: 0.3371611536
2023-11-24 13:30:03,759 - INFO - Epoch 41 : Training Loss: 10.3229188919, Validation Loss: 11.0482826233, Training R-squared: 0.4420003593, Validation R-squared: 0.3387708962
2023-11-24 13:30:09,644 - INFO - Epoch 42 : Training Loss: 10.2925338745, Validation Loss: 11.0244159698, Training R-squared: 0.4446424544, Validation R-squared: 0.3417667449
2023-11-24 13:30:15,704 - INFO - Epoch 43 : Training Loss: 10.2764329910, Validation Loss: 11.0152158737, Training R-squared: 0.4451397359, Validation R-squared: 0.3429663181
2023-11-24 13:30:21,826 - INFO - Epoch 44 : Training Loss: 10.2225637436, Validation Loss: 11.0264310837, Training R-squared: 0.4516882598, Validation R-squared: 0.3413017094
2023-11-24 13:30:27,818 - INFO - Epoch 45 : Training Loss: 10.1938829422, Validation Loss: 11.0171184540, Training R-squared: 0.4525296986, Validation R-squared: 0.3424906731
2023-11-24 13:30:33,765 - INFO - Epoch 46 : Training Loss: 10.1858396530, Validation Loss: 11.0744304657, Training R-squared: 0.4543730915, Validation R-squared: 0.3348245919
2023-11-24 13:30:39,668 - INFO - Epoch 47 : Training Loss: 10.1620445251, Validation Loss: 11.0280103683, Training R-squared: 0.4582715631, Validation R-squared: 0.3408334255
2023-11-24 13:30:45,624 - INFO - Epoch 48 : Training Loss: 10.1302890778, Validation Loss: 11.0078926086, Training R-squared: 0.4596184194, Validation R-squared: 0.3434632123
2023-11-24 13:30:51,333 - INFO - Epoch 49 : Training Loss: 10.1082391739, Validation Loss: 11.0285606384, Training R-squared: 0.4623294175, Validation R-squared: 0.3404473960
2023-11-24 13:30:57,172 - INFO - Epoch 50 : Training Loss: 10.0762910843, Validation Loss: 11.0395727158, Training R-squared: 0.4663860798, Validation R-squared: 0.3391757905
2023-11-24 13:31:03,442 - INFO - Epoch 51 : Training Loss: 10.0600681305, Validation Loss: 11.0115966797, Training R-squared: 0.4654032290, Validation R-squared: 0.3425686061
2023-11-24 13:31:09,339 - INFO - Epoch 52 : Training Loss: 10.0418043137, Validation Loss: 11.0225973129, Training R-squared: 0.4703117013, Validation R-squared: 0.3412091136
2023-11-24 13:31:15,461 - INFO - Epoch 53 : Training Loss: 10.0185623169, Validation Loss: 11.0124864578, Training R-squared: 0.4718793333, Validation R-squared: 0.3424565494
2023-11-24 13:31:26,296 - INFO - Model saved to models/portion_model/dinner/512_512_200_64/sparsity_75_fold_3_model.keras
2023-11-24 13:31:31,545 - INFO - Avg Metrics: RMSE: 9.0531771744, R-squared: -0.0695192006, PCC: 0.5410467490
2023-11-24 13:31:31,545 - INFO - Agg Metrics: RMSE: 11.1442495123, R-squared: 0.3418830852, PCC: 0.5899397258
2023-11-24 13:31:38,300 - INFO - ================================================================== Fold 4 ===================================================================
2023-11-24 13:31:46,865 - INFO - Epoch 1  : Training Loss: 13.4696626663, Validation Loss: 14.0223064423, Training R-squared: 0.0318040550, Validation R-squared: 0.0350866243
2023-11-24 13:31:52,984 - INFO - Epoch 2  : Training Loss: 13.2506237030, Validation Loss: 13.6171016693, Training R-squared: 0.0635736510, Validation R-squared: 0.0916611776
2023-11-24 13:31:58,912 - INFO - Epoch 3  : Training Loss: 12.8734235764, Validation Loss: 13.2794122696, Training R-squared: 0.1161751673, Validation R-squared: 0.1373193860
2023-11-24 13:32:04,992 - INFO - Epoch 4  : Training Loss: 12.2187061310, Validation Loss: 12.7636146545, Training R-squared: 0.2041488290, Validation R-squared: 0.2038918585
2023-11-24 13:32:10,973 - INFO - Epoch 5  : Training Loss: 11.9784011841, Validation Loss: 12.6763410568, Training R-squared: 0.2332949936, Validation R-squared: 0.2153528929
2023-11-24 13:32:17,287 - INFO - Epoch 6  : Training Loss: 11.8913164139, Validation Loss: 12.6399908066, Training R-squared: 0.2448075712, Validation R-squared: 0.2200343609
2023-11-24 13:32:23,250 - INFO - Epoch 7  : Training Loss: 11.8467006683, Validation Loss: 12.6093311310, Training R-squared: 0.2518506348, Validation R-squared: 0.2240108401
2023-11-24 13:32:29,104 - INFO - Epoch 8  : Training Loss: 11.7846307755, Validation Loss: 12.5383424759, Training R-squared: 0.2579645813, Validation R-squared: 0.2328011394
2023-11-24 13:32:35,143 - INFO - Epoch 9  : Training Loss: 11.6928091049, Validation Loss: 12.4132137299, Training R-squared: 0.2707901597, Validation R-squared: 0.2478841096
2023-11-24 13:32:41,052 - INFO - Epoch 10 : Training Loss: 11.5826683044, Validation Loss: 12.3152513504, Training R-squared: 0.2849581242, Validation R-squared: 0.2595970929
2023-11-24 13:32:46,924 - INFO - Epoch 11 : Training Loss: 11.5018224716, Validation Loss: 12.2671937943, Training R-squared: 0.2955303490, Validation R-squared: 0.2649412453
2023-11-24 13:32:52,974 - INFO - Epoch 12 : Training Loss: 11.4625940323, Validation Loss: 12.2281732559, Training R-squared: 0.2979140878, Validation R-squared: 0.2700502872
2023-11-24 13:32:59,040 - INFO - Epoch 13 : Training Loss: 11.4092597961, Validation Loss: 12.1991376877, Training R-squared: 0.3023619652, Validation R-squared: 0.2728860676
2023-11-24 13:33:05,077 - INFO - Epoch 14 : Training Loss: 11.3483085632, Validation Loss: 12.1757860184, Training R-squared: 0.3096739650, Validation R-squared: 0.2762743533
2023-11-24 13:33:11,043 - INFO - Epoch 15 : Training Loss: 11.2960157394, Validation Loss: 12.1393804550, Training R-squared: 0.3157148957, Validation R-squared: 0.2804065645
2023-11-24 13:33:17,388 - INFO - Epoch 16 : Training Loss: 11.2586965561, Validation Loss: 12.1133146286, Training R-squared: 0.3182606995, Validation R-squared: 0.2834866643
2023-11-24 13:33:23,503 - INFO - Epoch 17 : Training Loss: 11.2122402191, Validation Loss: 12.0745649338, Training R-squared: 0.3278958797, Validation R-squared: 0.2881718576
2023-11-24 13:33:29,309 - INFO - Epoch 18 : Training Loss: 11.1572217941, Validation Loss: 12.0339956284, Training R-squared: 0.3348312676, Validation R-squared: 0.2927475274
2023-11-24 13:33:35,241 - INFO - Epoch 19 : Training Loss: 11.0839061737, Validation Loss: 11.9999256134, Training R-squared: 0.3415591121, Validation R-squared: 0.2968660295
2023-11-24 13:33:41,067 - INFO - Epoch 20 : Training Loss: 11.0487270355, Validation Loss: 11.9533872604, Training R-squared: 0.3475511372, Validation R-squared: 0.3023581207
2023-11-24 13:33:47,354 - INFO - Epoch 21 : Training Loss: 10.9875116348, Validation Loss: 11.9129314423, Training R-squared: 0.3536521494, Validation R-squared: 0.3067857325
2023-11-24 13:33:53,968 - INFO - Epoch 22 : Training Loss: 10.9231977463, Validation Loss: 11.8637161255, Training R-squared: 0.3624319732, Validation R-squared: 0.3123987019
2023-11-24 13:34:00,313 - INFO - Epoch 23 : Training Loss: 10.8711757660, Validation Loss: 11.8211126328, Training R-squared: 0.3666991889, Validation R-squared: 0.3172875941
2023-11-24 13:34:06,258 - INFO - Epoch 24 : Training Loss: 10.7926263809, Validation Loss: 11.7532806396, Training R-squared: 0.3789730668, Validation R-squared: 0.3250910640
2023-11-24 13:34:12,065 - INFO - Epoch 25 : Training Loss: 10.7440481186, Validation Loss: 11.6991615295, Training R-squared: 0.3836169541, Validation R-squared: 0.3306984901
2023-11-24 13:34:18,325 - INFO - Epoch 26 : Training Loss: 10.6611013412, Validation Loss: 11.6677341461, Training R-squared: 0.3907147944, Validation R-squared: 0.3345938325
2023-11-24 13:34:24,194 - INFO - Epoch 27 : Training Loss: 10.6252889633, Validation Loss: 11.6134872437, Training R-squared: 0.3956105113, Validation R-squared: 0.3402263522
2023-11-24 13:34:30,070 - INFO - Epoch 28 : Training Loss: 10.5767889023, Validation Loss: 11.6066150665, Training R-squared: 0.4002048075, Validation R-squared: 0.3407218456
2023-11-24 13:34:35,985 - INFO - Epoch 29 : Training Loss: 10.5474967957, Validation Loss: 11.5774431229, Training R-squared: 0.4034602940, Validation R-squared: 0.3442259133
2023-11-24 13:34:41,886 - INFO - Epoch 30 : Training Loss: 10.5003623962, Validation Loss: 11.5583839417, Training R-squared: 0.4077649117, Validation R-squared: 0.3463896811
2023-11-24 13:34:47,920 - INFO - Epoch 31 : Training Loss: 10.4605865479, Validation Loss: 11.5318927765, Training R-squared: 0.4138384461, Validation R-squared: 0.3493918777
2023-11-24 13:34:54,284 - INFO - Epoch 32 : Training Loss: 10.4271450043, Validation Loss: 11.5252761841, Training R-squared: 0.4173857868, Validation R-squared: 0.3499588370
2023-11-24 13:35:00,513 - INFO - Epoch 33 : Training Loss: 10.3938331604, Validation Loss: 11.5211210251, Training R-squared: 0.4189389348, Validation R-squared: 0.3502050340
2023-11-24 13:35:06,540 - INFO - Epoch 34 : Training Loss: 10.3764076233, Validation Loss: 11.5073890686, Training R-squared: 0.4219697714, Validation R-squared: 0.3519677818
2023-11-24 13:35:12,360 - INFO - Epoch 35 : Training Loss: 10.3473672867, Validation Loss: 11.4833717346, Training R-squared: 0.4243878424, Validation R-squared: 0.3548217714
2023-11-24 13:35:18,596 - INFO - Epoch 36 : Training Loss: 10.3120851517, Validation Loss: 11.4794998169, Training R-squared: 0.4295198917, Validation R-squared: 0.3550507128
2023-11-24 13:35:24,442 - INFO - Epoch 37 : Training Loss: 10.2817058563, Validation Loss: 11.4594736099, Training R-squared: 0.4328123927, Validation R-squared: 0.3576351106
2023-11-24 13:35:30,368 - INFO - Epoch 38 : Training Loss: 10.2421798706, Validation Loss: 11.4557781219, Training R-squared: 0.4364764690, Validation R-squared: 0.3573451936
2023-11-24 13:35:36,174 - INFO - Epoch 39 : Training Loss: 10.2180099487, Validation Loss: 11.4563808441, Training R-squared: 0.4393745959, Validation R-squared: 0.3577032387
2023-11-24 13:35:42,034 - INFO - Epoch 40 : Training Loss: 10.1891202927, Validation Loss: 11.4326057434, Training R-squared: 0.4404491186, Validation R-squared: 0.3602502346
2023-11-24 13:35:48,055 - INFO - Epoch 41 : Training Loss: 10.1744804382, Validation Loss: 11.4343585968, Training R-squared: 0.4444372356, Validation R-squared: 0.3600725532
2023-11-24 13:35:54,059 - INFO - Epoch 42 : Training Loss: 10.1456575394, Validation Loss: 11.4126796722, Training R-squared: 0.4490262270, Validation R-squared: 0.3625403941
2023-11-24 13:36:00,041 - INFO - Epoch 43 : Training Loss: 10.1214885712, Validation Loss: 11.4144659042, Training R-squared: 0.4508862793, Validation R-squared: 0.3625820577
2023-11-24 13:36:06,152 - INFO - Epoch 44 : Training Loss: 10.0911130905, Validation Loss: 11.4067058563, Training R-squared: 0.4517710805, Validation R-squared: 0.3631468713
2023-11-24 13:36:11,924 - INFO - Epoch 45 : Training Loss: 10.0713233948, Validation Loss: 11.4470787048, Training R-squared: 0.4547359943, Validation R-squared: 0.3577409387
2023-11-24 13:36:18,159 - INFO - Epoch 46 : Training Loss: 10.0580043793, Validation Loss: 11.4065742493, Training R-squared: 0.4563550949, Validation R-squared: 0.3628855050
2023-11-24 13:36:24,133 - INFO - Epoch 47 : Training Loss: 10.0367631912, Validation Loss: 11.3836297989, Training R-squared: 0.4580152035, Validation R-squared: 0.3658340871
2023-11-24 13:36:30,025 - INFO - Epoch 48 : Training Loss: 10.0123958588, Validation Loss: 11.3949117661, Training R-squared: 0.4595223367, Validation R-squared: 0.3645931780
2023-11-24 13:36:35,967 - INFO - Epoch 49 : Training Loss: 9.9893627167, Validation Loss: 11.4003982544, Training R-squared: 0.4637194574, Validation R-squared: 0.3633253574
2023-11-24 13:36:41,860 - INFO - Epoch 50 : Training Loss: 9.9688739777, Validation Loss: 11.3736324310, Training R-squared: 0.4645627439, Validation R-squared: 0.3666841686
2023-11-24 13:36:47,738 - INFO - Epoch 51 : Training Loss: 9.9213600159, Validation Loss: 11.3527774811, Training R-squared: 0.4704584479, Validation R-squared: 0.3693002164
2023-11-24 13:36:53,816 - INFO - Epoch 52 : Training Loss: 9.9309997559, Validation Loss: 11.3616056442, Training R-squared: 0.4692195654, Validation R-squared: 0.3676508069
2023-11-24 13:36:59,736 - INFO - Epoch 53 : Training Loss: 9.9074382782, Validation Loss: 11.3969640732, Training R-squared: 0.4715827405, Validation R-squared: 0.3632940948
2023-11-24 13:37:05,842 - INFO - Epoch 54 : Training Loss: 9.8696022034, Validation Loss: 11.3669557571, Training R-squared: 0.4750283360, Validation R-squared: 0.3669885397
2023-11-24 13:37:11,679 - INFO - Epoch 55 : Training Loss: 9.8706855774, Validation Loss: 11.3836259842, Training R-squared: 0.4760085642, Validation R-squared: 0.3650930822
2023-11-24 13:37:18,069 - INFO - Epoch 56 : Training Loss: 9.8328495026, Validation Loss: 11.3545055389, Training R-squared: 0.4780279994, Validation R-squared: 0.3685057759
2023-11-24 13:37:28,724 - INFO - Model saved to models/portion_model/dinner/512_512_200_64/sparsity_75_fold_4_model.keras
2023-11-24 13:37:33,847 - INFO - Avg Metrics: RMSE: 9.0917078343, R-squared: -0.0357236144, PCC: 0.5479639592
2023-11-24 13:37:33,847 - INFO - Agg Metrics: RMSE: 11.6850108887, R-squared: 0.3545212563, PCC: 0.5954933825
2023-11-24 13:37:41,056 - INFO - ================================================================== Fold 5 ===================================================================
2023-11-24 13:37:49,344 - INFO - Epoch 1  : Training Loss: 13.6038761139, Validation Loss: 13.4430732727, Training R-squared: 0.0298905782, Validation R-squared: 0.0394709967
2023-11-24 13:37:55,330 - INFO - Epoch 2  : Training Loss: 13.4226131439, Validation Loss: 13.0552434921, Training R-squared: 0.0601211637, Validation R-squared: 0.0945858285
2023-11-24 13:38:01,320 - INFO - Epoch 3  : Training Loss: 13.0554876328, Validation Loss: 12.7826433182, Training R-squared: 0.1097160056, Validation R-squared: 0.1321965009
2023-11-24 13:38:07,260 - INFO - Epoch 4  : Training Loss: 12.4783630371, Validation Loss: 12.1230268478, Training R-squared: 0.1870717406, Validation R-squared: 0.2196696401
2023-11-24 13:38:13,257 - INFO - Epoch 5  : Training Loss: 12.1673049927, Validation Loss: 12.0471220016, Training R-squared: 0.2256955951, Validation R-squared: 0.2299149930
2023-11-24 13:38:19,338 - INFO - Epoch 6  : Training Loss: 12.0850200653, Validation Loss: 11.9827346802, Training R-squared: 0.2368157804, Validation R-squared: 0.2379784286
2023-11-24 13:38:25,322 - INFO - Epoch 7  : Training Loss: 12.0148410797, Validation Loss: 11.9468994141, Training R-squared: 0.2458697706, Validation R-squared: 0.2425400317
2023-11-24 13:38:31,216 - INFO - Epoch 8  : Training Loss: 11.9538221359, Validation Loss: 11.9034576416, Training R-squared: 0.2539523542, Validation R-squared: 0.2477883697
2023-11-24 13:38:37,047 - INFO - Epoch 9  : Training Loss: 11.8986797333, Validation Loss: 11.8215389252, Training R-squared: 0.2617084980, Validation R-squared: 0.2579443157
2023-11-24 13:38:42,891 - INFO - Epoch 10 : Training Loss: 11.7655181885, Validation Loss: 11.7314090729, Training R-squared: 0.2774599791, Validation R-squared: 0.2688394785
2023-11-24 13:38:48,916 - INFO - Epoch 11 : Training Loss: 11.6249504089, Validation Loss: 11.6405954361, Training R-squared: 0.2924681902, Validation R-squared: 0.2801116109
2023-11-24 13:38:54,849 - INFO - Epoch 12 : Training Loss: 11.5229778290, Validation Loss: 11.5887498856, Training R-squared: 0.3035034239, Validation R-squared: 0.2866404355
2023-11-24 13:39:00,928 - INFO - Epoch 13 : Training Loss: 11.4583721161, Validation Loss: 11.5609388351, Training R-squared: 0.3130910099, Validation R-squared: 0.2895420492
2023-11-24 13:39:06,995 - INFO - Epoch 14 : Training Loss: 11.3955039978, Validation Loss: 11.5245676041, Training R-squared: 0.3216098547, Validation R-squared: 0.2942349613
2023-11-24 13:39:12,968 - INFO - Epoch 15 : Training Loss: 11.3342733383, Validation Loss: 11.5079030991, Training R-squared: 0.3251660466, Validation R-squared: 0.2960794270
2023-11-24 13:39:19,259 - INFO - Epoch 16 : Training Loss: 11.2695341110, Validation Loss: 11.4826011658, Training R-squared: 0.3349498510, Validation R-squared: 0.2995826900
2023-11-24 13:39:25,183 - INFO - Epoch 17 : Training Loss: 11.2285966873, Validation Loss: 11.4650564194, Training R-squared: 0.3389514685, Validation R-squared: 0.3015844822
2023-11-24 13:39:31,219 - INFO - Epoch 18 : Training Loss: 11.1721019745, Validation Loss: 11.4463443756, Training R-squared: 0.3454746902, Validation R-squared: 0.3035363853
2023-11-24 13:39:36,978 - INFO - Epoch 19 : Training Loss: 11.1158180237, Validation Loss: 11.4124526978, Training R-squared: 0.3530626297, Validation R-squared: 0.3077303767
2023-11-24 13:39:42,743 - INFO - Epoch 20 : Training Loss: 11.0703868866, Validation Loss: 11.3824901581, Training R-squared: 0.3574995697, Validation R-squared: 0.3114413619
2023-11-24 13:39:48,731 - INFO - Epoch 21 : Training Loss: 11.0109901428, Validation Loss: 11.3649721146, Training R-squared: 0.3650696278, Validation R-squared: 0.3132612407
2023-11-24 13:39:54,557 - INFO - Epoch 22 : Training Loss: 10.9706058502, Validation Loss: 11.3200531006, Training R-squared: 0.3691258729, Validation R-squared: 0.3188261688
2023-11-24 13:40:00,537 - INFO - Epoch 23 : Training Loss: 10.9119663239, Validation Loss: 11.3025674820, Training R-squared: 0.3758715689, Validation R-squared: 0.3207454383
2023-11-24 13:40:06,549 - INFO - Epoch 24 : Training Loss: 10.8527898788, Validation Loss: 11.2696762085, Training R-squared: 0.3803894520, Validation R-squared: 0.3246743679
2023-11-24 13:40:12,469 - INFO - Epoch 25 : Training Loss: 10.8093538284, Validation Loss: 11.2545661926, Training R-squared: 0.3868431151, Validation R-squared: 0.3262649477
2023-11-24 13:40:18,886 - INFO - Epoch 26 : Training Loss: 10.7529907227, Validation Loss: 11.2568035126, Training R-squared: 0.3936351836, Validation R-squared: 0.3258611858
2023-11-24 13:40:24,692 - INFO - Epoch 27 : Training Loss: 10.7101001740, Validation Loss: 11.2522373199, Training R-squared: 0.3968095183, Validation R-squared: 0.3264487088
2023-11-24 13:40:30,585 - INFO - Epoch 28 : Training Loss: 10.6810350418, Validation Loss: 11.2250280380, Training R-squared: 0.3991062045, Validation R-squared: 0.3298923373
2023-11-24 13:40:36,434 - INFO - Epoch 29 : Training Loss: 10.6415262222, Validation Loss: 11.2287464142, Training R-squared: 0.4057867229, Validation R-squared: 0.3290605545
2023-11-24 13:40:42,333 - INFO - Epoch 30 : Training Loss: 10.6041736603, Validation Loss: 11.1905975342, Training R-squared: 0.4090620875, Validation R-squared: 0.3338549733
2023-11-24 13:40:48,396 - INFO - Epoch 31 : Training Loss: 10.5696344376, Validation Loss: 11.1967906952, Training R-squared: 0.4129105210, Validation R-squared: 0.3326815367
2023-11-24 13:40:54,384 - INFO - Epoch 32 : Training Loss: 10.5274801254, Validation Loss: 11.1617116928, Training R-squared: 0.4174723029, Validation R-squared: 0.3374908268
2023-11-24 13:41:00,400 - INFO - Epoch 33 : Training Loss: 10.4977750778, Validation Loss: 11.1355257034, Training R-squared: 0.4183426499, Validation R-squared: 0.3402839601
2023-11-24 13:41:06,395 - INFO - Epoch 34 : Training Loss: 10.4544582367, Validation Loss: 11.1575956345, Training R-squared: 0.4232751429, Validation R-squared: 0.3376431465
2023-11-24 13:41:12,371 - INFO - Epoch 35 : Training Loss: 10.4529275894, Validation Loss: 11.1488275528, Training R-squared: 0.4270400405, Validation R-squared: 0.3385858536
2023-11-24 13:41:19,139 - INFO - Epoch 36 : Training Loss: 10.4098358154, Validation Loss: 11.1414899826, Training R-squared: 0.4299205542, Validation R-squared: 0.3398604393
2023-11-24 13:41:25,290 - INFO - Epoch 37 : Training Loss: 10.3769416809, Validation Loss: 11.1375102997, Training R-squared: 0.4338995218, Validation R-squared: 0.3396541476
2023-11-24 13:41:31,375 - INFO - Epoch 38 : Training Loss: 10.3484916687, Validation Loss: 11.1358413696, Training R-squared: 0.4364604354, Validation R-squared: 0.3399628699
2023-11-24 13:41:42,032 - INFO - Model saved to models/portion_model/dinner/512_512_200_64/sparsity_75_fold_5_model.keras
2023-11-24 13:41:46,874 - INFO - Avg Metrics: RMSE: 9.1973192336, R-squared: -0.0688406304, PCC: 0.5003499517
2023-11-24 13:41:46,875 - INFO - Agg Metrics: RMSE: 11.2855832373, R-squared: 0.3369123543, PCC: 0.5820834761
2023-11-24 13:41:56,161 - INFO - ================================================================== Results Summary ===================================================================
2023-11-24 13:41:56,161 - INFO - CrossVal Metrics (Avg.) - RMSE: 9.1060853104 ± 0.0482401582, R2: -0.1365705404 ± 0.0482401582, PCC: 0.5306074395 ± 0.0482401582
2023-11-24 13:41:56,161 - INFO - Testing  Metrics (Avg.) - RMSE: 8.6754471613, R2: -0.1310658735, PCC: 0.5286339320
2023-11-24 13:41:56,162 - INFO - CrossVal Metrics (Agg.) - RMSE: 11.2758072270 ± 0.0482401582, R2: 0.3471580165 ± 0.0482401582, PCC: 0.5915951790 ± 0.0482401582
2023-11-24 13:41:56,162 - INFO - Testing  Metrics (Agg.) - RMSE: 10.5258244776, R2: 0.3690816934, PCC: 0.6097216874
