2023-11-24 14:03:25,100 - INFO - Training model at 85% sparse columns removed...
2023-11-24 14:03:30,929 - INFO - ================================================================== Fold 1 ===================================================================
2023-11-24 14:03:35,094 - INFO - Epoch 1  : Training Loss: 17.2173767090, Validation Loss: 16.9256744385, Training R-squared: 0.0306882504, Validation R-squared: 0.0360993594
2023-11-24 14:03:37,571 - INFO - Epoch 2  : Training Loss: 17.0949249268, Validation Loss: 16.7439517975, Training R-squared: 0.0418576822, Validation R-squared: 0.0570777692
2023-11-24 14:03:39,927 - INFO - Epoch 3  : Training Loss: 16.7718715668, Validation Loss: 16.2763042450, Training R-squared: 0.0794739053, Validation R-squared: 0.1098443642
2023-11-24 14:03:42,359 - INFO - Epoch 4  : Training Loss: 16.2023906708, Validation Loss: 15.4626216888, Training R-squared: 0.1421324164, Validation R-squared: 0.1979457438
2023-11-24 14:03:45,123 - INFO - Epoch 5  : Training Loss: 15.4648199081, Validation Loss: 15.1500368118, Training R-squared: 0.2210209370, Validation R-squared: 0.2302278280
2023-11-24 14:03:47,955 - INFO - Epoch 6  : Training Loss: 15.2915935516, Validation Loss: 15.0372858047, Training R-squared: 0.2371123135, Validation R-squared: 0.2417758852
2023-11-24 14:03:50,584 - INFO - Epoch 7  : Training Loss: 15.1753444672, Validation Loss: 14.9610633850, Training R-squared: 0.2496658117, Validation R-squared: 0.2496868223
2023-11-24 14:03:53,423 - INFO - Epoch 8  : Training Loss: 15.0839815140, Validation Loss: 14.9087133408, Training R-squared: 0.2581017315, Validation R-squared: 0.2546162903
2023-11-24 14:03:55,931 - INFO - Epoch 9  : Training Loss: 14.9933900833, Validation Loss: 14.8156499863, Training R-squared: 0.2666271329, Validation R-squared: 0.2633641362
2023-11-24 14:03:58,532 - INFO - Epoch 10 : Training Loss: 14.8712959290, Validation Loss: 14.6936664581, Training R-squared: 0.2781272829, Validation R-squared: 0.2747988105
2023-11-24 14:04:00,923 - INFO - Epoch 11 : Training Loss: 14.7397136688, Validation Loss: 14.6229324341, Training R-squared: 0.2893401384, Validation R-squared: 0.2809086144
2023-11-24 14:04:03,442 - INFO - Epoch 12 : Training Loss: 14.6697788239, Validation Loss: 14.5656900406, Training R-squared: 0.2975618243, Validation R-squared: 0.2860047221
2023-11-24 14:04:05,868 - INFO - Epoch 13 : Training Loss: 14.5805912018, Validation Loss: 14.5108537674, Training R-squared: 0.3048671484, Validation R-squared: 0.2913796604
2023-11-24 14:04:08,363 - INFO - Epoch 14 : Training Loss: 14.5196952820, Validation Loss: 14.4756002426, Training R-squared: 0.3102457821, Validation R-squared: 0.2948155701
2023-11-24 14:04:10,690 - INFO - Epoch 15 : Training Loss: 14.4727573395, Validation Loss: 14.4381103516, Training R-squared: 0.3148600161, Validation R-squared: 0.2979380786
2023-11-24 14:04:13,205 - INFO - Epoch 16 : Training Loss: 14.3826627731, Validation Loss: 14.3885297775, Training R-squared: 0.3229972124, Validation R-squared: 0.3029432893
2023-11-24 14:04:15,499 - INFO - Epoch 17 : Training Loss: 14.3006401062, Validation Loss: 14.3708381653, Training R-squared: 0.3299052119, Validation R-squared: 0.3042024672
2023-11-24 14:04:18,193 - INFO - Epoch 18 : Training Loss: 14.2335672379, Validation Loss: 14.2742538452, Training R-squared: 0.3361724317, Validation R-squared: 0.3136666119
2023-11-24 14:04:20,520 - INFO - Epoch 19 : Training Loss: 14.1134939194, Validation Loss: 14.2153310776, Training R-squared: 0.3445104659, Validation R-squared: 0.3192322850
2023-11-24 14:04:23,006 - INFO - Epoch 20 : Training Loss: 14.0258970261, Validation Loss: 14.1561861038, Training R-squared: 0.3554128110, Validation R-squared: 0.3246275485
2023-11-24 14:04:25,343 - INFO - Epoch 21 : Training Loss: 13.9202003479, Validation Loss: 14.0955610275, Training R-squared: 0.3636420667, Validation R-squared: 0.3305199742
2023-11-24 14:04:27,788 - INFO - Epoch 22 : Training Loss: 13.8669309616, Validation Loss: 14.0618677139, Training R-squared: 0.3690646589, Validation R-squared: 0.3333294094
2023-11-24 14:04:30,257 - INFO - Epoch 23 : Training Loss: 13.7758464813, Validation Loss: 13.9991769791, Training R-squared: 0.3775990307, Validation R-squared: 0.3392645419
2023-11-24 14:04:32,906 - INFO - Epoch 24 : Training Loss: 13.7258806229, Validation Loss: 13.9618368149, Training R-squared: 0.3830499053, Validation R-squared: 0.3427371681
2023-11-24 14:04:35,240 - INFO - Epoch 25 : Training Loss: 13.6506900787, Validation Loss: 13.9264707565, Training R-squared: 0.3887757957, Validation R-squared: 0.3461002409
2023-11-24 14:04:37,803 - INFO - Epoch 26 : Training Loss: 13.5516576767, Validation Loss: 13.8791017532, Training R-squared: 0.3961036503, Validation R-squared: 0.3503413796
2023-11-24 14:04:40,134 - INFO - Epoch 27 : Training Loss: 13.5231266022, Validation Loss: 13.8388509750, Training R-squared: 0.3984731436, Validation R-squared: 0.3540195525
2023-11-24 14:04:42,596 - INFO - Epoch 28 : Training Loss: 13.4537487030, Validation Loss: 13.7987213135, Training R-squared: 0.4048445523, Validation R-squared: 0.3578952551
2023-11-24 14:04:44,997 - INFO - Epoch 29 : Training Loss: 13.4123716354, Validation Loss: 13.7594766617, Training R-squared: 0.4092327058, Validation R-squared: 0.3616333306
2023-11-24 14:04:47,453 - INFO - Epoch 30 : Training Loss: 13.3375148773, Validation Loss: 13.7265520096, Training R-squared: 0.4131042659, Validation R-squared: 0.3647478819
2023-11-24 14:04:49,866 - INFO - Epoch 31 : Training Loss: 13.2904834747, Validation Loss: 13.7090482712, Training R-squared: 0.4191608429, Validation R-squared: 0.3662290275
2023-11-24 14:04:52,453 - INFO - Epoch 32 : Training Loss: 13.2791891098, Validation Loss: 13.6759052277, Training R-squared: 0.4227429926, Validation R-squared: 0.3691917956
2023-11-24 14:04:54,857 - INFO - Epoch 33 : Training Loss: 13.2339143753, Validation Loss: 13.6490926743, Training R-squared: 0.4265704751, Validation R-squared: 0.3715767860
2023-11-24 14:04:57,290 - INFO - Epoch 34 : Training Loss: 13.1720743179, Validation Loss: 13.6242265701, Training R-squared: 0.4300258458, Validation R-squared: 0.3739289939
2023-11-24 14:04:59,772 - INFO - Epoch 35 : Training Loss: 13.1159582138, Validation Loss: 13.6110668182, Training R-squared: 0.4339461625, Validation R-squared: 0.3750407398
2023-11-24 14:05:02,242 - INFO - Epoch 36 : Training Loss: 13.0962848663, Validation Loss: 13.5791873932, Training R-squared: 0.4369353652, Validation R-squared: 0.3780018687
2023-11-24 14:05:04,686 - INFO - Epoch 37 : Training Loss: 13.0521564484, Validation Loss: 13.5769424438, Training R-squared: 0.4405177236, Validation R-squared: 0.3781226277
2023-11-24 14:05:07,135 - INFO - Epoch 38 : Training Loss: 13.0240383148, Validation Loss: 13.5675325394, Training R-squared: 0.4444430470, Validation R-squared: 0.3790114820
2023-11-24 14:05:09,570 - INFO - Epoch 39 : Training Loss: 12.9734153748, Validation Loss: 13.5383596420, Training R-squared: 0.4484728873, Validation R-squared: 0.3819805086
2023-11-24 14:05:11,995 - INFO - Epoch 40 : Training Loss: 12.9437484741, Validation Loss: 13.5179376602, Training R-squared: 0.4495820999, Validation R-squared: 0.3836836815
2023-11-24 14:05:14,657 - INFO - Epoch 41 : Training Loss: 12.8989477158, Validation Loss: 13.4992685318, Training R-squared: 0.4531877339, Validation R-squared: 0.3855641484
2023-11-24 14:05:17,255 - INFO - Epoch 42 : Training Loss: 12.8847856522, Validation Loss: 13.4989109039, Training R-squared: 0.4535854459, Validation R-squared: 0.3857926726
2023-11-24 14:05:19,716 - INFO - Epoch 43 : Training Loss: 12.8250799179, Validation Loss: 13.4959316254, Training R-squared: 0.4575957954, Validation R-squared: 0.3856339753
2023-11-24 14:05:22,150 - INFO - Epoch 44 : Training Loss: 12.8031005859, Validation Loss: 13.4740562439, Training R-squared: 0.4593002498, Validation R-squared: 0.3877284229
2023-11-24 14:05:24,657 - INFO - Epoch 45 : Training Loss: 12.7736845016, Validation Loss: 13.4757909775, Training R-squared: 0.4640108943, Validation R-squared: 0.3874482512
2023-11-24 14:05:27,074 - INFO - Epoch 46 : Training Loss: 12.7242794037, Validation Loss: 13.4665250778, Training R-squared: 0.4653184712, Validation R-squared: 0.3885400593
2023-11-24 14:05:29,503 - INFO - Epoch 47 : Training Loss: 12.7102937698, Validation Loss: 13.4995832443, Training R-squared: 0.4679342806, Validation R-squared: 0.3852232099
2023-11-24 14:05:32,008 - INFO - Epoch 48 : Training Loss: 12.6817007065, Validation Loss: 13.4325733185, Training R-squared: 0.4721883237, Validation R-squared: 0.3916399479
2023-11-24 14:05:34,429 - INFO - Epoch 49 : Training Loss: 12.6617536545, Validation Loss: 13.4351940155, Training R-squared: 0.4733044505, Validation R-squared: 0.3912883401
2023-11-24 14:05:36,863 - INFO - Epoch 50 : Training Loss: 12.6141624451, Validation Loss: 13.4520111084, Training R-squared: 0.4779568017, Validation R-squared: 0.3895814717
2023-11-24 14:05:39,352 - INFO - Epoch 51 : Training Loss: 12.5973367691, Validation Loss: 13.4329175949, Training R-squared: 0.4784757197, Validation R-squared: 0.3915711939
2023-11-24 14:05:41,761 - INFO - Epoch 52 : Training Loss: 12.5720443726, Validation Loss: 13.4533491135, Training R-squared: 0.4803662002, Validation R-squared: 0.3892148137
2023-11-24 14:05:44,187 - INFO - Epoch 53 : Training Loss: 12.5248222351, Validation Loss: 13.4081573486, Training R-squared: 0.4842671156, Validation R-squared: 0.3937995136
2023-11-24 14:05:46,711 - INFO - Epoch 54 : Training Loss: 12.5209379196, Validation Loss: 13.4122409821, Training R-squared: 0.4825223088, Validation R-squared: 0.3932114244
2023-11-24 14:05:49,136 - INFO - Epoch 55 : Training Loss: 12.4644441605, Validation Loss: 13.4509077072, Training R-squared: 0.4865496159, Validation R-squared: 0.3895320296
2023-11-24 14:05:51,632 - INFO - Epoch 56 : Training Loss: 12.4609909058, Validation Loss: 13.4023666382, Training R-squared: 0.4898588657, Validation R-squared: 0.3941440284
2023-11-24 14:05:54,107 - INFO - Epoch 57 : Training Loss: 12.4394216537, Validation Loss: 13.4062223434, Training R-squared: 0.4908386767, Validation R-squared: 0.3937306702
2023-11-24 14:05:56,552 - INFO - Epoch 58 : Training Loss: 12.3970890045, Validation Loss: 13.4275951385, Training R-squared: 0.4921072721, Validation R-squared: 0.3916813731
2023-11-24 14:05:59,020 - INFO - Epoch 59 : Training Loss: 12.3625869751, Validation Loss: 13.4133100510, Training R-squared: 0.4957702458, Validation R-squared: 0.3930311799
2023-11-24 14:06:01,474 - INFO - Epoch 60 : Training Loss: 12.3073740005, Validation Loss: 13.4303359985, Training R-squared: 0.5001900792, Validation R-squared: 0.3914447427
2023-11-24 14:06:03,910 - INFO - Epoch 61 : Training Loss: 12.3213891983, Validation Loss: 13.4190721512, Training R-squared: 0.5007693172, Validation R-squared: 0.3921784461
2023-11-24 14:06:09,995 - INFO - Model saved to models/portion_model/dinner/512_512_200_64/sparsity_85_fold_1_model.keras
2023-11-24 14:06:13,923 - INFO - Avg Metrics: RMSE: 11.0256465579, R-squared: -0.2749493254, PCC: 0.5828233254
2023-11-24 14:06:13,923 - INFO - Agg Metrics: RMSE: 13.5871212721, R-squared: 0.3905449775, PCC: 0.6272232827
2023-11-24 14:06:20,517 - INFO - ================================================================== Fold 2 ===================================================================
2023-11-24 14:06:24,762 - INFO - Epoch 1  : Training Loss: 17.0143852234, Validation Loss: 17.7543678284, Training R-squared: 0.0307618249, Validation R-squared: 0.0349209979
2023-11-24 14:06:27,175 - INFO - Epoch 2  : Training Loss: 16.8791294098, Validation Loss: 17.5584030151, Training R-squared: 0.0459926054, Validation R-squared: 0.0564501770
2023-11-24 14:06:29,628 - INFO - Epoch 3  : Training Loss: 16.5893211365, Validation Loss: 17.1319923401, Training R-squared: 0.0786899701, Validation R-squared: 0.1026799604
2023-11-24 14:06:32,073 - INFO - Epoch 4  : Training Loss: 15.9836750031, Validation Loss: 16.2888755798, Training R-squared: 0.1467639357, Validation R-squared: 0.1901663244
2023-11-24 14:06:34,576 - INFO - Epoch 5  : Training Loss: 15.2849721909, Validation Loss: 15.9990148544, Training R-squared: 0.2196421623, Validation R-squared: 0.2197666317
2023-11-24 14:06:37,012 - INFO - Epoch 6  : Training Loss: 15.0773353577, Validation Loss: 15.8831262589, Training R-squared: 0.2393645197, Validation R-squared: 0.2310636938
2023-11-24 14:06:39,563 - INFO - Epoch 7  : Training Loss: 14.9547519684, Validation Loss: 15.8003473282, Training R-squared: 0.2516404390, Validation R-squared: 0.2392337024
2023-11-24 14:06:41,979 - INFO - Epoch 8  : Training Loss: 14.9153757095, Validation Loss: 15.7654371262, Training R-squared: 0.2564367950, Validation R-squared: 0.2427314669
2023-11-24 14:06:44,482 - INFO - Epoch 9  : Training Loss: 14.8332710266, Validation Loss: 15.7141971588, Training R-squared: 0.2625380158, Validation R-squared: 0.2475717664
2023-11-24 14:06:46,917 - INFO - Epoch 10 : Training Loss: 14.7685232162, Validation Loss: 15.6236448288, Training R-squared: 0.2705281973, Validation R-squared: 0.2561528087
2023-11-24 14:06:49,360 - INFO - Epoch 11 : Training Loss: 14.6350240707, Validation Loss: 15.4982652664, Training R-squared: 0.2837507129, Validation R-squared: 0.2679245770
2023-11-24 14:06:51,921 - INFO - Epoch 12 : Training Loss: 14.5082511902, Validation Loss: 15.3891515732, Training R-squared: 0.2961082757, Validation R-squared: 0.2778525352
2023-11-24 14:06:54,348 - INFO - Epoch 13 : Training Loss: 14.4059581757, Validation Loss: 15.3208227158, Training R-squared: 0.3048434556, Validation R-squared: 0.2840324044
2023-11-24 14:06:56,785 - INFO - Epoch 14 : Training Loss: 14.3321723938, Validation Loss: 15.2812738419, Training R-squared: 0.3107777238, Validation R-squared: 0.2876116931
2023-11-24 14:06:59,328 - INFO - Epoch 15 : Training Loss: 14.2688150406, Validation Loss: 15.2373504639, Training R-squared: 0.3172888756, Validation R-squared: 0.2915929556
2023-11-24 14:07:01,782 - INFO - Epoch 16 : Training Loss: 14.2116146088, Validation Loss: 15.2133560181, Training R-squared: 0.3239780366, Validation R-squared: 0.2941088676
2023-11-24 14:07:04,248 - INFO - Epoch 17 : Training Loss: 14.1171436310, Validation Loss: 15.1492223740, Training R-squared: 0.3300735950, Validation R-squared: 0.2999656796
2023-11-24 14:07:06,742 - INFO - Epoch 18 : Training Loss: 14.0696954727, Validation Loss: 15.0970239639, Training R-squared: 0.3362928331, Validation R-squared: 0.3047273755
2023-11-24 14:07:09,166 - INFO - Epoch 19 : Training Loss: 13.9699459076, Validation Loss: 15.0435438156, Training R-squared: 0.3454794884, Validation R-squared: 0.3096604943
2023-11-24 14:07:11,584 - INFO - Epoch 20 : Training Loss: 13.8733701706, Validation Loss: 14.9942350388, Training R-squared: 0.3550565541, Validation R-squared: 0.3141614795
2023-11-24 14:07:14,153 - INFO - Epoch 21 : Training Loss: 13.8248434067, Validation Loss: 14.9438123703, Training R-squared: 0.3592514098, Validation R-squared: 0.3185456395
2023-11-24 14:07:16,876 - INFO - Epoch 22 : Training Loss: 13.7288036346, Validation Loss: 14.8906955719, Training R-squared: 0.3679986000, Validation R-squared: 0.3234625459
2023-11-24 14:07:19,356 - INFO - Epoch 23 : Training Loss: 13.6408796310, Validation Loss: 14.8363962173, Training R-squared: 0.3750398159, Validation R-squared: 0.3282226324
2023-11-24 14:07:21,783 - INFO - Epoch 24 : Training Loss: 13.5649042130, Validation Loss: 14.7668743134, Training R-squared: 0.3832812607, Validation R-squared: 0.3345727026
2023-11-24 14:07:24,255 - INFO - Epoch 25 : Training Loss: 13.4851102829, Validation Loss: 14.7214412689, Training R-squared: 0.3868253529, Validation R-squared: 0.3381444216
2023-11-24 14:07:26,671 - INFO - Epoch 26 : Training Loss: 13.4191589355, Validation Loss: 14.6741228104, Training R-squared: 0.3944191337, Validation R-squared: 0.3423584402
2023-11-24 14:07:29,097 - INFO - Epoch 27 : Training Loss: 13.3620347977, Validation Loss: 14.6310834885, Training R-squared: 0.3989752531, Validation R-squared: 0.3460084498
2023-11-24 14:07:31,554 - INFO - Epoch 28 : Training Loss: 13.2856702805, Validation Loss: 14.6086263657, Training R-squared: 0.4069544971, Validation R-squared: 0.3479069769
2023-11-24 14:07:34,066 - INFO - Epoch 29 : Training Loss: 13.2366609573, Validation Loss: 14.5620622635, Training R-squared: 0.4103520811, Validation R-squared: 0.3520615697
2023-11-24 14:07:36,454 - INFO - Epoch 30 : Training Loss: 13.1952295303, Validation Loss: 14.5440988541, Training R-squared: 0.4139773846, Validation R-squared: 0.3536167741
2023-11-24 14:07:38,927 - INFO - Epoch 31 : Training Loss: 13.1449975967, Validation Loss: 14.5114364624, Training R-squared: 0.4202922881, Validation R-squared: 0.3566990197
2023-11-24 14:07:41,320 - INFO - Epoch 32 : Training Loss: 13.0720987320, Validation Loss: 14.5061044693, Training R-squared: 0.4241753519, Validation R-squared: 0.3568547368
2023-11-24 14:07:43,796 - INFO - Epoch 33 : Training Loss: 13.0427198410, Validation Loss: 14.4645671844, Training R-squared: 0.4304191172, Validation R-squared: 0.3608375788
2023-11-24 14:07:46,222 - INFO - Epoch 34 : Training Loss: 12.9769363403, Validation Loss: 14.4548692703, Training R-squared: 0.4333314598, Validation R-squared: 0.3613361716
2023-11-24 14:07:48,727 - INFO - Epoch 35 : Training Loss: 12.9582834244, Validation Loss: 14.4193382263, Training R-squared: 0.4361485541, Validation R-squared: 0.3647091687
2023-11-24 14:07:51,021 - INFO - Epoch 36 : Training Loss: 12.9200229645, Validation Loss: 14.3925590515, Training R-squared: 0.4394456148, Validation R-squared: 0.3667612970
2023-11-24 14:07:53,551 - INFO - Epoch 37 : Training Loss: 12.8506040573, Validation Loss: 14.3905134201, Training R-squared: 0.4440170825, Validation R-squared: 0.3667517304
2023-11-24 14:07:55,848 - INFO - Epoch 38 : Training Loss: 12.8237695694, Validation Loss: 14.3561258316, Training R-squared: 0.4442737699, Validation R-squared: 0.3698346615
2023-11-24 14:07:58,298 - INFO - Epoch 39 : Training Loss: 12.7860832214, Validation Loss: 14.3450355530, Training R-squared: 0.4499026537, Validation R-squared: 0.3710173965
2023-11-24 14:08:00,668 - INFO - Epoch 40 : Training Loss: 12.7433595657, Validation Loss: 14.3537368774, Training R-squared: 0.4527352750, Validation R-squared: 0.3698315918
2023-11-24 14:08:03,172 - INFO - Epoch 41 : Training Loss: 12.7159070969, Validation Loss: 14.3462133408, Training R-squared: 0.4540368617, Validation R-squared: 0.3704302013
2023-11-24 14:08:05,578 - INFO - Epoch 42 : Training Loss: 12.6808595657, Validation Loss: 14.3121252060, Training R-squared: 0.4582063556, Validation R-squared: 0.3734278679
2023-11-24 14:08:07,986 - INFO - Epoch 43 : Training Loss: 12.6556100845, Validation Loss: 14.3205442429, Training R-squared: 0.4608304501, Validation R-squared: 0.3728026748
2023-11-24 14:08:10,352 - INFO - Epoch 44 : Training Loss: 12.6107254028, Validation Loss: 14.3182125092, Training R-squared: 0.4626471698, Validation R-squared: 0.3728195727
2023-11-24 14:08:12,824 - INFO - Epoch 45 : Training Loss: 12.5890979767, Validation Loss: 14.3601865768, Training R-squared: 0.4648549855, Validation R-squared: 0.3683911860
2023-11-24 14:08:15,218 - INFO - Epoch 46 : Training Loss: 12.5645418167, Validation Loss: 14.3097057343, Training R-squared: 0.4678273797, Validation R-squared: 0.3731978834
2023-11-24 14:08:17,918 - INFO - Epoch 47 : Training Loss: 12.5004072189, Validation Loss: 14.3055114746, Training R-squared: 0.4714860618, Validation R-squared: 0.3733299673
2023-11-24 14:08:20,315 - INFO - Epoch 48 : Training Loss: 12.4791145325, Validation Loss: 14.3470506668, Training R-squared: 0.4742802382, Validation R-squared: 0.3692453802
2023-11-24 14:08:22,755 - INFO - Epoch 49 : Training Loss: 12.4535751343, Validation Loss: 14.2860088348, Training R-squared: 0.4764709473, Validation R-squared: 0.3751247823
2023-11-24 14:08:25,206 - INFO - Epoch 50 : Training Loss: 12.4182710648, Validation Loss: 14.3098783493, Training R-squared: 0.4799988866, Validation R-squared: 0.3730129004
2023-11-24 14:08:27,634 - INFO - Epoch 51 : Training Loss: 12.3985710144, Validation Loss: 14.3000354767, Training R-squared: 0.4831801951, Validation R-squared: 0.3735665679
2023-11-24 14:08:30,097 - INFO - Epoch 52 : Training Loss: 12.3637542725, Validation Loss: 14.2708330154, Training R-squared: 0.4824897349, Validation R-squared: 0.3762463629
2023-11-24 14:08:32,570 - INFO - Epoch 53 : Training Loss: 12.3479042053, Validation Loss: 14.2692012787, Training R-squared: 0.4851652086, Validation R-squared: 0.3763528168
2023-11-24 14:08:35,072 - INFO - Epoch 54 : Training Loss: 12.3168325424, Validation Loss: 14.3200635910, Training R-squared: 0.4882975519, Validation R-squared: 0.3712625802
2023-11-24 14:08:37,569 - INFO - Epoch 55 : Training Loss: 12.2707376480, Validation Loss: 14.2843666077, Training R-squared: 0.4902648330, Validation R-squared: 0.3744120300
2023-11-24 14:08:39,970 - INFO - Epoch 56 : Training Loss: 12.2574462891, Validation Loss: 14.2680311203, Training R-squared: 0.4907496274, Validation R-squared: 0.3758557141
2023-11-24 14:08:42,412 - INFO - Epoch 57 : Training Loss: 12.2247476578, Validation Loss: 14.2736310959, Training R-squared: 0.4946550429, Validation R-squared: 0.3752398491
2023-11-24 14:08:44,907 - INFO - Epoch 58 : Training Loss: 12.2084789276, Validation Loss: 14.2860469818, Training R-squared: 0.4961981475, Validation R-squared: 0.3740922213
2023-11-24 14:08:47,351 - INFO - Epoch 59 : Training Loss: 12.1644058228, Validation Loss: 14.3009815216, Training R-squared: 0.4997564256, Validation R-squared: 0.3725109398
2023-11-24 14:08:49,769 - INFO - Epoch 60 : Training Loss: 12.1378240585, Validation Loss: 14.2842884064, Training R-squared: 0.5014585257, Validation R-squared: 0.3742922246
2023-11-24 14:08:52,461 - INFO - Epoch 61 : Training Loss: 12.1187658310, Validation Loss: 14.2780303955, Training R-squared: 0.5040121078, Validation R-squared: 0.3743233085
2023-11-24 14:08:58,710 - INFO - Model saved to models/portion_model/dinner/512_512_200_64/sparsity_85_fold_2_model.keras
2023-11-24 14:09:04,020 - INFO - Avg Metrics: RMSE: 11.3927547112, R-squared: -0.0515459822, PCC: 0.5749103671
2023-11-24 14:09:04,020 - INFO - Agg Metrics: RMSE: 14.5637199194, R-squared: 0.3699379276, PCC: 0.6098339890
2023-11-24 14:09:10,548 - INFO - ================================================================== Fold 3 ===================================================================
2023-11-24 14:09:14,829 - INFO - Epoch 1  : Training Loss: 17.2327136993, Validation Loss: 16.8762550354, Training R-squared: 0.0311947577, Validation R-squared: 0.0306684002
2023-11-24 14:09:17,465 - INFO - Epoch 2  : Training Loss: 17.1168174744, Validation Loss: 16.7065315247, Training R-squared: 0.0451176278, Validation R-squared: 0.0503902361
2023-11-24 14:09:19,920 - INFO - Epoch 3  : Training Loss: 16.8287734985, Validation Loss: 16.3007297516, Training R-squared: 0.0782255009, Validation R-squared: 0.0965765640
2023-11-24 14:09:22,343 - INFO - Epoch 4  : Training Loss: 16.1473770142, Validation Loss: 15.5252962112, Training R-squared: 0.1515187472, Validation R-squared: 0.1807488650
2023-11-24 14:09:24,856 - INFO - Epoch 5  : Training Loss: 15.4561271667, Validation Loss: 15.2956142426, Training R-squared: 0.2230334729, Validation R-squared: 0.2045391351
2023-11-24 14:09:27,268 - INFO - Epoch 6  : Training Loss: 15.2609748840, Validation Loss: 15.2031898499, Training R-squared: 0.2391818911, Validation R-squared: 0.2143215090
2023-11-24 14:09:29,716 - INFO - Epoch 7  : Training Loss: 15.1617670059, Validation Loss: 15.1275091171, Training R-squared: 0.2495652139, Validation R-squared: 0.2221793383
2023-11-24 14:09:32,166 - INFO - Epoch 8  : Training Loss: 15.0817375183, Validation Loss: 15.0830488205, Training R-squared: 0.2592010200, Validation R-squared: 0.2264975011
2023-11-24 14:09:34,591 - INFO - Epoch 9  : Training Loss: 15.0093708038, Validation Loss: 15.0281276703, Training R-squared: 0.2663164735, Validation R-squared: 0.2320494205
2023-11-24 14:09:37,101 - INFO - Epoch 10 : Training Loss: 14.9062175751, Validation Loss: 14.9373464584, Training R-squared: 0.2762477398, Validation R-squared: 0.2412733585
2023-11-24 14:09:39,534 - INFO - Epoch 11 : Training Loss: 14.7933282852, Validation Loss: 14.8509273529, Training R-squared: 0.2858696878, Validation R-squared: 0.2495213449
2023-11-24 14:09:41,947 - INFO - Epoch 12 : Training Loss: 14.7037897110, Validation Loss: 14.7780370712, Training R-squared: 0.2955009639, Validation R-squared: 0.2565573156
2023-11-24 14:09:44,370 - INFO - Epoch 13 : Training Loss: 14.6270551682, Validation Loss: 14.7402687073, Training R-squared: 0.3027494252, Validation R-squared: 0.2598728538
2023-11-24 14:09:46,776 - INFO - Epoch 14 : Training Loss: 14.5433435440, Validation Loss: 14.6990671158, Training R-squared: 0.3087981641, Validation R-squared: 0.2642861009
2023-11-24 14:09:49,194 - INFO - Epoch 15 : Training Loss: 14.4942855835, Validation Loss: 14.6647243500, Training R-squared: 0.3144007623, Validation R-squared: 0.2674313784
2023-11-24 14:09:51,590 - INFO - Epoch 16 : Training Loss: 14.4370222092, Validation Loss: 14.6416196823, Training R-squared: 0.3204219937, Validation R-squared: 0.2691100538
2023-11-24 14:09:54,037 - INFO - Epoch 17 : Training Loss: 14.3908481598, Validation Loss: 14.5943250656, Training R-squared: 0.3240194023, Validation R-squared: 0.2743487656
2023-11-24 14:09:56,401 - INFO - Epoch 18 : Training Loss: 14.3606719971, Validation Loss: 14.5499620438, Training R-squared: 0.3275237679, Validation R-squared: 0.2784427106
2023-11-24 14:09:58,957 - INFO - Epoch 19 : Training Loss: 14.2825660706, Validation Loss: 14.5125684738, Training R-squared: 0.3332419395, Validation R-squared: 0.2821263671
2023-11-24 14:10:01,306 - INFO - Epoch 20 : Training Loss: 14.2405071259, Validation Loss: 14.4552745819, Training R-squared: 0.3380607963, Validation R-squared: 0.2875979841
2023-11-24 14:10:03,755 - INFO - Epoch 21 : Training Loss: 14.1850910187, Validation Loss: 14.4134340286, Training R-squared: 0.3437961638, Validation R-squared: 0.2916880846
2023-11-24 14:10:06,143 - INFO - Epoch 22 : Training Loss: 14.1162023544, Validation Loss: 14.3605546951, Training R-squared: 0.3495867252, Validation R-squared: 0.2968828082
2023-11-24 14:10:08,631 - INFO - Epoch 23 : Training Loss: 14.0440349579, Validation Loss: 14.3054800034, Training R-squared: 0.3568503261, Validation R-squared: 0.3020409346
2023-11-24 14:10:10,921 - INFO - Epoch 24 : Training Loss: 13.9721813202, Validation Loss: 14.2333545685, Training R-squared: 0.3628671765, Validation R-squared: 0.3093592823
2023-11-24 14:10:13,385 - INFO - Epoch 25 : Training Loss: 13.9103689194, Validation Loss: 14.1599998474, Training R-squared: 0.3678300977, Validation R-squared: 0.3166584969
2023-11-24 14:10:15,711 - INFO - Epoch 26 : Training Loss: 13.8542118073, Validation Loss: 14.0957708359, Training R-squared: 0.3731501698, Validation R-squared: 0.3222990632
2023-11-24 14:10:18,561 - INFO - Epoch 27 : Training Loss: 13.7295999527, Validation Loss: 14.0217781067, Training R-squared: 0.3831067085, Validation R-squared: 0.3291728795
2023-11-24 14:10:20,853 - INFO - Epoch 28 : Training Loss: 13.6761922836, Validation Loss: 13.9580154419, Training R-squared: 0.3878403306, Validation R-squared: 0.3348875344
2023-11-24 14:10:23,319 - INFO - Epoch 29 : Training Loss: 13.6230373383, Validation Loss: 13.8759946823, Training R-squared: 0.3938468099, Validation R-squared: 0.3429082930
2023-11-24 14:10:25,722 - INFO - Epoch 30 : Training Loss: 13.5823955536, Validation Loss: 13.8300733566, Training R-squared: 0.3966764510, Validation R-squared: 0.3469940722
2023-11-24 14:10:28,558 - INFO - Epoch 31 : Training Loss: 13.5045604706, Validation Loss: 13.8159494400, Training R-squared: 0.4019170403, Validation R-squared: 0.3475843370
2023-11-24 14:10:30,913 - INFO - Epoch 32 : Training Loss: 13.4624748230, Validation Loss: 13.7718086243, Training R-squared: 0.4074202478, Validation R-squared: 0.3518599868
2023-11-24 14:10:33,985 - INFO - Epoch 33 : Training Loss: 13.4338083267, Validation Loss: 13.7268972397, Training R-squared: 0.4105769098, Validation R-squared: 0.3562781215
2023-11-24 14:10:36,569 - INFO - Epoch 34 : Training Loss: 13.3922634125, Validation Loss: 13.7029342651, Training R-squared: 0.4151151478, Validation R-squared: 0.3583323956
2023-11-24 14:10:39,239 - INFO - Epoch 35 : Training Loss: 13.3279724121, Validation Loss: 13.6701898575, Training R-squared: 0.4173047841, Validation R-squared: 0.3615882397
2023-11-24 14:10:41,771 - INFO - Epoch 36 : Training Loss: 13.2754049301, Validation Loss: 13.6411876678, Training R-squared: 0.4224112928, Validation R-squared: 0.3643222451
2023-11-24 14:10:44,357 - INFO - Epoch 37 : Training Loss: 13.2315454483, Validation Loss: 13.5893716812, Training R-squared: 0.4275802374, Validation R-squared: 0.3694203794
2023-11-24 14:10:47,081 - INFO - Epoch 38 : Training Loss: 13.1732845306, Validation Loss: 13.5674896240, Training R-squared: 0.4320232570, Validation R-squared: 0.3709847927
2023-11-24 14:10:49,689 - INFO - Epoch 39 : Training Loss: 13.1269330978, Validation Loss: 13.5389213562, Training R-squared: 0.4365536571, Validation R-squared: 0.3738650084
2023-11-24 14:10:52,426 - INFO - Epoch 40 : Training Loss: 13.0883750916, Validation Loss: 13.4777984619, Training R-squared: 0.4400233626, Validation R-squared: 0.3800088763
2023-11-24 14:10:54,969 - INFO - Epoch 41 : Training Loss: 13.0498619080, Validation Loss: 13.4714250565, Training R-squared: 0.4426706731, Validation R-squared: 0.3802381456
2023-11-24 14:10:57,538 - INFO - Epoch 42 : Training Loss: 12.9732885361, Validation Loss: 13.4419155121, Training R-squared: 0.4466354847, Validation R-squared: 0.3835426867
2023-11-24 14:11:00,196 - INFO - Epoch 43 : Training Loss: 12.9294538498, Validation Loss: 13.4370603561, Training R-squared: 0.4513254166, Validation R-squared: 0.3833873570
2023-11-24 14:11:02,811 - INFO - Epoch 44 : Training Loss: 12.9396295547, Validation Loss: 13.4253740311, Training R-squared: 0.4528961480, Validation R-squared: 0.3842850327
2023-11-24 14:11:05,233 - INFO - Epoch 45 : Training Loss: 12.8810949326, Validation Loss: 13.4374637604, Training R-squared: 0.4548048377, Validation R-squared: 0.3828494847
2023-11-24 14:11:07,685 - INFO - Epoch 46 : Training Loss: 12.8471832275, Validation Loss: 13.3835105896, Training R-squared: 0.4594704807, Validation R-squared: 0.3882257938
2023-11-24 14:11:10,113 - INFO - Epoch 47 : Training Loss: 12.8161239624, Validation Loss: 13.3772802353, Training R-squared: 0.4617392719, Validation R-squared: 0.3887561858
2023-11-24 14:11:12,655 - INFO - Epoch 48 : Training Loss: 12.7763195038, Validation Loss: 13.3550291061, Training R-squared: 0.4644909501, Validation R-squared: 0.3905701935
2023-11-24 14:11:15,078 - INFO - Epoch 49 : Training Loss: 12.7329721451, Validation Loss: 13.3345251083, Training R-squared: 0.4678760469, Validation R-squared: 0.3926615119
2023-11-24 14:11:17,865 - INFO - Epoch 50 : Training Loss: 12.7032623291, Validation Loss: 13.3375854492, Training R-squared: 0.4695806503, Validation R-squared: 0.3923426569
2023-11-24 14:11:20,331 - INFO - Epoch 51 : Training Loss: 12.6861066818, Validation Loss: 13.3140268326, Training R-squared: 0.4730187356, Validation R-squared: 0.3950178027
2023-11-24 14:11:22,756 - INFO - Epoch 52 : Training Loss: 12.6614170074, Validation Loss: 13.3147916794, Training R-squared: 0.4738871455, Validation R-squared: 0.3943919837
2023-11-24 14:11:25,470 - INFO - Epoch 53 : Training Loss: 12.6394968033, Validation Loss: 13.3280153275, Training R-squared: 0.4773339033, Validation R-squared: 0.3929658532
2023-11-24 14:11:27,946 - INFO - Epoch 54 : Training Loss: 12.5910835266, Validation Loss: 13.2920169830, Training R-squared: 0.4778689444, Validation R-squared: 0.3965002000
2023-11-24 14:11:30,487 - INFO - Epoch 55 : Training Loss: 12.5633840561, Validation Loss: 13.3047504425, Training R-squared: 0.4820826054, Validation R-squared: 0.3948793113
2023-11-24 14:11:32,899 - INFO - Epoch 56 : Training Loss: 12.5434598923, Validation Loss: 13.2618217468, Training R-squared: 0.4834704995, Validation R-squared: 0.3993140161
2023-11-24 14:11:35,310 - INFO - Epoch 57 : Training Loss: 12.5067453384, Validation Loss: 13.2654466629, Training R-squared: 0.4859451056, Validation R-squared: 0.3988356292
2023-11-24 14:11:37,824 - INFO - Epoch 58 : Training Loss: 12.4708566666, Validation Loss: 13.2525091171, Training R-squared: 0.4875983894, Validation R-squared: 0.4002452791
2023-11-24 14:11:40,223 - INFO - Epoch 59 : Training Loss: 12.4559860229, Validation Loss: 13.2390518188, Training R-squared: 0.4900355637, Validation R-squared: 0.4013071358
2023-11-24 14:11:42,668 - INFO - Epoch 60 : Training Loss: 12.4276866913, Validation Loss: 13.2532033920, Training R-squared: 0.4923996329, Validation R-squared: 0.3998251259
2023-11-24 14:11:45,141 - INFO - Epoch 61 : Training Loss: 12.3837442398, Validation Loss: 13.2407264709, Training R-squared: 0.4960367978, Validation R-squared: 0.4008210003
2023-11-24 14:11:47,563 - INFO - Epoch 62 : Training Loss: 12.3743791580, Validation Loss: 13.2428140640, Training R-squared: 0.4970625043, Validation R-squared: 0.4006143510
2023-11-24 14:11:49,971 - INFO - Epoch 63 : Training Loss: 12.3421125412, Validation Loss: 13.2579650879, Training R-squared: 0.4979699254, Validation R-squared: 0.3991093636
2023-11-24 14:11:52,572 - INFO - Epoch 64 : Training Loss: 12.3046054840, Validation Loss: 13.2739782333, Training R-squared: 0.4998228252, Validation R-squared: 0.3976193666
2023-11-24 14:11:58,565 - INFO - Model saved to models/portion_model/dinner/512_512_200_64/sparsity_85_fold_3_model.keras
2023-11-24 14:12:02,779 - INFO - Avg Metrics: RMSE: 10.7821284159, R-squared: -0.1095486292, PCC: 0.5774789776
2023-11-24 14:12:02,780 - INFO - Agg Metrics: RMSE: 13.4080306800, R-squared: 0.4001478851, PCC: 0.6336656051
2023-11-24 14:12:09,100 - INFO - ================================================================== Fold 4 ===================================================================
2023-11-24 14:12:13,184 - INFO - Epoch 1  : Training Loss: 17.1231918335, Validation Loss: 17.3005027771, Training R-squared: 0.0297414642, Validation R-squared: 0.0372557975
2023-11-24 14:12:15,596 - INFO - Epoch 2  : Training Loss: 17.0022449493, Validation Loss: 17.0887432098, Training R-squared: 0.0435553193, Validation R-squared: 0.0612274483
2023-11-24 14:12:18,296 - INFO - Epoch 3  : Training Loss: 16.6231212616, Validation Loss: 16.5985088348, Training R-squared: 0.0820745975, Validation R-squared: 0.1153679416
2023-11-24 14:12:20,672 - INFO - Epoch 4  : Training Loss: 16.0087146759, Validation Loss: 15.5884904861, Training R-squared: 0.1538627595, Validation R-squared: 0.2215022296
2023-11-24 14:12:23,111 - INFO - Epoch 5  : Training Loss: 15.3180465698, Validation Loss: 15.3563127518, Training R-squared: 0.2253017277, Validation R-squared: 0.2447920740
2023-11-24 14:12:25,575 - INFO - Epoch 6  : Training Loss: 15.1741027832, Validation Loss: 15.2601222992, Training R-squared: 0.2383696735, Validation R-squared: 0.2542411387
2023-11-24 14:12:27,999 - INFO - Epoch 7  : Training Loss: 15.0999298096, Validation Loss: 15.2117013931, Training R-squared: 0.2466157973, Validation R-squared: 0.2590119839
2023-11-24 14:12:30,454 - INFO - Epoch 8  : Training Loss: 15.0212574005, Validation Loss: 15.1806106567, Training R-squared: 0.2553569078, Validation R-squared: 0.2618998885
2023-11-24 14:12:32,878 - INFO - Epoch 9  : Training Loss: 14.9205923080, Validation Loss: 15.1375818253, Training R-squared: 0.2641643882, Validation R-squared: 0.2658661604
2023-11-24 14:12:35,298 - INFO - Epoch 10 : Training Loss: 14.8430509567, Validation Loss: 15.0198326111, Training R-squared: 0.2736599147, Validation R-squared: 0.2763462067
2023-11-24 14:12:37,942 - INFO - Epoch 11 : Training Loss: 14.6981620789, Validation Loss: 14.9151964188, Training R-squared: 0.2865048349, Validation R-squared: 0.2856210470
2023-11-24 14:12:40,386 - INFO - Epoch 12 : Training Loss: 14.5686340332, Validation Loss: 14.8681936264, Training R-squared: 0.2969017923, Validation R-squared: 0.2893610597
2023-11-24 14:12:42,793 - INFO - Epoch 13 : Training Loss: 14.4902305603, Validation Loss: 14.8231039047, Training R-squared: 0.3059961498, Validation R-squared: 0.2935295701
2023-11-24 14:12:45,251 - INFO - Epoch 14 : Training Loss: 14.4257965088, Validation Loss: 14.7872581482, Training R-squared: 0.3122880459, Validation R-squared: 0.2968126237
2023-11-24 14:12:47,670 - INFO - Epoch 15 : Training Loss: 14.3426046371, Validation Loss: 14.7599925995, Training R-squared: 0.3169590831, Validation R-squared: 0.2995411158
2023-11-24 14:12:50,086 - INFO - Epoch 16 : Training Loss: 14.2980813980, Validation Loss: 14.7280416489, Training R-squared: 0.3233577013, Validation R-squared: 0.3025487065
2023-11-24 14:12:52,618 - INFO - Epoch 17 : Training Loss: 14.2582349777, Validation Loss: 14.6940898895, Training R-squared: 0.3277595341, Validation R-squared: 0.3056429327
2023-11-24 14:12:55,064 - INFO - Epoch 18 : Training Loss: 14.1748676300, Validation Loss: 14.6443586349, Training R-squared: 0.3335683048, Validation R-squared: 0.3100760579
2023-11-24 14:12:57,654 - INFO - Epoch 19 : Training Loss: 14.1037931442, Validation Loss: 14.6058330536, Training R-squared: 0.3402597904, Validation R-squared: 0.3137826025
2023-11-24 14:13:00,123 - INFO - Epoch 20 : Training Loss: 14.0226526260, Validation Loss: 14.5406570435, Training R-squared: 0.3462834954, Validation R-squared: 0.3194555342
2023-11-24 14:13:02,578 - INFO - Epoch 21 : Training Loss: 13.9354209900, Validation Loss: 14.4963302612, Training R-squared: 0.3549353182, Validation R-squared: 0.3240821362
2023-11-24 14:13:05,004 - INFO - Epoch 22 : Training Loss: 13.8492259979, Validation Loss: 14.4145288467, Training R-squared: 0.3643696010, Validation R-squared: 0.3311773241
2023-11-24 14:13:07,515 - INFO - Epoch 23 : Training Loss: 13.7550535202, Validation Loss: 14.3656702042, Training R-squared: 0.3730058670, Validation R-squared: 0.3354939520
2023-11-24 14:13:09,931 - INFO - Epoch 24 : Training Loss: 13.6770582199, Validation Loss: 14.3137474060, Training R-squared: 0.3801398277, Validation R-squared: 0.3399005532
2023-11-24 14:13:12,393 - INFO - Epoch 25 : Training Loss: 13.5748634338, Validation Loss: 14.2470817566, Training R-squared: 0.3877688646, Validation R-squared: 0.3463708460
2023-11-24 14:13:14,791 - INFO - Epoch 26 : Training Loss: 13.5228700638, Validation Loss: 14.2319526672, Training R-squared: 0.3919267654, Validation R-squared: 0.3471301198
2023-11-24 14:13:17,459 - INFO - Epoch 27 : Training Loss: 13.4312219620, Validation Loss: 14.1610565186, Training R-squared: 0.4003338218, Validation R-squared: 0.3540675342
2023-11-24 14:13:19,909 - INFO - Epoch 28 : Training Loss: 13.3855390549, Validation Loss: 14.1293144226, Training R-squared: 0.4045946002, Validation R-squared: 0.3568476439
2023-11-24 14:13:22,313 - INFO - Epoch 29 : Training Loss: 13.3331680298, Validation Loss: 14.0909214020, Training R-squared: 0.4085277915, Validation R-squared: 0.3602921069
2023-11-24 14:13:24,799 - INFO - Epoch 30 : Training Loss: 13.2711954117, Validation Loss: 14.0598506927, Training R-squared: 0.4149360359, Validation R-squared: 0.3631972075
2023-11-24 14:13:27,194 - INFO - Epoch 31 : Training Loss: 13.2181959152, Validation Loss: 14.0465669632, Training R-squared: 0.4179577231, Validation R-squared: 0.3640521169
2023-11-24 14:13:29,635 - INFO - Epoch 32 : Training Loss: 13.1690416336, Validation Loss: 14.0116949081, Training R-squared: 0.4235730171, Validation R-squared: 0.3677715361
2023-11-24 14:13:32,131 - INFO - Epoch 33 : Training Loss: 13.1219434738, Validation Loss: 14.0031204224, Training R-squared: 0.4281176031, Validation R-squared: 0.3678005636
2023-11-24 14:13:34,557 - INFO - Epoch 34 : Training Loss: 13.0736188889, Validation Loss: 13.9707145691, Training R-squared: 0.4298058450, Validation R-squared: 0.3708193302
2023-11-24 14:13:36,916 - INFO - Epoch 35 : Training Loss: 13.0426349640, Validation Loss: 13.9501676559, Training R-squared: 0.4334440827, Validation R-squared: 0.3729704618
2023-11-24 14:13:39,485 - INFO - Epoch 36 : Training Loss: 12.9823846817, Validation Loss: 13.9445486069, Training R-squared: 0.4387527108, Validation R-squared: 0.3729865849
2023-11-24 14:13:41,836 - INFO - Epoch 37 : Training Loss: 12.9733543396, Validation Loss: 13.9104433060, Training R-squared: 0.4397805631, Validation R-squared: 0.3762352765
2023-11-24 14:13:44,489 - INFO - Epoch 38 : Training Loss: 12.9535579681, Validation Loss: 13.8896322250, Training R-squared: 0.4403422177, Validation R-squared: 0.3781006932
2023-11-24 14:13:47,176 - INFO - Epoch 39 : Training Loss: 12.9012851715, Validation Loss: 13.9029626846, Training R-squared: 0.4470966160, Validation R-squared: 0.3765311241
2023-11-24 14:13:49,880 - INFO - Epoch 40 : Training Loss: 12.8648214340, Validation Loss: 13.8831138611, Training R-squared: 0.4484988153, Validation R-squared: 0.3782818317
2023-11-24 14:13:52,554 - INFO - Epoch 41 : Training Loss: 12.8204975128, Validation Loss: 13.8770112991, Training R-squared: 0.4518193305, Validation R-squared: 0.3790171742
2023-11-24 14:13:55,246 - INFO - Epoch 42 : Training Loss: 12.8179349899, Validation Loss: 13.8505458832, Training R-squared: 0.4552339315, Validation R-squared: 0.3814574182
2023-11-24 14:13:57,674 - INFO - Epoch 43 : Training Loss: 12.8005323410, Validation Loss: 13.8549909592, Training R-squared: 0.4559955597, Validation R-squared: 0.3805013597
2023-11-24 14:14:00,222 - INFO - Epoch 44 : Training Loss: 12.7422895432, Validation Loss: 13.8257045746, Training R-squared: 0.4561653733, Validation R-squared: 0.3833866417
2023-11-24 14:14:02,680 - INFO - Epoch 45 : Training Loss: 12.7080059052, Validation Loss: 13.8255910873, Training R-squared: 0.4590519071, Validation R-squared: 0.3836276829
2023-11-24 14:14:05,106 - INFO - Epoch 46 : Training Loss: 12.7016477585, Validation Loss: 13.8024425507, Training R-squared: 0.4632177055, Validation R-squared: 0.3855842650
2023-11-24 14:14:07,568 - INFO - Epoch 47 : Training Loss: 12.6650962830, Validation Loss: 13.7892942429, Training R-squared: 0.4652764499, Validation R-squared: 0.3868081868
2023-11-24 14:14:09,983 - INFO - Epoch 48 : Training Loss: 12.6291761398, Validation Loss: 13.7870540619, Training R-squared: 0.4677979052, Validation R-squared: 0.3866595626
2023-11-24 14:14:12,419 - INFO - Epoch 49 : Training Loss: 12.5900325775, Validation Loss: 13.7551298141, Training R-squared: 0.4713137150, Validation R-squared: 0.3900703192
2023-11-24 14:14:14,832 - INFO - Epoch 50 : Training Loss: 12.5726356506, Validation Loss: 13.7653226852, Training R-squared: 0.4736433923, Validation R-squared: 0.3889909685
2023-11-24 14:14:17,633 - INFO - Epoch 51 : Training Loss: 12.5441493988, Validation Loss: 13.7707614899, Training R-squared: 0.4758253098, Validation R-squared: 0.3881330192
2023-11-24 14:14:20,050 - INFO - Epoch 52 : Training Loss: 12.5031461716, Validation Loss: 13.7409811020, Training R-squared: 0.4784067869, Validation R-squared: 0.3908596337
2023-11-24 14:14:22,483 - INFO - Epoch 53 : Training Loss: 12.4942102432, Validation Loss: 13.7416563034, Training R-squared: 0.4784400165, Validation R-squared: 0.3905217052
2023-11-24 14:14:24,910 - INFO - Epoch 54 : Training Loss: 12.4434576035, Validation Loss: 13.7745361328, Training R-squared: 0.4834129810, Validation R-squared: 0.3873013556
2023-11-24 14:14:27,306 - INFO - Epoch 55 : Training Loss: 12.4039487839, Validation Loss: 13.7183799744, Training R-squared: 0.4878160059, Validation R-squared: 0.3930011690
2023-11-24 14:14:29,738 - INFO - Epoch 56 : Training Loss: 12.3995275497, Validation Loss: 13.7043504715, Training R-squared: 0.4874357879, Validation R-squared: 0.3940435946
2023-11-24 14:14:32,246 - INFO - Epoch 57 : Training Loss: 12.3671503067, Validation Loss: 13.6826705933, Training R-squared: 0.4877644777, Validation R-squared: 0.3961285055
2023-11-24 14:14:34,695 - INFO - Epoch 58 : Training Loss: 12.3413915634, Validation Loss: 13.7176303864, Training R-squared: 0.4911675751, Validation R-squared: 0.3925225139
2023-11-24 14:14:37,058 - INFO - Epoch 59 : Training Loss: 12.3151855469, Validation Loss: 13.6909437180, Training R-squared: 0.4944384992, Validation R-squared: 0.3951959014
2023-11-24 14:14:39,615 - INFO - Epoch 60 : Training Loss: 12.2932443619, Validation Loss: 13.6842231750, Training R-squared: 0.4956361651, Validation R-squared: 0.3958655298
2023-11-24 14:14:41,963 - INFO - Epoch 61 : Training Loss: 12.2558126450, Validation Loss: 13.6702013016, Training R-squared: 0.4987565875, Validation R-squared: 0.3974054456
2023-11-24 14:14:44,444 - INFO - Epoch 62 : Training Loss: 12.2144460678, Validation Loss: 13.7107706070, Training R-squared: 0.5008261800, Validation R-squared: 0.3930898309
2023-11-24 14:14:46,760 - INFO - Epoch 63 : Training Loss: 12.2183780670, Validation Loss: 13.6687202454, Training R-squared: 0.4997406006, Validation R-squared: 0.3975909650
2023-11-24 14:14:49,219 - INFO - Epoch 64 : Training Loss: 12.2107467651, Validation Loss: 13.6987600327, Training R-squared: 0.5029793978, Validation R-squared: 0.3940410614
2023-11-24 14:14:51,699 - INFO - Epoch 65 : Training Loss: 12.1714382172, Validation Loss: 13.6755628586, Training R-squared: 0.5062930584, Validation R-squared: 0.3962698579
2023-11-24 14:14:54,204 - INFO - Epoch 66 : Training Loss: 12.1370239258, Validation Loss: 13.6801309586, Training R-squared: 0.5063884854, Validation R-squared: 0.3961730897
2023-11-24 14:14:56,530 - INFO - Epoch 67 : Training Loss: 12.1046247482, Validation Loss: 13.6796207428, Training R-squared: 0.5090287328, Validation R-squared: 0.3957691193
2023-11-24 14:14:59,072 - INFO - Epoch 68 : Training Loss: 12.0884952545, Validation Loss: 13.6628885269, Training R-squared: 0.5096868873, Validation R-squared: 0.3973768651
2023-11-24 14:15:01,383 - INFO - Epoch 69 : Training Loss: 12.0524225235, Validation Loss: 13.6630477905, Training R-squared: 0.5152161717, Validation R-squared: 0.3978647590
2023-11-24 14:15:03,838 - INFO - Epoch 70 : Training Loss: 12.0662994385, Validation Loss: 13.6605300903, Training R-squared: 0.5133259296, Validation R-squared: 0.3978160024
2023-11-24 14:15:06,292 - INFO - Epoch 71 : Training Loss: 12.0375013351, Validation Loss: 13.6909561157, Training R-squared: 0.5146613717, Validation R-squared: 0.3943478465
2023-11-24 14:15:08,772 - INFO - Epoch 72 : Training Loss: 12.0104818344, Validation Loss: 13.6300554276, Training R-squared: 0.5178263783, Validation R-squared: 0.4006860852
2023-11-24 14:15:11,139 - INFO - Epoch 73 : Training Loss: 11.9771709442, Validation Loss: 13.6621351242, Training R-squared: 0.5211589336, Validation R-squared: 0.3979097903
2023-11-24 14:15:13,658 - INFO - Epoch 74 : Training Loss: 11.9749984741, Validation Loss: 13.6250009537, Training R-squared: 0.5199214220, Validation R-squared: 0.4014114141
2023-11-24 14:15:16,033 - INFO - Epoch 75 : Training Loss: 11.9643688202, Validation Loss: 13.7225952148, Training R-squared: 0.5233650208, Validation R-squared: 0.3916648626
2023-11-24 14:15:18,788 - INFO - Epoch 76 : Training Loss: 11.9210577011, Validation Loss: 13.7029552460, Training R-squared: 0.5258209705, Validation R-squared: 0.3936102092
2023-11-24 14:15:21,154 - INFO - Epoch 77 : Training Loss: 11.9097929001, Validation Loss: 13.6479129791, Training R-squared: 0.5256977677, Validation R-squared: 0.3993584514
2023-11-24 14:15:23,649 - INFO - Epoch 78 : Training Loss: 11.8716039658, Validation Loss: 13.6773996353, Training R-squared: 0.5306880474, Validation R-squared: 0.3964228630
2023-11-24 14:15:26,044 - INFO - Epoch 79 : Training Loss: 11.8662338257, Validation Loss: 13.6413412094, Training R-squared: 0.5285782814, Validation R-squared: 0.3996668160
2023-11-24 14:15:32,105 - INFO - Model saved to models/portion_model/dinner/512_512_200_64/sparsity_85_fold_4_model.keras
2023-11-24 14:15:35,590 - INFO - Avg Metrics: RMSE: 11.0297568158, R-squared: -0.3061256708, PCC: 0.6072477614
2023-11-24 14:15:35,591 - INFO - Agg Metrics: RMSE: 13.8539515650, R-squared: 0.3975778314, PCC: 0.6327526894
2023-11-24 14:15:41,865 - INFO - ================================================================== Fold 5 ===================================================================
2023-11-24 14:15:46,423 - INFO - Epoch 1  : Training Loss: 17.2661476135, Validation Loss: 16.7324542999, Training R-squared: 0.0296544619, Validation R-squared: 0.0386515819
2023-11-24 14:15:49,078 - INFO - Epoch 2  : Training Loss: 17.1622772217, Validation Loss: 16.5552921295, Training R-squared: 0.0414359644, Validation R-squared: 0.0592567436
2023-11-24 14:15:51,708 - INFO - Epoch 3  : Training Loss: 16.8715877533, Validation Loss: 16.1161918640, Training R-squared: 0.0726197138, Validation R-squared: 0.1090915427
2023-11-24 14:15:54,407 - INFO - Epoch 4  : Training Loss: 16.3278636932, Validation Loss: 15.4749927521, Training R-squared: 0.1315079778, Validation R-squared: 0.1790928692
2023-11-24 14:15:56,719 - INFO - Epoch 5  : Training Loss: 15.5863504410, Validation Loss: 14.8672533035, Training R-squared: 0.2094695270, Validation R-squared: 0.2422168106
2023-11-24 14:15:59,282 - INFO - Epoch 6  : Training Loss: 15.3227109909, Validation Loss: 14.7460832596, Training R-squared: 0.2385912836, Validation R-squared: 0.2544670701
2023-11-24 14:16:01,644 - INFO - Epoch 7  : Training Loss: 15.2110128403, Validation Loss: 14.7096281052, Training R-squared: 0.2486211061, Validation R-squared: 0.2579418123
2023-11-24 14:16:04,128 - INFO - Epoch 8  : Training Loss: 15.1566562653, Validation Loss: 14.6773290634, Training R-squared: 0.2554582655, Validation R-squared: 0.2613648772
2023-11-24 14:16:06,529 - INFO - Epoch 9  : Training Loss: 15.0796003342, Validation Loss: 14.6109771729, Training R-squared: 0.2610960007, Validation R-squared: 0.2676314712
2023-11-24 14:16:09,111 - INFO - Epoch 10 : Training Loss: 14.9667692184, Validation Loss: 14.4982595444, Training R-squared: 0.2721031010, Validation R-squared: 0.2789543569
2023-11-24 14:16:11,434 - INFO - Epoch 11 : Training Loss: 14.8739709854, Validation Loss: 14.3900756836, Training R-squared: 0.2813724875, Validation R-squared: 0.2890155315
2023-11-24 14:16:13,918 - INFO - Epoch 12 : Training Loss: 14.7580852509, Validation Loss: 14.3114652634, Training R-squared: 0.2913948894, Validation R-squared: 0.2962940037
2023-11-24 14:16:16,569 - INFO - Epoch 13 : Training Loss: 14.6997680664, Validation Loss: 14.2768402100, Training R-squared: 0.2968150377, Validation R-squared: 0.2990991175
2023-11-24 14:16:19,285 - INFO - Epoch 14 : Training Loss: 14.6578798294, Validation Loss: 14.2267408371, Training R-squared: 0.3020719290, Validation R-squared: 0.3041671216
2023-11-24 14:16:21,618 - INFO - Epoch 15 : Training Loss: 14.5936803818, Validation Loss: 14.1858911514, Training R-squared: 0.3069289029, Validation R-squared: 0.3081370294
2023-11-24 14:16:24,236 - INFO - Epoch 16 : Training Loss: 14.5390100479, Validation Loss: 14.1445875168, Training R-squared: 0.3126658201, Validation R-squared: 0.3117012382
2023-11-24 14:16:26,558 - INFO - Epoch 17 : Training Loss: 14.4544124603, Validation Loss: 14.0776433945, Training R-squared: 0.3185283542, Validation R-squared: 0.3186227381
2023-11-24 14:16:29,047 - INFO - Epoch 18 : Training Loss: 14.3809871674, Validation Loss: 14.0048370361, Training R-squared: 0.3279453218, Validation R-squared: 0.3253861964
2023-11-24 14:16:31,438 - INFO - Epoch 19 : Training Loss: 14.2929611206, Validation Loss: 13.9575481415, Training R-squared: 0.3355554044, Validation R-squared: 0.3295917809
2023-11-24 14:16:33,892 - INFO - Epoch 20 : Training Loss: 14.1907825470, Validation Loss: 13.8698740005, Training R-squared: 0.3428447843, Validation R-squared: 0.3384381533
2023-11-24 14:16:36,250 - INFO - Epoch 21 : Training Loss: 14.1315841675, Validation Loss: 13.8068656921, Training R-squared: 0.3490329683, Validation R-squared: 0.3443671465
2023-11-24 14:16:38,763 - INFO - Epoch 22 : Training Loss: 14.0526494980, Validation Loss: 13.7315673828, Training R-squared: 0.3558840752, Validation R-squared: 0.3513326049
2023-11-24 14:16:41,226 - INFO - Epoch 23 : Training Loss: 13.9409141541, Validation Loss: 13.6598968506, Training R-squared: 0.3673480153, Validation R-squared: 0.3582316935
2023-11-24 14:16:43,692 - INFO - Epoch 24 : Training Loss: 13.8704099655, Validation Loss: 13.6024770737, Training R-squared: 0.3720904291, Validation R-squared: 0.3632276654
2023-11-24 14:16:46,202 - INFO - Epoch 25 : Training Loss: 13.8045997620, Validation Loss: 13.5373010635, Training R-squared: 0.3794995248, Validation R-squared: 0.3694823980
2023-11-24 14:16:48,647 - INFO - Epoch 26 : Training Loss: 13.7076435089, Validation Loss: 13.4917554855, Training R-squared: 0.3868001401, Validation R-squared: 0.3733269274
2023-11-24 14:16:51,125 - INFO - Epoch 27 : Training Loss: 13.6026535034, Validation Loss: 13.4337339401, Training R-squared: 0.3947785795, Validation R-squared: 0.3789323866
2023-11-24 14:16:53,628 - INFO - Epoch 28 : Training Loss: 13.5592746735, Validation Loss: 13.3898620605, Training R-squared: 0.3987093866, Validation R-squared: 0.3827419877
2023-11-24 14:16:56,072 - INFO - Epoch 29 : Training Loss: 13.4893636703, Validation Loss: 13.3644266129, Training R-squared: 0.4059458673, Validation R-squared: 0.3849842250
2023-11-24 14:16:58,566 - INFO - Epoch 30 : Training Loss: 13.4403371811, Validation Loss: 13.3312454224, Training R-squared: 0.4090830982, Validation R-squared: 0.3879373968
2023-11-24 14:17:00,986 - INFO - Epoch 31 : Training Loss: 13.3966102600, Validation Loss: 13.2976598740, Training R-squared: 0.4124786258, Validation R-squared: 0.3910278380
2023-11-24 14:17:03,483 - INFO - Epoch 32 : Training Loss: 13.3277387619, Validation Loss: 13.2693529129, Training R-squared: 0.4196227789, Validation R-squared: 0.3936844170
2023-11-24 14:17:06,004 - INFO - Epoch 33 : Training Loss: 13.2812767029, Validation Loss: 13.2539501190, Training R-squared: 0.4248864651, Validation R-squared: 0.3952556849
2023-11-24 14:17:08,480 - INFO - Epoch 34 : Training Loss: 13.2556123734, Validation Loss: 13.2278356552, Training R-squared: 0.4248445034, Validation R-squared: 0.3974379003
2023-11-24 14:17:10,903 - INFO - Epoch 35 : Training Loss: 13.2176589966, Validation Loss: 13.2120704651, Training R-squared: 0.4307782650, Validation R-squared: 0.3989358246
2023-11-24 14:17:13,352 - INFO - Epoch 36 : Training Loss: 13.1737184525, Validation Loss: 13.2200880051, Training R-squared: 0.4321031868, Validation R-squared: 0.3980259895
2023-11-24 14:17:15,799 - INFO - Epoch 37 : Training Loss: 13.1364479065, Validation Loss: 13.1927547455, Training R-squared: 0.4362268746, Validation R-squared: 0.4003427029
2023-11-24 14:17:18,476 - INFO - Epoch 38 : Training Loss: 13.1256523132, Validation Loss: 13.1700801849, Training R-squared: 0.4383494556, Validation R-squared: 0.4026209712
2023-11-24 14:17:20,918 - INFO - Epoch 39 : Training Loss: 13.0665044785, Validation Loss: 13.1502733231, Training R-squared: 0.4413774908, Validation R-squared: 0.4044027925
2023-11-24 14:17:23,369 - INFO - Epoch 40 : Training Loss: 13.0364170074, Validation Loss: 13.1535835266, Training R-squared: 0.4457565844, Validation R-squared: 0.4038684666
2023-11-24 14:17:25,831 - INFO - Epoch 41 : Training Loss: 13.0014104843, Validation Loss: 13.1391887665, Training R-squared: 0.4485144615, Validation R-squared: 0.4055105150
2023-11-24 14:17:28,270 - INFO - Epoch 42 : Training Loss: 12.9783306122, Validation Loss: 13.1531000137, Training R-squared: 0.4480853975, Validation R-squared: 0.4038580656
2023-11-24 14:17:30,713 - INFO - Epoch 43 : Training Loss: 12.9720649719, Validation Loss: 13.1605129242, Training R-squared: 0.4497797787, Validation R-squared: 0.4031507075
2023-11-24 14:17:33,133 - INFO - Epoch 44 : Training Loss: 12.9142704010, Validation Loss: 13.1308307648, Training R-squared: 0.4538729191, Validation R-squared: 0.4062567055
2023-11-24 14:17:35,589 - INFO - Epoch 45 : Training Loss: 12.8988161087, Validation Loss: 13.1457700729, Training R-squared: 0.4553075731, Validation R-squared: 0.4044956267
2023-11-24 14:17:38,049 - INFO - Epoch 46 : Training Loss: 12.8848896027, Validation Loss: 13.1278829575, Training R-squared: 0.4563230574, Validation R-squared: 0.4061764181
2023-11-24 14:17:40,506 - INFO - Epoch 47 : Training Loss: 12.8476934433, Validation Loss: 13.1324815750, Training R-squared: 0.4602147937, Validation R-squared: 0.4056836367
2023-11-24 14:17:43,019 - INFO - Epoch 48 : Training Loss: 12.7877664566, Validation Loss: 13.1504487991, Training R-squared: 0.4644342959, Validation R-squared: 0.4038015306
2023-11-24 14:17:45,499 - INFO - Epoch 49 : Training Loss: 12.7683839798, Validation Loss: 13.1216888428, Training R-squared: 0.4652352631, Validation R-squared: 0.4067897201
2023-11-24 14:17:47,930 - INFO - Epoch 50 : Training Loss: 12.7561120987, Validation Loss: 13.1709032059, Training R-squared: 0.4664464295, Validation R-squared: 0.4018202126
2023-11-24 14:17:50,371 - INFO - Epoch 51 : Training Loss: 12.7161283493, Validation Loss: 13.1174964905, Training R-squared: 0.4703116715, Validation R-squared: 0.4070909619
2023-11-24 14:17:52,944 - INFO - Epoch 52 : Training Loss: 12.6927556992, Validation Loss: 13.1296901703, Training R-squared: 0.4707219899, Validation R-squared: 0.4058214724
2023-11-24 14:17:55,358 - INFO - Epoch 53 : Training Loss: 12.6624689102, Validation Loss: 13.1094055176, Training R-squared: 0.4746931791, Validation R-squared: 0.4078482389
2023-11-24 14:17:57,848 - INFO - Epoch 54 : Training Loss: 12.6319494247, Validation Loss: 13.0992050171, Training R-squared: 0.4776950479, Validation R-squared: 0.4087411165
2023-11-24 14:18:00,396 - INFO - Epoch 55 : Training Loss: 12.5741720200, Validation Loss: 13.0934362411, Training R-squared: 0.4810077846, Validation R-squared: 0.4094973207
2023-11-24 14:18:02,847 - INFO - Epoch 56 : Training Loss: 12.5649700165, Validation Loss: 13.1050643921, Training R-squared: 0.4821372032, Validation R-squared: 0.4081605375
2023-11-24 14:18:05,286 - INFO - Epoch 57 : Training Loss: 12.5221433640, Validation Loss: 13.1205844879, Training R-squared: 0.4851852655, Validation R-squared: 0.4065435827
2023-11-24 14:18:07,800 - INFO - Epoch 58 : Training Loss: 12.5249719620, Validation Loss: 13.1082744598, Training R-squared: 0.4851430655, Validation R-squared: 0.4078243673
2023-11-24 14:18:10,259 - INFO - Epoch 59 : Training Loss: 12.4889535904, Validation Loss: 13.1049089432, Training R-squared: 0.4861024618, Validation R-squared: 0.4079375863
2023-11-24 14:18:12,728 - INFO - Epoch 60 : Training Loss: 12.4723005295, Validation Loss: 13.0771980286, Training R-squared: 0.4887355864, Validation R-squared: 0.4106405973
2023-11-24 14:18:15,161 - INFO - Epoch 61 : Training Loss: 12.4381122589, Validation Loss: 13.0543012619, Training R-squared: 0.4937020242, Validation R-squared: 0.4129290283
2023-11-24 14:18:17,873 - INFO - Epoch 62 : Training Loss: 12.3926200867, Validation Loss: 13.1006727219, Training R-squared: 0.4946810901, Validation R-squared: 0.4082920849
2023-11-24 14:18:20,332 - INFO - Epoch 63 : Training Loss: 12.3792419434, Validation Loss: 13.0637884140, Training R-squared: 0.4954482615, Validation R-squared: 0.4119078219
2023-11-24 14:18:22,750 - INFO - Epoch 64 : Training Loss: 12.3877811432, Validation Loss: 13.0695009232, Training R-squared: 0.4951945245, Validation R-squared: 0.4113111794
2023-11-24 14:18:25,352 - INFO - Epoch 65 : Training Loss: 12.3122329712, Validation Loss: 13.1046648026, Training R-squared: 0.5001500845, Validation R-squared: 0.4077968597
2023-11-24 14:18:27,741 - INFO - Epoch 66 : Training Loss: 12.2898740768, Validation Loss: 13.0772924423, Training R-squared: 0.5029613376, Validation R-squared: 0.4103404582
2023-11-24 14:18:33,775 - INFO - Model saved to models/portion_model/dinner/512_512_200_64/sparsity_85_fold_5_model.keras
2023-11-24 14:18:37,162 - INFO - Avg Metrics: RMSE: 10.8043388757, R-squared: -0.1237719481, PCC: 0.5914206750
2023-11-24 14:18:37,163 - INFO - Agg Metrics: RMSE: 13.1527728043, R-squared: 0.4127403699, PCC: 0.6445960958
2023-11-24 14:18:42,381 - INFO - ================================================================== Results Summary ===================================================================
2023-11-24 14:18:42,382 - INFO - CrossVal Metrics (Avg.) - RMSE: 11.0069250753  0.2196865934, R2: -0.1731883112  0.2196865934, PCC: 0.5867762213  0.2196865934
2023-11-24 14:18:42,382 - INFO - Testing  Metrics (Avg.) - RMSE: 10.9992166544, R2: 0.0331772937, PCC: 0.5772510125
2023-11-24 14:18:42,382 - INFO - CrossVal Metrics (Agg.) - RMSE: 13.7131192482  0.2196865934, R2: 0.3941897983  0.2196865934, PCC: 0.6296143324  0.2196865934
2023-11-24 14:18:42,382 - INFO - Testing  Metrics (Agg.) - RMSE: 13.8106441249, R2: 0.3989067910, PCC: 0.6327041809
