2023-11-24 10:37:09,575 - INFO - Training model at 55% sparse columns removed...
2023-11-24 10:37:18,007 - INFO - ================================================================== Fold 1 ===================================================================
2023-11-24 10:37:34,452 - INFO - Epoch 1  : Training Loss: 10.1559467316, Validation Loss: 9.9279565811, Training R-squared: 0.0327486955, Validation R-squared: 0.0461842939
2023-11-24 10:37:46,245 - INFO - Epoch 2  : Training Loss: 9.8917102814, Validation Loss: 9.6084184647, Training R-squared: 0.0845772550, Validation R-squared: 0.1068502516
2023-11-24 10:37:57,859 - INFO - Epoch 3  : Training Loss: 9.5674428940, Validation Loss: 9.0106201172, Training R-squared: 0.1454653591, Validation R-squared: 0.2143527269
2023-11-24 10:38:09,497 - INFO - Epoch 4  : Training Loss: 9.1485919952, Validation Loss: 8.9641838074, Training R-squared: 0.2171834707, Validation R-squared: 0.2223175615
2023-11-24 10:38:21,704 - INFO - Epoch 5  : Training Loss: 9.0935831070, Validation Loss: 8.9320335388, Training R-squared: 0.2270108014, Validation R-squared: 0.2278173715
2023-11-24 10:38:33,198 - INFO - Epoch 6  : Training Loss: 9.0423803329, Validation Loss: 8.8907499313, Training R-squared: 0.2365446240, Validation R-squared: 0.2347215265
2023-11-24 10:38:44,788 - INFO - Epoch 7  : Training Loss: 8.9734535217, Validation Loss: 8.8443403244, Training R-squared: 0.2481131852, Validation R-squared: 0.2428093255
2023-11-24 10:38:56,640 - INFO - Epoch 8  : Training Loss: 8.9000205994, Validation Loss: 8.7883081436, Training R-squared: 0.2597790658, Validation R-squared: 0.2519059777
2023-11-24 10:39:08,494 - INFO - Epoch 9  : Training Loss: 8.7916030884, Validation Loss: 8.7234888077, Training R-squared: 0.2763516605, Validation R-squared: 0.2627319992
2023-11-24 10:39:20,199 - INFO - Epoch 10 : Training Loss: 8.7334737778, Validation Loss: 8.7025270462, Training R-squared: 0.2863273323, Validation R-squared: 0.2658548057
2023-11-24 10:39:31,785 - INFO - Epoch 11 : Training Loss: 8.6840896606, Validation Loss: 8.6782655716, Training R-squared: 0.2927933931, Validation R-squared: 0.2702011764
2023-11-24 10:39:43,415 - INFO - Epoch 12 : Training Loss: 8.6534461975, Validation Loss: 8.6608753204, Training R-squared: 0.2991195917, Validation R-squared: 0.2727926672
2023-11-24 10:39:54,994 - INFO - Epoch 13 : Training Loss: 8.6109848022, Validation Loss: 8.6381483078, Training R-squared: 0.3054640591, Validation R-squared: 0.2766869068
2023-11-24 10:40:06,775 - INFO - Epoch 14 : Training Loss: 8.5662841797, Validation Loss: 8.6116838455, Training R-squared: 0.3130958676, Validation R-squared: 0.2811866999
2023-11-24 10:40:18,785 - INFO - Epoch 15 : Training Loss: 8.5065994263, Validation Loss: 8.5798921585, Training R-squared: 0.3213441372, Validation R-squared: 0.2864262164
2023-11-24 10:40:30,457 - INFO - Epoch 16 : Training Loss: 8.4461212158, Validation Loss: 8.5448532104, Training R-squared: 0.3299796581, Validation R-squared: 0.2920798957
2023-11-24 10:40:42,142 - INFO - Epoch 17 : Training Loss: 8.3817834854, Validation Loss: 8.5040435791, Training R-squared: 0.3415254056, Validation R-squared: 0.2982373834
2023-11-24 10:40:53,900 - INFO - Epoch 18 : Training Loss: 8.3325080872, Validation Loss: 8.4547986984, Training R-squared: 0.3487872183, Validation R-squared: 0.3065618277
2023-11-24 10:41:05,563 - INFO - Epoch 19 : Training Loss: 8.2844400406, Validation Loss: 8.4378614426, Training R-squared: 0.3540954888, Validation R-squared: 0.3087775111
2023-11-24 10:41:17,600 - INFO - Epoch 20 : Training Loss: 8.2378206253, Validation Loss: 8.4296998978, Training R-squared: 0.3608514965, Validation R-squared: 0.3100581467
2023-11-24 10:41:29,322 - INFO - Epoch 21 : Training Loss: 8.2081737518, Validation Loss: 8.4051179886, Training R-squared: 0.3667400777, Validation R-squared: 0.3141616881
2023-11-24 10:41:40,830 - INFO - Epoch 22 : Training Loss: 8.1758775711, Validation Loss: 8.4128637314, Training R-squared: 0.3709518909, Validation R-squared: 0.3126139939
2023-11-24 10:41:52,536 - INFO - Epoch 23 : Training Loss: 8.1464891434, Validation Loss: 8.3883819580, Training R-squared: 0.3758095801, Validation R-squared: 0.3166750669
2023-11-24 10:42:04,215 - INFO - Epoch 24 : Training Loss: 8.1183223724, Validation Loss: 8.3711853027, Training R-squared: 0.3804252744, Validation R-squared: 0.3194600642
2023-11-24 10:42:15,961 - INFO - Epoch 25 : Training Loss: 8.0904760361, Validation Loss: 8.4299850464, Training R-squared: 0.3840401769, Validation R-squared: 0.3088050485
2023-11-24 10:42:27,872 - INFO - Epoch 26 : Training Loss: 8.0532960892, Validation Loss: 8.3767433167, Training R-squared: 0.3899878860, Validation R-squared: 0.3179849982
2023-11-24 10:42:39,277 - INFO - Epoch 27 : Training Loss: 8.0279703140, Validation Loss: 8.3599119186, Training R-squared: 0.3937792480, Validation R-squared: 0.3208694756
2023-11-24 10:42:50,762 - INFO - Epoch 28 : Training Loss: 7.9958624840, Validation Loss: 8.3503065109, Training R-squared: 0.3963853717, Validation R-squared: 0.3224226534
2023-11-24 10:43:02,474 - INFO - Epoch 29 : Training Loss: 7.9771547318, Validation Loss: 8.3677406311, Training R-squared: 0.4001668394, Validation R-squared: 0.3191196918
2023-11-24 10:43:14,107 - INFO - Epoch 30 : Training Loss: 7.9477066994, Validation Loss: 8.3233127594, Training R-squared: 0.4035973251, Validation R-squared: 0.3269681931
2023-11-24 10:43:25,881 - INFO - Epoch 31 : Training Loss: 7.9251165390, Validation Loss: 8.3472967148, Training R-squared: 0.4071236253, Validation R-squared: 0.3225389719
2023-11-24 10:43:37,278 - INFO - Epoch 32 : Training Loss: 7.8982944489, Validation Loss: 8.3279705048, Training R-squared: 0.4096974432, Validation R-squared: 0.3262053132
2023-11-24 10:43:49,394 - INFO - Epoch 33 : Training Loss: 7.8722271919, Validation Loss: 8.3408098221, Training R-squared: 0.4143440723, Validation R-squared: 0.3233754039
2023-11-24 10:44:01,426 - INFO - Epoch 34 : Training Loss: 7.8497905731, Validation Loss: 8.3696784973, Training R-squared: 0.4169177413, Validation R-squared: 0.3184315562
2023-11-24 10:44:12,831 - INFO - Epoch 35 : Training Loss: 7.8372955322, Validation Loss: 8.3135776520, Training R-squared: 0.4198001623, Validation R-squared: 0.3283968866
2023-11-24 10:44:24,536 - INFO - Epoch 36 : Training Loss: 7.8029489517, Validation Loss: 8.3377113342, Training R-squared: 0.4246818125, Validation R-squared: 0.3239365220
2023-11-24 10:44:35,780 - INFO - Epoch 37 : Training Loss: 7.7958049774, Validation Loss: 8.3333568573, Training R-squared: 0.4256439805, Validation R-squared: 0.3244918883
2023-11-24 10:44:47,308 - INFO - Epoch 38 : Training Loss: 7.7611646652, Validation Loss: 8.3839044571, Training R-squared: 0.4296695888, Validation R-squared: 0.3157476485
2023-11-24 10:44:59,000 - INFO - Epoch 39 : Training Loss: 7.7479720116, Validation Loss: 8.3830671310, Training R-squared: 0.4324434698, Validation R-squared: 0.3158066869
2023-11-24 10:45:10,364 - INFO - Epoch 40 : Training Loss: 7.7240037918, Validation Loss: 8.3155183792, Training R-squared: 0.4352739751, Validation R-squared: 0.3274618685
2023-11-24 10:45:25,801 - INFO - Model saved to models/portion_model/dinner/512_512_200_64/sparsity_55_fold_1_model.keras
2023-11-24 10:45:30,534 - INFO - Avg Metrics: RMSE: 6.9764258466, R-squared: -0.0887938448, PCC: 0.4866339660
2023-11-24 10:45:30,534 - INFO - Agg Metrics: RMSE: 8.3743827103, R-squared: 0.3296219207, PCC: 0.5773092576
2023-11-24 10:45:36,875 - INFO - ================================================================== Fold 2 ===================================================================
2023-11-24 10:45:53,051 - INFO - Epoch 1  : Training Loss: 10.0850524902, Validation Loss: 10.2100257874, Training R-squared: 0.0332801305, Validation R-squared: 0.0450758971
2023-11-24 10:46:04,708 - INFO - Epoch 2  : Training Loss: 9.8203935623, Validation Loss: 9.8982944489, Training R-squared: 0.0844699964, Validation R-squared: 0.1037705466
2023-11-24 10:46:16,045 - INFO - Epoch 3  : Training Loss: 9.5546150208, Validation Loss: 9.4071741104, Training R-squared: 0.1316533983, Validation R-squared: 0.1923245937
2023-11-24 10:46:27,915 - INFO - Epoch 4  : Training Loss: 9.1023378372, Validation Loss: 9.2892303467, Training R-squared: 0.2142533958, Validation R-squared: 0.2122652382
2023-11-24 10:46:39,417 - INFO - Epoch 5  : Training Loss: 9.0243005753, Validation Loss: 9.2709636688, Training R-squared: 0.2276579589, Validation R-squared: 0.2152963728
2023-11-24 10:46:50,608 - INFO - Epoch 6  : Training Loss: 8.9723520279, Validation Loss: 9.2406072617, Training R-squared: 0.2359662503, Validation R-squared: 0.2206884474
2023-11-24 10:47:02,138 - INFO - Epoch 7  : Training Loss: 8.9139509201, Validation Loss: 9.2083654404, Training R-squared: 0.2461386770, Validation R-squared: 0.2257521749
2023-11-24 10:47:13,446 - INFO - Epoch 8  : Training Loss: 8.8542900085, Validation Loss: 9.1578989029, Training R-squared: 0.2564703524, Validation R-squared: 0.2342035919
2023-11-24 10:47:25,003 - INFO - Epoch 9  : Training Loss: 8.7664136887, Validation Loss: 9.0874776840, Training R-squared: 0.2708800733, Validation R-squared: 0.2454988509
2023-11-24 10:47:36,116 - INFO - Epoch 10 : Training Loss: 8.6811408997, Validation Loss: 9.0389194489, Training R-squared: 0.2831660509, Validation R-squared: 0.2532265782
2023-11-24 10:47:47,496 - INFO - Epoch 11 : Training Loss: 8.6230134964, Validation Loss: 9.0154190063, Training R-squared: 0.2932770550, Validation R-squared: 0.2571116388
2023-11-24 10:47:59,002 - INFO - Epoch 12 : Training Loss: 8.5737476349, Validation Loss: 8.9974555969, Training R-squared: 0.3014355898, Validation R-squared: 0.2597886324
2023-11-24 10:48:10,282 - INFO - Epoch 13 : Training Loss: 8.5350646973, Validation Loss: 8.9741077423, Training R-squared: 0.3071087003, Validation R-squared: 0.2636246681
2023-11-24 10:48:22,537 - INFO - Epoch 14 : Training Loss: 8.4880523682, Validation Loss: 8.9561996460, Training R-squared: 0.3136134148, Validation R-squared: 0.2664850950
2023-11-24 10:48:33,957 - INFO - Epoch 15 : Training Loss: 8.4411439896, Validation Loss: 8.9486303329, Training R-squared: 0.3215651810, Validation R-squared: 0.2673517764
2023-11-24 10:48:45,195 - INFO - Epoch 16 : Training Loss: 8.4061307907, Validation Loss: 8.9379596710, Training R-squared: 0.3270581663, Validation R-squared: 0.2687733173
2023-11-24 10:48:56,408 - INFO - Epoch 17 : Training Loss: 8.3668031693, Validation Loss: 8.9113674164, Training R-squared: 0.3337559700, Validation R-squared: 0.2731286287
2023-11-24 10:49:07,877 - INFO - Epoch 18 : Training Loss: 8.3165121078, Validation Loss: 8.8803749084, Training R-squared: 0.3398106992, Validation R-squared: 0.2780000865
2023-11-24 10:49:19,596 - INFO - Epoch 19 : Training Loss: 8.2756013870, Validation Loss: 8.8477087021, Training R-squared: 0.3482937813, Validation R-squared: 0.2828978002
2023-11-24 10:49:30,809 - INFO - Epoch 20 : Training Loss: 8.2139530182, Validation Loss: 8.8084707260, Training R-squared: 0.3571415544, Validation R-squared: 0.2893792391
2023-11-24 10:49:42,077 - INFO - Epoch 21 : Training Loss: 8.1537771225, Validation Loss: 8.7651710510, Training R-squared: 0.3666384518, Validation R-squared: 0.2957647145
2023-11-24 10:49:53,426 - INFO - Epoch 22 : Training Loss: 8.1133117676, Validation Loss: 8.7563171387, Training R-squared: 0.3722147942, Validation R-squared: 0.2968777120
2023-11-24 10:50:04,829 - INFO - Epoch 23 : Training Loss: 8.0698747635, Validation Loss: 8.7379026413, Training R-squared: 0.3765008450, Validation R-squared: 0.2995091975
2023-11-24 10:50:16,248 - INFO - Epoch 24 : Training Loss: 8.0346412659, Validation Loss: 8.7068586349, Training R-squared: 0.3830560446, Validation R-squared: 0.3043856323
2023-11-24 10:50:27,962 - INFO - Epoch 25 : Training Loss: 8.0056333542, Validation Loss: 8.6987600327, Training R-squared: 0.3867065310, Validation R-squared: 0.3053457439
2023-11-24 10:50:39,392 - INFO - Epoch 26 : Training Loss: 7.9668273926, Validation Loss: 8.7044334412, Training R-squared: 0.3936631382, Validation R-squared: 0.3043632209
2023-11-24 10:50:50,603 - INFO - Epoch 27 : Training Loss: 7.9353742599, Validation Loss: 8.7022294998, Training R-squared: 0.3982817829, Validation R-squared: 0.3043430150
2023-11-24 10:51:01,949 - INFO - Epoch 28 : Training Loss: 7.9128866196, Validation Loss: 8.6951408386, Training R-squared: 0.4022751451, Validation R-squared: 0.3057904840
2023-11-24 10:51:13,410 - INFO - Epoch 29 : Training Loss: 7.8793096542, Validation Loss: 8.6809864044, Training R-squared: 0.4059174359, Validation R-squared: 0.3074715436
2023-11-24 10:51:25,150 - INFO - Epoch 30 : Training Loss: 7.8624053001, Validation Loss: 8.6946353912, Training R-squared: 0.4075357318, Validation R-squared: 0.3052884042
2023-11-24 10:51:36,346 - INFO - Epoch 31 : Training Loss: 7.8414793015, Validation Loss: 8.6921787262, Training R-squared: 0.4108422995, Validation R-squared: 0.3056770265
2023-11-24 10:51:47,739 - INFO - Epoch 32 : Training Loss: 7.8191623688, Validation Loss: 8.7099437714, Training R-squared: 0.4153387547, Validation R-squared: 0.3022827506
2023-11-24 10:51:59,401 - INFO - Epoch 33 : Training Loss: 7.7966876030, Validation Loss: 8.7164516449, Training R-squared: 0.4182672501, Validation R-squared: 0.3011828065
2023-11-24 10:52:10,664 - INFO - Epoch 34 : Training Loss: 7.7723832130, Validation Loss: 8.6994581223, Training R-squared: 0.4221254885, Validation R-squared: 0.3040702939
2023-11-24 10:52:26,180 - INFO - Model saved to models/portion_model/dinner/512_512_200_64/sparsity_55_fold_2_model.keras
2023-11-24 10:52:30,321 - INFO - Avg Metrics: RMSE: 7.1210686683, R-squared: -0.6453673201, PCC: 0.4664077515
2023-11-24 10:52:30,321 - INFO - Agg Metrics: RMSE: 8.8187340459, R-squared: 0.3062157796, PCC: 0.5565763976
2023-11-24 10:52:36,561 - INFO - ================================================================== Fold 3 ===================================================================
2023-11-24 10:52:53,056 - INFO - Epoch 1  : Training Loss: 10.1271467209, Validation Loss: 10.0675115585, Training R-squared: 0.0335279107, Validation R-squared: 0.0435719900
2023-11-24 10:53:04,632 - INFO - Epoch 2  : Training Loss: 9.8631896973, Validation Loss: 9.7510013580, Training R-squared: 0.0834102333, Validation R-squared: 0.1033393070
2023-11-24 10:53:15,896 - INFO - Epoch 3  : Training Loss: 9.5685358047, Validation Loss: 9.2147960663, Training R-squared: 0.1378788799, Validation R-squared: 0.2006065249
2023-11-24 10:53:27,720 - INFO - Epoch 4  : Training Loss: 9.1152944565, Validation Loss: 9.1424150467, Training R-squared: 0.2174784392, Validation R-squared: 0.2130523175
2023-11-24 10:53:39,037 - INFO - Epoch 5  : Training Loss: 9.0466842651, Validation Loss: 9.1043405533, Training R-squared: 0.2297154516, Validation R-squared: 0.2199221849
2023-11-24 10:53:51,606 - INFO - Epoch 6  : Training Loss: 8.9740962982, Validation Loss: 9.0502662659, Training R-squared: 0.2419720739, Validation R-squared: 0.2292211205
2023-11-24 10:54:03,515 - INFO - Epoch 7  : Training Loss: 8.8896846771, Validation Loss: 8.9951019287, Training R-squared: 0.2556988597, Validation R-squared: 0.2384752780
2023-11-24 10:54:15,020 - INFO - Epoch 8  : Training Loss: 8.7787475586, Validation Loss: 8.9138965607, Training R-squared: 0.2747416496, Validation R-squared: 0.2521313727
2023-11-24 10:54:26,529 - INFO - Epoch 9  : Training Loss: 8.7004499435, Validation Loss: 8.8881921768, Training R-squared: 0.2856799066, Validation R-squared: 0.2565490603
2023-11-24 10:54:37,870 - INFO - Epoch 10 : Training Loss: 8.6675891876, Validation Loss: 8.8776588440, Training R-squared: 0.2917021513, Validation R-squared: 0.2583285868
2023-11-24 10:54:49,032 - INFO - Epoch 11 : Training Loss: 8.6256275177, Validation Loss: 8.8709459305, Training R-squared: 0.2979282737, Validation R-squared: 0.2592374384
2023-11-24 10:55:00,574 - INFO - Epoch 12 : Training Loss: 8.5827322006, Validation Loss: 8.8625926971, Training R-squared: 0.3050083220, Validation R-squared: 0.2605804503
2023-11-24 10:55:11,741 - INFO - Epoch 13 : Training Loss: 8.5617971420, Validation Loss: 8.8587789536, Training R-squared: 0.3100788593, Validation R-squared: 0.2610077858
2023-11-24 10:55:23,685 - INFO - Epoch 14 : Training Loss: 8.5257959366, Validation Loss: 8.8521261215, Training R-squared: 0.3129415512, Validation R-squared: 0.2621226311
2023-11-24 10:55:35,040 - INFO - Epoch 15 : Training Loss: 8.4814329147, Validation Loss: 8.8171701431, Training R-squared: 0.3214613795, Validation R-squared: 0.2680566907
2023-11-24 10:55:46,245 - INFO - Epoch 16 : Training Loss: 8.4463834763, Validation Loss: 8.7912893295, Training R-squared: 0.3265919685, Validation R-squared: 0.2724426389
2023-11-24 10:55:57,424 - INFO - Epoch 17 : Training Loss: 8.4069461823, Validation Loss: 8.7659797668, Training R-squared: 0.3317598999, Validation R-squared: 0.2761036158
2023-11-24 10:56:09,003 - INFO - Epoch 18 : Training Loss: 8.3541650772, Validation Loss: 8.7250356674, Training R-squared: 0.3397355080, Validation R-squared: 0.2827868462
2023-11-24 10:56:20,853 - INFO - Epoch 19 : Training Loss: 8.2965822220, Validation Loss: 8.7005300522, Training R-squared: 0.3494078815, Validation R-squared: 0.2862216234
2023-11-24 10:56:32,160 - INFO - Epoch 20 : Training Loss: 8.2514896393, Validation Loss: 8.6567211151, Training R-squared: 0.3554617763, Validation R-squared: 0.2933219373
2023-11-24 10:56:43,550 - INFO - Epoch 21 : Training Loss: 8.2123785019, Validation Loss: 8.6633634567, Training R-squared: 0.3605628908, Validation R-squared: 0.2915191948
2023-11-24 10:56:54,968 - INFO - Epoch 22 : Training Loss: 8.1770029068, Validation Loss: 8.6508598328, Training R-squared: 0.3665451407, Validation R-squared: 0.2931791842
2023-11-24 10:57:06,316 - INFO - Epoch 23 : Training Loss: 8.1385345459, Validation Loss: 8.5981426239, Training R-squared: 0.3720310628, Validation R-squared: 0.3021001220
2023-11-24 10:57:17,772 - INFO - Epoch 24 : Training Loss: 8.1117286682, Validation Loss: 8.6004648209, Training R-squared: 0.3761846721, Validation R-squared: 0.3012090623
2023-11-24 10:57:29,117 - INFO - Epoch 25 : Training Loss: 8.0849256516, Validation Loss: 8.6445579529, Training R-squared: 0.3817998171, Validation R-squared: 0.2932764888
2023-11-24 10:57:40,540 - INFO - Epoch 26 : Training Loss: 8.0705871582, Validation Loss: 8.6288661957, Training R-squared: 0.3830930293, Validation R-squared: 0.2958920896
2023-11-24 10:57:51,963 - INFO - Epoch 27 : Training Loss: 8.0317010880, Validation Loss: 8.5929365158, Training R-squared: 0.3877827525, Validation R-squared: 0.3022170961
2023-11-24 10:58:03,442 - INFO - Epoch 28 : Training Loss: 8.0124778748, Validation Loss: 8.6021680832, Training R-squared: 0.3908221424, Validation R-squared: 0.3002413213
2023-11-24 10:58:14,926 - INFO - Epoch 29 : Training Loss: 7.9839887619, Validation Loss: 8.6428909302, Training R-squared: 0.3931705952, Validation R-squared: 0.2930081785
2023-11-24 10:58:26,441 - INFO - Epoch 30 : Training Loss: 7.9566936493, Validation Loss: 8.6062145233, Training R-squared: 0.3987637460, Validation R-squared: 0.2992226183
2023-11-24 10:58:37,649 - INFO - Epoch 31 : Training Loss: 7.9305496216, Validation Loss: 8.5998258591, Training R-squared: 0.4016102850, Validation R-squared: 0.3001571000
2023-11-24 10:58:49,339 - INFO - Epoch 32 : Training Loss: 7.9007945061, Validation Loss: 8.5727777481, Training R-squared: 0.4057821631, Validation R-squared: 0.3047857881
2023-11-24 10:59:00,854 - INFO - Epoch 33 : Training Loss: 7.8756837845, Validation Loss: 8.5700426102, Training R-squared: 0.4099350274, Validation R-squared: 0.3048976958
2023-11-24 10:59:12,054 - INFO - Epoch 34 : Training Loss: 7.8549461365, Validation Loss: 8.5826978683, Training R-squared: 0.4135870039, Validation R-squared: 0.3027517796
2023-11-24 10:59:23,955 - INFO - Epoch 35 : Training Loss: 7.8278851509, Validation Loss: 8.6224937439, Training R-squared: 0.4189121723, Validation R-squared: 0.2954082489
2023-11-24 10:59:35,358 - INFO - Epoch 36 : Training Loss: 7.8077354431, Validation Loss: 8.5970153809, Training R-squared: 0.4200738370, Validation R-squared: 0.2997724712
2023-11-24 10:59:46,577 - INFO - Epoch 37 : Training Loss: 7.7833571434, Validation Loss: 8.5752544403, Training R-squared: 0.4218124449, Validation R-squared: 0.3034538031
2023-11-24 10:59:57,817 - INFO - Epoch 38 : Training Loss: 7.7616028786, Validation Loss: 8.6024608612, Training R-squared: 0.4270034730, Validation R-squared: 0.2982201576
2023-11-24 11:00:12,792 - INFO - Model saved to models/portion_model/dinner/512_512_200_64/sparsity_55_fold_3_model.keras
2023-11-24 11:00:17,883 - INFO - Avg Metrics: RMSE: 7.1015057310, R-squared: -0.1229040223, PCC: 0.4723580678
2023-11-24 11:00:17,883 - INFO - Agg Metrics: RMSE: 8.6764776011, R-squared: 0.3038358537, PCC: 0.5567464034
2023-11-24 11:00:24,192 - INFO - ================================================================== Fold 4 ===================================================================
2023-11-24 11:00:40,487 - INFO - Epoch 1  : Training Loss: 10.1520042419, Validation Loss: 9.9972286224, Training R-squared: 0.0329966731, Validation R-squared: 0.0421517976
2023-11-24 11:00:51,825 - INFO - Epoch 2  : Training Loss: 9.8923101425, Validation Loss: 9.6854496002, Training R-squared: 0.0823354274, Validation R-squared: 0.1014149562
2023-11-24 11:01:03,123 - INFO - Epoch 3  : Training Loss: 9.6629323959, Validation Loss: 9.2625846863, Training R-squared: 0.1257349402, Validation R-squared: 0.1792537719
2023-11-24 11:01:14,521 - INFO - Epoch 4  : Training Loss: 9.1597442627, Validation Loss: 9.0836744308, Training R-squared: 0.2151551396, Validation R-squared: 0.2096653879
2023-11-24 11:01:26,038 - INFO - Epoch 5  : Training Loss: 9.0813407898, Validation Loss: 9.0470266342, Training R-squared: 0.2263546139, Validation R-squared: 0.2166550159
2023-11-24 11:01:37,304 - INFO - Epoch 6  : Training Loss: 9.0305614471, Validation Loss: 8.9986047745, Training R-squared: 0.2367883623, Validation R-squared: 0.2247368246
2023-11-24 11:01:48,669 - INFO - Epoch 7  : Training Loss: 8.9616365433, Validation Loss: 8.9664154053, Training R-squared: 0.2477068752, Validation R-squared: 0.2304459661
2023-11-24 11:02:00,142 - INFO - Epoch 8  : Training Loss: 8.9039726257, Validation Loss: 8.9223642349, Training R-squared: 0.2578200698, Validation R-squared: 0.2377670258
2023-11-24 11:02:11,581 - INFO - Epoch 9  : Training Loss: 8.8026418686, Validation Loss: 8.8454780579, Training R-squared: 0.2721705735, Validation R-squared: 0.2499006838
2023-11-24 11:02:22,905 - INFO - Epoch 10 : Training Loss: 8.7265138626, Validation Loss: 8.8112649918, Training R-squared: 0.2850913405, Validation R-squared: 0.2556026578
2023-11-24 11:02:34,414 - INFO - Epoch 11 : Training Loss: 8.6762285233, Validation Loss: 8.7801570892, Training R-squared: 0.2922649682, Validation R-squared: 0.2605170012
2023-11-24 11:02:45,905 - INFO - Epoch 12 : Training Loss: 8.6349945068, Validation Loss: 8.7525320053, Training R-squared: 0.2994955778, Validation R-squared: 0.2654630542
2023-11-24 11:02:57,239 - INFO - Epoch 13 : Training Loss: 8.5779247284, Validation Loss: 8.7322244644, Training R-squared: 0.3082550466, Validation R-squared: 0.2685317695
2023-11-24 11:03:08,610 - INFO - Epoch 14 : Training Loss: 8.5398054123, Validation Loss: 8.7263259888, Training R-squared: 0.3146055341, Validation R-squared: 0.2691623271
2023-11-24 11:03:20,228 - INFO - Epoch 15 : Training Loss: 8.4994993210, Validation Loss: 8.6826791763, Training R-squared: 0.3213934898, Validation R-squared: 0.2766162753
2023-11-24 11:03:31,737 - INFO - Epoch 16 : Training Loss: 8.4382419586, Validation Loss: 8.6435689926, Training R-squared: 0.3295984864, Validation R-squared: 0.2829744816
2023-11-24 11:03:42,945 - INFO - Epoch 17 : Training Loss: 8.3800964355, Validation Loss: 8.6161832809, Training R-squared: 0.3391433358, Validation R-squared: 0.2869837880
2023-11-24 11:03:55,343 - INFO - Epoch 18 : Training Loss: 8.3298339844, Validation Loss: 8.6278448105, Training R-squared: 0.3450814486, Validation R-squared: 0.2836186588
2023-11-24 11:04:06,838 - INFO - Epoch 19 : Training Loss: 8.2930603027, Validation Loss: 8.5628528595, Training R-squared: 0.3522856236, Validation R-squared: 0.2954002619
2023-11-24 11:04:18,450 - INFO - Epoch 20 : Training Loss: 8.2585411072, Validation Loss: 8.5728845596, Training R-squared: 0.3576456010, Validation R-squared: 0.2932954431
2023-11-24 11:04:29,897 - INFO - Epoch 21 : Training Loss: 8.2170572281, Validation Loss: 8.5390977859, Training R-squared: 0.3629917204, Validation R-squared: 0.2990114987
2023-11-24 11:04:41,416 - INFO - Epoch 22 : Training Loss: 8.1893005371, Validation Loss: 8.5443162918, Training R-squared: 0.3680132926, Validation R-squared: 0.2976463139
2023-11-24 11:04:52,643 - INFO - Epoch 23 : Training Loss: 8.1500272751, Validation Loss: 8.5549669266, Training R-squared: 0.3738496304, Validation R-squared: 0.2952939868
2023-11-24 11:05:04,146 - INFO - Epoch 24 : Training Loss: 8.1256704330, Validation Loss: 8.5172252655, Training R-squared: 0.3760033250, Validation R-squared: 0.3016352952
2023-11-24 11:05:15,596 - INFO - Epoch 25 : Training Loss: 8.0972623825, Validation Loss: 8.5218667984, Training R-squared: 0.3818741143, Validation R-squared: 0.3006936014
2023-11-24 11:05:27,109 - INFO - Epoch 26 : Training Loss: 8.0698060989, Validation Loss: 8.5235471725, Training R-squared: 0.3863223493, Validation R-squared: 0.3002284169
2023-11-24 11:05:38,528 - INFO - Epoch 27 : Training Loss: 8.0423460007, Validation Loss: 8.4913187027, Training R-squared: 0.3889766932, Validation R-squared: 0.3056413531
2023-11-24 11:05:49,807 - INFO - Epoch 28 : Training Loss: 8.0193309784, Validation Loss: 8.4934701920, Training R-squared: 0.3930576146, Validation R-squared: 0.3052357137
2023-11-24 11:06:01,804 - INFO - Epoch 29 : Training Loss: 7.9889054298, Validation Loss: 8.4801645279, Training R-squared: 0.3980900049, Validation R-squared: 0.3076505661
2023-11-24 11:06:13,130 - INFO - Epoch 30 : Training Loss: 7.9573211670, Validation Loss: 8.4738349915, Training R-squared: 0.4013369679, Validation R-squared: 0.3082189262
2023-11-24 11:06:25,041 - INFO - Epoch 31 : Training Loss: 7.9375772476, Validation Loss: 8.4521417618, Training R-squared: 0.4048412740, Validation R-squared: 0.3121513724
2023-11-24 11:06:36,497 - INFO - Epoch 32 : Training Loss: 7.9050707817, Validation Loss: 8.4894800186, Training R-squared: 0.4098664522, Validation R-squared: 0.3052533865
2023-11-24 11:06:47,691 - INFO - Epoch 33 : Training Loss: 7.8716583252, Validation Loss: 8.4434728622, Training R-squared: 0.4154399037, Validation R-squared: 0.3129817843
2023-11-24 11:06:59,127 - INFO - Epoch 34 : Training Loss: 7.8454327583, Validation Loss: 8.4846248627, Training R-squared: 0.4162128270, Validation R-squared: 0.3055686951
2023-11-24 11:07:10,424 - INFO - Epoch 35 : Training Loss: 7.8133540154, Validation Loss: 8.4112043381, Training R-squared: 0.4226836562, Validation R-squared: 0.3188982606
2023-11-24 11:07:21,924 - INFO - Epoch 36 : Training Loss: 7.8012013435, Validation Loss: 8.4784412384, Training R-squared: 0.4256129563, Validation R-squared: 0.3065327704
2023-11-24 11:07:33,253 - INFO - Epoch 37 : Training Loss: 7.7699284554, Validation Loss: 8.4212999344, Training R-squared: 0.4289564192, Validation R-squared: 0.3167484105
2023-11-24 11:07:44,858 - INFO - Epoch 38 : Training Loss: 7.7481288910, Validation Loss: 8.4200353622, Training R-squared: 0.4308165312, Validation R-squared: 0.3166432679
2023-11-24 11:07:56,351 - INFO - Epoch 39 : Training Loss: 7.7303419113, Validation Loss: 8.4553050995, Training R-squared: 0.4333761930, Validation R-squared: 0.3102879822
2023-11-24 11:08:07,717 - INFO - Epoch 40 : Training Loss: 7.7153229713, Validation Loss: 8.4240045547, Training R-squared: 0.4359923601, Validation R-squared: 0.3158416748
2023-11-24 11:08:23,147 - INFO - Model saved to models/portion_model/dinner/512_512_200_64/sparsity_55_fold_4_model.keras
2023-11-24 11:08:27,785 - INFO - Avg Metrics: RMSE: 6.9799468482, R-squared: -0.0735246687, PCC: 0.4817286279
2023-11-24 11:08:27,785 - INFO - Agg Metrics: RMSE: 8.5586743279, R-squared: 0.3161184712, PCC: 0.5644668337
2023-11-24 11:08:34,173 - INFO - ================================================================== Fold 5 ===================================================================
2023-11-24 11:08:50,128 - INFO - Epoch 1  : Training Loss: 10.1050653458, Validation Loss: 10.1378040314, Training R-squared: 0.0330827907, Validation R-squared: 0.0454843082
2023-11-24 11:09:01,745 - INFO - Epoch 2  : Training Loss: 9.8394603729, Validation Loss: 9.8206396103, Training R-squared: 0.0851882771, Validation R-squared: 0.1043758243
2023-11-24 11:09:13,037 - INFO - Epoch 3  : Training Loss: 9.4515085220, Validation Loss: 9.2862100601, Training R-squared: 0.1563232094, Validation R-squared: 0.1997622848
2023-11-24 11:09:24,771 - INFO - Epoch 4  : Training Loss: 9.1090850830, Validation Loss: 9.2156019211, Training R-squared: 0.2161100954, Validation R-squared: 0.2121158838
2023-11-24 11:09:36,154 - INFO - Epoch 5  : Training Loss: 9.0443143845, Validation Loss: 9.1826353073, Training R-squared: 0.2275892496, Validation R-squared: 0.2175441235
2023-11-24 11:09:47,373 - INFO - Epoch 6  : Training Loss: 8.9757680893, Validation Loss: 9.1234197617, Training R-squared: 0.2392315120, Validation R-squared: 0.2275101990
2023-11-24 11:09:58,687 - INFO - Epoch 7  : Training Loss: 8.8946743011, Validation Loss: 9.0790672302, Training R-squared: 0.2525406778, Validation R-squared: 0.2346901298
2023-11-24 11:10:10,042 - INFO - Epoch 8  : Training Loss: 8.8255596161, Validation Loss: 9.0240468979, Training R-squared: 0.2627778053, Validation R-squared: 0.2435024232
2023-11-24 11:10:21,713 - INFO - Epoch 9  : Training Loss: 8.7455329895, Validation Loss: 8.9731922150, Training R-squared: 0.2760356665, Validation R-squared: 0.2519973814
2023-11-24 11:10:32,868 - INFO - Epoch 10 : Training Loss: 8.6809511185, Validation Loss: 8.9382534027, Training R-squared: 0.2871426642, Validation R-squared: 0.2573035955
2023-11-24 11:10:44,301 - INFO - Epoch 11 : Training Loss: 8.6309909821, Validation Loss: 8.9034385681, Training R-squared: 0.2941817939, Validation R-squared: 0.2627422214
2023-11-24 11:10:55,733 - INFO - Epoch 12 : Training Loss: 8.5804777145, Validation Loss: 8.8814573288, Training R-squared: 0.3022994101, Validation R-squared: 0.2658638060
2023-11-24 11:11:07,142 - INFO - Epoch 13 : Training Loss: 8.5222330093, Validation Loss: 8.8508882523, Training R-squared: 0.3130856454, Validation R-squared: 0.2704725266
2023-11-24 11:11:18,825 - INFO - Epoch 14 : Training Loss: 8.4620151520, Validation Loss: 8.8208732605, Training R-squared: 0.3210918307, Validation R-squared: 0.2754215896
2023-11-24 11:11:30,213 - INFO - Epoch 15 : Training Loss: 8.4022588730, Validation Loss: 8.8087654114, Training R-squared: 0.3303234577, Validation R-squared: 0.2769619226
2023-11-24 11:11:41,635 - INFO - Epoch 16 : Training Loss: 8.3473873138, Validation Loss: 8.7835683823, Training R-squared: 0.3373801112, Validation R-squared: 0.2806773186
2023-11-24 11:11:52,922 - INFO - Epoch 17 : Training Loss: 8.3114538193, Validation Loss: 8.7691211700, Training R-squared: 0.3423256278, Validation R-squared: 0.2829590142
2023-11-24 11:12:04,304 - INFO - Epoch 18 : Training Loss: 8.2585420609, Validation Loss: 8.7448644638, Training R-squared: 0.3511994481, Validation R-squared: 0.2871104777
2023-11-24 11:12:15,723 - INFO - Epoch 19 : Training Loss: 8.2212095261, Validation Loss: 8.7269668579, Training R-squared: 0.3568764925, Validation R-squared: 0.2895332277
2023-11-24 11:12:27,363 - INFO - Epoch 20 : Training Loss: 8.1703166962, Validation Loss: 8.7269220352, Training R-squared: 0.3655496240, Validation R-squared: 0.2894559503
2023-11-24 11:12:38,614 - INFO - Epoch 21 : Training Loss: 8.1454877853, Validation Loss: 8.7226505280, Training R-squared: 0.3693426549, Validation R-squared: 0.2896715701
2023-11-24 11:12:50,256 - INFO - Epoch 22 : Training Loss: 8.0863189697, Validation Loss: 8.6897554398, Training R-squared: 0.3748347759, Validation R-squared: 0.2953257561
2023-11-24 11:13:02,429 - INFO - Epoch 23 : Training Loss: 8.0690727234, Validation Loss: 8.6799240112, Training R-squared: 0.3796402812, Validation R-squared: 0.2968798876
2023-11-24 11:13:14,305 - INFO - Epoch 24 : Training Loss: 8.0457897186, Validation Loss: 8.6921806335, Training R-squared: 0.3842544258, Validation R-squared: 0.2944159508
2023-11-24 11:13:26,719 - INFO - Epoch 25 : Training Loss: 7.9998536110, Validation Loss: 8.6723365784, Training R-squared: 0.3899269104, Validation R-squared: 0.2977180779
2023-11-24 11:13:37,995 - INFO - Epoch 26 : Training Loss: 7.9757571220, Validation Loss: 8.6607666016, Training R-squared: 0.3927598000, Validation R-squared: 0.2997158468
2023-11-24 11:13:50,374 - INFO - Epoch 27 : Training Loss: 7.9301223755, Validation Loss: 8.6527805328, Training R-squared: 0.4012827575, Validation R-squared: 0.3005408645
2023-11-24 11:14:02,435 - INFO - Epoch 28 : Training Loss: 7.9034857750, Validation Loss: 8.6517591476, Training R-squared: 0.4041588902, Validation R-squared: 0.3007689714
2023-11-24 11:14:13,698 - INFO - Epoch 29 : Training Loss: 7.8733367920, Validation Loss: 8.6873779297, Training R-squared: 0.4101959467, Validation R-squared: 0.2941202521
2023-11-24 11:14:25,237 - INFO - Epoch 30 : Training Loss: 7.8379688263, Validation Loss: 8.6573982239, Training R-squared: 0.4125796258, Validation R-squared: 0.2992089391
2023-11-24 11:14:36,574 - INFO - Epoch 31 : Training Loss: 7.8187732697, Validation Loss: 8.6372671127, Training R-squared: 0.4142451286, Validation R-squared: 0.3026341498
2023-11-24 11:14:47,919 - INFO - Epoch 32 : Training Loss: 7.7990093231, Validation Loss: 8.6409597397, Training R-squared: 0.4202109575, Validation R-squared: 0.3018691242
2023-11-24 11:15:01,215 - INFO - Epoch 33 : Training Loss: 7.7723984718, Validation Loss: 8.6609592438, Training R-squared: 0.4217860401, Validation R-squared: 0.2984085679
2023-11-24 11:15:13,761 - INFO - Epoch 34 : Training Loss: 7.7492485046, Validation Loss: 8.6463823318, Training R-squared: 0.4253403544, Validation R-squared: 0.3008326590
2023-11-24 11:15:28,025 - INFO - Epoch 35 : Training Loss: 7.7308878899, Validation Loss: 8.6628084183, Training R-squared: 0.4292045236, Validation R-squared: 0.2979821563
2023-11-24 11:15:42,929 - INFO - Epoch 36 : Training Loss: 7.7160959244, Validation Loss: 8.6530742645, Training R-squared: 0.4307900667, Validation R-squared: 0.2995857894
2023-11-24 11:16:01,349 - INFO - Model saved to models/portion_model/dinner/512_512_200_64/sparsity_55_fold_5_model.keras
2023-11-24 11:16:07,516 - INFO - Avg Metrics: RMSE: 7.1662827713, R-squared: -0.8278189704, PCC: 0.4830857473
2023-11-24 11:16:07,516 - INFO - Agg Metrics: RMSE: 8.7043665196, R-squared: 0.3064470331, PCC: 0.5583157078
2023-11-24 11:16:24,010 - INFO - ================================================================== Results Summary ===================================================================
2023-11-24 11:16:24,010 - INFO - CrossVal Metrics (Avg.) - RMSE: 7.0690459731 ± 0.0771130774, R2: -0.3516817653 ± 0.0771130774, PCC: 0.4780428321 ± 0.0771130774
2023-11-24 11:16:24,011 - INFO - Testing  Metrics (Avg.) - RMSE: 7.0429042221, R2: 0.0307879308, PCC: 0.4902730086
2023-11-24 11:16:24,011 - INFO - CrossVal Metrics (Agg.) - RMSE: 8.6265270410 ± 0.0771130774, R2: 0.3124478116 ± 0.0771130774, PCC: 0.5626829200 ± 0.0771130774
2023-11-24 11:16:24,011 - INFO - Testing  Metrics (Agg.) - RMSE: 8.5782348240, R2: 0.3301840498, PCC: 0.5763069312
