2023-11-24 03:43:14,573 - INFO - Training model at 20% sparse columns removed...
2023-11-24 03:43:23,593 - INFO - ================================================================== Fold 1 ===================================================================
2023-11-24 03:43:56,112 - INFO - Epoch 1  : Training Loss: 7.6586284637, Validation Loss: 7.3601770401, Training R-squared: 0.0364892446, Validation R-squared: 0.0639557764
2023-11-24 03:44:18,746 - INFO - Epoch 2  : Training Loss: 7.4108347893, Validation Loss: 7.1992464066, Training R-squared: 0.0961015075, Validation R-squared: 0.1043005288
2023-11-24 03:44:41,070 - INFO - Epoch 3  : Training Loss: 7.2144403458, Validation Loss: 6.8015284538, Training R-squared: 0.1433207989, Validation R-squared: 0.2005192786
2023-11-24 03:45:03,760 - INFO - Epoch 4  : Training Loss: 6.9133768082, Validation Loss: 6.7585854530, Training R-squared: 0.2156197131, Validation R-squared: 0.2104693949
2023-11-24 03:45:26,671 - INFO - Epoch 5  : Training Loss: 6.8618383408, Validation Loss: 6.7377896309, Training R-squared: 0.2268384695, Validation R-squared: 0.2153364867
2023-11-24 03:45:51,669 - INFO - Epoch 6  : Training Loss: 6.7990479469, Validation Loss: 6.6969947815, Training R-squared: 0.2412222028, Validation R-squared: 0.2247526348
2023-11-24 03:46:16,937 - INFO - Epoch 7  : Training Loss: 6.7350664139, Validation Loss: 6.6534471512, Training R-squared: 0.2539027631, Validation R-squared: 0.2344431281
2023-11-24 03:46:40,663 - INFO - Epoch 8  : Training Loss: 6.6696095467, Validation Loss: 6.6060585976, Training R-squared: 0.2693612576, Validation R-squared: 0.2446501553
2023-11-24 03:47:04,273 - INFO - Epoch 9  : Training Loss: 6.6039686203, Validation Loss: 6.5826859474, Training R-squared: 0.2833948731, Validation R-squared: 0.2492542118
2023-11-24 03:47:28,077 - INFO - Epoch 10 : Training Loss: 6.5592775345, Validation Loss: 6.5722217560, Training R-squared: 0.2903604209, Validation R-squared: 0.2515354753
2023-11-24 03:47:51,946 - INFO - Epoch 11 : Training Loss: 6.5255413055, Validation Loss: 6.5753931999, Training R-squared: 0.2997637689, Validation R-squared: 0.2500865757
2023-11-24 03:48:15,555 - INFO - Epoch 12 : Training Loss: 6.4858593941, Validation Loss: 6.5314173698, Training R-squared: 0.3069473803, Validation R-squared: 0.2603204548
2023-11-24 03:48:39,506 - INFO - Epoch 13 : Training Loss: 6.4320793152, Validation Loss: 6.4894127846, Training R-squared: 0.3170801401, Validation R-squared: 0.2702805996
2023-11-24 03:49:03,060 - INFO - Epoch 14 : Training Loss: 6.3950510025, Validation Loss: 6.4761581421, Training R-squared: 0.3254685700, Validation R-squared: 0.2726384699
2023-11-24 03:49:26,615 - INFO - Epoch 15 : Training Loss: 6.3442702293, Validation Loss: 6.4489130974, Training R-squared: 0.3355661035, Validation R-squared: 0.2789947093
2023-11-24 03:49:50,091 - INFO - Epoch 16 : Training Loss: 6.3083329201, Validation Loss: 6.4287362099, Training R-squared: 0.3429556489, Validation R-squared: 0.2831584513
2023-11-24 03:50:13,936 - INFO - Epoch 17 : Training Loss: 6.2658367157, Validation Loss: 6.4293270111, Training R-squared: 0.3513440490, Validation R-squared: 0.2825534344
2023-11-24 03:50:37,530 - INFO - Epoch 18 : Training Loss: 6.2371163368, Validation Loss: 6.4195737839, Training R-squared: 0.3570441902, Validation R-squared: 0.2847752869
2023-11-24 03:51:00,924 - INFO - Epoch 19 : Training Loss: 6.2044901848, Validation Loss: 6.4127364159, Training R-squared: 0.3633100688, Validation R-squared: 0.2859912515
2023-11-24 03:51:25,021 - INFO - Epoch 20 : Training Loss: 6.1705040932, Validation Loss: 6.4083943367, Training R-squared: 0.3704778552, Validation R-squared: 0.2865682542
2023-11-24 03:51:48,607 - INFO - Epoch 21 : Training Loss: 6.1485457420, Validation Loss: 6.4006485939, Training R-squared: 0.3739331663, Validation R-squared: 0.2883937955
2023-11-24 03:52:12,389 - INFO - Epoch 22 : Training Loss: 6.1267004013, Validation Loss: 6.3974156380, Training R-squared: 0.3784081936, Validation R-squared: 0.2889149189
2023-11-24 03:52:35,907 - INFO - Epoch 23 : Training Loss: 6.1036577225, Validation Loss: 6.4098787308, Training R-squared: 0.3824462593, Validation R-squared: 0.2859062850
2023-11-24 03:52:59,523 - INFO - Epoch 24 : Training Loss: 6.0761590004, Validation Loss: 6.4307794571, Training R-squared: 0.3884500861, Validation R-squared: 0.2804228961
2023-11-24 03:53:23,105 - INFO - Epoch 25 : Training Loss: 6.0631909370, Validation Loss: 6.3931441307, Training R-squared: 0.3905186951, Validation R-squared: 0.2893774509
2023-11-24 03:53:47,421 - INFO - Epoch 26 : Training Loss: 6.0377116203, Validation Loss: 6.4211521149, Training R-squared: 0.3954336643, Validation R-squared: 0.2826400399
2023-11-24 03:54:11,951 - INFO - Epoch 27 : Training Loss: 6.0207133293, Validation Loss: 6.4127235413, Training R-squared: 0.3995713890, Validation R-squared: 0.2847803831
2023-11-24 03:54:35,528 - INFO - Epoch 28 : Training Loss: 5.9941172600, Validation Loss: 6.4101047516, Training R-squared: 0.4033746719, Validation R-squared: 0.2851038277
2023-11-24 03:54:59,272 - INFO - Epoch 29 : Training Loss: 5.9762754440, Validation Loss: 6.4205160141, Training R-squared: 0.4071866870, Validation R-squared: 0.2821570039
2023-11-24 03:55:22,942 - INFO - Epoch 30 : Training Loss: 5.9572935104, Validation Loss: 6.3845748901, Training R-squared: 0.4110098779, Validation R-squared: 0.2906435728
2023-11-24 03:55:46,653 - INFO - Epoch 31 : Training Loss: 5.9368443489, Validation Loss: 6.4178967476, Training R-squared: 0.4160405099, Validation R-squared: 0.2825230360
2023-11-24 03:56:10,250 - INFO - Epoch 32 : Training Loss: 5.9065527916, Validation Loss: 6.4221410751, Training R-squared: 0.4206833541, Validation R-squared: 0.2816344202
2023-11-24 03:56:34,894 - INFO - Epoch 33 : Training Loss: 5.8925538063, Validation Loss: 6.3862915039, Training R-squared: 0.4231018424, Validation R-squared: 0.2901528478
2023-11-24 03:57:03,177 - INFO - Epoch 34 : Training Loss: 5.8764567375, Validation Loss: 6.3975977898, Training R-squared: 0.4264129996, Validation R-squared: 0.2872200906
2023-11-24 03:57:27,080 - INFO - Epoch 35 : Training Loss: 5.8579416275, Validation Loss: 6.3973984718, Training R-squared: 0.4290130138, Validation R-squared: 0.2871572673
2023-11-24 03:57:50,580 - INFO - Model saved to models/portion_model/dinner/512_512_200_64/sparsity_20_fold_1_model.keras
2023-11-24 03:57:56,081 - INFO - Avg Metrics: RMSE: 5.3700329372, R-squared: -0.4298849675, PCC: 0.4614271931
2023-11-24 03:57:56,081 - INFO - Agg Metrics: RMSE: 6.4261219247, R-squared: 0.2961894430, PCC: 0.5522337384
2023-11-24 03:58:02,880 - INFO - ================================================================== Fold 2 ===================================================================
2023-11-24 03:58:36,141 - INFO - Epoch 1  : Training Loss: 7.6094717979, Validation Loss: 7.5362582207, Training R-squared: 0.0373803861, Validation R-squared: 0.0653235689
2023-11-24 03:59:00,026 - INFO - Epoch 2  : Training Loss: 7.3688673973, Validation Loss: 7.3817434311, Training R-squared: 0.0970060676, Validation R-squared: 0.1033839658
2023-11-24 03:59:24,044 - INFO - Epoch 3  : Training Loss: 7.1677260399, Validation Loss: 6.9673576355, Training R-squared: 0.1458641887, Validation R-squared: 0.2022828609
2023-11-24 03:59:47,457 - INFO - Epoch 4  : Training Loss: 6.8607106209, Validation Loss: 6.9356026649, Training R-squared: 0.2187713683, Validation R-squared: 0.2096656859
2023-11-24 04:00:19,628 - INFO - Epoch 5  : Training Loss: 6.8125085831, Validation Loss: 6.9249877930, Training R-squared: 0.2286012173, Validation R-squared: 0.2115855813
2023-11-24 04:00:45,771 - INFO - Epoch 6  : Training Loss: 6.7714600563, Validation Loss: 6.8915205002, Training R-squared: 0.2379867285, Validation R-squared: 0.2194825560
2023-11-24 04:01:09,701 - INFO - Epoch 7  : Training Loss: 6.7121710777, Validation Loss: 6.8524317741, Training R-squared: 0.2513051331, Validation R-squared: 0.2280864716
2023-11-24 04:01:32,962 - INFO - Epoch 8  : Training Loss: 6.6513800621, Validation Loss: 6.8095908165, Training R-squared: 0.2647457421, Validation R-squared: 0.2375720143
2023-11-24 04:01:55,514 - INFO - Epoch 9  : Training Loss: 6.5845894814, Validation Loss: 6.7687234879, Training R-squared: 0.2787099779, Validation R-squared: 0.2457387447
2023-11-24 04:02:18,374 - INFO - Epoch 10 : Training Loss: 6.5345668793, Validation Loss: 6.7301216125, Training R-squared: 0.2896877825, Validation R-squared: 0.2540579736
2023-11-24 04:02:40,673 - INFO - Epoch 11 : Training Loss: 6.4907135963, Validation Loss: 6.7164587975, Training R-squared: 0.2969259620, Validation R-squared: 0.2564999759
2023-11-24 04:03:03,017 - INFO - Epoch 12 : Training Loss: 6.4601030350, Validation Loss: 6.7159175873, Training R-squared: 0.3040317893, Validation R-squared: 0.2562840581
2023-11-24 04:03:25,603 - INFO - Epoch 13 : Training Loss: 6.4110445976, Validation Loss: 6.6895341873, Training R-squared: 0.3144445419, Validation R-squared: 0.2623540163
2023-11-24 04:03:48,304 - INFO - Epoch 14 : Training Loss: 6.3785223961, Validation Loss: 6.6613888741, Training R-squared: 0.3216084242, Validation R-squared: 0.2685906291
2023-11-24 04:04:11,472 - INFO - Epoch 15 : Training Loss: 6.3320374489, Validation Loss: 6.6424617767, Training R-squared: 0.3302398026, Validation R-squared: 0.2723087966
2023-11-24 04:04:33,895 - INFO - Epoch 16 : Training Loss: 6.2916231155, Validation Loss: 6.6375169754, Training R-squared: 0.3391244411, Validation R-squared: 0.2729780078
2023-11-24 04:04:56,210 - INFO - Epoch 17 : Training Loss: 6.2546768188, Validation Loss: 6.6173610687, Training R-squared: 0.3459172547, Validation R-squared: 0.2771170437
2023-11-24 04:05:19,006 - INFO - Epoch 18 : Training Loss: 6.2199397087, Validation Loss: 6.5916399956, Training R-squared: 0.3528246880, Validation R-squared: 0.2829706669
2023-11-24 04:05:41,312 - INFO - Epoch 19 : Training Loss: 6.1901898384, Validation Loss: 6.5980267525, Training R-squared: 0.3593001366, Validation R-squared: 0.2815096080
2023-11-24 04:06:03,887 - INFO - Epoch 20 : Training Loss: 6.1686391830, Validation Loss: 6.5856876373, Training R-squared: 0.3623225987, Validation R-squared: 0.2838848531
2023-11-24 04:06:26,391 - INFO - Epoch 21 : Training Loss: 6.1483368874, Validation Loss: 6.5750293732, Training R-squared: 0.3679143190, Validation R-squared: 0.2862183452
2023-11-24 04:06:48,720 - INFO - Epoch 22 : Training Loss: 6.1225147247, Validation Loss: 6.5857505798, Training R-squared: 0.3716505468, Validation R-squared: 0.2834262550
2023-11-24 04:07:11,306 - INFO - Epoch 23 : Training Loss: 6.0945916176, Validation Loss: 6.5652027130, Training R-squared: 0.3774081469, Validation R-squared: 0.2881469727
2023-11-24 04:07:34,027 - INFO - Epoch 24 : Training Loss: 6.0741596222, Validation Loss: 6.5637712479, Training R-squared: 0.3824802339, Validation R-squared: 0.2882135212
2023-11-24 04:07:56,367 - INFO - Epoch 25 : Training Loss: 6.0603008270, Validation Loss: 6.5610609055, Training R-squared: 0.3847697079, Validation R-squared: 0.2890366614
2023-11-24 04:08:19,227 - INFO - Epoch 26 : Training Loss: 6.0351095200, Validation Loss: 6.5869646072, Training R-squared: 0.3893149197, Validation R-squared: 0.2829118073
2023-11-24 04:08:41,648 - INFO - Epoch 27 : Training Loss: 6.0141348839, Validation Loss: 6.5605106354, Training R-squared: 0.3938393593, Validation R-squared: 0.2886576653
2023-11-24 04:09:04,226 - INFO - Epoch 28 : Training Loss: 5.9951591492, Validation Loss: 6.5663070679, Training R-squared: 0.3977297246, Validation R-squared: 0.2874584496
2023-11-24 04:09:27,129 - INFO - Epoch 29 : Training Loss: 5.9769854546, Validation Loss: 6.5427365303, Training R-squared: 0.4009818435, Validation R-squared: 0.2924254835
2023-11-24 04:09:49,799 - INFO - Epoch 30 : Training Loss: 5.9488906860, Validation Loss: 6.5414390564, Training R-squared: 0.4061307609, Validation R-squared: 0.2929973900
2023-11-24 04:10:12,546 - INFO - Epoch 31 : Training Loss: 5.9338617325, Validation Loss: 6.5401678085, Training R-squared: 0.4093213379, Validation R-squared: 0.2930323780
2023-11-24 04:10:35,364 - INFO - Epoch 32 : Training Loss: 5.9132127762, Validation Loss: 6.5176343918, Training R-squared: 0.4135576189, Validation R-squared: 0.2979936898
2023-11-24 04:10:57,689 - INFO - Epoch 33 : Training Loss: 5.8956794739, Validation Loss: 6.5421686172, Training R-squared: 0.4156334698, Validation R-squared: 0.2920256853
2023-11-24 04:11:20,708 - INFO - Epoch 34 : Training Loss: 5.8791584969, Validation Loss: 6.5365567207, Training R-squared: 0.4191202819, Validation R-squared: 0.2933030128
2023-11-24 04:11:43,307 - INFO - Epoch 35 : Training Loss: 5.8622689247, Validation Loss: 6.5539474487, Training R-squared: 0.4237789810, Validation R-squared: 0.2892525792
2023-11-24 04:12:06,131 - INFO - Epoch 36 : Training Loss: 5.8418035507, Validation Loss: 6.5349893570, Training R-squared: 0.4270197451, Validation R-squared: 0.2934844792
2023-11-24 04:12:28,767 - INFO - Epoch 37 : Training Loss: 5.8212070465, Validation Loss: 6.5449347496, Training R-squared: 0.4294745624, Validation R-squared: 0.2909972668
2023-11-24 04:12:50,753 - INFO - Model saved to models/portion_model/dinner/512_512_200_64/sparsity_20_fold_2_model.keras
2023-11-24 04:12:56,696 - INFO - Avg Metrics: RMSE: 5.4014449549, R-squared: -0.0852217492, PCC: 0.4606450411
2023-11-24 04:12:56,696 - INFO - Agg Metrics: RMSE: 6.5967978809, R-squared: 0.2983667365, PCC: 0.5499671519
2023-11-24 04:13:02,808 - INFO - ================================================================== Fold 3 ===================================================================
2023-11-24 04:13:35,131 - INFO - Epoch 1  : Training Loss: 7.6007957458, Validation Loss: 7.6075868607, Training R-squared: 0.0362571068, Validation R-squared: 0.0613874570
2023-11-24 04:13:58,848 - INFO - Epoch 2  : Training Loss: 7.3665032387, Validation Loss: 7.4470763206, Training R-squared: 0.0948300362, Validation R-squared: 0.1008536071
2023-11-24 04:14:21,579 - INFO - Epoch 3  : Training Loss: 7.1765890121, Validation Loss: 7.0376133919, Training R-squared: 0.1411934942, Validation R-squared: 0.1976993233
2023-11-24 04:14:44,036 - INFO - Epoch 4  : Training Loss: 6.8533134460, Validation Loss: 6.9864482880, Training R-squared: 0.2170735598, Validation R-squared: 0.2091715783
2023-11-24 04:15:06,695 - INFO - Epoch 5  : Training Loss: 6.7957177162, Validation Loss: 6.9690098763, Training R-squared: 0.2296586186, Validation R-squared: 0.2132286578
2023-11-24 04:15:29,970 - INFO - Epoch 6  : Training Loss: 6.7519774437, Validation Loss: 6.9392457008, Training R-squared: 0.2391608059, Validation R-squared: 0.2199403197
2023-11-24 04:15:53,993 - INFO - Epoch 7  : Training Loss: 6.6846790314, Validation Loss: 6.8944373131, Training R-squared: 0.2531824708, Validation R-squared: 0.2298030406
2023-11-24 04:16:16,756 - INFO - Epoch 8  : Training Loss: 6.6167559624, Validation Loss: 6.8406844139, Training R-squared: 0.2691997886, Validation R-squared: 0.2415004075
2023-11-24 04:16:39,012 - INFO - Epoch 9  : Training Loss: 6.5487937927, Validation Loss: 6.8177814484, Training R-squared: 0.2834714651, Validation R-squared: 0.2464189976
2023-11-24 04:17:02,074 - INFO - Epoch 10 : Training Loss: 6.5124855042, Validation Loss: 6.8033914566, Training R-squared: 0.2918124795, Validation R-squared: 0.2494744211
2023-11-24 04:17:25,044 - INFO - Epoch 11 : Training Loss: 6.4779877663, Validation Loss: 6.7851490974, Training R-squared: 0.2985092402, Validation R-squared: 0.2536465526
2023-11-24 04:17:47,451 - INFO - Epoch 12 : Training Loss: 6.4402284622, Validation Loss: 6.7845191956, Training R-squared: 0.3058596551, Validation R-squared: 0.2532955408
2023-11-24 04:18:10,171 - INFO - Epoch 13 : Training Loss: 6.4107990265, Validation Loss: 6.7619276047, Training R-squared: 0.3114813864, Validation R-squared: 0.2587165534
2023-11-24 04:18:32,776 - INFO - Epoch 14 : Training Loss: 6.3739528656, Validation Loss: 6.7512769699, Training R-squared: 0.3182905912, Validation R-squared: 0.2605657876
2023-11-24 04:18:55,183 - INFO - Epoch 15 : Training Loss: 6.3392410278, Validation Loss: 6.7283735275, Training R-squared: 0.3274637163, Validation R-squared: 0.2656685710
2023-11-24 04:19:17,906 - INFO - Epoch 16 : Training Loss: 6.3105201721, Validation Loss: 6.7297468185, Training R-squared: 0.3325410783, Validation R-squared: 0.2651185989
2023-11-24 04:19:40,424 - INFO - Epoch 17 : Training Loss: 6.2694530487, Validation Loss: 6.6967706680, Training R-squared: 0.3416031301, Validation R-squared: 0.2723199129
2023-11-24 04:20:03,137 - INFO - Epoch 18 : Training Loss: 6.2436976433, Validation Loss: 6.6738257408, Training R-squared: 0.3456759155, Validation R-squared: 0.2774387300
2023-11-24 04:20:26,073 - INFO - Epoch 19 : Training Loss: 6.2062144279, Validation Loss: 6.6692857742, Training R-squared: 0.3540261388, Validation R-squared: 0.2781063020
2023-11-24 04:20:48,181 - INFO - Epoch 20 : Training Loss: 6.1610932350, Validation Loss: 6.6409945488, Training R-squared: 0.3617839813, Validation R-squared: 0.2838861942
2023-11-24 04:21:10,864 - INFO - Epoch 21 : Training Loss: 6.1284027100, Validation Loss: 6.6173672676, Training R-squared: 0.3690023124, Validation R-squared: 0.2886987925
2023-11-24 04:21:33,667 - INFO - Epoch 22 : Training Loss: 6.0930185318, Validation Loss: 6.6089663506, Training R-squared: 0.3762350678, Validation R-squared: 0.2899315953
2023-11-24 04:21:56,510 - INFO - Epoch 23 : Training Loss: 6.0635595322, Validation Loss: 6.5975432396, Training R-squared: 0.3808297217, Validation R-squared: 0.2922821045
2023-11-24 04:22:19,453 - INFO - Epoch 24 : Training Loss: 6.0383129120, Validation Loss: 6.6068096161, Training R-squared: 0.3865301311, Validation R-squared: 0.2900268435
2023-11-24 04:22:42,574 - INFO - Epoch 25 : Training Loss: 6.0117869377, Validation Loss: 6.6144766808, Training R-squared: 0.3919639885, Validation R-squared: 0.2881774008
2023-11-24 04:23:06,943 - INFO - Epoch 26 : Training Loss: 5.9866089821, Validation Loss: 6.6061496735, Training R-squared: 0.3970798552, Validation R-squared: 0.2898621559
2023-11-24 04:23:32,245 - INFO - Epoch 27 : Training Loss: 5.9553303719, Validation Loss: 6.5840740204, Training R-squared: 0.4016278386, Validation R-squared: 0.2946688831
2023-11-24 04:23:58,198 - INFO - Epoch 28 : Training Loss: 5.9404139519, Validation Loss: 6.5841746330, Training R-squared: 0.4060093462, Validation R-squared: 0.2947120965
2023-11-24 04:24:23,360 - INFO - Epoch 29 : Training Loss: 5.9205021858, Validation Loss: 6.5889015198, Training R-squared: 0.4090627134, Validation R-squared: 0.2934374213
2023-11-24 04:24:47,545 - INFO - Epoch 30 : Training Loss: 5.9030733109, Validation Loss: 6.5943136215, Training R-squared: 0.4123308957, Validation R-squared: 0.2919717729
2023-11-24 04:25:11,987 - INFO - Epoch 31 : Training Loss: 5.8789277077, Validation Loss: 6.5782728195, Training R-squared: 0.4165478647, Validation R-squared: 0.2957311571
2023-11-24 04:25:36,646 - INFO - Epoch 32 : Training Loss: 5.8625493050, Validation Loss: 6.5933108330, Training R-squared: 0.4211395085, Validation R-squared: 0.2919245958
2023-11-24 04:26:00,863 - INFO - Epoch 33 : Training Loss: 5.8458423615, Validation Loss: 6.5955953598, Training R-squared: 0.4222829640, Validation R-squared: 0.2917923331
2023-11-24 04:26:25,591 - INFO - Epoch 34 : Training Loss: 5.8267307281, Validation Loss: 6.5737605095, Training R-squared: 0.4270505309, Validation R-squared: 0.2967000008
2023-11-24 04:26:49,832 - INFO - Epoch 35 : Training Loss: 5.8174524307, Validation Loss: 6.6070885658, Training R-squared: 0.4281651080, Validation R-squared: 0.2887674272
2023-11-24 04:27:14,272 - INFO - Epoch 36 : Training Loss: 5.7976617813, Validation Loss: 6.6045994759, Training R-squared: 0.4322216511, Validation R-squared: 0.2894227803
2023-11-24 04:27:38,891 - INFO - Epoch 37 : Training Loss: 5.7871460915, Validation Loss: 6.6071357727, Training R-squared: 0.4347006679, Validation R-squared: 0.2886551619
2023-11-24 04:28:03,257 - INFO - Epoch 38 : Training Loss: 5.7763404846, Validation Loss: 6.6077818871, Training R-squared: 0.4366053641, Validation R-squared: 0.2881525159
2023-11-24 04:28:27,974 - INFO - Epoch 39 : Training Loss: 5.7604146004, Validation Loss: 6.6371283531, Training R-squared: 0.4404458702, Validation R-squared: 0.2815912068
2023-11-24 04:28:52,853 - INFO - Model saved to models/portion_model/dinner/512_512_200_64/sparsity_20_fold_3_model.keras
2023-11-24 04:28:59,480 - INFO - Avg Metrics: RMSE: 5.4727625427, R-squared: -0.4933494431, PCC: 0.4781612636
2023-11-24 04:28:59,481 - INFO - Agg Metrics: RMSE: 6.6421254157, R-squared: 0.2957872008, PCC: 0.5495692158
2023-11-24 04:29:06,357 - INFO - ================================================================== Fold 4 ===================================================================
2023-11-24 04:29:47,426 - INFO - Epoch 1  : Training Loss: 7.6158833504, Validation Loss: 7.5375261307, Training R-squared: 0.0363607816, Validation R-squared: 0.0579259284
2023-11-24 04:30:12,049 - INFO - Epoch 2  : Training Loss: 7.3860478401, Validation Loss: 7.3481574059, Training R-squared: 0.0945468619, Validation R-squared: 0.1049230397
2023-11-24 04:30:36,574 - INFO - Epoch 3  : Training Loss: 7.1386609077, Validation Loss: 6.9617681503, Training R-squared: 0.1535305679, Validation R-squared: 0.1966143996
2023-11-24 04:31:00,972 - INFO - Epoch 4  : Training Loss: 6.8937911987, Validation Loss: 6.9101352692, Training R-squared: 0.2116920352, Validation R-squared: 0.2083225399
2023-11-24 04:31:25,752 - INFO - Epoch 5  : Training Loss: 6.8316502571, Validation Loss: 6.8941917419, Training R-squared: 0.2250864506, Validation R-squared: 0.2121328712
2023-11-24 04:31:49,882 - INFO - Epoch 6  : Training Loss: 6.7994217873, Validation Loss: 6.8744339943, Training R-squared: 0.2335642129, Validation R-squared: 0.2165306360
2023-11-24 04:32:14,490 - INFO - Epoch 7  : Training Loss: 6.7286357880, Validation Loss: 6.8224091530, Training R-squared: 0.2480264753, Validation R-squared: 0.2284600288
2023-11-24 04:32:39,446 - INFO - Epoch 8  : Training Loss: 6.6476998329, Validation Loss: 6.7539067268, Training R-squared: 0.2666662633, Validation R-squared: 0.2430955917
2023-11-24 04:33:03,650 - INFO - Epoch 9  : Training Loss: 6.5829162598, Validation Loss: 6.7329025269, Training R-squared: 0.2801731229, Validation R-squared: 0.2468948811
2023-11-24 04:33:28,235 - INFO - Epoch 10 : Training Loss: 6.5427317619, Validation Loss: 6.7247548103, Training R-squared: 0.2880966365, Validation R-squared: 0.2490305901
2023-11-24 04:33:53,469 - INFO - Epoch 11 : Training Loss: 6.5037608147, Validation Loss: 6.7111601830, Training R-squared: 0.2958515286, Validation R-squared: 0.2512870729
2023-11-24 04:34:18,556 - INFO - Epoch 12 : Training Loss: 6.4713277817, Validation Loss: 6.6854820251, Training R-squared: 0.3030821383, Validation R-squared: 0.2575306594
2023-11-24 04:34:43,272 - INFO - Epoch 13 : Training Loss: 6.4364533424, Validation Loss: 6.6825094223, Training R-squared: 0.3107610345, Validation R-squared: 0.2577423751
2023-11-24 04:35:07,628 - INFO - Epoch 14 : Training Loss: 6.3973803520, Validation Loss: 6.6709804535, Training R-squared: 0.3186446130, Validation R-squared: 0.2602123916
2023-11-24 04:35:32,167 - INFO - Epoch 15 : Training Loss: 6.3646740913, Validation Loss: 6.6485071182, Training R-squared: 0.3255654871, Validation R-squared: 0.2649292648
2023-11-24 04:35:56,434 - INFO - Epoch 16 : Training Loss: 6.3277859688, Validation Loss: 6.6166725159, Training R-squared: 0.3324280083, Validation R-squared: 0.2716159523
2023-11-24 04:36:21,288 - INFO - Epoch 17 : Training Loss: 6.2900481224, Validation Loss: 6.5897631645, Training R-squared: 0.3405212164, Validation R-squared: 0.2772973180
2023-11-24 04:36:45,303 - INFO - Epoch 18 : Training Loss: 6.2514152527, Validation Loss: 6.5611443520, Training R-squared: 0.3482923806, Validation R-squared: 0.2833536565
2023-11-24 04:37:09,662 - INFO - Epoch 19 : Training Loss: 6.2204155922, Validation Loss: 6.5719542503, Training R-squared: 0.3547110260, Validation R-squared: 0.2805589437
2023-11-24 04:37:34,439 - INFO - Epoch 20 : Training Loss: 6.1882181168, Validation Loss: 6.5533781052, Training R-squared: 0.3605163991, Validation R-squared: 0.2849422395
2023-11-24 04:37:59,216 - INFO - Epoch 21 : Training Loss: 6.1583590508, Validation Loss: 6.5451769829, Training R-squared: 0.3662230074, Validation R-squared: 0.2862549126
2023-11-24 04:38:23,837 - INFO - Epoch 22 : Training Loss: 6.1311249733, Validation Loss: 6.5280632973, Training R-squared: 0.3706327379, Validation R-squared: 0.2897807956
2023-11-24 04:38:48,191 - INFO - Epoch 23 : Training Loss: 6.1027932167, Validation Loss: 6.5104098320, Training R-squared: 0.3758959770, Validation R-squared: 0.2937936187
2023-11-24 04:39:12,782 - INFO - Epoch 24 : Training Loss: 6.0842227936, Validation Loss: 6.4994273186, Training R-squared: 0.3806071877, Validation R-squared: 0.2960868478
2023-11-24 04:39:37,303 - INFO - Epoch 25 : Training Loss: 6.0549635887, Validation Loss: 6.4987263680, Training R-squared: 0.3856836259, Validation R-squared: 0.2962136269
2023-11-24 04:40:01,815 - INFO - Epoch 26 : Training Loss: 6.0412769318, Validation Loss: 6.5228748322, Training R-squared: 0.3897134066, Validation R-squared: 0.2903204560
2023-11-24 04:40:26,789 - INFO - Epoch 27 : Training Loss: 6.0156550407, Validation Loss: 6.5033493042, Training R-squared: 0.3951081336, Validation R-squared: 0.2945933342
2023-11-24 04:40:50,885 - INFO - Epoch 28 : Training Loss: 6.0003070831, Validation Loss: 6.4866776466, Training R-squared: 0.3976763487, Validation R-squared: 0.2984711826
2023-11-24 04:41:15,215 - INFO - Epoch 29 : Training Loss: 5.9765162468, Validation Loss: 6.4914517403, Training R-squared: 0.4020004570, Validation R-squared: 0.2974393368
2023-11-24 04:41:40,034 - INFO - Epoch 30 : Training Loss: 5.9548044205, Validation Loss: 6.4782376289, Training R-squared: 0.4049080312, Validation R-squared: 0.3001638651
2023-11-24 04:42:04,748 - INFO - Epoch 31 : Training Loss: 5.9361805916, Validation Loss: 6.4653592110, Training R-squared: 0.4097523689, Validation R-squared: 0.3027630448
2023-11-24 04:42:29,533 - INFO - Epoch 32 : Training Loss: 5.9116497040, Validation Loss: 6.5307970047, Training R-squared: 0.4140263498, Validation R-squared: 0.2877655923
2023-11-24 04:42:53,843 - INFO - Epoch 33 : Training Loss: 5.9045162201, Validation Loss: 6.4980802536, Training R-squared: 0.4160823226, Validation R-squared: 0.2950908244
2023-11-24 04:43:18,721 - INFO - Epoch 34 : Training Loss: 5.8782300949, Validation Loss: 6.4957151413, Training R-squared: 0.4204445779, Validation R-squared: 0.2954528928
2023-11-24 04:43:43,072 - INFO - Epoch 35 : Training Loss: 5.8632097244, Validation Loss: 6.4653210640, Training R-squared: 0.4220626354, Validation R-squared: 0.3022096753
2023-11-24 04:44:08,669 - INFO - Epoch 36 : Training Loss: 5.8435149193, Validation Loss: 6.4993577003, Training R-squared: 0.4267702103, Validation R-squared: 0.2942569256
2023-11-24 04:44:33,357 - INFO - Epoch 37 : Training Loss: 5.8263154030, Validation Loss: 6.4788093567, Training R-squared: 0.4309308827, Validation R-squared: 0.2990773618
2023-11-24 04:44:57,991 - INFO - Epoch 38 : Training Loss: 5.8144140244, Validation Loss: 6.4647669792, Training R-squared: 0.4327219725, Validation R-squared: 0.3025709093
2023-11-24 04:45:22,631 - INFO - Epoch 39 : Training Loss: 5.7989606857, Validation Loss: 6.4859685898, Training R-squared: 0.4352855086, Validation R-squared: 0.2967987061
2023-11-24 04:45:47,186 - INFO - Epoch 40 : Training Loss: 5.7852263451, Validation Loss: 6.4519710541, Training R-squared: 0.4385685027, Validation R-squared: 0.3049533069
2023-11-24 04:46:11,916 - INFO - Epoch 41 : Training Loss: 5.7612204552, Validation Loss: 6.4662289619, Training R-squared: 0.4419776499, Validation R-squared: 0.3016593158
2023-11-24 04:46:36,419 - INFO - Epoch 42 : Training Loss: 5.7539033890, Validation Loss: 6.5046877861, Training R-squared: 0.4428971708, Validation R-squared: 0.2927235663
2023-11-24 04:47:00,927 - INFO - Epoch 43 : Training Loss: 5.7397336960, Validation Loss: 6.4896063805, Training R-squared: 0.4464325011, Validation R-squared: 0.2959634066
2023-11-24 04:47:25,610 - INFO - Epoch 44 : Training Loss: 5.7282886505, Validation Loss: 6.4922909737, Training R-squared: 0.4463991225, Validation R-squared: 0.2948178947
2023-11-24 04:47:50,204 - INFO - Epoch 45 : Training Loss: 5.7115559578, Validation Loss: 6.5036029816, Training R-squared: 0.4515661895, Validation R-squared: 0.2926791310
2023-11-24 04:48:15,226 - INFO - Model saved to models/portion_model/dinner/512_512_200_64/sparsity_20_fold_4_model.keras
2023-11-24 04:48:22,026 - INFO - Avg Metrics: RMSE: 5.3715121473, R-squared: -0.0669874086, PCC: 0.4879527809
2023-11-24 04:48:22,026 - INFO - Agg Metrics: RMSE: 6.5079582044, R-squared: 0.3084539058, PCC: 0.5609581664
2023-11-24 04:48:30,312 - INFO - ================================================================== Fold 5 ===================================================================
2023-11-24 04:49:13,186 - INFO - Epoch 1  : Training Loss: 7.6163148880, Validation Loss: 7.5317649841, Training R-squared: 0.0361064263, Validation R-squared: 0.0625997633
2023-11-24 04:49:38,416 - INFO - Epoch 2  : Training Loss: 7.3847117424, Validation Loss: 7.3383793831, Training R-squared: 0.0946965963, Validation R-squared: 0.1103928536
2023-11-24 04:50:02,681 - INFO - Epoch 3  : Training Loss: 7.1430411339, Validation Loss: 6.9168767929, Training R-squared: 0.1525545567, Validation R-squared: 0.2106215507
2023-11-24 04:50:27,059 - INFO - Epoch 4  : Training Loss: 6.8657040596, Validation Loss: 6.8759822845, Training R-squared: 0.2176315337, Validation R-squared: 0.2198351622
2023-11-24 04:50:51,140 - INFO - Epoch 5  : Training Loss: 6.8173499107, Validation Loss: 6.8430695534, Training R-squared: 0.2287326902, Validation R-squared: 0.2275187969
2023-11-24 04:51:15,386 - INFO - Epoch 6  : Training Loss: 6.7557582855, Validation Loss: 6.8164610863, Training R-squared: 0.2416911721, Validation R-squared: 0.2334865034
2023-11-24 04:51:39,879 - INFO - Epoch 7  : Training Loss: 6.7107911110, Validation Loss: 6.7815165520, Training R-squared: 0.2522117794, Validation R-squared: 0.2409936935
2023-11-24 04:52:04,265 - INFO - Epoch 8  : Training Loss: 6.6422753334, Validation Loss: 6.7382402420, Training R-squared: 0.2665707171, Validation R-squared: 0.2503765225
2023-11-24 04:52:28,537 - INFO - Epoch 9  : Training Loss: 6.5858654976, Validation Loss: 6.7094497681, Training R-squared: 0.2793355286, Validation R-squared: 0.2562401295
2023-11-24 04:52:52,948 - INFO - Epoch 10 : Training Loss: 6.5361680984, Validation Loss: 6.6971077919, Training R-squared: 0.2899127901, Validation R-squared: 0.2584739625
2023-11-24 04:53:17,131 - INFO - Epoch 11 : Training Loss: 6.4978857040, Validation Loss: 6.6826915741, Training R-squared: 0.2968660891, Validation R-squared: 0.2614497542
2023-11-24 04:53:41,384 - INFO - Epoch 12 : Training Loss: 6.4627699852, Validation Loss: 6.6598486900, Training R-squared: 0.3044380546, Validation R-squared: 0.2664380372
2023-11-24 04:54:07,576 - INFO - Epoch 13 : Training Loss: 6.4173679352, Validation Loss: 6.6357159615, Training R-squared: 0.3142073452, Validation R-squared: 0.2716325521
2023-11-24 04:54:31,854 - INFO - Epoch 14 : Training Loss: 6.3722395897, Validation Loss: 6.6170864105, Training R-squared: 0.3234896362, Validation R-squared: 0.2757702470
2023-11-24 04:54:56,040 - INFO - Epoch 15 : Training Loss: 6.3289952278, Validation Loss: 6.5890254974, Training R-squared: 0.3320355713, Validation R-squared: 0.2816681564
2023-11-24 04:55:20,562 - INFO - Epoch 16 : Training Loss: 6.2867236137, Validation Loss: 6.5806360245, Training R-squared: 0.3418108523, Validation R-squared: 0.2829362154
2023-11-24 04:55:45,051 - INFO - Epoch 17 : Training Loss: 6.2461385727, Validation Loss: 6.5515828133, Training R-squared: 0.3487178385, Validation R-squared: 0.2890094817
2023-11-24 04:56:09,538 - INFO - Epoch 18 : Training Loss: 6.2068705559, Validation Loss: 6.5413608551, Training R-squared: 0.3571828604, Validation R-squared: 0.2905400693
2023-11-24 04:56:33,930 - INFO - Epoch 19 : Training Loss: 6.1788663864, Validation Loss: 6.5235629082, Training R-squared: 0.3619169891, Validation R-squared: 0.2943192422
2023-11-24 04:56:58,037 - INFO - Epoch 20 : Training Loss: 6.1520934105, Validation Loss: 6.5402736664, Training R-squared: 0.3680307269, Validation R-squared: 0.2903054357
2023-11-24 04:57:22,899 - INFO - Epoch 21 : Training Loss: 6.1314306259, Validation Loss: 6.5257339478, Training R-squared: 0.3708912134, Validation R-squared: 0.2933440208
2023-11-24 04:57:46,936 - INFO - Epoch 22 : Training Loss: 6.0992722511, Validation Loss: 6.4967765808, Training R-squared: 0.3791102171, Validation R-squared: 0.2998718619
2023-11-24 04:58:11,291 - INFO - Epoch 23 : Training Loss: 6.0752830505, Validation Loss: 6.5180463791, Training R-squared: 0.3834336102, Validation R-squared: 0.2946695387
2023-11-24 04:58:35,812 - INFO - Epoch 24 : Training Loss: 6.0495023727, Validation Loss: 6.5030736923, Training R-squared: 0.3880646527, Validation R-squared: 0.2981823683
2023-11-24 04:59:00,146 - INFO - Epoch 25 : Training Loss: 6.0270290375, Validation Loss: 6.5316553116, Training R-squared: 0.3929962516, Validation R-squared: 0.2913772464
2023-11-24 04:59:24,472 - INFO - Epoch 26 : Training Loss: 6.0035033226, Validation Loss: 6.4842143059, Training R-squared: 0.3963294029, Validation R-squared: 0.3021011055
2023-11-24 04:59:48,546 - INFO - Epoch 27 : Training Loss: 5.9829697609, Validation Loss: 6.4919519424, Training R-squared: 0.4011139870, Validation R-squared: 0.2995966077
2023-11-24 05:00:13,080 - INFO - Epoch 28 : Training Loss: 5.9607214928, Validation Loss: 6.4895949364, Training R-squared: 0.4058641791, Validation R-squared: 0.3008638918
2023-11-24 05:00:37,235 - INFO - Epoch 29 : Training Loss: 5.9385805130, Validation Loss: 6.4875640869, Training R-squared: 0.4102585018, Validation R-squared: 0.3009398580
2023-11-24 05:01:01,443 - INFO - Epoch 30 : Training Loss: 5.9173779488, Validation Loss: 6.5325527191, Training R-squared: 0.4139987826, Validation R-squared: 0.2903247774
2023-11-24 05:01:26,095 - INFO - Epoch 31 : Training Loss: 5.9053969383, Validation Loss: 6.5296716690, Training R-squared: 0.4161761999, Validation R-squared: 0.2905591428
2023-11-24 05:01:50,994 - INFO - Model saved to models/portion_model/dinner/512_512_200_64/sparsity_20_fold_5_model.keras
2023-11-24 05:01:57,091 - INFO - Avg Metrics: RMSE: 5.3577886306, R-squared: -0.0453176232, PCC: 0.4575271792
2023-11-24 05:01:57,092 - INFO - Agg Metrics: RMSE: 6.5663080092, R-squared: 0.3024806956, PCC: 0.5515451991
2023-11-24 05:02:20,300 - INFO - ================================================================== Results Summary ===================================================================
2023-11-24 05:02:20,301 - INFO - CrossVal Metrics (Avg.) - RMSE: 5.3947082425 ± 0.0415880857, R2: -0.2241522383 ± 0.0415880857, PCC: 0.4691426916 ± 0.0415880857
2023-11-24 05:02:20,301 - INFO - Testing  Metrics (Avg.) - RMSE: 5.3417685722, R2: -0.0249358793, PCC: 0.4741180029
2023-11-24 05:02:20,301 - INFO - CrossVal Metrics (Agg.) - RMSE: 6.5478622869 ± 0.0415880857, R2: 0.3002555964 ± 0.0415880857, PCC: 0.5528546943 ± 0.0415880857
2023-11-24 05:02:20,301 - INFO - Testing  Metrics (Agg.) - RMSE: 6.5905685819, R2: 0.3019431954, PCC: 0.5536254325
