2023-11-24 12:40:22,070 - INFO - Training model at 70% sparse columns removed...
2023-11-24 12:40:29,502 - INFO - ================================================================== Fold 1 ===================================================================
2023-11-24 12:40:39,784 - INFO - Epoch 1  : Training Loss: 12.3468523026, Validation Loss: 12.4683141708, Training R-squared: 0.0318350792, Validation R-squared: 0.0431952775
2023-11-24 12:40:46,926 - INFO - Epoch 2  : Training Loss: 12.1034832001, Validation Loss: 12.0587224960, Training R-squared: 0.0697021559, Validation R-squared: 0.1061903164
2023-11-24 12:40:53,995 - INFO - Epoch 3  : Training Loss: 11.7676849365, Validation Loss: 11.6174135208, Training R-squared: 0.1218996197, Validation R-squared: 0.1716743857
2023-11-24 12:41:01,368 - INFO - Epoch 4  : Training Loss: 11.1889371872, Validation Loss: 11.2091588974, Training R-squared: 0.2068553567, Validation R-squared: 0.2295643836
2023-11-24 12:41:08,423 - INFO - Epoch 5  : Training Loss: 11.0030117035, Validation Loss: 11.1234912872, Training R-squared: 0.2326409966, Validation R-squared: 0.2415729314
2023-11-24 12:41:15,478 - INFO - Epoch 6  : Training Loss: 10.9108943939, Validation Loss: 11.0905952454, Training R-squared: 0.2462001592, Validation R-squared: 0.2462810874
2023-11-24 12:41:22,697 - INFO - Epoch 7  : Training Loss: 10.8369359970, Validation Loss: 11.0237808228, Training R-squared: 0.2557091713, Validation R-squared: 0.2551090419
2023-11-24 12:41:30,203 - INFO - Epoch 8  : Training Loss: 10.7405500412, Validation Loss: 10.9305524826, Training R-squared: 0.2686394155, Validation R-squared: 0.2679506242
2023-11-24 12:41:37,012 - INFO - Epoch 9  : Training Loss: 10.6354818344, Validation Loss: 10.8703269958, Training R-squared: 0.2824621499, Validation R-squared: 0.2759490609
2023-11-24 12:41:44,044 - INFO - Epoch 10 : Training Loss: 10.5557498932, Validation Loss: 10.8445110321, Training R-squared: 0.2916192710, Validation R-squared: 0.2793301642
2023-11-24 12:41:51,026 - INFO - Epoch 11 : Training Loss: 10.5071687698, Validation Loss: 10.8131971359, Training R-squared: 0.2989172935, Validation R-squared: 0.2834417224
2023-11-24 12:41:58,096 - INFO - Epoch 12 : Training Loss: 10.4465608597, Validation Loss: 10.7986488342, Training R-squared: 0.3059030473, Validation R-squared: 0.2852828801
2023-11-24 12:42:05,128 - INFO - Epoch 13 : Training Loss: 10.4257717133, Validation Loss: 10.7816743851, Training R-squared: 0.3110090792, Validation R-squared: 0.2876009047
2023-11-24 12:42:11,948 - INFO - Epoch 14 : Training Loss: 10.3715934753, Validation Loss: 10.7621517181, Training R-squared: 0.3161700368, Validation R-squared: 0.2900368869
2023-11-24 12:42:19,502 - INFO - Epoch 15 : Training Loss: 10.3290128708, Validation Loss: 10.7357368469, Training R-squared: 0.3224317133, Validation R-squared: 0.2934152484
2023-11-24 12:42:26,622 - INFO - Epoch 16 : Training Loss: 10.2726593018, Validation Loss: 10.7006397247, Training R-squared: 0.3297461569, Validation R-squared: 0.2981889844
2023-11-24 12:42:33,639 - INFO - Epoch 17 : Training Loss: 10.2176856995, Validation Loss: 10.6691102982, Training R-squared: 0.3361531198, Validation R-squared: 0.3022665977
2023-11-24 12:42:40,764 - INFO - Epoch 18 : Training Loss: 10.1785917282, Validation Loss: 10.6276569366, Training R-squared: 0.3425379395, Validation R-squared: 0.3074835539
2023-11-24 12:42:47,540 - INFO - Epoch 19 : Training Loss: 10.1208972931, Validation Loss: 10.5921726227, Training R-squared: 0.3495499492, Validation R-squared: 0.3119426668
2023-11-24 12:42:54,560 - INFO - Epoch 20 : Training Loss: 10.0427236557, Validation Loss: 10.5653457642, Training R-squared: 0.3581232727, Validation R-squared: 0.3150827289
2023-11-24 12:43:01,619 - INFO - Epoch 21 : Training Loss: 9.9949283600, Validation Loss: 10.5278244019, Training R-squared: 0.3644071221, Validation R-squared: 0.3199580312
2023-11-24 12:43:08,649 - INFO - Epoch 22 : Training Loss: 9.9522657394, Validation Loss: 10.4887609482, Training R-squared: 0.3691154420, Validation R-squared: 0.3245257735
2023-11-24 12:43:15,770 - INFO - Epoch 23 : Training Loss: 9.8931865692, Validation Loss: 10.4592075348, Training R-squared: 0.3761501014, Validation R-squared: 0.3281769753
2023-11-24 12:43:22,853 - INFO - Epoch 24 : Training Loss: 9.8527708054, Validation Loss: 10.4328384399, Training R-squared: 0.3813900054, Validation R-squared: 0.3314566314
2023-11-24 12:43:29,777 - INFO - Epoch 25 : Training Loss: 9.8211374283, Validation Loss: 10.4173889160, Training R-squared: 0.3859690130, Validation R-squared: 0.3332105577
2023-11-24 12:43:36,790 - INFO - Epoch 26 : Training Loss: 9.7791414261, Validation Loss: 10.3925695419, Training R-squared: 0.3900334239, Validation R-squared: 0.3361931741
2023-11-24 12:43:44,082 - INFO - Epoch 27 : Training Loss: 9.7398157120, Validation Loss: 10.3887205124, Training R-squared: 0.3940946758, Validation R-squared: 0.3365477622
2023-11-24 12:43:51,873 - INFO - Epoch 28 : Training Loss: 9.7065773010, Validation Loss: 10.3826532364, Training R-squared: 0.3978784382, Validation R-squared: 0.3370652795
2023-11-24 12:43:59,229 - INFO - Epoch 29 : Training Loss: 9.6761989594, Validation Loss: 10.3558015823, Training R-squared: 0.4028094411, Validation R-squared: 0.3405897021
2023-11-24 12:44:06,240 - INFO - Epoch 30 : Training Loss: 9.6540002823, Validation Loss: 10.3617477417, Training R-squared: 0.4065397084, Validation R-squared: 0.3396354914
2023-11-24 12:44:13,191 - INFO - Epoch 31 : Training Loss: 9.6213645935, Validation Loss: 10.3566017151, Training R-squared: 0.4085069597, Validation R-squared: 0.3402736783
2023-11-24 12:44:20,703 - INFO - Epoch 32 : Training Loss: 9.5846538544, Validation Loss: 10.3343982697, Training R-squared: 0.4130651057, Validation R-squared: 0.3430549800
2023-11-24 12:44:27,522 - INFO - Epoch 33 : Training Loss: 9.5537977219, Validation Loss: 10.3305063248, Training R-squared: 0.4182994068, Validation R-squared: 0.3433783352
2023-11-24 12:44:34,556 - INFO - Epoch 34 : Training Loss: 9.5322561264, Validation Loss: 10.3300886154, Training R-squared: 0.4183724523, Validation R-squared: 0.3433970213
2023-11-24 12:44:41,548 - INFO - Epoch 35 : Training Loss: 9.5029563904, Validation Loss: 10.3302841187, Training R-squared: 0.4243819714, Validation R-squared: 0.3431559801
2023-11-24 12:44:48,476 - INFO - Epoch 36 : Training Loss: 9.4740896225, Validation Loss: 10.3250160217, Training R-squared: 0.4270404279, Validation R-squared: 0.3439187407
2023-11-24 12:44:55,499 - INFO - Epoch 37 : Training Loss: 9.4470663071, Validation Loss: 10.3133525848, Training R-squared: 0.4306307733, Validation R-squared: 0.3452838957
2023-11-24 12:45:02,377 - INFO - Epoch 38 : Training Loss: 9.4338293076, Validation Loss: 10.3043003082, Training R-squared: 0.4316115677, Validation R-squared: 0.3464216888
2023-11-24 12:45:09,463 - INFO - Epoch 39 : Training Loss: 9.4056282043, Validation Loss: 10.3084402084, Training R-squared: 0.4349484444, Validation R-squared: 0.3455981612
2023-11-24 12:45:16,743 - INFO - Epoch 40 : Training Loss: 9.3770999908, Validation Loss: 10.2884397507, Training R-squared: 0.4371692836, Validation R-squared: 0.3483061790
2023-11-24 12:45:23,929 - INFO - Epoch 41 : Training Loss: 9.3338527679, Validation Loss: 10.2801856995, Training R-squared: 0.4421263933, Validation R-squared: 0.3494388759
2023-11-24 12:45:31,036 - INFO - Epoch 42 : Training Loss: 9.3125410080, Validation Loss: 10.3200855255, Training R-squared: 0.4454675913, Validation R-squared: 0.3437250257
2023-11-24 12:45:37,870 - INFO - Epoch 43 : Training Loss: 9.3038797379, Validation Loss: 10.2970304489, Training R-squared: 0.4461113513, Validation R-squared: 0.3467323184
2023-11-24 12:45:44,947 - INFO - Epoch 44 : Training Loss: 9.2652559280, Validation Loss: 10.2756156921, Training R-squared: 0.4497165084, Validation R-squared: 0.3496390581
2023-11-24 12:45:51,978 - INFO - Epoch 45 : Training Loss: 9.2526006699, Validation Loss: 10.2914657593, Training R-squared: 0.4518533647, Validation R-squared: 0.3471436501
2023-11-24 12:45:59,011 - INFO - Epoch 46 : Training Loss: 9.2317237854, Validation Loss: 10.2869272232, Training R-squared: 0.4530837238, Validation R-squared: 0.3479192555
2023-11-24 12:46:06,075 - INFO - Epoch 47 : Training Loss: 9.1885652542, Validation Loss: 10.2764797211, Training R-squared: 0.4574884474, Validation R-squared: 0.3492876887
2023-11-24 12:46:13,046 - INFO - Epoch 48 : Training Loss: 9.1849708557, Validation Loss: 10.2471723557, Training R-squared: 0.4580549300, Validation R-squared: 0.3530235291
2023-11-24 12:46:20,578 - INFO - Epoch 49 : Training Loss: 9.1572303772, Validation Loss: 10.2814121246, Training R-squared: 0.4623710215, Validation R-squared: 0.3483911753
2023-11-24 12:46:27,490 - INFO - Epoch 50 : Training Loss: 9.1320877075, Validation Loss: 10.2505578995, Training R-squared: 0.4648582935, Validation R-squared: 0.3523862660
2023-11-24 12:46:34,495 - INFO - Epoch 51 : Training Loss: 9.1175422668, Validation Loss: 10.2711563110, Training R-squared: 0.4670977890, Validation R-squared: 0.3493450880
2023-11-24 12:46:41,588 - INFO - Epoch 52 : Training Loss: 9.0951175690, Validation Loss: 10.2623558044, Training R-squared: 0.4682779014, Validation R-squared: 0.3505423665
2023-11-24 12:46:48,559 - INFO - Epoch 53 : Training Loss: 9.0811204910, Validation Loss: 10.2477016449, Training R-squared: 0.4708006978, Validation R-squared: 0.3526248634
2023-11-24 12:47:00,653 - INFO - Model saved to models/portion_model/dinner/512_512_200_64/sparsity_70_fold_1_model.keras
2023-11-24 12:47:04,334 - INFO - Avg Metrics: RMSE: 8.4612343923, R-squared: -0.0526437313, PCC: 0.5347193798
2023-11-24 12:47:04,334 - INFO - Agg Metrics: RMSE: 10.3720135806, R-squared: 0.3495717135, PCC: 0.5933814910
2023-11-24 12:47:11,358 - INFO - ================================================================== Fold 2 ===================================================================
2023-11-24 12:47:21,839 - INFO - Epoch 1  : Training Loss: 12.4069976807, Validation Loss: 12.2263088226, Training R-squared: 0.0317118466, Validation R-squared: 0.0401062258
2023-11-24 12:47:28,925 - INFO - Epoch 2  : Training Loss: 12.1802911758, Validation Loss: 11.8092813492, Training R-squared: 0.0695521906, Validation R-squared: 0.1046572924
2023-11-24 12:47:36,142 - INFO - Epoch 3  : Training Loss: 11.8139505386, Validation Loss: 11.2909116745, Training R-squared: 0.1235873252, Validation R-squared: 0.1820700467
2023-11-24 12:47:43,907 - INFO - Epoch 4  : Training Loss: 11.2703742981, Validation Loss: 11.0274429321, Training R-squared: 0.2044999599, Validation R-squared: 0.2196171135
2023-11-24 12:47:51,485 - INFO - Epoch 5  : Training Loss: 11.1088180542, Validation Loss: 10.9611768723, Training R-squared: 0.2254682332, Validation R-squared: 0.2288464457
2023-11-24 12:47:58,482 - INFO - Epoch 6  : Training Loss: 11.0258207321, Validation Loss: 10.8805341721, Training R-squared: 0.2383182347, Validation R-squared: 0.2402445972
2023-11-24 12:48:05,597 - INFO - Epoch 7  : Training Loss: 10.9351129532, Validation Loss: 10.8333015442, Training R-squared: 0.2488594651, Validation R-squared: 0.2468161285
2023-11-24 12:48:12,562 - INFO - Epoch 8  : Training Loss: 10.8834028244, Validation Loss: 10.7906160355, Training R-squared: 0.2581804693, Validation R-squared: 0.2525475621
2023-11-24 12:48:19,739 - INFO - Epoch 9  : Training Loss: 10.8017978668, Validation Loss: 10.7117576599, Training R-squared: 0.2687329650, Validation R-squared: 0.2634654939
2023-11-24 12:48:26,967 - INFO - Epoch 10 : Training Loss: 10.7016315460, Validation Loss: 10.6454477310, Training R-squared: 0.2806669772, Validation R-squared: 0.2724145055
2023-11-24 12:48:34,025 - INFO - Epoch 11 : Training Loss: 10.6184253693, Validation Loss: 10.5905113220, Training R-squared: 0.2930701077, Validation R-squared: 0.2795897424
2023-11-24 12:48:41,178 - INFO - Epoch 12 : Training Loss: 10.5467300415, Validation Loss: 10.5581340790, Training R-squared: 0.3004170656, Validation R-squared: 0.2837425172
2023-11-24 12:48:48,295 - INFO - Epoch 13 : Training Loss: 10.5171375275, Validation Loss: 10.5466518402, Training R-squared: 0.3049805760, Validation R-squared: 0.2852874696
2023-11-24 12:48:55,440 - INFO - Epoch 14 : Training Loss: 10.4598350525, Validation Loss: 10.5363397598, Training R-squared: 0.3110624850, Validation R-squared: 0.2865445018
2023-11-24 12:49:02,550 - INFO - Epoch 15 : Training Loss: 10.4202737808, Validation Loss: 10.5237417221, Training R-squared: 0.3167454004, Validation R-squared: 0.2881729305
2023-11-24 12:49:09,713 - INFO - Epoch 16 : Training Loss: 10.3808641434, Validation Loss: 10.4905776978, Training R-squared: 0.3217695057, Validation R-squared: 0.2927832901
2023-11-24 12:49:17,121 - INFO - Epoch 17 : Training Loss: 10.3250961304, Validation Loss: 10.4646720886, Training R-squared: 0.3299875855, Validation R-squared: 0.2963948846
2023-11-24 12:49:24,557 - INFO - Epoch 18 : Training Loss: 10.2809114456, Validation Loss: 10.4184045792, Training R-squared: 0.3349441588, Validation R-squared: 0.3024377227
2023-11-24 12:49:31,597 - INFO - Epoch 19 : Training Loss: 10.2235307693, Validation Loss: 10.3818159103, Training R-squared: 0.3415426612, Validation R-squared: 0.3074277937
2023-11-24 12:49:38,526 - INFO - Epoch 20 : Training Loss: 10.1699819565, Validation Loss: 10.3565731049, Training R-squared: 0.3497480750, Validation R-squared: 0.3104029596
2023-11-24 12:49:45,538 - INFO - Epoch 21 : Training Loss: 10.1096324921, Validation Loss: 10.3161096573, Training R-squared: 0.3572520912, Validation R-squared: 0.3159126043
2023-11-24 12:49:52,478 - INFO - Epoch 22 : Training Loss: 10.0402526855, Validation Loss: 10.2762870789, Training R-squared: 0.3643875420, Validation R-squared: 0.3210363090
2023-11-24 12:49:59,636 - INFO - Epoch 23 : Training Loss: 9.9968023300, Validation Loss: 10.2629833221, Training R-squared: 0.3702334762, Validation R-squared: 0.3226158619
2023-11-24 12:50:06,685 - INFO - Epoch 24 : Training Loss: 9.9386911392, Validation Loss: 10.2252855301, Training R-squared: 0.3770141900, Validation R-squared: 0.3277832866
2023-11-24 12:50:13,753 - INFO - Epoch 25 : Training Loss: 9.9197731018, Validation Loss: 10.2271547318, Training R-squared: 0.3794259429, Validation R-squared: 0.3272111416
2023-11-24 12:50:21,146 - INFO - Epoch 26 : Training Loss: 9.8845739365, Validation Loss: 10.2192745209, Training R-squared: 0.3833004236, Validation R-squared: 0.3279816806
2023-11-24 12:50:28,097 - INFO - Epoch 27 : Training Loss: 9.8402605057, Validation Loss: 10.1968879700, Training R-squared: 0.3890420794, Validation R-squared: 0.3310740888
2023-11-24 12:50:35,192 - INFO - Epoch 28 : Training Loss: 9.8083477020, Validation Loss: 10.1796951294, Training R-squared: 0.3932214975, Validation R-squared: 0.3333602846
2023-11-24 12:50:42,310 - INFO - Epoch 29 : Training Loss: 9.7736234665, Validation Loss: 10.1940917969, Training R-squared: 0.3963815570, Validation R-squared: 0.3314441741
2023-11-24 12:50:49,363 - INFO - Epoch 30 : Training Loss: 9.7437572479, Validation Loss: 10.1820049286, Training R-squared: 0.4001021385, Validation R-squared: 0.3330340981
2023-11-24 12:50:56,437 - INFO - Epoch 31 : Training Loss: 9.7083139420, Validation Loss: 10.2082862854, Training R-squared: 0.4052769840, Validation R-squared: 0.3290926814
2023-11-24 12:51:03,338 - INFO - Epoch 32 : Training Loss: 9.6848974228, Validation Loss: 10.1765756607, Training R-squared: 0.4069025815, Validation R-squared: 0.3334912956
2023-11-24 12:51:10,387 - INFO - Epoch 33 : Training Loss: 9.6350564957, Validation Loss: 10.1854438782, Training R-squared: 0.4126842618, Validation R-squared: 0.3323173821
2023-11-24 12:51:17,866 - INFO - Epoch 34 : Training Loss: 9.6135149002, Validation Loss: 10.1855297089, Training R-squared: 0.4160599411, Validation R-squared: 0.3320709765
2023-11-24 12:51:25,135 - INFO - Epoch 35 : Training Loss: 9.5853691101, Validation Loss: 10.1789312363, Training R-squared: 0.4195599258, Validation R-squared: 0.3330455124
2023-11-24 12:51:32,299 - INFO - Epoch 36 : Training Loss: 9.5624151230, Validation Loss: 10.1878862381, Training R-squared: 0.4201567769, Validation R-squared: 0.3316556811
2023-11-24 12:51:39,428 - INFO - Epoch 37 : Training Loss: 9.5252037048, Validation Loss: 10.1762981415, Training R-squared: 0.4251284897, Validation R-squared: 0.3331563771
2023-11-24 12:51:46,649 - INFO - Epoch 38 : Training Loss: 9.5048837662, Validation Loss: 10.1610202789, Training R-squared: 0.4286842048, Validation R-squared: 0.3352549672
2023-11-24 12:51:53,700 - INFO - Epoch 39 : Training Loss: 9.4748525620, Validation Loss: 10.1835441589, Training R-squared: 0.4325512648, Validation R-squared: 0.3317509592
2023-11-24 12:52:00,745 - INFO - Epoch 40 : Training Loss: 9.4413108826, Validation Loss: 10.1844987869, Training R-squared: 0.4337657392, Validation R-squared: 0.3321025074
2023-11-24 12:52:07,765 - INFO - Epoch 41 : Training Loss: 9.4139871597, Validation Loss: 10.1596040726, Training R-squared: 0.4390489161, Validation R-squared: 0.3350761533
2023-11-24 12:52:14,799 - INFO - Epoch 42 : Training Loss: 9.3979291916, Validation Loss: 10.1565351486, Training R-squared: 0.4408718050, Validation R-squared: 0.3356261253
2023-11-24 12:52:22,125 - INFO - Epoch 43 : Training Loss: 9.3600454330, Validation Loss: 10.2294750214, Training R-squared: 0.4446707964, Validation R-squared: 0.3255290091
2023-11-24 12:52:29,245 - INFO - Epoch 44 : Training Loss: 9.3309659958, Validation Loss: 10.1873264313, Training R-squared: 0.4475569725, Validation R-squared: 0.3311310112
2023-11-24 12:52:36,261 - INFO - Epoch 45 : Training Loss: 9.3164663315, Validation Loss: 10.1685819626, Training R-squared: 0.4481770098, Validation R-squared: 0.3337211311
2023-11-24 12:52:43,179 - INFO - Epoch 46 : Training Loss: 9.2775583267, Validation Loss: 10.1546525955, Training R-squared: 0.4533823133, Validation R-squared: 0.3354480863
2023-11-24 12:52:50,212 - INFO - Epoch 47 : Training Loss: 9.2608985901, Validation Loss: 10.2018098831, Training R-squared: 0.4561550915, Validation R-squared: 0.3290260136
2023-11-24 12:52:57,271 - INFO - Epoch 48 : Training Loss: 9.2439737320, Validation Loss: 10.1759271622, Training R-squared: 0.4546494186, Validation R-squared: 0.3326287866
2023-11-24 12:53:04,520 - INFO - Epoch 49 : Training Loss: 9.2206277847, Validation Loss: 10.2094058990, Training R-squared: 0.4598135054, Validation R-squared: 0.3279910386
2023-11-24 12:53:11,633 - INFO - Epoch 50 : Training Loss: 9.1915254593, Validation Loss: 10.2199287415, Training R-squared: 0.4629916549, Validation R-squared: 0.3263229430
2023-11-24 12:53:19,158 - INFO - Epoch 51 : Training Loss: 9.1747245789, Validation Loss: 10.1930980682, Training R-squared: 0.4654199779, Validation R-squared: 0.3299196064
2023-11-24 12:53:31,229 - INFO - Model saved to models/portion_model/dinner/512_512_200_64/sparsity_70_fold_2_model.keras
2023-11-24 12:53:35,025 - INFO - Avg Metrics: RMSE: 8.4775628813, R-squared: -0.1397117078, PCC: 0.5227409171
2023-11-24 12:53:35,025 - INFO - Agg Metrics: RMSE: 10.2350510775, R-squared: 0.3354380147, PCC: 0.5849422337
2023-11-24 12:53:42,069 - INFO - ================================================================== Fold 3 ===================================================================
2023-11-24 12:53:53,648 - INFO - Epoch 1  : Training Loss: 12.3661718369, Validation Loss: 12.3914365768, Training R-squared: 0.0318187028, Validation R-squared: 0.0382327400
2023-11-24 12:54:00,592 - INFO - Epoch 2  : Training Loss: 12.1406602859, Validation Loss: 11.9875059128, Training R-squared: 0.0690332875, Validation R-squared: 0.1016309112
2023-11-24 12:54:07,690 - INFO - Epoch 3  : Training Loss: 11.7662820816, Validation Loss: 11.4919748306, Training R-squared: 0.1269112825, Validation R-squared: 0.1761531830
2023-11-24 12:54:14,501 - INFO - Epoch 4  : Training Loss: 11.1591367722, Validation Loss: 11.2067546844, Training R-squared: 0.2141195983, Validation R-squared: 0.2170583159
2023-11-24 12:54:21,379 - INFO - Epoch 5  : Training Loss: 11.0407972336, Validation Loss: 11.1620368958, Training R-squared: 0.2298354954, Validation R-squared: 0.2232013047
2023-11-24 12:54:28,068 - INFO - Epoch 6  : Training Loss: 10.9823760986, Validation Loss: 11.1160335541, Training R-squared: 0.2383884788, Validation R-squared: 0.2294045091
2023-11-24 12:54:34,818 - INFO - Epoch 7  : Training Loss: 10.8991661072, Validation Loss: 11.0531969070, Training R-squared: 0.2501740158, Validation R-squared: 0.2385440618
2023-11-24 12:54:41,551 - INFO - Epoch 8  : Training Loss: 10.8442583084, Validation Loss: 11.0125999451, Training R-squared: 0.2589048147, Validation R-squared: 0.2439923882
2023-11-24 12:54:48,215 - INFO - Epoch 9  : Training Loss: 10.7777271271, Validation Loss: 10.9566421509, Training R-squared: 0.2659801245, Validation R-squared: 0.2512322068
2023-11-24 12:54:55,030 - INFO - Epoch 10 : Training Loss: 10.6990098953, Validation Loss: 10.8499717712, Training R-squared: 0.2766404450, Validation R-squared: 0.2657803297
2023-11-24 12:55:01,838 - INFO - Epoch 11 : Training Loss: 10.6196126938, Validation Loss: 10.7531290054, Training R-squared: 0.2881786823, Validation R-squared: 0.2782488465
2023-11-24 12:55:08,602 - INFO - Epoch 12 : Training Loss: 10.5357027054, Validation Loss: 10.6936969757, Training R-squared: 0.2962174416, Validation R-squared: 0.2855843902
2023-11-24 12:55:15,469 - INFO - Epoch 13 : Training Loss: 10.4934625626, Validation Loss: 10.6700172424, Training R-squared: 0.3028767407, Validation R-squared: 0.2884515524
2023-11-24 12:55:22,369 - INFO - Epoch 14 : Training Loss: 10.4483442307, Validation Loss: 10.6418018341, Training R-squared: 0.3106548786, Validation R-squared: 0.2924612164
2023-11-24 12:55:29,419 - INFO - Epoch 15 : Training Loss: 10.3941984177, Validation Loss: 10.6170368195, Training R-squared: 0.3161455989, Validation R-squared: 0.2954460979
2023-11-24 12:55:36,624 - INFO - Epoch 16 : Training Loss: 10.3334293365, Validation Loss: 10.5891504288, Training R-squared: 0.3254309893, Validation R-squared: 0.2990896404
2023-11-24 12:55:43,760 - INFO - Epoch 17 : Training Loss: 10.2528114319, Validation Loss: 10.5552349091, Training R-squared: 0.3340959847, Validation R-squared: 0.3036505878
2023-11-24 12:55:51,040 - INFO - Epoch 18 : Training Loss: 10.1948404312, Validation Loss: 10.5478544235, Training R-squared: 0.3404279053, Validation R-squared: 0.3037752211
2023-11-24 12:55:58,113 - INFO - Epoch 19 : Training Loss: 10.1320829391, Validation Loss: 10.4865865707, Training R-squared: 0.3498860598, Validation R-squared: 0.3122726381
2023-11-24 12:56:04,957 - INFO - Epoch 20 : Training Loss: 10.0748567581, Validation Loss: 10.4674673080, Training R-squared: 0.3570616841, Validation R-squared: 0.3148834705
2023-11-24 12:56:12,031 - INFO - Epoch 21 : Training Loss: 10.0301370621, Validation Loss: 10.4698905945, Training R-squared: 0.3626209199, Validation R-squared: 0.3142663240
2023-11-24 12:56:18,919 - INFO - Epoch 22 : Training Loss: 9.9913549423, Validation Loss: 10.4269447327, Training R-squared: 0.3667011857, Validation R-squared: 0.3199177086
2023-11-24 12:56:25,678 - INFO - Epoch 23 : Training Loss: 9.9405126572, Validation Loss: 10.4004774094, Training R-squared: 0.3730527461, Validation R-squared: 0.3234574795
2023-11-24 12:56:32,599 - INFO - Epoch 24 : Training Loss: 9.8773860931, Validation Loss: 10.4208812714, Training R-squared: 0.3807112277, Validation R-squared: 0.3202654421
2023-11-24 12:56:39,334 - INFO - Epoch 25 : Training Loss: 9.8404855728, Validation Loss: 10.3721771240, Training R-squared: 0.3850816190, Validation R-squared: 0.3270370066
2023-11-24 12:56:46,065 - INFO - Epoch 26 : Training Loss: 9.8141374588, Validation Loss: 10.3701562881, Training R-squared: 0.3890773654, Validation R-squared: 0.3266081810
2023-11-24 12:56:52,844 - INFO - Epoch 27 : Training Loss: 9.7738561630, Validation Loss: 10.3587245941, Training R-squared: 0.3943280876, Validation R-squared: 0.3282075226
2023-11-24 12:56:59,759 - INFO - Epoch 28 : Training Loss: 9.7236366272, Validation Loss: 10.3032217026, Training R-squared: 0.3985517919, Validation R-squared: 0.3362482488
2023-11-24 12:57:06,552 - INFO - Epoch 29 : Training Loss: 9.7008447647, Validation Loss: 10.2671327591, Training R-squared: 0.4014449120, Validation R-squared: 0.3405027390
2023-11-24 12:57:13,275 - INFO - Epoch 30 : Training Loss: 9.6604804993, Validation Loss: 10.2815780640, Training R-squared: 0.4074705243, Validation R-squared: 0.3387454748
2023-11-24 12:57:20,480 - INFO - Epoch 31 : Training Loss: 9.6215867996, Validation Loss: 10.2707748413, Training R-squared: 0.4111633599, Validation R-squared: 0.3398401439
2023-11-24 12:57:27,260 - INFO - Epoch 32 : Training Loss: 9.5937356949, Validation Loss: 10.2633600235, Training R-squared: 0.4138391316, Validation R-squared: 0.3408843279
2023-11-24 12:57:33,911 - INFO - Epoch 33 : Training Loss: 9.5579786301, Validation Loss: 10.2652816772, Training R-squared: 0.4190876186, Validation R-squared: 0.3402096629
2023-11-24 12:57:40,703 - INFO - Epoch 34 : Training Loss: 9.5258331299, Validation Loss: 10.2429933548, Training R-squared: 0.4230988622, Validation R-squared: 0.3436470628
2023-11-24 12:57:47,561 - INFO - Epoch 35 : Training Loss: 9.4961194992, Validation Loss: 10.2255306244, Training R-squared: 0.4260155559, Validation R-squared: 0.3452633917
2023-11-24 12:57:54,231 - INFO - Epoch 36 : Training Loss: 9.4615688324, Validation Loss: 10.2689847946, Training R-squared: 0.4292302728, Validation R-squared: 0.3396505415
2023-11-24 12:58:00,938 - INFO - Epoch 37 : Training Loss: 9.4409637451, Validation Loss: 10.2354688644, Training R-squared: 0.4330302775, Validation R-squared: 0.3445213139
2023-11-24 12:58:07,700 - INFO - Epoch 38 : Training Loss: 9.4123945236, Validation Loss: 10.2324705124, Training R-squared: 0.4369555414, Validation R-squared: 0.3443686068
2023-11-24 12:58:14,399 - INFO - Epoch 39 : Training Loss: 9.4031753540, Validation Loss: 10.2269582748, Training R-squared: 0.4386779070, Validation R-squared: 0.3451287150
2023-11-24 12:58:21,397 - INFO - Epoch 40 : Training Loss: 9.3681850433, Validation Loss: 10.2091455460, Training R-squared: 0.4396474361, Validation R-squared: 0.3477103114
2023-11-24 12:58:28,123 - INFO - Epoch 41 : Training Loss: 9.3295478821, Validation Loss: 10.2500486374, Training R-squared: 0.4458821416, Validation R-squared: 0.3417499065
2023-11-24 12:58:34,990 - INFO - Epoch 42 : Training Loss: 9.3133707047, Validation Loss: 10.2278642654, Training R-squared: 0.4469002485, Validation R-squared: 0.3447418809
2023-11-24 12:58:41,771 - INFO - Epoch 43 : Training Loss: 9.2923545837, Validation Loss: 10.2140884399, Training R-squared: 0.4504614174, Validation R-squared: 0.3465417027
2023-11-24 12:58:48,469 - INFO - Epoch 44 : Training Loss: 9.2669286728, Validation Loss: 10.2263765335, Training R-squared: 0.4533635676, Validation R-squared: 0.3452422619
2023-11-24 12:58:55,363 - INFO - Epoch 45 : Training Loss: 9.2452945709, Validation Loss: 10.2516498566, Training R-squared: 0.4548940063, Validation R-squared: 0.3415505290
2023-11-24 12:59:06,613 - INFO - Model saved to models/portion_model/dinner/512_512_200_64/sparsity_70_fold_3_model.keras
2023-11-24 12:59:11,868 - INFO - Avg Metrics: RMSE: 8.3063064854, R-squared: -0.0046182319, PCC: 0.5144490187
2023-11-24 12:59:11,868 - INFO - Agg Metrics: RMSE: 10.4641070141, R-squared: 0.3373147037, PCC: 0.5820070561
2023-11-24 12:59:18,248 - INFO - ================================================================== Fold 4 ===================================================================
2023-11-24 12:59:27,843 - INFO - Epoch 1  : Training Loss: 12.3314619064, Validation Loss: 12.5683536530, Training R-squared: 0.0321453661, Validation R-squared: 0.0384074561
2023-11-24 12:59:34,677 - INFO - Epoch 2  : Training Loss: 12.0764417648, Validation Loss: 12.1537427902, Training R-squared: 0.0699584633, Validation R-squared: 0.1014702171
2023-11-24 12:59:41,275 - INFO - Epoch 3  : Training Loss: 11.7535963058, Validation Loss: 11.7601966858, Training R-squared: 0.1209343225, Validation R-squared: 0.1596529186
2023-11-24 12:59:48,080 - INFO - Epoch 4  : Training Loss: 11.1340646744, Validation Loss: 11.3686056137, Training R-squared: 0.2113302648, Validation R-squared: 0.2148520201
2023-11-24 12:59:54,924 - INFO - Epoch 5  : Training Loss: 10.9805898666, Validation Loss: 11.3055973053, Training R-squared: 0.2321756929, Validation R-squared: 0.2236698121
2023-11-24 13:00:01,644 - INFO - Epoch 6  : Training Loss: 10.8743400574, Validation Loss: 11.2338094711, Training R-squared: 0.2490339875, Validation R-squared: 0.2340994328
2023-11-24 13:00:08,303 - INFO - Epoch 7  : Training Loss: 10.7564325333, Validation Loss: 11.1678552628, Training R-squared: 0.2637660503, Validation R-squared: 0.2429321855
2023-11-24 13:00:15,071 - INFO - Epoch 8  : Training Loss: 10.6692104340, Validation Loss: 11.1263799667, Training R-squared: 0.2759503722, Validation R-squared: 0.2484449595
2023-11-24 13:00:22,217 - INFO - Epoch 9  : Training Loss: 10.5859680176, Validation Loss: 11.0852165222, Training R-squared: 0.2853672802, Validation R-squared: 0.2534618676
2023-11-24 13:00:28,836 - INFO - Epoch 10 : Training Loss: 10.5344753265, Validation Loss: 11.0585107803, Training R-squared: 0.2932803929, Validation R-squared: 0.2570288777
2023-11-24 13:00:35,705 - INFO - Epoch 11 : Training Loss: 10.4663267136, Validation Loss: 11.0383605957, Training R-squared: 0.3003081083, Validation R-squared: 0.2596706748
2023-11-24 13:00:42,492 - INFO - Epoch 12 : Training Loss: 10.4366559982, Validation Loss: 11.0330762863, Training R-squared: 0.3068744838, Validation R-squared: 0.2599974871
2023-11-24 13:00:49,228 - INFO - Epoch 13 : Training Loss: 10.3823823929, Validation Loss: 10.9900236130, Training R-squared: 0.3140849471, Validation R-squared: 0.2659743428
2023-11-24 13:00:56,004 - INFO - Epoch 14 : Training Loss: 10.3045539856, Validation Loss: 10.9500999451, Training R-squared: 0.3227522969, Validation R-squared: 0.2712947130
2023-11-24 13:01:02,874 - INFO - Epoch 15 : Training Loss: 10.2802343369, Validation Loss: 10.9231328964, Training R-squared: 0.3262914419, Validation R-squared: 0.2750329971
2023-11-24 13:01:09,614 - INFO - Epoch 16 : Training Loss: 10.2097845078, Validation Loss: 10.8773708344, Training R-squared: 0.3335462809, Validation R-squared: 0.2808848023
2023-11-24 13:01:16,247 - INFO - Epoch 17 : Training Loss: 10.1690273285, Validation Loss: 10.8363695145, Training R-squared: 0.3421487212, Validation R-squared: 0.2864333689
2023-11-24 13:01:23,532 - INFO - Epoch 18 : Training Loss: 10.1009092331, Validation Loss: 10.7811965942, Training R-squared: 0.3495858312, Validation R-squared: 0.2932713628
2023-11-24 13:01:30,300 - INFO - Epoch 19 : Training Loss: 10.0261211395, Validation Loss: 10.7333221436, Training R-squared: 0.3580088615, Validation R-squared: 0.2995154262
2023-11-24 13:01:37,516 - INFO - Epoch 20 : Training Loss: 9.9679975510, Validation Loss: 10.6937675476, Training R-squared: 0.3649857044, Validation R-squared: 0.3044144809
2023-11-24 13:01:44,046 - INFO - Epoch 21 : Training Loss: 9.9210023880, Validation Loss: 10.6661024094, Training R-squared: 0.3715744019, Validation R-squared: 0.3079718053
2023-11-24 13:01:50,861 - INFO - Epoch 22 : Training Loss: 9.8793287277, Validation Loss: 10.6423358917, Training R-squared: 0.3769111633, Validation R-squared: 0.3105428219
2023-11-24 13:01:57,692 - INFO - Epoch 23 : Training Loss: 9.8297071457, Validation Loss: 10.6152858734, Training R-squared: 0.3828496337, Validation R-squared: 0.3141586185
2023-11-24 13:02:04,332 - INFO - Epoch 24 : Training Loss: 9.8046512604, Validation Loss: 10.6154365540, Training R-squared: 0.3873837888, Validation R-squared: 0.3138864040
2023-11-24 13:02:11,050 - INFO - Epoch 25 : Training Loss: 9.7691421509, Validation Loss: 10.5819816589, Training R-squared: 0.3899189532, Validation R-squared: 0.3183226883
2023-11-24 13:02:18,182 - INFO - Epoch 26 : Training Loss: 9.7365961075, Validation Loss: 10.5681943893, Training R-squared: 0.3942629099, Validation R-squared: 0.3201333284
2023-11-24 13:02:25,072 - INFO - Epoch 27 : Training Loss: 9.7083768845, Validation Loss: 10.5565757751, Training R-squared: 0.3972958624, Validation R-squared: 0.3217235208
2023-11-24 13:02:31,721 - INFO - Epoch 28 : Training Loss: 9.6752252579, Validation Loss: 10.5562486649, Training R-squared: 0.4024934471, Validation R-squared: 0.3214776814
2023-11-24 13:02:38,538 - INFO - Epoch 29 : Training Loss: 9.6431732178, Validation Loss: 10.5419321060, Training R-squared: 0.4049327970, Validation R-squared: 0.3234620094
2023-11-24 13:02:45,525 - INFO - Epoch 30 : Training Loss: 9.6194658279, Validation Loss: 10.5149774551, Training R-squared: 0.4091297388, Validation R-squared: 0.3269180655
2023-11-24 13:02:52,449 - INFO - Epoch 31 : Training Loss: 9.5853776932, Validation Loss: 10.5145912170, Training R-squared: 0.4120963514, Validation R-squared: 0.3270018697
2023-11-24 13:02:59,090 - INFO - Epoch 32 : Training Loss: 9.5453968048, Validation Loss: 10.5263519287, Training R-squared: 0.4169518054, Validation R-squared: 0.3251093626
2023-11-24 13:03:05,950 - INFO - Epoch 33 : Training Loss: 9.5170860291, Validation Loss: 10.5015363693, Training R-squared: 0.4195777178, Validation R-squared: 0.3284447789
2023-11-24 13:03:12,726 - INFO - Epoch 34 : Training Loss: 9.4870328903, Validation Loss: 10.4930887222, Training R-squared: 0.4235424399, Validation R-squared: 0.3292288780
2023-11-24 13:03:19,596 - INFO - Epoch 35 : Training Loss: 9.4669790268, Validation Loss: 10.4919357300, Training R-squared: 0.4277849197, Validation R-squared: 0.3293124139
2023-11-24 13:03:28,476 - INFO - Epoch 36 : Training Loss: 9.4351806641, Validation Loss: 10.4533376694, Training R-squared: 0.4296995699, Validation R-squared: 0.3346717358
2023-11-24 13:03:38,055 - INFO - Epoch 37 : Training Loss: 9.4250831604, Validation Loss: 10.4682302475, Training R-squared: 0.4318436980, Validation R-squared: 0.3326943517
2023-11-24 13:03:46,467 - INFO - Epoch 38 : Training Loss: 9.3927536011, Validation Loss: 10.4709110260, Training R-squared: 0.4355618358, Validation R-squared: 0.3321268559
2023-11-24 13:03:55,809 - INFO - Epoch 39 : Training Loss: 9.3720397949, Validation Loss: 10.4692430496, Training R-squared: 0.4374454618, Validation R-squared: 0.3321677744
2023-11-24 13:04:04,138 - INFO - Epoch 40 : Training Loss: 9.3467674255, Validation Loss: 10.4661026001, Training R-squared: 0.4393827021, Validation R-squared: 0.3328156471
2023-11-24 13:04:12,212 - INFO - Epoch 41 : Training Loss: 9.3273248672, Validation Loss: 10.4351549149, Training R-squared: 0.4430808425, Validation R-squared: 0.3370276690
2023-11-24 13:04:20,604 - INFO - Epoch 42 : Training Loss: 9.3041839600, Validation Loss: 10.4631137848, Training R-squared: 0.4453012347, Validation R-squared: 0.3328927159
2023-11-24 13:04:28,765 - INFO - Epoch 43 : Training Loss: 9.2771549225, Validation Loss: 10.4036331177, Training R-squared: 0.4489458203, Validation R-squared: 0.3409166932
2023-11-24 13:04:37,568 - INFO - Epoch 44 : Training Loss: 9.2484884262, Validation Loss: 10.4141874313, Training R-squared: 0.4520177245, Validation R-squared: 0.3398313224
2023-11-24 13:04:46,280 - INFO - Epoch 45 : Training Loss: 9.2226839066, Validation Loss: 10.4307155609, Training R-squared: 0.4554237425, Validation R-squared: 0.3373119533
2023-11-24 13:04:55,355 - INFO - Epoch 46 : Training Loss: 9.2030496597, Validation Loss: 10.4275398254, Training R-squared: 0.4571154118, Validation R-squared: 0.3377769291
2023-11-24 13:05:03,691 - INFO - Epoch 47 : Training Loss: 9.1739997864, Validation Loss: 10.4097118378, Training R-squared: 0.4597221017, Validation R-squared: 0.3398924470
2023-11-24 13:05:11,822 - INFO - Epoch 48 : Training Loss: 9.1579437256, Validation Loss: 10.3997039795, Training R-squared: 0.4618692994, Validation R-squared: 0.3413068056
2023-11-24 13:05:20,122 - INFO - Epoch 49 : Training Loss: 9.1320610046, Validation Loss: 10.3885259628, Training R-squared: 0.4647639096, Validation R-squared: 0.3426946104
2023-11-24 13:05:28,146 - INFO - Epoch 50 : Training Loss: 9.0980834961, Validation Loss: 10.4280519485, Training R-squared: 0.4674602449, Validation R-squared: 0.3376739621
2023-11-24 13:05:35,936 - INFO - Epoch 51 : Training Loss: 9.0727567673, Validation Loss: 10.3879966736, Training R-squared: 0.4728136361, Validation R-squared: 0.3425573409
2023-11-24 13:05:43,761 - INFO - Epoch 52 : Training Loss: 9.0538825989, Validation Loss: 10.3819141388, Training R-squared: 0.4739288688, Validation R-squared: 0.3434237838
2023-11-24 13:05:51,711 - INFO - Epoch 53 : Training Loss: 9.0281333923, Validation Loss: 10.3808956146, Training R-squared: 0.4748702347, Validation R-squared: 0.3436606228
2023-11-24 13:05:59,933 - INFO - Epoch 54 : Training Loss: 9.0117969513, Validation Loss: 10.4147863388, Training R-squared: 0.4785364866, Validation R-squared: 0.3390915990
2023-11-24 13:06:08,094 - INFO - Epoch 55 : Training Loss: 8.9832630157, Validation Loss: 10.3994455338, Training R-squared: 0.4816014469, Validation R-squared: 0.3411356211
2023-11-24 13:06:17,948 - INFO - Epoch 56 : Training Loss: 8.9643182755, Validation Loss: 10.3927440643, Training R-squared: 0.4832854569, Validation R-squared: 0.3417797387
2023-11-24 13:06:26,020 - INFO - Epoch 57 : Training Loss: 8.9527330399, Validation Loss: 10.3882446289, Training R-squared: 0.4842144847, Validation R-squared: 0.3422554731
2023-11-24 13:06:34,568 - INFO - Epoch 58 : Training Loss: 8.9351758957, Validation Loss: 10.4565515518, Training R-squared: 0.4873004258, Validation R-squared: 0.3330883980
2023-11-24 13:06:49,019 - INFO - Model saved to models/portion_model/dinner/512_512_200_64/sparsity_70_fold_4_model.keras
2023-11-24 13:06:54,400 - INFO - Avg Metrics: RMSE: 8.4024374031, R-squared: -0.6958029821, PCC: 0.5443122627
2023-11-24 13:06:54,400 - INFO - Agg Metrics: RMSE: 10.5329743643, R-squared: 0.3393190306, PCC: 0.5857178390
2023-11-24 13:07:02,660 - INFO - ================================================================== Fold 5 ===================================================================
2023-11-24 13:07:15,666 - INFO - Epoch 1  : Training Loss: 12.4645967484, Validation Loss: 12.0311107635, Training R-squared: 0.0323513336, Validation R-squared: 0.0364431888
2023-11-24 13:07:24,823 - INFO - Epoch 2  : Training Loss: 12.1888399124, Validation Loss: 11.6192493439, Training R-squared: 0.0728388578, Validation R-squared: 0.1026156694
2023-11-24 13:07:33,716 - INFO - Epoch 3  : Training Loss: 11.7198600769, Validation Loss: 11.0110921860, Training R-squared: 0.1442988366, Validation R-squared: 0.1951874644
2023-11-24 13:07:42,599 - INFO - Epoch 4  : Training Loss: 11.2051382065, Validation Loss: 10.8836002350, Training R-squared: 0.2188256085, Validation R-squared: 0.2136142403
2023-11-24 13:07:51,011 - INFO - Epoch 5  : Training Loss: 11.1051864624, Validation Loss: 10.8313827515, Training R-squared: 0.2341617793, Validation R-squared: 0.2212669402
2023-11-24 13:07:59,700 - INFO - Epoch 6  : Training Loss: 11.0135822296, Validation Loss: 10.7946710587, Training R-squared: 0.2452832162, Validation R-squared: 0.2265293449
2023-11-24 13:08:08,504 - INFO - Epoch 7  : Training Loss: 10.9628467560, Validation Loss: 10.7612113953, Training R-squared: 0.2528783977, Validation R-squared: 0.2316236496
2023-11-24 13:08:17,533 - INFO - Epoch 8  : Training Loss: 10.8840761185, Validation Loss: 10.7178106308, Training R-squared: 0.2617541254, Validation R-squared: 0.2378171384
2023-11-24 13:08:25,727 - INFO - Epoch 9  : Training Loss: 10.7864923477, Validation Loss: 10.6577234268, Training R-squared: 0.2749781609, Validation R-squared: 0.2461829334
2023-11-24 13:08:33,680 - INFO - Epoch 10 : Training Loss: 10.6987390518, Validation Loss: 10.6134185791, Training R-squared: 0.2877252996, Validation R-squared: 0.2522194088
2023-11-24 13:08:41,872 - INFO - Epoch 11 : Training Loss: 10.6163587570, Validation Loss: 10.5830879211, Training R-squared: 0.2977774441, Validation R-squared: 0.2562146187
2023-11-24 13:08:50,396 - INFO - Epoch 12 : Training Loss: 10.5632572174, Validation Loss: 10.5584869385, Training R-squared: 0.3048509657, Validation R-squared: 0.2598618269
2023-11-24 13:08:58,996 - INFO - Epoch 13 : Training Loss: 10.4962835312, Validation Loss: 10.5334777832, Training R-squared: 0.3109910786, Validation R-squared: 0.2631618977
2023-11-24 13:09:07,816 - INFO - Epoch 14 : Training Loss: 10.4525890350, Validation Loss: 10.5184698105, Training R-squared: 0.3184741139, Validation R-squared: 0.2650642991
2023-11-24 13:09:15,960 - INFO - Epoch 15 : Training Loss: 10.4285306931, Validation Loss: 10.4942846298, Training R-squared: 0.3225981295, Validation R-squared: 0.2685570419
2023-11-24 13:09:25,049 - INFO - Epoch 16 : Training Loss: 10.3706874847, Validation Loss: 10.4639139175, Training R-squared: 0.3286241591, Validation R-squared: 0.2727511525
2023-11-24 13:09:33,839 - INFO - Epoch 17 : Training Loss: 10.2957000732, Validation Loss: 10.4279623032, Training R-squared: 0.3361673057, Validation R-squared: 0.2778010964
2023-11-24 13:09:42,031 - INFO - Epoch 18 : Training Loss: 10.2548780441, Validation Loss: 10.4115028381, Training R-squared: 0.3429996371, Validation R-squared: 0.2796716392
2023-11-24 13:09:49,998 - INFO - Epoch 19 : Training Loss: 10.2119350433, Validation Loss: 10.3701801300, Training R-squared: 0.3484568894, Validation R-squared: 0.2852233052
2023-11-24 13:09:57,987 - INFO - Epoch 20 : Training Loss: 10.1469001770, Validation Loss: 10.3463926315, Training R-squared: 0.3565391898, Validation R-squared: 0.2884751260
2023-11-24 13:10:05,852 - INFO - Epoch 21 : Training Loss: 10.1004409790, Validation Loss: 10.3247661591, Training R-squared: 0.3625344634, Validation R-squared: 0.2906852663
2023-11-24 13:10:13,677 - INFO - Epoch 22 : Training Loss: 10.0493488312, Validation Loss: 10.2713460922, Training R-squared: 0.3677232563, Validation R-squared: 0.2979601622
2023-11-24 13:10:21,635 - INFO - Epoch 23 : Training Loss: 9.9839611053, Validation Loss: 10.2598228455, Training R-squared: 0.3763167858, Validation R-squared: 0.2991798222
2023-11-24 13:10:29,853 - INFO - Epoch 24 : Training Loss: 9.9451999664, Validation Loss: 10.2517490387, Training R-squared: 0.3811369240, Validation R-squared: 0.2998827994
2023-11-24 13:10:38,190 - INFO - Epoch 25 : Training Loss: 9.9124593735, Validation Loss: 10.2153120041, Training R-squared: 0.3868654966, Validation R-squared: 0.3048697710
2023-11-24 13:10:47,433 - INFO - Epoch 26 : Training Loss: 9.8456096649, Validation Loss: 10.1898355484, Training R-squared: 0.3925737739, Validation R-squared: 0.3084863722
2023-11-24 13:10:56,132 - INFO - Epoch 27 : Training Loss: 9.8238744736, Validation Loss: 10.1763648987, Training R-squared: 0.3943811059, Validation R-squared: 0.3100549579
2023-11-24 13:11:04,814 - INFO - Epoch 28 : Training Loss: 9.7910633087, Validation Loss: 10.2078428268, Training R-squared: 0.4002153575, Validation R-squared: 0.3055698574
2023-11-24 13:11:14,198 - INFO - Epoch 29 : Training Loss: 9.7362747192, Validation Loss: 10.1743955612, Training R-squared: 0.4066251218, Validation R-squared: 0.3098760247
2023-11-24 13:11:23,278 - INFO - Epoch 30 : Training Loss: 9.7066431046, Validation Loss: 10.1381435394, Training R-squared: 0.4095039368, Validation R-squared: 0.3149534166
2023-11-24 13:11:31,971 - INFO - Epoch 31 : Training Loss: 9.6679010391, Validation Loss: 10.1475133896, Training R-squared: 0.4146714211, Validation R-squared: 0.3131667376
2023-11-24 13:11:39,988 - INFO - Epoch 32 : Training Loss: 9.6326646805, Validation Loss: 10.1408615112, Training R-squared: 0.4189935327, Validation R-squared: 0.3141517341
2023-11-24 13:11:48,051 - INFO - Epoch 33 : Training Loss: 9.6014451981, Validation Loss: 10.1190214157, Training R-squared: 0.4211866260, Validation R-squared: 0.3170768917
2023-11-24 13:11:55,959 - INFO - Epoch 34 : Training Loss: 9.5596675873, Validation Loss: 10.1223335266, Training R-squared: 0.4243298471, Validation R-squared: 0.3164868653
2023-11-24 13:12:03,877 - INFO - Epoch 35 : Training Loss: 9.5396680832, Validation Loss: 10.0760173798, Training R-squared: 0.4301790297, Validation R-squared: 0.3230415285
2023-11-24 13:12:11,689 - INFO - Epoch 36 : Training Loss: 9.5089740753, Validation Loss: 10.1367034912, Training R-squared: 0.4331357181, Validation R-squared: 0.3143072128
2023-11-24 13:12:19,721 - INFO - Epoch 37 : Training Loss: 9.4746761322, Validation Loss: 10.1027002335, Training R-squared: 0.4371599853, Validation R-squared: 0.3191039860
2023-11-24 13:12:27,549 - INFO - Epoch 38 : Training Loss: 9.4511966705, Validation Loss: 10.0591154099, Training R-squared: 0.4393602312, Validation R-squared: 0.3250120282
2023-11-24 13:12:35,423 - INFO - Epoch 39 : Training Loss: 9.4194612503, Validation Loss: 10.0729112625, Training R-squared: 0.4411932528, Validation R-squared: 0.3230613768
2023-11-24 13:12:43,544 - INFO - Epoch 40 : Training Loss: 9.3996782303, Validation Loss: 10.0973691940, Training R-squared: 0.4450390935, Validation R-squared: 0.3194402158
2023-11-24 13:12:52,149 - INFO - Epoch 41 : Training Loss: 9.3776435852, Validation Loss: 10.1133060455, Training R-squared: 0.4469069242, Validation R-squared: 0.3171528876
2023-11-24 13:13:00,668 - INFO - Epoch 42 : Training Loss: 9.3502025604, Validation Loss: 10.1051568985, Training R-squared: 0.4498324692, Validation R-squared: 0.3179516494
2023-11-24 13:13:09,302 - INFO - Epoch 43 : Training Loss: 9.3271741867, Validation Loss: 10.1017332077, Training R-squared: 0.4531700313, Validation R-squared: 0.3187570274
2023-11-24 13:13:23,498 - INFO - Model saved to models/portion_model/dinner/512_512_200_64/sparsity_70_fold_5_model.keras
2023-11-24 13:13:27,078 - INFO - Avg Metrics: RMSE: 8.3329042782, R-squared: -0.1027685977, PCC: 0.5019468138
2023-11-24 13:13:27,078 - INFO - Agg Metrics: RMSE: 10.1937737639, R-squared: 0.3218146220, PCC: 0.5736109876
2023-11-24 13:13:41,782 - INFO - ================================================================== Results Summary ===================================================================
2023-11-24 13:13:41,782 - INFO - CrossVal Metrics (Avg.) - RMSE: 8.3960890880 ± 0.0677870588, R2: -0.1991090501 ± 0.0677870588, PCC: 0.5236336784 ± 0.0677870588
2023-11-24 13:13:41,782 - INFO - Testing  Metrics (Avg.) - RMSE: 8.2566510462, R2: -0.1126232960, PCC: 0.5221235306
2023-11-24 13:13:41,782 - INFO - CrossVal Metrics (Agg.) - RMSE: 10.3595839601 ± 0.0677870588, R2: 0.3366916169 ± 0.0677870588, PCC: 0.5839319215 ± 0.0677870588
2023-11-24 13:13:41,783 - INFO - Testing  Metrics (Agg.) - RMSE: 10.0977179593, R2: 0.3518290546, PCC: 0.5957758312
