2023-11-24 09:02:34,914 - INFO - Training model at 45% sparse columns removed...
2023-11-24 09:02:43,714 - INFO - ================================================================== Fold 1 ===================================================================
2023-11-24 09:03:06,259 - INFO - Epoch 1  : Training Loss: 9.1776256561, Validation Loss: 9.1229066849, Training R-squared: 0.0346926711, Validation R-squared: 0.0525512733
2023-11-24 09:03:22,263 - INFO - Epoch 2  : Training Loss: 8.9083232880, Validation Loss: 8.8719310760, Training R-squared: 0.0910215378, Validation R-squared: 0.1042295247
2023-11-24 09:03:38,753 - INFO - Epoch 3  : Training Loss: 8.6731662750, Validation Loss: 8.3720703125, Training R-squared: 0.1392788887, Validation R-squared: 0.2036973089
2023-11-24 09:03:57,244 - INFO - Epoch 4  : Training Loss: 8.2558679581, Validation Loss: 8.2839212418, Training R-squared: 0.2202665806, Validation R-squared: 0.2202493399
2023-11-24 09:04:13,966 - INFO - Epoch 5  : Training Loss: 8.1743679047, Validation Loss: 8.2444753647, Training R-squared: 0.2357994616, Validation R-squared: 0.2281102240
2023-11-24 09:04:29,514 - INFO - Epoch 6  : Training Loss: 8.1030206680, Validation Loss: 8.2223291397, Training R-squared: 0.2473353148, Validation R-squared: 0.2323869765
2023-11-24 09:04:44,960 - INFO - Epoch 7  : Training Loss: 8.0591201782, Validation Loss: 8.1855430603, Training R-squared: 0.2563646734, Validation R-squared: 0.2391656339
2023-11-24 09:05:00,356 - INFO - Epoch 8  : Training Loss: 7.9644422531, Validation Loss: 8.1243867874, Training R-squared: 0.2729260325, Validation R-squared: 0.2499020547
2023-11-24 09:05:15,656 - INFO - Epoch 9  : Training Loss: 7.8804740906, Validation Loss: 8.0985078812, Training R-squared: 0.2877161205, Validation R-squared: 0.2545020580
2023-11-24 09:05:31,209 - INFO - Epoch 10 : Training Loss: 7.8365907669, Validation Loss: 8.0920276642, Training R-squared: 0.2951139808, Validation R-squared: 0.2555814981
2023-11-24 09:05:46,803 - INFO - Epoch 11 : Training Loss: 7.8026275635, Validation Loss: 8.0722265244, Training R-squared: 0.3021495938, Validation R-squared: 0.2593407631
2023-11-24 09:06:02,425 - INFO - Epoch 12 : Training Loss: 7.7607030869, Validation Loss: 8.0594167709, Training R-squared: 0.3079766035, Validation R-squared: 0.2614369094
2023-11-24 09:06:18,066 - INFO - Epoch 13 : Training Loss: 7.7155241966, Validation Loss: 8.0484762192, Training R-squared: 0.3167455494, Validation R-squared: 0.2635363638
2023-11-24 09:06:33,525 - INFO - Epoch 14 : Training Loss: 7.6698446274, Validation Loss: 8.0235977173, Training R-squared: 0.3238654137, Validation R-squared: 0.2679589689
2023-11-24 09:06:49,170 - INFO - Epoch 15 : Training Loss: 7.6272368431, Validation Loss: 8.0098352432, Training R-squared: 0.3310769200, Validation R-squared: 0.2704413533
2023-11-24 09:07:04,544 - INFO - Epoch 16 : Training Loss: 7.5960893631, Validation Loss: 7.9824309349, Training R-squared: 0.3377355039, Validation R-squared: 0.2752590477
2023-11-24 09:07:20,155 - INFO - Epoch 17 : Training Loss: 7.5479717255, Validation Loss: 7.9497637749, Training R-squared: 0.3446787596, Validation R-squared: 0.2814708054
2023-11-24 09:07:35,520 - INFO - Epoch 18 : Training Loss: 7.5060787201, Validation Loss: 7.9383373260, Training R-squared: 0.3513759971, Validation R-squared: 0.2831515670
2023-11-24 09:07:50,937 - INFO - Epoch 19 : Training Loss: 7.4541835785, Validation Loss: 7.9097499847, Training R-squared: 0.3601729572, Validation R-squared: 0.2881721258
2023-11-24 09:08:06,604 - INFO - Epoch 20 : Training Loss: 7.4145822525, Validation Loss: 7.9011917114, Training R-squared: 0.3667456210, Validation R-squared: 0.2893699110
2023-11-24 09:08:22,651 - INFO - Epoch 21 : Training Loss: 7.3777103424, Validation Loss: 7.8778576851, Training R-squared: 0.3727637827, Validation R-squared: 0.2935926616
2023-11-24 09:08:37,966 - INFO - Epoch 22 : Training Loss: 7.3412585258, Validation Loss: 7.8753933907, Training R-squared: 0.3782932758, Validation R-squared: 0.2939060926
2023-11-24 09:08:53,331 - INFO - Epoch 23 : Training Loss: 7.3217024803, Validation Loss: 7.8813133240, Training R-squared: 0.3822790086, Validation R-squared: 0.2926540077
2023-11-24 09:09:08,737 - INFO - Epoch 24 : Training Loss: 7.2878432274, Validation Loss: 7.8516616821, Training R-squared: 0.3863357902, Validation R-squared: 0.2981390655
2023-11-24 09:09:24,847 - INFO - Epoch 25 : Training Loss: 7.2613205910, Validation Loss: 7.8545651436, Training R-squared: 0.3922079206, Validation R-squared: 0.2973030210
2023-11-24 09:09:40,216 - INFO - Epoch 26 : Training Loss: 7.2256379128, Validation Loss: 7.8298387527, Training R-squared: 0.3971423209, Validation R-squared: 0.3022693098
2023-11-24 09:09:55,710 - INFO - Epoch 27 : Training Loss: 7.1935110092, Validation Loss: 7.8197507858, Training R-squared: 0.4013067782, Validation R-squared: 0.3041688204
2023-11-24 09:10:11,162 - INFO - Epoch 28 : Training Loss: 7.1715774536, Validation Loss: 7.8095397949, Training R-squared: 0.4059112966, Validation R-squared: 0.3061272800
2023-11-24 09:10:26,865 - INFO - Epoch 29 : Training Loss: 7.1454877853, Validation Loss: 7.8079771996, Training R-squared: 0.4099346399, Validation R-squared: 0.3063974679
2023-11-24 09:10:42,240 - INFO - Epoch 30 : Training Loss: 7.1262049675, Validation Loss: 7.8414268494, Training R-squared: 0.4130462110, Validation R-squared: 0.2999855876
2023-11-24 09:10:57,897 - INFO - Epoch 31 : Training Loss: 7.0955653191, Validation Loss: 7.8137745857, Training R-squared: 0.4179576039, Validation R-squared: 0.3051359355
2023-11-24 09:11:13,320 - INFO - Epoch 32 : Training Loss: 7.0711178780, Validation Loss: 7.8355774879, Training R-squared: 0.4223661721, Validation R-squared: 0.3007730246
2023-11-24 09:11:29,344 - INFO - Epoch 33 : Training Loss: 7.0428366661, Validation Loss: 7.8317141533, Training R-squared: 0.4266417921, Validation R-squared: 0.3015337288
2023-11-24 09:11:44,919 - INFO - Epoch 34 : Training Loss: 7.0333452225, Validation Loss: 7.8274779320, Training R-squared: 0.4276287556, Validation R-squared: 0.3027248383
2023-11-24 09:12:04,953 - INFO - Model saved to models/portion_model/dinner/512_512_200_64/sparsity_45_fold_1_model.keras
2023-11-24 09:12:09,619 - INFO - Avg Metrics: RMSE: 6.4328946103, R-squared: -0.0497238117, PCC: 0.4683987820
2023-11-24 09:12:09,620 - INFO - Agg Metrics: RMSE: 7.9720564840, R-squared: 0.2979927417, PCC: 0.5480237507
2023-11-24 09:12:16,952 - INFO - ================================================================== Fold 2 ===================================================================
2023-11-24 09:12:40,109 - INFO - Epoch 1  : Training Loss: 9.2094573975, Validation Loss: 8.9956130981, Training R-squared: 0.0339940265, Validation R-squared: 0.0528963991
2023-11-24 09:12:55,752 - INFO - Epoch 2  : Training Loss: 8.9465942383, Validation Loss: 8.7305564880, Training R-squared: 0.0891485810, Validation R-squared: 0.1079985127
2023-11-24 09:13:11,162 - INFO - Epoch 3  : Training Loss: 8.6580514908, Validation Loss: 8.1893768311, Training R-squared: 0.1474572867, Validation R-squared: 0.2153684944
2023-11-24 09:13:26,845 - INFO - Epoch 4  : Training Loss: 8.2871170044, Validation Loss: 8.1528768539, Training R-squared: 0.2186175883, Validation R-squared: 0.2222212255
2023-11-24 09:13:42,316 - INFO - Epoch 5  : Training Loss: 8.2222471237, Validation Loss: 8.0992498398, Training R-squared: 0.2319131643, Validation R-squared: 0.2330415994
2023-11-24 09:13:59,089 - INFO - Epoch 6  : Training Loss: 8.1537246704, Validation Loss: 8.0657558441, Training R-squared: 0.2451833189, Validation R-squared: 0.2390724868
2023-11-24 09:14:14,342 - INFO - Epoch 7  : Training Loss: 8.0925474167, Validation Loss: 8.0255880356, Training R-squared: 0.2555943727, Validation R-squared: 0.2463109493
2023-11-24 09:14:30,185 - INFO - Epoch 8  : Training Loss: 8.0177574158, Validation Loss: 7.9521622658, Training R-squared: 0.2677744031, Validation R-squared: 0.2592116296
2023-11-24 09:14:45,571 - INFO - Epoch 9  : Training Loss: 7.9303331375, Validation Loss: 7.8858156204, Training R-squared: 0.2837692797, Validation R-squared: 0.2713294625
2023-11-24 09:15:01,071 - INFO - Epoch 10 : Training Loss: 7.8645067215, Validation Loss: 7.8607978821, Training R-squared: 0.2948205471, Validation R-squared: 0.2758180499
2023-11-24 09:15:16,570 - INFO - Epoch 11 : Training Loss: 7.8179078102, Validation Loss: 7.8409924507, Training R-squared: 0.3028879762, Validation R-squared: 0.2797160149
2023-11-24 09:15:33,317 - INFO - Epoch 12 : Training Loss: 7.7754697800, Validation Loss: 7.8131465912, Training R-squared: 0.3095615208, Validation R-squared: 0.2846077383
2023-11-24 09:15:49,581 - INFO - Epoch 13 : Training Loss: 7.7337088585, Validation Loss: 7.8029370308, Training R-squared: 0.3190119565, Validation R-squared: 0.2867621779
2023-11-24 09:16:05,519 - INFO - Epoch 14 : Training Loss: 7.6902675629, Validation Loss: 7.7753252983, Training R-squared: 0.3260166943, Validation R-squared: 0.2914543152
2023-11-24 09:16:21,336 - INFO - Epoch 15 : Training Loss: 7.6551547050, Validation Loss: 7.7544193268, Training R-squared: 0.3320492506, Validation R-squared: 0.2952249646
2023-11-24 09:16:36,602 - INFO - Epoch 16 : Training Loss: 7.6085100174, Validation Loss: 7.7323131561, Training R-squared: 0.3380028605, Validation R-squared: 0.2993117571
2023-11-24 09:16:51,994 - INFO - Epoch 17 : Training Loss: 7.5576491356, Validation Loss: 7.7187886238, Training R-squared: 0.3480363488, Validation R-squared: 0.3010792732
2023-11-24 09:17:07,341 - INFO - Epoch 18 : Training Loss: 7.5173444748, Validation Loss: 7.6872587204, Training R-squared: 0.3550337851, Validation R-squared: 0.3067999184
2023-11-24 09:17:23,259 - INFO - Epoch 19 : Training Loss: 7.4859080315, Validation Loss: 7.6683897972, Training R-squared: 0.3598818183, Validation R-squared: 0.3102306426
2023-11-24 09:17:38,784 - INFO - Epoch 20 : Training Loss: 7.4412493706, Validation Loss: 7.6567702293, Training R-squared: 0.3654590547, Validation R-squared: 0.3119913042
2023-11-24 09:17:54,196 - INFO - Epoch 21 : Training Loss: 7.4076857567, Validation Loss: 7.6441564560, Training R-squared: 0.3733603060, Validation R-squared: 0.3141922951
2023-11-24 09:18:09,966 - INFO - Epoch 22 : Training Loss: 7.3743376732, Validation Loss: 7.6351547241, Training R-squared: 0.3765789866, Validation R-squared: 0.3156755567
2023-11-24 09:18:25,811 - INFO - Epoch 23 : Training Loss: 7.3357324600, Validation Loss: 7.6339049339, Training R-squared: 0.3831073344, Validation R-squared: 0.3154139817
2023-11-24 09:18:41,060 - INFO - Epoch 24 : Training Loss: 7.3064646721, Validation Loss: 7.6307353973, Training R-squared: 0.3893136978, Validation R-squared: 0.3158538640
2023-11-24 09:18:56,532 - INFO - Epoch 25 : Training Loss: 7.2848186493, Validation Loss: 7.6162285805, Training R-squared: 0.3915414810, Validation R-squared: 0.3188101053
2023-11-24 09:19:12,043 - INFO - Epoch 26 : Training Loss: 7.2529201508, Validation Loss: 7.6047544479, Training R-squared: 0.3960395157, Validation R-squared: 0.3209035695
2023-11-24 09:19:27,833 - INFO - Epoch 27 : Training Loss: 7.2290120125, Validation Loss: 7.6178669930, Training R-squared: 0.4010905325, Validation R-squared: 0.3180568218
2023-11-24 09:19:43,143 - INFO - Epoch 28 : Training Loss: 7.2058176994, Validation Loss: 7.6024756432, Training R-squared: 0.4054080844, Validation R-squared: 0.3212210238
2023-11-24 09:19:58,826 - INFO - Epoch 29 : Training Loss: 7.1862149239, Validation Loss: 7.6051983833, Training R-squared: 0.4074651897, Validation R-squared: 0.3200598955
2023-11-24 09:20:14,392 - INFO - Epoch 30 : Training Loss: 7.1524367332, Validation Loss: 7.6010165215, Training R-squared: 0.4128231704, Validation R-squared: 0.3210345507
2023-11-24 09:20:29,907 - INFO - Epoch 31 : Training Loss: 7.1361083984, Validation Loss: 7.6043210030, Training R-squared: 0.4156345129, Validation R-squared: 0.3202808201
2023-11-24 09:20:45,284 - INFO - Epoch 32 : Training Loss: 7.1128048897, Validation Loss: 7.6201114655, Training R-squared: 0.4193408489, Validation R-squared: 0.3173257709
2023-11-24 09:21:00,949 - INFO - Epoch 33 : Training Loss: 7.0891427994, Validation Loss: 7.6157469749, Training R-squared: 0.4228206873, Validation R-squared: 0.3177756071
2023-11-24 09:21:16,260 - INFO - Epoch 34 : Training Loss: 7.0703740120, Validation Loss: 7.6072702408, Training R-squared: 0.4251205623, Validation R-squared: 0.3194734454
2023-11-24 09:21:32,616 - INFO - Epoch 35 : Training Loss: 7.0551633835, Validation Loss: 7.6056466103, Training R-squared: 0.4287438393, Validation R-squared: 0.3193411529
2023-11-24 09:21:52,418 - INFO - Model saved to models/portion_model/dinner/512_512_200_64/sparsity_45_fold_2_model.keras
2023-11-24 09:21:57,047 - INFO - Avg Metrics: RMSE: 6.3720895191, R-squared: 0.0153562508, PCC: 0.4744594056
2023-11-24 09:21:57,048 - INFO - Agg Metrics: RMSE: 7.6794490082, R-squared: 0.3229536396, PCC: 0.5706610332
2023-11-24 09:22:04,212 - INFO - ================================================================== Fold 3 ===================================================================
2023-11-24 09:22:26,831 - INFO - Epoch 1  : Training Loss: 9.1724615097, Validation Loss: 9.1630554199, Training R-squared: 0.0341042355, Validation R-squared: 0.0480719432
2023-11-24 09:22:42,136 - INFO - Epoch 2  : Training Loss: 8.9150485992, Validation Loss: 8.8758258820, Training R-squared: 0.0878210738, Validation R-squared: 0.1074393541
2023-11-24 09:22:57,566 - INFO - Epoch 3  : Training Loss: 8.6919488907, Validation Loss: 8.4094591141, Training R-squared: 0.1332179159, Validation R-squared: 0.1995375752
2023-11-24 09:23:12,934 - INFO - Epoch 4  : Training Loss: 8.2729072571, Validation Loss: 8.3014850616, Training R-squared: 0.2156279981, Validation R-squared: 0.2199874967
2023-11-24 09:23:28,724 - INFO - Epoch 5  : Training Loss: 8.2080335617, Validation Loss: 8.2550802231, Training R-squared: 0.2276933491, Validation R-squared: 0.2286185324
2023-11-24 09:23:44,523 - INFO - Epoch 6  : Training Loss: 8.1287355423, Validation Loss: 8.2008028030, Training R-squared: 0.2423141748, Validation R-squared: 0.2385920435
2023-11-24 09:24:01,617 - INFO - Epoch 7  : Training Loss: 8.0529451370, Validation Loss: 8.1379861832, Training R-squared: 0.2571333945, Validation R-squared: 0.2502447665
2023-11-24 09:24:17,238 - INFO - Epoch 8  : Training Loss: 7.9442749023, Validation Loss: 8.0686416626, Training R-squared: 0.2762312591, Validation R-squared: 0.2623014152
2023-11-24 09:24:32,542 - INFO - Epoch 9  : Training Loss: 7.8851737976, Validation Loss: 8.0401401520, Training R-squared: 0.2846599221, Validation R-squared: 0.2670073509
2023-11-24 09:24:47,773 - INFO - Epoch 10 : Training Loss: 7.8363165855, Validation Loss: 8.0394449234, Training R-squared: 0.2943480015, Validation R-squared: 0.2667882144
2023-11-24 09:25:03,216 - INFO - Epoch 11 : Training Loss: 7.7967300415, Validation Loss: 8.0092887878, Training R-squared: 0.3007725477, Validation R-squared: 0.2725227177
2023-11-24 09:25:19,330 - INFO - Epoch 12 : Training Loss: 7.7640371323, Validation Loss: 7.9901871681, Training R-squared: 0.3079547286, Validation R-squared: 0.2759261429
2023-11-24 09:25:34,872 - INFO - Epoch 13 : Training Loss: 7.7196550369, Validation Loss: 7.9687471390, Training R-squared: 0.3148480952, Validation R-squared: 0.2796191871
2023-11-24 09:25:50,492 - INFO - Epoch 14 : Training Loss: 7.6793026924, Validation Loss: 7.9550366402, Training R-squared: 0.3233504891, Validation R-squared: 0.2815842628
2023-11-24 09:26:06,251 - INFO - Epoch 15 : Training Loss: 7.6268815994, Validation Loss: 7.9347205162, Training R-squared: 0.3301542103, Validation R-squared: 0.2849903107
2023-11-24 09:26:21,678 - INFO - Epoch 16 : Training Loss: 7.5925641060, Validation Loss: 7.8971109390, Training R-squared: 0.3381103873, Validation R-squared: 0.2918054461
2023-11-24 09:26:35,758 - INFO - Epoch 17 : Training Loss: 7.5520205498, Validation Loss: 7.8913564682, Training R-squared: 0.3434951007, Validation R-squared: 0.2921823859
2023-11-24 09:26:49,930 - INFO - Epoch 18 : Training Loss: 7.5000996590, Validation Loss: 7.8576855659, Training R-squared: 0.3524664342, Validation R-squared: 0.2983335853
2023-11-24 09:27:04,344 - INFO - Epoch 19 : Training Loss: 7.4430432320, Validation Loss: 7.8628177643, Training R-squared: 0.3602287173, Validation R-squared: 0.2969308197
2023-11-24 09:27:18,793 - INFO - Epoch 20 : Training Loss: 7.4172720909, Validation Loss: 7.8527712822, Training R-squared: 0.3658311963, Validation R-squared: 0.2982698083
2023-11-24 09:27:33,048 - INFO - Epoch 21 : Training Loss: 7.3729586601, Validation Loss: 7.8305811882, Training R-squared: 0.3719758093, Validation R-squared: 0.3023246527
2023-11-24 09:27:47,396 - INFO - Epoch 22 : Training Loss: 7.3455352783, Validation Loss: 7.7806515694, Training R-squared: 0.3773238361, Validation R-squared: 0.3113401234
2023-11-24 09:28:01,954 - INFO - Epoch 23 : Training Loss: 7.3169980049, Validation Loss: 7.7907633781, Training R-squared: 0.3820603490, Validation R-squared: 0.3094402850
2023-11-24 09:28:16,214 - INFO - Epoch 24 : Training Loss: 7.2897958755, Validation Loss: 7.8114995956, Training R-squared: 0.3854970336, Validation R-squared: 0.3056706786
2023-11-24 09:28:30,470 - INFO - Epoch 25 : Training Loss: 7.2678842545, Validation Loss: 7.7957935333, Training R-squared: 0.3905624449, Validation R-squared: 0.3080443442
2023-11-24 09:28:44,719 - INFO - Epoch 26 : Training Loss: 7.2339682579, Validation Loss: 7.7882857323, Training R-squared: 0.3947530389, Validation R-squared: 0.3092458844
2023-11-24 09:28:58,945 - INFO - Epoch 27 : Training Loss: 7.2098011971, Validation Loss: 7.7900147438, Training R-squared: 0.3982730508, Validation R-squared: 0.3085793555
2023-11-24 09:29:16,565 - INFO - Model saved to models/portion_model/dinner/512_512_200_64/sparsity_45_fold_3_model.keras
2023-11-24 09:29:20,872 - INFO - Avg Metrics: RMSE: 6.4766488646, R-squared: -0.0496554936, PCC: 0.4543068880
2023-11-24 09:29:20,873 - INFO - Agg Metrics: RMSE: 7.8702305767, R-squared: 0.3109865919, PCC: 0.5589205619
2023-11-24 09:29:27,305 - INFO - ================================================================== Fold 4 ===================================================================
2023-11-24 09:29:47,754 - INFO - Epoch 1  : Training Loss: 9.1940441132, Validation Loss: 9.0565052032, Training R-squared: 0.0347633474, Validation R-squared: 0.0483113118
2023-11-24 09:30:02,525 - INFO - Epoch 2  : Training Loss: 8.9301147461, Validation Loss: 8.8057479858, Training R-squared: 0.0909203589, Validation R-squared: 0.1004073098
2023-11-24 09:30:16,944 - INFO - Epoch 3  : Training Loss: 8.6535396576, Validation Loss: 8.3530321121, Training R-squared: 0.1472073197, Validation R-squared: 0.1911399364
2023-11-24 09:30:31,150 - INFO - Epoch 4  : Training Loss: 8.2986049652, Validation Loss: 8.2891092300, Training R-squared: 0.2155340165, Validation R-squared: 0.2036540359
2023-11-24 09:30:45,371 - INFO - Epoch 5  : Training Loss: 8.2366275787, Validation Loss: 8.2684764862, Training R-squared: 0.2277895957, Validation R-squared: 0.2077180743
2023-11-24 09:30:59,769 - INFO - Epoch 6  : Training Loss: 8.1844682693, Validation Loss: 8.2344255447, Training R-squared: 0.2377007902, Validation R-squared: 0.2143649757
2023-11-24 09:31:13,853 - INFO - Epoch 7  : Training Loss: 8.1075620651, Validation Loss: 8.1640329361, Training R-squared: 0.2515275776, Validation R-squared: 0.2275160402
2023-11-24 09:31:28,512 - INFO - Epoch 8  : Training Loss: 8.0299005508, Validation Loss: 8.1084756851, Training R-squared: 0.2661179900, Validation R-squared: 0.2367286980
2023-11-24 09:31:42,826 - INFO - Epoch 9  : Training Loss: 7.9401612282, Validation Loss: 8.0231294632, Training R-squared: 0.2815693021, Validation R-squared: 0.2524552941
2023-11-24 09:31:57,221 - INFO - Epoch 10 : Training Loss: 7.8718318939, Validation Loss: 7.9868679047, Training R-squared: 0.2908870876, Validation R-squared: 0.2584852576
2023-11-24 09:32:11,612 - INFO - Epoch 11 : Training Loss: 7.8385400772, Validation Loss: 7.9706377983, Training R-squared: 0.2988585830, Validation R-squared: 0.2613992691
2023-11-24 09:32:26,181 - INFO - Epoch 12 : Training Loss: 7.7912621498, Validation Loss: 7.9486947060, Training R-squared: 0.3063305318, Validation R-squared: 0.2654549479
2023-11-24 09:32:41,286 - INFO - Epoch 13 : Training Loss: 7.7530627251, Validation Loss: 7.9385447502, Training R-squared: 0.3137215376, Validation R-squared: 0.2670733631
2023-11-24 09:32:57,739 - INFO - Epoch 14 : Training Loss: 7.7179484367, Validation Loss: 7.9195141792, Training R-squared: 0.3192135096, Validation R-squared: 0.2700767815
2023-11-24 09:33:13,693 - INFO - Epoch 15 : Training Loss: 7.6723146439, Validation Loss: 7.9044384956, Training R-squared: 0.3262017071, Validation R-squared: 0.2730310261
2023-11-24 09:33:31,485 - INFO - Epoch 16 : Training Loss: 7.6481175423, Validation Loss: 7.8869309425, Training R-squared: 0.3321544528, Validation R-squared: 0.2761999965
2023-11-24 09:33:48,195 - INFO - Epoch 17 : Training Loss: 7.6109876633, Validation Loss: 7.8628334999, Training R-squared: 0.3380340636, Validation R-squared: 0.2806506157
2023-11-24 09:34:07,122 - INFO - Epoch 18 : Training Loss: 7.5819044113, Validation Loss: 7.8667740822, Training R-squared: 0.3426145911, Validation R-squared: 0.2794143856
2023-11-24 09:34:23,526 - INFO - Epoch 19 : Training Loss: 7.5428004265, Validation Loss: 7.8510704041, Training R-squared: 0.3496011794, Validation R-squared: 0.2822525501
2023-11-24 09:34:38,447 - INFO - Epoch 20 : Training Loss: 7.5137963295, Validation Loss: 7.8239483833, Training R-squared: 0.3553011715, Validation R-squared: 0.2869466543
2023-11-24 09:34:53,319 - INFO - Epoch 21 : Training Loss: 7.4807095528, Validation Loss: 7.8028974533, Training R-squared: 0.3595671952, Validation R-squared: 0.2905853987
2023-11-24 09:35:08,522 - INFO - Epoch 22 : Training Loss: 7.4389033318, Validation Loss: 7.8154482841, Training R-squared: 0.3660884202, Validation R-squared: 0.2878131866
2023-11-24 09:35:23,661 - INFO - Epoch 23 : Training Loss: 7.4119391441, Validation Loss: 7.7786474228, Training R-squared: 0.3707366288, Validation R-squared: 0.2947859466
2023-11-24 09:35:38,793 - INFO - Epoch 24 : Training Loss: 7.3874826431, Validation Loss: 7.7702960968, Training R-squared: 0.3756067753, Validation R-squared: 0.2963639200
2023-11-24 09:35:54,723 - INFO - Epoch 25 : Training Loss: 7.3631181717, Validation Loss: 7.7827057838, Training R-squared: 0.3790440857, Validation R-squared: 0.2932529747
2023-11-24 09:36:10,377 - INFO - Epoch 26 : Training Loss: 7.3237094879, Validation Loss: 7.7714600563, Training R-squared: 0.3838471770, Validation R-squared: 0.2954654992
2023-11-24 09:36:25,860 - INFO - Epoch 27 : Training Loss: 7.3082108498, Validation Loss: 7.7522249222, Training R-squared: 0.3865889311, Validation R-squared: 0.2991884947
2023-11-24 09:36:41,375 - INFO - Epoch 28 : Training Loss: 7.2897214890, Validation Loss: 7.7726554871, Training R-squared: 0.3917053044, Validation R-squared: 0.2949009538
2023-11-24 09:36:56,255 - INFO - Epoch 29 : Training Loss: 7.2592968941, Validation Loss: 7.7515053749, Training R-squared: 0.3948155046, Validation R-squared: 0.2988282442
2023-11-24 09:37:11,320 - INFO - Epoch 30 : Training Loss: 7.2411718369, Validation Loss: 7.8001060486, Training R-squared: 0.3987692297, Validation R-squared: 0.2887764871
2023-11-24 09:37:26,477 - INFO - Epoch 31 : Training Loss: 7.2234106064, Validation Loss: 7.8071608543, Training R-squared: 0.4021088183, Validation R-squared: 0.2875016630
2023-11-24 09:37:42,015 - INFO - Epoch 32 : Training Loss: 7.2023429871, Validation Loss: 7.7751159668, Training R-squared: 0.4034602940, Validation R-squared: 0.2936030030
2023-11-24 09:37:57,409 - INFO - Epoch 33 : Training Loss: 7.1921405792, Validation Loss: 7.7542991638, Training R-squared: 0.4067022204, Validation R-squared: 0.2971094251
2023-11-24 09:38:13,441 - INFO - Epoch 34 : Training Loss: 7.1689286232, Validation Loss: 7.7893390656, Training R-squared: 0.4092979133, Validation R-squared: 0.2907787859
2023-11-24 09:38:32,421 - INFO - Model saved to models/portion_model/dinner/512_512_200_64/sparsity_45_fold_4_model.keras
2023-11-24 09:38:38,014 - INFO - Avg Metrics: RMSE: 6.4640146718, R-squared: -0.0988684600, PCC: 0.4508738568
2023-11-24 09:38:38,015 - INFO - Agg Metrics: RMSE: 7.8233751189, R-squared: 0.3014715762, PCC: 0.5516443264
2023-11-24 09:38:45,122 - INFO - ================================================================== Fold 5 ===================================================================
2023-11-24 09:39:06,238 - INFO - Epoch 1  : Training Loss: 9.1635866165, Validation Loss: 9.1747331619, Training R-squared: 0.0353576951, Validation R-squared: 0.0578426570
2023-11-24 09:39:21,882 - INFO - Epoch 2  : Training Loss: 8.8680200577, Validation Loss: 8.9067344666, Training R-squared: 0.0960513800, Validation R-squared: 0.1130748913
2023-11-24 09:39:36,777 - INFO - Epoch 3  : Training Loss: 8.4502544403, Validation Loss: 8.4552679062, Training R-squared: 0.1790293157, Validation R-squared: 0.2024508417
2023-11-24 09:39:51,956 - INFO - Epoch 4  : Training Loss: 8.2441682816, Validation Loss: 8.4029932022, Training R-squared: 0.2192988396, Validation R-squared: 0.2123803049
2023-11-24 09:40:07,039 - INFO - Epoch 5  : Training Loss: 8.1858348846, Validation Loss: 8.3692836761, Training R-squared: 0.2301846147, Validation R-squared: 0.2186644226
2023-11-24 09:40:22,566 - INFO - Epoch 6  : Training Loss: 8.1144380569, Validation Loss: 8.3072433472, Training R-squared: 0.2441945672, Validation R-squared: 0.2301992774
2023-11-24 09:40:37,788 - INFO - Epoch 7  : Training Loss: 8.0125465393, Validation Loss: 8.2494726181, Training R-squared: 0.2618730366, Validation R-squared: 0.2407144755
2023-11-24 09:40:52,769 - INFO - Epoch 8  : Training Loss: 7.9269714355, Validation Loss: 8.1970567703, Training R-squared: 0.2766050994, Validation R-squared: 0.2497585267
2023-11-24 09:41:07,934 - INFO - Epoch 9  : Training Loss: 7.8660883904, Validation Loss: 8.1778116226, Training R-squared: 0.2874782085, Validation R-squared: 0.2527727187
2023-11-24 09:41:23,223 - INFO - Epoch 10 : Training Loss: 7.8302664757, Validation Loss: 8.1742801666, Training R-squared: 0.2923876047, Validation R-squared: 0.2532320321
2023-11-24 09:41:38,239 - INFO - Epoch 11 : Training Loss: 7.7848162651, Validation Loss: 8.1644144058, Training R-squared: 0.3012226820, Validation R-squared: 0.2546897531
2023-11-24 09:41:53,657 - INFO - Epoch 12 : Training Loss: 7.7535963058, Validation Loss: 8.1497774124, Training R-squared: 0.3066276312, Validation R-squared: 0.2573018968
2023-11-24 09:42:08,851 - INFO - Epoch 13 : Training Loss: 7.7174458504, Validation Loss: 8.1207065582, Training R-squared: 0.3131187856, Validation R-squared: 0.2621603608
2023-11-24 09:42:24,135 - INFO - Epoch 14 : Training Loss: 7.6916894913, Validation Loss: 8.1043806076, Training R-squared: 0.3187581897, Validation R-squared: 0.2651249766
2023-11-24 09:42:38,932 - INFO - Epoch 15 : Training Loss: 7.6572771072, Validation Loss: 8.1177816391, Training R-squared: 0.3240297139, Validation R-squared: 0.2621598840
2023-11-24 09:42:53,688 - INFO - Epoch 16 : Training Loss: 7.6086635590, Validation Loss: 8.0810194016, Training R-squared: 0.3316758573, Validation R-squared: 0.2689541280
2023-11-24 09:43:08,372 - INFO - Epoch 17 : Training Loss: 7.5811462402, Validation Loss: 8.0711364746, Training R-squared: 0.3372255564, Validation R-squared: 0.2705009878
2023-11-24 09:43:23,595 - INFO - Epoch 18 : Training Loss: 7.5410175323, Validation Loss: 8.0577201843, Training R-squared: 0.3428679109, Validation R-squared: 0.2723276317
2023-11-24 09:43:38,271 - INFO - Epoch 19 : Training Loss: 7.5103468895, Validation Loss: 8.0139226913, Training R-squared: 0.3494752049, Validation R-squared: 0.2802302539
2023-11-24 09:43:53,333 - INFO - Epoch 20 : Training Loss: 7.4620685577, Validation Loss: 8.0045871735, Training R-squared: 0.3562453389, Validation R-squared: 0.2816341519
2023-11-24 09:44:08,418 - INFO - Epoch 21 : Training Loss: 7.4328918457, Validation Loss: 8.0009899139, Training R-squared: 0.3620720208, Validation R-squared: 0.2816568613
2023-11-24 09:44:23,315 - INFO - Epoch 22 : Training Loss: 7.3954353333, Validation Loss: 7.9717278481, Training R-squared: 0.3673366308, Validation R-squared: 0.2867134511
2023-11-24 09:44:37,708 - INFO - Epoch 23 : Training Loss: 7.3569111824, Validation Loss: 7.9719004631, Training R-squared: 0.3720791638, Validation R-squared: 0.2862133682
2023-11-24 09:44:52,331 - INFO - Epoch 24 : Training Loss: 7.3385405540, Validation Loss: 7.9870796204, Training R-squared: 0.3767491281, Validation R-squared: 0.2824197412
2023-11-24 09:45:06,820 - INFO - Epoch 25 : Training Loss: 7.3097047806, Validation Loss: 7.9394717216, Training R-squared: 0.3797132671, Validation R-squared: 0.2914965749
2023-11-24 09:45:21,703 - INFO - Epoch 26 : Training Loss: 7.2883453369, Validation Loss: 7.9552302361, Training R-squared: 0.3848970830, Validation R-squared: 0.2885332704
2023-11-24 09:45:36,058 - INFO - Epoch 27 : Training Loss: 7.2709455490, Validation Loss: 7.9361724854, Training R-squared: 0.3872635663, Validation R-squared: 0.2916351855
2023-11-24 09:45:50,586 - INFO - Epoch 28 : Training Loss: 7.2435212135, Validation Loss: 7.9450073242, Training R-squared: 0.3918848634, Validation R-squared: 0.2895592749
2023-11-24 09:46:05,108 - INFO - Epoch 29 : Training Loss: 7.2261629105, Validation Loss: 7.9541363716, Training R-squared: 0.3935557008, Validation R-squared: 0.2875429988
2023-11-24 09:46:20,014 - INFO - Epoch 30 : Training Loss: 7.2017054558, Validation Loss: 7.9246006012, Training R-squared: 0.3986676037, Validation R-squared: 0.2929640114
2023-11-24 09:46:34,432 - INFO - Epoch 31 : Training Loss: 7.1781573296, Validation Loss: 7.9397358894, Training R-squared: 0.4011863172, Validation R-squared: 0.2896147370
2023-11-24 09:46:48,842 - INFO - Epoch 32 : Training Loss: 7.1578211784, Validation Loss: 7.9437880516, Training R-squared: 0.4051638842, Validation R-squared: 0.2884250581
2023-11-24 09:47:03,535 - INFO - Epoch 33 : Training Loss: 7.1423993111, Validation Loss: 7.9417891502, Training R-squared: 0.4074801803, Validation R-squared: 0.2885151207
2023-11-24 09:47:18,339 - INFO - Epoch 34 : Training Loss: 7.1100540161, Validation Loss: 7.9419984818, Training R-squared: 0.4137445688, Validation R-squared: 0.2882077694
2023-11-24 09:47:32,909 - INFO - Epoch 35 : Training Loss: 7.0934462547, Validation Loss: 7.9461879730, Training R-squared: 0.4155291617, Validation R-squared: 0.2875074148
2023-11-24 09:47:50,366 - INFO - Model saved to models/portion_model/dinner/512_512_200_64/sparsity_45_fold_5_model.keras
2023-11-24 09:47:54,819 - INFO - Avg Metrics: RMSE: 6.5305530266, R-squared: -0.5344710430, PCC: 0.4569792864
2023-11-24 09:47:54,819 - INFO - Agg Metrics: RMSE: 8.0135031311, R-squared: 0.2933845636, PCC: 0.5453951599
2023-11-24 09:48:14,170 - INFO - ================================================================== Results Summary ===================================================================
2023-11-24 09:48:14,171 - INFO - CrossVal Metrics (Avg.) - RMSE: 6.4552401385 ± 0.0521933046, R2: -0.1434725115 ± 0.0521933046, PCC: 0.4610036438 ± 0.0521933046
2023-11-24 09:48:14,171 - INFO - Testing  Metrics (Avg.) - RMSE: 6.4482941044, R2: -0.4484122131, PCC: 0.4765879306
2023-11-24 09:48:14,171 - INFO - CrossVal Metrics (Agg.) - RMSE: 7.8717228638 ± 0.0521933046, R2: 0.3053578226 ± 0.0521933046, PCC: 0.5549289664 ± 0.0521933046
2023-11-24 09:48:14,171 - INFO - Testing  Metrics (Agg.) - RMSE: 7.7211049317, R2: 0.3245497403, PCC: 0.5708008686
