2023-11-24 12:03:52,801 - INFO - Training model at 65% sparse columns removed...
2023-11-24 12:03:59,668 - INFO - ================================================================== Fold 1 ===================================================================
2023-11-24 12:04:12,190 - INFO - Epoch 1  : Training Loss: 11.5095500946, Validation Loss: 11.3073778152, Training R-squared: 0.0319119580, Validation R-squared: 0.0387772918
2023-11-24 12:04:20,603 - INFO - Epoch 2  : Training Loss: 11.2665882111, Validation Loss: 10.9351730347, Training R-squared: 0.0742818639, Validation R-squared: 0.1010723114
2023-11-24 12:04:29,042 - INFO - Epoch 3  : Training Loss: 10.9654150009, Validation Loss: 10.4748859406, Training R-squared: 0.1224696860, Validation R-squared: 0.1750160307
2023-11-24 12:04:37,414 - INFO - Epoch 4  : Training Loss: 10.4162197113, Validation Loss: 10.2468767166, Training R-squared: 0.2075823098, Validation R-squared: 0.2102518827
2023-11-24 12:04:45,622 - INFO - Epoch 5  : Training Loss: 10.3218383789, Validation Loss: 10.2170362473, Training R-squared: 0.2228378952, Validation R-squared: 0.2150185406
2023-11-24 12:04:54,029 - INFO - Epoch 6  : Training Loss: 10.2600688934, Validation Loss: 10.1647815704, Training R-squared: 0.2329177707, Validation R-squared: 0.2228284925
2023-11-24 12:05:02,514 - INFO - Epoch 7  : Training Loss: 10.1902256012, Validation Loss: 10.1247529984, Training R-squared: 0.2419665009, Validation R-squared: 0.2290799767
2023-11-24 12:05:10,734 - INFO - Epoch 8  : Training Loss: 10.1281700134, Validation Loss: 10.0742998123, Training R-squared: 0.2509971857, Validation R-squared: 0.2365537435
2023-11-24 12:05:19,722 - INFO - Epoch 9  : Training Loss: 10.0378999710, Validation Loss: 9.9805612564, Training R-squared: 0.2655343711, Validation R-squared: 0.2503742874
2023-11-24 12:05:28,188 - INFO - Epoch 10 : Training Loss: 9.9290027618, Validation Loss: 9.9083261490, Training R-squared: 0.2794567347, Validation R-squared: 0.2602050006
2023-11-24 12:05:36,525 - INFO - Epoch 11 : Training Loss: 9.8598031998, Validation Loss: 9.8835983276, Training R-squared: 0.2896477282, Validation R-squared: 0.2637559175
2023-11-24 12:05:44,945 - INFO - Epoch 12 : Training Loss: 9.8159971237, Validation Loss: 9.8439350128, Training R-squared: 0.2969660163, Validation R-squared: 0.2697928250
2023-11-24 12:05:53,419 - INFO - Epoch 13 : Training Loss: 9.7518129349, Validation Loss: 9.8374547958, Training R-squared: 0.3048756421, Validation R-squared: 0.2705226839
2023-11-24 12:06:02,097 - INFO - Epoch 14 : Training Loss: 9.7199354172, Validation Loss: 9.8077726364, Training R-squared: 0.3094631135, Validation R-squared: 0.2752269804
2023-11-24 12:06:10,262 - INFO - Epoch 15 : Training Loss: 9.6721687317, Validation Loss: 9.7980899811, Training R-squared: 0.3155168891, Validation R-squared: 0.2764598429
2023-11-24 12:06:18,931 - INFO - Epoch 16 : Training Loss: 9.6278276443, Validation Loss: 9.7688398361, Training R-squared: 0.3225505054, Validation R-squared: 0.2807414234
2023-11-24 12:06:27,498 - INFO - Epoch 17 : Training Loss: 9.5595865250, Validation Loss: 9.7371187210, Training R-squared: 0.3302965164, Validation R-squared: 0.2852723897
2023-11-24 12:06:35,616 - INFO - Epoch 18 : Training Loss: 9.5152988434, Validation Loss: 9.7014389038, Training R-squared: 0.3376311064, Validation R-squared: 0.2904424369
2023-11-24 12:06:44,020 - INFO - Epoch 19 : Training Loss: 9.4416131973, Validation Loss: 9.6843261719, Training R-squared: 0.3469149172, Validation R-squared: 0.2922788858
2023-11-24 12:06:52,494 - INFO - Epoch 20 : Training Loss: 9.4022502899, Validation Loss: 9.6410856247, Training R-squared: 0.3525997400, Validation R-squared: 0.2989529669
2023-11-24 12:07:00,650 - INFO - Epoch 21 : Training Loss: 9.3444671631, Validation Loss: 9.6353759766, Training R-squared: 0.3596914411, Validation R-squared: 0.2994862795
2023-11-24 12:07:08,995 - INFO - Epoch 22 : Training Loss: 9.3071289062, Validation Loss: 9.6017742157, Training R-squared: 0.3649685383, Validation R-squared: 0.3045578301
2023-11-24 12:07:17,636 - INFO - Epoch 23 : Training Loss: 9.2663917542, Validation Loss: 9.5833740234, Training R-squared: 0.3701589406, Validation R-squared: 0.3070693314
2023-11-24 12:07:25,786 - INFO - Epoch 24 : Training Loss: 9.2175521851, Validation Loss: 9.5708408356, Training R-squared: 0.3780465424, Validation R-squared: 0.3087067008
2023-11-24 12:07:34,161 - INFO - Epoch 25 : Training Loss: 9.1869392395, Validation Loss: 9.5569438934, Training R-squared: 0.3808374703, Validation R-squared: 0.3109010458
2023-11-24 12:07:42,680 - INFO - Epoch 26 : Training Loss: 9.1564340591, Validation Loss: 9.5566177368, Training R-squared: 0.3856430054, Validation R-squared: 0.3108004630
2023-11-24 12:07:50,825 - INFO - Epoch 27 : Training Loss: 9.1147623062, Validation Loss: 9.5208415985, Training R-squared: 0.3907873929, Validation R-squared: 0.3160090446
2023-11-24 12:07:59,600 - INFO - Epoch 28 : Training Loss: 9.0657606125, Validation Loss: 9.5158004761, Training R-squared: 0.3966066837, Validation R-squared: 0.3166362345
2023-11-24 12:08:08,005 - INFO - Epoch 29 : Training Loss: 9.0599441528, Validation Loss: 9.5265655518, Training R-squared: 0.3970154524, Validation R-squared: 0.3149052858
2023-11-24 12:08:16,147 - INFO - Epoch 30 : Training Loss: 9.0227441788, Validation Loss: 9.5431909561, Training R-squared: 0.4035287201, Validation R-squared: 0.3123238385
2023-11-24 12:08:24,685 - INFO - Epoch 31 : Training Loss: 8.9998807907, Validation Loss: 9.5023460388, Training R-squared: 0.4059790671, Validation R-squared: 0.3182303607
2023-11-24 12:08:33,050 - INFO - Epoch 32 : Training Loss: 8.9675207138, Validation Loss: 9.5088005066, Training R-squared: 0.4092764556, Validation R-squared: 0.3173831999
2023-11-24 12:08:41,187 - INFO - Epoch 33 : Training Loss: 8.9622287750, Validation Loss: 9.5121803284, Training R-squared: 0.4114408195, Validation R-squared: 0.3168639243
2023-11-24 12:08:49,731 - INFO - Epoch 34 : Training Loss: 8.9157562256, Validation Loss: 9.4733371735, Training R-squared: 0.4165956378, Validation R-squared: 0.3228138387
2023-11-24 12:08:58,193 - INFO - Epoch 35 : Training Loss: 8.8953323364, Validation Loss: 9.4927463531, Training R-squared: 0.4185196757, Validation R-squared: 0.3197019398
2023-11-24 12:09:06,533 - INFO - Epoch 36 : Training Loss: 8.8829727173, Validation Loss: 9.5159015656, Training R-squared: 0.4195765853, Validation R-squared: 0.3162504733
2023-11-24 12:09:14,800 - INFO - Epoch 37 : Training Loss: 8.8551588058, Validation Loss: 9.4612026215, Training R-squared: 0.4229270220, Validation R-squared: 0.3242380321
2023-11-24 12:09:24,362 - INFO - Epoch 38 : Training Loss: 8.8376798630, Validation Loss: 9.4917726517, Training R-squared: 0.4255506992, Validation R-squared: 0.3198810220
2023-11-24 12:09:32,883 - INFO - Epoch 39 : Training Loss: 8.8118181229, Validation Loss: 9.5319948196, Training R-squared: 0.4276381731, Validation R-squared: 0.3136553466
2023-11-24 12:09:41,159 - INFO - Epoch 40 : Training Loss: 8.7849073410, Validation Loss: 9.4835786819, Training R-squared: 0.4326115251, Validation R-squared: 0.3209135532
2023-11-24 12:09:50,319 - INFO - Epoch 41 : Training Loss: 8.7585983276, Validation Loss: 9.5044412613, Training R-squared: 0.4332429767, Validation R-squared: 0.3178910017
2023-11-24 12:09:59,748 - INFO - Epoch 42 : Training Loss: 8.7433052063, Validation Loss: 9.4701824188, Training R-squared: 0.4372350574, Validation R-squared: 0.3228718936
2023-11-24 12:10:14,847 - INFO - Model saved to models/portion_model/dinner/512_512_200_64/sparsity_65_fold_1_model.keras
2023-11-24 12:10:19,903 - INFO - Avg Metrics: RMSE: 7.8294067726, R-squared: -0.0887980482, PCC: 0.4957676435
2023-11-24 12:10:19,904 - INFO - Agg Metrics: RMSE: 9.5854889292, R-squared: 0.3223010428, PCC: 0.5720588475
2023-11-24 12:10:27,459 - INFO - ================================================================== Fold 2 ===================================================================
2023-11-24 12:10:41,829 - INFO - Epoch 1  : Training Loss: 11.4360780716, Validation Loss: 11.5863780975, Training R-squared: 0.0321149528, Validation R-squared: 0.0385389812
2023-11-24 12:10:51,900 - INFO - Epoch 2  : Training Loss: 11.1895017624, Validation Loss: 11.2205772400, Training R-squared: 0.0730265453, Validation R-squared: 0.0989392474
2023-11-24 12:11:02,065 - INFO - Epoch 3  : Training Loss: 10.8760890961, Validation Loss: 10.7512636185, Training R-squared: 0.1249204651, Validation R-squared: 0.1735316217
2023-11-24 12:11:12,869 - INFO - Epoch 4  : Training Loss: 10.3197107315, Validation Loss: 10.5170278549, Training R-squared: 0.2118454129, Validation R-squared: 0.2092269510
2023-11-24 12:11:25,032 - INFO - Epoch 5  : Training Loss: 10.1971912384, Validation Loss: 10.4449892044, Training R-squared: 0.2334313691, Validation R-squared: 0.2201022208
2023-11-24 12:11:37,934 - INFO - Epoch 6  : Training Loss: 10.1254043579, Validation Loss: 10.4288730621, Training R-squared: 0.2447802275, Validation R-squared: 0.2224602401
2023-11-24 12:11:49,564 - INFO - Epoch 7  : Training Loss: 10.0648517609, Validation Loss: 10.4104118347, Training R-squared: 0.2502273023, Validation R-squared: 0.2252794355
2023-11-24 12:11:59,999 - INFO - Epoch 8  : Training Loss: 10.0061664581, Validation Loss: 10.3717470169, Training R-squared: 0.2600014508, Validation R-squared: 0.2310938239
2023-11-24 12:12:10,626 - INFO - Epoch 9  : Training Loss: 9.9252710342, Validation Loss: 10.3076171875, Training R-squared: 0.2735485733, Validation R-squared: 0.2401244491
2023-11-24 12:12:22,274 - INFO - Epoch 10 : Training Loss: 9.8200139999, Validation Loss: 10.2605886459, Training R-squared: 0.2868475318, Validation R-squared: 0.2466981113
2023-11-24 12:12:34,361 - INFO - Epoch 11 : Training Loss: 9.7440376282, Validation Loss: 10.2259597778, Training R-squared: 0.2984203994, Validation R-squared: 0.2517701685
2023-11-24 12:12:45,399 - INFO - Epoch 12 : Training Loss: 9.6835927963, Validation Loss: 10.2003717422, Training R-squared: 0.3051005900, Validation R-squared: 0.2556724846
2023-11-24 12:12:56,922 - INFO - Epoch 13 : Training Loss: 9.6266708374, Validation Loss: 10.1786499023, Training R-squared: 0.3117478192, Validation R-squared: 0.2587342858
2023-11-24 12:13:07,015 - INFO - Epoch 14 : Training Loss: 9.5893259048, Validation Loss: 10.1535758972, Training R-squared: 0.3182510436, Validation R-squared: 0.2625873387
2023-11-24 12:13:16,286 - INFO - Epoch 15 : Training Loss: 9.5353546143, Validation Loss: 10.1228733063, Training R-squared: 0.3278408647, Validation R-squared: 0.2668477893
2023-11-24 12:13:27,594 - INFO - Epoch 16 : Training Loss: 9.4809379578, Validation Loss: 10.0998373032, Training R-squared: 0.3328369558, Validation R-squared: 0.2699800730
2023-11-24 12:13:37,267 - INFO - Epoch 17 : Training Loss: 9.4256696701, Validation Loss: 10.0465612411, Training R-squared: 0.3384461403, Validation R-squared: 0.2776642442
2023-11-24 12:13:47,629 - INFO - Epoch 18 : Training Loss: 9.3760805130, Validation Loss: 10.0145530701, Training R-squared: 0.3435876667, Validation R-squared: 0.2820292711
2023-11-24 12:14:00,778 - INFO - Epoch 19 : Training Loss: 9.3156337738, Validation Loss: 9.9844732285, Training R-squared: 0.3561136425, Validation R-squared: 0.2863359451
2023-11-24 12:14:13,306 - INFO - Epoch 20 : Training Loss: 9.2744092941, Validation Loss: 9.9567880630, Training R-squared: 0.3609220982, Validation R-squared: 0.2898437679
2023-11-24 12:14:25,966 - INFO - Epoch 21 : Training Loss: 9.2137699127, Validation Loss: 9.9403886795, Training R-squared: 0.3664972186, Validation R-squared: 0.2923165262
2023-11-24 12:14:36,950 - INFO - Epoch 22 : Training Loss: 9.2063436508, Validation Loss: 9.9204492569, Training R-squared: 0.3695152998, Validation R-squared: 0.2949281931
2023-11-24 12:14:46,407 - INFO - Epoch 23 : Training Loss: 9.1612625122, Validation Loss: 9.9246425629, Training R-squared: 0.3771643341, Validation R-squared: 0.2939814627
2023-11-24 12:14:55,833 - INFO - Epoch 24 : Training Loss: 9.1358261108, Validation Loss: 9.8963594437, Training R-squared: 0.3761220276, Validation R-squared: 0.2982277572
2023-11-24 12:15:06,945 - INFO - Epoch 25 : Training Loss: 9.1039924622, Validation Loss: 9.8924961090, Training R-squared: 0.3837364018, Validation R-squared: 0.2987388968
2023-11-24 12:15:18,616 - INFO - Epoch 26 : Training Loss: 9.0642166138, Validation Loss: 9.8840303421, Training R-squared: 0.3870184422, Validation R-squared: 0.2997832894
2023-11-24 12:15:29,234 - INFO - Epoch 27 : Training Loss: 9.0479440689, Validation Loss: 9.8811912537, Training R-squared: 0.3916385174, Validation R-squared: 0.3002324998
2023-11-24 12:15:38,832 - INFO - Epoch 28 : Training Loss: 9.0093641281, Validation Loss: 9.8854522705, Training R-squared: 0.3955237567, Validation R-squared: 0.2994333208
2023-11-24 12:15:48,585 - INFO - Epoch 29 : Training Loss: 8.9821138382, Validation Loss: 9.8758411407, Training R-squared: 0.3969159126, Validation R-squared: 0.3009493947
2023-11-24 12:15:58,167 - INFO - Epoch 30 : Training Loss: 8.9574966431, Validation Loss: 9.8619050980, Training R-squared: 0.4013601243, Validation R-squared: 0.3027490079
2023-11-24 12:16:07,667 - INFO - Epoch 31 : Training Loss: 8.9176568985, Validation Loss: 9.8556280136, Training R-squared: 0.4068949223, Validation R-squared: 0.3036404550
2023-11-24 12:16:18,398 - INFO - Epoch 32 : Training Loss: 8.8949947357, Validation Loss: 9.8339929581, Training R-squared: 0.4099945426, Validation R-squared: 0.3068010509
2023-11-24 12:16:29,596 - INFO - Epoch 33 : Training Loss: 8.8722801208, Validation Loss: 9.8701477051, Training R-squared: 0.4120531976, Validation R-squared: 0.3011480868
2023-11-24 12:16:40,544 - INFO - Epoch 34 : Training Loss: 8.8422307968, Validation Loss: 9.8389272690, Training R-squared: 0.4151426852, Validation R-squared: 0.3060416281
2023-11-24 12:16:52,175 - INFO - Epoch 35 : Training Loss: 8.8151483536, Validation Loss: 9.8415994644, Training R-squared: 0.4208484590, Validation R-squared: 0.3056326210
2023-11-24 12:17:03,898 - INFO - Epoch 36 : Training Loss: 8.7987985611, Validation Loss: 9.8354930878, Training R-squared: 0.4230856299, Validation R-squared: 0.3064764738
2023-11-24 12:17:13,621 - INFO - Epoch 37 : Training Loss: 8.7739467621, Validation Loss: 9.8344039917, Training R-squared: 0.4279842377, Validation R-squared: 0.3063800633
2023-11-24 12:17:30,681 - INFO - Model saved to models/portion_model/dinner/512_512_200_64/sparsity_65_fold_2_model.keras
2023-11-24 12:17:36,246 - INFO - Avg Metrics: RMSE: 8.0846032495, R-squared: -0.7944918302, PCC: 0.4736095680
2023-11-24 12:17:36,246 - INFO - Agg Metrics: RMSE: 9.9954060006, R-squared: 0.3009307837, PCC: 0.5504860443
2023-11-24 12:17:44,043 - INFO - ================================================================== Fold 3 ===================================================================
2023-11-24 12:17:58,779 - INFO - Epoch 1  : Training Loss: 11.4585676193, Validation Loss: 11.4866456985, Training R-squared: 0.0313878320, Validation R-squared: 0.0410785526
2023-11-24 12:18:09,049 - INFO - Epoch 2  : Training Loss: 11.1998825073, Validation Loss: 11.1064929962, Training R-squared: 0.0759679005, Validation R-squared: 0.1040879637
2023-11-24 12:18:20,502 - INFO - Epoch 3  : Training Loss: 10.8073348999, Validation Loss: 10.4974126816, Training R-squared: 0.1399545670, Validation R-squared: 0.2003674209
2023-11-24 12:18:29,892 - INFO - Epoch 4  : Training Loss: 10.3329553604, Validation Loss: 10.3948965073, Training R-squared: 0.2133475244, Validation R-squared: 0.2156942040
2023-11-24 12:18:40,352 - INFO - Epoch 5  : Training Loss: 10.2708778381, Validation Loss: 10.3559989929, Training R-squared: 0.2245913148, Validation R-squared: 0.2216965705
2023-11-24 12:18:50,780 - INFO - Epoch 6  : Training Loss: 10.1711521149, Validation Loss: 10.2574558258, Training R-squared: 0.2399927974, Validation R-squared: 0.2363780588
2023-11-24 12:19:00,938 - INFO - Epoch 7  : Training Loss: 10.0779838562, Validation Loss: 10.1510696411, Training R-squared: 0.2529194057, Validation R-squared: 0.2517136335
2023-11-24 12:19:14,017 - INFO - Epoch 8  : Training Loss: 9.9595632553, Validation Loss: 10.0416336060, Training R-squared: 0.2690997422, Validation R-squared: 0.2671766281
2023-11-24 12:19:26,288 - INFO - Epoch 9  : Training Loss: 9.8591461182, Validation Loss: 9.9962100983, Training R-squared: 0.2835812569, Validation R-squared: 0.2736658752
2023-11-24 12:19:35,722 - INFO - Epoch 10 : Training Loss: 9.8065853119, Validation Loss: 9.9617614746, Training R-squared: 0.2910432816, Validation R-squared: 0.2781575620
2023-11-24 12:19:45,555 - INFO - Epoch 11 : Training Loss: 9.7539882660, Validation Loss: 9.9294471741, Training R-squared: 0.2987150848, Validation R-squared: 0.2826316059
2023-11-24 12:19:55,533 - INFO - Epoch 12 : Training Loss: 9.7138185501, Validation Loss: 9.9057674408, Training R-squared: 0.3055883944, Validation R-squared: 0.2862451673
2023-11-24 12:20:05,581 - INFO - Epoch 13 : Training Loss: 9.6628684998, Validation Loss: 9.8797845840, Training R-squared: 0.3106467426, Validation R-squared: 0.2897765040
2023-11-24 12:20:15,813 - INFO - Epoch 14 : Training Loss: 9.6247291565, Validation Loss: 9.8576707840, Training R-squared: 0.3182600737, Validation R-squared: 0.2927630544
2023-11-24 12:20:26,681 - INFO - Epoch 15 : Training Loss: 9.5750541687, Validation Loss: 9.8170185089, Training R-squared: 0.3251018822, Validation R-squared: 0.2982632220
2023-11-24 12:20:36,925 - INFO - Epoch 16 : Training Loss: 9.5179014206, Validation Loss: 9.7827386856, Training R-squared: 0.3321453929, Validation R-squared: 0.3033031821
2023-11-24 12:20:46,512 - INFO - Epoch 17 : Training Loss: 9.4612436295, Validation Loss: 9.7465476990, Training R-squared: 0.3382979631, Validation R-squared: 0.3080859184
2023-11-24 12:20:57,317 - INFO - Epoch 18 : Training Loss: 9.3975019455, Validation Loss: 9.7083492279, Training R-squared: 0.3468422592, Validation R-squared: 0.3129681051
2023-11-24 12:21:08,615 - INFO - Epoch 19 : Training Loss: 9.3505802155, Validation Loss: 9.6716651917, Training R-squared: 0.3538717330, Validation R-squared: 0.3178112805
2023-11-24 12:21:19,554 - INFO - Epoch 20 : Training Loss: 9.2951736450, Validation Loss: 9.6454954147, Training R-squared: 0.3633245230, Validation R-squared: 0.3212706745
2023-11-24 12:21:30,240 - INFO - Epoch 21 : Training Loss: 9.2470169067, Validation Loss: 9.6113462448, Training R-squared: 0.3705217242, Validation R-squared: 0.3261167407
2023-11-24 12:21:40,608 - INFO - Epoch 22 : Training Loss: 9.2055644989, Validation Loss: 9.6018123627, Training R-squared: 0.3722310960, Validation R-squared: 0.3274848461
2023-11-24 12:21:52,734 - INFO - Epoch 23 : Training Loss: 9.1648149490, Validation Loss: 9.5827331543, Training R-squared: 0.3773067296, Validation R-squared: 0.3298296034
2023-11-24 12:22:02,974 - INFO - Epoch 24 : Training Loss: 9.1240329742, Validation Loss: 9.5839776993, Training R-squared: 0.3836322129, Validation R-squared: 0.3294501305
2023-11-24 12:22:13,174 - INFO - Epoch 25 : Training Loss: 9.0875177383, Validation Loss: 9.5584545135, Training R-squared: 0.3879334331, Validation R-squared: 0.3329718113
2023-11-24 12:22:23,246 - INFO - Epoch 26 : Training Loss: 9.0424690247, Validation Loss: 9.5365209579, Training R-squared: 0.3948999941, Validation R-squared: 0.3365443647
2023-11-24 12:22:33,518 - INFO - Epoch 27 : Training Loss: 9.0191822052, Validation Loss: 9.5334177017, Training R-squared: 0.3965572417, Validation R-squared: 0.3364481032
2023-11-24 12:22:43,804 - INFO - Epoch 28 : Training Loss: 9.0004758835, Validation Loss: 9.5368690491, Training R-squared: 0.3998759091, Validation R-squared: 0.3357963562
2023-11-24 12:22:54,085 - INFO - Epoch 29 : Training Loss: 8.9701929092, Validation Loss: 9.5136728287, Training R-squared: 0.4025174081, Validation R-squared: 0.3389748931
2023-11-24 12:23:04,378 - INFO - Epoch 30 : Training Loss: 8.9533996582, Validation Loss: 9.5288677216, Training R-squared: 0.4069009721, Validation R-squared: 0.3374361694
2023-11-24 12:23:14,989 - INFO - Epoch 31 : Training Loss: 8.9212112427, Validation Loss: 9.5405025482, Training R-squared: 0.4091702700, Validation R-squared: 0.3354859650
2023-11-24 12:23:25,588 - INFO - Epoch 32 : Training Loss: 8.9065494537, Validation Loss: 9.5451269150, Training R-squared: 0.4120229781, Validation R-squared: 0.3345319331
2023-11-24 12:23:35,353 - INFO - Epoch 33 : Training Loss: 8.8746728897, Validation Loss: 9.5163269043, Training R-squared: 0.4151495099, Validation R-squared: 0.3383656442
2023-11-24 12:23:46,227 - INFO - Epoch 34 : Training Loss: 8.8554258347, Validation Loss: 9.5221290588, Training R-squared: 0.4190860689, Validation R-squared: 0.3376492262
2023-11-24 12:24:06,616 - INFO - Model saved to models/portion_model/dinner/512_512_200_64/sparsity_65_fold_3_model.keras
2023-11-24 12:24:10,863 - INFO - Avg Metrics: RMSE: 7.9302830027, R-squared: 0.0195411048, PCC: 0.4858072277
2023-11-24 12:24:10,864 - INFO - Agg Metrics: RMSE: 9.5959946013, R-squared: 0.3418275434, PCC: 0.5853264225
2023-11-24 12:24:19,011 - INFO - ================================================================== Fold 4 ===================================================================
2023-11-24 12:24:33,542 - INFO - Epoch 1  : Training Loss: 11.4825696945, Validation Loss: 11.4160509109, Training R-squared: 0.0307075698, Validation R-squared: 0.0404649712
2023-11-24 12:24:44,334 - INFO - Epoch 2  : Training Loss: 11.2510890961, Validation Loss: 11.0532531738, Training R-squared: 0.0731520727, Validation R-squared: 0.1009904593
2023-11-24 12:24:54,959 - INFO - Epoch 3  : Training Loss: 10.9241304398, Validation Loss: 10.5833692551, Training R-squared: 0.1234285384, Validation R-squared: 0.1766590178
2023-11-24 12:25:04,681 - INFO - Epoch 4  : Training Loss: 10.4055252075, Validation Loss: 10.3482122421, Training R-squared: 0.2067915052, Validation R-squared: 0.2129766345
2023-11-24 12:25:15,069 - INFO - Epoch 5  : Training Loss: 10.3032531738, Validation Loss: 10.2920084000, Training R-squared: 0.2194715142, Validation R-squared: 0.2214232981
2023-11-24 12:25:24,600 - INFO - Epoch 6  : Training Loss: 10.2083911896, Validation Loss: 10.2233877182, Training R-squared: 0.2384699732, Validation R-squared: 0.2316634506
2023-11-24 12:25:34,519 - INFO - Epoch 7  : Training Loss: 10.1307897568, Validation Loss: 10.1888980865, Training R-squared: 0.2500045598, Validation R-squared: 0.2363337576
2023-11-24 12:25:44,096 - INFO - Epoch 8  : Training Loss: 10.0580139160, Validation Loss: 10.0874814987, Training R-squared: 0.2574133277, Validation R-squared: 0.2517125010
2023-11-24 12:25:53,136 - INFO - Epoch 9  : Training Loss: 9.9142274857, Validation Loss: 9.9824113846, Training R-squared: 0.2814260125, Validation R-squared: 0.2659351528
2023-11-24 12:26:02,294 - INFO - Epoch 10 : Training Loss: 9.8246345520, Validation Loss: 9.9310045242, Training R-squared: 0.2905004919, Validation R-squared: 0.2731918693
2023-11-24 12:26:11,323 - INFO - Epoch 11 : Training Loss: 9.7772989273, Validation Loss: 9.9084777832, Training R-squared: 0.2968280613, Validation R-squared: 0.2764385641
2023-11-24 12:26:20,716 - INFO - Epoch 12 : Training Loss: 9.7243299484, Validation Loss: 9.8806543350, Training R-squared: 0.3049631715, Validation R-squared: 0.2806152999
2023-11-24 12:26:30,027 - INFO - Epoch 13 : Training Loss: 9.6722841263, Validation Loss: 9.8566780090, Training R-squared: 0.3098900616, Validation R-squared: 0.2839756906
2023-11-24 12:26:38,986 - INFO - Epoch 14 : Training Loss: 9.6411714554, Validation Loss: 9.8255796432, Training R-squared: 0.3171970844, Validation R-squared: 0.2884962559
2023-11-24 12:26:47,836 - INFO - Epoch 15 : Training Loss: 9.5870056152, Validation Loss: 9.7990522385, Training R-squared: 0.3238293529, Validation R-squared: 0.2921167910
2023-11-24 12:26:56,917 - INFO - Epoch 16 : Training Loss: 9.5197925568, Validation Loss: 9.7906904221, Training R-squared: 0.3329335153, Validation R-squared: 0.2929660082
2023-11-24 12:27:06,214 - INFO - Epoch 17 : Training Loss: 9.4680061340, Validation Loss: 9.7279605865, Training R-squared: 0.3399173021, Validation R-squared: 0.3020539880
2023-11-24 12:27:15,349 - INFO - Epoch 18 : Training Loss: 9.4100551605, Validation Loss: 9.6836709976, Training R-squared: 0.3481656015, Validation R-squared: 0.3084895015
2023-11-24 12:27:25,057 - INFO - Epoch 19 : Training Loss: 9.3549690247, Validation Loss: 9.6810140610, Training R-squared: 0.3547283113, Validation R-squared: 0.3083123565
2023-11-24 12:27:34,069 - INFO - Epoch 20 : Training Loss: 9.2937231064, Validation Loss: 9.6345558167, Training R-squared: 0.3624590039, Validation R-squared: 0.3148583770
2023-11-24 12:27:42,945 - INFO - Epoch 21 : Training Loss: 9.2516441345, Validation Loss: 9.5954780579, Training R-squared: 0.3698132038, Validation R-squared: 0.3210180402
2023-11-24 12:27:52,166 - INFO - Epoch 22 : Training Loss: 9.2070693970, Validation Loss: 9.5806188583, Training R-squared: 0.3745864034, Validation R-squared: 0.3228406608
2023-11-24 12:28:01,224 - INFO - Epoch 23 : Training Loss: 9.1699762344, Validation Loss: 9.5480928421, Training R-squared: 0.3798737824, Validation R-squared: 0.3273132145
2023-11-24 12:28:11,741 - INFO - Epoch 24 : Training Loss: 9.1264801025, Validation Loss: 9.5297861099, Training R-squared: 0.3881109357, Validation R-squared: 0.3300571740
2023-11-24 12:28:23,888 - INFO - Epoch 25 : Training Loss: 9.0944032669, Validation Loss: 9.5386724472, Training R-squared: 0.3891289830, Validation R-squared: 0.3283531368
2023-11-24 12:28:32,966 - INFO - Epoch 26 : Training Loss: 9.0607566833, Validation Loss: 9.5246849060, Training R-squared: 0.3930717707, Validation R-squared: 0.3303145468
2023-11-24 12:28:42,465 - INFO - Epoch 27 : Training Loss: 9.0348300934, Validation Loss: 9.4981107712, Training R-squared: 0.3989567757, Validation R-squared: 0.3344073892
2023-11-24 12:28:52,910 - INFO - Epoch 28 : Training Loss: 8.9927539825, Validation Loss: 9.5158653259, Training R-squared: 0.4018464386, Validation R-squared: 0.3312721848
2023-11-24 12:29:02,250 - INFO - Epoch 29 : Training Loss: 8.9560241699, Validation Loss: 9.5095462799, Training R-squared: 0.4077719152, Validation R-squared: 0.3323774040
2023-11-24 12:29:12,494 - INFO - Epoch 30 : Training Loss: 8.9286060333, Validation Loss: 9.5000934601, Training R-squared: 0.4094232917, Validation R-squared: 0.3336300552
2023-11-24 12:29:23,429 - INFO - Epoch 31 : Training Loss: 8.9085407257, Validation Loss: 9.4963216782, Training R-squared: 0.4126513004, Validation R-squared: 0.3343112171
2023-11-24 12:29:33,771 - INFO - Epoch 32 : Training Loss: 8.8894901276, Validation Loss: 9.5243892670, Training R-squared: 0.4049889743, Validation R-squared: 0.3298119903
2023-11-24 12:29:44,515 - INFO - Epoch 33 : Training Loss: 8.8665142059, Validation Loss: 9.5128870010, Training R-squared: 0.4205857217, Validation R-squared: 0.3316477835
2023-11-24 12:29:54,346 - INFO - Epoch 34 : Training Loss: 8.8331890106, Validation Loss: 9.5138349533, Training R-squared: 0.4228329062, Validation R-squared: 0.3312716484
2023-11-24 12:30:04,396 - INFO - Epoch 35 : Training Loss: 8.8096246719, Validation Loss: 9.5004281998, Training R-squared: 0.4246450663, Validation R-squared: 0.3328604996
2023-11-24 12:30:14,205 - INFO - Epoch 36 : Training Loss: 8.7884712219, Validation Loss: 9.5182313919, Training R-squared: 0.4289293587, Validation R-squared: 0.3302897811
2023-11-24 12:30:30,122 - INFO - Model saved to models/portion_model/dinner/512_512_200_64/sparsity_65_fold_4_model.keras
2023-11-24 12:30:34,612 - INFO - Avg Metrics: RMSE: 7.8756614533, R-squared: -0.0639978748, PCC: 0.4902910171
2023-11-24 12:30:34,612 - INFO - Agg Metrics: RMSE: 9.6074353951, R-squared: 0.3327790839, PCC: 0.5777146568
2023-11-24 12:30:42,410 - INFO - ================================================================== Fold 5 ===================================================================
2023-11-24 12:30:55,942 - INFO - Epoch 1  : Training Loss: 11.5005798340, Validation Loss: 11.3628730774, Training R-squared: 0.0313777290, Validation R-squared: 0.0407238267
2023-11-24 12:31:05,176 - INFO - Epoch 2  : Training Loss: 11.2446260452, Validation Loss: 10.9998512268, Training R-squared: 0.0733075440, Validation R-squared: 0.1019881889
2023-11-24 12:31:15,315 - INFO - Epoch 3  : Training Loss: 10.9334917068, Validation Loss: 10.5047626495, Training R-squared: 0.1250036508, Validation R-squared: 0.1822365224
2023-11-24 12:31:25,267 - INFO - Epoch 4  : Training Loss: 10.3915081024, Validation Loss: 10.2980470657, Training R-squared: 0.2117785513, Validation R-squared: 0.2140458226
2023-11-24 12:31:35,207 - INFO - Epoch 5  : Training Loss: 10.2921876907, Validation Loss: 10.2497224808, Training R-squared: 0.2252493501, Validation R-squared: 0.2215235978
2023-11-24 12:31:45,094 - INFO - Epoch 6  : Training Loss: 10.1950731277, Validation Loss: 10.1908798218, Training R-squared: 0.2391612679, Validation R-squared: 0.2304154634
2023-11-24 12:31:56,266 - INFO - Epoch 7  : Training Loss: 10.1249876022, Validation Loss: 10.1574563980, Training R-squared: 0.2510432303, Validation R-squared: 0.2351948321
2023-11-24 12:32:07,946 - INFO - Epoch 8  : Training Loss: 10.0688238144, Validation Loss: 10.0824356079, Training R-squared: 0.2585831285, Validation R-squared: 0.2466695607
2023-11-24 12:32:17,633 - INFO - Epoch 9  : Training Loss: 9.9555196762, Validation Loss: 9.9966802597, Training R-squared: 0.2757097185, Validation R-squared: 0.2587781250
2023-11-24 12:32:27,359 - INFO - Epoch 10 : Training Loss: 9.8735532761, Validation Loss: 9.9621219635, Training R-squared: 0.2812051177, Validation R-squared: 0.2638687193
2023-11-24 12:32:37,379 - INFO - Epoch 11 : Training Loss: 9.8266000748, Validation Loss: 9.9353332520, Training R-squared: 0.2923087478, Validation R-squared: 0.2677218318
2023-11-24 12:32:47,289 - INFO - Epoch 12 : Training Loss: 9.7816886902, Validation Loss: 9.9161510468, Training R-squared: 0.1233230457, Validation R-squared: 0.2703714967
2023-11-24 12:32:56,462 - INFO - Epoch 13 : Training Loss: 9.7331581116, Validation Loss: 9.8968429565, Training R-squared: 0.3073867857, Validation R-squared: 0.2733412683
2023-11-24 12:33:07,118 - INFO - Epoch 14 : Training Loss: 9.6976499557, Validation Loss: 9.8868665695, Training R-squared: 0.3116427958, Validation R-squared: 0.2745240629
2023-11-24 12:33:16,296 - INFO - Epoch 15 : Training Loss: 9.6473197937, Validation Loss: 9.8523473740, Training R-squared: 0.3186640739, Validation R-squared: 0.2797105014
2023-11-24 12:33:26,132 - INFO - Epoch 16 : Training Loss: 9.5966653824, Validation Loss: 9.8428039551, Training R-squared: 0.3230783045, Validation R-squared: 0.2808426619
2023-11-24 12:33:35,427 - INFO - Epoch 17 : Training Loss: 9.5595245361, Validation Loss: 9.8163394928, Training R-squared: 0.3272383511, Validation R-squared: 0.2849858403
2023-11-24 12:33:45,058 - INFO - Epoch 18 : Training Loss: 9.5024232864, Validation Loss: 9.7953252792, Training R-squared: 0.3354721367, Validation R-squared: 0.2878674269
2023-11-24 12:33:56,354 - INFO - Epoch 19 : Training Loss: 9.4610805511, Validation Loss: 9.7780122757, Training R-squared: 0.3430718184, Validation R-squared: 0.2901307046
2023-11-24 12:34:05,582 - INFO - Epoch 20 : Training Loss: 9.4232120514, Validation Loss: 9.7431192398, Training R-squared: 0.3467094600, Validation R-squared: 0.2952701449
2023-11-24 12:34:14,385 - INFO - Epoch 21 : Training Loss: 9.3711538315, Validation Loss: 9.7099800110, Training R-squared: 0.3571056128, Validation R-squared: 0.3000269234
2023-11-24 12:34:23,103 - INFO - Epoch 22 : Training Loss: 9.3255109787, Validation Loss: 9.6887025833, Training R-squared: 0.3620256782, Validation R-squared: 0.3028290570
2023-11-24 12:34:31,604 - INFO - Epoch 23 : Training Loss: 9.2683916092, Validation Loss: 9.6832332611, Training R-squared: 0.3667972684, Validation R-squared: 0.3033228517
2023-11-24 12:34:40,258 - INFO - Epoch 24 : Training Loss: 9.2191123962, Validation Loss: 9.6371679306, Training R-squared: 0.3758080304, Validation R-squared: 0.3104720712
2023-11-24 12:34:48,774 - INFO - Epoch 25 : Training Loss: 9.1743612289, Validation Loss: 9.5981483459, Training R-squared: 0.3808392584, Validation R-squared: 0.3162874281
2023-11-24 12:34:57,490 - INFO - Epoch 26 : Training Loss: 9.1353368759, Validation Loss: 9.5890188217, Training R-squared: 0.3866359890, Validation R-squared: 0.3172802627
2023-11-24 12:35:06,173 - INFO - Epoch 27 : Training Loss: 9.1092176437, Validation Loss: 9.5736627579, Training R-squared: 0.3908070922, Validation R-squared: 0.3194736242
2023-11-24 12:35:15,492 - INFO - Epoch 28 : Training Loss: 9.0713243484, Validation Loss: 9.5541324615, Training R-squared: 0.3933716118, Validation R-squared: 0.3223992586
2023-11-24 12:35:24,500 - INFO - Epoch 29 : Training Loss: 9.0450544357, Validation Loss: 9.5511150360, Training R-squared: 0.3988668025, Validation R-squared: 0.3225549161
2023-11-24 12:35:33,122 - INFO - Epoch 30 : Training Loss: 9.0033493042, Validation Loss: 9.5958919525, Training R-squared: 0.4038945735, Validation R-squared: 0.3157608807
2023-11-24 12:35:41,979 - INFO - Epoch 31 : Training Loss: 8.9817113876, Validation Loss: 9.5682163239, Training R-squared: 0.4031270146, Validation R-squared: 0.3197531402
2023-11-24 12:35:50,638 - INFO - Epoch 32 : Training Loss: 8.9472885132, Validation Loss: 9.5117015839, Training R-squared: 0.4104909897, Validation R-squared: 0.3285034895
2023-11-24 12:35:59,355 - INFO - Epoch 33 : Training Loss: 8.9332857132, Validation Loss: 9.5305423737, Training R-squared: 0.4130610526, Validation R-squared: 0.3256385922
2023-11-24 12:36:07,927 - INFO - Epoch 34 : Training Loss: 8.8979578018, Validation Loss: 9.5268335342, Training R-squared: 0.4156049490, Validation R-squared: 0.3259588182
2023-11-24 12:36:16,774 - INFO - Epoch 35 : Training Loss: 8.8815917969, Validation Loss: 9.5155925751, Training R-squared: 0.4181691706, Validation R-squared: 0.3275448084
2023-11-24 12:36:25,643 - INFO - Epoch 36 : Training Loss: 8.8557405472, Validation Loss: 9.5059528351, Training R-squared: 0.4224599004, Validation R-squared: 0.3290671110
2023-11-24 12:36:34,185 - INFO - Epoch 37 : Training Loss: 8.8301334381, Validation Loss: 9.5165357590, Training R-squared: 0.4245272577, Validation R-squared: 0.3272529244
2023-11-24 12:36:42,804 - INFO - Epoch 38 : Training Loss: 8.8067054749, Validation Loss: 9.4952516556, Training R-squared: 0.4249307811, Validation R-squared: 0.3304917812
2023-11-24 12:36:51,417 - INFO - Epoch 39 : Training Loss: 8.7846479416, Validation Loss: 9.5292797089, Training R-squared: 0.4309918582, Validation R-squared: 0.3254402876
2023-11-24 12:37:00,294 - INFO - Epoch 40 : Training Loss: 8.7648849487, Validation Loss: 9.5120086670, Training R-squared: 0.4339161217, Validation R-squared: 0.3278001547
2023-11-24 12:37:08,829 - INFO - Epoch 41 : Training Loss: 8.7428760529, Validation Loss: 9.4867515564, Training R-squared: 0.4336769879, Validation R-squared: 0.3316541612
2023-11-24 12:37:18,038 - INFO - Epoch 42 : Training Loss: 8.7233200073, Validation Loss: 9.4897966385, Training R-squared: 0.4361610711, Validation R-squared: 0.3311076164
2023-11-24 12:37:26,594 - INFO - Epoch 43 : Training Loss: 8.6889562607, Validation Loss: 9.5265979767, Training R-squared: 0.4410798848, Validation R-squared: 0.3255862594
2023-11-24 12:37:35,376 - INFO - Epoch 44 : Training Loss: 8.6805696487, Validation Loss: 9.5106658936, Training R-squared: 0.4433811903, Validation R-squared: 0.3276424706
2023-11-24 12:37:43,935 - INFO - Epoch 45 : Training Loss: 8.6456031799, Validation Loss: 9.4963378906, Training R-squared: 0.4454973936, Validation R-squared: 0.3299056590
2023-11-24 12:37:52,746 - INFO - Epoch 46 : Training Loss: 8.6292228699, Validation Loss: 9.4846410751, Training R-squared: 0.4467505515, Validation R-squared: 0.3315826654
2023-11-24 12:38:01,557 - INFO - Epoch 47 : Training Loss: 8.6006155014, Validation Loss: 9.4770460129, Training R-squared: 0.4533457458, Validation R-squared: 0.3327527642
2023-11-24 12:38:10,245 - INFO - Epoch 48 : Training Loss: 8.5785131454, Validation Loss: 9.4574661255, Training R-squared: 0.4522517025, Validation R-squared: 0.3356053531
2023-11-24 12:38:19,471 - INFO - Epoch 49 : Training Loss: 8.5612020493, Validation Loss: 9.4624958038, Training R-squared: 0.4584668875, Validation R-squared: 0.3347121477
2023-11-24 12:38:28,135 - INFO - Epoch 50 : Training Loss: 8.5398015976, Validation Loss: 9.4657897949, Training R-squared: 0.4608772397, Validation R-squared: 0.3341320455
2023-11-24 12:38:36,701 - INFO - Epoch 51 : Training Loss: 8.5157985687, Validation Loss: 9.4862613678, Training R-squared: 0.4627023637, Validation R-squared: 0.3309406340
2023-11-24 12:38:45,525 - INFO - Epoch 52 : Training Loss: 8.4998798370, Validation Loss: 9.4416379929, Training R-squared: 0.4666684568, Validation R-squared: 0.3374991417
2023-11-24 12:38:54,189 - INFO - Epoch 53 : Training Loss: 8.4820280075, Validation Loss: 9.4724493027, Training R-squared: 0.4659567773, Validation R-squared: 0.3328357041
2023-11-24 12:39:03,054 - INFO - Epoch 54 : Training Loss: 8.4567775726, Validation Loss: 9.4382925034, Training R-squared: 0.4683531821, Validation R-squared: 0.3381518722
2023-11-24 12:39:11,612 - INFO - Epoch 55 : Training Loss: 8.4356765747, Validation Loss: 9.4673805237, Training R-squared: 0.4717249870, Validation R-squared: 0.3336336613
2023-11-24 12:39:20,862 - INFO - Epoch 56 : Training Loss: 8.4320659637, Validation Loss: 9.4970455170, Training R-squared: 0.4729180932, Validation R-squared: 0.3290527761
2023-11-24 12:39:29,444 - INFO - Epoch 57 : Training Loss: 8.4075231552, Validation Loss: 9.4476289749, Training R-squared: 0.4623021483, Validation R-squared: 0.3364957869
2023-11-24 12:39:38,218 - INFO - Epoch 58 : Training Loss: 8.4120988846, Validation Loss: 9.4621076584, Training R-squared: 0.4760683775, Validation R-squared: 0.3340693712
2023-11-24 12:39:46,858 - INFO - Epoch 59 : Training Loss: 8.3763561249, Validation Loss: 9.4535131454, Training R-squared: 0.4797703326, Validation R-squared: 0.3355593383
2023-11-24 12:40:00,596 - INFO - Model saved to models/portion_model/dinner/512_512_200_64/sparsity_65_fold_5_model.keras
2023-11-24 12:40:05,098 - INFO - Avg Metrics: RMSE: 7.7230861874, R-squared: -1.3071993942, PCC: 0.5319806454
2023-11-24 12:40:05,099 - INFO - Agg Metrics: RMSE: 9.6448663607, R-squared: 0.3280524827, PCC: 0.5788580279
2023-11-24 12:40:17,041 - INFO - ================================================================== Results Summary ===================================================================
2023-11-24 12:40:17,042 - INFO - CrossVal Metrics (Avg.) - RMSE: 7.8886081331 ± 0.1193489108, R2: -0.4469892085 ± 0.1193489108, PCC: 0.4954912203 ± 0.1193489108
2023-11-24 12:40:17,042 - INFO - Testing  Metrics (Avg.) - RMSE: 7.8266395838, R2: -0.1022147750, PCC: 0.4951413094
2023-11-24 12:40:17,042 - INFO - CrossVal Metrics (Agg.) - RMSE: 9.6858382574 ± 0.1193489108, R2: 0.3251781873 ± 0.1193489108, PCC: 0.5728887998 ± 0.1193489108
2023-11-24 12:40:17,042 - INFO - Testing  Metrics (Agg.) - RMSE: 9.4913765054, R2: 0.3382980885, PCC: 0.5834499125
