2023-11-24 09:48:26,277 - INFO - Training model at 50% sparse columns removed...
2023-11-24 09:48:34,495 - INFO - ================================================================== Fold 1 ===================================================================
2023-11-24 09:48:55,566 - INFO - Epoch 1  : Training Loss: 9.5327386856, Validation Loss: 9.5185298920, Training R-squared: 0.0344716311, Validation R-squared: 0.0456302613
2023-11-24 09:49:10,130 - INFO - Epoch 2  : Training Loss: 9.2614669800, Validation Loss: 9.2462902069, Training R-squared: 0.0898784399, Validation R-squared: 0.0999411270
2023-11-24 09:49:24,916 - INFO - Epoch 3  : Training Loss: 8.9118375778, Validation Loss: 8.7118673325, Training R-squared: 0.1568920016, Validation R-squared: 0.2015416771
2023-11-24 09:49:39,338 - INFO - Epoch 4  : Training Loss: 8.5620517731, Validation Loss: 8.6505832672, Training R-squared: 0.2220931947, Validation R-squared: 0.2127849013
2023-11-24 09:49:53,797 - INFO - Epoch 5  : Training Loss: 8.4844064713, Validation Loss: 8.5912923813, Training R-squared: 0.2372915894, Validation R-squared: 0.2236253768
2023-11-24 09:50:07,669 - INFO - Epoch 6  : Training Loss: 8.4102458954, Validation Loss: 8.5539436340, Training R-squared: 0.2501513660, Validation R-squared: 0.2301094234
2023-11-24 09:50:20,948 - INFO - Epoch 7  : Training Loss: 8.3444747925, Validation Loss: 8.5035448074, Training R-squared: 0.2604114711, Validation R-squared: 0.2389537990
2023-11-24 09:50:34,355 - INFO - Epoch 8  : Training Loss: 8.2621088028, Validation Loss: 8.4314708710, Training R-squared: 0.2756919265, Validation R-squared: 0.2512888312
2023-11-24 09:50:47,459 - INFO - Epoch 9  : Training Loss: 8.1740684509, Validation Loss: 8.3818979263, Training R-squared: 0.2896810174, Validation R-squared: 0.2599682510
2023-11-24 09:51:00,749 - INFO - Epoch 10 : Training Loss: 8.1226787567, Validation Loss: 8.3544750214, Training R-squared: 0.2992659211, Validation R-squared: 0.2644403279
2023-11-24 09:51:13,886 - INFO - Epoch 11 : Training Loss: 8.0763978958, Validation Loss: 8.3341732025, Training R-squared: 0.3070349395, Validation R-squared: 0.2681622803
2023-11-24 09:51:27,502 - INFO - Epoch 12 : Training Loss: 8.0424671173, Validation Loss: 8.3094263077, Training R-squared: 0.3135239184, Validation R-squared: 0.2721696794
2023-11-24 09:51:40,554 - INFO - Epoch 13 : Training Loss: 7.9852375984, Validation Loss: 8.2805938721, Training R-squared: 0.3223233521, Validation R-squared: 0.2773444951
2023-11-24 09:51:53,914 - INFO - Epoch 14 : Training Loss: 7.9256443977, Validation Loss: 8.2445297241, Training R-squared: 0.3317952752, Validation R-squared: 0.2834009230
2023-11-24 09:52:07,106 - INFO - Epoch 15 : Training Loss: 7.8629245758, Validation Loss: 8.2037248611, Training R-squared: 0.3414998055, Validation R-squared: 0.2900052369
2023-11-24 09:52:20,590 - INFO - Epoch 16 : Training Loss: 7.8048534393, Validation Loss: 8.1663722992, Training R-squared: 0.3518202901, Validation R-squared: 0.2958924174
2023-11-24 09:52:34,024 - INFO - Epoch 17 : Training Loss: 7.7477545738, Validation Loss: 8.1490116119, Training R-squared: 0.3604086936, Validation R-squared: 0.2985830009
2023-11-24 09:52:46,783 - INFO - Epoch 18 : Training Loss: 7.7149496078, Validation Loss: 8.1379175186, Training R-squared: 0.3659273386, Validation R-squared: 0.3004679382
2023-11-24 09:52:59,970 - INFO - Epoch 19 : Training Loss: 7.6675910950, Validation Loss: 8.1136789322, Training R-squared: 0.3719135821, Validation R-squared: 0.3044353426
2023-11-24 09:53:13,129 - INFO - Epoch 20 : Training Loss: 7.6376771927, Validation Loss: 8.0848741531, Training R-squared: 0.3784569204, Validation R-squared: 0.3095219135
2023-11-24 09:53:26,556 - INFO - Epoch 21 : Training Loss: 7.6000809669, Validation Loss: 8.0704107285, Training R-squared: 0.3834715486, Validation R-squared: 0.3119190633
2023-11-24 09:53:39,830 - INFO - Epoch 22 : Training Loss: 7.5633854866, Validation Loss: 8.0740356445, Training R-squared: 0.3907090425, Validation R-squared: 0.3112205267
2023-11-24 09:53:54,199 - INFO - Epoch 23 : Training Loss: 7.5339612961, Validation Loss: 8.0644636154, Training R-squared: 0.3938949406, Validation R-squared: 0.3126243353
2023-11-24 09:54:07,645 - INFO - Epoch 24 : Training Loss: 7.5052866936, Validation Loss: 8.0583019257, Training R-squared: 0.3984855413, Validation R-squared: 0.3133296072
2023-11-24 09:54:21,293 - INFO - Epoch 25 : Training Loss: 7.4829053879, Validation Loss: 8.0493507385, Training R-squared: 0.4001262188, Validation R-squared: 0.3149153590
2023-11-24 09:54:34,341 - INFO - Epoch 26 : Training Loss: 7.4447565079, Validation Loss: 8.0398340225, Training R-squared: 0.4073286653, Validation R-squared: 0.3164293468
2023-11-24 09:54:47,416 - INFO - Epoch 27 : Training Loss: 7.4221982956, Validation Loss: 8.0396518707, Training R-squared: 0.4108672738, Validation R-squared: 0.3161580563
2023-11-24 09:55:00,428 - INFO - Epoch 28 : Training Loss: 7.4046516418, Validation Loss: 8.0380496979, Training R-squared: 0.4155828655, Validation R-squared: 0.3164262176
2023-11-24 09:55:13,805 - INFO - Epoch 29 : Training Loss: 7.3789033890, Validation Loss: 8.0301008224, Training R-squared: 0.4173538685, Validation R-squared: 0.3179768324
2023-11-24 09:55:26,832 - INFO - Epoch 30 : Training Loss: 7.3542704582, Validation Loss: 8.0193519592, Training R-squared: 0.4231423140, Validation R-squared: 0.3195717931
2023-11-24 09:55:40,071 - INFO - Epoch 31 : Training Loss: 7.3297944069, Validation Loss: 8.0202846527, Training R-squared: 0.4258677959, Validation R-squared: 0.3193154633
2023-11-24 09:55:53,038 - INFO - Epoch 32 : Training Loss: 7.3119258881, Validation Loss: 8.0193576813, Training R-squared: 0.4269180298, Validation R-squared: 0.3194921613
2023-11-24 09:56:06,262 - INFO - Epoch 33 : Training Loss: 7.2919716835, Validation Loss: 8.0323791504, Training R-squared: 0.4317772686, Validation R-squared: 0.3170859814
2023-11-24 09:56:19,788 - INFO - Epoch 34 : Training Loss: 7.2633185387, Validation Loss: 8.0123214722, Training R-squared: 0.4351687133, Validation R-squared: 0.3211179674
2023-11-24 09:56:32,693 - INFO - Epoch 35 : Training Loss: 7.2371106148, Validation Loss: 8.0111875534, Training R-squared: 0.4387604892, Validation R-squared: 0.3207934499
2023-11-24 09:56:45,817 - INFO - Epoch 36 : Training Loss: 7.2181844711, Validation Loss: 8.0137071609, Training R-squared: 0.4431909621, Validation R-squared: 0.3206086159
2023-11-24 09:56:59,031 - INFO - Epoch 37 : Training Loss: 7.1904406548, Validation Loss: 8.0030422211, Training R-squared: 0.4460739195, Validation R-squared: 0.3226006627
2023-11-24 09:57:12,164 - INFO - Epoch 38 : Training Loss: 7.1818819046, Validation Loss: 8.0059680939, Training R-squared: 0.4467833936, Validation R-squared: 0.3218419254
2023-11-24 09:57:25,252 - INFO - Epoch 39 : Training Loss: 7.1579580307, Validation Loss: 8.0014867783, Training R-squared: 0.4515361786, Validation R-squared: 0.3226176500
2023-11-24 09:57:38,372 - INFO - Epoch 40 : Training Loss: 7.1401615143, Validation Loss: 8.0405111313, Training R-squared: 0.4539557695, Validation R-squared: 0.3154459894
2023-11-24 09:57:51,543 - INFO - Epoch 41 : Training Loss: 7.1093254089, Validation Loss: 8.0303039551, Training R-squared: 0.4582533538, Validation R-squared: 0.3173895478
2023-11-24 09:58:05,001 - INFO - Epoch 42 : Training Loss: 7.0906491280, Validation Loss: 8.0229101181, Training R-squared: 0.4606240094, Validation R-squared: 0.3182825744
2023-11-24 09:58:18,520 - INFO - Epoch 43 : Training Loss: 7.0805106163, Validation Loss: 7.9983787537, Training R-squared: 0.4638038874, Validation R-squared: 0.3231785595
2023-11-24 09:58:31,709 - INFO - Epoch 44 : Training Loss: 7.0633444786, Validation Loss: 8.0136137009, Training R-squared: 0.4648415148, Validation R-squared: 0.3196890056
2023-11-24 09:58:44,768 - INFO - Epoch 45 : Training Loss: 7.0397806168, Validation Loss: 8.0043344498, Training R-squared: 0.4685557485, Validation R-squared: 0.3217615187
2023-11-24 09:58:57,788 - INFO - Epoch 46 : Training Loss: 7.0227565765, Validation Loss: 8.0102367401, Training R-squared: 0.4713966250, Validation R-squared: 0.3207167089
2023-11-24 09:59:11,201 - INFO - Epoch 47 : Training Loss: 7.0025548935, Validation Loss: 8.0545492172, Training R-squared: 0.4732668400, Validation R-squared: 0.3123880923
2023-11-24 09:59:24,588 - INFO - Epoch 48 : Training Loss: 6.9908823967, Validation Loss: 8.0233840942, Training R-squared: 0.4746953249, Validation R-squared: 0.3181546628
2023-11-24 09:59:41,132 - INFO - Model saved to models/portion_model/dinner/512_512_200_64/sparsity_50_fold_1_model.keras
2023-11-24 09:59:47,473 - INFO - Avg Metrics: RMSE: 6.6125192562, R-squared: -0.3997738633, PCC: 0.5050876937
2023-11-24 09:59:47,473 - INFO - Agg Metrics: RMSE: 8.0759086264, R-squared: 0.3248018703, PCC: 0.5738691674
2023-11-24 09:59:53,605 - INFO - ================================================================== Fold 2 ===================================================================
2023-11-24 10:00:12,765 - INFO - Epoch 1  : Training Loss: 9.4971971512, Validation Loss: 9.6686601639, Training R-squared: 0.0341558903, Validation R-squared: 0.0473029576
2023-11-24 10:00:26,201 - INFO - Epoch 2  : Training Loss: 9.2191505432, Validation Loss: 9.3694877625, Training R-squared: 0.0892720670, Validation R-squared: 0.1059815213
2023-11-24 10:00:39,727 - INFO - Epoch 3  : Training Loss: 8.8922004700, Validation Loss: 8.8741044998, Training R-squared: 0.1551241428, Validation R-squared: 0.1991420090
2023-11-24 10:00:52,887 - INFO - Epoch 4  : Training Loss: 8.5575714111, Validation Loss: 8.8091716766, Training R-squared: 0.2157795578, Validation R-squared: 0.2112193406
2023-11-24 10:01:06,082 - INFO - Epoch 5  : Training Loss: 8.5022640228, Validation Loss: 8.7774114609, Training R-squared: 0.2271582484, Validation R-squared: 0.2167959213
2023-11-24 10:01:19,662 - INFO - Epoch 6  : Training Loss: 8.4525318146, Validation Loss: 8.7397680283, Training R-squared: 0.2367520332, Validation R-squared: 0.2237260938
2023-11-24 10:01:32,820 - INFO - Epoch 7  : Training Loss: 8.3624496460, Validation Loss: 8.6627969742, Training R-squared: 0.2528134286, Validation R-squared: 0.2372874916
2023-11-24 10:01:45,866 - INFO - Epoch 8  : Training Loss: 8.2680158615, Validation Loss: 8.5767450333, Training R-squared: 0.2684962749, Validation R-squared: 0.2519736886
2023-11-24 10:01:59,064 - INFO - Epoch 9  : Training Loss: 8.1855850220, Validation Loss: 8.5435400009, Training R-squared: 0.2824653685, Validation R-squared: 0.2575342357
2023-11-24 10:02:12,076 - INFO - Epoch 10 : Training Loss: 8.1385717392, Validation Loss: 8.5160789490, Training R-squared: 0.2900464237, Validation R-squared: 0.2621915340
2023-11-24 10:02:25,631 - INFO - Epoch 11 : Training Loss: 8.0960769653, Validation Loss: 8.5044498444, Training R-squared: 0.2976349294, Validation R-squared: 0.2639286518
2023-11-24 10:02:38,854 - INFO - Epoch 12 : Training Loss: 8.0517330170, Validation Loss: 8.4793128967, Training R-squared: 0.3049891591, Validation R-squared: 0.2686580718
2023-11-24 10:02:51,949 - INFO - Epoch 13 : Training Loss: 8.0098743439, Validation Loss: 8.4608592987, Training R-squared: 0.3121284246, Validation R-squared: 0.2718607485
2023-11-24 10:03:05,288 - INFO - Epoch 14 : Training Loss: 7.9648294449, Validation Loss: 8.4317541122, Training R-squared: 0.3190830648, Validation R-squared: 0.2768001854
2023-11-24 10:03:18,936 - INFO - Epoch 15 : Training Loss: 7.9240298271, Validation Loss: 8.4093179703, Training R-squared: 0.3266409636, Validation R-squared: 0.2806868553
2023-11-24 10:03:31,907 - INFO - Epoch 16 : Training Loss: 7.8737688065, Validation Loss: 8.3827800751, Training R-squared: 0.3340747654, Validation R-squared: 0.2848460078
2023-11-24 10:03:45,485 - INFO - Epoch 17 : Training Loss: 7.8328332901, Validation Loss: 8.3470964432, Training R-squared: 0.3416258693, Validation R-squared: 0.2909263670
2023-11-24 10:03:59,771 - INFO - Epoch 18 : Training Loss: 7.7780098915, Validation Loss: 8.3247528076, Training R-squared: 0.3489840329, Validation R-squared: 0.2948057353
2023-11-24 10:04:13,352 - INFO - Epoch 19 : Training Loss: 7.7288117409, Validation Loss: 8.2918758392, Training R-squared: 0.3572525978, Validation R-squared: 0.3000034690
2023-11-24 10:04:26,581 - INFO - Epoch 20 : Training Loss: 7.6964058876, Validation Loss: 8.2723245621, Training R-squared: 0.3624850512, Validation R-squared: 0.3031496704
2023-11-24 10:04:39,891 - INFO - Epoch 21 : Training Loss: 7.6573905945, Validation Loss: 8.2537498474, Training R-squared: 0.3692527413, Validation R-squared: 0.3059818149
2023-11-24 10:04:53,059 - INFO - Epoch 22 : Training Loss: 7.6172413826, Validation Loss: 8.2399930954, Training R-squared: 0.3753541112, Validation R-squared: 0.3083560467
2023-11-24 10:05:06,117 - INFO - Epoch 23 : Training Loss: 7.5868325233, Validation Loss: 8.2260208130, Training R-squared: 0.3822811544, Validation R-squared: 0.3106064498
2023-11-24 10:05:19,198 - INFO - Epoch 24 : Training Loss: 7.5437903404, Validation Loss: 8.2238607407, Training R-squared: 0.3867199719, Validation R-squared: 0.3110104203
2023-11-24 10:05:32,268 - INFO - Epoch 25 : Training Loss: 7.5221090317, Validation Loss: 8.2494459152, Training R-squared: 0.3916481137, Validation R-squared: 0.3062996566
2023-11-24 10:05:45,387 - INFO - Epoch 26 : Training Loss: 7.4797277451, Validation Loss: 8.2289161682, Training R-squared: 0.3950181603, Validation R-squared: 0.3098068237
2023-11-24 10:05:58,268 - INFO - Epoch 27 : Training Loss: 7.4617309570, Validation Loss: 8.2022476196, Training R-squared: 0.3999390602, Validation R-squared: 0.3145177662
2023-11-24 10:06:11,246 - INFO - Epoch 28 : Training Loss: 7.4306364059, Validation Loss: 8.2062015533, Training R-squared: 0.4041940570, Validation R-squared: 0.3137241602
2023-11-24 10:06:24,514 - INFO - Epoch 29 : Training Loss: 7.4110488892, Validation Loss: 8.2022495270, Training R-squared: 0.4077647924, Validation R-squared: 0.3142037392
2023-11-24 10:06:37,259 - INFO - Epoch 30 : Training Loss: 7.3762049675, Validation Loss: 8.1850776672, Training R-squared: 0.4128876030, Validation R-squared: 0.3167488873
2023-11-24 10:06:50,273 - INFO - Epoch 31 : Training Loss: 7.3597769737, Validation Loss: 8.1677722931, Training R-squared: 0.4157156646, Validation R-squared: 0.3199101985
2023-11-24 10:07:03,107 - INFO - Epoch 32 : Training Loss: 7.3293762207, Validation Loss: 8.1669969559, Training R-squared: 0.4193513393, Validation R-squared: 0.3199057877
2023-11-24 10:07:15,955 - INFO - Epoch 33 : Training Loss: 7.3075776100, Validation Loss: 8.1662340164, Training R-squared: 0.4224888384, Validation R-squared: 0.3197164834
2023-11-24 10:07:29,687 - INFO - Epoch 34 : Training Loss: 7.2931962013, Validation Loss: 8.1672105789, Training R-squared: 0.4261307716, Validation R-squared: 0.3196399212
2023-11-24 10:07:43,518 - INFO - Epoch 35 : Training Loss: 7.2663989067, Validation Loss: 8.1849880219, Training R-squared: 0.4285342991, Validation R-squared: 0.3162987530
2023-11-24 10:07:57,204 - INFO - Epoch 36 : Training Loss: 7.2319674492, Validation Loss: 8.1699028015, Training R-squared: 0.4337355494, Validation R-squared: 0.3188596666
2023-11-24 10:08:11,514 - INFO - Epoch 37 : Training Loss: 7.2191557884, Validation Loss: 8.1699047089, Training R-squared: 0.4361252189, Validation R-squared: 0.3188841343
2023-11-24 10:08:26,542 - INFO - Epoch 38 : Training Loss: 7.2024202347, Validation Loss: 8.1583309174, Training R-squared: 0.4396560490, Validation R-squared: 0.3208108246
2023-11-24 10:08:42,996 - INFO - Epoch 39 : Training Loss: 7.1738157272, Validation Loss: 8.1625289917, Training R-squared: 0.4431596398, Validation R-squared: 0.3198078573
2023-11-24 10:08:58,974 - INFO - Epoch 40 : Training Loss: 7.1605911255, Validation Loss: 8.1656494141, Training R-squared: 0.4460214674, Validation R-squared: 0.3191758692
2023-11-24 10:09:15,234 - INFO - Epoch 41 : Training Loss: 7.1398372650, Validation Loss: 8.1416587830, Training R-squared: 0.4480689466, Validation R-squared: 0.3227528632
2023-11-24 10:09:31,023 - INFO - Epoch 42 : Training Loss: 7.1201786995, Validation Loss: 8.1580753326, Training R-squared: 0.4515321255, Validation R-squared: 0.3206768334
2023-11-24 10:09:46,664 - INFO - Epoch 43 : Training Loss: 7.1010661125, Validation Loss: 8.1659994125, Training R-squared: 0.4537069201, Validation R-squared: 0.3191081285
2023-11-24 10:10:03,606 - INFO - Epoch 44 : Training Loss: 7.0861082077, Validation Loss: 8.1784772873, Training R-squared: 0.4566679895, Validation R-squared: 0.3166048229
2023-11-24 10:10:20,544 - INFO - Epoch 45 : Training Loss: 7.0658736229, Validation Loss: 8.1809053421, Training R-squared: 0.4591231048, Validation R-squared: 0.3162621260
2023-11-24 10:10:36,188 - INFO - Epoch 46 : Training Loss: 7.0562491417, Validation Loss: 8.1751327515, Training R-squared: 0.4595860541, Validation R-squared: 0.3175643981
2023-11-24 10:10:59,502 - INFO - Model saved to models/portion_model/dinner/512_512_200_64/sparsity_50_fold_2_model.keras
2023-11-24 10:11:06,107 - INFO - Avg Metrics: RMSE: 6.7250064104, R-squared: -0.0749622277, PCC: 0.5069363318
2023-11-24 10:11:06,107 - INFO - Agg Metrics: RMSE: 8.2372980319, R-squared: 0.3202388908, PCC: 0.5709180791
2023-11-24 10:11:13,622 - INFO - ================================================================== Fold 3 ===================================================================
2023-11-24 10:11:34,529 - INFO - Epoch 1  : Training Loss: 9.5325574875, Validation Loss: 9.4721927643, Training R-squared: 0.0341811664, Validation R-squared: 0.0523618013
2023-11-24 10:11:48,902 - INFO - Epoch 2  : Training Loss: 9.2763175964, Validation Loss: 9.1942481995, Training R-squared: 0.0891846269, Validation R-squared: 0.1082388237
2023-11-24 10:12:02,985 - INFO - Epoch 3  : Training Loss: 8.9162397385, Validation Loss: 8.6556787491, Training R-squared: 0.1578754336, Validation R-squared: 0.2111945897
2023-11-24 10:12:17,513 - INFO - Epoch 4  : Training Loss: 8.5907735825, Validation Loss: 8.6069841385, Training R-squared: 0.2191972584, Validation R-squared: 0.2199947983
2023-11-24 10:12:31,703 - INFO - Epoch 5  : Training Loss: 8.5354070663, Validation Loss: 8.5809059143, Training R-squared: 0.2291944027, Validation R-squared: 0.2246647030
2023-11-24 10:12:45,775 - INFO - Epoch 6  : Training Loss: 8.4758605957, Validation Loss: 8.5465116501, Training R-squared: 0.2399814725, Validation R-squared: 0.2305415869
2023-11-24 10:13:00,334 - INFO - Epoch 7  : Training Loss: 8.4004974365, Validation Loss: 8.4855756760, Training R-squared: 0.2527696490, Validation R-squared: 0.2416184545
2023-11-24 10:13:16,269 - INFO - Epoch 8  : Training Loss: 8.3172245026, Validation Loss: 8.4181985855, Training R-squared: 0.2665234506, Validation R-squared: 0.2531027198
2023-11-24 10:13:32,324 - INFO - Epoch 9  : Training Loss: 8.2347087860, Validation Loss: 8.3780536652, Training R-squared: 0.2806635499, Validation R-squared: 0.2595384717
2023-11-24 10:13:47,440 - INFO - Epoch 10 : Training Loss: 8.1861791611, Validation Loss: 8.3577814102, Training R-squared: 0.2888097763, Validation R-squared: 0.2630112469
2023-11-24 10:14:01,833 - INFO - Epoch 11 : Training Loss: 8.1442527771, Validation Loss: 8.3401832581, Training R-squared: 0.2958925962, Validation R-squared: 0.2655613720
2023-11-24 10:14:15,089 - INFO - Epoch 12 : Training Loss: 8.0948143005, Validation Loss: 8.3187894821, Training R-squared: 0.3041185439, Validation R-squared: 0.2690231502
2023-11-24 10:14:28,945 - INFO - Epoch 13 : Training Loss: 8.0526943207, Validation Loss: 8.2868347168, Training R-squared: 0.3107330799, Validation R-squared: 0.2745019794
2023-11-24 10:14:42,154 - INFO - Epoch 14 : Training Loss: 8.0002727509, Validation Loss: 8.2587375641, Training R-squared: 0.3200597167, Validation R-squared: 0.2792126536
2023-11-24 10:14:55,331 - INFO - Epoch 15 : Training Loss: 7.9439311028, Validation Loss: 8.2280712128, Training R-squared: 0.3292162120, Validation R-squared: 0.2844673693
2023-11-24 10:15:08,672 - INFO - Epoch 16 : Training Loss: 7.8945083618, Validation Loss: 8.1838111877, Training R-squared: 0.3370468318, Validation R-squared: 0.2921462357
2023-11-24 10:15:22,227 - INFO - Epoch 17 : Training Loss: 7.8373942375, Validation Loss: 8.1777019501, Training R-squared: 0.3474813402, Validation R-squared: 0.2924534082
2023-11-24 10:15:35,414 - INFO - Epoch 18 : Training Loss: 7.7924346924, Validation Loss: 8.1354341507, Training R-squared: 0.3534055054, Validation R-squared: 0.2995551229
2023-11-24 10:15:48,612 - INFO - Epoch 19 : Training Loss: 7.7407698631, Validation Loss: 8.0963048935, Training R-squared: 0.3616633713, Validation R-squared: 0.3058717251
2023-11-24 10:16:02,103 - INFO - Epoch 20 : Training Loss: 7.6935319901, Validation Loss: 8.0844802856, Training R-squared: 0.3690104485, Validation R-squared: 0.3079288006
2023-11-24 10:16:15,128 - INFO - Epoch 21 : Training Loss: 7.6683998108, Validation Loss: 8.0652370453, Training R-squared: 0.3734619021, Validation R-squared: 0.3111239374
2023-11-24 10:16:28,389 - INFO - Epoch 22 : Training Loss: 7.6248669624, Validation Loss: 8.0593404770, Training R-squared: 0.3792249560, Validation R-squared: 0.3115459681
2023-11-24 10:16:41,496 - INFO - Epoch 23 : Training Loss: 7.5778636932, Validation Loss: 8.0539474487, Training R-squared: 0.3868398070, Validation R-squared: 0.3125643730
2023-11-24 10:16:54,645 - INFO - Epoch 24 : Training Loss: 7.5585694313, Validation Loss: 8.0507440567, Training R-squared: 0.3912853301, Validation R-squared: 0.3128670752
2023-11-24 10:17:07,688 - INFO - Epoch 25 : Training Loss: 7.5350184441, Validation Loss: 8.0463609695, Training R-squared: 0.3951837122, Validation R-squared: 0.3134513497
2023-11-24 10:17:21,041 - INFO - Epoch 26 : Training Loss: 7.5077395439, Validation Loss: 8.0522098541, Training R-squared: 0.3999784291, Validation R-squared: 0.3120168746
2023-11-24 10:17:33,911 - INFO - Epoch 27 : Training Loss: 7.4834570885, Validation Loss: 8.0322694778, Training R-squared: 0.4017639160, Validation R-squared: 0.3158553243
2023-11-24 10:17:46,910 - INFO - Epoch 28 : Training Loss: 7.4654297829, Validation Loss: 8.0636062622, Training R-squared: 0.4060183764, Validation R-squared: 0.3097366691
2023-11-24 10:18:00,431 - INFO - Epoch 29 : Training Loss: 7.4436969757, Validation Loss: 8.0251245499, Training R-squared: 0.4095858932, Validation R-squared: 0.3167588115
2023-11-24 10:18:13,729 - INFO - Epoch 30 : Training Loss: 7.4271035194, Validation Loss: 8.0544738770, Training R-squared: 0.4118832946, Validation R-squared: 0.3112857342
2023-11-24 10:18:26,981 - INFO - Epoch 31 : Training Loss: 7.4052991867, Validation Loss: 8.0834026337, Training R-squared: 0.4130613804, Validation R-squared: 0.3059878349
2023-11-24 10:18:40,085 - INFO - Epoch 32 : Training Loss: 7.3845539093, Validation Loss: 8.0672159195, Training R-squared: 0.4178580940, Validation R-squared: 0.3086353242
2023-11-24 10:18:53,117 - INFO - Epoch 33 : Training Loss: 7.3649206161, Validation Loss: 8.0246229172, Training R-squared: 0.4215528369, Validation R-squared: 0.3168285489
2023-11-24 10:19:06,393 - INFO - Epoch 34 : Training Loss: 7.3438239098, Validation Loss: 8.0441570282, Training R-squared: 0.4227464497, Validation R-squared: 0.3131846488
2023-11-24 10:19:19,604 - INFO - Epoch 35 : Training Loss: 7.3253245354, Validation Loss: 8.0380039215, Training R-squared: 0.4262969196, Validation R-squared: 0.3138509691
2023-11-24 10:19:32,414 - INFO - Epoch 36 : Training Loss: 7.3071947098, Validation Loss: 8.0728015900, Training R-squared: 0.4293047488, Validation R-squared: 0.3074472547
2023-11-24 10:19:45,270 - INFO - Epoch 37 : Training Loss: 7.2882494926, Validation Loss: 8.0619192123, Training R-squared: 0.4306502640, Validation R-squared: 0.3091581464
2023-11-24 10:19:59,232 - INFO - Epoch 38 : Training Loss: 7.2674326897, Validation Loss: 8.0672864914, Training R-squared: 0.4346555173, Validation R-squared: 0.3083529174
2023-11-24 10:20:15,671 - INFO - Model saved to models/portion_model/dinner/512_512_200_64/sparsity_50_fold_3_model.keras
2023-11-24 10:20:19,265 - INFO - Avg Metrics: RMSE: 6.6584823605, R-squared: -0.0639669017, PCC: 0.4817433315
2023-11-24 10:20:19,266 - INFO - Agg Metrics: RMSE: 8.1178000721, R-squared: 0.3173180385, PCC: 0.5654943995
2023-11-24 10:20:26,112 - INFO - ================================================================== Fold 4 ===================================================================
2023-11-24 10:20:46,647 - INFO - Epoch 1  : Training Loss: 9.6013164520, Validation Loss: 9.2716045380, Training R-squared: 0.0344874300, Validation R-squared: 0.0483081341
2023-11-24 10:21:01,024 - INFO - Epoch 2  : Training Loss: 9.3101625443, Validation Loss: 9.0014400482, Training R-squared: 0.0897303373, Validation R-squared: 0.1035293862
2023-11-24 10:21:14,211 - INFO - Epoch 3  : Training Loss: 9.0481281281, Validation Loss: 8.5086078644, Training R-squared: 0.1416155547, Validation R-squared: 0.1997671425
2023-11-24 10:21:27,718 - INFO - Epoch 4  : Training Loss: 8.6265039444, Validation Loss: 8.4287319183, Training R-squared: 0.2197583020, Validation R-squared: 0.2147432268
2023-11-24 10:21:40,906 - INFO - Epoch 5  : Training Loss: 8.5652961731, Validation Loss: 8.3939800262, Training R-squared: 0.2304516286, Validation R-squared: 0.2212409675
2023-11-24 10:21:54,148 - INFO - Epoch 6  : Training Loss: 8.4994754791, Validation Loss: 8.3525285721, Training R-squared: 0.2436225116, Validation R-squared: 0.2288263142
2023-11-24 10:22:07,328 - INFO - Epoch 7  : Training Loss: 8.4428043365, Validation Loss: 8.3151855469, Training R-squared: 0.2526534200, Validation R-squared: 0.2357363254
2023-11-24 10:22:20,591 - INFO - Epoch 8  : Training Loss: 8.3762378693, Validation Loss: 8.2665138245, Training R-squared: 0.2650901675, Validation R-squared: 0.2443093210
2023-11-24 10:22:33,681 - INFO - Epoch 9  : Training Loss: 8.2870616913, Validation Loss: 8.1952085495, Training R-squared: 0.2805304229, Validation R-squared: 0.2569935620
2023-11-24 10:22:46,986 - INFO - Epoch 10 : Training Loss: 8.2079629898, Validation Loss: 8.1705522537, Training R-squared: 0.2932783961, Validation R-squared: 0.2609196007
2023-11-24 10:23:00,210 - INFO - Epoch 11 : Training Loss: 8.1637372971, Validation Loss: 8.1520862579, Training R-squared: 0.3001959324, Validation R-squared: 0.2643080056
2023-11-24 10:23:13,308 - INFO - Epoch 12 : Training Loss: 8.1079511642, Validation Loss: 8.1443319321, Training R-squared: 0.3104194999, Validation R-squared: 0.2651602030
2023-11-24 10:23:27,073 - INFO - Epoch 13 : Training Loss: 8.0581502914, Validation Loss: 8.1062507629, Training R-squared: 0.3174010813, Validation R-squared: 0.2722765505
2023-11-24 10:23:39,773 - INFO - Epoch 14 : Training Loss: 8.0037355423, Validation Loss: 8.0872535706, Training R-squared: 0.3265897930, Validation R-squared: 0.2757231593
2023-11-24 10:23:54,096 - INFO - Epoch 15 : Training Loss: 7.9531283379, Validation Loss: 8.0640096664, Training R-squared: 0.3343216777, Validation R-squared: 0.2797384858
2023-11-24 10:24:07,789 - INFO - Epoch 16 : Training Loss: 7.9097957611, Validation Loss: 8.0475587845, Training R-squared: 0.3425944746, Validation R-squared: 0.2822205722
2023-11-24 10:24:21,532 - INFO - Epoch 17 : Training Loss: 7.8588414192, Validation Loss: 8.0293521881, Training R-squared: 0.3508117795, Validation R-squared: 0.2851296067
2023-11-24 10:24:34,369 - INFO - Epoch 18 : Training Loss: 7.8048830032, Validation Loss: 8.0164613724, Training R-squared: 0.3587763906, Validation R-squared: 0.2869871557
2023-11-24 10:24:47,615 - INFO - Epoch 19 : Training Loss: 7.7509713173, Validation Loss: 8.0020112991, Training R-squared: 0.3655594885, Validation R-squared: 0.2895605564
2023-11-24 10:25:00,769 - INFO - Epoch 20 : Training Loss: 7.7151780128, Validation Loss: 7.9983482361, Training R-squared: 0.3721974790, Validation R-squared: 0.2899309397
2023-11-24 10:25:13,830 - INFO - Epoch 21 : Training Loss: 7.6858496666, Validation Loss: 7.9844346046, Training R-squared: 0.3775795698, Validation R-squared: 0.2922327816
2023-11-24 10:25:27,639 - INFO - Epoch 22 : Training Loss: 7.6543574333, Validation Loss: 7.9902729988, Training R-squared: 0.3812476695, Validation R-squared: 0.2911118269
2023-11-24 10:25:40,535 - INFO - Epoch 23 : Training Loss: 7.6191306114, Validation Loss: 7.9813394547, Training R-squared: 0.3872714341, Validation R-squared: 0.2927790880
2023-11-24 10:25:53,554 - INFO - Epoch 24 : Training Loss: 7.5955076218, Validation Loss: 7.9888963699, Training R-squared: 0.3921399117, Validation R-squared: 0.2911113501
2023-11-24 10:26:07,046 - INFO - Epoch 25 : Training Loss: 7.5638737679, Validation Loss: 7.9472727776, Training R-squared: 0.3958145082, Validation R-squared: 0.2987648249
2023-11-24 10:26:20,147 - INFO - Epoch 26 : Training Loss: 7.5409374237, Validation Loss: 7.9787387848, Training R-squared: 0.3998021185, Validation R-squared: 0.2926538587
2023-11-24 10:26:33,349 - INFO - Epoch 27 : Training Loss: 7.5048995018, Validation Loss: 8.0040445328, Training R-squared: 0.4052490294, Validation R-squared: 0.2877823710
2023-11-24 10:26:46,174 - INFO - Epoch 28 : Training Loss: 7.4787592888, Validation Loss: 7.9661259651, Training R-squared: 0.4097051024, Validation R-squared: 0.2946313620
2023-11-24 10:26:59,192 - INFO - Epoch 29 : Training Loss: 7.4569678307, Validation Loss: 7.9507441521, Training R-squared: 0.4133389890, Validation R-squared: 0.2976543903
2023-11-24 10:27:12,415 - INFO - Epoch 30 : Training Loss: 7.4260544777, Validation Loss: 7.9604229927, Training R-squared: 0.4173827469, Validation R-squared: 0.2959005833
2023-11-24 10:27:28,862 - INFO - Model saved to models/portion_model/dinner/512_512_200_64/sparsity_50_fold_4_model.keras
2023-11-24 10:27:34,934 - INFO - Avg Metrics: RMSE: 6.6755074330, R-squared: -0.0977504929, PCC: 0.4485396168
2023-11-24 10:27:34,934 - INFO - Agg Metrics: RMSE: 8.0129368210, R-squared: 0.2999752967, PCC: 0.5498873475
2023-11-24 10:27:41,097 - INFO - ================================================================== Fold 5 ===================================================================
2023-11-24 10:28:00,480 - INFO - Epoch 1  : Training Loss: 9.5602092743, Validation Loss: 9.4406099319, Training R-squared: 0.0330594815, Validation R-squared: 0.0498716868
2023-11-24 10:28:13,672 - INFO - Epoch 2  : Training Loss: 9.2873268127, Validation Loss: 9.1415872574, Training R-squared: 0.0860247239, Validation R-squared: 0.1091427281
2023-11-24 10:28:27,321 - INFO - Epoch 3  : Training Loss: 9.0303153992, Validation Loss: 8.5999317169, Training R-squared: 0.1362211257, Validation R-squared: 0.2114616036
2023-11-24 10:28:40,317 - INFO - Epoch 4  : Training Loss: 8.6098775864, Validation Loss: 8.5224113464, Training R-squared: 0.2152343690, Validation R-squared: 0.2253281027
2023-11-24 10:28:53,550 - INFO - Epoch 5  : Training Loss: 8.5500535965, Validation Loss: 8.4831552505, Training R-squared: 0.2271071821, Validation R-squared: 0.2327749282
2023-11-24 10:29:06,687 - INFO - Epoch 6  : Training Loss: 8.4834213257, Validation Loss: 8.4441928864, Training R-squared: 0.2398194820, Validation R-squared: 0.2397731394
2023-11-24 10:29:19,897 - INFO - Epoch 7  : Training Loss: 8.4130487442, Validation Loss: 8.3960571289, Training R-squared: 0.2500176132, Validation R-squared: 0.2481394261
2023-11-24 10:29:33,080 - INFO - Epoch 8  : Training Loss: 8.3399686813, Validation Loss: 8.3174695969, Training R-squared: 0.2635422945, Validation R-squared: 0.2617366016
2023-11-24 10:29:46,112 - INFO - Epoch 9  : Training Loss: 8.2281980515, Validation Loss: 8.2494592667, Training R-squared: 0.2826173902, Validation R-squared: 0.2737003565
2023-11-24 10:29:59,291 - INFO - Epoch 10 : Training Loss: 8.1650772095, Validation Loss: 8.2057685852, Training R-squared: 0.2944420278, Validation R-squared: 0.2804132402
2023-11-24 10:30:12,922 - INFO - Epoch 11 : Training Loss: 8.1199407578, Validation Loss: 8.1828994751, Training R-squared: 0.3012131155, Validation R-squared: 0.2845810354
2023-11-24 10:30:27,094 - INFO - Epoch 12 : Training Loss: 8.0699710846, Validation Loss: 8.1596527100, Training R-squared: 0.3099227548, Validation R-squared: 0.2887559831
2023-11-24 10:30:40,703 - INFO - Epoch 13 : Training Loss: 8.0276432037, Validation Loss: 8.1352548599, Training R-squared: 0.3162029684, Validation R-squared: 0.2930942476
2023-11-24 10:30:53,867 - INFO - Epoch 14 : Training Loss: 7.9929957390, Validation Loss: 8.1055498123, Training R-squared: 0.3212320805, Validation R-squared: 0.2979355454
2023-11-24 10:31:07,324 - INFO - Epoch 15 : Training Loss: 7.9421949387, Validation Loss: 8.0927619934, Training R-squared: 0.3303525150, Validation R-squared: 0.2998856008
2023-11-24 10:31:20,951 - INFO - Epoch 16 : Training Loss: 7.9021387100, Validation Loss: 8.0577621460, Training R-squared: 0.3368266821, Validation R-squared: 0.3060451448
2023-11-24 10:31:34,291 - INFO - Epoch 17 : Training Loss: 7.8591680527, Validation Loss: 8.0407361984, Training R-squared: 0.3459686935, Validation R-squared: 0.3084413409
2023-11-24 10:31:47,592 - INFO - Epoch 18 : Training Loss: 7.8183016777, Validation Loss: 8.0187120438, Training R-squared: 0.3509190977, Validation R-squared: 0.3117781878
2023-11-24 10:32:00,735 - INFO - Epoch 19 : Training Loss: 7.7725358009, Validation Loss: 7.9751644135, Training R-squared: 0.3580594659, Validation R-squared: 0.3194650114
2023-11-24 10:32:14,133 - INFO - Epoch 20 : Training Loss: 7.7294254303, Validation Loss: 7.9918203354, Training R-squared: 0.3652455509, Validation R-squared: 0.3157887757
2023-11-24 10:32:27,577 - INFO - Epoch 21 : Training Loss: 7.6935319901, Validation Loss: 7.9575500488, Training R-squared: 0.3700616658, Validation R-squared: 0.3219374120
2023-11-24 10:32:40,825 - INFO - Epoch 22 : Training Loss: 7.6669573784, Validation Loss: 7.9451446533, Training R-squared: 0.3750999868, Validation R-squared: 0.3239096701
2023-11-24 10:32:53,626 - INFO - Epoch 23 : Training Loss: 7.6205458641, Validation Loss: 7.9397068024, Training R-squared: 0.3796829879, Validation R-squared: 0.3246354461
2023-11-24 10:33:06,616 - INFO - Epoch 24 : Training Loss: 7.6006546021, Validation Loss: 7.9371309280, Training R-squared: 0.3857553899, Validation R-squared: 0.3247036934
2023-11-24 10:33:20,152 - INFO - Epoch 25 : Training Loss: 7.5678076744, Validation Loss: 7.9157114029, Training R-squared: 0.3908622861, Validation R-squared: 0.3285117745
2023-11-24 10:33:33,179 - INFO - Epoch 26 : Training Loss: 7.5362515450, Validation Loss: 7.8990473747, Training R-squared: 0.3954448700, Validation R-squared: 0.3312424123
2023-11-24 10:33:46,571 - INFO - Epoch 27 : Training Loss: 7.5063319206, Validation Loss: 7.9010739326, Training R-squared: 0.3991038799, Validation R-squared: 0.3312943876
2023-11-24 10:34:00,342 - INFO - Epoch 28 : Training Loss: 7.4809846878, Validation Loss: 7.8783216476, Training R-squared: 0.4049608707, Validation R-squared: 0.3352444470
2023-11-24 10:34:13,597 - INFO - Epoch 29 : Training Loss: 7.4511909485, Validation Loss: 7.9092044830, Training R-squared: 0.4079621136, Validation R-squared: 0.3294703066
2023-11-24 10:34:26,960 - INFO - Epoch 30 : Training Loss: 7.4255232811, Validation Loss: 7.8986792564, Training R-squared: 0.4124305546, Validation R-squared: 0.3313291073
2023-11-24 10:34:39,948 - INFO - Epoch 31 : Training Loss: 7.4042720795, Validation Loss: 7.8651881218, Training R-squared: 0.4158152342, Validation R-squared: 0.3373079002
2023-11-24 10:34:53,162 - INFO - Epoch 32 : Training Loss: 7.3714151382, Validation Loss: 7.8674454689, Training R-squared: 0.4206002355, Validation R-squared: 0.3367858827
2023-11-24 10:35:06,103 - INFO - Epoch 33 : Training Loss: 7.3536911011, Validation Loss: 7.9180598259, Training R-squared: 0.4232622683, Validation R-squared: 0.3276740313
2023-11-24 10:35:19,171 - INFO - Epoch 34 : Training Loss: 7.3350887299, Validation Loss: 7.8604102135, Training R-squared: 0.4268824756, Validation R-squared: 0.3381675482
2023-11-24 10:35:32,332 - INFO - Epoch 35 : Training Loss: 7.3017849922, Validation Loss: 7.9031705856, Training R-squared: 0.4291456640, Validation R-squared: 0.3304702640
2023-11-24 10:35:45,136 - INFO - Epoch 36 : Training Loss: 7.2936058044, Validation Loss: 7.9236617088, Training R-squared: 0.4324549735, Validation R-squared: 0.3266920149
2023-11-24 10:35:58,181 - INFO - Epoch 37 : Training Loss: 7.2718515396, Validation Loss: 7.8692808151, Training R-squared: 0.4364936054, Validation R-squared: 0.3365274370
2023-11-24 10:36:11,545 - INFO - Epoch 38 : Training Loss: 7.2613415718, Validation Loss: 7.9214177132, Training R-squared: 0.4350285530, Validation R-squared: 0.3269214928
2023-11-24 10:36:24,791 - INFO - Epoch 39 : Training Loss: 7.2384924889, Validation Loss: 7.9114828110, Training R-squared: 0.4405850172, Validation R-squared: 0.3287164569
2023-11-24 10:36:41,334 - INFO - Model saved to models/portion_model/dinner/512_512_200_64/sparsity_50_fold_5_model.keras
2023-11-24 10:36:46,697 - INFO - Avg Metrics: RMSE: 6.5953315052, R-squared: -0.5066543739, PCC: 0.4942771765
2023-11-24 10:36:46,697 - INFO - Agg Metrics: RMSE: 7.9243228709, R-squared: 0.3407368043, PCC: 0.5861671180
2023-11-24 10:37:01,681 - INFO - ================================================================== Results Summary ===================================================================
2023-11-24 10:37:01,681 - INFO - CrossVal Metrics (Avg.) - RMSE: 6.6533693931 ± 0.0462281897, R2: -0.2286215719 ± 0.0462281897, PCC: 0.4873168301 ± 0.0462281897
2023-11-24 10:37:01,681 - INFO - Testing  Metrics (Avg.) - RMSE: 6.8062730412, R2: -0.0801725873, PCC: 0.5155095866
2023-11-24 10:37:01,682 - INFO - CrossVal Metrics (Agg.) - RMSE: 8.0736532844 ± 0.0462281897, R2: 0.3206141801 ± 0.0462281897, PCC: 0.5692672223 ± 0.0462281897
2023-11-24 10:37:01,682 - INFO - Testing  Metrics (Agg.) - RMSE: 8.6317562729, R2: 0.3122235140, PCC: 0.5632574921
