2023-11-24 06:17:03,485 - INFO - Training model at 30% sparse columns removed...
2023-11-24 06:17:11,825 - INFO - ================================================================== Fold 1 ===================================================================
2023-11-24 06:17:39,759 - INFO - Epoch 1  : Training Loss: 8.1432695389, Validation Loss: 7.9593305588, Training R-squared: 0.0354843289, Validation R-squared: 0.0560652651
2023-11-24 06:17:58,808 - INFO - Epoch 2  : Training Loss: 7.8933801651, Validation Loss: 7.7526230812, Training R-squared: 0.0948555470, Validation R-squared: 0.1047543734
2023-11-24 06:18:18,385 - INFO - Epoch 3  : Training Loss: 7.5693645477, Validation Loss: 7.3365592957, Training R-squared: 0.1673323959, Validation R-squared: 0.1987267733
2023-11-24 06:18:36,986 - INFO - Epoch 4  : Training Loss: 7.3217101097, Validation Loss: 7.2915172577, Training R-squared: 0.2207750678, Validation R-squared: 0.2085574418
2023-11-24 06:18:55,746 - INFO - Epoch 5  : Training Loss: 7.2786574364, Validation Loss: 7.2712569237, Training R-squared: 0.2312745452, Validation R-squared: 0.2130755335
2023-11-24 06:19:14,691 - INFO - Epoch 6  : Training Loss: 7.2167692184, Validation Loss: 7.2300305367, Training R-squared: 0.2427370101, Validation R-squared: 0.2218689173
2023-11-24 06:19:33,701 - INFO - Epoch 7  : Training Loss: 7.1554670334, Validation Loss: 7.1951184273, Training R-squared: 0.2558656335, Validation R-squared: 0.2289541364
2023-11-24 06:19:52,694 - INFO - Epoch 8  : Training Loss: 7.0942296982, Validation Loss: 7.1405577660, Training R-squared: 0.2685830593, Validation R-squared: 0.2407165915
2023-11-24 06:20:11,735 - INFO - Epoch 9  : Training Loss: 7.0215282440, Validation Loss: 7.0964698792, Training R-squared: 0.2833575904, Validation R-squared: 0.2495130897
2023-11-24 06:20:30,802 - INFO - Epoch 10 : Training Loss: 6.9649925232, Validation Loss: 7.0875163078, Training R-squared: 0.2928487957, Validation R-squared: 0.2510065436
2023-11-24 06:20:49,496 - INFO - Epoch 11 : Training Loss: 6.9327263832, Validation Loss: 7.0584535599, Training R-squared: 0.2990438938, Validation R-squared: 0.2575080991
2023-11-24 06:21:08,596 - INFO - Epoch 12 : Training Loss: 6.8925404549, Validation Loss: 7.0483899117, Training R-squared: 0.3070181310, Validation R-squared: 0.2595146596
2023-11-24 06:21:28,135 - INFO - Epoch 13 : Training Loss: 6.8603763580, Validation Loss: 7.0338306427, Training R-squared: 0.3146533370, Validation R-squared: 0.2624863982
2023-11-24 06:21:46,891 - INFO - Epoch 14 : Training Loss: 6.8252506256, Validation Loss: 7.0042495728, Training R-squared: 0.3223514259, Validation R-squared: 0.2685659230
2023-11-24 06:22:05,857 - INFO - Epoch 15 : Training Loss: 6.7763929367, Validation Loss: 6.9811615944, Training R-squared: 0.3303950131, Validation R-squared: 0.2732880712
2023-11-24 06:22:25,051 - INFO - Epoch 16 : Training Loss: 6.7411217690, Validation Loss: 6.9890203476, Training R-squared: 0.3371208310, Validation R-squared: 0.2710207701
2023-11-24 06:22:43,884 - INFO - Epoch 17 : Training Loss: 6.7050600052, Validation Loss: 6.9565291405, Training R-squared: 0.3435874879, Validation R-squared: 0.2774193287
2023-11-24 06:23:02,847 - INFO - Epoch 18 : Training Loss: 6.6645145416, Validation Loss: 6.9402179718, Training R-squared: 0.3512725532, Validation R-squared: 0.2805867791
2023-11-24 06:23:21,772 - INFO - Epoch 19 : Training Loss: 6.6398940086, Validation Loss: 6.9414868355, Training R-squared: 0.3564490080, Validation R-squared: 0.2799511254
2023-11-24 06:23:40,422 - INFO - Epoch 20 : Training Loss: 6.6111831665, Validation Loss: 6.9502005577, Training R-squared: 0.3606651127, Validation R-squared: 0.2779020965
2023-11-24 06:24:01,069 - INFO - Epoch 21 : Training Loss: 6.5854482651, Validation Loss: 6.9497723579, Training R-squared: 0.3649097085, Validation R-squared: 0.2777806222
2023-11-24 06:24:20,199 - INFO - Epoch 22 : Training Loss: 6.5621013641, Validation Loss: 6.9145469666, Training R-squared: 0.3690952957, Validation R-squared: 0.2854934335
2023-11-24 06:24:38,973 - INFO - Epoch 23 : Training Loss: 6.5362644196, Validation Loss: 6.9463257790, Training R-squared: 0.3748364151, Validation R-squared: 0.2781407237
2023-11-24 06:24:57,697 - INFO - Epoch 24 : Training Loss: 6.5201158524, Validation Loss: 6.8769388199, Training R-squared: 0.3771661818, Validation R-squared: 0.2932480276
2023-11-24 06:25:16,947 - INFO - Epoch 25 : Training Loss: 6.4952917099, Validation Loss: 6.8775506020, Training R-squared: 0.3839916885, Validation R-squared: 0.2928461134
2023-11-24 06:25:36,287 - INFO - Epoch 26 : Training Loss: 6.4720783234, Validation Loss: 6.8945841789, Training R-squared: 0.3864879906, Validation R-squared: 0.2889825702
2023-11-24 06:25:55,162 - INFO - Epoch 27 : Training Loss: 6.4437427521, Validation Loss: 6.9147667885, Training R-squared: 0.3925125003, Validation R-squared: 0.2846547663
2023-11-24 06:26:14,276 - INFO - Epoch 28 : Training Loss: 6.4246120453, Validation Loss: 6.8969850540, Training R-squared: 0.3954486251, Validation R-squared: 0.2886350155
2023-11-24 06:26:33,457 - INFO - Epoch 29 : Training Loss: 6.3980488777, Validation Loss: 6.8599772453, Training R-squared: 0.3991781771, Validation R-squared: 0.2964147329
2023-11-24 06:26:52,186 - INFO - Epoch 30 : Training Loss: 6.3804712296, Validation Loss: 6.8526773453, Training R-squared: 0.4032629132, Validation R-squared: 0.2975326478
2023-11-24 06:27:11,071 - INFO - Epoch 31 : Training Loss: 6.3569054604, Validation Loss: 6.8545279503, Training R-squared: 0.4073497951, Validation R-squared: 0.2971819639
2023-11-24 06:27:30,181 - INFO - Epoch 32 : Training Loss: 6.3416252136, Validation Loss: 6.8883910179, Training R-squared: 0.4101978540, Validation R-squared: 0.2898228168
2023-11-24 06:27:49,117 - INFO - Epoch 33 : Training Loss: 6.3210949898, Validation Loss: 6.8771114349, Training R-squared: 0.4144958556, Validation R-squared: 0.2917896509
2023-11-24 06:28:08,251 - INFO - Epoch 34 : Training Loss: 6.2941470146, Validation Loss: 6.8295311928, Training R-squared: 0.4187488258, Validation R-squared: 0.3020742536
2023-11-24 06:28:27,356 - INFO - Epoch 35 : Training Loss: 6.2795529366, Validation Loss: 6.8345203400, Training R-squared: 0.4219428301, Validation R-squared: 0.3008504510
2023-11-24 06:28:46,020 - INFO - Epoch 36 : Training Loss: 6.2593407631, Validation Loss: 6.8541264534, Training R-squared: 0.4234869778, Validation R-squared: 0.2966198921
2023-11-24 06:29:04,833 - INFO - Epoch 37 : Training Loss: 6.2414636612, Validation Loss: 6.8508081436, Training R-squared: 0.4279241264, Validation R-squared: 0.2973537147
2023-11-24 06:29:24,241 - INFO - Epoch 38 : Training Loss: 6.2259516716, Validation Loss: 6.8543071747, Training R-squared: 0.4315259755, Validation R-squared: 0.2965713739
2023-11-24 06:29:42,934 - INFO - Epoch 39 : Training Loss: 6.2182588577, Validation Loss: 6.8334832191, Training R-squared: 0.4334428310, Validation R-squared: 0.3008820713
2023-11-24 06:30:02,939 - INFO - Model saved to models/portion_model/dinner/512_512_200_64/sparsity_30_fold_1_model.keras
2023-11-24 06:30:07,596 - INFO - Avg Metrics: RMSE: 5.6886047423, R-squared: 0.0001901625, PCC: 0.4740196168
2023-11-24 06:30:07,596 - INFO - Agg Metrics: RMSE: 6.8835161410, R-squared: 0.3026604756, PCC: 0.5541924843
2023-11-24 06:30:13,901 - INFO - ================================================================== Fold 2 ===================================================================
2023-11-24 06:30:47,369 - INFO - Epoch 1  : Training Loss: 8.1354322433, Validation Loss: 7.9873929024, Training R-squared: 0.0354261138, Validation R-squared: 0.0592775568
2023-11-24 06:31:10,237 - INFO - Epoch 2  : Training Loss: 7.8835806847, Validation Loss: 7.7805037498, Training R-squared: 0.0941058472, Validation R-squared: 0.1076359302
2023-11-24 06:31:31,368 - INFO - Epoch 3  : Training Loss: 7.6677451134, Validation Loss: 7.3220353127, Training R-squared: 0.1439457089, Validation R-squared: 0.2104104161
2023-11-24 06:31:52,626 - INFO - Epoch 4  : Training Loss: 7.3274044991, Validation Loss: 7.2708916664, Training R-squared: 0.2180218846, Validation R-squared: 0.2212425470
2023-11-24 06:32:13,125 - INFO - Epoch 5  : Training Loss: 7.2640061378, Validation Loss: 7.2361698151, Training R-squared: 0.2305819094, Validation R-squared: 0.2285422087
2023-11-24 06:32:33,925 - INFO - Epoch 6  : Training Loss: 7.2065000534, Validation Loss: 7.1993374825, Training R-squared: 0.2447214127, Validation R-squared: 0.2360216528
2023-11-24 06:32:54,384 - INFO - Epoch 7  : Training Loss: 7.1270918846, Validation Loss: 7.1394810677, Training R-squared: 0.2595498860, Validation R-squared: 0.2482683957
2023-11-24 06:33:14,911 - INFO - Epoch 8  : Training Loss: 7.0475707054, Validation Loss: 7.0821022987, Training R-squared: 0.2766593397, Validation R-squared: 0.2590308785
2023-11-24 06:33:35,747 - INFO - Epoch 9  : Training Loss: 6.9878854752, Validation Loss: 7.0573668480, Training R-squared: 0.2891387343, Validation R-squared: 0.2639011443
2023-11-24 06:33:57,476 - INFO - Epoch 10 : Training Loss: 6.9466533661, Validation Loss: 7.0388927460, Training R-squared: 0.2951854169, Validation R-squared: 0.2676831186
2023-11-24 06:34:18,490 - INFO - Epoch 11 : Training Loss: 6.9144325256, Validation Loss: 7.0283555984, Training R-squared: 0.3030221760, Validation R-squared: 0.2696145773
2023-11-24 06:34:38,830 - INFO - Epoch 12 : Training Loss: 6.8732080460, Validation Loss: 7.0228824615, Training R-squared: 0.3109355569, Validation R-squared: 0.2705838978
2023-11-24 06:34:59,369 - INFO - Epoch 13 : Training Loss: 6.8306627274, Validation Loss: 7.0120725632, Training R-squared: 0.3184632063, Validation R-squared: 0.2726776302
2023-11-24 06:35:20,015 - INFO - Epoch 14 : Training Loss: 6.7791624069, Validation Loss: 6.9684982300, Training R-squared: 0.3278202713, Validation R-squared: 0.2818341851
2023-11-24 06:35:40,459 - INFO - Epoch 15 : Training Loss: 6.7417454720, Validation Loss: 6.9540224075, Training R-squared: 0.3357507288, Validation R-squared: 0.2845884562
2023-11-24 06:36:00,998 - INFO - Epoch 16 : Training Loss: 6.6899714470, Validation Loss: 6.9349193573, Training R-squared: 0.3450804055, Validation R-squared: 0.2884656787
2023-11-24 06:36:22,464 - INFO - Epoch 17 : Training Loss: 6.6530361176, Validation Loss: 6.9256529808, Training R-squared: 0.3522011638, Validation R-squared: 0.2898221016
2023-11-24 06:36:42,714 - INFO - Epoch 18 : Training Loss: 6.6235079765, Validation Loss: 6.9146800041, Training R-squared: 0.3583067656, Validation R-squared: 0.2920962572
2023-11-24 06:37:03,111 - INFO - Epoch 19 : Training Loss: 6.5885028839, Validation Loss: 6.8753943443, Training R-squared: 0.3635330796, Validation R-squared: 0.3002928793
2023-11-24 06:37:24,498 - INFO - Epoch 20 : Training Loss: 6.5613341331, Validation Loss: 6.8819632530, Training R-squared: 0.3687096238, Validation R-squared: 0.2989922166
2023-11-24 06:37:45,163 - INFO - Epoch 21 : Training Loss: 6.5420889854, Validation Loss: 6.8811864853, Training R-squared: 0.3725188971, Validation R-squared: 0.2983995378
2023-11-24 06:38:05,905 - INFO - Epoch 22 : Training Loss: 6.5200204849, Validation Loss: 6.8900074959, Training R-squared: 0.3772058785, Validation R-squared: 0.2971029580
2023-11-24 06:38:26,570 - INFO - Epoch 23 : Training Loss: 6.4995365143, Validation Loss: 6.8770632744, Training R-squared: 0.3793439269, Validation R-squared: 0.2993257940
2023-11-24 06:38:46,848 - INFO - Epoch 24 : Training Loss: 6.4722218513, Validation Loss: 6.9203224182, Training R-squared: 0.3830124736, Validation R-squared: 0.2902061641
2023-11-24 06:39:09,635 - INFO - Model saved to models/portion_model/dinner/512_512_200_64/sparsity_30_fold_2_model.keras
2023-11-24 06:39:14,954 - INFO - Avg Metrics: RMSE: 5.7835248738, R-squared: 0.0191436620, PCC: 0.4274881945
2023-11-24 06:39:14,954 - INFO - Agg Metrics: RMSE: 6.9250234517, R-squared: 0.3018134806, PCC: 0.5494043334
2023-11-24 06:39:22,276 - INFO - ================================================================== Fold 3 ===================================================================
2023-11-24 06:39:53,418 - INFO - Epoch 1  : Training Loss: 8.0727882385, Validation Loss: 8.1949396133, Training R-squared: 0.0363499075, Validation R-squared: 0.0578547344
2023-11-24 06:40:13,913 - INFO - Epoch 2  : Training Loss: 7.8358016014, Validation Loss: 7.9951982498, Training R-squared: 0.0936633497, Validation R-squared: 0.1039099395
2023-11-24 06:40:35,073 - INFO - Epoch 3  : Training Loss: 7.6460170746, Validation Loss: 7.5977258682, Training R-squared: 0.1365192086, Validation R-squared: 0.1928199828
2023-11-24 06:40:55,409 - INFO - Epoch 4  : Training Loss: 7.2867655754, Validation Loss: 7.5187225342, Training R-squared: 0.2166647017, Validation R-squared: 0.2096433043
2023-11-24 06:41:15,870 - INFO - Epoch 5  : Training Loss: 7.2331018448, Validation Loss: 7.5010695457, Training R-squared: 0.2274188101, Validation R-squared: 0.2133282572
2023-11-24 06:41:36,678 - INFO - Epoch 6  : Training Loss: 7.1792163849, Validation Loss: 7.4605097771, Training R-squared: 0.2386532426, Validation R-squared: 0.2214241922
2023-11-24 06:41:57,249 - INFO - Epoch 7  : Training Loss: 7.1056013107, Validation Loss: 7.3949322701, Training R-squared: 0.2544050813, Validation R-squared: 0.2350920886
2023-11-24 06:42:18,236 - INFO - Epoch 8  : Training Loss: 7.0222125053, Validation Loss: 7.3229036331, Training R-squared: 0.2720820010, Validation R-squared: 0.2490394413
2023-11-24 06:42:38,709 - INFO - Epoch 9  : Training Loss: 6.9481048584, Validation Loss: 7.2938814163, Training R-squared: 0.2858775258, Validation R-squared: 0.2541794181
2023-11-24 06:42:59,001 - INFO - Epoch 10 : Training Loss: 6.9014558792, Validation Loss: 7.2756714821, Training R-squared: 0.2947401404, Validation R-squared: 0.2575029731
2023-11-24 06:43:19,947 - INFO - Epoch 11 : Training Loss: 6.8629589081, Validation Loss: 7.2555665970, Training R-squared: 0.3037302792, Validation R-squared: 0.2619113922
2023-11-24 06:43:40,415 - INFO - Epoch 12 : Training Loss: 6.8158111572, Validation Loss: 7.2403001785, Training R-squared: 0.3119724691, Validation R-squared: 0.2646726966
2023-11-24 06:44:02,138 - INFO - Epoch 13 : Training Loss: 6.7671160698, Validation Loss: 7.2116775513, Training R-squared: 0.3209158778, Validation R-squared: 0.2704443634
2023-11-24 06:44:23,419 - INFO - Epoch 14 : Training Loss: 6.7274580002, Validation Loss: 7.1998267174, Training R-squared: 0.3290070891, Validation R-squared: 0.2724117339
2023-11-24 06:44:43,876 - INFO - Epoch 15 : Training Loss: 6.6839938164, Validation Loss: 7.1910424232, Training R-squared: 0.3375916779, Validation R-squared: 0.2740989923
2023-11-24 06:45:04,427 - INFO - Epoch 16 : Training Loss: 6.6467380524, Validation Loss: 7.1855006218, Training R-squared: 0.3433378935, Validation R-squared: 0.2747635841
2023-11-24 06:45:25,544 - INFO - Epoch 17 : Training Loss: 6.6136846542, Validation Loss: 7.1607885361, Training R-squared: 0.3496370614, Validation R-squared: 0.2801062167
2023-11-24 06:45:46,412 - INFO - Epoch 18 : Training Loss: 6.5753397942, Validation Loss: 7.1566352844, Training R-squared: 0.3574548364, Validation R-squared: 0.2809119821
2023-11-24 06:46:06,988 - INFO - Epoch 19 : Training Loss: 6.5408940315, Validation Loss: 7.1687812805, Training R-squared: 0.3633276522, Validation R-squared: 0.2779541910
2023-11-24 06:46:28,547 - INFO - Epoch 20 : Training Loss: 6.5054907799, Validation Loss: 7.1263737679, Training R-squared: 0.3702296317, Validation R-squared: 0.2872146666
2023-11-24 06:46:51,755 - INFO - Epoch 21 : Training Loss: 6.4741978645, Validation Loss: 7.1351222992, Training R-squared: 0.3760608733, Validation R-squared: 0.2851665318
2023-11-24 06:47:12,607 - INFO - Epoch 22 : Training Loss: 6.4479146004, Validation Loss: 7.1214275360, Training R-squared: 0.3831329644, Validation R-squared: 0.2874572277
2023-11-24 06:47:34,519 - INFO - Epoch 23 : Training Loss: 6.4185314178, Validation Loss: 7.0992898941, Training R-squared: 0.3859589696, Validation R-squared: 0.2923311293
2023-11-24 06:47:55,306 - INFO - Epoch 24 : Training Loss: 6.3933210373, Validation Loss: 7.1604285240, Training R-squared: 0.3915570676, Validation R-squared: 0.2789561152
2023-11-24 06:48:15,984 - INFO - Epoch 25 : Training Loss: 6.3672685623, Validation Loss: 7.1223006248, Training R-squared: 0.3967392445, Validation R-squared: 0.2871212959
2023-11-24 06:48:36,512 - INFO - Epoch 26 : Training Loss: 6.3424534798, Validation Loss: 7.1160502434, Training R-squared: 0.4011643827, Validation R-squared: 0.2879008055
2023-11-24 06:48:57,077 - INFO - Epoch 27 : Training Loss: 6.3198695183, Validation Loss: 7.1021924019, Training R-squared: 0.4040231407, Validation R-squared: 0.2909611166
2023-11-24 06:49:17,677 - INFO - Epoch 28 : Training Loss: 6.2903809547, Validation Loss: 7.1293992996, Training R-squared: 0.4107841253, Validation R-squared: 0.2849252522
2023-11-24 06:49:41,203 - INFO - Model saved to models/portion_model/dinner/512_512_200_64/sparsity_30_fold_3_model.keras
2023-11-24 06:49:47,089 - INFO - Avg Metrics: RMSE: 5.8242642823, R-squared: -0.6110872902, PCC: 0.4439617893
2023-11-24 06:49:47,090 - INFO - Agg Metrics: RMSE: 7.2366621609, R-squared: 0.2862149285, PCC: 0.5359694027
2023-11-24 06:49:53,832 - INFO - ================================================================== Fold 4 ===================================================================
2023-11-24 06:50:24,314 - INFO - Epoch 1  : Training Loss: 8.1197147369, Validation Loss: 8.0604295731, Training R-squared: 0.0353580080, Validation R-squared: 0.0558976457
2023-11-24 06:50:44,812 - INFO - Epoch 2  : Training Loss: 7.8715157509, Validation Loss: 7.8528356552, Training R-squared: 0.0927331299, Validation R-squared: 0.1042720452
2023-11-24 06:51:05,280 - INFO - Epoch 3  : Training Loss: 7.6055183411, Validation Loss: 7.4200782776, Training R-squared: 0.1543765962, Validation R-squared: 0.2013707012
2023-11-24 06:51:26,203 - INFO - Epoch 4  : Training Loss: 7.3102488518, Validation Loss: 7.3820075989, Training R-squared: 0.2177970856, Validation R-squared: 0.2094237506
2023-11-24 06:51:46,781 - INFO - Epoch 5  : Training Loss: 7.2726693153, Validation Loss: 7.3659224510, Training R-squared: 0.2269326299, Validation R-squared: 0.2128257155
2023-11-24 06:52:07,304 - INFO - Epoch 6  : Training Loss: 7.2118568420, Validation Loss: 7.3263163567, Training R-squared: 0.2382542044, Validation R-squared: 0.2216452956
2023-11-24 06:52:27,782 - INFO - Epoch 7  : Training Loss: 7.1605529785, Validation Loss: 7.2971010208, Training R-squared: 0.2497428507, Validation R-squared: 0.2280728519
2023-11-24 06:52:48,504 - INFO - Epoch 8  : Training Loss: 7.1099638939, Validation Loss: 7.2700386047, Training R-squared: 0.2596856356, Validation R-squared: 0.2334268391
2023-11-24 06:53:08,913 - INFO - Epoch 9  : Training Loss: 7.0550990105, Validation Loss: 7.2172970772, Training R-squared: 0.2718127072, Validation R-squared: 0.2444924563
2023-11-24 06:53:29,583 - INFO - Epoch 10 : Training Loss: 6.9767942429, Validation Loss: 7.1742525101, Training R-squared: 0.2871444821, Validation R-squared: 0.2531204820
2023-11-24 06:53:51,508 - INFO - Epoch 11 : Training Loss: 6.9242749214, Validation Loss: 7.1691913605, Training R-squared: 0.2970324159, Validation R-squared: 0.2534227073
2023-11-24 06:54:12,646 - INFO - Epoch 12 : Training Loss: 6.8921833038, Validation Loss: 7.1531744003, Training R-squared: 0.3031897545, Validation R-squared: 0.2571075857
2023-11-24 06:54:33,224 - INFO - Epoch 13 : Training Loss: 6.8576436043, Validation Loss: 7.1485872269, Training R-squared: 0.3081251085, Validation R-squared: 0.2578743398
2023-11-24 06:54:53,722 - INFO - Epoch 14 : Training Loss: 6.8299379349, Validation Loss: 7.1329722404, Training R-squared: 0.3149146736, Validation R-squared: 0.2612179518
2023-11-24 06:55:14,373 - INFO - Epoch 15 : Training Loss: 6.8007698059, Validation Loss: 7.1085801125, Training R-squared: 0.3213215172, Validation R-squared: 0.2661877275
2023-11-24 06:55:35,573 - INFO - Epoch 16 : Training Loss: 6.7641148567, Validation Loss: 7.0964040756, Training R-squared: 0.3284441829, Validation R-squared: 0.2684777081
2023-11-24 06:55:57,127 - INFO - Epoch 17 : Training Loss: 6.7178926468, Validation Loss: 7.0978159904, Training R-squared: 0.3370733261, Validation R-squared: 0.2679438293
2023-11-24 06:56:17,820 - INFO - Epoch 18 : Training Loss: 6.6797041893, Validation Loss: 7.0583014488, Training R-squared: 0.3443390429, Validation R-squared: 0.2761396170
2023-11-24 06:56:38,406 - INFO - Epoch 19 : Training Loss: 6.6449108124, Validation Loss: 7.0384173393, Training R-squared: 0.3520393670, Validation R-squared: 0.2797606289
2023-11-24 06:56:58,932 - INFO - Epoch 20 : Training Loss: 6.6060872078, Validation Loss: 7.0191354752, Training R-squared: 0.3574045897, Validation R-squared: 0.2837860584
2023-11-24 06:57:20,119 - INFO - Epoch 21 : Training Loss: 6.5748677254, Validation Loss: 7.0196256638, Training R-squared: 0.3634015918, Validation R-squared: 0.2832002044
2023-11-24 06:57:40,612 - INFO - Epoch 22 : Training Loss: 6.5478973389, Validation Loss: 7.0073385239, Training R-squared: 0.3694545925, Validation R-squared: 0.2854976654
2023-11-24 06:58:01,517 - INFO - Epoch 23 : Training Loss: 6.5264182091, Validation Loss: 7.0032539368, Training R-squared: 0.3726277947, Validation R-squared: 0.2861601710
2023-11-24 06:58:22,350 - INFO - Epoch 24 : Training Loss: 6.5005788803, Validation Loss: 7.0171370506, Training R-squared: 0.3768338263, Validation R-squared: 0.2829462588
2023-11-24 06:58:42,863 - INFO - Epoch 25 : Training Loss: 6.4779882431, Validation Loss: 7.0099315643, Training R-squared: 0.3816920519, Validation R-squared: 0.2841479182
2023-11-24 06:59:03,348 - INFO - Epoch 26 : Training Loss: 6.4574952126, Validation Loss: 6.9978675842, Training R-squared: 0.3860602975, Validation R-squared: 0.2870338261
2023-11-24 06:59:24,114 - INFO - Epoch 27 : Training Loss: 6.4291801453, Validation Loss: 7.0451602936, Training R-squared: 0.3916718364, Validation R-squared: 0.2765763402
2023-11-24 06:59:44,895 - INFO - Epoch 28 : Training Loss: 6.4023613930, Validation Loss: 6.9926061630, Training R-squared: 0.3947766125, Validation R-squared: 0.2878144085
2023-11-24 07:00:05,681 - INFO - Epoch 29 : Training Loss: 6.3839683533, Validation Loss: 7.0004806519, Training R-squared: 0.3990465701, Validation R-squared: 0.2861133218
2023-11-24 07:00:26,645 - INFO - Epoch 30 : Training Loss: 6.3661260605, Validation Loss: 6.9810376167, Training R-squared: 0.4006106257, Validation R-squared: 0.2904431224
2023-11-24 07:00:47,288 - INFO - Epoch 31 : Training Loss: 6.3339791298, Validation Loss: 7.0081977844, Training R-squared: 0.4061425030, Validation R-squared: 0.2842415273
2023-11-24 07:01:07,701 - INFO - Epoch 32 : Training Loss: 6.3196754456, Validation Loss: 7.0135908127, Training R-squared: 0.4103603661, Validation R-squared: 0.2827309668
2023-11-24 07:01:28,566 - INFO - Epoch 33 : Training Loss: 6.2998089790, Validation Loss: 7.0159707069, Training R-squared: 0.4134607911, Validation R-squared: 0.2823204398
2023-11-24 07:01:49,303 - INFO - Epoch 34 : Training Loss: 6.2819213867, Validation Loss: 6.9966564178, Training R-squared: 0.4171963334, Validation R-squared: 0.2865510583
2023-11-24 07:02:10,197 - INFO - Epoch 35 : Training Loss: 6.2701530457, Validation Loss: 7.0181980133, Training R-squared: 0.4183480144, Validation R-squared: 0.2814681828
2023-11-24 07:02:33,126 - INFO - Model saved to models/portion_model/dinner/512_512_200_64/sparsity_30_fold_4_model.keras
2023-11-24 07:02:39,960 - INFO - Avg Metrics: RMSE: 5.7888480106, R-squared: -0.0525849525, PCC: 0.4606193709
2023-11-24 07:02:39,960 - INFO - Agg Metrics: RMSE: 7.0988948347, R-squared: 0.2854151533, PCC: 0.5380867682
2023-11-24 07:02:46,825 - INFO - ================================================================== Fold 5 ===================================================================
2023-11-24 07:03:17,567 - INFO - Epoch 1  : Training Loss: 8.1326065063, Validation Loss: 7.9557099342, Training R-squared: 0.0360356718, Validation R-squared: 0.0623024665
2023-11-24 07:03:38,209 - INFO - Epoch 2  : Training Loss: 7.8907251358, Validation Loss: 7.7603092194, Training R-squared: 0.0930653811, Validation R-squared: 0.1078116745
2023-11-24 07:03:59,937 - INFO - Epoch 3  : Training Loss: 7.6677923203, Validation Loss: 7.3320097923, Training R-squared: 0.1465110332, Validation R-squared: 0.2041927278
2023-11-24 07:04:20,664 - INFO - Epoch 4  : Training Loss: 7.3497166634, Validation Loss: 7.2618503571, Training R-squared: 0.2143251598, Validation R-squared: 0.2190386951
2023-11-24 07:04:41,064 - INFO - Epoch 5  : Training Loss: 7.2875075340, Validation Loss: 7.2303280830, Training R-squared: 0.2277732491, Validation R-squared: 0.2257276773
2023-11-24 07:05:01,582 - INFO - Epoch 6  : Training Loss: 7.2245783806, Validation Loss: 7.1860604286, Training R-squared: 0.2411797047, Validation R-squared: 0.2353119105
2023-11-24 07:05:22,565 - INFO - Epoch 7  : Training Loss: 7.1455664635, Validation Loss: 7.1222314835, Training R-squared: 0.2571379840, Validation R-squared: 0.2485285252
2023-11-24 07:05:43,028 - INFO - Epoch 8  : Training Loss: 7.0623502731, Validation Loss: 7.0868382454, Training R-squared: 0.2733584940, Validation R-squared: 0.2554917037
2023-11-24 07:06:03,682 - INFO - Epoch 9  : Training Loss: 7.0094084740, Validation Loss: 7.0709838867, Training R-squared: 0.2838757336, Validation R-squared: 0.2585049272
2023-11-24 07:06:24,481 - INFO - Epoch 10 : Training Loss: 6.9752306938, Validation Loss: 7.0608348846, Training R-squared: 0.2900444865, Validation R-squared: 0.2604095340
2023-11-24 07:06:44,835 - INFO - Epoch 11 : Training Loss: 6.9387364388, Validation Loss: 7.0489516258, Training R-squared: 0.2989566326, Validation R-squared: 0.2631065547
2023-11-24 07:07:05,397 - INFO - Epoch 12 : Training Loss: 6.9046449661, Validation Loss: 7.0399937630, Training R-squared: 0.3046188951, Validation R-squared: 0.2643895149
2023-11-24 07:07:26,821 - INFO - Epoch 13 : Training Loss: 6.8729004860, Validation Loss: 7.0170226097, Training R-squared: 0.3100175858, Validation R-squared: 0.2689987421
2023-11-24 07:07:47,516 - INFO - Epoch 14 : Training Loss: 6.8358383179, Validation Loss: 6.9988436699, Training R-squared: 0.3177856207, Validation R-squared: 0.2721295357
2023-11-24 07:08:08,096 - INFO - Epoch 15 : Training Loss: 6.7952623367, Validation Loss: 6.9595894814, Training R-squared: 0.3260629773, Validation R-squared: 0.2802427709
2023-11-24 07:08:29,148 - INFO - Epoch 16 : Training Loss: 6.7550659180, Validation Loss: 6.9261269569, Training R-squared: 0.3346315920, Validation R-squared: 0.2866360545
2023-11-24 07:08:49,538 - INFO - Epoch 17 : Training Loss: 6.7056722641, Validation Loss: 6.9060702324, Training R-squared: 0.3421885371, Validation R-squared: 0.2904020250
2023-11-24 07:09:10,363 - INFO - Epoch 18 : Training Loss: 6.6737246513, Validation Loss: 6.8919382095, Training R-squared: 0.3481392562, Validation R-squared: 0.2926756442
2023-11-24 07:09:31,258 - INFO - Epoch 19 : Training Loss: 6.6281557083, Validation Loss: 6.8792786598, Training R-squared: 0.3566776514, Validation R-squared: 0.2953541279
2023-11-24 07:09:51,913 - INFO - Epoch 20 : Training Loss: 6.6012840271, Validation Loss: 6.8584041595, Training R-squared: 0.3617292047, Validation R-squared: 0.2995591760
2023-11-24 07:10:12,888 - INFO - Epoch 21 : Training Loss: 6.5718917847, Validation Loss: 6.8615851402, Training R-squared: 0.3682959080, Validation R-squared: 0.2987507582
2023-11-24 07:10:33,507 - INFO - Epoch 22 : Training Loss: 6.5419745445, Validation Loss: 6.8605327606, Training R-squared: 0.3728961945, Validation R-squared: 0.2988352776
2023-11-24 07:10:53,958 - INFO - Epoch 23 : Training Loss: 6.5153412819, Validation Loss: 6.8211727142, Training R-squared: 0.3781684637, Validation R-squared: 0.3072061241
2023-11-24 07:11:14,609 - INFO - Epoch 24 : Training Loss: 6.4858622551, Validation Loss: 6.8523120880, Training R-squared: 0.3847275376, Validation R-squared: 0.3002331555
2023-11-24 07:11:35,388 - INFO - Epoch 25 : Training Loss: 6.4690704346, Validation Loss: 6.8425512314, Training R-squared: 0.3872595131, Validation R-squared: 0.3024809361
2023-11-24 07:11:56,082 - INFO - Epoch 26 : Training Loss: 6.4423646927, Validation Loss: 6.8437328339, Training R-squared: 0.3927314281, Validation R-squared: 0.3020186126
2023-11-24 07:12:16,821 - INFO - Epoch 27 : Training Loss: 6.4211068153, Validation Loss: 6.8548216820, Training R-squared: 0.3953173161, Validation R-squared: 0.2992358804
2023-11-24 07:12:37,638 - INFO - Epoch 28 : Training Loss: 6.4003415108, Validation Loss: 6.8670067787, Training R-squared: 0.3971669972, Validation R-squared: 0.2964426875
2023-11-24 07:13:00,534 - INFO - Model saved to models/portion_model/dinner/512_512_200_64/sparsity_30_fold_5_model.keras
2023-11-24 07:13:06,879 - INFO - Avg Metrics: RMSE: 5.7191424006, R-squared: -0.6024487598, PCC: 0.4431514860
2023-11-24 07:13:06,879 - INFO - Agg Metrics: RMSE: 6.8755569440, R-squared: 0.3088835023, PCC: 0.5570092837
2023-11-24 07:13:27,813 - INFO - ================================================================== Results Summary ===================================================================
2023-11-24 07:13:27,814 - INFO - CrossVal Metrics (Avg.) - RMSE: 5.7608768619 ± 0.0495546308, R2: -0.2493574356 ± 0.0495546308, PCC: 0.4498480915 ± 0.0495546308
2023-11-24 07:13:27,814 - INFO - Testing  Metrics (Avg.) - RMSE: 5.7711306844, R2: -0.0682083032, PCC: 0.4804969311
2023-11-24 07:13:27,814 - INFO - CrossVal Metrics (Agg.) - RMSE: 7.0039307065 ± 0.0495546308, R2: 0.2969975081 ± 0.0495546308, PCC: 0.5469324545 ± 0.0495546308
2023-11-24 07:13:27,814 - INFO - Testing  Metrics (Agg.) - RMSE: 6.9814476166, R2: 0.3149916556, PCC: 0.5631508180
