2023-11-24 11:16:30,902 - INFO - Training model at 60% sparse columns removed...
2023-11-24 11:16:39,277 - INFO - ================================================================== Fold 1 ===================================================================
2023-11-24 11:16:59,228 - INFO - Epoch 1  : Training Loss: 10.7794446945, Validation Loss: 10.5233554840, Training R-squared: 0.0329008289, Validation R-squared: 0.0458218716
2023-11-24 11:17:13,290 - INFO - Epoch 2  : Training Loss: 10.5136079788, Validation Loss: 10.1458539963, Training R-squared: 0.0809011981, Validation R-squared: 0.1133322120
2023-11-24 11:17:27,492 - INFO - Epoch 3  : Training Loss: 10.2231063843, Validation Loss: 9.5997877121, Training R-squared: 0.1309410930, Validation R-squared: 0.2067137361
2023-11-24 11:17:39,787 - INFO - Epoch 4  : Training Loss: 9.7056598663, Validation Loss: 9.4594154358, Training R-squared: 0.2155837119, Validation R-squared: 0.2292960733
2023-11-24 11:17:53,601 - INFO - Epoch 5  : Training Loss: 9.6419658661, Validation Loss: 9.4086160660, Training R-squared: 0.2281073034, Validation R-squared: 0.2375945300
2023-11-24 11:18:06,727 - INFO - Epoch 6  : Training Loss: 9.5614290237, Validation Loss: 9.3461704254, Training R-squared: 0.2395754308, Validation R-squared: 0.2477434725
2023-11-24 11:18:20,177 - INFO - Epoch 7  : Training Loss: 9.4967546463, Validation Loss: 9.2936735153, Training R-squared: 0.2518736124, Validation R-squared: 0.2561177611
2023-11-24 11:18:34,337 - INFO - Epoch 8  : Training Loss: 9.4182348251, Validation Loss: 9.2112607956, Training R-squared: 0.2633797824, Validation R-squared: 0.2689039707
2023-11-24 11:18:47,717 - INFO - Epoch 9  : Training Loss: 9.3246698380, Validation Loss: 9.1539020538, Training R-squared: 0.2763416171, Validation R-squared: 0.2778512836
2023-11-24 11:18:59,997 - INFO - Epoch 10 : Training Loss: 9.2516298294, Validation Loss: 9.1119499207, Training R-squared: 0.2885992229, Validation R-squared: 0.2837596834
2023-11-24 11:19:11,633 - INFO - Epoch 11 : Training Loss: 9.2038631439, Validation Loss: 9.0813074112, Training R-squared: 0.2950837314, Validation R-squared: 0.2886207700
2023-11-24 11:19:25,583 - INFO - Epoch 12 : Training Loss: 9.1637506485, Validation Loss: 9.0584182739, Training R-squared: 0.3005456328, Validation R-squared: 0.2922480702
2023-11-24 11:19:39,085 - INFO - Epoch 13 : Training Loss: 9.1160335541, Validation Loss: 9.0322656631, Training R-squared: 0.3081129789, Validation R-squared: 0.2962124348
2023-11-24 11:19:51,923 - INFO - Epoch 14 : Training Loss: 9.0584363937, Validation Loss: 9.0079059601, Training R-squared: 0.3150770664, Validation R-squared: 0.2999203801
2023-11-24 11:20:04,324 - INFO - Epoch 15 : Training Loss: 8.9963808060, Validation Loss: 8.9773206711, Training R-squared: 0.3254482448, Validation R-squared: 0.3045093417
2023-11-24 11:20:17,435 - INFO - Epoch 16 : Training Loss: 8.9331321716, Validation Loss: 8.9522686005, Training R-squared: 0.3339220285, Validation R-squared: 0.3081435561
2023-11-24 11:20:29,668 - INFO - Epoch 17 : Training Loss: 8.8735780716, Validation Loss: 8.9105043411, Training R-squared: 0.3410580158, Validation R-squared: 0.3143417239
2023-11-24 11:20:43,673 - INFO - Epoch 18 : Training Loss: 8.8210010529, Validation Loss: 8.8857154846, Training R-squared: 0.3505553305, Validation R-squared: 0.3180363178
2023-11-24 11:20:55,883 - INFO - Epoch 19 : Training Loss: 8.7774343491, Validation Loss: 8.8755817413, Training R-squared: 0.3568259478, Validation R-squared: 0.3193221390
2023-11-24 11:21:08,314 - INFO - Epoch 20 : Training Loss: 8.7169151306, Validation Loss: 8.8660659790, Training R-squared: 0.3642337918, Validation R-squared: 0.3208676875
2023-11-24 11:21:22,669 - INFO - Epoch 21 : Training Loss: 8.6828708649, Validation Loss: 8.8373432159, Training R-squared: 0.3681961596, Validation R-squared: 0.3251455724
2023-11-24 11:21:35,977 - INFO - Epoch 22 : Training Loss: 8.6484003067, Validation Loss: 8.8255615234, Training R-squared: 0.3744928539, Validation R-squared: 0.3270156085
2023-11-24 11:21:49,647 - INFO - Epoch 23 : Training Loss: 8.6046409607, Validation Loss: 8.8264703751, Training R-squared: 0.3810725510, Validation R-squared: 0.3262777328
2023-11-24 11:22:03,496 - INFO - Epoch 24 : Training Loss: 8.5825481415, Validation Loss: 8.8308601379, Training R-squared: 0.3842716515, Validation R-squared: 0.3254164457
2023-11-24 11:22:16,543 - INFO - Epoch 25 : Training Loss: 8.5441446304, Validation Loss: 8.7982645035, Training R-squared: 0.3880641758, Validation R-squared: 0.3305538893
2023-11-24 11:22:29,162 - INFO - Epoch 26 : Training Loss: 8.5130901337, Validation Loss: 8.7966232300, Training R-squared: 0.3928861022, Validation R-squared: 0.3309383690
2023-11-24 11:22:42,384 - INFO - Epoch 27 : Training Loss: 8.4928808212, Validation Loss: 8.7952222824, Training R-squared: 0.3953712583, Validation R-squared: 0.3310993612
2023-11-24 11:22:54,406 - INFO - Epoch 28 : Training Loss: 8.4635601044, Validation Loss: 8.7804040909, Training R-squared: 0.3995246291, Validation R-squared: 0.3331480920
2023-11-24 11:23:06,514 - INFO - Epoch 29 : Training Loss: 8.4290924072, Validation Loss: 8.8008956909, Training R-squared: 0.4032692313, Validation R-squared: 0.3301060796
2023-11-24 11:23:19,425 - INFO - Epoch 30 : Training Loss: 8.4091100693, Validation Loss: 8.7947397232, Training R-squared: 0.4069044590, Validation R-squared: 0.3308109343
2023-11-24 11:23:32,629 - INFO - Epoch 31 : Training Loss: 8.3745832443, Validation Loss: 8.7681140900, Training R-squared: 0.4113201201, Validation R-squared: 0.3351531327
2023-11-24 11:23:44,713 - INFO - Epoch 32 : Training Loss: 8.3572921753, Validation Loss: 8.7802171707, Training R-squared: 0.4154713452, Validation R-squared: 0.3328698874
2023-11-24 11:23:58,477 - INFO - Epoch 33 : Training Loss: 8.3282289505, Validation Loss: 8.7872428894, Training R-squared: 0.4187620580, Validation R-squared: 0.3318758309
2023-11-24 11:24:10,225 - INFO - Epoch 34 : Training Loss: 8.3060159683, Validation Loss: 8.7591848373, Training R-squared: 0.4204924405, Validation R-squared: 0.3363807797
2023-11-24 11:24:23,200 - INFO - Epoch 35 : Training Loss: 8.2783651352, Validation Loss: 8.7683525085, Training R-squared: 0.4248277843, Validation R-squared: 0.3348482847
2023-11-24 11:24:36,124 - INFO - Epoch 36 : Training Loss: 8.2519893646, Validation Loss: 8.8023815155, Training R-squared: 0.4272031784, Validation R-squared: 0.3294393122
2023-11-24 11:24:48,655 - INFO - Epoch 37 : Training Loss: 8.2362518311, Validation Loss: 8.7742013931, Training R-squared: 0.4317489564, Validation R-squared: 0.3339397013
2023-11-24 11:25:01,418 - INFO - Epoch 38 : Training Loss: 8.2072343826, Validation Loss: 8.8091993332, Training R-squared: 0.4337428510, Validation R-squared: 0.3281592429
2023-11-24 11:25:12,445 - INFO - Epoch 39 : Training Loss: 8.1794214249, Validation Loss: 8.8016119003, Training R-squared: 0.4374852777, Validation R-squared: 0.3294885755
2023-11-24 11:25:29,275 - INFO - Model saved to models/portion_model/dinner/512_512_200_64/sparsity_60_fold_1_model.keras
2023-11-24 11:25:39,597 - INFO - Avg Metrics: RMSE: 7.3437126222, R-squared: -1.0378085231, PCC: 0.4990171756
2023-11-24 11:25:39,597 - INFO - Agg Metrics: RMSE: 8.8225268656, R-squared: 0.3362677604, PCC: 0.5820574175
2023-11-24 11:25:49,311 - INFO - ================================================================== Fold 2 ===================================================================
2023-11-24 11:26:05,827 - INFO - Epoch 1  : Training Loss: 10.6900959015, Validation Loss: 10.8655700684, Training R-squared: 0.0330566578, Validation R-squared: 0.0423327163
2023-11-24 11:26:18,079 - INFO - Epoch 2  : Training Loss: 10.4384040833, Validation Loss: 10.5034399033, Training R-squared: 0.0785714239, Validation R-squared: 0.1059313118
2023-11-24 11:26:30,047 - INFO - Epoch 3  : Training Loss: 10.1221761703, Validation Loss: 10.0152959824, Training R-squared: 0.1333851218, Validation R-squared: 0.1883791387
2023-11-24 11:26:41,846 - INFO - Epoch 4  : Training Loss: 9.6345338821, Validation Loss: 9.8350505829, Training R-squared: 0.2164892852, Validation R-squared: 0.2170513570
2023-11-24 11:26:54,097 - INFO - Epoch 5  : Training Loss: 9.5466499329, Validation Loss: 9.7957267761, Training R-squared: 0.2310961187, Validation R-squared: 0.2236876935
2023-11-24 11:27:06,402 - INFO - Epoch 6  : Training Loss: 9.4662866592, Validation Loss: 9.7398405075, Training R-squared: 0.2433250993, Validation R-squared: 0.2323527485
2023-11-24 11:27:18,752 - INFO - Epoch 7  : Training Loss: 9.3942251205, Validation Loss: 9.7046480179, Training R-squared: 0.2548814118, Validation R-squared: 0.2376116514
2023-11-24 11:27:30,822 - INFO - Epoch 8  : Training Loss: 9.3336296082, Validation Loss: 9.6560420990, Training R-squared: 0.2642831206, Validation R-squared: 0.2449146658
2023-11-24 11:27:43,102 - INFO - Epoch 9  : Training Loss: 9.2342071533, Validation Loss: 9.5969123840, Training R-squared: 0.2797052562, Validation R-squared: 0.2532636523
2023-11-24 11:27:56,863 - INFO - Epoch 10 : Training Loss: 9.1521921158, Validation Loss: 9.5370836258, Training R-squared: 0.2936309874, Validation R-squared: 0.2619298995
2023-11-24 11:28:09,843 - INFO - Epoch 11 : Training Loss: 9.0968027115, Validation Loss: 9.5078029633, Training R-squared: 0.3022810519, Validation R-squared: 0.2662701607
2023-11-24 11:28:24,354 - INFO - Epoch 12 : Training Loss: 9.0366277695, Validation Loss: 9.4965934753, Training R-squared: 0.3084481657, Validation R-squared: 0.2678983808
2023-11-24 11:28:36,917 - INFO - Epoch 13 : Training Loss: 8.9890060425, Validation Loss: 9.4713249207, Training R-squared: 0.3162293136, Validation R-squared: 0.2717014253
2023-11-24 11:28:48,967 - INFO - Epoch 14 : Training Loss: 8.9584846497, Validation Loss: 9.4522666931, Training R-squared: 0.3209460378, Validation R-squared: 0.2748801112
2023-11-24 11:29:00,476 - INFO - Epoch 15 : Training Loss: 8.9195432663, Validation Loss: 9.4407911301, Training R-squared: 0.3271449208, Validation R-squared: 0.2759796083
2023-11-24 11:29:14,759 - INFO - Epoch 16 : Training Loss: 8.8693475723, Validation Loss: 9.4122629166, Training R-squared: 0.3343793154, Validation R-squared: 0.2801465690
2023-11-24 11:29:28,764 - INFO - Epoch 17 : Training Loss: 8.8238849640, Validation Loss: 9.3827276230, Training R-squared: 0.3410693109, Validation R-squared: 0.2847225368
2023-11-24 11:29:42,082 - INFO - Epoch 18 : Training Loss: 8.7805624008, Validation Loss: 9.3501758575, Training R-squared: 0.3464486599, Validation R-squared: 0.2894457877
2023-11-24 11:29:54,590 - INFO - Epoch 19 : Training Loss: 8.7407941818, Validation Loss: 9.3211822510, Training R-squared: 0.3520708084, Validation R-squared: 0.2936464846
2023-11-24 11:30:07,184 - INFO - Epoch 20 : Training Loss: 8.7059068680, Validation Loss: 9.3026990891, Training R-squared: 0.3554486632, Validation R-squared: 0.2961549759
2023-11-24 11:30:19,802 - INFO - Epoch 21 : Training Loss: 8.6643161774, Validation Loss: 9.2712497711, Training R-squared: 0.3633750975, Validation R-squared: 0.3009937406
2023-11-24 11:30:31,869 - INFO - Epoch 22 : Training Loss: 8.6291894913, Validation Loss: 9.2550745010, Training R-squared: 0.3672971725, Validation R-squared: 0.3032535315
2023-11-24 11:30:43,816 - INFO - Epoch 23 : Training Loss: 8.6009168625, Validation Loss: 9.2545614243, Training R-squared: 0.3724983931, Validation R-squared: 0.3029301167
2023-11-24 11:30:55,837 - INFO - Epoch 24 : Training Loss: 8.5581893921, Validation Loss: 9.2235240936, Training R-squared: 0.3775911331, Validation R-squared: 0.3082030416
2023-11-24 11:31:08,116 - INFO - Epoch 25 : Training Loss: 8.5349502563, Validation Loss: 9.2009820938, Training R-squared: 0.3806807697, Validation R-squared: 0.3113468587
2023-11-24 11:31:20,699 - INFO - Epoch 26 : Training Loss: 8.5047044754, Validation Loss: 9.2019205093, Training R-squared: 0.3863083422, Validation R-squared: 0.3110341132
2023-11-24 11:31:32,966 - INFO - Epoch 27 : Training Loss: 8.4730768204, Validation Loss: 9.2016096115, Training R-squared: 0.3894273043, Validation R-squared: 0.3106098473
2023-11-24 11:31:44,996 - INFO - Epoch 28 : Training Loss: 8.4429721832, Validation Loss: 9.1881570816, Training R-squared: 0.3940654695, Validation R-squared: 0.3127697706
2023-11-24 11:31:57,737 - INFO - Epoch 29 : Training Loss: 8.4093227386, Validation Loss: 9.1655263901, Training R-squared: 0.3995937705, Validation R-squared: 0.3160862625
2023-11-24 11:32:10,048 - INFO - Epoch 30 : Training Loss: 8.3908262253, Validation Loss: 9.1321611404, Training R-squared: 0.4005058408, Validation R-squared: 0.3212661445
2023-11-24 11:32:23,204 - INFO - Epoch 31 : Training Loss: 8.3652391434, Validation Loss: 9.1289615631, Training R-squared: 0.4048691392, Validation R-squared: 0.3217696846
2023-11-24 11:32:35,852 - INFO - Epoch 32 : Training Loss: 8.3280038834, Validation Loss: 9.1259384155, Training R-squared: 0.4113944173, Validation R-squared: 0.3221078217
2023-11-24 11:32:47,639 - INFO - Epoch 33 : Training Loss: 8.3158998489, Validation Loss: 9.1232614517, Training R-squared: 0.4119343758, Validation R-squared: 0.3223911524
2023-11-24 11:33:00,421 - INFO - Epoch 34 : Training Loss: 8.2821664810, Validation Loss: 9.1232013702, Training R-squared: 0.4151784182, Validation R-squared: 0.3223575652
2023-11-24 11:33:12,916 - INFO - Epoch 35 : Training Loss: 8.2694787979, Validation Loss: 9.1169395447, Training R-squared: 0.4181590378, Validation R-squared: 0.3230572641
2023-11-24 11:33:25,368 - INFO - Epoch 36 : Training Loss: 8.2421569824, Validation Loss: 9.1057748795, Training R-squared: 0.4217820764, Validation R-squared: 0.3245865107
2023-11-24 11:33:37,553 - INFO - Epoch 37 : Training Loss: 8.2151832581, Validation Loss: 9.1234636307, Training R-squared: 0.4244453311, Validation R-squared: 0.3217090666
2023-11-24 11:33:50,399 - INFO - Epoch 38 : Training Loss: 8.1997289658, Validation Loss: 9.1046981812, Training R-squared: 0.4257856607, Validation R-squared: 0.3250769079
2023-11-24 11:34:03,917 - INFO - Epoch 39 : Training Loss: 8.1770639420, Validation Loss: 9.0771007538, Training R-squared: 0.4301737547, Validation R-squared: 0.3293730021
2023-11-24 11:34:15,915 - INFO - Epoch 40 : Training Loss: 8.1494808197, Validation Loss: 9.1316146851, Training R-squared: 0.4334218502, Validation R-squared: 0.3204068244
2023-11-24 11:34:29,844 - INFO - Epoch 41 : Training Loss: 8.1321763992, Validation Loss: 9.0910978317, Training R-squared: 0.4368027747, Validation R-squared: 0.3268231452
2023-11-24 11:34:41,950 - INFO - Epoch 42 : Training Loss: 8.1220703125, Validation Loss: 9.1269960403, Training R-squared: 0.4363543987, Validation R-squared: 0.3210285604
2023-11-24 11:34:54,175 - INFO - Epoch 43 : Training Loss: 8.1027708054, Validation Loss: 9.1098365784, Training R-squared: 0.4410229921, Validation R-squared: 0.3239973485
2023-11-24 11:35:06,038 - INFO - Epoch 44 : Training Loss: 8.0827426910, Validation Loss: 9.0865516663, Training R-squared: 0.4411174357, Validation R-squared: 0.3274254203
2023-11-24 11:35:23,871 - INFO - Model saved to models/portion_model/dinner/512_512_200_64/sparsity_60_fold_2_model.keras
2023-11-24 11:35:29,954 - INFO - Avg Metrics: RMSE: 7.4751735291, R-squared: -0.6439514429, PCC: 0.4942478220
2023-11-24 11:35:29,955 - INFO - Agg Metrics: RMSE: 9.1924580714, R-squared: 0.3271346008, PCC: 0.5737746374
2023-11-24 11:35:37,106 - INFO - ================================================================== Fold 3 ===================================================================
2023-11-24 11:35:53,641 - INFO - Epoch 1  : Training Loss: 10.7582006454, Validation Loss: 10.5811414719, Training R-squared: 0.0334724151, Validation R-squared: 0.0454157479
2023-11-24 11:36:06,599 - INFO - Epoch 2  : Training Loss: 10.4678926468, Validation Loss: 10.2394084930, Training R-squared: 0.0841599628, Validation R-squared: 0.1069362238
2023-11-24 11:36:18,977 - INFO - Epoch 3  : Training Loss: 10.1588420868, Validation Loss: 9.6751451492, Training R-squared: 0.1383101046, Validation R-squared: 0.2034430355
2023-11-24 11:36:29,997 - INFO - Epoch 4  : Training Loss: 9.6570892334, Validation Loss: 9.5751094818, Training R-squared: 0.2201049477, Validation R-squared: 0.2196497470
2023-11-24 11:36:40,899 - INFO - Epoch 5  : Training Loss: 9.5846252441, Validation Loss: 9.5154600143, Training R-squared: 0.2327649444, Validation R-squared: 0.2293970138
2023-11-24 11:36:53,005 - INFO - Epoch 6  : Training Loss: 9.5119056702, Validation Loss: 9.4827117920, Training R-squared: 0.2457693219, Validation R-squared: 0.2348024994
2023-11-24 11:37:04,176 - INFO - Epoch 7  : Training Loss: 9.4592485428, Validation Loss: 9.4554357529, Training R-squared: 0.2535335124, Validation R-squared: 0.2389972508
2023-11-24 11:37:15,582 - INFO - Epoch 8  : Training Loss: 9.4006881714, Validation Loss: 9.3995866776, Training R-squared: 0.2627948225, Validation R-squared: 0.2478175759
2023-11-24 11:37:27,452 - INFO - Epoch 9  : Training Loss: 9.3053398132, Validation Loss: 9.3316507339, Training R-squared: 0.2769498825, Validation R-squared: 0.2584850192
2023-11-24 11:37:40,434 - INFO - Epoch 10 : Training Loss: 9.2139968872, Validation Loss: 9.2981595993, Training R-squared: 0.2882620096, Validation R-squared: 0.2632537484
2023-11-24 11:37:52,968 - INFO - Epoch 11 : Training Loss: 9.1563282013, Validation Loss: 9.2690820694, Training R-squared: 0.2980875075, Validation R-squared: 0.2679259479
2023-11-24 11:38:05,797 - INFO - Epoch 12 : Training Loss: 9.1107444763, Validation Loss: 9.2513914108, Training R-squared: 0.3062808514, Validation R-squared: 0.2704833150
2023-11-24 11:38:18,724 - INFO - Epoch 13 : Training Loss: 9.0712957382, Validation Loss: 9.2239980698, Training R-squared: 0.3113719821, Validation R-squared: 0.2749975324
2023-11-24 11:38:30,610 - INFO - Epoch 14 : Training Loss: 9.0304479599, Validation Loss: 9.2131118774, Training R-squared: 0.3171151280, Validation R-squared: 0.2765049636
2023-11-24 11:38:41,958 - INFO - Epoch 15 : Training Loss: 8.9929838181, Validation Loss: 9.1947774887, Training R-squared: 0.3242525160, Validation R-squared: 0.2795590460
2023-11-24 11:38:53,101 - INFO - Epoch 16 : Training Loss: 8.9472703934, Validation Loss: 9.1709365845, Training R-squared: 0.3291532397, Validation R-squared: 0.2835936248
2023-11-24 11:39:04,759 - INFO - Epoch 17 : Training Loss: 8.9227056503, Validation Loss: 9.1465034485, Training R-squared: 0.3339715302, Validation R-squared: 0.2870658338
2023-11-24 11:39:17,510 - INFO - Epoch 18 : Training Loss: 8.8743257523, Validation Loss: 9.1280632019, Training R-squared: 0.3401852250, Validation R-squared: 0.2900209725
2023-11-24 11:39:29,986 - INFO - Epoch 19 : Training Loss: 8.8263235092, Validation Loss: 9.0973386765, Training R-squared: 0.3475382626, Validation R-squared: 0.2950197160
2023-11-24 11:39:41,999 - INFO - Epoch 20 : Training Loss: 8.7676362991, Validation Loss: 9.0735464096, Training R-squared: 0.3555012047, Validation R-squared: 0.2981487215
2023-11-24 11:39:53,886 - INFO - Epoch 21 : Training Loss: 8.7371597290, Validation Loss: 9.0582227707, Training R-squared: 0.3618346155, Validation R-squared: 0.3003614545
2023-11-24 11:40:05,561 - INFO - Epoch 22 : Training Loss: 8.6988058090, Validation Loss: 9.0240716934, Training R-squared: 0.3664031029, Validation R-squared: 0.3058112860
2023-11-24 11:40:17,589 - INFO - Epoch 23 : Training Loss: 8.6578512192, Validation Loss: 8.9878053665, Training R-squared: 0.3720124662, Validation R-squared: 0.3111882806
2023-11-24 11:40:29,623 - INFO - Epoch 24 : Training Loss: 8.6071481705, Validation Loss: 8.9793138504, Training R-squared: 0.3782454133, Validation R-squared: 0.3121670485
2023-11-24 11:40:41,279 - INFO - Epoch 25 : Training Loss: 8.5603380203, Validation Loss: 8.9467611313, Training R-squared: 0.3847131431, Validation R-squared: 0.3170763254
2023-11-24 11:40:54,254 - INFO - Epoch 26 : Training Loss: 8.5188980103, Validation Loss: 8.9462337494, Training R-squared: 0.3910203576, Validation R-squared: 0.3166795671
2023-11-24 11:41:08,636 - INFO - Epoch 27 : Training Loss: 8.4914302826, Validation Loss: 8.9066514969, Training R-squared: 0.3947261870, Validation R-squared: 0.3227694333
2023-11-24 11:41:23,041 - INFO - Epoch 28 : Training Loss: 8.4547729492, Validation Loss: 8.9111146927, Training R-squared: 0.3986929357, Validation R-squared: 0.3214860260
2023-11-24 11:41:37,917 - INFO - Epoch 29 : Training Loss: 8.4249467850, Validation Loss: 8.8941907883, Training R-squared: 0.4019305706, Validation R-squared: 0.3237661123
2023-11-24 11:41:51,694 - INFO - Epoch 30 : Training Loss: 8.3927221298, Validation Loss: 8.8596096039, Training R-squared: 0.4069626629, Validation R-squared: 0.3293808699
2023-11-24 11:42:05,922 - INFO - Epoch 31 : Training Loss: 8.3688879013, Validation Loss: 8.8937044144, Training R-squared: 0.4110257030, Validation R-squared: 0.3235750496
2023-11-24 11:42:20,709 - INFO - Epoch 32 : Training Loss: 8.3346595764, Validation Loss: 8.8567295074, Training R-squared: 0.4151863754, Validation R-squared: 0.3296574354
2023-11-24 11:42:35,326 - INFO - Epoch 33 : Training Loss: 8.3113641739, Validation Loss: 8.8723115921, Training R-squared: 0.4190001190, Validation R-squared: 0.3268203437
2023-11-24 11:42:48,712 - INFO - Epoch 34 : Training Loss: 8.2927246094, Validation Loss: 8.8634872437, Training R-squared: 0.4205329418, Validation R-squared: 0.3283836246
2023-11-24 11:43:03,092 - INFO - Epoch 35 : Training Loss: 8.2659339905, Validation Loss: 8.8821907043, Training R-squared: 0.4260702431, Validation R-squared: 0.3250600696
2023-11-24 11:43:18,091 - INFO - Epoch 36 : Training Loss: 8.2379922867, Validation Loss: 8.9067211151, Training R-squared: 0.4286689460, Validation R-squared: 0.3208120763
2023-11-24 11:43:33,426 - INFO - Epoch 37 : Training Loss: 8.2246160507, Validation Loss: 8.8567638397, Training R-squared: 0.4304369390, Validation R-squared: 0.3289900720
2023-11-24 11:43:57,366 - INFO - Model saved to models/portion_model/dinner/512_512_200_64/sparsity_60_fold_3_model.keras
2023-11-24 11:44:01,773 - INFO - Avg Metrics: RMSE: 7.3968447014, R-squared: -0.0144232967, PCC: 0.4871465192
2023-11-24 11:44:01,773 - INFO - Agg Metrics: RMSE: 8.9769136487, R-squared: 0.3273711753, PCC: 0.5739173809
2023-11-24 11:44:10,422 - INFO - ================================================================== Fold 4 ===================================================================
2023-11-24 11:44:32,382 - INFO - Epoch 1  : Training Loss: 10.6875381470, Validation Loss: 10.8652019501, Training R-squared: 0.0332205370, Validation R-squared: 0.0423121825
2023-11-24 11:44:47,784 - INFO - Epoch 2  : Training Loss: 10.4152622223, Validation Loss: 10.5337429047, Training R-squared: 0.0833881050, Validation R-squared: 0.1006998122
2023-11-24 11:45:01,355 - INFO - Epoch 3  : Training Loss: 10.0750503540, Validation Loss: 9.9764890671, Training R-squared: 0.1435131431, Validation R-squared: 0.1948105842
2023-11-24 11:45:15,493 - INFO - Epoch 4  : Training Loss: 9.6109399796, Validation Loss: 9.8613805771, Training R-squared: 0.2208399773, Validation R-squared: 0.2132504284
2023-11-24 11:45:29,318 - INFO - Epoch 5  : Training Loss: 9.5249490738, Validation Loss: 9.8227653503, Training R-squared: 0.2340231836, Validation R-squared: 0.2195596248
2023-11-24 11:45:43,669 - INFO - Epoch 6  : Training Loss: 9.4705390930, Validation Loss: 9.7896194458, Training R-squared: 0.2425207496, Validation R-squared: 0.2253634781
2023-11-24 11:45:57,868 - INFO - Epoch 7  : Training Loss: 9.3954200745, Validation Loss: 9.7355384827, Training R-squared: 0.2546562552, Validation R-squared: 0.2336723953
2023-11-24 11:46:11,310 - INFO - Epoch 8  : Training Loss: 9.3075857162, Validation Loss: 9.6511859894, Training R-squared: 0.2691940963, Validation R-squared: 0.2470739931
2023-11-24 11:46:25,840 - INFO - Epoch 9  : Training Loss: 9.2078943253, Validation Loss: 9.6139039993, Training R-squared: 0.2834756374, Validation R-squared: 0.2526507676
2023-11-24 11:46:40,218 - INFO - Epoch 10 : Training Loss: 9.1629428864, Validation Loss: 9.5991907120, Training R-squared: 0.2896058857, Validation R-squared: 0.2551504970
2023-11-24 11:46:55,211 - INFO - Epoch 11 : Training Loss: 9.1285676956, Validation Loss: 9.5753965378, Training R-squared: 0.2966851890, Validation R-squared: 0.2583929002
2023-11-24 11:47:09,706 - INFO - Epoch 12 : Training Loss: 9.0690183640, Validation Loss: 9.5481081009, Training R-squared: 0.3029021919, Validation R-squared: 0.2627654970
2023-11-24 11:47:26,455 - INFO - Epoch 13 : Training Loss: 9.0242891312, Validation Loss: 9.5219545364, Training R-squared: 0.3107855916, Validation R-squared: 0.2665420473
2023-11-24 11:47:42,046 - INFO - Epoch 14 : Training Loss: 8.9662151337, Validation Loss: 9.4853687286, Training R-squared: 0.3189361989, Validation R-squared: 0.2724438608
2023-11-24 11:47:55,706 - INFO - Epoch 15 : Training Loss: 8.9151563644, Validation Loss: 9.4551563263, Training R-squared: 0.3267062902, Validation R-squared: 0.2764131725
2023-11-24 11:48:10,212 - INFO - Epoch 16 : Training Loss: 8.8609914780, Validation Loss: 9.4250373840, Training R-squared: 0.3340000212, Validation R-squared: 0.2810834050
2023-11-24 11:48:25,338 - INFO - Epoch 17 : Training Loss: 8.8126935959, Validation Loss: 9.3906040192, Training R-squared: 0.3430850506, Validation R-squared: 0.2862446606
2023-11-24 11:48:39,965 - INFO - Epoch 18 : Training Loss: 8.7465200424, Validation Loss: 9.3603572845, Training R-squared: 0.3521187007, Validation R-squared: 0.2902815640
2023-11-24 11:48:54,086 - INFO - Epoch 19 : Training Loss: 8.6886119843, Validation Loss: 9.3235378265, Training R-squared: 0.3594290018, Validation R-squared: 0.2959845066
2023-11-24 11:49:07,830 - INFO - Epoch 20 : Training Loss: 8.6356010437, Validation Loss: 9.2852573395, Training R-squared: 0.3667795956, Validation R-squared: 0.3016971350
2023-11-24 11:49:22,574 - INFO - Epoch 21 : Training Loss: 8.6018686295, Validation Loss: 9.2708234787, Training R-squared: 0.3726432920, Validation R-squared: 0.3034894168
2023-11-24 11:49:36,525 - INFO - Epoch 22 : Training Loss: 8.5582666397, Validation Loss: 9.2561082840, Training R-squared: 0.3783213794, Validation R-squared: 0.3055626750
2023-11-24 11:49:50,761 - INFO - Epoch 23 : Training Loss: 8.5178861618, Validation Loss: 9.2557420731, Training R-squared: 0.3833307922, Validation R-squared: 0.3053470552
2023-11-24 11:50:05,032 - INFO - Epoch 24 : Training Loss: 8.4881496429, Validation Loss: 9.2285232544, Training R-squared: 0.3882086575, Validation R-squared: 0.3096457422
2023-11-24 11:50:19,160 - INFO - Epoch 25 : Training Loss: 8.4487180710, Validation Loss: 9.2346544266, Training R-squared: 0.3935941458, Validation R-squared: 0.3082642257
2023-11-24 11:50:33,032 - INFO - Epoch 26 : Training Loss: 8.4244518280, Validation Loss: 9.1972246170, Training R-squared: 0.3976976573, Validation R-squared: 0.3141340315
2023-11-24 11:50:46,502 - INFO - Epoch 27 : Training Loss: 8.3936777115, Validation Loss: 9.1963291168, Training R-squared: 0.4022642672, Validation R-squared: 0.3140998185
2023-11-24 11:51:00,776 - INFO - Epoch 28 : Training Loss: 8.3644227982, Validation Loss: 9.1882972717, Training R-squared: 0.4052090645, Validation R-squared: 0.3152969182
2023-11-24 11:51:13,639 - INFO - Epoch 29 : Training Loss: 8.3337230682, Validation Loss: 9.1867246628, Training R-squared: 0.4098339677, Validation R-squared: 0.3152767122
2023-11-24 11:51:26,961 - INFO - Epoch 30 : Training Loss: 8.3090953827, Validation Loss: 9.2015142441, Training R-squared: 0.4145465493, Validation R-squared: 0.3125378788
2023-11-24 11:51:40,136 - INFO - Epoch 31 : Training Loss: 8.2846040726, Validation Loss: 9.2124137878, Training R-squared: 0.4178251028, Validation R-squared: 0.3109605908
2023-11-24 11:51:53,470 - INFO - Epoch 32 : Training Loss: 8.2653818130, Validation Loss: 9.1918087006, Training R-squared: 0.4178734422, Validation R-squared: 0.3144817650
2023-11-24 11:52:06,304 - INFO - Epoch 33 : Training Loss: 8.2368040085, Validation Loss: 9.1889228821, Training R-squared: 0.4238767028, Validation R-squared: 0.3146393299
2023-11-24 11:52:19,387 - INFO - Epoch 34 : Training Loss: 8.2221136093, Validation Loss: 9.1784210205, Training R-squared: 0.4234817624, Validation R-squared: 0.3165290058
2023-11-24 11:52:32,626 - INFO - Epoch 35 : Training Loss: 8.1975412369, Validation Loss: 9.1862192154, Training R-squared: 0.4285558164, Validation R-squared: 0.3147114217
2023-11-24 11:52:45,987 - INFO - Epoch 36 : Training Loss: 8.1793088913, Validation Loss: 9.1861677170, Training R-squared: 0.4302793741, Validation R-squared: 0.3147047758
2023-11-24 11:52:58,615 - INFO - Epoch 37 : Training Loss: 8.1532039642, Validation Loss: 9.1811656952, Training R-squared: 0.4340155721, Validation R-squared: 0.3158703744
2023-11-24 11:53:12,515 - INFO - Epoch 38 : Training Loss: 8.1426935196, Validation Loss: 9.1863861084, Training R-squared: 0.4367832243, Validation R-squared: 0.3145155609
2023-11-24 11:53:26,307 - INFO - Epoch 39 : Training Loss: 8.1274633408, Validation Loss: 9.1940679550, Training R-squared: 0.4366940856, Validation R-squared: 0.3135179579
2023-11-24 11:53:47,365 - INFO - Model saved to models/portion_model/dinner/512_512_200_64/sparsity_60_fold_4_model.keras
2023-11-24 11:53:52,605 - INFO - Avg Metrics: RMSE: 7.4319800969, R-squared: -0.1001755273, PCC: 0.4927100964
2023-11-24 11:53:52,606 - INFO - Agg Metrics: RMSE: 9.3913680688, R-squared: 0.3075001024, PCC: 0.5565953868
2023-11-24 11:54:00,900 - INFO - ================================================================== Fold 5 ===================================================================
2023-11-24 11:54:20,711 - INFO - Epoch 1  : Training Loss: 10.7729272842, Validation Loss: 10.5514965057, Training R-squared: 0.0340099297, Validation R-squared: 0.0429705009
2023-11-24 11:54:34,166 - INFO - Epoch 2  : Training Loss: 10.4581365585, Validation Loss: 10.2162046432, Training R-squared: 0.0869540051, Validation R-squared: 0.1031157300
2023-11-24 11:54:47,277 - INFO - Epoch 3  : Training Loss: 10.1026687622, Validation Loss: 9.6109704971, Training R-squared: 0.1494072527, Validation R-squared: 0.2073066831
2023-11-24 11:55:00,617 - INFO - Epoch 4  : Training Loss: 9.6590785980, Validation Loss: 9.5601854324, Training R-squared: 0.2238508761, Validation R-squared: 0.2154415250
2023-11-24 11:55:13,559 - INFO - Epoch 5  : Training Loss: 9.5638437271, Validation Loss: 9.4990844727, Training R-squared: 0.2381716669, Validation R-squared: 0.2257052064
2023-11-24 11:55:27,334 - INFO - Epoch 6  : Training Loss: 9.5015134811, Validation Loss: 9.4532785416, Training R-squared: 0.2476378530, Validation R-squared: 0.2329014838
2023-11-24 11:55:40,987 - INFO - Epoch 7  : Training Loss: 9.4386310577, Validation Loss: 9.3976335526, Training R-squared: 0.2587315738, Validation R-squared: 0.2416443378
2023-11-24 11:55:54,291 - INFO - Epoch 8  : Training Loss: 9.3440351486, Validation Loss: 9.3033618927, Training R-squared: 0.2738392055, Validation R-squared: 0.2560153008
2023-11-24 11:56:07,739 - INFO - Epoch 9  : Training Loss: 9.2382335663, Validation Loss: 9.2504167557, Training R-squared: 0.2877669632, Validation R-squared: 0.2642792761
2023-11-24 11:56:22,666 - INFO - Epoch 10 : Training Loss: 9.1901178360, Validation Loss: 9.2359342575, Training R-squared: 0.2947402894, Validation R-squared: 0.2661412358
2023-11-24 11:56:36,562 - INFO - Epoch 11 : Training Loss: 9.1387557983, Validation Loss: 9.2184953690, Training R-squared: 0.3013199866, Validation R-squared: 0.2690390646
2023-11-24 11:56:47,158 - INFO - Epoch 12 : Training Loss: 9.1035737991, Validation Loss: 9.1947584152, Training R-squared: 0.3089871109, Validation R-squared: 0.2727349997
2023-11-24 11:56:59,129 - INFO - Epoch 13 : Training Loss: 9.0516691208, Validation Loss: 9.1688833237, Training R-squared: 0.3158313930, Validation R-squared: 0.2770645022
2023-11-24 11:57:11,177 - INFO - Epoch 14 : Training Loss: 9.0077724457, Validation Loss: 9.1438484192, Training R-squared: 0.3232029080, Validation R-squared: 0.2806917429
2023-11-24 11:57:24,317 - INFO - Epoch 15 : Training Loss: 8.9583015442, Validation Loss: 9.1159734726, Training R-squared: 0.3315686584, Validation R-squared: 0.2849180698
2023-11-24 11:57:35,234 - INFO - Epoch 16 : Training Loss: 8.8987360001, Validation Loss: 9.0912923813, Training R-squared: 0.3393742740, Validation R-squared: 0.2885475457
2023-11-24 11:57:45,817 - INFO - Epoch 17 : Training Loss: 8.8369216919, Validation Loss: 9.0456695557, Training R-squared: 0.3485303223, Validation R-squared: 0.2957029939
2023-11-24 11:57:56,183 - INFO - Epoch 18 : Training Loss: 8.7931394577, Validation Loss: 9.0544757843, Training R-squared: 0.3525666296, Validation R-squared: 0.2938050330
2023-11-24 11:58:06,565 - INFO - Epoch 19 : Training Loss: 8.7493143082, Validation Loss: 9.0190362930, Training R-squared: 0.3595992625, Validation R-squared: 0.2995502651
2023-11-24 11:58:16,975 - INFO - Epoch 20 : Training Loss: 8.7149906158, Validation Loss: 9.0292320251, Training R-squared: 0.3630886674, Validation R-squared: 0.2974897027
2023-11-24 11:58:27,206 - INFO - Epoch 21 : Training Loss: 8.6769027710, Validation Loss: 8.9905405045, Training R-squared: 0.3687788546, Validation R-squared: 0.3035996556
2023-11-24 11:58:37,544 - INFO - Epoch 22 : Training Loss: 8.6393051147, Validation Loss: 8.9700355530, Training R-squared: 0.3755806386, Validation R-squared: 0.3065995276
2023-11-24 11:58:47,659 - INFO - Epoch 23 : Training Loss: 8.6020345688, Validation Loss: 8.9381389618, Training R-squared: 0.3806239963, Validation R-squared: 0.3117738664
2023-11-24 11:58:57,937 - INFO - Epoch 24 : Training Loss: 8.5654153824, Validation Loss: 8.9430303574, Training R-squared: 0.3866058290, Validation R-squared: 0.3106665909
2023-11-24 11:59:08,819 - INFO - Epoch 25 : Training Loss: 8.5199146271, Validation Loss: 8.9398851395, Training R-squared: 0.3932631910, Validation R-squared: 0.3109857440
2023-11-24 11:59:19,923 - INFO - Epoch 26 : Training Loss: 8.4607830048, Validation Loss: 8.9389848709, Training R-squared: 0.3974407315, Validation R-squared: 0.3109881878
2023-11-24 11:59:31,223 - INFO - Epoch 27 : Training Loss: 8.4463930130, Validation Loss: 8.8932886124, Training R-squared: 0.3994286954, Validation R-squared: 0.3184198141
2023-11-24 11:59:43,076 - INFO - Epoch 28 : Training Loss: 8.4085903168, Validation Loss: 8.8564538956, Training R-squared: 0.4052366018, Validation R-squared: 0.3242370188
2023-11-24 11:59:54,667 - INFO - Epoch 29 : Training Loss: 8.3860464096, Validation Loss: 8.8826417923, Training R-squared: 0.4076851308, Validation R-squared: 0.3197109997
2023-11-24 12:00:06,798 - INFO - Epoch 30 : Training Loss: 8.3448486328, Validation Loss: 8.8955821991, Training R-squared: 0.4153970778, Validation R-squared: 0.3173708618
2023-11-24 12:00:18,750 - INFO - Epoch 31 : Training Loss: 8.3208837509, Validation Loss: 8.8703699112, Training R-squared: 0.4176510572, Validation R-squared: 0.3214203119
2023-11-24 12:00:30,481 - INFO - Epoch 32 : Training Loss: 8.3027458191, Validation Loss: 8.8509435654, Training R-squared: 0.4194446206, Validation R-squared: 0.3247236311
2023-11-24 12:00:41,172 - INFO - Epoch 33 : Training Loss: 8.2855319977, Validation Loss: 8.8474740982, Training R-squared: 0.4240811765, Validation R-squared: 0.3248997927
2023-11-24 12:00:51,382 - INFO - Epoch 34 : Training Loss: 8.2636165619, Validation Loss: 8.8721113205, Training R-squared: 0.4264217317, Validation R-squared: 0.3209042251
2023-11-24 12:01:01,460 - INFO - Epoch 35 : Training Loss: 8.2336149216, Validation Loss: 8.8321866989, Training R-squared: 0.4291519821, Validation R-squared: 0.3274889290
2023-11-24 12:01:11,469 - INFO - Epoch 36 : Training Loss: 8.2102022171, Validation Loss: 8.8325395584, Training R-squared: 0.4327038825, Validation R-squared: 0.3272425830
2023-11-24 12:01:21,707 - INFO - Epoch 37 : Training Loss: 8.1894559860, Validation Loss: 8.8347978592, Training R-squared: 0.4341723621, Validation R-squared: 0.3269741535
2023-11-24 12:01:31,820 - INFO - Epoch 38 : Training Loss: 8.1660976410, Validation Loss: 8.8276224136, Training R-squared: 0.4378643632, Validation R-squared: 0.3278684318
2023-11-24 12:01:41,811 - INFO - Epoch 39 : Training Loss: 8.1372013092, Validation Loss: 8.8604917526, Training R-squared: 0.4422961175, Validation R-squared: 0.3224952221
2023-11-24 12:01:51,810 - INFO - Epoch 40 : Training Loss: 8.1183786392, Validation Loss: 8.8517198563, Training R-squared: 0.4446387887, Validation R-squared: 0.3239303231
2023-11-24 12:02:01,884 - INFO - Epoch 41 : Training Loss: 8.0955142975, Validation Loss: 8.8649206161, Training R-squared: 0.4478118718, Validation R-squared: 0.3215526938
2023-11-24 12:02:11,923 - INFO - Epoch 42 : Training Loss: 8.0749511719, Validation Loss: 8.8386392593, Training R-squared: 0.4493331611, Validation R-squared: 0.3258308172
2023-11-24 12:02:22,106 - INFO - Epoch 43 : Training Loss: 8.0579423904, Validation Loss: 8.7860984802, Training R-squared: 0.4526817203, Validation R-squared: 0.3343625367
2023-11-24 12:02:32,052 - INFO - Epoch 44 : Training Loss: 8.0349893570, Validation Loss: 8.8794717789, Training R-squared: 0.4546884298, Validation R-squared: 0.3190578520
2023-11-24 12:02:42,143 - INFO - Epoch 45 : Training Loss: 8.0217475891, Validation Loss: 8.8400487900, Training R-squared: 0.4575936496, Validation R-squared: 0.3253487051
2023-11-24 12:02:52,097 - INFO - Epoch 46 : Training Loss: 7.9967727661, Validation Loss: 8.8286018372, Training R-squared: 0.4593729079, Validation R-squared: 0.3273754418
2023-11-24 12:03:02,052 - INFO - Epoch 47 : Training Loss: 7.9768977165, Validation Loss: 8.8261146545, Training R-squared: 0.4627529383, Validation R-squared: 0.3274225593
2023-11-24 12:03:12,006 - INFO - Epoch 48 : Training Loss: 7.9639177322, Validation Loss: 8.8539342880, Training R-squared: 0.4643981457, Validation R-squared: 0.3227743208
2023-11-24 12:03:27,132 - INFO - Model saved to models/portion_model/dinner/512_512_200_64/sparsity_60_fold_5_model.keras
2023-11-24 12:03:32,401 - INFO - Avg Metrics: RMSE: 7.3086689251, R-squared: -0.1090043564, PCC: 0.5099800681
2023-11-24 12:03:32,402 - INFO - Agg Metrics: RMSE: 8.9126282830, R-squared: 0.3306735955, PCC: 0.5782147641
2023-11-24 12:03:46,031 - INFO - ================================================================== Results Summary ===================================================================
2023-11-24 12:03:46,031 - INFO - CrossVal Metrics (Avg.) - RMSE: 7.3912759749 ± 0.0596872399, R2: -0.3810726293 ± 0.0596872399, PCC: 0.4966203363 ± 0.0596872399
2023-11-24 12:03:46,031 - INFO - Testing  Metrics (Avg.) - RMSE: 7.4144539003, R2: -0.2113394828, PCC: 0.4878704615
2023-11-24 12:03:46,032 - INFO - CrossVal Metrics (Agg.) - RMSE: 9.0591789875 ± 0.0596872399, R2: 0.3257894469 ± 0.0596872399, PCC: 0.5729119173 ± 0.0596872399
2023-11-24 12:03:46,032 - INFO - Testing  Metrics (Agg.) - RMSE: 9.0376030018, R2: 0.3290288367, PCC: 0.5767167291
