2023-11-23 22:20:19,385 - INFO - Training model at 0% sparse columns removed...
2023-11-23 22:20:35,356 - INFO - ================================================================== Fold 1 ===================================================================
2023-11-23 22:21:23,490 - INFO - Epoch 1  : Training Loss: 6.7666702271, Validation Loss: 6.7845067978, Training R-squared: 0.0388626307, Validation R-squared: 0.0693625808
2023-11-23 22:21:57,897 - INFO - Epoch 2  : Training Loss: 6.5584154129, Validation Loss: 6.6422500610, Training R-squared: 0.0975146145, Validation R-squared: 0.1080176309
2023-11-23 22:22:27,734 - INFO - Epoch 3  : Training Loss: 6.3509845734, Validation Loss: 6.2900314331, Training R-squared: 0.1535861194, Validation R-squared: 0.2011680603
2023-11-23 22:22:58,628 - INFO - Epoch 4  : Training Loss: 6.1165647507, Validation Loss: 6.2479810715, Training R-squared: 0.2154445946, Validation R-squared: 0.2116442472
2023-11-23 22:23:28,266 - INFO - Epoch 5  : Training Loss: 6.0714817047, Validation Loss: 6.2339887619, Training R-squared: 0.2263765931, Validation R-squared: 0.2155370414
2023-11-23 22:23:59,327 - INFO - Epoch 6  : Training Loss: 6.0321593285, Validation Loss: 6.2090682983, Training R-squared: 0.2361196578, Validation R-squared: 0.2215990871
2023-11-23 22:24:28,516 - INFO - Epoch 7  : Training Loss: 5.9848833084, Validation Loss: 6.1922321320, Training R-squared: 0.2474008203, Validation R-squared: 0.2260880917
2023-11-23 22:24:57,984 - INFO - Epoch 8  : Training Loss: 5.9456534386, Validation Loss: 6.1882314682, Training R-squared: 0.2573682666, Validation R-squared: 0.2264450341
2023-11-23 22:25:27,450 - INFO - Epoch 9  : Training Loss: 5.9159274101, Validation Loss: 6.1518931389, Training R-squared: 0.2649338841, Validation R-squared: 0.2355250567
2023-11-23 22:25:56,572 - INFO - Epoch 10 : Training Loss: 5.8564996719, Validation Loss: 6.1003561020, Training R-squared: 0.2788970470, Validation R-squared: 0.2475654632
2023-11-23 22:26:26,216 - INFO - Epoch 11 : Training Loss: 5.8014039993, Validation Loss: 6.0926046371, Training R-squared: 0.2924147844, Validation R-squared: 0.2480270714
2023-11-23 22:26:55,269 - INFO - Epoch 12 : Training Loss: 5.7608070374, Validation Loss: 6.0540547371, Training R-squared: 0.3015405536, Validation R-squared: 0.2580443621
2023-11-23 22:27:24,667 - INFO - Epoch 13 : Training Loss: 5.7295169830, Validation Loss: 6.0391550064, Training R-squared: 0.3090253472, Validation R-squared: 0.2617355287
2023-11-23 22:27:53,730 - INFO - Epoch 14 : Training Loss: 5.6983447075, Validation Loss: 6.0397939682, Training R-squared: 0.3165655136, Validation R-squared: 0.2607822120
2023-11-23 22:28:22,498 - INFO - Epoch 15 : Training Loss: 5.6609230042, Validation Loss: 6.0025577545, Training R-squared: 0.3243834376, Validation R-squared: 0.2702859938
2023-11-23 22:28:50,906 - INFO - Epoch 16 : Training Loss: 5.6273317337, Validation Loss: 5.9728474617, Training R-squared: 0.3327366412, Validation R-squared: 0.2775261700
2023-11-23 22:29:19,866 - INFO - Epoch 17 : Training Loss: 5.5956611633, Validation Loss: 5.9568820000, Training R-squared: 0.3410748541, Validation R-squared: 0.2813532352
2023-11-23 22:29:48,735 - INFO - Epoch 18 : Training Loss: 5.5595946312, Validation Loss: 5.9489440918, Training R-squared: 0.3480651081, Validation R-squared: 0.2832136452
2023-11-23 22:30:17,201 - INFO - Epoch 19 : Training Loss: 5.5351619720, Validation Loss: 5.9286665916, Training R-squared: 0.3528665602, Validation R-squared: 0.2881456316
2023-11-23 22:30:45,358 - INFO - Epoch 20 : Training Loss: 5.5103111267, Validation Loss: 5.9161634445, Training R-squared: 0.3591460586, Validation R-squared: 0.2914150357
2023-11-23 22:31:13,691 - INFO - Epoch 21 : Training Loss: 5.4835314751, Validation Loss: 5.9206771851, Training R-squared: 0.3660468757, Validation R-squared: 0.2901207209
2023-11-23 22:31:42,151 - INFO - Epoch 22 : Training Loss: 5.4616899490, Validation Loss: 5.8967351913, Training R-squared: 0.3707661927, Validation R-squared: 0.2957054377
2023-11-23 22:32:10,314 - INFO - Epoch 23 : Training Loss: 5.4394311905, Validation Loss: 5.8956732750, Training R-squared: 0.3750739098, Validation R-squared: 0.2957757115
2023-11-23 22:32:39,007 - INFO - Epoch 24 : Training Loss: 5.4171075821, Validation Loss: 5.8898105621, Training R-squared: 0.3803962469, Validation R-squared: 0.2964291275
2023-11-23 22:33:07,588 - INFO - Epoch 25 : Training Loss: 5.3949346542, Validation Loss: 5.9031653404, Training R-squared: 0.3855328858, Validation R-squared: 0.2926114202
2023-11-23 22:33:35,836 - INFO - Epoch 26 : Training Loss: 5.3741827011, Validation Loss: 5.9345078468, Training R-squared: 0.3890841305, Validation R-squared: 0.2847782373
2023-11-23 22:34:05,600 - INFO - Epoch 27 : Training Loss: 5.3568382263, Validation Loss: 5.8910551071, Training R-squared: 0.3929899931, Validation R-squared: 0.2958132327
2023-11-23 22:34:34,003 - INFO - Epoch 28 : Training Loss: 5.3433923721, Validation Loss: 5.8958363533, Training R-squared: 0.3958409131, Validation R-squared: 0.2940170169
2023-11-23 22:35:02,337 - INFO - Epoch 29 : Training Loss: 5.3266053200, Validation Loss: 5.8931326866, Training R-squared: 0.3996490240, Validation R-squared: 0.2949600220
2023-11-23 22:35:27,064 - INFO - Model saved to models/portion_model/dinner/512_512_200_64/sparsity_0_fold_1_model.keras
2023-11-23 22:35:33,829 - INFO - Avg Metrics: RMSE: 4.9042712445, R-squared: -0.1245686861, PCC: 0.4404129044
2023-11-23 22:35:33,829 - INFO - Agg Metrics: RMSE: 5.9662986485, R-squared: 0.2942708014, PCC: 0.5452860520
2023-11-23 22:35:40,547 - INFO - ================================================================== Fold 2 ===================================================================
2023-11-23 22:36:22,607 - INFO - Epoch 1  : Training Loss: 6.8036317825, Validation Loss: 6.6752891541, Training R-squared: 0.0377104469, Validation R-squared: 0.0643064976
2023-11-23 22:36:50,452 - INFO - Epoch 2  : Training Loss: 6.5858287811, Validation Loss: 6.5327854156, Training R-squared: 0.0985225961, Validation R-squared: 0.1036403775
2023-11-23 22:37:18,885 - INFO - Epoch 3  : Training Loss: 6.3858027458, Validation Loss: 6.1559195518, Training R-squared: 0.1524274647, Validation R-squared: 0.2028330117
2023-11-23 22:37:47,273 - INFO - Epoch 4  : Training Loss: 6.1184267998, Validation Loss: 6.1254296303, Training R-squared: 0.2219575644, Validation R-squared: 0.2107978165
2023-11-23 22:38:15,298 - INFO - Epoch 5  : Training Loss: 6.0792670250, Validation Loss: 6.1079301834, Training R-squared: 0.2320127785, Validation R-squared: 0.2148287743
2023-11-23 22:38:43,629 - INFO - Epoch 6  : Training Loss: 6.0231895447, Validation Loss: 6.0543746948, Training R-squared: 0.2459560633, Validation R-squared: 0.2290443778
2023-11-23 22:39:12,001 - INFO - Epoch 7  : Training Loss: 5.9355669022, Validation Loss: 6.0011558533, Training R-squared: 0.2672088742, Validation R-squared: 0.2422762066
2023-11-23 22:39:40,274 - INFO - Epoch 8  : Training Loss: 5.8753223419, Validation Loss: 5.9615926743, Training R-squared: 0.2826992273, Validation R-squared: 0.2525988519
2023-11-23 22:40:08,497 - INFO - Epoch 9  : Training Loss: 5.8233399391, Validation Loss: 5.9469780922, Training R-squared: 0.2944103777, Validation R-squared: 0.2562282085
2023-11-23 22:40:36,909 - INFO - Epoch 10 : Training Loss: 5.7917232513, Validation Loss: 5.9474282265, Training R-squared: 0.3018952012, Validation R-squared: 0.2556513548
2023-11-23 22:41:05,318 - INFO - Epoch 11 : Training Loss: 5.7646312714, Validation Loss: 5.9335217476, Training R-squared: 0.3064069748, Validation R-squared: 0.2595877945
2023-11-23 22:41:33,562 - INFO - Epoch 12 : Training Loss: 5.7338547707, Validation Loss: 5.9341044426, Training R-squared: 0.3151209354, Validation R-squared: 0.2592854500
2023-11-23 22:42:01,894 - INFO - Epoch 13 : Training Loss: 5.7080273628, Validation Loss: 5.9036870003, Training R-squared: 0.3216155171, Validation R-squared: 0.2672599554
2023-11-23 22:42:30,699 - INFO - Epoch 14 : Training Loss: 5.6759591103, Validation Loss: 5.8973627090, Training R-squared: 0.3282527328, Validation R-squared: 0.2687215209
2023-11-23 22:42:59,135 - INFO - Epoch 15 : Training Loss: 5.6438112259, Validation Loss: 5.8708996773, Training R-squared: 0.3355929255, Validation R-squared: 0.2752404809
2023-11-23 22:43:27,990 - INFO - Epoch 16 : Training Loss: 5.6063351631, Validation Loss: 5.8562564850, Training R-squared: 0.3432424366, Validation R-squared: 0.2788900137
2023-11-23 22:43:57,235 - INFO - Epoch 17 : Training Loss: 5.5822243690, Validation Loss: 5.8355593681, Training R-squared: 0.3503572941, Validation R-squared: 0.2835884988
2023-11-23 22:44:25,326 - INFO - Epoch 18 : Training Loss: 5.5473027229, Validation Loss: 5.8235716820, Training R-squared: 0.3568725586, Validation R-squared: 0.2862502337
2023-11-23 22:44:53,724 - INFO - Epoch 19 : Training Loss: 5.5299153328, Validation Loss: 5.8168268204, Training R-squared: 0.3609231412, Validation R-squared: 0.2877468169
2023-11-23 22:45:22,017 - INFO - Epoch 20 : Training Loss: 5.5061402321, Validation Loss: 5.8246765137, Training R-squared: 0.3655710518, Validation R-squared: 0.2858181000
2023-11-23 22:45:50,055 - INFO - Epoch 21 : Training Loss: 5.4812250137, Validation Loss: 5.8142423630, Training R-squared: 0.3710164428, Validation R-squared: 0.2883377075
2023-11-23 22:46:18,748 - INFO - Epoch 22 : Training Loss: 5.4594340324, Validation Loss: 5.8042478561, Training R-squared: 0.3759190440, Validation R-squared: 0.2906520665
2023-11-23 22:46:46,897 - INFO - Epoch 23 : Training Loss: 5.4419808388, Validation Loss: 5.8015131950, Training R-squared: 0.3801357150, Validation R-squared: 0.2911782861
2023-11-23 22:47:14,989 - INFO - Epoch 24 : Training Loss: 5.4224042892, Validation Loss: 5.8035435677, Training R-squared: 0.3826947808, Validation R-squared: 0.2906360030
2023-11-23 22:47:43,629 - INFO - Epoch 25 : Training Loss: 5.4059085846, Validation Loss: 5.8245234489, Training R-squared: 0.3874454796, Validation R-squared: 0.2846487463
2023-11-23 22:48:12,009 - INFO - Epoch 26 : Training Loss: 5.3852796555, Validation Loss: 5.7832846642, Training R-squared: 0.3911456466, Validation R-squared: 0.2954624593
2023-11-23 22:48:40,398 - INFO - Epoch 27 : Training Loss: 5.3752923012, Validation Loss: 5.8119173050, Training R-squared: 0.3942380846, Validation R-squared: 0.2879069746
2023-11-23 22:49:08,758 - INFO - Epoch 28 : Training Loss: 5.3553657532, Validation Loss: 5.7905740738, Training R-squared: 0.3990207016, Validation R-squared: 0.2930623889
2023-11-23 22:49:37,078 - INFO - Epoch 29 : Training Loss: 5.3414773941, Validation Loss: 5.7979798317, Training R-squared: 0.4016863704, Validation R-squared: 0.2908210158
2023-11-23 22:50:05,395 - INFO - Epoch 30 : Training Loss: 5.3246231079, Validation Loss: 5.8185358047, Training R-squared: 0.4052753150, Validation R-squared: 0.2860285640
2023-11-23 22:50:33,949 - INFO - Epoch 31 : Training Loss: 5.3048558235, Validation Loss: 5.8149800301, Training R-squared: 0.4103729427, Validation R-squared: 0.2865910232
2023-11-23 22:50:58,323 - INFO - Model saved to models/portion_model/dinner/512_512_200_64/sparsity_0_fold_2_model.keras
2023-11-23 22:51:03,284 - INFO - Avg Metrics: RMSE: 4.8564907044, R-squared: -0.0599967995, PCC: 0.4418015437
2023-11-23 22:51:03,285 - INFO - Agg Metrics: RMSE: 5.8184385174, R-squared: 0.2979018585, PCC: 0.5482035031
2023-11-23 22:51:10,731 - INFO - ================================================================== Fold 3 ===================================================================
2023-11-23 22:51:54,870 - INFO - Epoch 1  : Training Loss: 6.7912669182, Validation Loss: 6.6917009354, Training R-squared: 0.0379081741, Validation R-squared: 0.0680174902
2023-11-23 22:52:25,585 - INFO - Epoch 2  : Training Loss: 6.5913863182, Validation Loss: 6.5442495346, Training R-squared: 0.0946946591, Validation R-squared: 0.1083854586
2023-11-23 22:52:55,879 - INFO - Epoch 3  : Training Loss: 6.3940587044, Validation Loss: 6.1846218109, Training R-squared: 0.1475233585, Validation R-squared: 0.2036613077
2023-11-23 22:53:26,131 - INFO - Epoch 4  : Training Loss: 6.1264276505, Validation Loss: 6.1329431534, Training R-squared: 0.2166853249, Validation R-squared: 0.2165460736
2023-11-23 22:53:58,052 - INFO - Epoch 5  : Training Loss: 6.0897517204, Validation Loss: 6.1236505508, Training R-squared: 0.2276955098, Validation R-squared: 0.2187964320
2023-11-23 22:54:28,962 - INFO - Epoch 6  : Training Loss: 6.0485525131, Validation Loss: 6.1023488045, Training R-squared: 0.2372237444, Validation R-squared: 0.2245765328
2023-11-23 22:54:59,296 - INFO - Epoch 7  : Training Loss: 6.0038657188, Validation Loss: 6.0724449158, Training R-squared: 0.2486535311, Validation R-squared: 0.2320454270
2023-11-23 22:55:29,396 - INFO - Epoch 8  : Training Loss: 5.9574770927, Validation Loss: 6.0474195480, Training R-squared: 0.2601748407, Validation R-squared: 0.2383374721
2023-11-23 22:55:59,702 - INFO - Epoch 9  : Training Loss: 5.8946843147, Validation Loss: 6.0072355270, Training R-squared: 0.2750395834, Validation R-squared: 0.2480756789
2023-11-23 22:56:30,084 - INFO - Epoch 10 : Training Loss: 5.8348646164, Validation Loss: 5.9930591583, Training R-squared: 0.2890659869, Validation R-squared: 0.2510199547
2023-11-23 22:57:00,172 - INFO - Epoch 11 : Training Loss: 5.7993602753, Validation Loss: 5.9805936813, Training R-squared: 0.2979197800, Validation R-squared: 0.2538557947
2023-11-23 22:57:30,314 - INFO - Epoch 12 : Training Loss: 5.7651753426, Validation Loss: 5.9722914696, Training R-squared: 0.3052639961, Validation R-squared: 0.2558690608
2023-11-23 22:58:00,744 - INFO - Epoch 13 : Training Loss: 5.7318296432, Validation Loss: 5.9524888992, Training R-squared: 0.3125739694, Validation R-squared: 0.2611739337
2023-11-23 22:58:31,091 - INFO - Epoch 14 : Training Loss: 5.6976642609, Validation Loss: 5.9498410225, Training R-squared: 0.3215292394, Validation R-squared: 0.2611651123
2023-11-23 22:59:01,401 - INFO - Epoch 15 : Training Loss: 5.6634588242, Validation Loss: 5.9390025139, Training R-squared: 0.3290093839, Validation R-squared: 0.2635239661
2023-11-23 22:59:31,747 - INFO - Epoch 16 : Training Loss: 5.6215567589, Validation Loss: 5.8977365494, Training R-squared: 0.3387992680, Validation R-squared: 0.2739475369
2023-11-23 23:00:02,151 - INFO - Epoch 17 : Training Loss: 5.5808258057, Validation Loss: 5.8880095482, Training R-squared: 0.3478198647, Validation R-squared: 0.2761979401
2023-11-23 23:00:32,477 - INFO - Epoch 18 : Training Loss: 5.5424337387, Validation Loss: 5.8705234528, Training R-squared: 0.3549266160, Validation R-squared: 0.2803059816
2023-11-23 23:01:02,944 - INFO - Epoch 19 : Training Loss: 5.5168881416, Validation Loss: 5.8512744904, Training R-squared: 0.3625637293, Validation R-squared: 0.2849599123
2023-11-23 23:01:33,566 - INFO - Epoch 20 : Training Loss: 5.4846129417, Validation Loss: 5.8461923599, Training R-squared: 0.3686578870, Validation R-squared: 0.2860380113
2023-11-23 23:02:03,769 - INFO - Epoch 21 : Training Loss: 5.4599523544, Validation Loss: 5.8466649055, Training R-squared: 0.3755049109, Validation R-squared: 0.2858700454
2023-11-23 23:02:36,638 - INFO - Epoch 22 : Training Loss: 5.4347190857, Validation Loss: 5.8439927101, Training R-squared: 0.3813916743, Validation R-squared: 0.2863467038
2023-11-23 23:03:08,809 - INFO - Epoch 23 : Training Loss: 5.4118905067, Validation Loss: 5.8400831223, Training R-squared: 0.3834037483, Validation R-squared: 0.2871134877
2023-11-23 23:03:39,035 - INFO - Epoch 24 : Training Loss: 5.3945841789, Validation Loss: 5.8313107491, Training R-squared: 0.3886486292, Validation R-squared: 0.2893232703
2023-11-23 23:04:10,686 - INFO - Epoch 25 : Training Loss: 5.3704729080, Validation Loss: 5.8302969933, Training R-squared: 0.3946166039, Validation R-squared: 0.2894957662
2023-11-23 23:04:41,106 - INFO - Epoch 26 : Training Loss: 5.3540487289, Validation Loss: 5.8513975143, Training R-squared: 0.3962890804, Validation R-squared: 0.2839459479
2023-11-23 23:05:11,435 - INFO - Epoch 27 : Training Loss: 5.3382420540, Validation Loss: 5.8316860199, Training R-squared: 0.4011472464, Validation R-squared: 0.2889602482
2023-11-23 23:05:42,119 - INFO - Epoch 28 : Training Loss: 5.3199238777, Validation Loss: 5.8414235115, Training R-squared: 0.4049488604, Validation R-squared: 0.2859507203
2023-11-23 23:06:12,668 - INFO - Epoch 29 : Training Loss: 5.3076343536, Validation Loss: 5.8408045769, Training R-squared: 0.4076772928, Validation R-squared: 0.2863014340
2023-11-23 23:06:42,845 - INFO - Epoch 30 : Training Loss: 5.2876362801, Validation Loss: 5.8320441246, Training R-squared: 0.4113657176, Validation R-squared: 0.2888875306
2023-11-23 23:07:11,642 - INFO - Model saved to models/portion_model/dinner/512_512_200_64/sparsity_0_fold_3_model.keras
2023-11-23 23:07:16,569 - INFO - Avg Metrics: RMSE: 4.8316964635, R-squared: -0.0222791214, PCC: 0.4439371730
2023-11-23 23:07:16,569 - INFO - Agg Metrics: RMSE: 5.9089975707, R-squared: 0.2878638684, PCC: 0.5388394039
2023-11-23 23:07:24,256 - INFO - ================================================================== Fold 4 ===================================================================
2023-11-23 23:08:16,216 - INFO - Epoch 1  : Training Loss: 6.8089251518, Validation Loss: 6.6344957352, Training R-squared: 0.0381115787, Validation R-squared: 0.0711193308
2023-11-23 23:08:46,795 - INFO - Epoch 2  : Training Loss: 6.6026763916, Validation Loss: 6.5115032196, Training R-squared: 0.0952175111, Validation R-squared: 0.1049798355
2023-11-23 23:09:17,029 - INFO - Epoch 3  : Training Loss: 6.3916854858, Validation Loss: 6.1395545006, Training R-squared: 0.1519999951, Validation R-squared: 0.2041093409
2023-11-23 23:09:46,838 - INFO - Epoch 4  : Training Loss: 6.1367197037, Validation Loss: 6.0993146896, Training R-squared: 0.2186947763, Validation R-squared: 0.2139655054
2023-11-23 23:10:17,379 - INFO - Epoch 5  : Training Loss: 6.0879759789, Validation Loss: 6.0847482681, Training R-squared: 0.2315284759, Validation R-squared: 0.2179293483
2023-11-23 23:10:47,258 - INFO - Epoch 6  : Training Loss: 6.0493335724, Validation Loss: 6.0586566925, Training R-squared: 0.2414910495, Validation R-squared: 0.2245662659
2023-11-23 23:11:17,557 - INFO - Epoch 7  : Training Loss: 6.0003123283, Validation Loss: 6.0324907303, Training R-squared: 0.2533188760, Validation R-squared: 0.2313595265
2023-11-23 23:11:47,486 - INFO - Epoch 8  : Training Loss: 5.9523339272, Validation Loss: 6.0020747185, Training R-squared: 0.2637088895, Validation R-squared: 0.2395859957
2023-11-23 23:12:18,238 - INFO - Epoch 9  : Training Loss: 5.8982529640, Validation Loss: 5.9546332359, Training R-squared: 0.2781520486, Validation R-squared: 0.2516500950
2023-11-23 23:12:50,034 - INFO - Epoch 10 : Training Loss: 5.8341255188, Validation Loss: 5.9101562500, Training R-squared: 0.2932497859, Validation R-squared: 0.2628256977
2023-11-23 23:13:21,251 - INFO - Epoch 11 : Training Loss: 5.7892122269, Validation Loss: 5.8822221756, Training R-squared: 0.3032134175, Validation R-squared: 0.2698737979
2023-11-23 23:13:52,035 - INFO - Epoch 12 : Training Loss: 5.7564053535, Validation Loss: 5.8720054626, Training R-squared: 0.3102349937, Validation R-squared: 0.2720813155
2023-11-23 23:14:22,539 - INFO - Epoch 13 : Training Loss: 5.7196803093, Validation Loss: 5.8516802788, Training R-squared: 0.3190333545, Validation R-squared: 0.2769503593
2023-11-23 23:14:52,565 - INFO - Epoch 14 : Training Loss: 5.6791110039, Validation Loss: 5.8388814926, Training R-squared: 0.3288387358, Validation R-squared: 0.2797058523
2023-11-23 23:15:22,589 - INFO - Epoch 15 : Training Loss: 5.6480569839, Validation Loss: 5.8147392273, Training R-squared: 0.3357572556, Validation R-squared: 0.2857284546
2023-11-23 23:15:52,633 - INFO - Epoch 16 : Training Loss: 5.6133379936, Validation Loss: 5.7943787575, Training R-squared: 0.3443104029, Validation R-squared: 0.2904100716
2023-11-23 23:16:23,437 - INFO - Epoch 17 : Training Loss: 5.5727090836, Validation Loss: 5.8024950027, Training R-squared: 0.3528996408, Validation R-squared: 0.2873152494
2023-11-23 23:16:53,463 - INFO - Epoch 18 : Training Loss: 5.5393090248, Validation Loss: 5.7570447922, Training R-squared: 0.3600147069, Validation R-squared: 0.2990509272
2023-11-23 23:17:23,793 - INFO - Epoch 19 : Training Loss: 5.5119948387, Validation Loss: 5.7722234726, Training R-squared: 0.3655028045, Validation R-squared: 0.2946244478
2023-11-23 23:17:53,908 - INFO - Epoch 20 : Training Loss: 5.4912891388, Validation Loss: 5.7474651337, Training R-squared: 0.3705579638, Validation R-squared: 0.3009475768
2023-11-23 23:18:24,977 - INFO - Epoch 21 : Training Loss: 5.4638366699, Validation Loss: 5.7370052338, Training R-squared: 0.3764655590, Validation R-squared: 0.3034279048
2023-11-23 23:18:55,094 - INFO - Epoch 22 : Training Loss: 5.4374427795, Validation Loss: 5.7534561157, Training R-squared: 0.3827634454, Validation R-squared: 0.2990830541
2023-11-23 23:19:25,493 - INFO - Epoch 23 : Training Loss: 5.4182682037, Validation Loss: 5.7551732063, Training R-squared: 0.3856599629, Validation R-squared: 0.2984722853
2023-11-23 23:19:55,798 - INFO - Epoch 24 : Training Loss: 5.3960785866, Validation Loss: 5.7372727394, Training R-squared: 0.3912706077, Validation R-squared: 0.3032168150
2023-11-23 23:20:26,302 - INFO - Epoch 25 : Training Loss: 5.3754529953, Validation Loss: 5.7237286568, Training R-squared: 0.3955744505, Validation R-squared: 0.3065331578
2023-11-23 23:20:56,339 - INFO - Epoch 26 : Training Loss: 5.3628840446, Validation Loss: 5.7331161499, Training R-squared: 0.3988208473, Validation R-squared: 0.3040874600
2023-11-23 23:21:27,428 - INFO - Epoch 27 : Training Loss: 5.3449521065, Validation Loss: 5.7366652489, Training R-squared: 0.4019475281, Validation R-squared: 0.3032767177
2023-11-23 23:21:57,559 - INFO - Epoch 28 : Training Loss: 5.3247609138, Validation Loss: 5.7493658066, Training R-squared: 0.4069458246, Validation R-squared: 0.2994373739
2023-11-23 23:22:27,974 - INFO - Epoch 29 : Training Loss: 5.3053331375, Validation Loss: 5.7177233696, Training R-squared: 0.4114300013, Validation R-squared: 0.3075323999
2023-11-23 23:22:58,313 - INFO - Epoch 30 : Training Loss: 5.2891721725, Validation Loss: 5.7307443619, Training R-squared: 0.4132203460, Validation R-squared: 0.3041560352
2023-11-23 23:23:29,019 - INFO - Epoch 31 : Training Loss: 5.2653117180, Validation Loss: 5.7429122925, Training R-squared: 0.4190185666, Validation R-squared: 0.3012087345
2023-11-23 23:24:01,042 - INFO - Epoch 32 : Training Loss: 5.2573590279, Validation Loss: 5.7270746231, Training R-squared: 0.4202966690, Validation R-squared: 0.3053430915
2023-11-23 23:24:31,942 - INFO - Epoch 33 : Training Loss: 5.2423954010, Validation Loss: 5.7340459824, Training R-squared: 0.4234157801, Validation R-squared: 0.3036032319
2023-11-23 23:25:02,094 - INFO - Epoch 34 : Training Loss: 5.2265787125, Validation Loss: 5.7276692390, Training R-squared: 0.4278618693, Validation R-squared: 0.3047704399
2023-11-23 23:25:29,735 - INFO - Model saved to models/portion_model/dinner/512_512_200_64/sparsity_0_fold_4_model.keras
2023-11-23 23:25:35,333 - INFO - Avg Metrics: RMSE: 4.8113895166, R-squared: 0.0020082230, PCC: 0.4589847758
2023-11-23 23:25:35,334 - INFO - Agg Metrics: RMSE: 5.7575688688, R-squared: 0.3090850264, PCC: 0.5599529786
2023-11-23 23:25:42,184 - INFO - ================================================================== Fold 5 ===================================================================
2023-11-23 23:26:25,995 - INFO - Epoch 1  : Training Loss: 6.8020782471, Validation Loss: 6.6933646202, Training R-squared: 0.0370586291, Validation R-squared: 0.0596133731
2023-11-23 23:26:56,057 - INFO - Epoch 2  : Training Loss: 6.5948300362, Validation Loss: 6.5410752296, Training R-squared: 0.0956050679, Validation R-squared: 0.1022553295
2023-11-23 23:27:26,815 - INFO - Epoch 3  : Training Loss: 6.4444861412, Validation Loss: 6.1712818146, Training R-squared: 0.1380508244, Validation R-squared: 0.2014393508
2023-11-23 23:27:56,451 - INFO - Epoch 4  : Training Loss: 6.1243410110, Validation Loss: 6.1330618858, Training R-squared: 0.2212291807, Validation R-squared: 0.2109107375
2023-11-23 23:28:26,572 - INFO - Epoch 5  : Training Loss: 6.0723896027, Validation Loss: 6.1130204201, Training R-squared: 0.2337168753, Validation R-squared: 0.2159672529
2023-11-23 23:28:56,443 - INFO - Epoch 6  : Training Loss: 6.0288028717, Validation Loss: 6.1005373001, Training R-squared: 0.2455377728, Validation R-squared: 0.2187146991
2023-11-23 23:29:26,793 - INFO - Epoch 7  : Training Loss: 5.9627156258, Validation Loss: 6.0420823097, Training R-squared: 0.2603417337, Validation R-squared: 0.2336312085
2023-11-23 23:29:56,739 - INFO - Epoch 8  : Training Loss: 5.8930640221, Validation Loss: 5.9891047478, Training R-squared: 0.2767354548, Validation R-squared: 0.2461841255
2023-11-23 23:30:28,151 - INFO - Epoch 9  : Training Loss: 5.8343529701, Validation Loss: 5.9629364014, Training R-squared: 0.2902476490, Validation R-squared: 0.2522023618
2023-11-23 23:30:57,916 - INFO - Epoch 10 : Training Loss: 5.7980818748, Validation Loss: 5.9590702057, Training R-squared: 0.2986297607, Validation R-squared: 0.2527818680
2023-11-23 23:31:28,262 - INFO - Epoch 11 : Training Loss: 5.7708015442, Validation Loss: 5.9437131882, Training R-squared: 0.3060085177, Validation R-squared: 0.2564010620
2023-11-23 23:31:58,249 - INFO - Epoch 12 : Training Loss: 5.7371530533, Validation Loss: 5.9529199600, Training R-squared: 0.3133234978, Validation R-squared: 0.2537142038
2023-11-23 23:32:28,517 - INFO - Epoch 13 : Training Loss: 5.7088651657, Validation Loss: 5.9336037636, Training R-squared: 0.3186440170, Validation R-squared: 0.2588057518
2023-11-23 23:32:58,419 - INFO - Epoch 14 : Training Loss: 5.6725759506, Validation Loss: 5.8967766762, Training R-squared: 0.3287868500, Validation R-squared: 0.2680882812
2023-11-23 23:33:28,488 - INFO - Epoch 15 : Training Loss: 5.6307492256, Validation Loss: 5.8992881775, Training R-squared: 0.3382386267, Validation R-squared: 0.2671316564
2023-11-23 23:33:59,615 - INFO - Epoch 16 : Training Loss: 5.5963125229, Validation Loss: 5.8744735718, Training R-squared: 0.3457246423, Validation R-squared: 0.2731508911
2023-11-23 23:34:29,673 - INFO - Epoch 17 : Training Loss: 5.5666689873, Validation Loss: 5.8607110977, Training R-squared: 0.3534913063, Validation R-squared: 0.2762157023
2023-11-23 23:34:59,784 - INFO - Epoch 18 : Training Loss: 5.5250005722, Validation Loss: 5.8384213448, Training R-squared: 0.3625219464, Validation R-squared: 0.2815170586
2023-11-23 23:35:30,108 - INFO - Epoch 19 : Training Loss: 5.4963603020, Validation Loss: 5.8278880119, Training R-squared: 0.3705113530, Validation R-squared: 0.2837342024
2023-11-23 23:36:00,284 - INFO - Epoch 20 : Training Loss: 5.4645915031, Validation Loss: 5.8199777603, Training R-squared: 0.3761433363, Validation R-squared: 0.2853839397
2023-11-23 23:36:30,547 - INFO - Epoch 21 : Training Loss: 5.4364008904, Validation Loss: 5.8216590881, Training R-squared: 0.3809410930, Validation R-squared: 0.2848716676
2023-11-23 23:37:00,531 - INFO - Epoch 22 : Training Loss: 5.4146528244, Validation Loss: 5.8075108528, Training R-squared: 0.3860267103, Validation R-squared: 0.2881616056
2023-11-23 23:37:30,771 - INFO - Epoch 23 : Training Loss: 5.3972363472, Validation Loss: 5.8220777512, Training R-squared: 0.3897238970, Validation R-squared: 0.2842966020
2023-11-23 23:38:00,726 - INFO - Epoch 24 : Training Loss: 5.3801999092, Validation Loss: 5.8329863548, Training R-squared: 0.3949348629, Validation R-squared: 0.2811702490
2023-11-23 23:38:31,386 - INFO - Epoch 25 : Training Loss: 5.3573060036, Validation Loss: 5.8021550179, Training R-squared: 0.3988756537, Validation R-squared: 0.2894657254
2023-11-23 23:39:01,915 - INFO - Epoch 26 : Training Loss: 5.3391542435, Validation Loss: 5.8054027557, Training R-squared: 0.4020084739, Validation R-squared: 0.2882718146
2023-11-23 23:39:32,211 - INFO - Epoch 27 : Training Loss: 5.3189921379, Validation Loss: 5.8330402374, Training R-squared: 0.4071869850, Validation R-squared: 0.2810936868
2023-11-23 23:40:02,341 - INFO - Epoch 28 : Training Loss: 5.3047127724, Validation Loss: 5.7944197655, Training R-squared: 0.4094823003, Validation R-squared: 0.2905753553
2023-11-23 23:40:32,826 - INFO - Epoch 29 : Training Loss: 5.2863612175, Validation Loss: 5.8151378632, Training R-squared: 0.4138285816, Validation R-squared: 0.2851237059
2023-11-23 23:41:02,960 - INFO - Epoch 30 : Training Loss: 5.2743754387, Validation Loss: 5.8193521500, Training R-squared: 0.4170564711, Validation R-squared: 0.2840876877
2023-11-23 23:41:33,329 - INFO - Epoch 31 : Training Loss: 5.2568893433, Validation Loss: 5.8431925774, Training R-squared: 0.4203078151, Validation R-squared: 0.2779088616
2023-11-23 23:42:03,620 - INFO - Epoch 32 : Training Loss: 5.2326951027, Validation Loss: 5.8060307503, Training R-squared: 0.4241297841, Validation R-squared: 0.2874726355
2023-11-23 23:42:35,478 - INFO - Epoch 33 : Training Loss: 5.2221455574, Validation Loss: 5.8020348549, Training R-squared: 0.4281571209, Validation R-squared: 0.2883021533
2023-11-23 23:43:03,862 - INFO - Model saved to models/portion_model/dinner/512_512_200_64/sparsity_0_fold_5_model.keras
2023-11-23 23:43:09,094 - INFO - Avg Metrics: RMSE: 4.8741572378, R-squared: -0.3223577000, PCC: 0.4606737942
2023-11-23 23:43:09,094 - INFO - Agg Metrics: RMSE: 5.8281171028, R-squared: 0.2948379055, PCC: 0.5495560342
2023-11-23 23:43:34,739 - INFO - ================================================================== Results Summary ===================================================================
2023-11-23 23:43:34,740 - INFO - CrossVal Metrics (Avg.) - RMSE: 4.8556010334 ± 0.0323728292, R2: -0.1054388168 ± 0.0323728292, PCC: 0.4491620382 ± 0.0323728292
2023-11-23 23:43:34,740 - INFO - Testing  Metrics (Avg.) - RMSE: 4.9215987477, R2: -0.5481034087, PCC: 0.4337475992
2023-11-23 23:43:34,740 - INFO - CrossVal Metrics (Agg.) - RMSE: 5.8558841416 ± 0.0323728292, R2: 0.2967918920 ± 0.0323728292, PCC: 0.5483675944 ± 0.0323728292
2023-11-23 23:43:34,740 - INFO - Testing  Metrics (Agg.) - RMSE: 6.0966423319, R2: 0.2752874504, PCC: 0.5290077201
