2023-11-24 07:13:45,088 - INFO - Training model at 35% sparse columns removed...
2023-11-24 07:13:55,200 - INFO - ================================================================== Fold 1 ===================================================================
2023-11-24 07:14:22,990 - INFO - Epoch 1  : Training Loss: 8.4405765533, Validation Loss: 8.4361124039, Training R-squared: 0.0355428606, Validation R-squared: 0.0556680746
2023-11-24 07:14:42,215 - INFO - Epoch 2  : Training Loss: 8.1882953644, Validation Loss: 8.1861619949, Training R-squared: 0.0954115540, Validation R-squared: 0.1116168201
2023-11-24 07:15:01,395 - INFO - Epoch 3  : Training Loss: 7.8164629936, Validation Loss: 7.7088780403, Training R-squared: 0.1756274998, Validation R-squared: 0.2137600034
2023-11-24 07:15:20,961 - INFO - Epoch 4  : Training Loss: 7.5994172096, Validation Loss: 7.6819195747, Training R-squared: 0.2208320647, Validation R-squared: 0.2192923725
2023-11-24 07:15:41,831 - INFO - Epoch 5  : Training Loss: 7.5468630791, Validation Loss: 7.6695671082, Training R-squared: 0.2305959314, Validation R-squared: 0.2220332772
2023-11-24 07:16:01,960 - INFO - Epoch 6  : Training Loss: 7.4980125427, Validation Loss: 7.6138930321, Training R-squared: 0.2418672889, Validation R-squared: 0.2331179678
2023-11-24 07:16:21,474 - INFO - Epoch 7  : Training Loss: 7.4123673439, Validation Loss: 7.5355067253, Training R-squared: 0.2589994371, Validation R-squared: 0.2488395870
2023-11-24 07:16:40,557 - INFO - Epoch 8  : Training Loss: 7.3198490143, Validation Loss: 7.4867906570, Training R-squared: 0.2762832642, Validation R-squared: 0.2576537728
2023-11-24 07:16:59,808 - INFO - Epoch 9  : Training Loss: 7.2668027878, Validation Loss: 7.4664072990, Training R-squared: 0.2863411307, Validation R-squared: 0.2616667151
2023-11-24 07:17:19,808 - INFO - Epoch 10 : Training Loss: 7.2248511314, Validation Loss: 7.4463157654, Training R-squared: 0.2941058874, Validation R-squared: 0.2657354176
2023-11-24 07:17:39,133 - INFO - Epoch 11 : Training Loss: 7.1836152077, Validation Loss: 7.4277138710, Training R-squared: 0.3016244173, Validation R-squared: 0.2697056830
2023-11-24 07:17:58,797 - INFO - Epoch 12 : Training Loss: 7.1356000900, Validation Loss: 7.4229860306, Training R-squared: 0.3101221919, Validation R-squared: 0.2702385783
2023-11-24 07:18:18,383 - INFO - Epoch 13 : Training Loss: 7.1038742065, Validation Loss: 7.4048209190, Training R-squared: 0.3163546920, Validation R-squared: 0.2736015618
2023-11-24 07:18:37,359 - INFO - Epoch 14 : Training Loss: 7.0637011528, Validation Loss: 7.3718700409, Training R-squared: 0.3251076341, Validation R-squared: 0.2801844180
2023-11-24 07:18:56,375 - INFO - Epoch 15 : Training Loss: 7.0276508331, Validation Loss: 7.3466629982, Training R-squared: 0.3305310607, Validation R-squared: 0.2850216031
2023-11-24 07:19:15,640 - INFO - Epoch 16 : Training Loss: 6.9816670418, Validation Loss: 7.3357367516, Training R-squared: 0.3372418582, Validation R-squared: 0.2865919471
2023-11-24 07:19:35,195 - INFO - Epoch 17 : Training Loss: 6.9366788864, Validation Loss: 7.3031225204, Training R-squared: 0.3479777575, Validation R-squared: 0.2924423218
2023-11-24 07:19:54,468 - INFO - Epoch 18 : Training Loss: 6.9002370834, Validation Loss: 7.3151264191, Training R-squared: 0.3532058895, Validation R-squared: 0.2892448008
2023-11-24 07:20:14,110 - INFO - Epoch 19 : Training Loss: 6.8639383316, Validation Loss: 7.2765626907, Training R-squared: 0.3578883410, Validation R-squared: 0.2969027758
2023-11-24 07:20:33,489 - INFO - Epoch 20 : Training Loss: 6.8421754837, Validation Loss: 7.2662267685, Training R-squared: 0.3627748787, Validation R-squared: 0.2987543344
2023-11-24 07:20:52,542 - INFO - Epoch 21 : Training Loss: 6.8173990250, Validation Loss: 7.2672519684, Training R-squared: 0.3679774404, Validation R-squared: 0.2985706925
2023-11-24 07:21:11,796 - INFO - Epoch 22 : Training Loss: 6.7941827774, Validation Loss: 7.2529649734, Training R-squared: 0.3720640242, Validation R-squared: 0.3015103936
2023-11-24 07:21:31,576 - INFO - Epoch 23 : Training Loss: 6.7680697441, Validation Loss: 7.2520108223, Training R-squared: 0.3758557439, Validation R-squared: 0.3017726541
2023-11-24 07:21:50,769 - INFO - Epoch 24 : Training Loss: 6.7373390198, Validation Loss: 7.2583737373, Training R-squared: 0.3830206692, Validation R-squared: 0.3001602888
2023-11-24 07:22:10,252 - INFO - Epoch 25 : Training Loss: 6.7118253708, Validation Loss: 7.2408337593, Training R-squared: 0.3868519068, Validation R-squared: 0.3034435809
2023-11-24 07:22:29,709 - INFO - Epoch 26 : Training Loss: 6.6938595772, Validation Loss: 7.2256751060, Training R-squared: 0.3891974390, Validation R-squared: 0.3065716922
2023-11-24 07:22:49,011 - INFO - Epoch 27 : Training Loss: 6.6655044556, Validation Loss: 7.2178869247, Training R-squared: 0.3944263458, Validation R-squared: 0.3079751134
2023-11-24 07:23:08,262 - INFO - Epoch 28 : Training Loss: 6.6342997551, Validation Loss: 7.2533330917, Training R-squared: 0.4011853933, Validation R-squared: 0.3006231189
2023-11-24 07:23:27,849 - INFO - Epoch 29 : Training Loss: 6.6145157814, Validation Loss: 7.2092428207, Training R-squared: 0.4040320218, Validation R-squared: 0.3091624677
2023-11-24 07:23:47,832 - INFO - Epoch 30 : Training Loss: 6.5892424583, Validation Loss: 7.2144012451, Training R-squared: 0.4084168971, Validation R-squared: 0.3080449104
2023-11-24 07:24:08,253 - INFO - Epoch 31 : Training Loss: 6.5714926720, Validation Loss: 7.1907620430, Training R-squared: 0.4133083820, Validation R-squared: 0.3126343191
2023-11-24 07:24:27,992 - INFO - Epoch 32 : Training Loss: 6.5505571365, Validation Loss: 7.2040500641, Training R-squared: 0.4144297540, Validation R-squared: 0.3100830615
2023-11-24 07:24:47,143 - INFO - Epoch 33 : Training Loss: 6.5328831673, Validation Loss: 7.1815004349, Training R-squared: 0.4178333580, Validation R-squared: 0.3141382039
2023-11-24 07:25:06,329 - INFO - Epoch 34 : Training Loss: 6.5190243721, Validation Loss: 7.1743884087, Training R-squared: 0.4212754965, Validation R-squared: 0.3157960773
2023-11-24 07:25:26,461 - INFO - Epoch 35 : Training Loss: 6.4957213402, Validation Loss: 7.1779155731, Training R-squared: 0.4242784083, Validation R-squared: 0.3147463799
2023-11-24 07:25:45,812 - INFO - Epoch 36 : Training Loss: 6.4748311043, Validation Loss: 7.1965117455, Training R-squared: 0.4271442592, Validation R-squared: 0.3107585311
2023-11-24 07:26:05,345 - INFO - Epoch 37 : Training Loss: 6.4508070946, Validation Loss: 7.1647725105, Training R-squared: 0.4307104051, Validation R-squared: 0.3170852959
2023-11-24 07:26:24,867 - INFO - Epoch 38 : Training Loss: 6.4363012314, Validation Loss: 7.1699061394, Training R-squared: 0.4349397719, Validation R-squared: 0.3159312308
2023-11-24 07:26:44,014 - INFO - Epoch 39 : Training Loss: 6.4196152687, Validation Loss: 7.1754260063, Training R-squared: 0.4359437227, Validation R-squared: 0.3145590425
2023-11-24 07:27:03,121 - INFO - Epoch 40 : Training Loss: 6.4019322395, Validation Loss: 7.1861653328, Training R-squared: 0.4409622252, Validation R-squared: 0.3127060533
2023-11-24 07:27:23,076 - INFO - Epoch 41 : Training Loss: 6.3801913261, Validation Loss: 7.1875576973, Training R-squared: 0.4431659281, Validation R-squared: 0.3119316697
2023-11-24 07:27:42,461 - INFO - Epoch 42 : Training Loss: 6.3666930199, Validation Loss: 7.1849489212, Training R-squared: 0.4449693561, Validation R-squared: 0.3123091161
2023-11-24 07:28:03,926 - INFO - Model saved to models/portion_model/dinner/512_512_200_64/sparsity_35_fold_1_model.keras
2023-11-24 07:28:09,527 - INFO - Avg Metrics: RMSE: 5.9215112142, R-squared: -0.0943892225, PCC: 0.4934355977
2023-11-24 07:28:09,528 - INFO - Agg Metrics: RMSE: 7.2868508392, R-squared: 0.3131082302, PCC: 0.5634197011
2023-11-24 07:28:16,234 - INFO - ================================================================== Fold 2 ===================================================================
2023-11-24 07:28:44,523 - INFO - Epoch 1  : Training Loss: 8.4592952728, Validation Loss: 8.3653488159, Training R-squared: 0.0357101709, Validation R-squared: 0.0569596402
2023-11-24 07:29:03,607 - INFO - Epoch 2  : Training Loss: 8.2099323273, Validation Loss: 8.1473922729, Training R-squared: 0.0939462036, Validation R-squared: 0.1056939662
2023-11-24 07:29:23,501 - INFO - Epoch 3  : Training Loss: 7.9362359047, Validation Loss: 7.7009501457, Training R-squared: 0.1525843889, Validation R-squared: 0.2020088136
2023-11-24 07:29:42,606 - INFO - Epoch 4  : Training Loss: 7.6317429543, Validation Loss: 7.6499695778, Training R-squared: 0.2180031538, Validation R-squared: 0.2125077099
2023-11-24 07:30:01,857 - INFO - Epoch 5  : Training Loss: 7.5569248199, Validation Loss: 7.6079058647, Training R-squared: 0.2315951288, Validation R-squared: 0.2210730761
2023-11-24 07:30:21,440 - INFO - Epoch 6  : Training Loss: 7.4963726997, Validation Loss: 7.5742864609, Training R-squared: 0.2446049154, Validation R-squared: 0.2274598330
2023-11-24 07:30:39,701 - INFO - Epoch 7  : Training Loss: 7.4412484169, Validation Loss: 7.5318441391, Training R-squared: 0.2559126019, Validation R-squared: 0.2357235402
2023-11-24 07:30:57,389 - INFO - Epoch 8  : Training Loss: 7.3607959747, Validation Loss: 7.4742093086, Training R-squared: 0.2716990411, Validation R-squared: 0.2466458827
2023-11-24 07:31:15,312 - INFO - Epoch 9  : Training Loss: 7.3057370186, Validation Loss: 7.4490866661, Training R-squared: 0.2820475101, Validation R-squared: 0.2513610125
2023-11-24 07:31:33,475 - INFO - Epoch 10 : Training Loss: 7.2488574982, Validation Loss: 7.4268126488, Training R-squared: 0.2922737300, Validation R-squared: 0.2557525039
2023-11-24 07:31:51,131 - INFO - Epoch 11 : Training Loss: 7.2101993561, Validation Loss: 7.4096174240, Training R-squared: 0.2988560796, Validation R-squared: 0.2593018413
2023-11-24 07:32:09,102 - INFO - Epoch 12 : Training Loss: 7.1762881279, Validation Loss: 7.4024839401, Training R-squared: 0.3056216836, Validation R-squared: 0.2600176930
2023-11-24 07:32:26,939 - INFO - Epoch 13 : Training Loss: 7.1218943596, Validation Loss: 7.3585028648, Training R-squared: 0.3151204586, Validation R-squared: 0.2689974010
2023-11-24 07:32:44,936 - INFO - Epoch 14 : Training Loss: 7.0785002708, Validation Loss: 7.3288521767, Training R-squared: 0.3251501918, Validation R-squared: 0.2745439708
2023-11-24 07:33:02,532 - INFO - Epoch 15 : Training Loss: 7.0250806808, Validation Loss: 7.3105244637, Training R-squared: 0.3336066604, Validation R-squared: 0.2771095037
2023-11-24 07:33:20,705 - INFO - Epoch 16 : Training Loss: 6.9746794701, Validation Loss: 7.2767210007, Training R-squared: 0.3438122571, Validation R-squared: 0.2837533355
2023-11-24 07:33:38,431 - INFO - Epoch 17 : Training Loss: 6.9323782921, Validation Loss: 7.3006696701, Training R-squared: 0.3486032784, Validation R-squared: 0.2779125273
2023-11-24 07:33:57,105 - INFO - Epoch 18 : Training Loss: 6.9025740623, Validation Loss: 7.2567620277, Training R-squared: 0.3543183208, Validation R-squared: 0.2872621119
2023-11-24 07:34:15,149 - INFO - Epoch 19 : Training Loss: 6.8732843399, Validation Loss: 7.2673888206, Training R-squared: 0.3589749932, Validation R-squared: 0.2845464051
2023-11-24 07:34:32,893 - INFO - Epoch 20 : Training Loss: 6.8461341858, Validation Loss: 7.2582721710, Training R-squared: 0.3655878901, Validation R-squared: 0.2860211730
2023-11-24 07:34:50,704 - INFO - Epoch 21 : Training Loss: 6.8195862770, Validation Loss: 7.2343616486, Training R-squared: 0.3699410856, Validation R-squared: 0.2911956012
2023-11-24 07:35:08,516 - INFO - Epoch 22 : Training Loss: 6.7933616638, Validation Loss: 7.2385540009, Training R-squared: 0.3763434291, Validation R-squared: 0.2900571823
2023-11-24 07:35:26,711 - INFO - Epoch 23 : Training Loss: 6.7536973953, Validation Loss: 7.2289824486, Training R-squared: 0.3809480369, Validation R-squared: 0.2921227217
2023-11-24 07:35:44,301 - INFO - Epoch 24 : Training Loss: 6.7346391678, Validation Loss: 7.2102713585, Training R-squared: 0.3846273422, Validation R-squared: 0.2958835065
2023-11-24 07:36:02,081 - INFO - Epoch 25 : Training Loss: 6.7172527313, Validation Loss: 7.2101492882, Training R-squared: 0.3863931000, Validation R-squared: 0.2954688072
2023-11-24 07:36:20,384 - INFO - Epoch 26 : Training Loss: 6.6892409325, Validation Loss: 7.2290558815, Training R-squared: 0.3919981420, Validation R-squared: 0.2908839583
2023-11-24 07:36:38,099 - INFO - Epoch 27 : Training Loss: 6.6633372307, Validation Loss: 7.2183389664, Training R-squared: 0.3961079419, Validation R-squared: 0.2928885818
2023-11-24 07:36:55,887 - INFO - Epoch 28 : Training Loss: 6.6445450783, Validation Loss: 7.2225108147, Training R-squared: 0.4002858102, Validation R-squared: 0.2921266556
2023-11-24 07:37:13,614 - INFO - Epoch 29 : Training Loss: 6.6186795235, Validation Loss: 7.2124366760, Training R-squared: 0.4038851559, Validation R-squared: 0.2939142287
2023-11-24 07:37:31,600 - INFO - Epoch 30 : Training Loss: 6.5980048180, Validation Loss: 7.2005701065, Training R-squared: 0.4089214802, Validation R-squared: 0.2967957556
2023-11-24 07:37:49,573 - INFO - Epoch 31 : Training Loss: 6.5731520653, Validation Loss: 7.1938333511, Training R-squared: 0.4122287929, Validation R-squared: 0.2983380258
2023-11-24 07:38:07,383 - INFO - Epoch 32 : Training Loss: 6.5512905121, Validation Loss: 7.1905474663, Training R-squared: 0.4161211252, Validation R-squared: 0.2986701727
2023-11-24 07:38:25,641 - INFO - Epoch 33 : Training Loss: 6.5359053612, Validation Loss: 7.2189545631, Training R-squared: 0.4193868041, Validation R-squared: 0.2927876711
2023-11-24 07:38:43,101 - INFO - Epoch 34 : Training Loss: 6.5195059776, Validation Loss: 7.2242274284, Training R-squared: 0.4222857356, Validation R-squared: 0.2907175124
2023-11-24 07:39:00,989 - INFO - Epoch 35 : Training Loss: 6.4999632835, Validation Loss: 7.2073888779, Training R-squared: 0.4236417413, Validation R-squared: 0.2945573032
2023-11-24 07:39:19,107 - INFO - Epoch 36 : Training Loss: 6.4894108772, Validation Loss: 7.1862063408, Training R-squared: 0.4265222549, Validation R-squared: 0.2995110750
2023-11-24 07:39:36,923 - INFO - Epoch 37 : Training Loss: 6.4657063484, Validation Loss: 7.2325167656, Training R-squared: 0.4306711555, Validation R-squared: 0.2892017066
2023-11-24 07:39:54,839 - INFO - Epoch 38 : Training Loss: 6.4474630356, Validation Loss: 7.2428174019, Training R-squared: 0.4319017529, Validation R-squared: 0.2866008878
2023-11-24 07:40:12,847 - INFO - Epoch 39 : Training Loss: 6.4408445358, Validation Loss: 7.2435970306, Training R-squared: 0.4343696237, Validation R-squared: 0.2861570120
2023-11-24 07:40:31,230 - INFO - Epoch 40 : Training Loss: 6.4173612595, Validation Loss: 7.2630343437, Training R-squared: 0.4384039640, Validation R-squared: 0.2821591496
2023-11-24 07:40:48,915 - INFO - Epoch 41 : Training Loss: 6.4001178741, Validation Loss: 7.2295122147, Training R-squared: 0.4414066076, Validation R-squared: 0.2895353138
2023-11-24 07:41:07,925 - INFO - Model saved to models/portion_model/dinner/512_512_200_64/sparsity_35_fold_2_model.keras
2023-11-24 07:41:14,323 - INFO - Avg Metrics: RMSE: 5.9521519355, R-squared: -0.4931843408, PCC: 0.4725209798
2023-11-24 07:41:14,324 - INFO - Agg Metrics: RMSE: 7.2650944624, R-squared: 0.3010548825, PCC: 0.5538246825
2023-11-24 07:41:20,868 - INFO - ================================================================== Fold 3 ===================================================================
2023-11-24 07:41:46,489 - INFO - Epoch 1  : Training Loss: 8.4869279861, Validation Loss: 8.2798805237, Training R-squared: 0.0360469744, Validation R-squared: 0.0580646954
2023-11-24 07:42:04,230 - INFO - Epoch 2  : Training Loss: 8.2087917328, Validation Loss: 8.0512733459, Training R-squared: 0.0974474698, Validation R-squared: 0.1097536907
2023-11-24 07:42:22,335 - INFO - Epoch 3  : Training Loss: 7.8602104187, Validation Loss: 7.6083250046, Training R-squared: 0.1727652252, Validation R-squared: 0.2056157291
2023-11-24 07:42:39,989 - INFO - Epoch 4  : Training Loss: 7.6343417168, Validation Loss: 7.5672836304, Training R-squared: 0.2202955335, Validation R-squared: 0.2140926272
2023-11-24 07:42:57,593 - INFO - Epoch 5  : Training Loss: 7.5778207779, Validation Loss: 7.5418596268, Training R-squared: 0.2333179563, Validation R-squared: 0.2193521112
2023-11-24 07:43:15,325 - INFO - Epoch 6  : Training Loss: 7.5212192535, Validation Loss: 7.4975714684, Training R-squared: 0.2436845005, Validation R-squared: 0.2288547158
2023-11-24 07:43:33,106 - INFO - Epoch 7  : Training Loss: 7.4256539345, Validation Loss: 7.4027290344, Training R-squared: 0.2616944015, Validation R-squared: 0.2480144650
2023-11-24 07:43:51,591 - INFO - Epoch 8  : Training Loss: 7.3212990761, Validation Loss: 7.3537645340, Training R-squared: 0.2833697498, Validation R-squared: 0.2576185167
2023-11-24 07:44:09,891 - INFO - Epoch 9  : Training Loss: 7.2596240044, Validation Loss: 7.3366565704, Training R-squared: 0.2925652564, Validation R-squared: 0.2610396147
2023-11-24 07:44:27,901 - INFO - Epoch 10 : Training Loss: 7.2288980484, Validation Loss: 7.3305039406, Training R-squared: 0.2995062172, Validation R-squared: 0.2619055510
2023-11-24 07:44:45,600 - INFO - Epoch 11 : Training Loss: 7.1874141693, Validation Loss: 7.3071498871, Training R-squared: 0.3062302768, Validation R-squared: 0.2668948174
2023-11-24 07:45:03,193 - INFO - Epoch 12 : Training Loss: 7.1628994942, Validation Loss: 7.2993674278, Training R-squared: 0.3118653297, Validation R-squared: 0.2683438957
2023-11-24 07:45:21,417 - INFO - Epoch 13 : Training Loss: 7.1055836678, Validation Loss: 7.2826848030, Training R-squared: 0.3223991692, Validation R-squared: 0.2712416947
2023-11-24 07:45:39,317 - INFO - Epoch 14 : Training Loss: 7.0640201569, Validation Loss: 7.2524085045, Training R-squared: 0.3295435309, Validation R-squared: 0.2770289779
2023-11-24 07:45:57,129 - INFO - Epoch 15 : Training Loss: 7.0086464882, Validation Loss: 7.2080326080, Training R-squared: 0.3394635618, Validation R-squared: 0.2856253982
2023-11-24 07:46:15,212 - INFO - Epoch 16 : Training Loss: 6.9596428871, Validation Loss: 7.1989884377, Training R-squared: 0.3479854763, Validation R-squared: 0.2870709002
2023-11-24 07:46:33,324 - INFO - Epoch 17 : Training Loss: 6.9174165726, Validation Loss: 7.1862459183, Training R-squared: 0.3571299911, Validation R-squared: 0.2891923487
2023-11-24 07:46:51,146 - INFO - Epoch 18 : Training Loss: 6.8837099075, Validation Loss: 7.1856780052, Training R-squared: 0.3635991514, Validation R-squared: 0.2891341150
2023-11-24 07:47:08,781 - INFO - Epoch 19 : Training Loss: 6.8444519043, Validation Loss: 7.1498007774, Training R-squared: 0.3693523407, Validation R-squared: 0.2962460816
2023-11-24 07:47:26,946 - INFO - Epoch 20 : Training Loss: 6.8090696335, Validation Loss: 7.1457018852, Training R-squared: 0.3743502796, Validation R-squared: 0.2972752452
2023-11-24 07:47:44,799 - INFO - Epoch 21 : Training Loss: 6.7870016098, Validation Loss: 7.1736454964, Training R-squared: 0.3802001476, Validation R-squared: 0.2912614942
2023-11-24 07:48:02,723 - INFO - Epoch 22 : Training Loss: 6.7591366768, Validation Loss: 7.1435713768, Training R-squared: 0.3836784959, Validation R-squared: 0.2971750796
2023-11-24 07:48:20,953 - INFO - Epoch 23 : Training Loss: 6.7272138596, Validation Loss: 7.1652145386, Training R-squared: 0.3897839189, Validation R-squared: 0.2926509678
2023-11-24 07:48:38,583 - INFO - Epoch 24 : Training Loss: 6.7042679787, Validation Loss: 7.1330852509, Training R-squared: 0.3941140473, Validation R-squared: 0.2993931770
2023-11-24 07:48:56,751 - INFO - Epoch 25 : Training Loss: 6.6720275879, Validation Loss: 7.1368308067, Training R-squared: 0.3992277980, Validation R-squared: 0.2985222638
2023-11-24 07:49:14,521 - INFO - Epoch 26 : Training Loss: 6.6462388039, Validation Loss: 7.1657481194, Training R-squared: 0.4048255682, Validation R-squared: 0.2924491763
2023-11-24 07:49:32,796 - INFO - Epoch 27 : Training Loss: 6.6216611862, Validation Loss: 7.1449165344, Training R-squared: 0.4075243771, Validation R-squared: 0.2964964211
2023-11-24 07:49:50,516 - INFO - Epoch 28 : Training Loss: 6.6022744179, Validation Loss: 7.1365766525, Training R-squared: 0.4115948975, Validation R-squared: 0.2982071340
2023-11-24 07:50:08,450 - INFO - Epoch 29 : Training Loss: 6.5725340843, Validation Loss: 7.1517739296, Training R-squared: 0.4175145626, Validation R-squared: 0.2950940132
2023-11-24 07:50:28,007 - INFO - Model saved to models/portion_model/dinner/512_512_200_64/sparsity_35_fold_3_model.keras
2023-11-24 07:50:32,796 - INFO - Avg Metrics: RMSE: 5.9741433260, R-squared: -0.0389658764, PCC: 0.4505321722
2023-11-24 07:50:32,796 - INFO - Agg Metrics: RMSE: 7.2077046812, R-squared: 0.2980096844, PCC: 0.5500518278
2023-11-24 07:50:39,167 - INFO - ================================================================== Fold 4 ===================================================================
2023-11-24 07:51:05,748 - INFO - Epoch 1  : Training Loss: 8.4602346420, Validation Loss: 8.3282127380, Training R-squared: 0.0372060351, Validation R-squared: 0.0649364963
2023-11-24 07:51:26,215 - INFO - Epoch 2  : Training Loss: 8.1937513351, Validation Loss: 8.1275091171, Training R-squared: 0.0967044309, Validation R-squared: 0.1096759662
2023-11-24 07:51:44,769 - INFO - Epoch 3  : Training Loss: 7.8506751060, Validation Loss: 7.6834926605, Training R-squared: 0.1702906489, Validation R-squared: 0.2049124688
2023-11-24 07:52:02,583 - INFO - Epoch 4  : Training Loss: 7.6189599037, Validation Loss: 7.6342358589, Training R-squared: 0.2207552493, Validation R-squared: 0.2152747810
2023-11-24 07:52:20,779 - INFO - Epoch 5  : Training Loss: 7.5540862083, Validation Loss: 7.6048231125, Training R-squared: 0.2333302349, Validation R-squared: 0.2213494331
2023-11-24 07:52:38,390 - INFO - Epoch 6  : Training Loss: 7.4832029343, Validation Loss: 7.5733041763, Training R-squared: 0.2472509444, Validation R-squared: 0.2274717540
2023-11-24 07:52:56,036 - INFO - Epoch 7  : Training Loss: 7.4160733223, Validation Loss: 7.5212554932, Training R-squared: 0.2600816786, Validation R-squared: 0.2381620407
2023-11-24 07:53:13,782 - INFO - Epoch 8  : Training Loss: 7.3362188339, Validation Loss: 7.4695901871, Training R-squared: 0.2768764794, Validation R-squared: 0.2478798926
2023-11-24 07:53:31,872 - INFO - Epoch 9  : Training Loss: 7.2726039886, Validation Loss: 7.4427380562, Training R-squared: 0.2882639170, Validation R-squared: 0.2528651357
2023-11-24 07:53:50,894 - INFO - Epoch 10 : Training Loss: 7.2252392769, Validation Loss: 7.4264192581, Training R-squared: 0.2970730066, Validation R-squared: 0.2559410036
2023-11-24 07:54:09,022 - INFO - Epoch 11 : Training Loss: 7.1872224808, Validation Loss: 7.4047160149, Training R-squared: 0.3039103150, Validation R-squared: 0.2601054907
2023-11-24 07:54:26,917 - INFO - Epoch 12 : Training Loss: 7.1326723099, Validation Loss: 7.3805856705, Training R-squared: 0.3141103685, Validation R-squared: 0.2650658488
2023-11-24 07:54:44,539 - INFO - Epoch 13 : Training Loss: 7.0734467506, Validation Loss: 7.3523240089, Training R-squared: 0.3245368004, Validation R-squared: 0.2699637413
2023-11-24 07:55:02,519 - INFO - Epoch 14 : Training Loss: 7.0259304047, Validation Loss: 7.3402528763, Training R-squared: 0.3344023228, Validation R-squared: 0.2719425857
2023-11-24 07:55:20,626 - INFO - Epoch 15 : Training Loss: 6.9685220718, Validation Loss: 7.3180065155, Training R-squared: 0.3431873918, Validation R-squared: 0.2765307724
2023-11-24 07:55:38,647 - INFO - Epoch 16 : Training Loss: 6.9338464737, Validation Loss: 7.3049607277, Training R-squared: 0.3492897153, Validation R-squared: 0.2786349654
2023-11-24 07:55:56,360 - INFO - Epoch 17 : Training Loss: 6.8976664543, Validation Loss: 7.2972841263, Training R-squared: 0.3555864692, Validation R-squared: 0.2799632251
2023-11-24 07:56:14,286 - INFO - Epoch 18 : Training Loss: 6.8555169106, Validation Loss: 7.3080244064, Training R-squared: 0.3634170592, Validation R-squared: 0.2776143849
2023-11-24 07:56:32,417 - INFO - Epoch 19 : Training Loss: 6.8243408203, Validation Loss: 7.2843551636, Training R-squared: 0.3700757325, Validation R-squared: 0.2825074494
2023-11-24 07:56:49,968 - INFO - Epoch 20 : Training Loss: 6.7909145355, Validation Loss: 7.2655477524, Training R-squared: 0.3747137785, Validation R-squared: 0.2866090834
2023-11-24 07:57:07,877 - INFO - Epoch 21 : Training Loss: 6.7610173225, Validation Loss: 7.2482233047, Training R-squared: 0.3814034164, Validation R-squared: 0.2900869250
2023-11-24 07:57:25,952 - INFO - Epoch 22 : Training Loss: 6.7314214706, Validation Loss: 7.2463431358, Training R-squared: 0.3876163960, Validation R-squared: 0.2901899517
2023-11-24 07:57:43,930 - INFO - Epoch 23 : Training Loss: 6.7052450180, Validation Loss: 7.2436313629, Training R-squared: 0.3912997842, Validation R-squared: 0.2909280360
2023-11-24 07:58:01,755 - INFO - Epoch 24 : Training Loss: 6.6793837547, Validation Loss: 7.2189941406, Training R-squared: 0.3954982758, Validation R-squared: 0.2957538366
2023-11-24 07:58:19,738 - INFO - Epoch 25 : Training Loss: 6.6561870575, Validation Loss: 7.2316074371, Training R-squared: 0.3984153271, Validation R-squared: 0.2934348285
2023-11-24 07:58:37,596 - INFO - Epoch 26 : Training Loss: 6.6239066124, Validation Loss: 7.2595009804, Training R-squared: 0.4042915106, Validation R-squared: 0.2873115838
2023-11-24 07:58:55,185 - INFO - Epoch 27 : Training Loss: 6.6029329300, Validation Loss: 7.2482304573, Training R-squared: 0.4058816433, Validation R-squared: 0.2896090448
2023-11-24 07:59:13,237 - INFO - Epoch 28 : Training Loss: 6.5803294182, Validation Loss: 7.2491040230, Training R-squared: 0.4117247462, Validation R-squared: 0.2893002629
2023-11-24 07:59:31,320 - INFO - Epoch 29 : Training Loss: 6.5634140968, Validation Loss: 7.2623586655, Training R-squared: 0.4149889052, Validation R-squared: 0.2864265144
2023-11-24 07:59:50,569 - INFO - Model saved to models/portion_model/dinner/512_512_200_64/sparsity_35_fold_4_model.keras
2023-11-24 07:59:56,754 - INFO - Avg Metrics: RMSE: 5.9935016131, R-squared: -0.0834500100, PCC: 0.4466768026
2023-11-24 07:59:56,755 - INFO - Agg Metrics: RMSE: 7.3099059028, R-squared: 0.2934205170, PCC: 0.5432622321
2023-11-24 08:00:03,126 - INFO - ================================================================== Fold 5 ===================================================================
2023-11-24 08:00:28,455 - INFO - Epoch 1  : Training Loss: 8.4552793503, Validation Loss: 8.4197597504, Training R-squared: 0.0355758034, Validation R-squared: 0.0562755279
2023-11-24 08:00:46,328 - INFO - Epoch 2  : Training Loss: 8.1931753159, Validation Loss: 8.1938591003, Training R-squared: 0.0934036374, Validation R-squared: 0.1074325144
2023-11-24 08:01:03,912 - INFO - Epoch 3  : Training Loss: 7.9532494545, Validation Loss: 7.7746596336, Training R-squared: 0.1461134404, Validation R-squared: 0.1976793855
2023-11-24 08:01:21,829 - INFO - Epoch 4  : Training Loss: 7.6457805634, Validation Loss: 7.6905970573, Training R-squared: 0.2118371278, Validation R-squared: 0.2152670175
2023-11-24 08:01:39,504 - INFO - Epoch 5  : Training Loss: 7.5661106110, Validation Loss: 7.6609911919, Training R-squared: 0.2283764631, Validation R-squared: 0.2210580260
2023-11-24 08:01:57,439 - INFO - Epoch 6  : Training Loss: 7.5138416290, Validation Loss: 7.6230568886, Training R-squared: 0.2387900352, Validation R-squared: 0.2287718207
2023-11-24 08:02:15,149 - INFO - Epoch 7  : Training Loss: 7.4364490509, Validation Loss: 7.5537586212, Training R-squared: 0.2541153729, Validation R-squared: 0.2420107871
2023-11-24 08:02:33,327 - INFO - Epoch 8  : Training Loss: 7.3407735825, Validation Loss: 7.4827771187, Training R-squared: 0.2742332816, Validation R-squared: 0.2556736469
2023-11-24 08:02:51,496 - INFO - Epoch 9  : Training Loss: 7.2705345154, Validation Loss: 7.4617781639, Training R-squared: 0.2868928909, Validation R-squared: 0.2595518529
2023-11-24 08:03:09,321 - INFO - Epoch 10 : Training Loss: 7.2316493988, Validation Loss: 7.4536714554, Training R-squared: 0.2916120589, Validation R-squared: 0.2607440352
2023-11-24 08:03:27,714 - INFO - Epoch 11 : Training Loss: 7.1977987289, Validation Loss: 7.4373345375, Training R-squared: 0.3007859886, Validation R-squared: 0.2637029290
2023-11-24 08:03:45,643 - INFO - Epoch 12 : Training Loss: 7.1595907211, Validation Loss: 7.4129042625, Training R-squared: 0.3075634837, Validation R-squared: 0.2684804499
2023-11-24 08:04:04,210 - INFO - Epoch 13 : Training Loss: 7.1175065041, Validation Loss: 7.4134283066, Training R-squared: 0.3130648732, Validation R-squared: 0.2677111030
2023-11-24 08:04:22,153 - INFO - Epoch 14 : Training Loss: 7.0847663879, Validation Loss: 7.3820509911, Training R-squared: 0.3210528195, Validation R-squared: 0.2736546695
2023-11-24 08:04:39,917 - INFO - Epoch 15 : Training Loss: 7.0427436829, Validation Loss: 7.3444066048, Training R-squared: 0.3286473453, Validation R-squared: 0.2806697786
2023-11-24 08:04:57,711 - INFO - Epoch 16 : Training Loss: 7.0085787773, Validation Loss: 7.3245306015, Training R-squared: 0.3344050944, Validation R-squared: 0.2844102979
2023-11-24 08:05:15,561 - INFO - Epoch 17 : Training Loss: 6.9681839943, Validation Loss: 7.3247976303, Training R-squared: 0.3417446911, Validation R-squared: 0.2837863266
2023-11-24 08:05:33,695 - INFO - Epoch 18 : Training Loss: 6.9374036789, Validation Loss: 7.3056550026, Training R-squared: 0.3465538621, Validation R-squared: 0.2875534296
2023-11-24 08:05:51,416 - INFO - Epoch 19 : Training Loss: 6.9089307785, Validation Loss: 7.3091473579, Training R-squared: 0.3526675403, Validation R-squared: 0.2866554558
2023-11-24 08:06:09,274 - INFO - Epoch 20 : Training Loss: 6.8779273033, Validation Loss: 7.2940716743, Training R-squared: 0.3592109978, Validation R-squared: 0.2893299460
2023-11-24 08:06:27,358 - INFO - Epoch 21 : Training Loss: 6.8412551880, Validation Loss: 7.2703294754, Training R-squared: 0.3648585379, Validation R-squared: 0.2940970659
2023-11-24 08:06:45,004 - INFO - Epoch 22 : Training Loss: 6.8193116188, Validation Loss: 7.2494721413, Training R-squared: 0.3695009053, Validation R-squared: 0.2979590595
2023-11-24 08:07:03,055 - INFO - Epoch 23 : Training Loss: 6.7976112366, Validation Loss: 7.2630143166, Training R-squared: 0.3728752732, Validation R-squared: 0.2951761186
2023-11-24 08:07:21,823 - INFO - Epoch 24 : Training Loss: 6.7746214867, Validation Loss: 7.2316889763, Training R-squared: 0.3771590590, Validation R-squared: 0.3016685545
2023-11-24 08:07:40,671 - INFO - Epoch 25 : Training Loss: 6.7365446091, Validation Loss: 7.2488951683, Training R-squared: 0.3821059167, Validation R-squared: 0.2978237867
2023-11-24 08:07:59,899 - INFO - Epoch 26 : Training Loss: 6.7189741135, Validation Loss: 7.2694234848, Training R-squared: 0.3861887157, Validation R-squared: 0.2938953936
2023-11-24 08:08:19,122 - INFO - Epoch 27 : Training Loss: 6.7010798454, Validation Loss: 7.2195363045, Training R-squared: 0.3896477222, Validation R-squared: 0.3037126958
2023-11-24 08:08:37,556 - INFO - Epoch 28 : Training Loss: 6.6816573143, Validation Loss: 7.2192454338, Training R-squared: 0.3928088844, Validation R-squared: 0.3035780489
2023-11-24 08:08:55,367 - INFO - Epoch 29 : Training Loss: 6.6619405746, Validation Loss: 7.2211399078, Training R-squared: 0.3967851698, Validation R-squared: 0.3029427230
2023-11-24 08:09:13,390 - INFO - Epoch 30 : Training Loss: 6.6440930367, Validation Loss: 7.2544479370, Training R-squared: 0.3996611536, Validation R-squared: 0.2959845662
2023-11-24 08:09:31,333 - INFO - Epoch 31 : Training Loss: 6.6235337257, Validation Loss: 7.2023339272, Training R-squared: 0.4022913277, Validation R-squared: 0.3067447543
2023-11-24 08:09:49,261 - INFO - Epoch 32 : Training Loss: 6.6021046638, Validation Loss: 7.2225613594, Training R-squared: 0.4056603312, Validation R-squared: 0.3024907708
2023-11-24 08:10:07,261 - INFO - Epoch 33 : Training Loss: 6.5874061584, Validation Loss: 7.2119774818, Training R-squared: 0.4091770053, Validation R-squared: 0.3046078086
2023-11-24 08:10:25,401 - INFO - Epoch 34 : Training Loss: 6.5768589973, Validation Loss: 7.2168636322, Training R-squared: 0.4124992490, Validation R-squared: 0.3032337427
2023-11-24 08:10:43,209 - INFO - Epoch 35 : Training Loss: 6.5508170128, Validation Loss: 7.2856836319, Training R-squared: 0.4147171080, Validation R-squared: 0.2889111340
2023-11-24 08:11:01,044 - INFO - Epoch 36 : Training Loss: 6.5409994125, Validation Loss: 7.2283687592, Training R-squared: 0.4172233045, Validation R-squared: 0.3005879521
2023-11-24 08:11:20,790 - INFO - Model saved to models/portion_model/dinner/512_512_200_64/sparsity_35_fold_5_model.keras
2023-11-24 08:11:26,424 - INFO - Avg Metrics: RMSE: 5.9864978687, R-squared: -0.1278558122, PCC: 0.4562199340
2023-11-24 08:11:26,424 - INFO - Agg Metrics: RMSE: 7.2867716799, R-squared: 0.3069670084, PCC: 0.5559210987
2023-11-24 08:11:44,064 - INFO - ================================================================== Results Summary ===================================================================
2023-11-24 08:11:44,065 - INFO - CrossVal Metrics (Avg.) - RMSE: 5.9655611915 ± 0.0261261298, R2: -0.1675690524 ± 0.0261261298, PCC: 0.4638770973 ± 0.0261261298
2023-11-24 08:11:44,065 - INFO - Testing  Metrics (Avg.) - RMSE: 5.8595139975, R2: -0.3812084098, PCC: 0.4926834544
2023-11-24 08:11:44,065 - INFO - CrossVal Metrics (Agg.) - RMSE: 7.2712655131 ± 0.0261261298, R2: 0.3025120645 ± 0.0261261298, PCC: 0.5532959084 ± 0.0261261298
2023-11-24 08:11:44,066 - INFO - Testing  Metrics (Agg.) - RMSE: 7.0802057176, R2: 0.3101413574, PCC: 0.5625007359
