2023-11-24 02:22:03,642 - INFO - Training model at 15% sparse columns removed...
2023-11-24 02:22:13,554 - INFO - ================================================================== Fold 1 ===================================================================
2023-11-24 02:24:01,446 - INFO - Epoch 1  : Training Loss: 7.4014382362, Validation Loss: 7.2356462479, Training R-squared: 0.0367233120, Validation R-squared: 0.0614506789
2023-11-24 02:24:27,136 - INFO - Epoch 2  : Training Loss: 7.1728572845, Validation Loss: 7.0627102852, Training R-squared: 0.0946766585, Validation R-squared: 0.1060239822
2023-11-24 02:24:52,223 - INFO - Epoch 3  : Training Loss: 6.9886493683, Validation Loss: 6.6737360954, Training R-squared: 0.1411744654, Validation R-squared: 0.2022943646
2023-11-24 02:25:17,849 - INFO - Epoch 4  : Training Loss: 6.6593217850, Validation Loss: 6.6314759254, Training R-squared: 0.2195325792, Validation R-squared: 0.2119032294
2023-11-24 02:25:42,524 - INFO - Epoch 5  : Training Loss: 6.6139068604, Validation Loss: 6.6083302498, Training R-squared: 0.2313306183, Validation R-squared: 0.2173107266
2023-11-24 02:26:07,831 - INFO - Epoch 6  : Training Loss: 6.5575332642, Validation Loss: 6.5652332306, Training R-squared: 0.2436403781, Validation R-squared: 0.2278090566
2023-11-24 02:26:33,230 - INFO - Epoch 7  : Training Loss: 6.4957351685, Validation Loss: 6.5393729210, Training R-squared: 0.2581664026, Validation R-squared: 0.2331150770
2023-11-24 02:26:58,498 - INFO - Epoch 8  : Training Loss: 6.4370646477, Validation Loss: 6.4862403870, Training R-squared: 0.2709102631, Validation R-squared: 0.2453061938
2023-11-24 02:27:24,208 - INFO - Epoch 9  : Training Loss: 6.3764948845, Validation Loss: 6.4324202538, Training R-squared: 0.2840059400, Validation R-squared: 0.2572930157
2023-11-24 02:27:49,162 - INFO - Epoch 10 : Training Loss: 6.3320226669, Validation Loss: 6.4200057983, Training R-squared: 0.2935844958, Validation R-squared: 0.2595542073
2023-11-24 02:28:14,336 - INFO - Epoch 11 : Training Loss: 6.3009290695, Validation Loss: 6.4236955643, Training R-squared: 0.2994022667, Validation R-squared: 0.2579618096
2023-11-24 02:28:39,847 - INFO - Epoch 12 : Training Loss: 6.2721791267, Validation Loss: 6.4079065323, Training R-squared: 0.3045080602, Validation R-squared: 0.2616446912
2023-11-24 02:29:05,074 - INFO - Epoch 13 : Training Loss: 6.2461833954, Validation Loss: 6.3843092918, Training R-squared: 0.3119451702, Validation R-squared: 0.2672980130
2023-11-24 02:29:30,451 - INFO - Epoch 14 : Training Loss: 6.2091779709, Validation Loss: 6.3806643486, Training R-squared: 0.3188689351, Validation R-squared: 0.2676695287
2023-11-24 02:29:55,472 - INFO - Epoch 15 : Training Loss: 6.1615719795, Validation Loss: 6.3540630341, Training R-squared: 0.3298366070, Validation R-squared: 0.2733013630
2023-11-24 02:30:21,283 - INFO - Epoch 16 : Training Loss: 6.1151037216, Validation Loss: 6.3194651604, Training R-squared: 0.3384053111, Validation R-squared: 0.2812019289
2023-11-24 02:30:47,095 - INFO - Epoch 17 : Training Loss: 6.0789580345, Validation Loss: 6.3119359016, Training R-squared: 0.3460794985, Validation R-squared: 0.2824810445
2023-11-24 02:31:12,386 - INFO - Epoch 18 : Training Loss: 6.0467591286, Validation Loss: 6.3151926994, Training R-squared: 0.3524423242, Validation R-squared: 0.2812123001
2023-11-24 02:31:38,371 - INFO - Epoch 19 : Training Loss: 6.0236921310, Validation Loss: 6.3207988739, Training R-squared: 0.3581442237, Validation R-squared: 0.2798990607
2023-11-24 02:32:03,454 - INFO - Epoch 20 : Training Loss: 5.9988303185, Validation Loss: 6.3059968948, Training R-squared: 0.3638848066, Validation R-squared: 0.2831591964
2023-11-24 02:32:28,846 - INFO - Epoch 21 : Training Loss: 5.9750466347, Validation Loss: 6.2953395844, Training R-squared: 0.3680872321, Validation R-squared: 0.2853901386
2023-11-24 02:32:54,222 - INFO - Epoch 22 : Training Loss: 5.9495897293, Validation Loss: 6.2881951332, Training R-squared: 0.3727772534, Validation R-squared: 0.2869445086
2023-11-24 02:33:19,649 - INFO - Epoch 23 : Training Loss: 5.9226722717, Validation Loss: 6.2905616760, Training R-squared: 0.3785876334, Validation R-squared: 0.2862496674
2023-11-24 02:33:44,974 - INFO - Epoch 24 : Training Loss: 5.8950858116, Validation Loss: 6.2871556282, Training R-squared: 0.3832716048, Validation R-squared: 0.2872423530
2023-11-24 02:34:11,315 - INFO - Epoch 25 : Training Loss: 5.8769216537, Validation Loss: 6.2760219574, Training R-squared: 0.3884287775, Validation R-squared: 0.2890447676
2023-11-24 02:34:36,771 - INFO - Epoch 26 : Training Loss: 5.8464984894, Validation Loss: 6.3005495071, Training R-squared: 0.3934874535, Validation R-squared: 0.2834461927
2023-11-24 02:35:02,207 - INFO - Epoch 27 : Training Loss: 5.8267803192, Validation Loss: 6.2640800476, Training R-squared: 0.3977420330, Validation R-squared: 0.2922264636
2023-11-24 02:35:27,623 - INFO - Epoch 28 : Training Loss: 5.7992477417, Validation Loss: 6.3004040718, Training R-squared: 0.4039407074, Validation R-squared: 0.2829339206
2023-11-24 02:35:52,606 - INFO - Epoch 29 : Training Loss: 5.7716460228, Validation Loss: 6.3101239204, Training R-squared: 0.4074689746, Validation R-squared: 0.2806683481
2023-11-24 02:36:18,115 - INFO - Epoch 30 : Training Loss: 5.7522177696, Validation Loss: 6.2633404732, Training R-squared: 0.4115267396, Validation R-squared: 0.2920442820
2023-11-24 02:36:43,461 - INFO - Epoch 31 : Training Loss: 5.7299795151, Validation Loss: 6.2732062340, Training R-squared: 0.4153913856, Validation R-squared: 0.2896384299
2023-11-24 02:37:08,941 - INFO - Epoch 32 : Training Loss: 5.7125253677, Validation Loss: 6.2611699104, Training R-squared: 0.4203879237, Validation R-squared: 0.2923234105
2023-11-24 02:37:34,354 - INFO - Epoch 33 : Training Loss: 5.6970214844, Validation Loss: 6.2520098686, Training R-squared: 0.4233980775, Validation R-squared: 0.2946146727
2023-11-24 02:37:59,622 - INFO - Epoch 34 : Training Loss: 5.6735835075, Validation Loss: 6.2886757851, Training R-squared: 0.4277680218, Validation R-squared: 0.2858149111
2023-11-24 02:38:25,069 - INFO - Epoch 35 : Training Loss: 5.6624307632, Validation Loss: 6.2568597794, Training R-squared: 0.4287853837, Validation R-squared: 0.2933190763
2023-11-24 02:38:50,349 - INFO - Epoch 36 : Training Loss: 5.6404719353, Validation Loss: 6.2407898903, Training R-squared: 0.4337794185, Validation R-squared: 0.2973189354
2023-11-24 02:39:16,044 - INFO - Epoch 37 : Training Loss: 5.6187567711, Validation Loss: 6.2753968239, Training R-squared: 0.4378008544, Validation R-squared: 0.2887227535
2023-11-24 02:39:41,525 - INFO - Epoch 38 : Training Loss: 5.6124844551, Validation Loss: 6.2532129288, Training R-squared: 0.4396165311, Validation R-squared: 0.2942211330
2023-11-24 02:40:06,750 - INFO - Epoch 39 : Training Loss: 5.5957169533, Validation Loss: 6.3082094193, Training R-squared: 0.4438689053, Validation R-squared: 0.2811593413
2023-11-24 02:40:32,245 - INFO - Epoch 40 : Training Loss: 5.5835556984, Validation Loss: 6.2567043304, Training R-squared: 0.4442992210, Validation R-squared: 0.2930598259
2023-11-24 02:40:57,482 - INFO - Epoch 41 : Training Loss: 5.5700659752, Validation Loss: 6.2561955452, Training R-squared: 0.4474411011, Validation R-squared: 0.2930268943
2023-11-24 02:41:26,651 - INFO - Model saved to models/portion_model/dinner/512_512_200_64/sparsity_15_fold_1_model.keras
2023-11-24 02:41:32,953 - INFO - Avg Metrics: RMSE: 5.1935542692, R-squared: -0.3654764280, PCC: 0.4720677352
2023-11-24 02:41:32,954 - INFO - Agg Metrics: RMSE: 6.2962368667, R-squared: 0.3005799313, PCC: 0.5549604004
2023-11-24 02:41:40,286 - INFO - ================================================================== Fold 2 ===================================================================
2023-11-24 02:42:26,352 - INFO - Epoch 1  : Training Loss: 7.4054503441, Validation Loss: 7.1623444557, Training R-squared: 0.0374605358, Validation R-squared: 0.0642837659
2023-11-24 02:42:54,329 - INFO - Epoch 2  : Training Loss: 7.1790723801, Validation Loss: 7.0092406273, Training R-squared: 0.0965071172, Validation R-squared: 0.1040533260
2023-11-24 02:43:20,798 - INFO - Epoch 3  : Training Loss: 6.9749636650, Validation Loss: 6.6438717842, Training R-squared: 0.1488900036, Validation R-squared: 0.1953178793
2023-11-24 02:43:45,861 - INFO - Epoch 4  : Training Loss: 6.7027325630, Validation Loss: 6.5773677826, Training R-squared: 0.2139167041, Validation R-squared: 0.2109221518
2023-11-24 02:44:11,609 - INFO - Epoch 5  : Training Loss: 6.6466650963, Validation Loss: 6.5609073639, Training R-squared: 0.2262394726, Validation R-squared: 0.2150503099
2023-11-24 02:44:36,837 - INFO - Epoch 6  : Training Loss: 6.5995106697, Validation Loss: 6.5314784050, Training R-squared: 0.2365405560, Validation R-squared: 0.2220403105
2023-11-24 02:45:02,006 - INFO - Epoch 7  : Training Loss: 6.5261249542, Validation Loss: 6.4676260948, Training R-squared: 0.2537596226, Validation R-squared: 0.2369837910
2023-11-24 02:45:27,500 - INFO - Epoch 8  : Training Loss: 6.4402446747, Validation Loss: 6.4234905243, Training R-squared: 0.2732893825, Validation R-squared: 0.2468634248
2023-11-24 02:45:52,383 - INFO - Epoch 9  : Training Loss: 6.3821201324, Validation Loss: 6.4269266129, Training R-squared: 0.2837384343, Validation R-squared: 0.2455957383
2023-11-24 02:46:17,372 - INFO - Epoch 10 : Training Loss: 6.3541955948, Validation Loss: 6.4055509567, Training R-squared: 0.2918673754, Validation R-squared: 0.2508362234
2023-11-24 02:46:42,323 - INFO - Epoch 11 : Training Loss: 6.3185148239, Validation Loss: 6.4147791862, Training R-squared: 0.2974788845, Validation R-squared: 0.2483595312
2023-11-24 02:47:07,439 - INFO - Epoch 12 : Training Loss: 6.2864155769, Validation Loss: 6.3853993416, Training R-squared: 0.3050659895, Validation R-squared: 0.2552833855
2023-11-24 02:47:32,601 - INFO - Epoch 13 : Training Loss: 6.2451858521, Validation Loss: 6.3599066734, Training R-squared: 0.3139805794, Validation R-squared: 0.2611338198
2023-11-24 02:47:57,589 - INFO - Epoch 14 : Training Loss: 6.2038402557, Validation Loss: 6.3341798782, Training R-squared: 0.3231188655, Validation R-squared: 0.2671622038
2023-11-24 02:48:22,704 - INFO - Epoch 15 : Training Loss: 6.1602253914, Validation Loss: 6.3088264465, Training R-squared: 0.3323684037, Validation R-squared: 0.2725927830
2023-11-24 02:48:47,710 - INFO - Epoch 16 : Training Loss: 6.1250166893, Validation Loss: 6.3075442314, Training R-squared: 0.3391398489, Validation R-squared: 0.2727086246
2023-11-24 02:49:13,044 - INFO - Epoch 17 : Training Loss: 6.0962762833, Validation Loss: 6.2939424515, Training R-squared: 0.3433600962, Validation R-squared: 0.2758869231
2023-11-24 02:49:38,094 - INFO - Epoch 18 : Training Loss: 6.0715980530, Validation Loss: 6.3104014397, Training R-squared: 0.3501838744, Validation R-squared: 0.2717601359
2023-11-24 02:50:03,076 - INFO - Epoch 19 : Training Loss: 6.0533456802, Validation Loss: 6.2958636284, Training R-squared: 0.3536339402, Validation R-squared: 0.2751965225
2023-11-24 02:50:28,758 - INFO - Epoch 20 : Training Loss: 6.0235991478, Validation Loss: 6.2917432785, Training R-squared: 0.3596630096, Validation R-squared: 0.2763244510
2023-11-24 02:50:53,976 - INFO - Epoch 21 : Training Loss: 6.0078892708, Validation Loss: 6.2830495834, Training R-squared: 0.3637887836, Validation R-squared: 0.2782104909
2023-11-24 02:51:19,437 - INFO - Epoch 22 : Training Loss: 5.9774713516, Validation Loss: 6.2963948250, Training R-squared: 0.3679695725, Validation R-squared: 0.2750779986
2023-11-24 02:51:44,426 - INFO - Epoch 23 : Training Loss: 5.9620771408, Validation Loss: 6.2786903381, Training R-squared: 0.3726679385, Validation R-squared: 0.2791003287
2023-11-24 02:52:09,767 - INFO - Epoch 24 : Training Loss: 5.9427280426, Validation Loss: 6.3067269325, Training R-squared: 0.3760254681, Validation R-squared: 0.2724157274
2023-11-24 02:52:34,947 - INFO - Epoch 25 : Training Loss: 5.9146881104, Validation Loss: 6.3126688004, Training R-squared: 0.3819994628, Validation R-squared: 0.2707468569
2023-11-24 02:53:00,185 - INFO - Epoch 26 : Training Loss: 5.8940610886, Validation Loss: 6.2832713127, Training R-squared: 0.3859314620, Validation R-squared: 0.2775302529
2023-11-24 02:53:25,568 - INFO - Epoch 27 : Training Loss: 5.8723621368, Validation Loss: 6.2892026901, Training R-squared: 0.3892054558, Validation R-squared: 0.2760831714
2023-11-24 02:53:51,986 - INFO - Epoch 28 : Training Loss: 5.8522634506, Validation Loss: 6.2818593979, Training R-squared: 0.3942801356, Validation R-squared: 0.2779805958
2023-11-24 02:54:18,539 - INFO - Model saved to models/portion_model/dinner/512_512_200_64/sparsity_15_fold_2_model.keras
2023-11-24 02:54:24,095 - INFO - Avg Metrics: RMSE: 5.3033461274, R-squared: -0.0570014817, PCC: 0.4223561182
2023-11-24 02:54:24,096 - INFO - Agg Metrics: RMSE: 6.3216608812, R-squared: 0.2793501003, PCC: 0.5321882255
2023-11-24 02:54:30,852 - INFO - ================================================================== Fold 3 ===================================================================
2023-11-24 02:55:09,091 - INFO - Epoch 1  : Training Loss: 7.3634843826, Validation Loss: 7.3504047394, Training R-squared: 0.0376285352, Validation R-squared: 0.0694964677
2023-11-24 02:55:34,253 - INFO - Epoch 2  : Training Loss: 7.1233849525, Validation Loss: 7.2121973038, Training R-squared: 0.0982243046, Validation R-squared: 0.1045886427
2023-11-24 02:55:59,203 - INFO - Epoch 3  : Training Loss: 6.9202651978, Validation Loss: 6.8083357811, Training R-squared: 0.1491523385, Validation R-squared: 0.2027603835
2023-11-24 02:56:24,717 - INFO - Epoch 4  : Training Loss: 6.6391620636, Validation Loss: 6.7682728767, Training R-squared: 0.2179805338, Validation R-squared: 0.2121760100
2023-11-24 02:56:49,714 - INFO - Epoch 5  : Training Loss: 6.5900454521, Validation Loss: 6.7546339035, Training R-squared: 0.2285948396, Validation R-squared: 0.2153898180
2023-11-24 02:57:14,988 - INFO - Epoch 6  : Training Loss: 6.5393366814, Validation Loss: 6.7280979156, Training R-squared: 0.2393647432, Validation R-squared: 0.2215728611
2023-11-24 02:57:39,988 - INFO - Epoch 7  : Training Loss: 6.4930663109, Validation Loss: 6.6974792480, Training R-squared: 0.2504510880, Validation R-squared: 0.2286887914
2023-11-24 02:58:05,049 - INFO - Epoch 8  : Training Loss: 6.4369039536, Validation Loss: 6.6476292610, Training R-squared: 0.2638599277, Validation R-squared: 0.2397881895
2023-11-24 02:58:30,146 - INFO - Epoch 9  : Training Loss: 6.3491115570, Validation Loss: 6.6038422585, Training R-squared: 0.2820820212, Validation R-squared: 0.2489836067
2023-11-24 02:58:55,392 - INFO - Epoch 10 : Training Loss: 6.3009376526, Validation Loss: 6.5842618942, Training R-squared: 0.2935144305, Validation R-squared: 0.2535127997
2023-11-24 02:59:20,642 - INFO - Epoch 11 : Training Loss: 6.2588205338, Validation Loss: 6.5703768730, Training R-squared: 0.3011278510, Validation R-squared: 0.2563421726
2023-11-24 02:59:45,474 - INFO - Epoch 12 : Training Loss: 6.2346148491, Validation Loss: 6.5578756332, Training R-squared: 0.3071901798, Validation R-squared: 0.2591869533
2023-11-24 03:00:10,418 - INFO - Epoch 13 : Training Loss: 6.1973681450, Validation Loss: 6.5511116982, Training R-squared: 0.3157782555, Validation R-squared: 0.2603522539
2023-11-24 03:00:35,526 - INFO - Epoch 14 : Training Loss: 6.1625294685, Validation Loss: 6.5322179794, Training R-squared: 0.3228421211, Validation R-squared: 0.2647498250
2023-11-24 03:01:00,582 - INFO - Epoch 15 : Training Loss: 6.1260976791, Validation Loss: 6.5584254265, Training R-squared: 0.3306195736, Validation R-squared: 0.2581718862
2023-11-24 03:01:25,841 - INFO - Epoch 16 : Training Loss: 6.0927133560, Validation Loss: 6.4751887321, Training R-squared: 0.3375533521, Validation R-squared: 0.2776793242
2023-11-24 03:01:50,795 - INFO - Epoch 17 : Training Loss: 6.0433192253, Validation Loss: 6.4490914345, Training R-squared: 0.3486642241, Validation R-squared: 0.2833940983
2023-11-24 03:02:15,913 - INFO - Epoch 18 : Training Loss: 6.0013322830, Validation Loss: 6.4386963844, Training R-squared: 0.3568039536, Validation R-squared: 0.2852223814
2023-11-24 03:02:41,417 - INFO - Epoch 19 : Training Loss: 5.9630746841, Validation Loss: 6.4279446602, Training R-squared: 0.3641615808, Validation R-squared: 0.2875733376
2023-11-24 03:03:06,823 - INFO - Epoch 20 : Training Loss: 5.9376058578, Validation Loss: 6.4150843620, Training R-squared: 0.3692617118, Validation R-squared: 0.2904079258
2023-11-24 03:03:32,094 - INFO - Epoch 21 : Training Loss: 5.9143376350, Validation Loss: 6.4175844193, Training R-squared: 0.3754636645, Validation R-squared: 0.2892475128
2023-11-24 03:03:58,471 - INFO - Epoch 22 : Training Loss: 5.8860287666, Validation Loss: 6.4195871353, Training R-squared: 0.3797065616, Validation R-squared: 0.2886977792
2023-11-24 03:04:23,643 - INFO - Epoch 23 : Training Loss: 5.8668856621, Validation Loss: 6.4472818375, Training R-squared: 0.3830688596, Validation R-squared: 0.2820110917
2023-11-24 03:04:48,744 - INFO - Epoch 24 : Training Loss: 5.8408498764, Validation Loss: 6.3925557137, Training R-squared: 0.3886460066, Validation R-squared: 0.2947250009
2023-11-24 03:05:14,071 - INFO - Epoch 25 : Training Loss: 5.8256773949, Validation Loss: 6.4091415405, Training R-squared: 0.3927381635, Validation R-squared: 0.2908117771
2023-11-24 03:05:39,401 - INFO - Epoch 26 : Training Loss: 5.8031692505, Validation Loss: 6.4014816284, Training R-squared: 0.3953119516, Validation R-squared: 0.2924508452
2023-11-24 03:06:04,483 - INFO - Epoch 27 : Training Loss: 5.7879843712, Validation Loss: 6.3682346344, Training R-squared: 0.3982743621, Validation R-squared: 0.2999456227
2023-11-24 03:06:29,740 - INFO - Epoch 28 : Training Loss: 5.7658753395, Validation Loss: 6.4061980247, Training R-squared: 0.4033675790, Validation R-squared: 0.2910535336
2023-11-24 03:06:54,911 - INFO - Epoch 29 : Training Loss: 5.7457075119, Validation Loss: 6.3674807549, Training R-squared: 0.4079718888, Validation R-squared: 0.3000351787
2023-11-24 03:07:20,799 - INFO - Epoch 30 : Training Loss: 5.7267584801, Validation Loss: 6.3835716248, Training R-squared: 0.4114773870, Validation R-squared: 0.2957546711
2023-11-24 03:07:45,826 - INFO - Epoch 31 : Training Loss: 5.7075376511, Validation Loss: 6.4156455994, Training R-squared: 0.4169474840, Validation R-squared: 0.2884845436
2023-11-24 03:08:10,797 - INFO - Epoch 32 : Training Loss: 5.6868171692, Validation Loss: 6.3721537590, Training R-squared: 0.4187114537, Validation R-squared: 0.2983925641
2023-11-24 03:08:36,151 - INFO - Epoch 33 : Training Loss: 5.6701259613, Validation Loss: 6.3367109299, Training R-squared: 0.4225778878, Validation R-squared: 0.3065087795
2023-11-24 03:09:01,621 - INFO - Epoch 34 : Training Loss: 5.6519551277, Validation Loss: 6.3306574821, Training R-squared: 0.4269414544, Validation R-squared: 0.3076726496
2023-11-24 03:09:26,846 - INFO - Epoch 35 : Training Loss: 5.6368260384, Validation Loss: 6.3380532265, Training R-squared: 0.4292446375, Validation R-squared: 0.3060543835
2023-11-24 03:09:51,904 - INFO - Epoch 36 : Training Loss: 5.6212282181, Validation Loss: 6.3706798553, Training R-squared: 0.4318849444, Validation R-squared: 0.2982876599
2023-11-24 03:10:17,406 - INFO - Epoch 37 : Training Loss: 5.6051163673, Validation Loss: 6.3514070511, Training R-squared: 0.4354956150, Validation R-squared: 0.3027462363
2023-11-24 03:10:42,435 - INFO - Epoch 38 : Training Loss: 5.5894155502, Validation Loss: 6.4283342361, Training R-squared: 0.4379137754, Validation R-squared: 0.2846968472
2023-11-24 03:11:07,503 - INFO - Epoch 39 : Training Loss: 5.5770311356, Validation Loss: 6.3674159050, Training R-squared: 0.4409518838, Validation R-squared: 0.2990217507
2023-11-24 03:11:33,678 - INFO - Model saved to models/portion_model/dinner/512_512_200_64/sparsity_15_fold_3_model.keras
2023-11-24 03:11:39,385 - INFO - Avg Metrics: RMSE: 5.2517623802, R-squared: -0.0978046132, PCC: 0.4780739651
2023-11-24 03:11:39,385 - INFO - Agg Metrics: RMSE: 6.4257250227, R-squared: 0.3046267050, PCC: 0.5562625613
2023-11-24 03:11:46,375 - INFO - ================================================================== Fold 4 ===================================================================
2023-11-24 03:12:25,484 - INFO - Epoch 1  : Training Loss: 7.3598999977, Validation Loss: 7.3896479607, Training R-squared: 0.0361425988, Validation R-squared: 0.0608048253
2023-11-24 03:12:50,738 - INFO - Epoch 2  : Training Loss: 7.1330809593, Validation Loss: 7.2157163620, Training R-squared: 0.0951754525, Validation R-squared: 0.1051579714
2023-11-24 03:13:15,847 - INFO - Epoch 3  : Training Loss: 6.9335188866, Validation Loss: 6.8073816299, Training R-squared: 0.1455429196, Validation R-squared: 0.2051863968
2023-11-24 03:13:40,986 - INFO - Epoch 4  : Training Loss: 6.6235466003, Validation Loss: 6.7560019493, Training R-squared: 0.2195482254, Validation R-squared: 0.2168570459
2023-11-24 03:14:07,261 - INFO - Epoch 5  : Training Loss: 6.5697317123, Validation Loss: 6.7232789993, Training R-squared: 0.2331320643, Validation R-squared: 0.2245870084
2023-11-24 03:14:32,598 - INFO - Epoch 6  : Training Loss: 6.5205011368, Validation Loss: 6.7076811790, Training R-squared: 0.2447543591, Validation R-squared: 0.2279795110
2023-11-24 03:14:57,504 - INFO - Epoch 7  : Training Loss: 6.4818010330, Validation Loss: 6.6822085381, Training R-squared: 0.2532999516, Validation R-squared: 0.2339721471
2023-11-24 03:15:23,336 - INFO - Epoch 8  : Training Loss: 6.4342937469, Validation Loss: 6.6503214836, Training R-squared: 0.2638133168, Validation R-squared: 0.2407120764
2023-11-24 03:15:49,942 - INFO - Epoch 9  : Training Loss: 6.3612642288, Validation Loss: 6.5877914429, Training R-squared: 0.2802990675, Validation R-squared: 0.2545371354
2023-11-24 03:16:15,323 - INFO - Epoch 10 : Training Loss: 6.2997040749, Validation Loss: 6.5614814758, Training R-squared: 0.2934818268, Validation R-squared: 0.2602188289
2023-11-24 03:16:40,372 - INFO - Epoch 11 : Training Loss: 6.2658333778, Validation Loss: 6.5481948853, Training R-squared: 0.2997142971, Validation R-squared: 0.2632377744
2023-11-24 03:17:05,347 - INFO - Epoch 12 : Training Loss: 6.2411422729, Validation Loss: 6.5336966515, Training R-squared: 0.3067573011, Validation R-squared: 0.2663476169
2023-11-24 03:17:30,998 - INFO - Epoch 13 : Training Loss: 6.2057132721, Validation Loss: 6.5247216225, Training R-squared: 0.3134172261, Validation R-squared: 0.2681153119
2023-11-24 03:17:55,891 - INFO - Epoch 14 : Training Loss: 6.1665987968, Validation Loss: 6.4986710548, Training R-squared: 0.3230087459, Validation R-squared: 0.2738054693
2023-11-24 03:18:21,264 - INFO - Epoch 15 : Training Loss: 6.1196160316, Validation Loss: 6.4788269997, Training R-squared: 0.3328768313, Validation R-squared: 0.2778704464
2023-11-24 03:18:46,039 - INFO - Epoch 16 : Training Loss: 6.0718636513, Validation Loss: 6.4417409897, Training R-squared: 0.3428050280, Validation R-squared: 0.2858119607
2023-11-24 03:19:11,028 - INFO - Epoch 17 : Training Loss: 6.0278711319, Validation Loss: 6.4127850533, Training R-squared: 0.3516545892, Validation R-squared: 0.2919744551
2023-11-24 03:19:36,172 - INFO - Epoch 18 : Training Loss: 5.9881258011, Validation Loss: 6.3886427879, Training R-squared: 0.3581811786, Validation R-squared: 0.2969547510
2023-11-24 03:20:01,197 - INFO - Epoch 19 : Training Loss: 5.9561910629, Validation Loss: 6.3629527092, Training R-squared: 0.3663664460, Validation R-squared: 0.3028596640
2023-11-24 03:20:26,521 - INFO - Epoch 20 : Training Loss: 5.9293498993, Validation Loss: 6.3722381592, Training R-squared: 0.3719573021, Validation R-squared: 0.3001024425
2023-11-24 03:20:51,437 - INFO - Epoch 21 : Training Loss: 5.9050245285, Validation Loss: 6.3546900749, Training R-squared: 0.3761167228, Validation R-squared: 0.3044990003
2023-11-24 03:21:16,682 - INFO - Epoch 22 : Training Loss: 5.8837399483, Validation Loss: 6.3471708298, Training R-squared: 0.3812812269, Validation R-squared: 0.3055414855
2023-11-24 03:21:41,995 - INFO - Epoch 23 : Training Loss: 5.8643031120, Validation Loss: 6.3781833649, Training R-squared: 0.3839998543, Validation R-squared: 0.2983432710
2023-11-24 03:22:06,995 - INFO - Epoch 24 : Training Loss: 5.8503742218, Validation Loss: 6.3528275490, Training R-squared: 0.3879296780, Validation R-squared: 0.3041657209
2023-11-24 03:22:32,267 - INFO - Epoch 25 : Training Loss: 5.8287000656, Validation Loss: 6.3562350273, Training R-squared: 0.3922192752, Validation R-squared: 0.3032220006
2023-11-24 03:22:57,424 - INFO - Epoch 26 : Training Loss: 5.8095898628, Validation Loss: 6.3590450287, Training R-squared: 0.3955955207, Validation R-squared: 0.3021781445
2023-11-24 03:23:22,709 - INFO - Epoch 27 : Training Loss: 5.7918267250, Validation Loss: 6.3360128403, Training R-squared: 0.3992373943, Validation R-squared: 0.3076227307
2023-11-24 03:23:46,663 - INFO - Epoch 28 : Training Loss: 5.7678418159, Validation Loss: 6.3441648483, Training R-squared: 0.4031778276, Validation R-squared: 0.3054464161
2023-11-24 03:24:10,918 - INFO - Epoch 29 : Training Loss: 5.7493758202, Validation Loss: 6.3487505913, Training R-squared: 0.4068669975, Validation R-squared: 0.3045211434
2023-11-24 03:24:34,662 - INFO - Epoch 30 : Training Loss: 5.7288694382, Validation Loss: 6.3496913910, Training R-squared: 0.4114941359, Validation R-squared: 0.3040588498
2023-11-24 03:24:57,887 - INFO - Epoch 31 : Training Loss: 5.7132110596, Validation Loss: 6.3474950790, Training R-squared: 0.4137285352, Validation R-squared: 0.3044402599
2023-11-24 03:25:21,584 - INFO - Epoch 32 : Training Loss: 5.6893882751, Validation Loss: 6.3628087044, Training R-squared: 0.4188284278, Validation R-squared: 0.3007059395
2023-11-24 03:25:44,691 - INFO - Model saved to models/portion_model/dinner/512_512_200_64/sparsity_15_fold_4_model.keras
2023-11-24 03:25:51,435 - INFO - Avg Metrics: RMSE: 5.2622959101, R-squared: -0.4904909646, PCC: 0.4628055203
2023-11-24 03:25:51,436 - INFO - Agg Metrics: RMSE: 6.4302169577, R-squared: 0.3053002083, PCC: 0.5551670232
2023-11-24 03:25:58,741 - INFO - ================================================================== Fold 5 ===================================================================
2023-11-24 03:26:33,376 - INFO - Epoch 1  : Training Loss: 7.3792037964, Validation Loss: 7.2616143227, Training R-squared: 0.0367669165, Validation R-squared: 0.0637429357
2023-11-24 03:26:56,563 - INFO - Epoch 2  : Training Loss: 7.1614947319, Validation Loss: 7.0869884491, Training R-squared: 0.0952096134, Validation R-squared: 0.1085566133
2023-11-24 03:27:19,924 - INFO - Epoch 3  : Training Loss: 6.9823923111, Validation Loss: 6.6852355003, Training R-squared: 0.1405967623, Validation R-squared: 0.2071093023
2023-11-24 03:27:42,854 - INFO - Epoch 4  : Training Loss: 6.6620764732, Validation Loss: 6.6460428238, Training R-squared: 0.2169474959, Validation R-squared: 0.2162535340
2023-11-24 03:28:06,042 - INFO - Epoch 5  : Training Loss: 6.6227107048, Validation Loss: 6.6331481934, Training R-squared: 0.2273580134, Validation R-squared: 0.2193159610
2023-11-24 03:28:29,336 - INFO - Epoch 6  : Training Loss: 6.5769453049, Validation Loss: 6.6008634567, Training R-squared: 0.2376573235, Validation R-squared: 0.2268701941
2023-11-24 03:28:52,417 - INFO - Epoch 7  : Training Loss: 6.5112848282, Validation Loss: 6.5516796112, Training R-squared: 0.2521446645, Validation R-squared: 0.2379189879
2023-11-24 03:29:15,390 - INFO - Epoch 8  : Training Loss: 6.4075098038, Validation Loss: 6.4796867371, Training R-squared: 0.2744414806, Validation R-squared: 0.2539301813
2023-11-24 03:29:38,784 - INFO - Epoch 9  : Training Loss: 6.3381371498, Validation Loss: 6.4500989914, Training R-squared: 0.2896986902, Validation R-squared: 0.2603905797
2023-11-24 03:30:01,998 - INFO - Epoch 10 : Training Loss: 6.2909283638, Validation Loss: 6.4338207245, Training R-squared: 0.2994578481, Validation R-squared: 0.2641752362
2023-11-24 03:30:25,334 - INFO - Epoch 11 : Training Loss: 6.2586832047, Validation Loss: 6.4233512878, Training R-squared: 0.3074559271, Validation R-squared: 0.2662759423
2023-11-24 03:30:48,368 - INFO - Epoch 12 : Training Loss: 6.2249679565, Validation Loss: 6.4136795998, Training R-squared: 0.3135192394, Validation R-squared: 0.2686209381
2023-11-24 03:31:11,530 - INFO - Epoch 13 : Training Loss: 6.1904439926, Validation Loss: 6.4008593559, Training R-squared: 0.3222945929, Validation R-squared: 0.2714621723
2023-11-24 03:31:34,884 - INFO - Epoch 14 : Training Loss: 6.1501498222, Validation Loss: 6.3729586601, Training R-squared: 0.3299714923, Validation R-squared: 0.2775624394
2023-11-24 03:31:58,100 - INFO - Epoch 15 : Training Loss: 6.1073317528, Validation Loss: 6.3504285812, Training R-squared: 0.3398652077, Validation R-squared: 0.2827618420
2023-11-24 03:32:21,400 - INFO - Epoch 16 : Training Loss: 6.0613336563, Validation Loss: 6.3431506157, Training R-squared: 0.3490457833, Validation R-squared: 0.2838410735
2023-11-24 03:32:44,462 - INFO - Epoch 17 : Training Loss: 6.0267553329, Validation Loss: 6.2919292450, Training R-squared: 0.3557133675, Validation R-squared: 0.2954978645
2023-11-24 03:33:07,618 - INFO - Epoch 18 : Training Loss: 5.9961585999, Validation Loss: 6.3112454414, Training R-squared: 0.3623091877, Validation R-squared: 0.2906214595
2023-11-24 03:33:31,432 - INFO - Epoch 19 : Training Loss: 5.9673562050, Validation Loss: 6.2880787849, Training R-squared: 0.3673458695, Validation R-squared: 0.2958666682
2023-11-24 03:33:55,452 - INFO - Epoch 20 : Training Loss: 5.9433293343, Validation Loss: 6.2831444740, Training R-squared: 0.3728046119, Validation R-squared: 0.2969868779
2023-11-24 03:34:19,404 - INFO - Epoch 21 : Training Loss: 5.9212183952, Validation Loss: 6.2811923027, Training R-squared: 0.3778333366, Validation R-squared: 0.2972446382
2023-11-24 03:34:42,607 - INFO - Epoch 22 : Training Loss: 5.8942141533, Validation Loss: 6.3123378754, Training R-squared: 0.3818286657, Validation R-squared: 0.2901240885
2023-11-24 03:35:05,727 - INFO - Epoch 23 : Training Loss: 5.8781161308, Validation Loss: 6.3010449409, Training R-squared: 0.3854331374, Validation R-squared: 0.2926782072
2023-11-24 03:35:29,182 - INFO - Epoch 24 : Training Loss: 5.8528485298, Validation Loss: 6.2827305794, Training R-squared: 0.3911898732, Validation R-squared: 0.2971366942
2023-11-24 03:35:52,442 - INFO - Epoch 25 : Training Loss: 5.8315787315, Validation Loss: 6.2803664207, Training R-squared: 0.3947787285, Validation R-squared: 0.2977637947
2023-11-24 03:36:15,725 - INFO - Epoch 26 : Training Loss: 5.8069891930, Validation Loss: 6.2511210442, Training R-squared: 0.4001915455, Validation R-squared: 0.3041697145
2023-11-24 03:36:39,305 - INFO - Epoch 27 : Training Loss: 5.7819404602, Validation Loss: 6.2683992386, Training R-squared: 0.4054286778, Validation R-squared: 0.2997784615
2023-11-24 03:37:02,542 - INFO - Epoch 28 : Training Loss: 5.7666120529, Validation Loss: 6.2505884171, Training R-squared: 0.4070391953, Validation R-squared: 0.3042688668
2023-11-24 03:37:25,949 - INFO - Epoch 29 : Training Loss: 5.7422652245, Validation Loss: 6.2515702248, Training R-squared: 0.4128801227, Validation R-squared: 0.3038530946
2023-11-24 03:37:49,003 - INFO - Epoch 30 : Training Loss: 5.7155513763, Validation Loss: 6.2604894638, Training R-squared: 0.4169324338, Validation R-squared: 0.3017836809
2023-11-24 03:38:12,397 - INFO - Epoch 31 : Training Loss: 5.6978936195, Validation Loss: 6.2136430740, Training R-squared: 0.4210529029, Validation R-squared: 0.3126306832
2023-11-24 03:38:35,766 - INFO - Epoch 32 : Training Loss: 5.6770424843, Validation Loss: 6.2141842842, Training R-squared: 0.4251232743, Validation R-squared: 0.3118942380
2023-11-24 03:38:58,992 - INFO - Epoch 33 : Training Loss: 5.6491980553, Validation Loss: 6.2115054131, Training R-squared: 0.4298397899, Validation R-squared: 0.3126038015
2023-11-24 03:39:22,650 - INFO - Epoch 34 : Training Loss: 5.6333241463, Validation Loss: 6.2264266014, Training R-squared: 0.4345321357, Validation R-squared: 0.3093070686
2023-11-24 03:39:45,872 - INFO - Epoch 35 : Training Loss: 5.6135306358, Validation Loss: 6.1961865425, Training R-squared: 0.4369270205, Validation R-squared: 0.3157389760
2023-11-24 03:40:09,007 - INFO - Epoch 36 : Training Loss: 5.5996026993, Validation Loss: 6.1886053085, Training R-squared: 0.4405767620, Validation R-squared: 0.3178194165
2023-11-24 03:40:33,094 - INFO - Epoch 37 : Training Loss: 5.5828232765, Validation Loss: 6.2416691780, Training R-squared: 0.4436093271, Validation R-squared: 0.3054252267
2023-11-24 03:40:56,183 - INFO - Epoch 38 : Training Loss: 5.5682797432, Validation Loss: 6.2488040924, Training R-squared: 0.4456156194, Validation R-squared: 0.3036350608
2023-11-24 03:41:19,676 - INFO - Epoch 39 : Training Loss: 5.5503840446, Validation Loss: 6.2658090591, Training R-squared: 0.4491557777, Validation R-squared: 0.2997352779
2023-11-24 03:41:43,001 - INFO - Epoch 40 : Training Loss: 5.5397562981, Validation Loss: 6.2074098587, Training R-squared: 0.4519236982, Validation R-squared: 0.3133070171
2023-11-24 03:42:06,436 - INFO - Epoch 41 : Training Loss: 5.5302538872, Validation Loss: 6.1957993507, Training R-squared: 0.4550040364, Validation R-squared: 0.3153270483
2023-11-24 03:42:28,992 - INFO - Model saved to models/portion_model/dinner/512_512_200_64/sparsity_15_fold_5_model.keras
2023-11-24 03:42:33,801 - INFO - Avg Metrics: RMSE: 5.1662479122, R-squared: -0.4565147438, PCC: 0.4832393187
2023-11-24 03:42:33,801 - INFO - Agg Metrics: RMSE: 6.2573934700, R-squared: 0.3163411195, PCC: 0.5670857371
2023-11-24 03:42:55,163 - INFO - ================================================================== Results Summary ===================================================================
2023-11-24 03:42:55,164 - INFO - CrossVal Metrics (Avg.) - RMSE: 5.2354413198 ± 0.0492764885, R2: -0.2934576463 ± 0.0492764885, PCC: 0.4637085315 ± 0.0492764885
2023-11-24 03:42:55,164 - INFO - Testing  Metrics (Avg.) - RMSE: 5.2540683361, R2: -0.1388393345, PCC: 0.4709180235
2023-11-24 03:42:55,164 - INFO - CrossVal Metrics (Agg.) - RMSE: 6.3462466397 ± 0.0492764885, R2: 0.3012396129 ± 0.0492764885, PCC: 0.5531327895 ± 0.0492764885
2023-11-24 03:42:55,164 - INFO - Testing  Metrics (Agg.) - RMSE: 6.4883177513, R2: 0.2828479402, PCC: 0.5392032019
