2023-11-24 13:41:59,368 - INFO - Training model at 80% sparse columns removed...
2023-11-24 13:42:06,026 - INFO - ================================================================== Fold 1 ===================================================================
2023-11-24 13:42:12,512 - INFO - Epoch 1  : Training Loss: 14.9917011261, Validation Loss: 15.2340993881, Training R-squared: 0.0316649899, Validation R-squared: 0.0381301045
2023-11-24 13:42:17,072 - INFO - Epoch 2  : Training Loss: 14.8339366913, Validation Loss: 14.9106731415, Training R-squared: 0.0536109284, Validation R-squared: 0.0790002346
2023-11-24 13:42:21,366 - INFO - Epoch 3  : Training Loss: 14.3370933533, Validation Loss: 14.1805877686, Training R-squared: 0.1146866977, Validation R-squared: 0.1677961946
2023-11-24 13:42:25,584 - INFO - Epoch 4  : Training Loss: 13.5587835312, Validation Loss: 13.6530580521, Training R-squared: 0.2086143047, Validation R-squared: 0.2285864353
2023-11-24 13:42:29,802 - INFO - Epoch 5  : Training Loss: 13.3491029739, Validation Loss: 13.5563344955, Training R-squared: 0.2331162393, Validation R-squared: 0.2394414097
2023-11-24 13:42:34,139 - INFO - Epoch 6  : Training Loss: 13.2396793365, Validation Loss: 13.4813671112, Training R-squared: 0.2468144745, Validation R-squared: 0.2478334904
2023-11-24 13:42:38,353 - INFO - Epoch 7  : Training Loss: 13.1914110184, Validation Loss: 13.4513444901, Training R-squared: 0.2537226677, Validation R-squared: 0.2507394552
2023-11-24 13:42:42,603 - INFO - Epoch 8  : Training Loss: 13.1160211563, Validation Loss: 13.3990240097, Training R-squared: 0.2606765926, Validation R-squared: 0.2567224205
2023-11-24 13:42:47,044 - INFO - Epoch 9  : Training Loss: 13.0461492538, Validation Loss: 13.3234024048, Training R-squared: 0.2690405846, Validation R-squared: 0.2650074363
2023-11-24 13:42:51,454 - INFO - Epoch 10 : Training Loss: 12.9283485413, Validation Loss: 13.2028903961, Training R-squared: 0.2809822261, Validation R-squared: 0.2776321173
2023-11-24 13:42:55,728 - INFO - Epoch 11 : Training Loss: 12.8296346664, Validation Loss: 13.0694169998, Training R-squared: 0.2903914452, Validation R-squared: 0.2918506563
2023-11-24 13:42:59,988 - INFO - Epoch 12 : Training Loss: 12.7358751297, Validation Loss: 12.9716844559, Training R-squared: 0.3024685085, Validation R-squared: 0.3018520176
2023-11-24 13:43:04,352 - INFO - Epoch 13 : Training Loss: 12.6885766983, Validation Loss: 12.9119644165, Training R-squared: 0.3065657616, Validation R-squared: 0.3079359233
2023-11-24 13:43:08,549 - INFO - Epoch 14 : Training Loss: 12.6298418045, Validation Loss: 12.8633918762, Training R-squared: 0.3118335009, Validation R-squared: 0.3131068051
2023-11-24 13:43:13,043 - INFO - Epoch 15 : Training Loss: 12.5657539368, Validation Loss: 12.8188467026, Training R-squared: 0.3206282556, Validation R-squared: 0.3177281916
2023-11-24 13:43:17,503 - INFO - Epoch 16 : Training Loss: 12.5003738403, Validation Loss: 12.7830400467, Training R-squared: 0.3275051117, Validation R-squared: 0.3215197027
2023-11-24 13:43:21,798 - INFO - Epoch 17 : Training Loss: 12.4225187302, Validation Loss: 12.7132511139, Training R-squared: 0.3361390829, Validation R-squared: 0.3288227916
2023-11-24 13:43:26,026 - INFO - Epoch 18 : Training Loss: 12.3219585419, Validation Loss: 12.6527976990, Training R-squared: 0.3442984223, Validation R-squared: 0.3350553811
2023-11-24 13:43:30,139 - INFO - Epoch 19 : Training Loss: 12.2405319214, Validation Loss: 12.6087160110, Training R-squared: 0.3537646532, Validation R-squared: 0.3396626115
2023-11-24 13:43:34,457 - INFO - Epoch 20 : Training Loss: 12.1796054840, Validation Loss: 12.5469760895, Training R-squared: 0.3606551588, Validation R-squared: 0.3456733227
2023-11-24 13:43:38,631 - INFO - Epoch 21 : Training Loss: 12.0970401764, Validation Loss: 12.5192193985, Training R-squared: 0.3699181974, Validation R-squared: 0.3487777412
2023-11-24 13:43:42,870 - INFO - Epoch 22 : Training Loss: 12.0389194489, Validation Loss: 12.4963121414, Training R-squared: 0.3738299012, Validation R-squared: 0.3514478207
2023-11-24 13:43:47,673 - INFO - Epoch 23 : Training Loss: 11.9775753021, Validation Loss: 12.4509658813, Training R-squared: 0.3798170090, Validation R-squared: 0.3557869792
2023-11-24 13:43:52,610 - INFO - Epoch 24 : Training Loss: 11.9184560776, Validation Loss: 12.4439744949, Training R-squared: 0.3847874105, Validation R-squared: 0.3564033806
2023-11-24 13:43:57,311 - INFO - Epoch 25 : Training Loss: 11.8904600143, Validation Loss: 12.4111776352, Training R-squared: 0.3887137771, Validation R-squared: 0.3598919213
2023-11-24 13:44:01,666 - INFO - Epoch 26 : Training Loss: 11.8509578705, Validation Loss: 12.3868112564, Training R-squared: 0.3927593231, Validation R-squared: 0.3621525466
2023-11-24 13:44:05,895 - INFO - Epoch 27 : Training Loss: 11.8052110672, Validation Loss: 12.3592891693, Training R-squared: 0.3982364833, Validation R-squared: 0.3649982512
2023-11-24 13:44:10,077 - INFO - Epoch 28 : Training Loss: 11.7456903458, Validation Loss: 12.3600206375, Training R-squared: 0.4031629264, Validation R-squared: 0.3650939167
2023-11-24 13:44:14,525 - INFO - Epoch 29 : Training Loss: 11.7246026993, Validation Loss: 12.3314657211, Training R-squared: 0.4052663445, Validation R-squared: 0.3677878380
2023-11-24 13:44:19,420 - INFO - Epoch 30 : Training Loss: 11.6797027588, Validation Loss: 12.3364982605, Training R-squared: 0.4102970660, Validation R-squared: 0.3677367270
2023-11-24 13:44:23,522 - INFO - Epoch 31 : Training Loss: 11.6480579376, Validation Loss: 12.3191490173, Training R-squared: 0.4142460525, Validation R-squared: 0.3689279258
2023-11-24 13:44:27,731 - INFO - Epoch 32 : Training Loss: 11.5968389511, Validation Loss: 12.2803697586, Training R-squared: 0.4191905558, Validation R-squared: 0.3733345270
2023-11-24 13:44:32,067 - INFO - Epoch 33 : Training Loss: 11.5591325760, Validation Loss: 12.2630395889, Training R-squared: 0.4224356413, Validation R-squared: 0.3746113777
2023-11-24 13:44:36,343 - INFO - Epoch 34 : Training Loss: 11.5332422256, Validation Loss: 12.2676343918, Training R-squared: 0.4220942259, Validation R-squared: 0.3743686080
2023-11-24 13:44:40,511 - INFO - Epoch 35 : Training Loss: 11.4851455688, Validation Loss: 12.2393817902, Training R-squared: 0.4300341606, Validation R-squared: 0.3771930635
2023-11-24 13:44:44,945 - INFO - Epoch 36 : Training Loss: 11.4544858932, Validation Loss: 12.2144012451, Training R-squared: 0.4333283901, Validation R-squared: 0.3800807893
2023-11-24 13:44:49,193 - INFO - Epoch 37 : Training Loss: 11.4233846664, Validation Loss: 12.2142515182, Training R-squared: 0.4362532794, Validation R-squared: 0.3796596527
2023-11-24 13:44:53,321 - INFO - Epoch 38 : Training Loss: 11.3829793930, Validation Loss: 12.2165908813, Training R-squared: 0.4376251400, Validation R-squared: 0.3797277212
2023-11-24 13:44:57,588 - INFO - Epoch 39 : Training Loss: 11.3626890182, Validation Loss: 12.2497100830, Training R-squared: 0.4406514168, Validation R-squared: 0.3759845197
2023-11-24 13:45:01,977 - INFO - Epoch 40 : Training Loss: 11.3233737946, Validation Loss: 12.1970634460, Training R-squared: 0.4438694417, Validation R-squared: 0.3813478351
2023-11-24 13:45:06,244 - INFO - Epoch 41 : Training Loss: 11.2986097336, Validation Loss: 12.2000074387, Training R-squared: 0.4464691877, Validation R-squared: 0.3807207644
2023-11-24 13:45:10,426 - INFO - Epoch 42 : Training Loss: 11.2697467804, Validation Loss: 12.1910896301, Training R-squared: 0.4507359564, Validation R-squared: 0.3818835914
2023-11-24 13:45:14,985 - INFO - Epoch 43 : Training Loss: 11.2226371765, Validation Loss: 12.1646671295, Training R-squared: 0.4550247192, Validation R-squared: 0.3849502504
2023-11-24 13:45:19,633 - INFO - Epoch 44 : Training Loss: 11.1919794083, Validation Loss: 12.1762485504, Training R-squared: 0.4558124840, Validation R-squared: 0.3835088313
2023-11-24 13:45:23,875 - INFO - Epoch 45 : Training Loss: 11.1737604141, Validation Loss: 12.1745681763, Training R-squared: 0.4592964053, Validation R-squared: 0.3832187951
2023-11-24 13:45:28,094 - INFO - Epoch 46 : Training Loss: 11.1211528778, Validation Loss: 12.1580152512, Training R-squared: 0.4637998044, Validation R-squared: 0.3848180175
2023-11-24 13:45:32,491 - INFO - Epoch 47 : Training Loss: 11.1073999405, Validation Loss: 12.1414356232, Training R-squared: 0.4644438028, Validation R-squared: 0.3868240416
2023-11-24 13:45:36,820 - INFO - Epoch 48 : Training Loss: 11.0814619064, Validation Loss: 12.1562690735, Training R-squared: 0.4678593278, Validation R-squared: 0.3849511445
2023-11-24 13:45:41,087 - INFO - Epoch 49 : Training Loss: 11.0530738831, Validation Loss: 12.1465625763, Training R-squared: 0.4697494209, Validation R-squared: 0.3863502443
2023-11-24 13:45:45,451 - INFO - Epoch 50 : Training Loss: 11.0191183090, Validation Loss: 12.1408567429, Training R-squared: 0.4713212252, Validation R-squared: 0.3867678344
2023-11-24 13:45:49,739 - INFO - Epoch 51 : Training Loss: 10.9970836639, Validation Loss: 12.1368675232, Training R-squared: 0.4731845260, Validation R-squared: 0.3871953189
2023-11-24 13:45:53,893 - INFO - Epoch 52 : Training Loss: 10.9890947342, Validation Loss: 12.1962900162, Training R-squared: 0.4761933088, Validation R-squared: 0.3806670904
2023-11-24 13:45:58,112 - INFO - Epoch 53 : Training Loss: 10.9555978775, Validation Loss: 12.1545534134, Training R-squared: 0.4782479703, Validation R-squared: 0.3853932917
2023-11-24 13:46:02,540 - INFO - Epoch 54 : Training Loss: 10.9329786301, Validation Loss: 12.1687593460, Training R-squared: 0.4817862213, Validation R-squared: 0.3834359050
2023-11-24 13:46:06,834 - INFO - Epoch 55 : Training Loss: 10.9097442627, Validation Loss: 12.1363000870, Training R-squared: 0.4813572466, Validation R-squared: 0.3871091008
2023-11-24 13:46:11,018 - INFO - Epoch 56 : Training Loss: 10.8901281357, Validation Loss: 12.1262865067, Training R-squared: 0.4840190411, Validation R-squared: 0.3878953159
2023-11-24 13:46:15,350 - INFO - Epoch 57 : Training Loss: 10.8598775864, Validation Loss: 12.1883707047, Training R-squared: 0.4897303283, Validation R-squared: 0.3810468316
2023-11-24 13:46:19,848 - INFO - Epoch 58 : Training Loss: 10.8285570145, Validation Loss: 12.1509847641, Training R-squared: 0.4891469479, Validation R-squared: 0.3847220838
2023-11-24 13:46:24,088 - INFO - Epoch 59 : Training Loss: 10.8310985565, Validation Loss: 12.1997652054, Training R-squared: 0.4896624088, Validation R-squared: 0.3798523545
2023-11-24 13:46:28,258 - INFO - Epoch 60 : Training Loss: 10.8081960678, Validation Loss: 12.1555538177, Training R-squared: 0.4939327836, Validation R-squared: 0.3843721449
2023-11-24 13:46:32,680 - INFO - Epoch 61 : Training Loss: 10.7665777206, Validation Loss: 12.2061166763, Training R-squared: 0.4948582649, Validation R-squared: 0.3795932531
2023-11-24 13:46:41,614 - INFO - Model saved to models/portion_model/dinner/512_512_200_64/sparsity_80_fold_1_model.keras
2023-11-24 13:46:46,793 - INFO - Avg Metrics: RMSE: 9.9139509738, R-squared: -0.0490264145, PCC: 0.5658259681
2023-11-24 13:46:46,793 - INFO - Agg Metrics: RMSE: 12.2497341468, R-squared: 0.3868880682, PCC: 0.6231862746
2023-11-24 13:46:53,224 - INFO - ================================================================== Fold 2 ===================================================================
2023-11-24 13:46:59,876 - INFO - Epoch 1  : Training Loss: 14.9852437973, Validation Loss: 15.2627010345, Training R-squared: 0.0317694247, Validation R-squared: 0.0356397107
2023-11-24 13:47:04,136 - INFO - Epoch 2  : Training Loss: 14.8321008682, Validation Loss: 14.9570779800, Training R-squared: 0.0519923456, Validation R-squared: 0.0750772059
2023-11-24 13:47:08,317 - INFO - Epoch 3  : Training Loss: 14.3842763901, Validation Loss: 14.4932193756, Training R-squared: 0.1078268513, Validation R-squared: 0.1329368800
2023-11-24 13:47:12,781 - INFO - Epoch 4  : Training Loss: 13.6046504974, Validation Loss: 13.7679309845, Training R-squared: 0.2018058598, Validation R-squared: 0.2192425430
2023-11-24 13:47:17,436 - INFO - Epoch 5  : Training Loss: 13.2897968292, Validation Loss: 13.6657800674, Training R-squared: 0.2404142320, Validation R-squared: 0.2312615067
2023-11-24 13:47:21,705 - INFO - Epoch 6  : Training Loss: 13.1636152267, Validation Loss: 13.6364355087, Training R-squared: 0.2539792061, Validation R-squared: 0.2345770746
2023-11-24 13:47:25,877 - INFO - Epoch 7  : Training Loss: 13.1318769455, Validation Loss: 13.6215648651, Training R-squared: 0.2570244372, Validation R-squared: 0.2362340838
2023-11-24 13:47:30,103 - INFO - Epoch 8  : Training Loss: 13.0688667297, Validation Loss: 13.5655469894, Training R-squared: 0.2653526366, Validation R-squared: 0.2418899983
2023-11-24 13:47:34,341 - INFO - Epoch 9  : Training Loss: 12.9846696854, Validation Loss: 13.4912223816, Training R-squared: 0.2745758891, Validation R-squared: 0.2495800108
2023-11-24 13:47:38,490 - INFO - Epoch 10 : Training Loss: 12.8771696091, Validation Loss: 13.3923034668, Training R-squared: 0.2852827907, Validation R-squared: 0.2597340345
2023-11-24 13:47:42,779 - INFO - Epoch 11 : Training Loss: 12.7472772598, Validation Loss: 13.3062229156, Training R-squared: 0.3008447587, Validation R-squared: 0.2682720423
2023-11-24 13:47:47,105 - INFO - Epoch 12 : Training Loss: 12.6552343369, Validation Loss: 13.2443046570, Training R-squared: 0.3095005155, Validation R-squared: 0.2743644118
2023-11-24 13:47:51,310 - INFO - Epoch 13 : Training Loss: 12.5676403046, Validation Loss: 13.2112913132, Training R-squared: 0.3181496859, Validation R-squared: 0.2779909968
2023-11-24 13:47:55,426 - INFO - Epoch 14 : Training Loss: 12.4984407425, Validation Loss: 13.1591739655, Training R-squared: 0.3263554573, Validation R-squared: 0.2833606303
2023-11-24 13:47:59,734 - INFO - Epoch 15 : Training Loss: 12.4328441620, Validation Loss: 13.1166725159, Training R-squared: 0.3331895471, Validation R-squared: 0.2878060043
2023-11-24 13:48:03,835 - INFO - Epoch 16 : Training Loss: 12.3483724594, Validation Loss: 13.0743675232, Training R-squared: 0.3401681781, Validation R-squared: 0.2921828926
2023-11-24 13:48:08,078 - INFO - Epoch 17 : Training Loss: 12.2632131577, Validation Loss: 13.0175809860, Training R-squared: 0.3493069708, Validation R-squared: 0.2986502051
2023-11-24 13:48:12,370 - INFO - Epoch 18 : Training Loss: 12.1751804352, Validation Loss: 12.9849958420, Training R-squared: 0.3595595360, Validation R-squared: 0.3014791012
2023-11-24 13:48:16,836 - INFO - Epoch 19 : Training Loss: 12.0855827332, Validation Loss: 12.9363031387, Training R-squared: 0.3669293225, Validation R-squared: 0.3073155284
2023-11-24 13:48:21,162 - INFO - Epoch 20 : Training Loss: 12.0437498093, Validation Loss: 12.9065275192, Training R-squared: 0.3711324334, Validation R-squared: 0.3104527295
2023-11-24 13:48:25,541 - INFO - Epoch 21 : Training Loss: 11.9723720551, Validation Loss: 12.8759031296, Training R-squared: 0.3783320487, Validation R-squared: 0.3141824305
2023-11-24 13:48:29,980 - INFO - Epoch 22 : Training Loss: 11.9345979691, Validation Loss: 12.8467054367, Training R-squared: 0.3837931454, Validation R-squared: 0.3169217110
2023-11-24 13:48:34,250 - INFO - Epoch 23 : Training Loss: 11.8748426437, Validation Loss: 12.8221654892, Training R-squared: 0.3897779584, Validation R-squared: 0.3198902011
2023-11-24 13:48:38,562 - INFO - Epoch 24 : Training Loss: 11.8232049942, Validation Loss: 12.7925577164, Training R-squared: 0.3940874636, Validation R-squared: 0.3228376210
2023-11-24 13:48:43,237 - INFO - Epoch 25 : Training Loss: 11.7627201080, Validation Loss: 12.7746553421, Training R-squared: 0.4001970887, Validation R-squared: 0.3246636689
2023-11-24 13:48:48,166 - INFO - Epoch 26 : Training Loss: 11.7115821838, Validation Loss: 12.7458190918, Training R-squared: 0.4056961536, Validation R-squared: 0.3277180493
2023-11-24 13:48:53,165 - INFO - Epoch 27 : Training Loss: 11.6750717163, Validation Loss: 12.7295789719, Training R-squared: 0.4084677100, Validation R-squared: 0.3292442560
2023-11-24 13:48:58,152 - INFO - Epoch 28 : Training Loss: 11.6327915192, Validation Loss: 12.7037363052, Training R-squared: 0.4125662446, Validation R-squared: 0.3322865963
2023-11-24 13:49:02,900 - INFO - Epoch 29 : Training Loss: 11.5766983032, Validation Loss: 12.6929416656, Training R-squared: 0.4184913635, Validation R-squared: 0.3335466087
2023-11-24 13:49:07,466 - INFO - Epoch 30 : Training Loss: 11.5410614014, Validation Loss: 12.6704626083, Training R-squared: 0.4217116535, Validation R-squared: 0.3360407054
2023-11-24 13:49:12,414 - INFO - Epoch 31 : Training Loss: 11.5147256851, Validation Loss: 12.6560449600, Training R-squared: 0.4256263971, Validation R-squared: 0.3373090327
2023-11-24 13:49:17,043 - INFO - Epoch 32 : Training Loss: 11.4461393356, Validation Loss: 12.6479730606, Training R-squared: 0.4298148751, Validation R-squared: 0.3379204273
2023-11-24 13:49:21,790 - INFO - Epoch 33 : Training Loss: 11.4212112427, Validation Loss: 12.6399812698, Training R-squared: 0.4346883595, Validation R-squared: 0.3385755122
2023-11-24 13:49:26,186 - INFO - Epoch 34 : Training Loss: 11.3800678253, Validation Loss: 12.6275024414, Training R-squared: 0.4378883541, Validation R-squared: 0.3399050534
2023-11-24 13:49:30,584 - INFO - Epoch 35 : Training Loss: 11.3534717560, Validation Loss: 12.6086521149, Training R-squared: 0.4395341873, Validation R-squared: 0.3423166871
2023-11-24 13:49:34,995 - INFO - Epoch 36 : Training Loss: 11.3085756302, Validation Loss: 12.5997066498, Training R-squared: 0.4453037083, Validation R-squared: 0.3429592550
2023-11-24 13:49:39,296 - INFO - Epoch 37 : Training Loss: 11.2928867340, Validation Loss: 12.5892467499, Training R-squared: 0.4445457458, Validation R-squared: 0.3436969221
2023-11-24 13:49:43,598 - INFO - Epoch 38 : Training Loss: 11.2514696121, Validation Loss: 12.5711708069, Training R-squared: 0.4502163529, Validation R-squared: 0.3464056849
2023-11-24 13:49:48,012 - INFO - Epoch 39 : Training Loss: 11.2191047668, Validation Loss: 12.6045742035, Training R-squared: 0.4528178871, Validation R-squared: 0.3420190513
2023-11-24 13:49:52,472 - INFO - Epoch 40 : Training Loss: 11.1958923340, Validation Loss: 12.5946149826, Training R-squared: 0.4548645914, Validation R-squared: 0.3432150185
2023-11-24 13:49:56,830 - INFO - Epoch 41 : Training Loss: 11.1710119247, Validation Loss: 12.5791015625, Training R-squared: 0.4562987685, Validation R-squared: 0.3449895680
2023-11-24 13:50:01,375 - INFO - Epoch 42 : Training Loss: 11.1359767914, Validation Loss: 12.5632896423, Training R-squared: 0.4608284831, Validation R-squared: 0.3470982909
2023-11-24 13:50:05,811 - INFO - Epoch 43 : Training Loss: 11.1090230942, Validation Loss: 12.5667190552, Training R-squared: 0.4643987715, Validation R-squared: 0.3467202485
2023-11-24 13:50:10,236 - INFO - Epoch 44 : Training Loss: 11.0805091858, Validation Loss: 12.5392971039, Training R-squared: 0.4669584930, Validation R-squared: 0.3496737480
2023-11-24 13:50:14,711 - INFO - Epoch 45 : Training Loss: 11.0464706421, Validation Loss: 12.5580587387, Training R-squared: 0.4684607685, Validation R-squared: 0.3473021388
2023-11-24 13:50:19,393 - INFO - Epoch 46 : Training Loss: 11.0177965164, Validation Loss: 12.5506858826, Training R-squared: 0.4725261331, Validation R-squared: 0.3483962119
2023-11-24 13:50:23,733 - INFO - Epoch 47 : Training Loss: 10.9964361191, Validation Loss: 12.5481195450, Training R-squared: 0.4726113975, Validation R-squared: 0.3481366932
2023-11-24 13:50:28,098 - INFO - Epoch 48 : Training Loss: 10.9683332443, Validation Loss: 12.5594215393, Training R-squared: 0.4753079116, Validation R-squared: 0.3466434777
2023-11-24 13:50:32,665 - INFO - Epoch 49 : Training Loss: 10.9404687881, Validation Loss: 12.5402078629, Training R-squared: 0.4773319066, Validation R-squared: 0.3490145802
2023-11-24 13:50:42,019 - INFO - Model saved to models/portion_model/dinner/512_512_200_64/sparsity_80_fold_2_model.keras
2023-11-24 13:50:46,383 - INFO - Avg Metrics: RMSE: 10.0599569114, R-squared: -0.0509003456, PCC: 0.5334423791
2023-11-24 13:50:46,384 - INFO - Agg Metrics: RMSE: 12.8214098893, R-squared: 0.3417651686, PCC: 0.5855804858
2023-11-24 13:50:55,261 - INFO - ================================================================== Fold 3 ===================================================================
2023-11-24 13:51:02,252 - INFO - Epoch 1  : Training Loss: 15.1299276352, Validation Loss: 14.6710863113, Training R-squared: 0.0313057229, Validation R-squared: 0.0388106890
2023-11-24 13:51:06,826 - INFO - Epoch 2  : Training Loss: 14.9735050201, Validation Loss: 14.3539276123, Training R-squared: 0.0515086129, Validation R-squared: 0.0801067725
2023-11-24 13:51:11,111 - INFO - Epoch 3  : Training Loss: 14.5467910767, Validation Loss: 13.8684701920, Training R-squared: 0.1056313887, Validation R-squared: 0.1418748349
2023-11-24 13:51:15,955 - INFO - Epoch 4  : Training Loss: 13.8328113556, Validation Loss: 13.1046829224, Training R-squared: 0.1928341389, Validation R-squared: 0.2337726206
2023-11-24 13:51:20,749 - INFO - Epoch 5  : Training Loss: 13.5402069092, Validation Loss: 13.0438346863, Training R-squared: 0.2268610895, Validation R-squared: 0.2409909368
2023-11-24 13:51:25,286 - INFO - Epoch 6  : Training Loss: 13.4445533752, Validation Loss: 12.9608221054, Training R-squared: 0.2370936424, Validation R-squared: 0.2504335940
2023-11-24 13:51:29,610 - INFO - Epoch 7  : Training Loss: 13.3466968536, Validation Loss: 12.8900537491, Training R-squared: 0.2477940917, Validation R-squared: 0.2584851384
2023-11-24 13:51:33,899 - INFO - Epoch 8  : Training Loss: 13.2575702667, Validation Loss: 12.8419094086, Training R-squared: 0.2575060427, Validation R-squared: 0.2639135122
2023-11-24 13:51:38,352 - INFO - Epoch 9  : Training Loss: 13.1775426865, Validation Loss: 12.7647752762, Training R-squared: 0.2680844367, Validation R-squared: 0.2726645768
2023-11-24 13:51:42,854 - INFO - Epoch 10 : Training Loss: 13.0287265778, Validation Loss: 12.6797618866, Training R-squared: 0.2822165191, Validation R-squared: 0.2818073928
2023-11-24 13:51:47,364 - INFO - Epoch 11 : Training Loss: 12.9231729507, Validation Loss: 12.6248302460, Training R-squared: 0.2958587408, Validation R-squared: 0.2875219882
2023-11-24 13:51:51,752 - INFO - Epoch 12 : Training Loss: 12.8174839020, Validation Loss: 12.5898790359, Training R-squared: 0.3049415648, Validation R-squared: 0.2912424505
2023-11-24 13:51:56,028 - INFO - Epoch 13 : Training Loss: 12.7741374969, Validation Loss: 12.5659646988, Training R-squared: 0.3088298440, Validation R-squared: 0.2935675383
2023-11-24 13:52:00,534 - INFO - Epoch 14 : Training Loss: 12.7124347687, Validation Loss: 12.5340509415, Training R-squared: 0.3146882057, Validation R-squared: 0.2973099947
2023-11-24 13:52:04,983 - INFO - Epoch 15 : Training Loss: 12.6681537628, Validation Loss: 12.4996633530, Training R-squared: 0.3204484284, Validation R-squared: 0.3011315167
2023-11-24 13:52:09,300 - INFO - Epoch 16 : Training Loss: 12.6095619202, Validation Loss: 12.4678220749, Training R-squared: 0.3255478442, Validation R-squared: 0.3044087589
2023-11-24 13:52:13,682 - INFO - Epoch 17 : Training Loss: 12.5634136200, Validation Loss: 12.4322910309, Training R-squared: 0.3316172063, Validation R-squared: 0.3083844185
2023-11-24 13:52:18,598 - INFO - Epoch 18 : Training Loss: 12.4845380783, Validation Loss: 12.4093866348, Training R-squared: 0.3378300071, Validation R-squared: 0.3112246990
2023-11-24 13:52:23,141 - INFO - Epoch 19 : Training Loss: 12.4637241364, Validation Loss: 12.3455514908, Training R-squared: 0.3416553140, Validation R-squared: 0.3180276752
2023-11-24 13:52:27,878 - INFO - Epoch 20 : Training Loss: 12.4039459229, Validation Loss: 12.3020677567, Training R-squared: 0.3498281837, Validation R-squared: 0.3228771091
2023-11-24 13:52:32,348 - INFO - Epoch 21 : Training Loss: 12.3245401382, Validation Loss: 12.2290706635, Training R-squared: 0.3566918373, Validation R-squared: 0.3307075799
2023-11-24 13:52:36,599 - INFO - Epoch 22 : Training Loss: 12.2789726257, Validation Loss: 12.1919555664, Training R-squared: 0.3613866270, Validation R-squared: 0.3339180350
2023-11-24 13:52:40,838 - INFO - Epoch 23 : Training Loss: 12.1943988800, Validation Loss: 12.1327610016, Training R-squared: 0.3686406612, Validation R-squared: 0.3402298987
2023-11-24 13:52:45,066 - INFO - Epoch 24 : Training Loss: 12.1299104691, Validation Loss: 12.0576019287, Training R-squared: 0.3751069009, Validation R-squared: 0.3482683003
2023-11-24 13:52:49,179 - INFO - Epoch 25 : Training Loss: 12.0664615631, Validation Loss: 12.0122489929, Training R-squared: 0.3810905814, Validation R-squared: 0.3531176448
2023-11-24 13:52:53,429 - INFO - Epoch 26 : Training Loss: 12.0021886826, Validation Loss: 11.9716472626, Training R-squared: 0.3883829117, Validation R-squared: 0.3568953574
2023-11-24 13:52:57,672 - INFO - Epoch 27 : Training Loss: 11.9544239044, Validation Loss: 11.9173231125, Training R-squared: 0.3923295438, Validation R-squared: 0.3631752431
2023-11-24 13:53:01,952 - INFO - Epoch 28 : Training Loss: 11.9297494888, Validation Loss: 11.9131040573, Training R-squared: 0.3961102962, Validation R-squared: 0.3629248440
2023-11-24 13:53:06,098 - INFO - Epoch 29 : Training Loss: 11.8644809723, Validation Loss: 11.8736743927, Training R-squared: 0.4028126597, Validation R-squared: 0.3670029044
2023-11-24 13:53:10,349 - INFO - Epoch 30 : Training Loss: 11.8194990158, Validation Loss: 11.8696088791, Training R-squared: 0.4054128230, Validation R-squared: 0.3673196733
2023-11-24 13:53:14,851 - INFO - Epoch 31 : Training Loss: 11.7659835815, Validation Loss: 11.8342285156, Training R-squared: 0.4097783864, Validation R-squared: 0.3708347082
2023-11-24 13:53:19,202 - INFO - Epoch 32 : Training Loss: 11.7472152710, Validation Loss: 11.7917919159, Training R-squared: 0.4149789810, Validation R-squared: 0.3757314980
2023-11-24 13:53:23,572 - INFO - Epoch 33 : Training Loss: 11.6959047318, Validation Loss: 11.7638530731, Training R-squared: 0.4177284539, Validation R-squared: 0.3787003756
2023-11-24 13:53:27,806 - INFO - Epoch 34 : Training Loss: 11.6787137985, Validation Loss: 11.7511348724, Training R-squared: 0.4207814336, Validation R-squared: 0.3801132739
2023-11-24 13:53:32,384 - INFO - Epoch 35 : Training Loss: 11.6347780228, Validation Loss: 11.7777872086, Training R-squared: 0.4263162911, Validation R-squared: 0.3764724433
2023-11-24 13:53:36,706 - INFO - Epoch 36 : Training Loss: 11.5687494278, Validation Loss: 11.7570972443, Training R-squared: 0.4324633777, Validation R-squared: 0.3786966801
2023-11-24 13:53:41,022 - INFO - Epoch 37 : Training Loss: 11.5431900024, Validation Loss: 11.7419424057, Training R-squared: 0.4336057305, Validation R-squared: 0.3805408180
2023-11-24 13:53:45,856 - INFO - Epoch 38 : Training Loss: 11.5219917297, Validation Loss: 11.7687940598, Training R-squared: 0.4359435141, Validation R-squared: 0.3766635954
2023-11-24 13:53:51,002 - INFO - Epoch 39 : Training Loss: 11.4957714081, Validation Loss: 11.7100276947, Training R-squared: 0.4390661716, Validation R-squared: 0.3834164143
2023-11-24 13:53:55,814 - INFO - Epoch 40 : Training Loss: 11.4421844482, Validation Loss: 11.7149944305, Training R-squared: 0.4406747222, Validation R-squared: 0.3826730549
2023-11-24 13:54:00,234 - INFO - Epoch 41 : Training Loss: 11.4359493256, Validation Loss: 11.7468986511, Training R-squared: 0.4452722967, Validation R-squared: 0.3786836267
2023-11-24 13:54:04,464 - INFO - Epoch 42 : Training Loss: 11.3749351501, Validation Loss: 11.6878938675, Training R-squared: 0.4484115541, Validation R-squared: 0.3856044114
2023-11-24 13:54:08,739 - INFO - Epoch 43 : Training Loss: 11.3487110138, Validation Loss: 11.6737346649, Training R-squared: 0.4522393644, Validation R-squared: 0.3871147633
2023-11-24 13:54:13,059 - INFO - Epoch 44 : Training Loss: 11.3216695786, Validation Loss: 11.6801424026, Training R-squared: 0.4546283484, Validation R-squared: 0.3863135576
2023-11-24 13:54:17,595 - INFO - Epoch 45 : Training Loss: 11.3002328873, Validation Loss: 11.6858491898, Training R-squared: 0.4565445483, Validation R-squared: 0.3854212463
2023-11-24 13:54:21,859 - INFO - Epoch 46 : Training Loss: 11.2719049454, Validation Loss: 11.6851949692, Training R-squared: 0.4596731961, Validation R-squared: 0.3852479458
2023-11-24 13:54:26,364 - INFO - Epoch 47 : Training Loss: 11.2515478134, Validation Loss: 11.7033910751, Training R-squared: 0.4628872573, Validation R-squared: 0.3831287622
2023-11-24 13:54:30,668 - INFO - Epoch 48 : Training Loss: 11.2136020660, Validation Loss: 11.6800708771, Training R-squared: 0.4637119174, Validation R-squared: 0.3858478069
2023-11-24 13:54:39,413 - INFO - Model saved to models/portion_model/dinner/512_512_200_64/sparsity_80_fold_3_model.keras
2023-11-24 13:54:44,295 - INFO - Avg Metrics: RMSE: 9.7538525927, R-squared: -0.0565890289, PCC: 0.5428839893
2023-11-24 13:54:44,296 - INFO - Agg Metrics: RMSE: 11.7569896991, R-squared: 0.3898492182, PCC: 0.6257823820
2023-11-24 13:54:51,517 - INFO - ================================================================== Fold 4 ===================================================================
2023-11-24 13:54:57,893 - INFO - Epoch 1  : Training Loss: 15.1045150757, Validation Loss: 14.7736864090, Training R-squared: 0.0317068584, Validation R-squared: 0.0366231687
2023-11-24 13:55:02,439 - INFO - Epoch 2  : Training Loss: 14.9644412994, Validation Loss: 14.5142841339, Training R-squared: 0.0498889312, Validation R-squared: 0.0704838410
2023-11-24 13:55:06,652 - INFO - Epoch 3  : Training Loss: 14.5559854507, Validation Loss: 14.1345300674, Training R-squared: 0.1025933772, Validation R-squared: 0.1191223413
2023-11-24 13:55:10,936 - INFO - Epoch 4  : Training Loss: 14.0357303619, Validation Loss: 13.4555931091, Training R-squared: 0.1668008417, Validation R-squared: 0.2022679299
2023-11-24 13:55:15,379 - INFO - Epoch 5  : Training Loss: 13.5276842117, Validation Loss: 13.2632331848, Training R-squared: 0.2253129035, Validation R-squared: 0.2250273228
2023-11-24 13:55:19,931 - INFO - Epoch 6  : Training Loss: 13.4007120132, Validation Loss: 13.1745243073, Training R-squared: 0.2404464781, Validation R-squared: 0.2354344428
2023-11-24 13:55:24,136 - INFO - Epoch 7  : Training Loss: 13.2966995239, Validation Loss: 13.1123456955, Training R-squared: 0.2532453239, Validation R-squared: 0.2425606400
2023-11-24 13:55:28,353 - INFO - Epoch 8  : Training Loss: 13.2189769745, Validation Loss: 13.0467271805, Training R-squared: 0.2614621818, Validation R-squared: 0.2501740456
2023-11-24 13:55:32,695 - INFO - Epoch 9  : Training Loss: 13.0779094696, Validation Loss: 12.9748010635, Training R-squared: 0.2754268348, Validation R-squared: 0.2574403584
2023-11-24 13:55:36,783 - INFO - Epoch 10 : Training Loss: 12.9539537430, Validation Loss: 12.8728981018, Training R-squared: 0.2906697690, Validation R-squared: 0.2686931789
2023-11-24 13:55:41,049 - INFO - Epoch 11 : Training Loss: 12.8410873413, Validation Loss: 12.8238983154, Training R-squared: 0.3004231155, Validation R-squared: 0.2736805677
2023-11-24 13:55:45,426 - INFO - Epoch 12 : Training Loss: 12.7825393677, Validation Loss: 12.7918376923, Training R-squared: 0.3086221516, Validation R-squared: 0.2769834399
2023-11-24 13:55:49,606 - INFO - Epoch 13 : Training Loss: 12.7191381454, Validation Loss: 12.7562913895, Training R-squared: 0.3136498332, Validation R-squared: 0.2809509337
2023-11-24 13:55:53,864 - INFO - Epoch 14 : Training Loss: 12.6451635361, Validation Loss: 12.7288198471, Training R-squared: 0.3201841116, Validation R-squared: 0.2839636505
2023-11-24 13:55:58,485 - INFO - Epoch 15 : Training Loss: 12.6008033752, Validation Loss: 12.6919803619, Training R-squared: 0.3264284730, Validation R-squared: 0.2880285680
2023-11-24 13:56:02,785 - INFO - Epoch 16 : Training Loss: 12.5578422546, Validation Loss: 12.6521215439, Training R-squared: 0.3324514925, Validation R-squared: 0.2924854755
2023-11-24 13:56:07,022 - INFO - Epoch 17 : Training Loss: 12.4702939987, Validation Loss: 12.6063909531, Training R-squared: 0.3398843110, Validation R-squared: 0.2975899875
2023-11-24 13:56:11,222 - INFO - Epoch 18 : Training Loss: 12.3697986603, Validation Loss: 12.5620899200, Training R-squared: 0.3474653065, Validation R-squared: 0.3024296165
2023-11-24 13:56:15,614 - INFO - Epoch 19 : Training Loss: 12.3212966919, Validation Loss: 12.5087690353, Training R-squared: 0.3549793065, Validation R-squared: 0.3082601428
2023-11-24 13:56:20,591 - INFO - Epoch 20 : Training Loss: 12.2406988144, Validation Loss: 12.4776268005, Training R-squared: 0.3629364967, Validation R-squared: 0.3112112880
2023-11-24 13:56:25,378 - INFO - Epoch 21 : Training Loss: 12.1867513657, Validation Loss: 12.4404239655, Training R-squared: 0.3669190407, Validation R-squared: 0.3151240647
2023-11-24 13:56:30,567 - INFO - Epoch 22 : Training Loss: 12.1088142395, Validation Loss: 12.3889226913, Training R-squared: 0.3760922253, Validation R-squared: 0.3211348355
2023-11-24 13:56:35,832 - INFO - Epoch 23 : Training Loss: 12.0751886368, Validation Loss: 12.3864898682, Training R-squared: 0.3829412162, Validation R-squared: 0.3207800090
2023-11-24 13:56:41,182 - INFO - Epoch 24 : Training Loss: 11.9951791763, Validation Loss: 12.3328714371, Training R-squared: 0.3860957026, Validation R-squared: 0.3268396854
2023-11-24 13:56:46,670 - INFO - Epoch 25 : Training Loss: 11.9536571503, Validation Loss: 12.3311710358, Training R-squared: 0.3938658535, Validation R-squared: 0.3265982568
2023-11-24 13:56:51,118 - INFO - Epoch 26 : Training Loss: 11.9215660095, Validation Loss: 12.2744722366, Training R-squared: 0.3968190849, Validation R-squared: 0.3332027793
2023-11-24 13:56:55,770 - INFO - Epoch 27 : Training Loss: 11.8457593918, Validation Loss: 12.2430906296, Training R-squared: 0.4007943571, Validation R-squared: 0.3365103602
2023-11-24 13:56:59,734 - INFO - Epoch 28 : Training Loss: 11.8265314102, Validation Loss: 12.2242689133, Training R-squared: 0.4042978883, Validation R-squared: 0.3383293748
2023-11-24 13:57:03,746 - INFO - Epoch 29 : Training Loss: 11.7869997025, Validation Loss: 12.2215671539, Training R-squared: 0.4098126888, Validation R-squared: 0.3384101391
2023-11-24 13:57:07,791 - INFO - Epoch 30 : Training Loss: 11.7160167694, Validation Loss: 12.2050466537, Training R-squared: 0.4149943888, Validation R-squared: 0.3399084210
2023-11-24 13:57:11,630 - INFO - Epoch 31 : Training Loss: 11.6964092255, Validation Loss: 12.1677341461, Training R-squared: 0.4173525870, Validation R-squared: 0.3441934586
2023-11-24 13:57:15,741 - INFO - Epoch 32 : Training Loss: 11.6482028961, Validation Loss: 12.1440258026, Training R-squared: 0.4205423892, Validation R-squared: 0.3466803133
2023-11-24 13:57:19,899 - INFO - Epoch 33 : Training Loss: 11.6232357025, Validation Loss: 12.1358013153, Training R-squared: 0.4252224565, Validation R-squared: 0.3472799063
2023-11-24 13:57:23,900 - INFO - Epoch 34 : Training Loss: 11.5722322464, Validation Loss: 12.1068086624, Training R-squared: 0.4291478097, Validation R-squared: 0.3504719734
2023-11-24 13:57:27,949 - INFO - Epoch 35 : Training Loss: 11.5393066406, Validation Loss: 12.1287841797, Training R-squared: 0.4320567548, Validation R-squared: 0.3474338651
2023-11-24 13:57:31,675 - INFO - Epoch 36 : Training Loss: 11.4932899475, Validation Loss: 12.1076259613, Training R-squared: 0.4379865527, Validation R-squared: 0.3497903943
2023-11-24 13:57:35,464 - INFO - Epoch 37 : Training Loss: 11.4643621445, Validation Loss: 12.1039781570, Training R-squared: 0.4390407801, Validation R-squared: 0.3499367535
2023-11-24 13:57:39,191 - INFO - Epoch 38 : Training Loss: 11.4378852844, Validation Loss: 12.1020879745, Training R-squared: 0.4418007135, Validation R-squared: 0.3499415815
2023-11-24 13:57:43,139 - INFO - Epoch 39 : Training Loss: 11.4027824402, Validation Loss: 12.0509147644, Training R-squared: 0.4467129707, Validation R-squared: 0.3558813035
2023-11-24 13:57:46,849 - INFO - Epoch 40 : Training Loss: 11.3811464310, Validation Loss: 12.0592050552, Training R-squared: 0.4461051822, Validation R-squared: 0.3546509743
2023-11-24 13:57:50,667 - INFO - Epoch 41 : Training Loss: 11.3363866806, Validation Loss: 12.0380535126, Training R-squared: 0.4495065808, Validation R-squared: 0.3570723534
2023-11-24 13:57:54,508 - INFO - Epoch 42 : Training Loss: 11.3023786545, Validation Loss: 12.0609292984, Training R-squared: 0.4547187090, Validation R-squared: 0.3540433943
2023-11-24 13:57:58,379 - INFO - Epoch 43 : Training Loss: 11.2931556702, Validation Loss: 12.0488214493, Training R-squared: 0.4575357139, Validation R-squared: 0.3553928137
2023-11-24 13:58:02,209 - INFO - Epoch 44 : Training Loss: 11.2657032013, Validation Loss: 12.0409517288, Training R-squared: 0.4589310884, Validation R-squared: 0.3562494218
2023-11-24 13:58:06,001 - INFO - Epoch 45 : Training Loss: 11.2351856232, Validation Loss: 12.0360174179, Training R-squared: 0.4618127346, Validation R-squared: 0.3565749824
2023-11-24 13:58:09,734 - INFO - Epoch 46 : Training Loss: 11.1974334717, Validation Loss: 12.0438966751, Training R-squared: 0.4654765129, Validation R-squared: 0.3557328880
2023-11-24 13:58:13,577 - INFO - Epoch 47 : Training Loss: 11.1766319275, Validation Loss: 12.0726432800, Training R-squared: 0.4670376182, Validation R-squared: 0.3522366881
2023-11-24 13:58:17,833 - INFO - Epoch 48 : Training Loss: 11.1438055038, Validation Loss: 12.0470113754, Training R-squared: 0.4697657824, Validation R-squared: 0.3551352024
2023-11-24 13:58:21,531 - INFO - Epoch 49 : Training Loss: 11.1302490234, Validation Loss: 12.0545043945, Training R-squared: 0.4700327516, Validation R-squared: 0.3539439738
2023-11-24 13:58:25,366 - INFO - Epoch 50 : Training Loss: 11.0982894897, Validation Loss: 12.0677251816, Training R-squared: 0.4752562046, Validation R-squared: 0.3522763550
2023-11-24 13:58:33,401 - INFO - Model saved to models/portion_model/dinner/512_512_200_64/sparsity_80_fold_4_model.keras
2023-11-24 13:58:37,277 - INFO - Avg Metrics: RMSE: 9.9407514984, R-squared: -0.1379040248, PCC: 0.5400720410
2023-11-24 13:58:37,277 - INFO - Agg Metrics: RMSE: 12.1462032227, R-squared: 0.3584100187, PCC: 0.6026739030
2023-11-24 13:58:43,498 - INFO - ================================================================== Fold 5 ===================================================================
2023-11-24 13:58:49,211 - INFO - Epoch 1  : Training Loss: 15.0232286453, Validation Loss: 15.1547269821, Training R-squared: 0.0312046204, Validation R-squared: 0.0359818414
2023-11-24 13:58:53,363 - INFO - Epoch 2  : Training Loss: 14.8779153824, Validation Loss: 14.8782491684, Training R-squared: 0.0509495400, Validation R-squared: 0.0715553537
2023-11-24 13:58:57,131 - INFO - Epoch 3  : Training Loss: 14.4474020004, Validation Loss: 14.3863306046, Training R-squared: 0.1068137735, Validation R-squared: 0.1324954778
2023-11-24 13:59:01,167 - INFO - Epoch 4  : Training Loss: 13.6813440323, Validation Loss: 13.7254362106, Training R-squared: 0.1981471330, Validation R-squared: 0.2108821124
2023-11-24 13:59:04,883 - INFO - Epoch 5  : Training Loss: 13.4152870178, Validation Loss: 13.6519355774, Training R-squared: 0.2302344739, Validation R-squared: 0.2193789482
2023-11-24 13:59:08,780 - INFO - Epoch 6  : Training Loss: 13.3264589310, Validation Loss: 13.5793161392, Training R-squared: 0.2411098480, Validation R-squared: 0.2278193235
2023-11-24 13:59:12,738 - INFO - Epoch 7  : Training Loss: 13.1873855591, Validation Loss: 13.5080461502, Training R-squared: 0.2546310723, Validation R-squared: 0.2359110862
2023-11-24 13:59:16,864 - INFO - Epoch 8  : Training Loss: 13.1379852295, Validation Loss: 13.4520387650, Training R-squared: 0.2609266639, Validation R-squared: 0.2421667129
2023-11-24 13:59:20,729 - INFO - Epoch 9  : Training Loss: 13.0696277618, Validation Loss: 13.3793849945, Training R-squared: 0.2675817907, Validation R-squared: 0.2504022717
2023-11-24 13:59:24,539 - INFO - Epoch 10 : Training Loss: 12.9603662491, Validation Loss: 13.2497711182, Training R-squared: 0.2816431522, Validation R-squared: 0.2644952238
2023-11-24 13:59:29,016 - INFO - Epoch 11 : Training Loss: 12.8157215118, Validation Loss: 13.1369371414, Training R-squared: 0.2973833680, Validation R-squared: 0.2765722275
2023-11-24 13:59:32,881 - INFO - Epoch 12 : Training Loss: 12.7342033386, Validation Loss: 13.0892286301, Training R-squared: 0.3052232265, Validation R-squared: 0.2817274332
2023-11-24 13:59:36,558 - INFO - Epoch 13 : Training Loss: 12.6531133652, Validation Loss: 13.0532798767, Training R-squared: 0.3127399385, Validation R-squared: 0.2854577005
2023-11-24 13:59:40,321 - INFO - Epoch 14 : Training Loss: 12.6092071533, Validation Loss: 13.0209884644, Training R-squared: 0.3177926540, Validation R-squared: 0.2889153659
2023-11-24 13:59:44,064 - INFO - Epoch 15 : Training Loss: 12.5581016541, Validation Loss: 12.9956722260, Training R-squared: 0.3228935003, Validation R-squared: 0.2916182578
2023-11-24 13:59:47,915 - INFO - Epoch 16 : Training Loss: 12.5052709579, Validation Loss: 12.9669580460, Training R-squared: 0.3280603290, Validation R-squared: 0.2949633002
2023-11-24 13:59:51,614 - INFO - Epoch 17 : Training Loss: 12.4387998581, Validation Loss: 12.9262275696, Training R-squared: 0.3347884715, Validation R-squared: 0.2990593612
2023-11-24 13:59:55,409 - INFO - Epoch 18 : Training Loss: 12.3848257065, Validation Loss: 12.8797626495, Training R-squared: 0.3408872783, Validation R-squared: 0.3040962517
2023-11-24 13:59:59,297 - INFO - Epoch 19 : Training Loss: 12.3415012360, Validation Loss: 12.8279705048, Training R-squared: 0.3447672725, Validation R-squared: 0.3094457090
2023-11-24 14:00:03,267 - INFO - Epoch 20 : Training Loss: 12.2650146484, Validation Loss: 12.7718410492, Training R-squared: 0.3525030911, Validation R-squared: 0.3151791096
2023-11-24 14:00:06,959 - INFO - Epoch 21 : Training Loss: 12.1950321198, Validation Loss: 12.7039499283, Training R-squared: 0.3606597781, Validation R-squared: 0.3220375478
2023-11-24 14:00:10,780 - INFO - Epoch 22 : Training Loss: 12.1283750534, Validation Loss: 12.6541404724, Training R-squared: 0.3682242036, Validation R-squared: 0.3271582425
2023-11-24 14:00:14,513 - INFO - Epoch 23 : Training Loss: 12.0707492828, Validation Loss: 12.6155271530, Training R-squared: 0.3714977503, Validation R-squared: 0.3307757378
2023-11-24 14:00:18,703 - INFO - Epoch 24 : Training Loss: 12.0271949768, Validation Loss: 12.5721311569, Training R-squared: 0.3784492016, Validation R-squared: 0.3354157209
2023-11-24 14:00:22,483 - INFO - Epoch 25 : Training Loss: 11.9673557281, Validation Loss: 12.5370798111, Training R-squared: 0.3844380975, Validation R-squared: 0.3391303420
2023-11-24 14:00:26,278 - INFO - Epoch 26 : Training Loss: 11.9389457703, Validation Loss: 12.5081157684, Training R-squared: 0.3859201074, Validation R-squared: 0.3418661654
2023-11-24 14:00:30,075 - INFO - Epoch 27 : Training Loss: 11.8636856079, Validation Loss: 12.4855079651, Training R-squared: 0.3943789601, Validation R-squared: 0.3442156911
2023-11-24 14:00:33,958 - INFO - Epoch 28 : Training Loss: 11.8347721100, Validation Loss: 12.4592809677, Training R-squared: 0.3975443840, Validation R-squared: 0.3470600843
2023-11-24 14:00:37,768 - INFO - Epoch 29 : Training Loss: 11.7923974991, Validation Loss: 12.4248008728, Training R-squared: 0.4016178846, Validation R-squared: 0.3504951298
2023-11-24 14:00:41,461 - INFO - Epoch 30 : Training Loss: 11.7584753036, Validation Loss: 12.4075908661, Training R-squared: 0.4041963220, Validation R-squared: 0.3524494171
2023-11-24 14:00:45,278 - INFO - Epoch 31 : Training Loss: 11.7083806992, Validation Loss: 12.4057970047, Training R-squared: 0.4100777507, Validation R-squared: 0.3524348736
2023-11-24 14:00:49,054 - INFO - Epoch 32 : Training Loss: 11.6759376526, Validation Loss: 12.3626003265, Training R-squared: 0.4118906856, Validation R-squared: 0.3569142520
2023-11-24 14:00:53,208 - INFO - Epoch 33 : Training Loss: 11.6262502670, Validation Loss: 12.3489112854, Training R-squared: 0.4173221588, Validation R-squared: 0.3585606813
2023-11-24 14:00:57,013 - INFO - Epoch 34 : Training Loss: 11.6013441086, Validation Loss: 12.3147544861, Training R-squared: 0.4207621515, Validation R-squared: 0.3620397747
2023-11-24 14:01:01,061 - INFO - Epoch 35 : Training Loss: 11.5570802689, Validation Loss: 12.3276357651, Training R-squared: 0.4250007272, Validation R-squared: 0.3602496386
2023-11-24 14:01:04,766 - INFO - Epoch 36 : Training Loss: 11.5167369843, Validation Loss: 12.3018579483, Training R-squared: 0.4279383123, Validation R-squared: 0.3634540737
2023-11-24 14:01:08,696 - INFO - Epoch 37 : Training Loss: 11.4717521667, Validation Loss: 12.2654790878, Training R-squared: 0.4321502149, Validation R-squared: 0.3668392599
2023-11-24 14:01:12,481 - INFO - Epoch 38 : Training Loss: 11.4363775253, Validation Loss: 12.2644844055, Training R-squared: 0.4356317818, Validation R-squared: 0.3664453924
2023-11-24 14:01:16,295 - INFO - Epoch 39 : Training Loss: 11.3980607986, Validation Loss: 12.2501430511, Training R-squared: 0.4390133619, Validation R-squared: 0.3684654236
2023-11-24 14:01:20,394 - INFO - Epoch 40 : Training Loss: 11.3893880844, Validation Loss: 12.2324619293, Training R-squared: 0.4418345690, Validation R-squared: 0.3704936504
2023-11-24 14:01:24,190 - INFO - Epoch 41 : Training Loss: 11.3374900818, Validation Loss: 12.2262659073, Training R-squared: 0.4464454055, Validation R-squared: 0.3702327907
2023-11-24 14:01:28,042 - INFO - Epoch 42 : Training Loss: 11.3221626282, Validation Loss: 12.1947002411, Training R-squared: 0.4491488039, Validation R-squared: 0.3737875521
2023-11-24 14:01:31,816 - INFO - Epoch 43 : Training Loss: 11.2680101395, Validation Loss: 12.2176961899, Training R-squared: 0.4522502720, Validation R-squared: 0.3711609840
2023-11-24 14:01:35,615 - INFO - Epoch 44 : Training Loss: 11.2492084503, Validation Loss: 12.2125368118, Training R-squared: 0.4534426630, Validation R-squared: 0.3724119663
2023-11-24 14:01:39,386 - INFO - Epoch 45 : Training Loss: 11.2210569382, Validation Loss: 12.1878356934, Training R-squared: 0.4564759731, Validation R-squared: 0.3749045730
2023-11-24 14:01:43,368 - INFO - Epoch 46 : Training Loss: 11.1915988922, Validation Loss: 12.1882495880, Training R-squared: 0.4604365528, Validation R-squared: 0.3744353056
2023-11-24 14:01:47,094 - INFO - Epoch 47 : Training Loss: 11.1895284653, Validation Loss: 12.1881284714, Training R-squared: 0.4608102143, Validation R-squared: 0.3741904199
2023-11-24 14:01:50,922 - INFO - Epoch 48 : Training Loss: 11.1456747055, Validation Loss: 12.1839179993, Training R-squared: 0.4635949433, Validation R-squared: 0.3745248914
2023-11-24 14:01:54,669 - INFO - Epoch 49 : Training Loss: 11.1330480576, Validation Loss: 12.1511898041, Training R-squared: 0.4647107124, Validation R-squared: 0.3783496320
2023-11-24 14:01:58,615 - INFO - Epoch 50 : Training Loss: 11.1208505630, Validation Loss: 12.1640672684, Training R-squared: 0.4660727084, Validation R-squared: 0.3766155839
2023-11-24 14:02:02,382 - INFO - Epoch 51 : Training Loss: 11.0629396439, Validation Loss: 12.1685943604, Training R-squared: 0.4704405069, Validation R-squared: 0.3760634959
2023-11-24 14:02:06,270 - INFO - Epoch 52 : Training Loss: 11.0633010864, Validation Loss: 12.1540384293, Training R-squared: 0.4700792432, Validation R-squared: 0.3780638278
2023-11-24 14:02:09,989 - INFO - Epoch 53 : Training Loss: 11.0324869156, Validation Loss: 12.1460285187, Training R-squared: 0.4747656584, Validation R-squared: 0.3781937063
2023-11-24 14:02:13,864 - INFO - Epoch 54 : Training Loss: 11.0080890656, Validation Loss: 12.1460695267, Training R-squared: 0.4778642952, Validation R-squared: 0.3781044781
2023-11-24 14:02:17,840 - INFO - Epoch 55 : Training Loss: 10.9793291092, Validation Loss: 12.1350603104, Training R-squared: 0.4795536995, Validation R-squared: 0.3792034388
2023-11-24 14:02:21,606 - INFO - Epoch 56 : Training Loss: 10.9520530701, Validation Loss: 12.1337804794, Training R-squared: 0.4807330072, Validation R-squared: 0.3795472682
2023-11-24 14:02:25,343 - INFO - Epoch 57 : Training Loss: 10.9276876450, Validation Loss: 12.1352529526, Training R-squared: 0.4840918183, Validation R-squared: 0.3795449138
2023-11-24 14:02:29,121 - INFO - Epoch 58 : Training Loss: 10.9020986557, Validation Loss: 12.1323919296, Training R-squared: 0.4855084419, Validation R-squared: 0.3789635301
2023-11-24 14:02:33,044 - INFO - Epoch 59 : Training Loss: 10.8807954788, Validation Loss: 12.1162834167, Training R-squared: 0.4863860905, Validation R-squared: 0.3812267780
2023-11-24 14:02:36,702 - INFO - Epoch 60 : Training Loss: 10.8589038849, Validation Loss: 12.1031866074, Training R-squared: 0.4903766811, Validation R-squared: 0.3826844394
2023-11-24 14:02:40,751 - INFO - Epoch 61 : Training Loss: 10.8307104111, Validation Loss: 12.1265163422, Training R-squared: 0.4932879210, Validation R-squared: 0.3793935478
2023-11-24 14:02:44,505 - INFO - Epoch 62 : Training Loss: 10.8268966675, Validation Loss: 12.0929527283, Training R-squared: 0.4932457209, Validation R-squared: 0.3834963739
2023-11-24 14:02:48,369 - INFO - Epoch 63 : Training Loss: 10.8090391159, Validation Loss: 12.1214609146, Training R-squared: 0.4952990115, Validation R-squared: 0.3804310262
2023-11-24 14:02:52,188 - INFO - Epoch 64 : Training Loss: 10.7825126648, Validation Loss: 12.1151056290, Training R-squared: 0.4965435266, Validation R-squared: 0.3809965253
2023-11-24 14:02:56,058 - INFO - Epoch 65 : Training Loss: 10.7623300552, Validation Loss: 12.1136913300, Training R-squared: 0.4981167614, Validation R-squared: 0.3814223707
2023-11-24 14:02:59,775 - INFO - Epoch 66 : Training Loss: 10.7252378464, Validation Loss: 12.1455545425, Training R-squared: 0.5019339323, Validation R-squared: 0.3774116933
2023-11-24 14:03:03,693 - INFO - Epoch 67 : Training Loss: 10.6978549957, Validation Loss: 12.1610393524, Training R-squared: 0.5048546195, Validation R-squared: 0.3757569194
2023-11-24 14:03:11,565 - INFO - Model saved to models/portion_model/dinner/512_512_200_64/sparsity_80_fold_5_model.keras
2023-11-24 14:03:15,148 - INFO - Avg Metrics: RMSE: 9.8125198662, R-squared: -0.1853972191, PCC: 0.5712909884
2023-11-24 14:03:15,149 - INFO - Agg Metrics: RMSE: 12.2145750698, R-squared: 0.3828822701, PCC: 0.6208467717
2023-11-24 14:03:22,595 - INFO - ================================================================== Results Summary ===================================================================
2023-11-24 14:03:22,595 - INFO - CrossVal Metrics (Avg.) - RMSE: 9.8962063685  0.1061898376, R2: -0.0959634066  0.1061898376, PCC: 0.5507030732  0.1061898376
2023-11-24 14:03:22,595 - INFO - Testing  Metrics (Avg.) - RMSE: 9.8430164272, R2: -0.0805338151, PCC: 0.5518470604
2023-11-24 14:03:22,595 - INFO - CrossVal Metrics (Agg.) - RMSE: 12.2377824055  0.1061898376, R2: 0.3719589487  0.1061898376, PCC: 0.6116139634  0.1061898376
2023-11-24 14:03:22,596 - INFO - Testing  Metrics (Agg.) - RMSE: 12.1515030622, R2: 0.3556753273, PCC: 0.6003324546
