2023-11-23 23:43:57,969 - INFO - Training model at 5% sparse columns removed...
2023-11-23 23:44:08,929 - INFO - ================================================================== Fold 1 ===================================================================
2023-11-23 23:44:49,488 - INFO - Epoch 1  : Training Loss: 7.0076627731, Validation Loss: 6.9359626770, Training R-squared: 0.0362226665, Validation R-squared: 0.0580422655
2023-11-23 23:45:19,127 - INFO - Epoch 2  : Training Loss: 6.7944884300, Validation Loss: 6.7703928947, Training R-squared: 0.0949407071, Validation R-squared: 0.1025938243
2023-11-23 23:45:47,892 - INFO - Epoch 3  : Training Loss: 6.6668701172, Validation Loss: 6.4443011284, Training R-squared: 0.1293889731, Validation R-squared: 0.1884360760
2023-11-23 23:46:17,025 - INFO - Epoch 4  : Training Loss: 6.3327002525, Validation Loss: 6.3449306488, Training R-squared: 0.2149653882, Validation R-squared: 0.2128682286
2023-11-23 23:46:45,931 - INFO - Epoch 5  : Training Loss: 6.2737302780, Validation Loss: 6.3298039436, Training R-squared: 0.2284410000, Validation R-squared: 0.2164761275
2023-11-23 23:47:15,208 - INFO - Epoch 6  : Training Loss: 6.2274451256, Validation Loss: 6.3086276054, Training R-squared: 0.2391498387, Validation R-squared: 0.2219730765
2023-11-23 23:47:44,322 - INFO - Epoch 7  : Training Loss: 6.1871662140, Validation Loss: 6.2786278725, Training R-squared: 0.2497613877, Validation R-squared: 0.2292685509
2023-11-23 23:48:13,338 - INFO - Epoch 8  : Training Loss: 6.1263189316, Validation Loss: 6.2344698906, Training R-squared: 0.2645430267, Validation R-squared: 0.2393514514
2023-11-23 23:48:42,141 - INFO - Epoch 9  : Training Loss: 6.0629644394, Validation Loss: 6.2107052803, Training R-squared: 0.2783140540, Validation R-squared: 0.2446461320
2023-11-23 23:49:11,330 - INFO - Epoch 10 : Training Loss: 6.0172963142, Validation Loss: 6.1881771088, Training R-squared: 0.2883603871, Validation R-squared: 0.2502607405
2023-11-23 23:49:41,426 - INFO - Epoch 11 : Training Loss: 5.9819431305, Validation Loss: 6.1656255722, Training R-squared: 0.2975277901, Validation R-squared: 0.2559183836
2023-11-23 23:50:10,568 - INFO - Epoch 12 : Training Loss: 5.9494271278, Validation Loss: 6.1575164795, Training R-squared: 0.3050181270, Validation R-squared: 0.2576649785
2023-11-23 23:50:39,748 - INFO - Epoch 13 : Training Loss: 5.9171829224, Validation Loss: 6.1557593346, Training R-squared: 0.3120020330, Validation R-squared: 0.2578895092
2023-11-23 23:51:08,604 - INFO - Epoch 14 : Training Loss: 5.8827929497, Validation Loss: 6.1352901459, Training R-squared: 0.3181699514, Validation R-squared: 0.2631909847
2023-11-23 23:51:35,735 - INFO - Epoch 15 : Training Loss: 5.8588395119, Validation Loss: 6.1210598946, Training R-squared: 0.3255037963, Validation R-squared: 0.2665638030
2023-11-23 23:52:02,738 - INFO - Epoch 16 : Training Loss: 5.8234562874, Validation Loss: 6.1161608696, Training R-squared: 0.3321151733, Validation R-squared: 0.2670787871
2023-11-23 23:52:29,925 - INFO - Epoch 17 : Training Loss: 5.7958250046, Validation Loss: 6.0915751457, Training R-squared: 0.3379214406, Validation R-squared: 0.2731385529
2023-11-23 23:52:56,663 - INFO - Epoch 18 : Training Loss: 5.7622380257, Validation Loss: 6.0894985199, Training R-squared: 0.3465584219, Validation R-squared: 0.2735742033
2023-11-23 23:53:24,029 - INFO - Epoch 19 : Training Loss: 5.7349977493, Validation Loss: 6.0826678276, Training R-squared: 0.3516774178, Validation R-squared: 0.2750620246
2023-11-23 23:53:52,155 - INFO - Epoch 20 : Training Loss: 5.7085533142, Validation Loss: 6.0404601097, Training R-squared: 0.3575758934, Validation R-squared: 0.2853691876
2023-11-23 23:54:20,250 - INFO - Epoch 21 : Training Loss: 5.6750354767, Validation Loss: 6.0484881401, Training R-squared: 0.3649092913, Validation R-squared: 0.2829238474
2023-11-23 23:54:46,924 - INFO - Epoch 22 : Training Loss: 5.6509876251, Validation Loss: 6.0446119308, Training R-squared: 0.3692930639, Validation R-squared: 0.2837065458
2023-11-23 23:55:14,756 - INFO - Epoch 23 : Training Loss: 5.6325125694, Validation Loss: 6.0291471481, Training R-squared: 0.3744320273, Validation R-squared: 0.2875890136
2023-11-23 23:55:41,634 - INFO - Epoch 24 : Training Loss: 5.6035175323, Validation Loss: 6.0170464516, Training R-squared: 0.3786349297, Validation R-squared: 0.2904169858
2023-11-23 23:56:08,904 - INFO - Epoch 25 : Training Loss: 5.5862121582, Validation Loss: 6.0294451714, Training R-squared: 0.3834959865, Validation R-squared: 0.2872440517
2023-11-23 23:56:35,986 - INFO - Epoch 26 : Training Loss: 5.5616512299, Validation Loss: 6.0179419518, Training R-squared: 0.3886131942, Validation R-squared: 0.2901370525
2023-11-23 23:57:02,777 - INFO - Epoch 27 : Training Loss: 5.5437626839, Validation Loss: 6.0159907341, Training R-squared: 0.3931076527, Validation R-squared: 0.2901883721
2023-11-23 23:57:30,135 - INFO - Epoch 28 : Training Loss: 5.5213871002, Validation Loss: 5.9847202301, Training R-squared: 0.3961984515, Validation R-squared: 0.2981787026
2023-11-23 23:57:57,111 - INFO - Epoch 29 : Training Loss: 5.5021781921, Validation Loss: 5.9898099899, Training R-squared: 0.4013369381, Validation R-squared: 0.2969226241
2023-11-23 23:58:24,159 - INFO - Epoch 30 : Training Loss: 5.4889755249, Validation Loss: 5.9969620705, Training R-squared: 0.4064587355, Validation R-squared: 0.2948532403
2023-11-23 23:58:51,006 - INFO - Epoch 31 : Training Loss: 5.4640789032, Validation Loss: 6.0035896301, Training R-squared: 0.4088563919, Validation R-squared: 0.2928783596
2023-11-23 23:59:18,420 - INFO - Epoch 32 : Training Loss: 5.4446134567, Validation Loss: 6.0029797554, Training R-squared: 0.4122335911, Validation R-squared: 0.2932427824
2023-11-23 23:59:45,402 - INFO - Epoch 33 : Training Loss: 5.4301600456, Validation Loss: 5.9721269608, Training R-squared: 0.4164697826, Validation R-squared: 0.3007217944
2023-11-24 00:00:12,834 - INFO - Epoch 34 : Training Loss: 5.4189949036, Validation Loss: 5.9621996880, Training R-squared: 0.4188832045, Validation R-squared: 0.3029594719
2023-11-24 00:00:40,571 - INFO - Epoch 35 : Training Loss: 5.3929252625, Validation Loss: 5.9910602570, Training R-squared: 0.4225324392, Validation R-squared: 0.2959745228
2023-11-24 00:01:07,384 - INFO - Epoch 36 : Training Loss: 5.3861136436, Validation Loss: 5.9698719978, Training R-squared: 0.4250269532, Validation R-squared: 0.3012311757
2023-11-24 00:01:34,793 - INFO - Epoch 37 : Training Loss: 5.3663825989, Validation Loss: 5.9829411507, Training R-squared: 0.4286982119, Validation R-squared: 0.2976584733
2023-11-24 00:02:01,949 - INFO - Epoch 38 : Training Loss: 5.3562054634, Validation Loss: 5.9866800308, Training R-squared: 0.4297331870, Validation R-squared: 0.2969496548
2023-11-24 00:02:29,276 - INFO - Epoch 39 : Training Loss: 5.3486375809, Validation Loss: 6.0022892952, Training R-squared: 0.4328633249, Validation R-squared: 0.2928588092
2023-11-24 00:02:53,359 - INFO - Model saved to models/portion_model/dinner/512_512_200_64/sparsity_5_fold_1_model.keras
2023-11-24 00:02:59,047 - INFO - Avg Metrics: RMSE: 4.9535123301, R-squared: -0.0913557325, PCC: 0.4767150184
2023-11-24 00:02:59,047 - INFO - Agg Metrics: RMSE: 6.0381256997, R-squared: 0.2991226656, PCC: 0.5528252298
2023-11-24 00:03:05,047 - INFO - ================================================================== Fold 2 ===================================================================
2023-11-24 00:03:44,043 - INFO - Epoch 1  : Training Loss: 7.0148172379, Validation Loss: 6.8301873207, Training R-squared: 0.0387934819, Validation R-squared: 0.0738175437
2023-11-24 00:04:11,836 - INFO - Epoch 2  : Training Loss: 6.7923088074, Validation Loss: 6.7061004639, Training R-squared: 0.0991544202, Validation R-squared: 0.1070937216
2023-11-24 00:04:38,571 - INFO - Epoch 3  : Training Loss: 6.6135540009, Validation Loss: 6.3468842506, Training R-squared: 0.1455023438, Validation R-squared: 0.2001939714
2023-11-24 00:05:05,688 - INFO - Epoch 4  : Training Loss: 6.3290214539, Validation Loss: 6.3066558838, Training R-squared: 0.2173715681, Validation R-squared: 0.2104287595
2023-11-24 00:05:32,759 - INFO - Epoch 5  : Training Loss: 6.2881097794, Validation Loss: 6.2931575775, Training R-squared: 0.2286607325, Validation R-squared: 0.2138168812
2023-11-24 00:05:59,368 - INFO - Epoch 6  : Training Loss: 6.2432332039, Validation Loss: 6.2777395248, Training R-squared: 0.2387911528, Validation R-squared: 0.2173898518
2023-11-24 00:06:26,575 - INFO - Epoch 7  : Training Loss: 6.1931824684, Validation Loss: 6.2393879890, Training R-squared: 0.2506614029, Validation R-squared: 0.2272066921
2023-11-24 00:06:54,191 - INFO - Epoch 8  : Training Loss: 6.1300468445, Validation Loss: 6.1981511116, Training R-squared: 0.2657218874, Validation R-squared: 0.2371834517
2023-11-24 00:07:23,063 - INFO - Epoch 9  : Training Loss: 6.0603055954, Validation Loss: 6.1532049179, Training R-squared: 0.2822343409, Validation R-squared: 0.2477712631
2023-11-24 00:07:50,913 - INFO - Epoch 10 : Training Loss: 6.0191779137, Validation Loss: 6.1399316788, Training R-squared: 0.2909799814, Validation R-squared: 0.2505823076
2023-11-24 00:08:17,858 - INFO - Epoch 11 : Training Loss: 5.9822559357, Validation Loss: 6.1443891525, Training R-squared: 0.2988474369, Validation R-squared: 0.2487157583
2023-11-24 00:08:44,408 - INFO - Epoch 12 : Training Loss: 5.9493255615, Validation Loss: 6.1179819107, Training R-squared: 0.3068949878, Validation R-squared: 0.2555146217
2023-11-24 00:09:11,225 - INFO - Epoch 13 : Training Loss: 5.9129924774, Validation Loss: 6.0995826721, Training R-squared: 0.3140537143, Validation R-squared: 0.2599159181
2023-11-24 00:09:38,005 - INFO - Epoch 14 : Training Loss: 5.8827185631, Validation Loss: 6.1082077026, Training R-squared: 0.3210054934, Validation R-squared: 0.2569116354
2023-11-24 00:10:05,131 - INFO - Epoch 15 : Training Loss: 5.8429226875, Validation Loss: 6.0625038147, Training R-squared: 0.3309251964, Validation R-squared: 0.2685822546
2023-11-24 00:10:33,798 - INFO - Epoch 16 : Training Loss: 5.8074588776, Validation Loss: 6.0600476265, Training R-squared: 0.3379045725, Validation R-squared: 0.2686499059
2023-11-24 00:11:00,855 - INFO - Epoch 17 : Training Loss: 5.7739391327, Validation Loss: 6.0524601936, Training R-squared: 0.3457706571, Validation R-squared: 0.2696114182
2023-11-24 00:11:28,423 - INFO - Epoch 18 : Training Loss: 5.7417583466, Validation Loss: 6.0229110718, Training R-squared: 0.3517735004, Validation R-squared: 0.2767182887
2023-11-24 00:11:55,166 - INFO - Epoch 19 : Training Loss: 5.7166395187, Validation Loss: 6.0142703056, Training R-squared: 0.3579641283, Validation R-squared: 0.2788412869
2023-11-24 00:12:22,675 - INFO - Epoch 20 : Training Loss: 5.6933846474, Validation Loss: 6.0386338234, Training R-squared: 0.3629925251, Validation R-squared: 0.2720171809
2023-11-24 00:12:49,694 - INFO - Epoch 21 : Training Loss: 5.6715693474, Validation Loss: 6.0258483887, Training R-squared: 0.3677291274, Validation R-squared: 0.2750719190
2023-11-24 00:13:17,078 - INFO - Epoch 22 : Training Loss: 5.6460342407, Validation Loss: 6.0034604073, Training R-squared: 0.3728286326, Validation R-squared: 0.2811279595
2023-11-24 00:13:43,904 - INFO - Epoch 23 : Training Loss: 5.6304721832, Validation Loss: 6.0237917900, Training R-squared: 0.3761303127, Validation R-squared: 0.2761324346
2023-11-24 00:14:12,410 - INFO - Epoch 24 : Training Loss: 5.6136355400, Validation Loss: 6.0050215721, Training R-squared: 0.3795225322, Validation R-squared: 0.2804706395
2023-11-24 00:14:39,318 - INFO - Epoch 25 : Training Loss: 5.5856418610, Validation Loss: 6.0165128708, Training R-squared: 0.3854978979, Validation R-squared: 0.2778044641
2023-11-24 00:15:06,498 - INFO - Epoch 26 : Training Loss: 5.5726604462, Validation Loss: 6.0345497131, Training R-squared: 0.3885769844, Validation R-squared: 0.2728714049
2023-11-24 00:15:33,541 - INFO - Epoch 27 : Training Loss: 5.5510191917, Validation Loss: 6.0237140656, Training R-squared: 0.3934903741, Validation R-squared: 0.2752515376
2023-11-24 00:15:57,675 - INFO - Model saved to models/portion_model/dinner/512_512_200_64/sparsity_5_fold_2_model.keras
2023-11-24 00:16:03,198 - INFO - Avg Metrics: RMSE: 5.0632085055, R-squared: -0.0974164999, PCC: 0.4309158091
2023-11-24 00:16:03,199 - INFO - Agg Metrics: RMSE: 6.0484228399, R-squared: 0.2839912234, PCC: 0.5359449109
2023-11-24 00:16:09,269 - INFO - ================================================================== Fold 3 ===================================================================
2023-11-24 00:16:51,146 - INFO - Epoch 1  : Training Loss: 7.0084023476, Validation Loss: 6.9040570259, Training R-squared: 0.0373617746, Validation R-squared: 0.0663386509
2023-11-24 00:17:18,553 - INFO - Epoch 2  : Training Loss: 6.7960476875, Validation Loss: 6.7547435760, Training R-squared: 0.0948739201, Validation R-squared: 0.1067147106
2023-11-24 00:17:45,452 - INFO - Epoch 3  : Training Loss: 6.6420035362, Validation Loss: 6.3984670639, Training R-squared: 0.1366163790, Validation R-squared: 0.1996341944
2023-11-24 00:18:12,795 - INFO - Epoch 4  : Training Loss: 6.3264584541, Validation Loss: 6.3382706642, Training R-squared: 0.2155019492, Validation R-squared: 0.2145155966
2023-11-24 00:18:39,955 - INFO - Epoch 5  : Training Loss: 6.2755651474, Validation Loss: 6.3144779205, Training R-squared: 0.2286287397, Validation R-squared: 0.2204031944
2023-11-24 00:19:06,837 - INFO - Epoch 6  : Training Loss: 6.2261729240, Validation Loss: 6.2786579132, Training R-squared: 0.2418238819, Validation R-squared: 0.2288808376
2023-11-24 00:19:33,803 - INFO - Epoch 7  : Training Loss: 6.1611766815, Validation Loss: 6.2396063805, Training R-squared: 0.2554511726, Validation R-squared: 0.2382648438
2023-11-24 00:20:00,577 - INFO - Epoch 8  : Training Loss: 6.0953555107, Validation Loss: 6.2053213120, Training R-squared: 0.2711519003, Validation R-squared: 0.2462335676
2023-11-24 00:20:27,638 - INFO - Epoch 9  : Training Loss: 6.0534272194, Validation Loss: 6.1914515495, Training R-squared: 0.2806021571, Validation R-squared: 0.2495434880
2023-11-24 00:20:54,444 - INFO - Epoch 10 : Training Loss: 6.0136971474, Validation Loss: 6.1760649681, Training R-squared: 0.2900421321, Validation R-squared: 0.2529840469
2023-11-24 00:21:21,927 - INFO - Epoch 11 : Training Loss: 5.9726386070, Validation Loss: 6.1518793106, Training R-squared: 0.2995954454, Validation R-squared: 0.2589365840
2023-11-24 00:21:48,561 - INFO - Epoch 12 : Training Loss: 5.9295787811, Validation Loss: 6.1382098198, Training R-squared: 0.3088291287, Validation R-squared: 0.2620283067
2023-11-24 00:22:15,098 - INFO - Epoch 13 : Training Loss: 5.8880214691, Validation Loss: 6.1171474457, Training R-squared: 0.3177360892, Validation R-squared: 0.2667685747
2023-11-24 00:22:43,008 - INFO - Epoch 14 : Training Loss: 5.8528146744, Validation Loss: 6.0892186165, Training R-squared: 0.3266354799, Validation R-squared: 0.2737099528
2023-11-24 00:23:09,715 - INFO - Epoch 15 : Training Loss: 5.8081545830, Validation Loss: 6.0716004372, Training R-squared: 0.3358777463, Validation R-squared: 0.2777576745
2023-11-24 00:23:36,777 - INFO - Epoch 16 : Training Loss: 5.7726264000, Validation Loss: 6.0565228462, Training R-squared: 0.3440543115, Validation R-squared: 0.2812609673
2023-11-24 00:24:05,048 - INFO - Epoch 17 : Training Loss: 5.7405586243, Validation Loss: 6.0473704338, Training R-squared: 0.3513511717, Validation R-squared: 0.2832344472
2023-11-24 00:24:34,292 - INFO - Epoch 18 : Training Loss: 5.7035131454, Validation Loss: 6.0362625122, Training R-squared: 0.3582040966, Validation R-squared: 0.2857865393
2023-11-24 00:25:03,493 - INFO - Epoch 19 : Training Loss: 5.6740732193, Validation Loss: 6.0199317932, Training R-squared: 0.3645726144, Validation R-squared: 0.2893913686
2023-11-24 00:25:32,632 - INFO - Epoch 20 : Training Loss: 5.6524987221, Validation Loss: 6.0128593445, Training R-squared: 0.3695667982, Validation R-squared: 0.2911372781
2023-11-24 00:26:01,394 - INFO - Epoch 21 : Training Loss: 5.6200914383, Validation Loss: 6.0192189217, Training R-squared: 0.3766179383, Validation R-squared: 0.2894437909
2023-11-24 00:26:30,609 - INFO - Epoch 22 : Training Loss: 5.6025371552, Validation Loss: 6.0040655136, Training R-squared: 0.3809088469, Validation R-squared: 0.2929263413
2023-11-24 00:26:59,551 - INFO - Epoch 23 : Training Loss: 5.5734014511, Validation Loss: 6.0076074600, Training R-squared: 0.3856850863, Validation R-squared: 0.2922804952
2023-11-24 00:27:29,193 - INFO - Epoch 24 : Training Loss: 5.5615420341, Validation Loss: 6.0158648491, Training R-squared: 0.3900527060, Validation R-squared: 0.2898637056
2023-11-24 00:27:58,185 - INFO - Epoch 25 : Training Loss: 5.5401024818, Validation Loss: 5.9962754250, Training R-squared: 0.3936688304, Validation R-squared: 0.2948282957
2023-11-24 00:28:27,210 - INFO - Epoch 26 : Training Loss: 5.5265808105, Validation Loss: 6.0199418068, Training R-squared: 0.3975896537, Validation R-squared: 0.2890121043
2023-11-24 00:28:56,229 - INFO - Epoch 27 : Training Loss: 5.5049567223, Validation Loss: 6.0399680138, Training R-squared: 0.4003523290, Validation R-squared: 0.2837156355
2023-11-24 00:29:25,473 - INFO - Epoch 28 : Training Loss: 5.4859657288, Validation Loss: 6.0067358017, Training R-squared: 0.4040159881, Validation R-squared: 0.2919466496
2023-11-24 00:29:54,442 - INFO - Epoch 29 : Training Loss: 5.4700455666, Validation Loss: 6.0076689720, Training R-squared: 0.4085367620, Validation R-squared: 0.2917192280
2023-11-24 00:30:23,761 - INFO - Epoch 30 : Training Loss: 5.4564528465, Validation Loss: 6.0353608131, Training R-squared: 0.4100534618, Validation R-squared: 0.2842923701
2023-11-24 00:30:50,701 - INFO - Model saved to models/portion_model/dinner/512_512_200_64/sparsity_5_fold_3_model.keras
2023-11-24 00:30:56,238 - INFO - Avg Metrics: RMSE: 4.9879874184, R-squared: -0.0408022599, PCC: 0.4421918535
2023-11-24 00:30:56,239 - INFO - Agg Metrics: RMSE: 6.0991515281, R-squared: 0.2887504291, PCC: 0.5399356506
2023-11-24 00:31:03,308 - INFO - ================================================================== Fold 4 ===================================================================
2023-11-24 00:31:54,727 - INFO - Epoch 1  : Training Loss: 7.0307416916, Validation Loss: 6.8497743607, Training R-squared: 0.0370114259, Validation R-squared: 0.0596978962
2023-11-24 00:32:24,097 - INFO - Epoch 2  : Training Loss: 6.8223872185, Validation Loss: 6.6736226082, Training R-squared: 0.0939393565, Validation R-squared: 0.1076714545
2023-11-24 00:32:52,847 - INFO - Epoch 3  : Training Loss: 6.6097688675, Validation Loss: 6.3208069801, Training R-squared: 0.1499497890, Validation R-squared: 0.1993031800
2023-11-24 00:33:22,417 - INFO - Epoch 4  : Training Loss: 6.3532834053, Validation Loss: 6.2623257637, Training R-squared: 0.2153413594, Validation R-squared: 0.2139844447
2023-11-24 00:33:52,054 - INFO - Epoch 5  : Training Loss: 6.3006482124, Validation Loss: 6.2450895309, Training R-squared: 0.2277681977, Validation R-squared: 0.2180222869
2023-11-24 00:34:21,298 - INFO - Epoch 6  : Training Loss: 6.2496519089, Validation Loss: 6.2190480232, Training R-squared: 0.2398826629, Validation R-squared: 0.2244382501
2023-11-24 00:34:50,286 - INFO - Epoch 7  : Training Loss: 6.2186083794, Validation Loss: 6.2071580887, Training R-squared: 0.2471279949, Validation R-squared: 0.2271388918
2023-11-24 00:35:19,493 - INFO - Epoch 8  : Training Loss: 6.1815304756, Validation Loss: 6.1819505692, Training R-squared: 0.2560595572, Validation R-squared: 0.2333467603
2023-11-24 00:35:48,306 - INFO - Epoch 9  : Training Loss: 6.1350269318, Validation Loss: 6.1403384209, Training R-squared: 0.2671924829, Validation R-squared: 0.2431082278
2023-11-24 00:36:17,811 - INFO - Epoch 10 : Training Loss: 6.0768451691, Validation Loss: 6.1038842201, Training R-squared: 0.2810068429, Validation R-squared: 0.2514889836
2023-11-24 00:36:46,724 - INFO - Epoch 11 : Training Loss: 6.0252890587, Validation Loss: 6.0936222076, Training R-squared: 0.2935918570, Validation R-squared: 0.2536256909
2023-11-24 00:37:15,532 - INFO - Epoch 12 : Training Loss: 5.9812130928, Validation Loss: 6.0621109009, Training R-squared: 0.3018288612, Validation R-squared: 0.2612025738
2023-11-24 00:37:44,784 - INFO - Epoch 13 : Training Loss: 5.9414906502, Validation Loss: 6.0392432213, Training R-squared: 0.3103680313, Validation R-squared: 0.2666618526
2023-11-24 00:38:13,939 - INFO - Epoch 14 : Training Loss: 5.9082326889, Validation Loss: 6.0164918900, Training R-squared: 0.3187743723, Validation R-squared: 0.2722520232
2023-11-24 00:38:42,872 - INFO - Epoch 15 : Training Loss: 5.8689522743, Validation Loss: 6.0058746338, Training R-squared: 0.3258785605, Validation R-squared: 0.2747162879
2023-11-24 00:39:11,839 - INFO - Epoch 16 : Training Loss: 5.8360872269, Validation Loss: 5.9915709496, Training R-squared: 0.3340460360, Validation R-squared: 0.2779910862
2023-11-24 00:39:40,934 - INFO - Epoch 17 : Training Loss: 5.8061933517, Validation Loss: 5.9709944725, Training R-squared: 0.3410786092, Validation R-squared: 0.2829295099
2023-11-24 00:40:10,055 - INFO - Epoch 18 : Training Loss: 5.7652883530, Validation Loss: 5.9620614052, Training R-squared: 0.3500192463, Validation R-squared: 0.2849815488
2023-11-24 00:40:39,273 - INFO - Epoch 19 : Training Loss: 5.7380003929, Validation Loss: 5.9698877335, Training R-squared: 0.3561630845, Validation R-squared: 0.2828522325
2023-11-24 00:41:08,185 - INFO - Epoch 20 : Training Loss: 5.7019696236, Validation Loss: 5.9338870049, Training R-squared: 0.3611539006, Validation R-squared: 0.2915757298
2023-11-24 00:41:37,591 - INFO - Epoch 21 : Training Loss: 5.6780085564, Validation Loss: 5.9577536583, Training R-squared: 0.3678786457, Validation R-squared: 0.2856504023
2023-11-24 00:42:06,604 - INFO - Epoch 22 : Training Loss: 5.6506757736, Validation Loss: 5.9485211372, Training R-squared: 0.3743800521, Validation R-squared: 0.2877485752
2023-11-24 00:42:35,680 - INFO - Epoch 23 : Training Loss: 5.6228823662, Validation Loss: 5.9498291016, Training R-squared: 0.3778420389, Validation R-squared: 0.2874626815
2023-11-24 00:43:05,078 - INFO - Epoch 24 : Training Loss: 5.6112513542, Validation Loss: 5.9494895935, Training R-squared: 0.3804973364, Validation R-squared: 0.2872492671
2023-11-24 00:43:34,110 - INFO - Epoch 25 : Training Loss: 5.5921034813, Validation Loss: 5.9160990715, Training R-squared: 0.3854636252, Validation R-squared: 0.2955367863
2023-11-24 00:44:04,643 - INFO - Epoch 26 : Training Loss: 5.5710105896, Validation Loss: 5.9291605949, Training R-squared: 0.3898388445, Validation R-squared: 0.2924377322
2023-11-24 00:44:33,851 - INFO - Epoch 27 : Training Loss: 5.5551609993, Validation Loss: 5.9540820122, Training R-squared: 0.3932653666, Validation R-squared: 0.2861258686
2023-11-24 00:45:03,148 - INFO - Epoch 28 : Training Loss: 5.5410246849, Validation Loss: 5.9517903328, Training R-squared: 0.3974291682, Validation R-squared: 0.2864586413
2023-11-24 00:45:32,168 - INFO - Epoch 29 : Training Loss: 5.5244603157, Validation Loss: 5.9293904305, Training R-squared: 0.4010396004, Validation R-squared: 0.2919014692
2023-11-24 00:46:01,219 - INFO - Epoch 30 : Training Loss: 5.5042157173, Validation Loss: 5.9332199097, Training R-squared: 0.4046244621, Validation R-squared: 0.2909920216
2023-11-24 00:46:28,425 - INFO - Model saved to models/portion_model/dinner/512_512_200_64/sparsity_5_fold_4_model.keras
2023-11-24 00:46:35,060 - INFO - Avg Metrics: RMSE: 5.0061680743, R-squared: -0.7885707637, PCC: 0.4390570833
2023-11-24 00:46:35,061 - INFO - Agg Metrics: RMSE: 5.9542025079, R-squared: 0.2972724155, PCC: 0.5496489570
2023-11-24 00:46:41,943 - INFO - ================================================================== Fold 5 ===================================================================
2023-11-24 00:47:35,281 - INFO - Epoch 1  : Training Loss: 6.9720826149, Validation Loss: 7.0179533958, Training R-squared: 0.0384155400, Validation R-squared: 0.0697373077
2023-11-24 00:48:08,303 - INFO - Epoch 2  : Training Loss: 6.7457842827, Validation Loss: 6.8511738777, Training R-squared: 0.1005480736, Validation R-squared: 0.1141370982
2023-11-24 00:48:39,922 - INFO - Epoch 3  : Training Loss: 6.4601120949, Validation Loss: 6.5230436325, Training R-squared: 0.1745240092, Validation R-squared: 0.1977821887
2023-11-24 00:49:09,065 - INFO - Epoch 4  : Training Loss: 6.3000397682, Validation Loss: 6.4726538658, Training R-squared: 0.2157931477, Validation R-squared: 0.2100415081
2023-11-24 00:49:38,690 - INFO - Epoch 5  : Training Loss: 6.2493629456, Validation Loss: 6.4589419365, Training R-squared: 0.2281839997, Validation R-squared: 0.2133552134
2023-11-24 00:50:07,695 - INFO - Epoch 6  : Training Loss: 6.2068567276, Validation Loss: 6.4347124100, Training R-squared: 0.2378268391, Validation R-squared: 0.2191170603
2023-11-24 00:50:36,704 - INFO - Epoch 7  : Training Loss: 6.1460204124, Validation Loss: 6.3699269295, Training R-squared: 0.2521088123, Validation R-squared: 0.2347634137
2023-11-24 00:51:05,928 - INFO - Epoch 8  : Training Loss: 6.0609745979, Validation Loss: 6.3230128288, Training R-squared: 0.2726046145, Validation R-squared: 0.2453730404
2023-11-24 00:51:35,132 - INFO - Epoch 9  : Training Loss: 6.0109443665, Validation Loss: 6.3053846359, Training R-squared: 0.2839428782, Validation R-squared: 0.2491732687
2023-11-24 00:52:04,072 - INFO - Epoch 10 : Training Loss: 5.9818162918, Validation Loss: 6.2910523415, Training R-squared: 0.2895533741, Validation R-squared: 0.2522142231
2023-11-24 00:52:33,180 - INFO - Epoch 11 : Training Loss: 5.9529161453, Validation Loss: 6.3119025230, Training R-squared: 0.2969227731, Validation R-squared: 0.2464187741
2023-11-24 00:53:02,144 - INFO - Epoch 12 : Training Loss: 5.9301824570, Validation Loss: 6.2827744484, Training R-squared: 0.3025358617, Validation R-squared: 0.2536433339
2023-11-24 00:53:31,228 - INFO - Epoch 13 : Training Loss: 5.8978304863, Validation Loss: 6.2595872879, Training R-squared: 0.3096440434, Validation R-squared: 0.2590333223
2023-11-24 00:54:02,183 - INFO - Epoch 14 : Training Loss: 5.8644065857, Validation Loss: 6.2472805977, Training R-squared: 0.3164839447, Validation R-squared: 0.2612381577
2023-11-24 00:54:31,370 - INFO - Epoch 15 : Training Loss: 5.8275184631, Validation Loss: 6.2143349648, Training R-squared: 0.3258248866, Validation R-squared: 0.2688609362
2023-11-24 00:55:00,324 - INFO - Epoch 16 : Training Loss: 5.7832131386, Validation Loss: 6.1779708862, Training R-squared: 0.3348509669, Validation R-squared: 0.2772290111
2023-11-24 00:55:29,981 - INFO - Epoch 17 : Training Loss: 5.7447977066, Validation Loss: 6.1739649773, Training R-squared: 0.3446401954, Validation R-squared: 0.2772272825
2023-11-24 00:55:58,928 - INFO - Epoch 18 : Training Loss: 5.7170481682, Validation Loss: 6.1739492416, Training R-squared: 0.3501834273, Validation R-squared: 0.2767806649
2023-11-24 00:56:28,283 - INFO - Epoch 19 : Training Loss: 5.6858868599, Validation Loss: 6.1418495178, Training R-squared: 0.3570441604, Validation R-squared: 0.2846924961
2023-11-24 00:56:57,287 - INFO - Epoch 20 : Training Loss: 5.6551551819, Validation Loss: 6.1274518967, Training R-squared: 0.3646224737, Validation R-squared: 0.2879830003
2023-11-24 00:57:26,683 - INFO - Epoch 21 : Training Loss: 5.6269607544, Validation Loss: 6.1442909241, Training R-squared: 0.3692250848, Validation R-squared: 0.2833541036
2023-11-24 00:57:55,955 - INFO - Epoch 22 : Training Loss: 5.6002473831, Validation Loss: 6.0920071602, Training R-squared: 0.3756031394, Validation R-squared: 0.2963045239
2023-11-24 00:58:25,030 - INFO - Epoch 23 : Training Loss: 5.5799422264, Validation Loss: 6.1261763573, Training R-squared: 0.3800871968, Validation R-squared: 0.2873848081
2023-11-24 00:58:53,839 - INFO - Epoch 24 : Training Loss: 5.5585260391, Validation Loss: 6.1192283630, Training R-squared: 0.3829299212, Validation R-squared: 0.2889306247
2023-11-24 00:59:22,907 - INFO - Epoch 25 : Training Loss: 5.5330047607, Validation Loss: 6.0971183777, Training R-squared: 0.3908217549, Validation R-squared: 0.2945959270
2023-11-24 00:59:52,027 - INFO - Epoch 26 : Training Loss: 5.5109987259, Validation Loss: 6.1153459549, Training R-squared: 0.3947587013, Validation R-squared: 0.2895174623
2023-11-24 01:00:21,580 - INFO - Epoch 27 : Training Loss: 5.4866223335, Validation Loss: 6.0798759460, Training R-squared: 0.3986433148, Validation R-squared: 0.2982801795
2023-11-24 01:00:50,338 - INFO - Epoch 28 : Training Loss: 5.4645071030, Validation Loss: 6.0692596436, Training R-squared: 0.4044060111, Validation R-squared: 0.3013108969
2023-11-24 01:01:19,921 - INFO - Epoch 29 : Training Loss: 5.4513478279, Validation Loss: 6.1272215843, Training R-squared: 0.4066982567, Validation R-squared: 0.2860689461
2023-11-24 01:01:48,821 - INFO - Epoch 30 : Training Loss: 5.4236955643, Validation Loss: 6.0640254021, Training R-squared: 0.4118696451, Validation R-squared: 0.3018720448
2023-11-24 01:02:18,166 - INFO - Epoch 31 : Training Loss: 5.4128823280, Validation Loss: 6.0656642914, Training R-squared: 0.4149623811, Validation R-squared: 0.3016149104
2023-11-24 01:02:47,095 - INFO - Epoch 32 : Training Loss: 5.3972802162, Validation Loss: 6.1060581207, Training R-squared: 0.4187701344, Validation R-squared: 0.2909421027
2023-11-24 01:03:16,263 - INFO - Epoch 33 : Training Loss: 5.3821091652, Validation Loss: 6.0652856827, Training R-squared: 0.4227270186, Validation R-squared: 0.3011673093
2023-11-24 01:03:47,185 - INFO - Epoch 34 : Training Loss: 5.3643689156, Validation Loss: 6.1309838295, Training R-squared: 0.4254988134, Validation R-squared: 0.2843419313
2023-11-24 01:04:17,798 - INFO - Epoch 35 : Training Loss: 5.3547053337, Validation Loss: 6.1280813217, Training R-squared: 0.4267534018, Validation R-squared: 0.2846422791
2023-11-24 01:04:45,240 - INFO - Model saved to models/portion_model/dinner/512_512_200_64/sparsity_5_fold_5_model.keras
2023-11-24 01:04:55,244 - INFO - Avg Metrics: RMSE: 4.9679020600, R-squared: -0.1135398500, PCC: 0.4652935486
2023-11-24 01:04:55,245 - INFO - Agg Metrics: RMSE: 6.1477167396, R-squared: 0.3021822827, PCC: 0.5520718970
2023-11-24 01:05:20,155 - INFO - ================================================================== Results Summary ===================================================================
2023-11-24 01:05:20,156 - INFO - CrossVal Metrics (Avg.) - RMSE: 4.9957556776 ± 0.0381548746, R2: -0.2263370212 ± 0.0381548746, PCC: 0.4508346626 ± 0.0381548746
2023-11-24 01:05:20,156 - INFO - Testing  Metrics (Avg.) - RMSE: 4.8691931985, R2: -0.4819583480, PCC: 0.4692506542
2023-11-24 01:05:20,156 - INFO - CrossVal Metrics (Agg.) - RMSE: 6.0575238630 ± 0.0381548746, R2: 0.2942638033 ± 0.0381548746, PCC: 0.5460853291 ± 0.0381548746
2023-11-24 01:05:20,156 - INFO - Testing  Metrics (Agg.) - RMSE: 5.8923894524, R2: 0.3106220847, PCC: 0.5619716606
