2023-11-22 09:25:20,961 - INFO - Training model at 15% sparse columns removed...
2023-11-22 09:25:28,971 - INFO - ================================================================== Fold 1 ===================================================================
2023-11-22 09:25:50,624 - INFO - Epoch 1  : Training Loss: 7.6513299942, Validation Loss: 7.6206574440, Training R-squared: 0.0695480853, Validation R-squared: 0.0885376409
2023-11-22 09:26:05,718 - INFO - Epoch 2  : Training Loss: 7.2448129654, Validation Loss: 7.2264966965, Training R-squared: 0.1648987681, Validation R-squared: 0.1807034612
2023-11-22 09:26:21,072 - INFO - Epoch 3  : Training Loss: 6.9549469948, Validation Loss: 6.9179978371, Training R-squared: 0.2309321016, Validation R-squared: 0.2501533031
2023-11-22 09:26:36,069 - INFO - Epoch 4  : Training Loss: 6.5245409012, Validation Loss: 6.5519537926, Training R-squared: 0.3240843415, Validation R-squared: 0.3267014027
2023-11-22 09:26:51,082 - INFO - Epoch 5  : Training Loss: 6.3245019913, Validation Loss: 6.4952626228, Training R-squared: 0.3640930653, Validation R-squared: 0.3383885026
2023-11-22 09:27:06,056 - INFO - Epoch 6  : Training Loss: 6.2631649971, Validation Loss: 6.4351387024, Training R-squared: 0.3774667382, Validation R-squared: 0.3509758413
2023-11-22 09:27:21,365 - INFO - Epoch 7  : Training Loss: 6.1727108955, Validation Loss: 6.4001626968, Training R-squared: 0.3942151666, Validation R-squared: 0.3582251966
2023-11-22 09:27:36,452 - INFO - Epoch 8  : Training Loss: 6.1481595039, Validation Loss: 6.3937292099, Training R-squared: 0.4007265866, Validation R-squared: 0.3593260050
2023-11-22 09:27:51,837 - INFO - Epoch 9  : Training Loss: 6.1185622215, Validation Loss: 6.3929419518, Training R-squared: 0.4046677351, Validation R-squared: 0.3598236740
2023-11-22 09:28:06,977 - INFO - Epoch 10 : Training Loss: 6.1073813438, Validation Loss: 6.3895754814, Training R-squared: 0.4097239971, Validation R-squared: 0.3604140580
2023-11-22 09:28:22,422 - INFO - Epoch 11 : Training Loss: 6.0837078094, Validation Loss: 6.3856129646, Training R-squared: 0.4116368890, Validation R-squared: 0.3611952960
2023-11-22 09:28:37,653 - INFO - Epoch 12 : Training Loss: 6.0623764992, Validation Loss: 6.3814725876, Training R-squared: 0.4167820215, Validation R-squared: 0.3621894717
2023-11-22 09:28:52,751 - INFO - Epoch 13 : Training Loss: 6.0340728760, Validation Loss: 6.3808660507, Training R-squared: 0.4212312400, Validation R-squared: 0.3622787297
2023-11-22 09:29:07,652 - INFO - Epoch 14 : Training Loss: 6.0143074989, Validation Loss: 6.3600535393, Training R-squared: 0.4253984690, Validation R-squared: 0.3663306534
2023-11-22 09:29:22,902 - INFO - Epoch 15 : Training Loss: 5.9782981873, Validation Loss: 6.3487005234, Training R-squared: 0.4314176142, Validation R-squared: 0.3685899377
2023-11-22 09:29:38,023 - INFO - Epoch 16 : Training Loss: 5.9546804428, Validation Loss: 6.3349022865, Training R-squared: 0.4373833537, Validation R-squared: 0.3720204532
2023-11-22 09:29:53,278 - INFO - Epoch 17 : Training Loss: 5.9201450348, Validation Loss: 6.3178515434, Training R-squared: 0.4439524412, Validation R-squared: 0.3755258918
2023-11-22 09:30:08,751 - INFO - Epoch 18 : Training Loss: 5.8877816200, Validation Loss: 6.3057575226, Training R-squared: 0.4487873018, Validation R-squared: 0.3772469163
2023-11-22 09:30:23,876 - INFO - Epoch 19 : Training Loss: 5.8420186043, Validation Loss: 6.3063993454, Training R-squared: 0.4563861489, Validation R-squared: 0.3766066432
2023-11-22 09:30:38,953 - INFO - Epoch 20 : Training Loss: 5.8252997398, Validation Loss: 6.2737922668, Training R-squared: 0.4599488974, Validation R-squared: 0.3841406703
2023-11-22 09:30:53,919 - INFO - Epoch 21 : Training Loss: 5.7985768318, Validation Loss: 6.2533721924, Training R-squared: 0.4663494825, Validation R-squared: 0.3887952268
2023-11-22 09:31:09,020 - INFO - Epoch 22 : Training Loss: 5.7662873268, Validation Loss: 6.2416868210, Training R-squared: 0.4706768394, Validation R-squared: 0.3901555538
2023-11-22 09:31:24,305 - INFO - Epoch 23 : Training Loss: 5.7277669907, Validation Loss: 6.2122740746, Training R-squared: 0.4784752429, Validation R-squared: 0.3967183232
2023-11-22 09:31:39,426 - INFO - Epoch 24 : Training Loss: 5.7027888298, Validation Loss: 6.1865596771, Training R-squared: 0.4825482666, Validation R-squared: 0.4021076858
2023-11-22 09:31:54,395 - INFO - Epoch 25 : Training Loss: 5.6750354767, Validation Loss: 6.1838126183, Training R-squared: 0.4881793559, Validation R-squared: 0.4022800028
2023-11-22 09:32:09,513 - INFO - Epoch 26 : Training Loss: 5.6487789154, Validation Loss: 6.1904506683, Training R-squared: 0.4918149114, Validation R-squared: 0.4002639353
2023-11-22 09:32:24,810 - INFO - Epoch 27 : Training Loss: 5.6242828369, Validation Loss: 6.1697592735, Training R-squared: 0.4955915809, Validation R-squared: 0.4052289724
2023-11-22 09:32:39,985 - INFO - Epoch 28 : Training Loss: 5.6091527939, Validation Loss: 6.1848473549, Training R-squared: 0.4988293946, Validation R-squared: 0.4021706879
2023-11-22 09:32:55,214 - INFO - Epoch 29 : Training Loss: 5.5973119736, Validation Loss: 6.1654028893, Training R-squared: 0.5016717315, Validation R-squared: 0.4059215486
2023-11-22 09:33:10,294 - INFO - Epoch 30 : Training Loss: 5.5846085548, Validation Loss: 6.1519765854, Training R-squared: 0.5035330057, Validation R-squared: 0.4084880650
2023-11-22 09:33:26,080 - INFO - Epoch 31 : Training Loss: 5.5644879341, Validation Loss: 6.1426000595, Training R-squared: 0.5074673295, Validation R-squared: 0.4109938145
2023-11-22 09:33:41,354 - INFO - Epoch 32 : Training Loss: 5.5539770126, Validation Loss: 6.1450099945, Training R-squared: 0.5083705187, Validation R-squared: 0.4098960459
2023-11-22 09:33:57,416 - INFO - Epoch 33 : Training Loss: 5.5367412567, Validation Loss: 6.1332197189, Training R-squared: 0.5104093552, Validation R-squared: 0.4126328826
2023-11-22 09:34:13,420 - INFO - Epoch 34 : Training Loss: 5.5140819550, Validation Loss: 6.1241564751, Training R-squared: 0.5133553743, Validation R-squared: 0.4145801365
2023-11-22 09:34:29,869 - INFO - Epoch 35 : Training Loss: 5.5074415207, Validation Loss: 6.1354269981, Training R-squared: 0.5167163014, Validation R-squared: 0.4120452106
2023-11-22 09:34:45,490 - INFO - Epoch 36 : Training Loss: 5.4803290367, Validation Loss: 6.1387996674, Training R-squared: 0.5208147764, Validation R-squared: 0.4111924767
2023-11-22 09:35:00,704 - INFO - Epoch 37 : Training Loss: 5.4633722305, Validation Loss: 6.1136074066, Training R-squared: 0.5231461525, Validation R-squared: 0.4172152579
2023-11-22 09:35:15,685 - INFO - Epoch 38 : Training Loss: 5.4558496475, Validation Loss: 6.1220149994, Training R-squared: 0.5257949233, Validation R-squared: 0.4148089886
2023-11-22 09:35:30,870 - INFO - Epoch 39 : Training Loss: 5.4421539307, Validation Loss: 6.0860452652, Training R-squared: 0.5277235508, Validation R-squared: 0.4222593009
2023-11-22 09:35:45,984 - INFO - Epoch 40 : Training Loss: 5.4173688889, Validation Loss: 6.1053838730, Training R-squared: 0.5310780406, Validation R-squared: 0.4181683660
2023-11-22 09:36:01,003 - INFO - Epoch 41 : Training Loss: 5.4174475670, Validation Loss: 6.1006917953, Training R-squared: 0.5326833725, Validation R-squared: 0.4190447927
2023-11-22 09:36:16,110 - INFO - Epoch 42 : Training Loss: 5.3970527649, Validation Loss: 6.0802431107, Training R-squared: 0.5346425772, Validation R-squared: 0.4231482744
2023-11-22 09:36:31,237 - INFO - Epoch 43 : Training Loss: 5.3731064796, Validation Loss: 6.0821628571, Training R-squared: 0.5386781693, Validation R-squared: 0.4225834906
2023-11-22 09:36:46,386 - INFO - Epoch 44 : Training Loss: 5.3646473885, Validation Loss: 6.0859508514, Training R-squared: 0.5403161049, Validation R-squared: 0.4219007790
2023-11-22 09:37:01,517 - INFO - Epoch 45 : Training Loss: 5.3441734314, Validation Loss: 6.0687365532, Training R-squared: 0.5429005027, Validation R-squared: 0.4253659248
2023-11-22 09:37:16,667 - INFO - Epoch 46 : Training Loss: 5.3307199478, Validation Loss: 6.0815339088, Training R-squared: 0.5462624431, Validation R-squared: 0.4229260087
2023-11-22 09:37:31,730 - INFO - Epoch 47 : Training Loss: 5.3084163666, Validation Loss: 6.0584621429, Training R-squared: 0.5486916304, Validation R-squared: 0.4276343584
2023-11-22 09:37:47,254 - INFO - Epoch 48 : Training Loss: 5.2992930412, Validation Loss: 6.0717687607, Training R-squared: 0.5504332781, Validation R-squared: 0.4244135022
2023-11-22 09:38:02,360 - INFO - Epoch 49 : Training Loss: 5.2872948647, Validation Loss: 6.0605373383, Training R-squared: 0.5535621047, Validation R-squared: 0.4266492128
2023-11-22 09:38:17,710 - INFO - Epoch 50 : Training Loss: 5.2733392715, Validation Loss: 6.0473575592, Training R-squared: 0.5543036461, Validation R-squared: 0.4297153354
2023-11-22 09:38:32,788 - INFO - Epoch 51 : Training Loss: 5.2634215355, Validation Loss: 6.0684146881, Training R-squared: 0.5566872358, Validation R-squared: 0.4257136881
2023-11-22 09:38:47,961 - INFO - Epoch 52 : Training Loss: 5.2493529320, Validation Loss: 6.0518059731, Training R-squared: 0.5591419339, Validation R-squared: 0.4287063479
2023-11-22 09:39:03,361 - INFO - Epoch 53 : Training Loss: 5.2266035080, Validation Loss: 6.0505800247, Training R-squared: 0.5629891753, Validation R-squared: 0.4287455976
2023-11-22 09:39:18,770 - INFO - Epoch 54 : Training Loss: 5.2180452347, Validation Loss: 6.0524544716, Training R-squared: 0.5640160441, Validation R-squared: 0.4285842776
2023-11-22 09:39:33,955 - INFO - Epoch 55 : Training Loss: 5.1926188469, Validation Loss: 6.0680656433, Training R-squared: 0.5674508214, Validation R-squared: 0.4247327745
2023-11-22 09:39:52,455 - INFO - Model saved to models/portion_model/breakfast/512_512_200_64/sparsity_15_fold_1_model.keras
2023-11-22 09:39:59,312 - INFO - Avg Metrics: RMSE: 4.5402396230, R-squared: 0.0264112749, PCC: 0.6746571385
2023-11-22 09:39:59,312 - INFO - Agg Metrics: RMSE: 6.2121853996, R-squared: 0.4125439789, PCC: 0.6438220315
2023-11-22 09:40:05,407 - INFO - ================================================================== Fold 2 ===================================================================
2023-11-22 09:40:27,252 - INFO - Epoch 1  : Training Loss: 7.7106118202, Validation Loss: 7.3614602089, Training R-squared: 0.0680046007, Validation R-squared: 0.0947419852
2023-11-22 09:40:42,353 - INFO - Epoch 2  : Training Loss: 7.3189415932, Validation Loss: 6.9301800728, Training R-squared: 0.1620656103, Validation R-squared: 0.1978946775
2023-11-22 09:40:57,403 - INFO - Epoch 3  : Training Loss: 6.9906377792, Validation Loss: 6.5379486084, Training R-squared: 0.2366690189, Validation R-squared: 0.2857280672
2023-11-22 09:41:12,430 - INFO - Epoch 4  : Training Loss: 6.5391526222, Validation Loss: 6.2468714714, Training R-squared: 0.3326281905, Validation R-squared: 0.3467778563
2023-11-22 09:41:27,693 - INFO - Epoch 5  : Training Loss: 6.4106311798, Validation Loss: 6.1935510635, Training R-squared: 0.3588468730, Validation R-squared: 0.3579639494
2023-11-22 09:41:42,735 - INFO - Epoch 6  : Training Loss: 6.3503642082, Validation Loss: 6.1727070808, Training R-squared: 0.3684506416, Validation R-squared: 0.3626418412
2023-11-22 09:41:57,897 - INFO - Epoch 7  : Training Loss: 6.3057017326, Validation Loss: 6.1230592728, Training R-squared: 0.3798399866, Validation R-squared: 0.3723036349
2023-11-22 09:42:12,906 - INFO - Epoch 8  : Training Loss: 6.2273788452, Validation Loss: 6.0750255585, Training R-squared: 0.3919026256, Validation R-squared: 0.3828083873
2023-11-22 09:42:28,375 - INFO - Epoch 9  : Training Loss: 6.1976408958, Validation Loss: 6.0692381859, Training R-squared: 0.3994421959, Validation R-squared: 0.3834638298
2023-11-22 09:42:43,568 - INFO - Epoch 10 : Training Loss: 6.1795639992, Validation Loss: 6.0586004257, Training R-squared: 0.4039644897, Validation R-squared: 0.3859375715
2023-11-22 09:42:58,787 - INFO - Epoch 11 : Training Loss: 6.1448559761, Validation Loss: 6.0595283508, Training R-squared: 0.4092406332, Validation R-squared: 0.3853207827
2023-11-22 09:43:13,838 - INFO - Epoch 12 : Training Loss: 6.1336770058, Validation Loss: 6.0466465950, Training R-squared: 0.4117722511, Validation R-squared: 0.3880698383
2023-11-22 09:43:29,286 - INFO - Epoch 13 : Training Loss: 6.1071372032, Validation Loss: 6.0315880775, Training R-squared: 0.4167931378, Validation R-squared: 0.3914812207
2023-11-22 09:43:44,779 - INFO - Epoch 14 : Training Loss: 6.0687475204, Validation Loss: 6.0157871246, Training R-squared: 0.4235917628, Validation R-squared: 0.3950169683
2023-11-22 09:44:00,754 - INFO - Epoch 15 : Training Loss: 6.0369653702, Validation Loss: 5.9995284081, Training R-squared: 0.4293643832, Validation R-squared: 0.3981512487
2023-11-22 09:44:15,727 - INFO - Epoch 16 : Training Loss: 6.0082359314, Validation Loss: 5.9889793396, Training R-squared: 0.4365182519, Validation R-squared: 0.4001492262
2023-11-22 09:44:31,198 - INFO - Epoch 17 : Training Loss: 5.9784898758, Validation Loss: 5.9599056244, Training R-squared: 0.4415988922, Validation R-squared: 0.4060447216
2023-11-22 09:44:46,260 - INFO - Epoch 18 : Training Loss: 5.9461236000, Validation Loss: 5.9612331390, Training R-squared: 0.4484031200, Validation R-squared: 0.4053102732
2023-11-22 09:45:01,377 - INFO - Epoch 19 : Training Loss: 5.9105749130, Validation Loss: 5.9314212799, Training R-squared: 0.4537021518, Validation R-squared: 0.4116004109
2023-11-22 09:45:16,438 - INFO - Epoch 20 : Training Loss: 5.8718409538, Validation Loss: 5.9100713730, Training R-squared: 0.4605358839, Validation R-squared: 0.4160299003
2023-11-22 09:45:31,739 - INFO - Epoch 21 : Training Loss: 5.8440575600, Validation Loss: 5.8847160339, Training R-squared: 0.4667416215, Validation R-squared: 0.4213442802
2023-11-22 09:45:46,807 - INFO - Epoch 22 : Training Loss: 5.8099498749, Validation Loss: 5.8797874451, Training R-squared: 0.4722691178, Validation R-squared: 0.4218132496
2023-11-22 09:46:01,892 - INFO - Epoch 23 : Training Loss: 5.7905077934, Validation Loss: 5.8580732346, Training R-squared: 0.4754121602, Validation R-squared: 0.4263429940
2023-11-22 09:46:17,304 - INFO - Epoch 24 : Training Loss: 5.7697591782, Validation Loss: 5.8490538597, Training R-squared: 0.4810550809, Validation R-squared: 0.4281849861
2023-11-22 09:46:32,266 - INFO - Epoch 25 : Training Loss: 5.7456483841, Validation Loss: 5.8394799232, Training R-squared: 0.4822843373, Validation R-squared: 0.4299109280
2023-11-22 09:46:47,277 - INFO - Epoch 26 : Training Loss: 5.7212924957, Validation Loss: 5.8285441399, Training R-squared: 0.4875628352, Validation R-squared: 0.4320191741
2023-11-22 09:47:02,302 - INFO - Epoch 27 : Training Loss: 5.7077040672, Validation Loss: 5.8105449677, Training R-squared: 0.4913476706, Validation R-squared: 0.4358590543
2023-11-22 09:47:17,505 - INFO - Epoch 28 : Training Loss: 5.6828398705, Validation Loss: 5.8076100349, Training R-squared: 0.4952353239, Validation R-squared: 0.4360914826
2023-11-22 09:47:32,542 - INFO - Epoch 29 : Training Loss: 5.6564488411, Validation Loss: 5.8135061264, Training R-squared: 0.4997938871, Validation R-squared: 0.4348695874
2023-11-22 09:47:48,078 - INFO - Epoch 30 : Training Loss: 5.6358871460, Validation Loss: 5.8030138016, Training R-squared: 0.5019752979, Validation R-squared: 0.4369104207
2023-11-22 09:48:03,155 - INFO - Epoch 31 : Training Loss: 5.6368188858, Validation Loss: 5.8076591492, Training R-squared: 0.5013237000, Validation R-squared: 0.4361352921
2023-11-22 09:48:18,367 - INFO - Epoch 32 : Training Loss: 5.6205348969, Validation Loss: 5.8042597771, Training R-squared: 0.5045262575, Validation R-squared: 0.4368025959
2023-11-22 09:48:33,415 - INFO - Epoch 33 : Training Loss: 5.6112399101, Validation Loss: 5.7927398682, Training R-squared: 0.5067763925, Validation R-squared: 0.4389043450
2023-11-22 09:48:48,583 - INFO - Epoch 34 : Training Loss: 5.5988669395, Validation Loss: 5.7835025787, Training R-squared: 0.5095506907, Validation R-squared: 0.4410021007
2023-11-22 09:49:03,649 - INFO - Epoch 35 : Training Loss: 5.5672807693, Validation Loss: 5.7896404266, Training R-squared: 0.5148878694, Validation R-squared: 0.4394703507
2023-11-22 09:49:19,053 - INFO - Epoch 36 : Training Loss: 5.5627140999, Validation Loss: 5.7947044373, Training R-squared: 0.5142901540, Validation R-squared: 0.4383606613
2023-11-22 09:49:34,121 - INFO - Epoch 37 : Training Loss: 5.5483245850, Validation Loss: 5.7715644836, Training R-squared: 0.5163773894, Validation R-squared: 0.4430669546
2023-11-22 09:49:49,145 - INFO - Epoch 38 : Training Loss: 5.5279793739, Validation Loss: 5.7724456787, Training R-squared: 0.5215761065, Validation R-squared: 0.4431940019
2023-11-22 09:50:04,259 - INFO - Epoch 39 : Training Loss: 5.5186171532, Validation Loss: 5.7554473877, Training R-squared: 0.5218949318, Validation R-squared: 0.4462977648
2023-11-22 09:50:19,655 - INFO - Epoch 40 : Training Loss: 5.5073308945, Validation Loss: 5.7546744347, Training R-squared: 0.5241852403, Validation R-squared: 0.4465141892
2023-11-22 09:50:34,682 - INFO - Epoch 41 : Training Loss: 5.4917469025, Validation Loss: 5.7657465935, Training R-squared: 0.5263252854, Validation R-squared: 0.4440031350
2023-11-22 09:50:49,770 - INFO - Epoch 42 : Training Loss: 5.4725284576, Validation Loss: 5.7814879417, Training R-squared: 0.5291215777, Validation R-squared: 0.4405053258
2023-11-22 09:51:04,830 - INFO - Epoch 43 : Training Loss: 5.4652423859, Validation Loss: 5.7419118881, Training R-squared: 0.5300328732, Validation R-squared: 0.4488149881
2023-11-22 09:51:20,164 - INFO - Epoch 44 : Training Loss: 5.4529747963, Validation Loss: 5.7652740479, Training R-squared: 0.5336569548, Validation R-squared: 0.4437971413
2023-11-22 09:51:35,286 - INFO - Epoch 45 : Training Loss: 5.4344329834, Validation Loss: 5.7353391647, Training R-squared: 0.5362296104, Validation R-squared: 0.4499249160
2023-11-22 09:51:50,266 - INFO - Epoch 46 : Training Loss: 5.4186897278, Validation Loss: 5.7516407967, Training R-squared: 0.5404269695, Validation R-squared: 0.4464251995
2023-11-22 09:52:05,429 - INFO - Epoch 47 : Training Loss: 5.4015641212, Validation Loss: 5.7509288788, Training R-squared: 0.5411887765, Validation R-squared: 0.4464493990
2023-11-22 09:52:20,585 - INFO - Epoch 48 : Training Loss: 5.3826293945, Validation Loss: 5.7395944595, Training R-squared: 0.5428969860, Validation R-squared: 0.4489710927
2023-11-22 09:52:35,639 - INFO - Epoch 49 : Training Loss: 5.3678274155, Validation Loss: 5.7193937302, Training R-squared: 0.5457332730, Validation R-squared: 0.4528652132
2023-11-22 09:52:50,822 - INFO - Epoch 50 : Training Loss: 5.3604359627, Validation Loss: 5.7375736237, Training R-squared: 0.5469740629, Validation R-squared: 0.4493602514
2023-11-22 09:53:05,962 - INFO - Epoch 51 : Training Loss: 5.3367867470, Validation Loss: 5.7222824097, Training R-squared: 0.5519018769, Validation R-squared: 0.4519239366
2023-11-22 09:53:21,300 - INFO - Epoch 52 : Training Loss: 5.3288445473, Validation Loss: 5.7297167778, Training R-squared: 0.5523356795, Validation R-squared: 0.4505281448
2023-11-22 09:53:36,577 - INFO - Epoch 53 : Training Loss: 5.3129496574, Validation Loss: 5.7318487167, Training R-squared: 0.5560887456, Validation R-squared: 0.4500307441
2023-11-22 09:53:52,835 - INFO - Epoch 54 : Training Loss: 5.2944421768, Validation Loss: 5.7138390541, Training R-squared: 0.5587074161, Validation R-squared: 0.4535219669
2023-11-22 09:54:08,454 - INFO - Epoch 55 : Training Loss: 5.2824635506, Validation Loss: 5.7218003273, Training R-squared: 0.5611994267, Validation R-squared: 0.4517915845
2023-11-22 09:54:23,695 - INFO - Epoch 56 : Training Loss: 5.2549061775, Validation Loss: 5.7528939247, Training R-squared: 0.5645878911, Validation R-squared: 0.4453627467
2023-11-22 09:54:38,812 - INFO - Epoch 57 : Training Loss: 5.2508788109, Validation Loss: 5.6886548996, Training R-squared: 0.5641170740, Validation R-squared: 0.4584548771
2023-11-22 09:54:53,886 - INFO - Epoch 58 : Training Loss: 5.2367839813, Validation Loss: 5.7792530060, Training R-squared: 0.5674914718, Validation R-squared: 0.4393987656
2023-11-22 09:55:09,083 - INFO - Epoch 59 : Training Loss: 5.2155399323, Validation Loss: 5.7380404472, Training R-squared: 0.5701720119, Validation R-squared: 0.4480623305
2023-11-22 09:55:24,657 - INFO - Epoch 60 : Training Loss: 5.2017898560, Validation Loss: 5.7465157509, Training R-squared: 0.5724067688, Validation R-squared: 0.4460635185
2023-11-22 09:55:41,150 - INFO - Epoch 61 : Training Loss: 5.1924471855, Validation Loss: 5.7587542534, Training R-squared: 0.5746693611, Validation R-squared: 0.4434478581
2023-11-22 09:55:56,273 - INFO - Epoch 62 : Training Loss: 5.1778907776, Validation Loss: 5.7147612572, Training R-squared: 0.5762410760, Validation R-squared: 0.4523486495
2023-11-22 09:56:14,594 - INFO - Model saved to models/portion_model/breakfast/512_512_200_64/sparsity_15_fold_2_model.keras
2023-11-22 09:56:20,605 - INFO - Avg Metrics: RMSE: 4.4150510997, R-squared: 0.0442170755, PCC: 0.6913633016
2023-11-22 09:56:20,605 - INFO - Agg Metrics: RMSE: 5.7781632343, R-squared: 0.4502403159, PCC: 0.6741369308
2023-11-22 09:56:26,706 - INFO - ================================================================== Fold 3 ===================================================================
2023-11-22 09:56:47,712 - INFO - Epoch 1  : Training Loss: 7.6576342583, Validation Loss: 7.5481657982, Training R-squared: 0.0676773638, Validation R-squared: 0.0996235982
2023-11-22 09:57:02,762 - INFO - Epoch 2  : Training Loss: 7.2690715790, Validation Loss: 7.1102924347, Training R-squared: 0.1615549177, Validation R-squared: 0.2011806220
2023-11-22 09:57:18,014 - INFO - Epoch 3  : Training Loss: 7.0030035973, Validation Loss: 6.7306914330, Training R-squared: 0.2226584107, Validation R-squared: 0.2853540480
2023-11-22 09:57:32,968 - INFO - Epoch 4  : Training Loss: 6.5323596001, Validation Loss: 6.3913807869, Training R-squared: 0.3235453367, Validation R-squared: 0.3557778895
2023-11-22 09:57:48,016 - INFO - Epoch 5  : Training Loss: 6.3689675331, Validation Loss: 6.3095297813, Training R-squared: 0.3556804061, Validation R-squared: 0.3731764257
2023-11-22 09:58:03,286 - INFO - Epoch 6  : Training Loss: 6.3073434830, Validation Loss: 6.2803149223, Training R-squared: 0.3699298501, Validation R-squared: 0.3786602914
2023-11-22 09:58:18,341 - INFO - Epoch 7  : Training Loss: 6.2375512123, Validation Loss: 6.2084269524, Training R-squared: 0.3824746311, Validation R-squared: 0.3930851519
2023-11-22 09:58:33,480 - INFO - Epoch 8  : Training Loss: 6.1869139671, Validation Loss: 6.1888475418, Training R-squared: 0.3952286541, Validation R-squared: 0.3964980543
2023-11-22 09:58:48,469 - INFO - Epoch 9  : Training Loss: 6.1604266167, Validation Loss: 6.1834559441, Training R-squared: 0.3994379640, Validation R-squared: 0.3979360759
2023-11-22 09:59:03,451 - INFO - Epoch 10 : Training Loss: 6.1497125626, Validation Loss: 6.1839666367, Training R-squared: 0.4019813836, Validation R-squared: 0.3979911208
2023-11-22 09:59:18,743 - INFO - Epoch 11 : Training Loss: 6.1214804649, Validation Loss: 6.1722316742, Training R-squared: 0.4053801894, Validation R-squared: 0.3997000158
2023-11-22 09:59:33,845 - INFO - Epoch 12 : Training Loss: 6.1042003632, Validation Loss: 6.1774277687, Training R-squared: 0.4091843069, Validation R-squared: 0.3984281123
2023-11-22 09:59:48,831 - INFO - Epoch 13 : Training Loss: 6.0695199966, Validation Loss: 6.1543970108, Training R-squared: 0.4153063297, Validation R-squared: 0.4032999277
2023-11-22 10:00:03,845 - INFO - Epoch 14 : Training Loss: 6.0486450195, Validation Loss: 6.1532926559, Training R-squared: 0.4204822183, Validation R-squared: 0.4040505886
2023-11-22 10:00:19,190 - INFO - Epoch 15 : Training Loss: 6.0185232162, Validation Loss: 6.1305627823, Training R-squared: 0.4257763028, Validation R-squared: 0.4073406458
2023-11-22 10:00:34,080 - INFO - Epoch 16 : Training Loss: 5.9892511368, Validation Loss: 6.1141066551, Training R-squared: 0.4309217036, Validation R-squared: 0.4109651744
2023-11-22 10:00:49,161 - INFO - Epoch 17 : Training Loss: 5.9562115669, Validation Loss: 6.1103897095, Training R-squared: 0.4385552704, Validation R-squared: 0.4122982323
2023-11-22 10:01:04,201 - INFO - Epoch 18 : Training Loss: 5.9290065765, Validation Loss: 6.0727357864, Training R-squared: 0.4436963201, Validation R-squared: 0.4189519286
2023-11-22 10:01:19,641 - INFO - Epoch 19 : Training Loss: 5.8883914948, Validation Loss: 6.0573620796, Training R-squared: 0.4500041306, Validation R-squared: 0.4226003587
2023-11-22 10:01:35,468 - INFO - Epoch 20 : Training Loss: 5.8432588577, Validation Loss: 6.0276756287, Training R-squared: 0.4598640800, Validation R-squared: 0.4282581806
2023-11-22 10:01:50,527 - INFO - Epoch 21 : Training Loss: 5.8137855530, Validation Loss: 6.0073747635, Training R-squared: 0.4645431936, Validation R-squared: 0.4317497313
2023-11-22 10:02:05,603 - INFO - Epoch 22 : Training Loss: 5.7817583084, Validation Loss: 6.0059957504, Training R-squared: 0.4698319733, Validation R-squared: 0.4323935211
2023-11-22 10:02:21,389 - INFO - Epoch 23 : Training Loss: 5.7574553490, Validation Loss: 5.9950194359, Training R-squared: 0.4743459523, Validation R-squared: 0.4341330528
2023-11-22 10:02:36,493 - INFO - Epoch 24 : Training Loss: 5.7467207909, Validation Loss: 5.9857072830, Training R-squared: 0.4756834805, Validation R-squared: 0.4358384013
2023-11-22 10:02:51,690 - INFO - Epoch 25 : Training Loss: 5.7277045250, Validation Loss: 5.9907813072, Training R-squared: 0.4791912138, Validation R-squared: 0.4343957603
2023-11-22 10:03:06,792 - INFO - Epoch 26 : Training Loss: 5.7065348625, Validation Loss: 5.9741144180, Training R-squared: 0.4829533100, Validation R-squared: 0.4377070367
2023-11-22 10:03:22,066 - INFO - Epoch 27 : Training Loss: 5.6752147675, Validation Loss: 5.9769682884, Training R-squared: 0.4880619049, Validation R-squared: 0.4376942217
2023-11-22 10:03:37,291 - INFO - Epoch 28 : Training Loss: 5.6668119431, Validation Loss: 5.9717941284, Training R-squared: 0.4894112945, Validation R-squared: 0.4386270344
2023-11-22 10:03:52,975 - INFO - Epoch 29 : Training Loss: 5.6542139053, Validation Loss: 5.9652438164, Training R-squared: 0.4925180078, Validation R-squared: 0.4390550256
2023-11-22 10:04:08,685 - INFO - Epoch 30 : Training Loss: 5.6413402557, Validation Loss: 5.9542307854, Training R-squared: 0.4953958690, Validation R-squared: 0.4417097270
2023-11-22 10:04:24,453 - INFO - Epoch 31 : Training Loss: 5.6201677322, Validation Loss: 5.9589905739, Training R-squared: 0.4985357821, Validation R-squared: 0.4404019117
2023-11-22 10:04:40,246 - INFO - Epoch 32 : Training Loss: 5.6028127670, Validation Loss: 5.9489393234, Training R-squared: 0.5020198226, Validation R-squared: 0.4419125915
2023-11-22 10:04:56,758 - INFO - Epoch 33 : Training Loss: 5.5820088387, Validation Loss: 5.9537844658, Training R-squared: 0.5053173900, Validation R-squared: 0.4415659904
2023-11-22 10:05:13,852 - INFO - Epoch 34 : Training Loss: 5.5636019707, Validation Loss: 5.9359297752, Training R-squared: 0.5078710914, Validation R-squared: 0.4452668130
2023-11-22 10:05:31,466 - INFO - Epoch 35 : Training Loss: 5.5503878593, Validation Loss: 5.9330368042, Training R-squared: 0.5094698071, Validation R-squared: 0.4453762174
2023-11-22 10:05:48,226 - INFO - Epoch 36 : Training Loss: 5.5403432846, Validation Loss: 5.9342341423, Training R-squared: 0.5123282075, Validation R-squared: 0.4445548952
2023-11-22 10:06:05,423 - INFO - Epoch 37 : Training Loss: 5.5164294243, Validation Loss: 5.9287405014, Training R-squared: 0.5154289603, Validation R-squared: 0.4467813075
2023-11-22 10:06:23,662 - INFO - Epoch 38 : Training Loss: 5.5141139030, Validation Loss: 5.9246106148, Training R-squared: 0.5164335370, Validation R-squared: 0.4468442798
2023-11-22 10:06:42,168 - INFO - Epoch 39 : Training Loss: 5.4924120903, Validation Loss: 5.9133110046, Training R-squared: 0.5182937980, Validation R-squared: 0.4488670528
2023-11-22 10:06:59,736 - INFO - Epoch 40 : Training Loss: 5.4719543457, Validation Loss: 5.9054265022, Training R-squared: 0.5228732824, Validation R-squared: 0.4499672651
2023-11-22 10:07:16,750 - INFO - Epoch 41 : Training Loss: 5.4644551277, Validation Loss: 5.9041543007, Training R-squared: 0.5243496299, Validation R-squared: 0.4507773817
2023-11-22 10:07:32,591 - INFO - Epoch 42 : Training Loss: 5.4456100464, Validation Loss: 5.9243497849, Training R-squared: 0.5271919966, Validation R-squared: 0.4461010396
2023-11-22 10:07:48,868 - INFO - Epoch 43 : Training Loss: 5.4295487404, Validation Loss: 5.9020752907, Training R-squared: 0.5302671194, Validation R-squared: 0.4512312114
2023-11-22 10:08:05,473 - INFO - Epoch 44 : Training Loss: 5.4093213081, Validation Loss: 5.8968133926, Training R-squared: 0.5326019526, Validation R-squared: 0.4513595998
2023-11-22 10:08:22,608 - INFO - Epoch 45 : Training Loss: 5.4038686752, Validation Loss: 5.8867468834, Training R-squared: 0.5338054895, Validation R-squared: 0.4538311362
2023-11-22 10:08:38,672 - INFO - Epoch 46 : Training Loss: 5.3816099167, Validation Loss: 5.8839178085, Training R-squared: 0.5374864936, Validation R-squared: 0.4540765882
2023-11-22 10:08:54,284 - INFO - Epoch 47 : Training Loss: 5.3675799370, Validation Loss: 5.8953022957, Training R-squared: 0.5402612090, Validation R-squared: 0.4512914419
2023-11-22 10:09:10,286 - INFO - Epoch 48 : Training Loss: 5.3488926888, Validation Loss: 5.8683938980, Training R-squared: 0.5428753495, Validation R-squared: 0.4569997489
2023-11-22 10:09:26,893 - INFO - Epoch 49 : Training Loss: 5.3415451050, Validation Loss: 5.8770799637, Training R-squared: 0.5452212691, Validation R-squared: 0.4553351700
2023-11-22 10:09:43,222 - INFO - Epoch 50 : Training Loss: 5.3149170876, Validation Loss: 5.8969817162, Training R-squared: 0.5481786132, Validation R-squared: 0.4504585862
2023-11-22 10:09:59,751 - INFO - Epoch 51 : Training Loss: 5.3010082245, Validation Loss: 5.8711652756, Training R-squared: 0.5510786772, Validation R-squared: 0.4563861489
2023-11-22 10:10:15,551 - INFO - Epoch 52 : Training Loss: 5.2873334885, Validation Loss: 5.8739252090, Training R-squared: 0.5531799793, Validation R-squared: 0.4551014304
2023-11-22 10:10:31,854 - INFO - Epoch 53 : Training Loss: 5.2752084732, Validation Loss: 5.8708982468, Training R-squared: 0.5546768308, Validation R-squared: 0.4561947286
2023-11-22 10:10:50,137 - INFO - Model saved to models/portion_model/breakfast/512_512_200_64/sparsity_15_fold_3_model.keras
2023-11-22 10:10:54,909 - INFO - Avg Metrics: RMSE: 4.5272245520, R-squared: -1.4930559228, PCC: 0.6705530357
2023-11-22 10:10:54,910 - INFO - Agg Metrics: RMSE: 5.9943183399, R-squared: 0.4460258412, PCC: 0.6682136538
2023-11-22 10:11:00,924 - INFO - ================================================================== Fold 4 ===================================================================
2023-11-22 10:11:23,164 - INFO - Epoch 1  : Training Loss: 7.6320447922, Validation Loss: 7.5718851089, Training R-squared: 0.0693747550, Validation R-squared: 0.1155950949
2023-11-22 10:11:39,596 - INFO - Epoch 2  : Training Loss: 7.2131328583, Validation Loss: 7.1593155861, Training R-squared: 0.1709891856, Validation R-squared: 0.2090042084
2023-11-22 10:11:55,395 - INFO - Epoch 3  : Training Loss: 6.8944258690, Validation Loss: 6.7625818253, Training R-squared: 0.2421927899, Validation R-squared: 0.2958055437
2023-11-22 10:12:10,911 - INFO - Epoch 4  : Training Loss: 6.4389748573, Validation Loss: 6.4458589554, Training R-squared: 0.3393200636, Validation R-squared: 0.3612445891
2023-11-22 10:12:27,096 - INFO - Epoch 5  : Training Loss: 6.3232121468, Validation Loss: 6.4091982841, Training R-squared: 0.3624188900, Validation R-squared: 0.3680353761
2023-11-22 10:12:42,832 - INFO - Epoch 6  : Training Loss: 6.2651262283, Validation Loss: 6.3688192368, Training R-squared: 0.3738542199, Validation R-squared: 0.3765030801
2023-11-22 10:12:58,557 - INFO - Epoch 7  : Training Loss: 6.2017068863, Validation Loss: 6.3182411194, Training R-squared: 0.3877886236, Validation R-squared: 0.3866837025
2023-11-22 10:13:14,037 - INFO - Epoch 8  : Training Loss: 6.1533746719, Validation Loss: 6.3100724220, Training R-squared: 0.3971379697, Validation R-squared: 0.3882215917
2023-11-22 10:13:29,930 - INFO - Epoch 9  : Training Loss: 6.1325492859, Validation Loss: 6.3129134178, Training R-squared: 0.4010682106, Validation R-squared: 0.3880340159
2023-11-22 10:13:45,881 - INFO - Epoch 10 : Training Loss: 6.1078996658, Validation Loss: 6.3177905083, Training R-squared: 0.4055452943, Validation R-squared: 0.3873130679
2023-11-22 10:14:02,619 - INFO - Epoch 11 : Training Loss: 6.0927729607, Validation Loss: 6.3131732941, Training R-squared: 0.4076920748, Validation R-squared: 0.3882307708
2023-11-22 10:14:18,172 - INFO - Epoch 12 : Training Loss: 6.0832123756, Validation Loss: 6.2989306450, Training R-squared: 0.4109987617, Validation R-squared: 0.3902951479
2023-11-22 10:14:33,960 - INFO - Epoch 13 : Training Loss: 6.0557942390, Validation Loss: 6.2959465981, Training R-squared: 0.4153586626, Validation R-squared: 0.3912188411
2023-11-22 10:14:49,408 - INFO - Epoch 14 : Training Loss: 6.0243091583, Validation Loss: 6.2843804359, Training R-squared: 0.4209299982, Validation R-squared: 0.3937166631
2023-11-22 10:15:05,050 - INFO - Epoch 15 : Training Loss: 5.9988250732, Validation Loss: 6.2655692101, Training R-squared: 0.4264358878, Validation R-squared: 0.3976378441
2023-11-22 10:15:20,741 - INFO - Epoch 16 : Training Loss: 5.9596743584, Validation Loss: 6.2427015305, Training R-squared: 0.4332870543, Validation R-squared: 0.4022196829
2023-11-22 10:15:36,538 - INFO - Epoch 17 : Training Loss: 5.9245347977, Validation Loss: 6.2086935043, Training R-squared: 0.4406029582, Validation R-squared: 0.4090732634
2023-11-22 10:15:52,520 - INFO - Epoch 18 : Training Loss: 5.8786387444, Validation Loss: 6.1766614914, Training R-squared: 0.4483761489, Validation R-squared: 0.4153130949
2023-11-22 10:16:08,069 - INFO - Epoch 19 : Training Loss: 5.8364348412, Validation Loss: 6.1545996666, Training R-squared: 0.4571050107, Validation R-squared: 0.4197472334
2023-11-22 10:16:23,853 - INFO - Epoch 20 : Training Loss: 5.8189058304, Validation Loss: 6.1472072601, Training R-squared: 0.4601768851, Validation R-squared: 0.4213472307
2023-11-22 10:16:39,552 - INFO - Epoch 21 : Training Loss: 5.7941031456, Validation Loss: 6.1333765984, Training R-squared: 0.4645636380, Validation R-squared: 0.4240597785
2023-11-22 10:16:56,317 - INFO - Epoch 22 : Training Loss: 5.7578024864, Validation Loss: 6.1239657402, Training R-squared: 0.4709098041, Validation R-squared: 0.4259972870
2023-11-22 10:17:12,723 - INFO - Epoch 23 : Training Loss: 5.7357311249, Validation Loss: 6.1107392311, Training R-squared: 0.4747819602, Validation R-squared: 0.4282916188
2023-11-22 10:17:29,033 - INFO - Epoch 24 : Training Loss: 5.7139029503, Validation Loss: 6.1134181023, Training R-squared: 0.4793691635, Validation R-squared: 0.4281699359
2023-11-22 10:17:45,090 - INFO - Epoch 25 : Training Loss: 5.6911225319, Validation Loss: 6.1002540588, Training R-squared: 0.4834161997, Validation R-squared: 0.4308055043
2023-11-22 10:18:01,331 - INFO - Epoch 26 : Training Loss: 5.6751513481, Validation Loss: 6.0878825188, Training R-squared: 0.4865319133, Validation R-squared: 0.4328094423
2023-11-22 10:18:17,962 - INFO - Epoch 27 : Training Loss: 5.6521644592, Validation Loss: 6.0940961838, Training R-squared: 0.4897180498, Validation R-squared: 0.4313955009
2023-11-22 10:18:33,093 - INFO - Epoch 28 : Training Loss: 5.6391310692, Validation Loss: 6.0908622742, Training R-squared: 0.4918594062, Validation R-squared: 0.4322693646
2023-11-22 10:18:48,588 - INFO - Epoch 29 : Training Loss: 5.6297125816, Validation Loss: 6.0937066078, Training R-squared: 0.4942163229, Validation R-squared: 0.4316366017
2023-11-22 10:19:04,756 - INFO - Epoch 30 : Training Loss: 5.6133885384, Validation Loss: 6.1125340462, Training R-squared: 0.4970210195, Validation R-squared: 0.4284175932
2023-11-22 10:19:21,756 - INFO - Epoch 31 : Training Loss: 5.5883674622, Validation Loss: 6.0697212219, Training R-squared: 0.5007706881, Validation R-squared: 0.4367466271
2023-11-22 10:19:37,883 - INFO - Epoch 32 : Training Loss: 5.5682082176, Validation Loss: 6.0731859207, Training R-squared: 0.5037176609, Validation R-squared: 0.4357998371
2023-11-22 10:19:54,167 - INFO - Epoch 33 : Training Loss: 5.5556273460, Validation Loss: 6.0574340820, Training R-squared: 0.5076997876, Validation R-squared: 0.4388113022
2023-11-22 10:20:09,786 - INFO - Epoch 34 : Training Loss: 5.5416893959, Validation Loss: 6.0628533363, Training R-squared: 0.5076566339, Validation R-squared: 0.4380173981
2023-11-22 10:20:26,129 - INFO - Epoch 35 : Training Loss: 5.5231623650, Validation Loss: 6.0636315346, Training R-squared: 0.5121459365, Validation R-squared: 0.4372148216
2023-11-22 10:20:42,728 - INFO - Epoch 36 : Training Loss: 5.5056395531, Validation Loss: 6.0460405350, Training R-squared: 0.5143492818, Validation R-squared: 0.4410174787
2023-11-22 10:20:58,974 - INFO - Epoch 37 : Training Loss: 5.4918041229, Validation Loss: 6.0485200882, Training R-squared: 0.5172712207, Validation R-squared: 0.4403502345
2023-11-22 10:21:14,854 - INFO - Epoch 38 : Training Loss: 5.4746851921, Validation Loss: 6.0385437012, Training R-squared: 0.5201860070, Validation R-squared: 0.4418034256
2023-11-22 10:21:31,646 - INFO - Epoch 39 : Training Loss: 5.4642968178, Validation Loss: 6.0504832268, Training R-squared: 0.5218499899, Validation R-squared: 0.4394743145
2023-11-22 10:21:50,601 - INFO - Epoch 40 : Training Loss: 5.4454908371, Validation Loss: 6.0832099915, Training R-squared: 0.5250178576, Validation R-squared: 0.4336056411
2023-11-22 10:22:08,163 - INFO - Epoch 41 : Training Loss: 5.4295558929, Validation Loss: 6.0478401184, Training R-squared: 0.5278825760, Validation R-squared: 0.4405791461
2023-11-22 10:22:23,844 - INFO - Epoch 42 : Training Loss: 5.4087939262, Validation Loss: 6.0049366951, Training R-squared: 0.5300032496, Validation R-squared: 0.4480837882
2023-11-22 10:22:40,598 - INFO - Epoch 43 : Training Loss: 5.4012165070, Validation Loss: 6.0503516197, Training R-squared: 0.5315890312, Validation R-squared: 0.4399277866
2023-11-22 10:22:56,772 - INFO - Epoch 44 : Training Loss: 5.3802008629, Validation Loss: 6.0386853218, Training R-squared: 0.5364778638, Validation R-squared: 0.4420081675
2023-11-22 10:23:13,795 - INFO - Epoch 45 : Training Loss: 5.3700671196, Validation Loss: 6.0499401093, Training R-squared: 0.5370439291, Validation R-squared: 0.4397326708
2023-11-22 10:23:31,256 - INFO - Epoch 46 : Training Loss: 5.3516631126, Validation Loss: 6.0564565659, Training R-squared: 0.5394078493, Validation R-squared: 0.4384525120
2023-11-22 10:23:49,273 - INFO - Epoch 47 : Training Loss: 5.3380808830, Validation Loss: 6.0294284821, Training R-squared: 0.5431256294, Validation R-squared: 0.4433292747
2023-11-22 10:24:10,310 - INFO - Model saved to models/portion_model/breakfast/512_512_200_64/sparsity_15_fold_4_model.keras
2023-11-22 10:24:17,592 - INFO - Avg Metrics: RMSE: 4.5603733070, R-squared: -0.1553783764, PCC: 0.6647180359
2023-11-22 10:24:17,592 - INFO - Agg Metrics: RMSE: 6.2218312291, R-squared: 0.4237747185, PCC: 0.6518066710
2023-11-22 10:24:24,527 - INFO - ================================================================== Fold 5 ===================================================================
2023-11-22 10:24:47,790 - INFO - Epoch 1  : Training Loss: 7.6433439255, Validation Loss: 7.6128358841, Training R-squared: 0.0677875951, Validation R-squared: 0.0975395069
2023-11-22 10:25:04,010 - INFO - Epoch 2  : Training Loss: 7.2361822128, Validation Loss: 7.1934661865, Training R-squared: 0.1636231989, Validation R-squared: 0.1948563308
2023-11-22 10:25:20,261 - INFO - Epoch 3  : Training Loss: 6.9408030510, Validation Loss: 6.9222598076, Training R-squared: 0.2327625006, Validation R-squared: 0.2543819249
2023-11-22 10:25:37,465 - INFO - Epoch 4  : Training Loss: 6.5526537895, Validation Loss: 6.5254697800, Training R-squared: 0.3166657686, Validation R-squared: 0.3371526301
2023-11-22 10:25:54,322 - INFO - Epoch 5  : Training Loss: 6.3373255730, Validation Loss: 6.4510540962, Training R-squared: 0.3606874347, Validation R-squared: 0.3522927463
2023-11-22 10:26:13,474 - INFO - Epoch 6  : Training Loss: 6.2673649788, Validation Loss: 6.3940730095, Training R-squared: 0.3750518262, Validation R-squared: 0.3641250134
2023-11-22 10:26:32,025 - INFO - Epoch 7  : Training Loss: 6.2020621300, Validation Loss: 6.3370685577, Training R-squared: 0.3890446424, Validation R-squared: 0.3756421506
2023-11-22 10:26:49,746 - INFO - Epoch 8  : Training Loss: 6.1670985222, Validation Loss: 6.3329133987, Training R-squared: 0.3952144086, Validation R-squared: 0.3760905862
2023-11-22 10:27:07,018 - INFO - Epoch 9  : Training Loss: 6.1509642601, Validation Loss: 6.3170666695, Training R-squared: 0.3988985419, Validation R-squared: 0.3793850839
2023-11-22 10:27:22,492 - INFO - Epoch 10 : Training Loss: 6.1196503639, Validation Loss: 6.3159432411, Training R-squared: 0.4055567682, Validation R-squared: 0.3790213764
2023-11-22 10:27:39,639 - INFO - Epoch 11 : Training Loss: 6.1010732651, Validation Loss: 6.3071036339, Training R-squared: 0.4079715312, Validation R-squared: 0.3810958862
2023-11-22 10:27:55,569 - INFO - Epoch 12 : Training Loss: 6.0849242210, Validation Loss: 6.3044419289, Training R-squared: 0.4130063951, Validation R-squared: 0.3814180493
2023-11-22 10:28:12,273 - INFO - Epoch 13 : Training Loss: 6.0670933723, Validation Loss: 6.2967829704, Training R-squared: 0.4146151841, Validation R-squared: 0.3827174306
2023-11-22 10:28:29,440 - INFO - Epoch 14 : Training Loss: 6.0418720245, Validation Loss: 6.2910995483, Training R-squared: 0.4198994637, Validation R-squared: 0.3839643896
2023-11-22 10:28:45,141 - INFO - Epoch 15 : Training Loss: 6.0095686913, Validation Loss: 6.2760829926, Training R-squared: 0.4248399734, Validation R-squared: 0.3868633211
2023-11-22 10:29:00,729 - INFO - Epoch 16 : Training Loss: 5.9766244888, Validation Loss: 6.2558140755, Training R-squared: 0.4313296378, Validation R-squared: 0.3905448020
2023-11-22 10:29:16,288 - INFO - Epoch 17 : Training Loss: 5.9432082176, Validation Loss: 6.2307777405, Training R-squared: 0.4385372102, Validation R-squared: 0.3957830667
2023-11-22 10:29:32,661 - INFO - Epoch 18 : Training Loss: 5.9098167419, Validation Loss: 6.2153363228, Training R-squared: 0.4436421990, Validation R-squared: 0.3986747265
2023-11-22 10:29:48,959 - INFO - Epoch 19 : Training Loss: 5.8824105263, Validation Loss: 6.1925225258, Training R-squared: 0.4503210485, Validation R-squared: 0.4033581316
2023-11-22 10:30:04,842 - INFO - Epoch 20 : Training Loss: 5.8506884575, Validation Loss: 6.1769361496, Training R-squared: 0.4541304111, Validation R-squared: 0.4063873589
2023-11-22 10:30:20,399 - INFO - Epoch 21 : Training Loss: 5.8081970215, Validation Loss: 6.1596021652, Training R-squared: 0.4628021121, Validation R-squared: 0.4095340669
2023-11-22 10:30:35,662 - INFO - Epoch 22 : Training Loss: 5.7936801910, Validation Loss: 6.1356811523, Training R-squared: 0.4659525454, Validation R-squared: 0.4143730104
2023-11-22 10:30:51,906 - INFO - Epoch 23 : Training Loss: 5.7501916885, Validation Loss: 6.1205067635, Training R-squared: 0.4719505310, Validation R-squared: 0.4172143340
2023-11-22 10:31:08,247 - INFO - Epoch 24 : Training Loss: 5.7206039429, Validation Loss: 6.1062669754, Training R-squared: 0.4777985513, Validation R-squared: 0.4198749363
2023-11-22 10:31:24,708 - INFO - Epoch 25 : Training Loss: 5.6950984001, Validation Loss: 6.0963587761, Training R-squared: 0.4832682610, Validation R-squared: 0.4218647480
2023-11-22 10:31:40,880 - INFO - Epoch 26 : Training Loss: 5.6713590622, Validation Loss: 6.0895991325, Training R-squared: 0.4878219962, Validation R-squared: 0.4233717918
2023-11-22 10:31:57,384 - INFO - Epoch 27 : Training Loss: 5.6583638191, Validation Loss: 6.0722818375, Training R-squared: 0.4898633361, Validation R-squared: 0.4265030026
2023-11-22 10:32:14,067 - INFO - Epoch 28 : Training Loss: 5.6294560432, Validation Loss: 6.0860662460, Training R-squared: 0.4941267967, Validation R-squared: 0.4231757820
2023-11-22 10:32:29,893 - INFO - Epoch 29 : Training Loss: 5.6223850250, Validation Loss: 6.0798816681, Training R-squared: 0.4970151484, Validation R-squared: 0.4245558381
2023-11-22 10:32:45,817 - INFO - Epoch 30 : Training Loss: 5.5969319344, Validation Loss: 6.0726943016, Training R-squared: 0.5014951825, Validation R-squared: 0.4260361195
2023-11-22 10:33:03,118 - INFO - Epoch 31 : Training Loss: 5.5746870041, Validation Loss: 6.0625929832, Training R-squared: 0.5040751100, Validation R-squared: 0.4278265238
2023-11-22 10:33:19,831 - INFO - Epoch 32 : Training Loss: 5.5637865067, Validation Loss: 6.0542664528, Training R-squared: 0.5059496760, Validation R-squared: 0.4291783571
2023-11-22 10:33:35,512 - INFO - Epoch 33 : Training Loss: 5.5495934486, Validation Loss: 6.0855722427, Training R-squared: 0.5090031028, Validation R-squared: 0.4224583805
2023-11-22 10:33:53,856 - INFO - Epoch 34 : Training Loss: 5.5349211693, Validation Loss: 6.0722675323, Training R-squared: 0.5113737583, Validation R-squared: 0.4251068234
2023-11-22 10:34:09,932 - INFO - Epoch 35 : Training Loss: 5.5200681686, Validation Loss: 6.0733799934, Training R-squared: 0.5137842894, Validation R-squared: 0.4248592854
2023-11-22 10:34:27,488 - INFO - Epoch 36 : Training Loss: 5.5057816505, Validation Loss: 6.0742354393, Training R-squared: 0.5163640976, Validation R-squared: 0.4244423211
2023-11-22 10:34:44,462 - INFO - Epoch 37 : Training Loss: 5.4887657166, Validation Loss: 6.0418567657, Training R-squared: 0.5185914040, Validation R-squared: 0.4313635230
2023-11-22 10:35:01,797 - INFO - Epoch 38 : Training Loss: 5.4700546265, Validation Loss: 6.0402226448, Training R-squared: 0.5217601061, Validation R-squared: 0.4318196476
2023-11-22 10:35:19,914 - INFO - Epoch 39 : Training Loss: 5.4638810158, Validation Loss: 6.0350251198, Training R-squared: 0.5235810876, Validation R-squared: 0.4328134656
2023-11-22 10:35:36,464 - INFO - Epoch 40 : Training Loss: 5.4506692886, Validation Loss: 6.0326032639, Training R-squared: 0.5242859721, Validation R-squared: 0.4332248569
2023-11-22 10:35:54,826 - INFO - Epoch 41 : Training Loss: 5.4255294800, Validation Loss: 6.0341172218, Training R-squared: 0.5283434391, Validation R-squared: 0.4322916269
2023-11-22 10:36:12,637 - INFO - Epoch 42 : Training Loss: 5.4115004539, Validation Loss: 6.0211133957, Training R-squared: 0.5314353108, Validation R-squared: 0.4351544976
2023-11-22 10:36:30,275 - INFO - Epoch 43 : Training Loss: 5.4036173820, Validation Loss: 6.0178856850, Training R-squared: 0.5323642492, Validation R-squared: 0.4356066585
2023-11-22 10:36:48,167 - INFO - Epoch 44 : Training Loss: 5.3753328323, Validation Loss: 6.0509777069, Training R-squared: 0.5375807881, Validation R-squared: 0.4283002615
2023-11-22 10:37:06,099 - INFO - Epoch 45 : Training Loss: 5.3584156036, Validation Loss: 6.0067172050, Training R-squared: 0.5393312573, Validation R-squared: 0.4377392530
2023-11-22 10:37:25,404 - INFO - Epoch 46 : Training Loss: 5.3461270332, Validation Loss: 6.0158514977, Training R-squared: 0.5423449874, Validation R-squared: 0.4356059432
2023-11-22 10:37:42,785 - INFO - Epoch 47 : Training Loss: 5.3314356804, Validation Loss: 6.0179886818, Training R-squared: 0.5443609357, Validation R-squared: 0.4346327484
2023-11-22 10:37:59,215 - INFO - Epoch 48 : Training Loss: 5.3234810829, Validation Loss: 5.9929609299, Training R-squared: 0.5452021360, Validation R-squared: 0.4401172996
2023-11-22 10:38:15,401 - INFO - Epoch 49 : Training Loss: 5.3069634438, Validation Loss: 6.0017447472, Training R-squared: 0.5480865240, Validation R-squared: 0.4379585683
2023-11-22 10:38:31,626 - INFO - Epoch 50 : Training Loss: 5.2925395966, Validation Loss: 5.9930953979, Training R-squared: 0.5514652133, Validation R-squared: 0.4397506416
2023-11-22 10:38:48,036 - INFO - Epoch 51 : Training Loss: 5.2733836174, Validation Loss: 5.9913887978, Training R-squared: 0.5536050797, Validation R-squared: 0.4395893216
2023-11-22 10:39:04,418 - INFO - Epoch 52 : Training Loss: 5.2619876862, Validation Loss: 5.9994220734, Training R-squared: 0.5560021400, Validation R-squared: 0.4375970066
2023-11-22 10:39:20,718 - INFO - Epoch 53 : Training Loss: 5.2538723946, Validation Loss: 6.0257887840, Training R-squared: 0.5573068857, Validation R-squared: 0.4317598641
2023-11-22 10:39:36,669 - INFO - Epoch 54 : Training Loss: 5.2239284515, Validation Loss: 5.9881882668, Training R-squared: 0.5614405870, Validation R-squared: 0.4398113489
2023-11-22 10:39:53,698 - INFO - Epoch 55 : Training Loss: 5.2133789062, Validation Loss: 5.9914855957, Training R-squared: 0.5622108579, Validation R-squared: 0.4389815927
2023-11-22 10:40:11,392 - INFO - Epoch 56 : Training Loss: 5.1957869530, Validation Loss: 5.9818010330, Training R-squared: 0.5661587119, Validation R-squared: 0.4411522448
2023-11-22 10:40:29,150 - INFO - Epoch 57 : Training Loss: 5.1965236664, Validation Loss: 5.9905076027, Training R-squared: 0.5654452443, Validation R-squared: 0.4391238093
2023-11-22 10:40:46,412 - INFO - Epoch 58 : Training Loss: 5.1706843376, Validation Loss: 5.9807295799, Training R-squared: 0.5699171424, Validation R-squared: 0.4411507547
2023-11-22 10:41:03,235 - INFO - Epoch 59 : Training Loss: 5.1529083252, Validation Loss: 5.9650473595, Training R-squared: 0.5729745030, Validation R-squared: 0.4437601268
2023-11-22 10:41:21,237 - INFO - Epoch 60 : Training Loss: 5.1460227966, Validation Loss: 5.9808568954, Training R-squared: 0.5751776099, Validation R-squared: 0.4403430223
2023-11-22 10:41:39,399 - INFO - Epoch 61 : Training Loss: 5.1257858276, Validation Loss: 5.9514651299, Training R-squared: 0.5777450800, Validation R-squared: 0.4462552071
2023-11-22 10:41:57,552 - INFO - Epoch 62 : Training Loss: 5.1062774658, Validation Loss: 6.0075254440, Training R-squared: 0.5799137950, Validation R-squared: 0.4343732595
2023-11-22 10:42:15,482 - INFO - Epoch 63 : Training Loss: 5.1080269814, Validation Loss: 5.9682774544, Training R-squared: 0.5798280239, Validation R-squared: 0.4424668252
2023-11-22 10:42:32,450 - INFO - Epoch 64 : Training Loss: 5.0924892426, Validation Loss: 5.9913430214, Training R-squared: 0.5823589563, Validation R-squared: 0.4375653863
2023-11-22 10:42:49,847 - INFO - Epoch 65 : Training Loss: 5.0718646049, Validation Loss: 5.9358677864, Training R-squared: 0.5853978992, Validation R-squared: 0.4489133656
2023-11-22 10:43:06,628 - INFO - Epoch 66 : Training Loss: 5.0588984489, Validation Loss: 5.9939670563, Training R-squared: 0.5877690315, Validation R-squared: 0.4365644157
2023-11-22 10:43:23,449 - INFO - Epoch 67 : Training Loss: 5.0453763008, Validation Loss: 5.9402585030, Training R-squared: 0.5889898539, Validation R-squared: 0.4481304288
2023-11-22 10:43:40,720 - INFO - Epoch 68 : Training Loss: 5.0406632423, Validation Loss: 5.9414958954, Training R-squared: 0.5909169316, Validation R-squared: 0.4478407204
2023-11-22 10:43:58,516 - INFO - Epoch 69 : Training Loss: 5.0160093307, Validation Loss: 5.9515519142, Training R-squared: 0.5939539671, Validation R-squared: 0.4452252090
2023-11-22 10:44:15,510 - INFO - Epoch 70 : Training Loss: 5.0109548569, Validation Loss: 5.9294557571, Training R-squared: 0.5948045254, Validation R-squared: 0.4493337274
2023-11-22 10:44:32,108 - INFO - Epoch 71 : Training Loss: 4.9916768074, Validation Loss: 5.9448504448, Training R-squared: 0.5983690023, Validation R-squared: 0.4462062120
2023-11-22 10:44:49,710 - INFO - Epoch 72 : Training Loss: 4.9822578430, Validation Loss: 5.9194793701, Training R-squared: 0.5986342430, Validation R-squared: 0.4512062073
2023-11-22 10:45:06,663 - INFO - Epoch 73 : Training Loss: 4.9731659889, Validation Loss: 5.9428668022, Training R-squared: 0.6002320647, Validation R-squared: 0.4460622072
2023-11-22 10:45:24,230 - INFO - Epoch 74 : Training Loss: 4.9661326408, Validation Loss: 5.9603352547, Training R-squared: 0.6015157700, Validation R-squared: 0.4422924519
2023-11-22 10:45:41,919 - INFO - Epoch 75 : Training Loss: 4.9484214783, Validation Loss: 5.9635515213, Training R-squared: 0.6045154333, Validation R-squared: 0.4410618842
2023-11-22 10:46:00,121 - INFO - Epoch 76 : Training Loss: 4.9355950356, Validation Loss: 5.9449191093, Training R-squared: 0.6057764292, Validation R-squared: 0.4452140033
2023-11-22 10:46:16,968 - INFO - Epoch 77 : Training Loss: 4.9366660118, Validation Loss: 5.9062323570, Training R-squared: 0.6057069302, Validation R-squared: 0.4534939826
2023-11-22 10:46:33,755 - INFO - Epoch 78 : Training Loss: 4.9143552780, Validation Loss: 5.9696416855, Training R-squared: 0.6098809242, Validation R-squared: 0.4395802915
2023-11-22 10:46:51,403 - INFO - Epoch 79 : Training Loss: 4.9124083519, Validation Loss: 5.9786224365, Training R-squared: 0.6096595526, Validation R-squared: 0.4369067848
2023-11-22 10:47:08,001 - INFO - Epoch 80 : Training Loss: 4.9049344063, Validation Loss: 5.9707474709, Training R-squared: 0.6111931205, Validation R-squared: 0.4399374425
2023-11-22 10:47:25,719 - INFO - Epoch 81 : Training Loss: 4.8902802467, Validation Loss: 5.9623436928, Training R-squared: 0.6128334403, Validation R-squared: 0.4410890639
2023-11-22 10:47:44,083 - INFO - Epoch 82 : Training Loss: 4.8702082634, Validation Loss: 5.9368376732, Training R-squared: 0.6163750887, Validation R-squared: 0.4460242093
2023-11-22 10:48:06,400 - INFO - Model saved to models/portion_model/breakfast/512_512_200_64/sparsity_15_fold_5_model.keras
2023-11-22 10:48:11,974 - INFO - Avg Metrics: RMSE: 4.4347721579, R-squared: -0.0725504089, PCC: 0.7079545243
2023-11-22 10:48:11,974 - INFO - Agg Metrics: RMSE: 6.0315018119, R-squared: 0.4468155173, PCC: 0.6706652032
2023-11-22 10:48:31,166 - INFO - ================================================================== Results Summary ===================================================================
2023-11-22 10:48:31,166 - INFO - CrossVal Metrics (Avg.) - RMSE: 4.4955321479  0.0589517061, R2: -0.3300712715  0.0589517061, PCC: 0.6818492072  0.0589517061
2023-11-22 10:48:31,167 - INFO - Testing  Metrics (Avg.) - RMSE: 4.4054862563, R2: -0.1302200649, PCC: 0.6817598546
2023-11-22 10:48:31,167 - INFO - CrossVal Metrics (Agg.) - RMSE: 6.0476000030  0.0589517061, R2: 0.4358800744  0.0589517061, PCC: 0.6617288981  0.0589517061
2023-11-22 10:48:31,167 - INFO - Testing  Metrics (Agg.) - RMSE: 5.7219356313, R2: 0.4375140300, PCC: 0.6670249270
