2023-11-22 19:07:33,766 - INFO - Training model at 55% sparse columns removed...
2023-11-22 19:07:41,565 - INFO - ================================================================== Fold 1 ===================================================================
2023-11-22 19:07:54,784 - INFO - Epoch 1  : Training Loss: 10.3202848434, Validation Loss: 10.2867784500, Training R-squared: 0.0694549829, Validation R-squared: 0.0951108560
2023-11-22 19:08:04,051 - INFO - Epoch 2  : Training Loss: 9.7756671906, Validation Loss: 9.6134538651, Training R-squared: 0.1642774791, Validation R-squared: 0.2110343128
2023-11-22 19:08:13,277 - INFO - Epoch 3  : Training Loss: 9.1054697037, Validation Loss: 8.8022108078, Training R-squared: 0.2761538923, Validation R-squared: 0.3394745290
2023-11-22 19:08:22,593 - INFO - Epoch 4  : Training Loss: 8.5306797028, Validation Loss: 8.5840997696, Training R-squared: 0.3650611639, Validation R-squared: 0.3724540472
2023-11-22 19:08:31,744 - INFO - Epoch 5  : Training Loss: 8.3731288910, Validation Loss: 8.5260162354, Training R-squared: 0.3884119689, Validation R-squared: 0.3811288476
2023-11-22 19:08:40,766 - INFO - Epoch 6  : Training Loss: 8.3140058517, Validation Loss: 8.4980974197, Training R-squared: 0.3973707259, Validation R-squared: 0.3854493201
2023-11-22 19:08:49,977 - INFO - Epoch 7  : Training Loss: 8.2626571655, Validation Loss: 8.4764289856, Training R-squared: 0.4051418900, Validation R-squared: 0.3882206082
2023-11-22 19:08:59,306 - INFO - Epoch 8  : Training Loss: 8.2364864349, Validation Loss: 8.4706983566, Training R-squared: 0.4072521329, Validation R-squared: 0.3888055980
2023-11-22 19:09:08,750 - INFO - Epoch 9  : Training Loss: 8.2060785294, Validation Loss: 8.4607839584, Training R-squared: 0.4125922620, Validation R-squared: 0.3904916942
2023-11-22 19:09:18,260 - INFO - Epoch 10 : Training Loss: 8.1725769043, Validation Loss: 8.4495086670, Training R-squared: 0.4176231623, Validation R-squared: 0.3919567168
2023-11-22 19:09:27,446 - INFO - Epoch 11 : Training Loss: 8.1486768723, Validation Loss: 8.4269552231, Training R-squared: 0.4204356968, Validation R-squared: 0.3955712616
2023-11-22 19:09:36,487 - INFO - Epoch 12 : Training Loss: 8.1077880859, Validation Loss: 8.4063110352, Training R-squared: 0.4253847003, Validation R-squared: 0.3982880414
2023-11-22 19:09:45,760 - INFO - Epoch 13 : Training Loss: 8.0615530014, Validation Loss: 8.3631525040, Training R-squared: 0.4325576723, Validation R-squared: 0.4047643244
2023-11-22 19:09:55,048 - INFO - Epoch 14 : Training Loss: 8.0306224823, Validation Loss: 8.3194189072, Training R-squared: 0.4379550815, Validation R-squared: 0.4112988710
2023-11-22 19:10:04,279 - INFO - Epoch 15 : Training Loss: 7.9860301018, Validation Loss: 8.2894716263, Training R-squared: 0.4454276562, Validation R-squared: 0.4158905745
2023-11-22 19:10:13,515 - INFO - Epoch 16 : Training Loss: 7.9395565987, Validation Loss: 8.2810459137, Training R-squared: 0.4504356086, Validation R-squared: 0.4165884256
2023-11-22 19:10:23,097 - INFO - Epoch 17 : Training Loss: 7.8985204697, Validation Loss: 8.2315511703, Training R-squared: 0.4560911953, Validation R-squared: 0.4240031838
2023-11-22 19:10:32,335 - INFO - Epoch 18 : Training Loss: 7.8596906662, Validation Loss: 8.2064065933, Training R-squared: 0.4616087079, Validation R-squared: 0.4275356233
2023-11-22 19:10:41,502 - INFO - Epoch 19 : Training Loss: 7.8286843300, Validation Loss: 8.1998491287, Training R-squared: 0.4649424851, Validation R-squared: 0.4282008111
2023-11-22 19:10:50,719 - INFO - Epoch 20 : Training Loss: 7.7993302345, Validation Loss: 8.1841106415, Training R-squared: 0.4694572389, Validation R-squared: 0.4307515323
2023-11-22 19:11:00,115 - INFO - Epoch 21 : Training Loss: 7.7663202286, Validation Loss: 8.1633596420, Training R-squared: 0.4732830822, Validation R-squared: 0.4339870811
2023-11-22 19:11:09,410 - INFO - Epoch 22 : Training Loss: 7.7108516693, Validation Loss: 8.1213665009, Training R-squared: 0.4813218713, Validation R-squared: 0.4395725727
2023-11-22 19:11:18,767 - INFO - Epoch 23 : Training Loss: 7.6739106178, Validation Loss: 8.1037387848, Training R-squared: 0.4857426584, Validation R-squared: 0.4429561496
2023-11-22 19:11:27,864 - INFO - Epoch 24 : Training Loss: 7.6419057846, Validation Loss: 8.0706939697, Training R-squared: 0.4911752343, Validation R-squared: 0.4468173683
2023-11-22 19:11:37,063 - INFO - Epoch 25 : Training Loss: 7.6125912666, Validation Loss: 8.0540742874, Training R-squared: 0.4940878749, Validation R-squared: 0.4495426714
2023-11-22 19:11:46,131 - INFO - Epoch 26 : Training Loss: 7.5679244995, Validation Loss: 8.0397977829, Training R-squared: 0.4993137419, Validation R-squared: 0.4513855278
2023-11-22 19:11:55,378 - INFO - Epoch 27 : Training Loss: 7.5472254753, Validation Loss: 8.0277967453, Training R-squared: 0.5031129718, Validation R-squared: 0.4529159963
2023-11-22 19:12:04,603 - INFO - Epoch 28 : Training Loss: 7.5197205544, Validation Loss: 8.0425357819, Training R-squared: 0.5061709881, Validation R-squared: 0.4506171644
2023-11-22 19:12:14,043 - INFO - Epoch 29 : Training Loss: 7.5128483772, Validation Loss: 8.0098533630, Training R-squared: 0.5078096986, Validation R-squared: 0.4554087818
2023-11-22 19:12:23,385 - INFO - Epoch 30 : Training Loss: 7.4808502197, Validation Loss: 8.0011615753, Training R-squared: 0.5108875036, Validation R-squared: 0.4568808973
2023-11-22 19:12:32,621 - INFO - Epoch 31 : Training Loss: 7.4573588371, Validation Loss: 7.9930357933, Training R-squared: 0.5133531690, Validation R-squared: 0.4581355751
2023-11-22 19:12:41,755 - INFO - Epoch 32 : Training Loss: 7.4531245232, Validation Loss: 7.9955348969, Training R-squared: 0.5143092275, Validation R-squared: 0.4570344985
2023-11-22 19:12:50,989 - INFO - Epoch 33 : Training Loss: 7.4152612686, Validation Loss: 7.9928479195, Training R-squared: 0.5195456147, Validation R-squared: 0.4579573572
2023-11-22 19:13:00,547 - INFO - Epoch 34 : Training Loss: 7.3981595039, Validation Loss: 7.9961867332, Training R-squared: 0.5218385458, Validation R-squared: 0.4567288160
2023-11-22 19:13:09,816 - INFO - Epoch 35 : Training Loss: 7.3736219406, Validation Loss: 7.9803752899, Training R-squared: 0.5243133903, Validation R-squared: 0.4593556225
2023-11-22 19:13:19,240 - INFO - Epoch 36 : Training Loss: 7.3563237190, Validation Loss: 7.9371905327, Training R-squared: 0.5265393853, Validation R-squared: 0.4655863345
2023-11-22 19:13:28,262 - INFO - Epoch 37 : Training Loss: 7.3261623383, Validation Loss: 7.9384965897, Training R-squared: 0.5307161212, Validation R-squared: 0.4652535021
2023-11-22 19:13:37,517 - INFO - Epoch 38 : Training Loss: 7.3134303093, Validation Loss: 7.9401731491, Training R-squared: 0.5322973728, Validation R-squared: 0.4647631943
2023-11-22 19:13:47,150 - INFO - Epoch 39 : Training Loss: 7.2848124504, Validation Loss: 7.9144692421, Training R-squared: 0.5351136923, Validation R-squared: 0.4687032700
2023-11-22 19:13:57,491 - INFO - Epoch 40 : Training Loss: 7.2514328957, Validation Loss: 7.9224524498, Training R-squared: 0.5390511751, Validation R-squared: 0.4677866995
2023-11-22 19:14:06,683 - INFO - Epoch 41 : Training Loss: 7.2484812737, Validation Loss: 7.9014477730, Training R-squared: 0.5388774276, Validation R-squared: 0.4701541960
2023-11-22 19:14:16,042 - INFO - Epoch 42 : Training Loss: 7.2261881828, Validation Loss: 7.9039015770, Training R-squared: 0.5432434678, Validation R-squared: 0.4701211154
2023-11-22 19:14:25,762 - INFO - Epoch 43 : Training Loss: 7.2025666237, Validation Loss: 7.8769898415, Training R-squared: 0.5456361175, Validation R-squared: 0.4741339982
2023-11-22 19:14:35,087 - INFO - Epoch 44 : Training Loss: 7.1872315407, Validation Loss: 7.8939099312, Training R-squared: 0.5479910374, Validation R-squared: 0.4711931348
2023-11-22 19:14:44,604 - INFO - Epoch 45 : Training Loss: 7.1717076302, Validation Loss: 7.8982734680, Training R-squared: 0.5498163700, Validation R-squared: 0.4703544080
2023-11-22 19:14:53,826 - INFO - Epoch 46 : Training Loss: 7.1375107765, Validation Loss: 7.8523893356, Training R-squared: 0.5537538528, Validation R-squared: 0.4774484336
2023-11-22 19:15:03,109 - INFO - Epoch 47 : Training Loss: 7.1224379539, Validation Loss: 7.8686714172, Training R-squared: 0.5551121831, Validation R-squared: 0.4748040736
2023-11-22 19:15:12,312 - INFO - Epoch 48 : Training Loss: 7.1111726761, Validation Loss: 7.8451356888, Training R-squared: 0.5562710762, Validation R-squared: 0.4781357348
2023-11-22 19:15:22,643 - INFO - Epoch 49 : Training Loss: 7.0857610703, Validation Loss: 7.8715453148, Training R-squared: 0.5599128604, Validation R-squared: 0.4738859832
2023-11-22 19:15:32,433 - INFO - Epoch 50 : Training Loss: 7.0715670586, Validation Loss: 7.8484492302, Training R-squared: 0.5630084276, Validation R-squared: 0.4772746265
2023-11-22 19:15:42,141 - INFO - Epoch 51 : Training Loss: 7.0427823067, Validation Loss: 7.8640966415, Training R-squared: 0.5645513535, Validation R-squared: 0.4747804999
2023-11-22 19:15:51,788 - INFO - Epoch 52 : Training Loss: 7.0156469345, Validation Loss: 7.8102760315, Training R-squared: 0.5683179498, Validation R-squared: 0.4828838706
2023-11-22 19:16:01,144 - INFO - Epoch 53 : Training Loss: 7.0026917458, Validation Loss: 7.8807268143, Training R-squared: 0.5692328811, Validation R-squared: 0.4722007513
2023-11-22 19:16:10,438 - INFO - Epoch 54 : Training Loss: 6.9694061279, Validation Loss: 7.8430314064, Training R-squared: 0.5735144019, Validation R-squared: 0.4776449502
2023-11-22 19:16:20,144 - INFO - Epoch 55 : Training Loss: 6.9581279755, Validation Loss: 7.8369131088, Training R-squared: 0.5748554468, Validation R-squared: 0.4786208272
2023-11-22 19:16:29,365 - INFO - Epoch 56 : Training Loss: 6.9593214989, Validation Loss: 7.8001036644, Training R-squared: 0.5750824809, Validation R-squared: 0.4842389524
2023-11-22 19:16:38,544 - INFO - Epoch 57 : Training Loss: 6.9207873344, Validation Loss: 7.8132381439, Training R-squared: 0.5786750913, Validation R-squared: 0.4819390476
2023-11-22 19:16:47,794 - INFO - Epoch 58 : Training Loss: 6.9206271172, Validation Loss: 7.8235359192, Training R-squared: 0.5789187551, Validation R-squared: 0.4799912572
2023-11-22 19:16:56,877 - INFO - Epoch 59 : Training Loss: 6.8860468864, Validation Loss: 7.7982120514, Training R-squared: 0.5830202103, Validation R-squared: 0.4838086963
2023-11-22 19:17:06,335 - INFO - Epoch 60 : Training Loss: 6.8722238541, Validation Loss: 7.8036689758, Training R-squared: 0.5844397545, Validation R-squared: 0.4827348888
2023-11-22 19:17:15,832 - INFO - Epoch 61 : Training Loss: 6.8738903999, Validation Loss: 7.7532339096, Training R-squared: 0.5849061608, Validation R-squared: 0.4901643693
2023-11-22 19:17:25,264 - INFO - Epoch 62 : Training Loss: 6.8419985771, Validation Loss: 7.7622189522, Training R-squared: 0.5873035192, Validation R-squared: 0.4889343679
2023-11-22 19:17:34,430 - INFO - Epoch 63 : Training Loss: 6.8371610641, Validation Loss: 7.7945189476, Training R-squared: 0.5885004401, Validation R-squared: 0.4843808413
2023-11-22 19:17:43,601 - INFO - Epoch 64 : Training Loss: 6.8063521385, Validation Loss: 7.7915143967, Training R-squared: 0.5927973986, Validation R-squared: 0.4845856726
2023-11-22 19:17:52,971 - INFO - Epoch 65 : Training Loss: 6.7860760689, Validation Loss: 7.7687721252, Training R-squared: 0.5949456096, Validation R-squared: 0.4880984128
2023-11-22 19:18:02,081 - INFO - Epoch 66 : Training Loss: 6.7734632492, Validation Loss: 7.8231277466, Training R-squared: 0.5964289904, Validation R-squared: 0.4797697365
2023-11-22 19:18:18,006 - INFO - Model saved to models/portion_model/breakfast/512_512_200_64/sparsity_55_fold_1_model.keras
2023-11-22 19:18:23,925 - INFO - Avg Metrics: RMSE: 5.9451417252, R-squared: 0.0636311209, PCC: 0.7090962571
2023-11-22 19:18:23,925 - INFO - Agg Metrics: RMSE: 7.9507844762, R-squared: 0.4730536403, PCC: 0.6887789336
2023-11-22 19:18:30,265 - INFO - ================================================================== Fold 2 ===================================================================
2023-11-22 19:18:43,749 - INFO - Epoch 1  : Training Loss: 10.3147268295, Validation Loss: 10.2456226349, Training R-squared: 0.0716966838, Validation R-squared: 0.0993687138
2023-11-22 19:18:53,129 - INFO - Epoch 2  : Training Loss: 9.7193861008, Validation Loss: 9.6460390091, Training R-squared: 0.1743071675, Validation R-squared: 0.2031701356
2023-11-22 19:19:02,121 - INFO - Epoch 3  : Training Loss: 9.1556415558, Validation Loss: 8.7689743042, Training R-squared: 0.2687678039, Validation R-squared: 0.3426141441
2023-11-22 19:19:11,317 - INFO - Epoch 4  : Training Loss: 8.5270547867, Validation Loss: 8.5949201584, Training R-squared: 0.3646505475, Validation R-squared: 0.3686030209
2023-11-22 19:19:20,858 - INFO - Epoch 5  : Training Loss: 8.4197549820, Validation Loss: 8.4799528122, Training R-squared: 0.3825808764, Validation R-squared: 0.3858680427
2023-11-22 19:19:30,510 - INFO - Epoch 6  : Training Loss: 8.3240795135, Validation Loss: 8.4470634460, Training R-squared: 0.3942986727, Validation R-squared: 0.3905729353
2023-11-22 19:19:39,626 - INFO - Epoch 7  : Training Loss: 8.2970428467, Validation Loss: 8.4364185333, Training R-squared: 0.3999564648, Validation R-squared: 0.3925710320
2023-11-22 19:19:48,734 - INFO - Epoch 8  : Training Loss: 8.2665777206, Validation Loss: 8.4096384048, Training R-squared: 0.4040011466, Validation R-squared: 0.3960434496
2023-11-22 19:19:57,984 - INFO - Epoch 9  : Training Loss: 8.2463102341, Validation Loss: 8.3972120285, Training R-squared: 0.4078810811, Validation R-squared: 0.3978241384
2023-11-22 19:20:07,116 - INFO - Epoch 10 : Training Loss: 8.2084913254, Validation Loss: 8.3987483978, Training R-squared: 0.4134715796, Validation R-squared: 0.3972993791
2023-11-22 19:20:16,232 - INFO - Epoch 11 : Training Loss: 8.1750431061, Validation Loss: 8.3600244522, Training R-squared: 0.4171858430, Validation R-squared: 0.4034829140
2023-11-22 19:20:26,261 - INFO - Epoch 12 : Training Loss: 8.1297721863, Validation Loss: 8.3501100540, Training R-squared: 0.4239149094, Validation R-squared: 0.4040589929
2023-11-22 19:20:35,469 - INFO - Epoch 13 : Training Loss: 8.1030483246, Validation Loss: 8.3022308350, Training R-squared: 0.4289329052, Validation R-squared: 0.4119806290
2023-11-22 19:20:44,508 - INFO - Epoch 14 : Training Loss: 8.0390367508, Validation Loss: 8.2697868347, Training R-squared: 0.4369678199, Validation R-squared: 0.4165109396
2023-11-22 19:20:53,714 - INFO - Epoch 15 : Training Loss: 8.0044517517, Validation Loss: 8.2399654388, Training R-squared: 0.4420561492, Validation R-squared: 0.4209109545
2023-11-22 19:21:02,836 - INFO - Epoch 16 : Training Loss: 7.9549188614, Validation Loss: 8.2190380096, Training R-squared: 0.4485141933, Validation R-squared: 0.4241271019
2023-11-22 19:21:11,818 - INFO - Epoch 17 : Training Loss: 7.9054050446, Validation Loss: 8.1878738403, Training R-squared: 0.4551636875, Validation R-squared: 0.4281740487
2023-11-22 19:21:21,762 - INFO - Epoch 18 : Training Loss: 7.8843970299, Validation Loss: 8.1683769226, Training R-squared: 0.4582523406, Validation R-squared: 0.4312619269
2023-11-22 19:21:31,877 - INFO - Epoch 19 : Training Loss: 7.8213715553, Validation Loss: 8.1447877884, Training R-squared: 0.4664340019, Validation R-squared: 0.4342749417
2023-11-22 19:21:40,466 - INFO - Epoch 20 : Training Loss: 7.8074235916, Validation Loss: 8.1256189346, Training R-squared: 0.4693936408, Validation R-squared: 0.4375766218
2023-11-22 19:21:48,955 - INFO - Epoch 21 : Training Loss: 7.7581868172, Validation Loss: 8.0963773727, Training R-squared: 0.4753680825, Validation R-squared: 0.4413774610
2023-11-22 19:21:57,401 - INFO - Epoch 22 : Training Loss: 7.7066941261, Validation Loss: 8.0790386200, Training R-squared: 0.4820968807, Validation R-squared: 0.4438292384
2023-11-22 19:22:05,960 - INFO - Epoch 23 : Training Loss: 7.6752252579, Validation Loss: 8.0613565445, Training R-squared: 0.4870159626, Validation R-squared: 0.4461743534
2023-11-22 19:22:14,428 - INFO - Epoch 24 : Training Loss: 7.6582336426, Validation Loss: 8.0458364487, Training R-squared: 0.4903792143, Validation R-squared: 0.4484720826
2023-11-22 19:22:23,204 - INFO - Epoch 25 : Training Loss: 7.6324734688, Validation Loss: 8.0299539566, Training R-squared: 0.4940396845, Validation R-squared: 0.4506594837
2023-11-22 19:22:31,622 - INFO - Epoch 26 : Training Loss: 7.5961627960, Validation Loss: 8.0274925232, Training R-squared: 0.4973042905, Validation R-squared: 0.4512336552
2023-11-22 19:22:40,469 - INFO - Epoch 27 : Training Loss: 7.5769968033, Validation Loss: 8.0257863998, Training R-squared: 0.4997543097, Validation R-squared: 0.4514726996
2023-11-22 19:22:48,838 - INFO - Epoch 28 : Training Loss: 7.5617136955, Validation Loss: 8.0177602768, Training R-squared: 0.5015137792, Validation R-squared: 0.4523552060
2023-11-22 19:22:57,265 - INFO - Epoch 29 : Training Loss: 7.5555467606, Validation Loss: 8.0138883591, Training R-squared: 0.5028950572, Validation R-squared: 0.4530408084
2023-11-22 19:23:07,470 - INFO - Epoch 30 : Training Loss: 7.5312705040, Validation Loss: 8.0077743530, Training R-squared: 0.5055273175, Validation R-squared: 0.4541703761
2023-11-22 19:23:17,217 - INFO - Epoch 31 : Training Loss: 7.5046739578, Validation Loss: 8.0109529495, Training R-squared: 0.5092900395, Validation R-squared: 0.4529978931
2023-11-22 19:23:26,859 - INFO - Epoch 32 : Training Loss: 7.4735541344, Validation Loss: 7.9917778969, Training R-squared: 0.5120943785, Validation R-squared: 0.4559403062
2023-11-22 19:23:36,164 - INFO - Epoch 33 : Training Loss: 7.4527912140, Validation Loss: 7.9867320061, Training R-squared: 0.5143990517, Validation R-squared: 0.4564850926
2023-11-22 19:23:46,132 - INFO - Epoch 34 : Training Loss: 7.4415273666, Validation Loss: 7.9845356941, Training R-squared: 0.5175169110, Validation R-squared: 0.4564025104
2023-11-22 19:23:56,764 - INFO - Epoch 35 : Training Loss: 7.4181489944, Validation Loss: 7.9668936729, Training R-squared: 0.5202815533, Validation R-squared: 0.4592686892
2023-11-22 19:24:06,190 - INFO - Epoch 36 : Training Loss: 7.4050836563, Validation Loss: 7.9591593742, Training R-squared: 0.5218254924, Validation R-squared: 0.4600350559
2023-11-22 19:24:15,364 - INFO - Epoch 37 : Training Loss: 7.3720054626, Validation Loss: 7.9297437668, Training R-squared: 0.5271393657, Validation R-squared: 0.4643826187
2023-11-22 19:24:24,884 - INFO - Epoch 38 : Training Loss: 7.3605155945, Validation Loss: 7.9448485374, Training R-squared: 0.5268256664, Validation R-squared: 0.4617042243
2023-11-22 19:24:34,209 - INFO - Epoch 39 : Training Loss: 7.3205122948, Validation Loss: 7.9352169037, Training R-squared: 0.5323248506, Validation R-squared: 0.4630337954
2023-11-22 19:24:43,553 - INFO - Epoch 40 : Training Loss: 7.3089032173, Validation Loss: 7.9167890549, Training R-squared: 0.5340694785, Validation R-squared: 0.4658041298
2023-11-22 19:24:52,989 - INFO - Epoch 41 : Training Loss: 7.2888441086, Validation Loss: 7.9257836342, Training R-squared: 0.5374873281, Validation R-squared: 0.4641859531
2023-11-22 19:25:02,283 - INFO - Epoch 42 : Training Loss: 7.2726044655, Validation Loss: 7.8842668533, Training R-squared: 0.5390173197, Validation R-squared: 0.4702216685
2023-11-22 19:25:11,277 - INFO - Epoch 43 : Training Loss: 7.2401385307, Validation Loss: 7.9049143791, Training R-squared: 0.5431551933, Validation R-squared: 0.4670715928
2023-11-22 19:25:21,848 - INFO - Epoch 44 : Training Loss: 7.2262258530, Validation Loss: 7.9123401642, Training R-squared: 0.5436738729, Validation R-squared: 0.4657390416
2023-11-22 19:25:31,378 - INFO - Epoch 45 : Training Loss: 7.2004942894, Validation Loss: 7.8782544136, Training R-squared: 0.5476071835, Validation R-squared: 0.4711359143
2023-11-22 19:25:40,954 - INFO - Epoch 46 : Training Loss: 7.1863946915, Validation Loss: 7.8592243195, Training R-squared: 0.5491172671, Validation R-squared: 0.4738502502
2023-11-22 19:25:50,596 - INFO - Epoch 47 : Training Loss: 7.1785616875, Validation Loss: 7.8575658798, Training R-squared: 0.5508087277, Validation R-squared: 0.4740140140
2023-11-22 19:26:00,087 - INFO - Epoch 48 : Training Loss: 7.1425137520, Validation Loss: 7.8727235794, Training R-squared: 0.5543729067, Validation R-squared: 0.4711551070
2023-11-22 19:26:09,681 - INFO - Epoch 49 : Training Loss: 7.1178216934, Validation Loss: 7.8930830956, Training R-squared: 0.5572984219, Validation R-squared: 0.4679647386
2023-11-22 19:26:19,447 - INFO - Epoch 50 : Training Loss: 7.1123800278, Validation Loss: 7.8667764664, Training R-squared: 0.5583814383, Validation R-squared: 0.4719975591
2023-11-22 19:26:29,748 - INFO - Epoch 51 : Training Loss: 7.0972604752, Validation Loss: 7.8246750832, Training R-squared: 0.5596052408, Validation R-squared: 0.4778080881
2023-11-22 19:26:39,305 - INFO - Epoch 52 : Training Loss: 7.0688147545, Validation Loss: 7.8349599838, Training R-squared: 0.5641629100, Validation R-squared: 0.4762742519
2023-11-22 19:26:49,028 - INFO - Epoch 53 : Training Loss: 7.0445737839, Validation Loss: 7.8306174278, Training R-squared: 0.5665339231, Validation R-squared: 0.4771723747
2023-11-22 19:26:58,329 - INFO - Epoch 54 : Training Loss: 7.0409603119, Validation Loss: 7.8473639488, Training R-squared: 0.5670157671, Validation R-squared: 0.4745095670
2023-11-22 19:27:07,963 - INFO - Epoch 55 : Training Loss: 7.0199584961, Validation Loss: 7.8160610199, Training R-squared: 0.5698223114, Validation R-squared: 0.4792986214
2023-11-22 19:27:17,690 - INFO - Epoch 56 : Training Loss: 7.0033507347, Validation Loss: 7.7926497459, Training R-squared: 0.5716463923, Validation R-squared: 0.4821570516
2023-11-22 19:27:27,271 - INFO - Epoch 57 : Training Loss: 6.9877181053, Validation Loss: 7.8641428947, Training R-squared: 0.5731960535, Validation R-squared: 0.4715468287
2023-11-22 19:27:37,060 - INFO - Epoch 58 : Training Loss: 6.9657573700, Validation Loss: 7.8128867149, Training R-squared: 0.5756025910, Validation R-squared: 0.4795083702
2023-11-22 19:27:46,558 - INFO - Epoch 59 : Training Loss: 6.9510593414, Validation Loss: 7.8009624481, Training R-squared: 0.5772415400, Validation R-squared: 0.4807406664
2023-11-22 19:27:55,854 - INFO - Epoch 60 : Training Loss: 6.9305930138, Validation Loss: 7.8022542000, Training R-squared: 0.5800510049, Validation R-squared: 0.4804707766
2023-11-22 19:28:05,032 - INFO - Epoch 61 : Training Loss: 6.9171128273, Validation Loss: 7.8226013184, Training R-squared: 0.5800325871, Validation R-squared: 0.4775268734
2023-11-22 19:28:21,311 - INFO - Model saved to models/portion_model/breakfast/512_512_200_64/sparsity_55_fold_2_model.keras
2023-11-22 19:28:24,877 - INFO - Avg Metrics: RMSE: 5.9782062385, R-squared: -0.4971483183, PCC: 0.7093986230
2023-11-22 19:28:24,877 - INFO - Agg Metrics: RMSE: 8.0069695968, R-squared: 0.4641858118, PCC: 0.6826204061
2023-11-22 19:28:31,941 - INFO - ================================================================== Fold 3 ===================================================================
2023-11-22 19:28:47,972 - INFO - Epoch 1  : Training Loss: 10.3401927948, Validation Loss: 10.1749658585, Training R-squared: 0.0692087337, Validation R-squared: 0.0969078541
2023-11-22 19:28:58,620 - INFO - Epoch 2  : Training Loss: 9.8130121231, Validation Loss: 9.5069503784, Training R-squared: 0.1603456289, Validation R-squared: 0.2108384967
2023-11-22 19:29:10,513 - INFO - Epoch 3  : Training Loss: 9.3381280899, Validation Loss: 8.7811365128, Training R-squared: 0.2421205342, Validation R-squared: 0.3277154267
2023-11-22 19:29:20,435 - INFO - Epoch 4  : Training Loss: 8.6232395172, Validation Loss: 8.4452924728, Training R-squared: 0.3569158018, Validation R-squared: 0.3768088520
2023-11-22 19:29:29,480 - INFO - Epoch 5  : Training Loss: 8.4450206757, Validation Loss: 8.3130702972, Training R-squared: 0.3805978298, Validation R-squared: 0.3954929113
2023-11-22 19:29:38,017 - INFO - Epoch 6  : Training Loss: 8.3740339279, Validation Loss: 8.2888822556, Training R-squared: 0.3913202584, Validation R-squared: 0.3999489248
2023-11-22 19:29:47,171 - INFO - Epoch 7  : Training Loss: 8.3396253586, Validation Loss: 8.2796735764, Training R-squared: 0.3973535001, Validation R-squared: 0.4007789493
2023-11-22 19:29:55,949 - INFO - Epoch 8  : Training Loss: 8.2987861633, Validation Loss: 8.2632884979, Training R-squared: 0.4015692472, Validation R-squared: 0.4040184319
2023-11-22 19:30:04,564 - INFO - Epoch 9  : Training Loss: 8.2750244141, Validation Loss: 8.2468872070, Training R-squared: 0.4054307044, Validation R-squared: 0.4053214192
2023-11-22 19:30:14,500 - INFO - Epoch 10 : Training Loss: 8.2450294495, Validation Loss: 8.2486963272, Training R-squared: 0.4085351229, Validation R-squared: 0.4057806134
2023-11-22 19:30:24,753 - INFO - Epoch 11 : Training Loss: 8.2110023499, Validation Loss: 8.2039337158, Training R-squared: 0.4157409966, Validation R-squared: 0.4115151167
2023-11-22 19:30:34,729 - INFO - Epoch 12 : Training Loss: 8.1625223160, Validation Loss: 8.1841049194, Training R-squared: 0.4211649597, Validation R-squared: 0.4157861173
2023-11-22 19:30:44,101 - INFO - Epoch 13 : Training Loss: 8.1059522629, Validation Loss: 8.1774387360, Training R-squared: 0.4297216237, Validation R-squared: 0.4171930850
2023-11-22 19:30:53,373 - INFO - Epoch 14 : Training Loss: 8.0486764908, Validation Loss: 8.0887403488, Training R-squared: 0.4384585917, Validation R-squared: 0.4288072586
2023-11-22 19:31:02,804 - INFO - Epoch 15 : Training Loss: 8.0163936615, Validation Loss: 8.0643444061, Training R-squared: 0.4443071485, Validation R-squared: 0.4323222637
2023-11-22 19:31:12,229 - INFO - Epoch 16 : Training Loss: 7.9406652451, Validation Loss: 8.0447168350, Training R-squared: 0.4532942772, Validation R-squared: 0.4350948930
2023-11-22 19:31:21,774 - INFO - Epoch 17 : Training Loss: 7.8939023018, Validation Loss: 8.0152244568, Training R-squared: 0.4590001404, Validation R-squared: 0.4390385449
2023-11-22 19:31:30,883 - INFO - Epoch 18 : Training Loss: 7.8745713234, Validation Loss: 7.9956612587, Training R-squared: 0.4623567462, Validation R-squared: 0.4415867627
2023-11-22 19:31:41,736 - INFO - Epoch 19 : Training Loss: 7.8298244476, Validation Loss: 8.0075922012, Training R-squared: 0.4683076441, Validation R-squared: 0.4403560758
2023-11-22 19:31:51,794 - INFO - Epoch 20 : Training Loss: 7.7954754829, Validation Loss: 7.9937739372, Training R-squared: 0.4731943309, Validation R-squared: 0.4424448609
2023-11-22 19:32:00,628 - INFO - Epoch 21 : Training Loss: 7.7772502899, Validation Loss: 7.9676914215, Training R-squared: 0.4755471945, Validation R-squared: 0.4453750253
2023-11-22 19:32:09,489 - INFO - Epoch 22 : Training Loss: 7.7419228554, Validation Loss: 7.9394435883, Training R-squared: 0.4806818068, Validation R-squared: 0.4492040873
2023-11-22 19:32:18,794 - INFO - Epoch 23 : Training Loss: 7.7135472298, Validation Loss: 7.9237961769, Training R-squared: 0.4832018316, Validation R-squared: 0.4509375095
2023-11-22 19:32:28,985 - INFO - Epoch 24 : Training Loss: 7.6767110825, Validation Loss: 7.9120149612, Training R-squared: 0.4887888730, Validation R-squared: 0.4533553720
2023-11-22 19:32:38,375 - INFO - Epoch 25 : Training Loss: 7.6538524628, Validation Loss: 7.9099068642, Training R-squared: 0.4924271703, Validation R-squared: 0.4539292157
2023-11-22 19:32:47,361 - INFO - Epoch 26 : Training Loss: 7.6341633797, Validation Loss: 7.8994836807, Training R-squared: 0.4946089983, Validation R-squared: 0.4545464814
2023-11-22 19:32:56,482 - INFO - Epoch 27 : Training Loss: 7.6140413284, Validation Loss: 7.9152584076, Training R-squared: 0.4969474375, Validation R-squared: 0.4534513354
2023-11-22 19:33:05,753 - INFO - Epoch 28 : Training Loss: 7.5928092003, Validation Loss: 7.8926181793, Training R-squared: 0.4991953373, Validation R-squared: 0.4558311105
2023-11-22 19:33:15,213 - INFO - Epoch 29 : Training Loss: 7.5797820091, Validation Loss: 7.8861413002, Training R-squared: 0.5017026663, Validation R-squared: 0.4573321939
2023-11-22 19:33:24,804 - INFO - Epoch 30 : Training Loss: 7.5576834679, Validation Loss: 7.8820619583, Training R-squared: 0.5040247440, Validation R-squared: 0.4576964080
2023-11-22 19:33:35,104 - INFO - Epoch 31 : Training Loss: 7.5308303833, Validation Loss: 7.8830804825, Training R-squared: 0.5076690316, Validation R-squared: 0.4577510655
2023-11-22 19:33:44,138 - INFO - Epoch 32 : Training Loss: 7.5128479004, Validation Loss: 7.8821249008, Training R-squared: 0.5091460347, Validation R-squared: 0.4574974179
2023-11-22 19:33:53,377 - INFO - Epoch 33 : Training Loss: 7.4889850616, Validation Loss: 7.8511061668, Training R-squared: 0.5125302672, Validation R-squared: 0.4618901908
2023-11-22 19:34:02,444 - INFO - Epoch 34 : Training Loss: 7.4534540176, Validation Loss: 7.8440184593, Training R-squared: 0.5172375441, Validation R-squared: 0.4625484943
2023-11-22 19:34:11,508 - INFO - Epoch 35 : Training Loss: 7.4424738884, Validation Loss: 7.8410286903, Training R-squared: 0.5190892220, Validation R-squared: 0.4637939036
2023-11-22 19:34:21,437 - INFO - Epoch 36 : Training Loss: 7.4151029587, Validation Loss: 7.8299770355, Training R-squared: 0.5227806568, Validation R-squared: 0.4640216529
2023-11-22 19:34:30,250 - INFO - Epoch 37 : Training Loss: 7.3818593025, Validation Loss: 7.8235983849, Training R-squared: 0.5267113447, Validation R-squared: 0.4654377103
2023-11-22 19:34:39,415 - INFO - Epoch 38 : Training Loss: 7.3576426506, Validation Loss: 7.8101944923, Training R-squared: 0.5284673572, Validation R-squared: 0.4675198197
2023-11-22 19:34:49,205 - INFO - Epoch 39 : Training Loss: 7.3315701485, Validation Loss: 7.8032131195, Training R-squared: 0.5324460864, Validation R-squared: 0.4683783948
2023-11-22 19:34:58,568 - INFO - Epoch 40 : Training Loss: 7.3140673637, Validation Loss: 7.7938084602, Training R-squared: 0.5356528759, Validation R-squared: 0.4696699381
2023-11-22 19:35:07,794 - INFO - Epoch 41 : Training Loss: 7.3004984856, Validation Loss: 7.8243169785, Training R-squared: 0.5363986492, Validation R-squared: 0.4641769528
2023-11-22 19:35:16,767 - INFO - Epoch 42 : Training Loss: 7.2697582245, Validation Loss: 7.7868123055, Training R-squared: 0.5385183096, Validation R-squared: 0.4703219831
2023-11-22 19:35:25,590 - INFO - Epoch 43 : Training Loss: 7.2451701164, Validation Loss: 7.7871975899, Training R-squared: 0.5421352983, Validation R-squared: 0.4707703292
2023-11-22 19:35:34,679 - INFO - Epoch 44 : Training Loss: 7.2391567230, Validation Loss: 7.7990484238, Training R-squared: 0.5434403419, Validation R-squared: 0.4690961242
2023-11-22 19:35:44,678 - INFO - Epoch 45 : Training Loss: 7.2230153084, Validation Loss: 7.7707467079, Training R-squared: 0.5450224876, Validation R-squared: 0.4726721644
2023-11-22 19:35:54,264 - INFO - Epoch 46 : Training Loss: 7.2037234306, Validation Loss: 7.7579426765, Training R-squared: 0.5478208065, Validation R-squared: 0.4744754732
2023-11-22 19:36:03,149 - INFO - Epoch 47 : Training Loss: 7.1858310699, Validation Loss: 7.7773070335, Training R-squared: 0.5499102473, Validation R-squared: 0.4719643891
2023-11-22 19:36:12,342 - INFO - Epoch 48 : Training Loss: 7.1540527344, Validation Loss: 7.7645339966, Training R-squared: 0.5538559556, Validation R-squared: 0.4731310010
2023-11-22 19:36:21,724 - INFO - Epoch 49 : Training Loss: 7.1407351494, Validation Loss: 7.7533359528, Training R-squared: 0.5554015636, Validation R-squared: 0.4747997224
2023-11-22 19:36:31,123 - INFO - Epoch 50 : Training Loss: 7.1338481903, Validation Loss: 7.7318120003, Training R-squared: 0.5562417507, Validation R-squared: 0.4781002104
2023-11-22 19:36:40,083 - INFO - Epoch 51 : Training Loss: 7.1081671715, Validation Loss: 7.7590503693, Training R-squared: 0.5588446856, Validation R-squared: 0.4740603864
2023-11-22 19:36:48,909 - INFO - Epoch 52 : Training Loss: 7.1044244766, Validation Loss: 7.7538919449, Training R-squared: 0.5609039068, Validation R-squared: 0.4734841585
2023-11-22 19:36:58,020 - INFO - Epoch 53 : Training Loss: 7.0788164139, Validation Loss: 7.7293453217, Training R-squared: 0.5633702278, Validation R-squared: 0.4783733487
2023-11-22 19:37:07,845 - INFO - Epoch 54 : Training Loss: 7.0633153915, Validation Loss: 7.7137627602, Training R-squared: 0.5649351478, Validation R-squared: 0.4802698493
2023-11-22 19:37:17,684 - INFO - Epoch 55 : Training Loss: 7.0482649803, Validation Loss: 7.7416172028, Training R-squared: 0.5673015118, Validation R-squared: 0.4762431979
2023-11-22 19:37:26,856 - INFO - Epoch 56 : Training Loss: 7.0063595772, Validation Loss: 7.7040066719, Training R-squared: 0.5715948939, Validation R-squared: 0.4817292690
2023-11-22 19:37:35,647 - INFO - Epoch 57 : Training Loss: 7.0058069229, Validation Loss: 7.7363104820, Training R-squared: 0.5720220208, Validation R-squared: 0.4760179818
2023-11-22 19:37:44,722 - INFO - Epoch 58 : Training Loss: 6.9906911850, Validation Loss: 7.7111077309, Training R-squared: 0.5741714835, Validation R-squared: 0.4804440439
2023-11-22 19:37:53,711 - INFO - Epoch 59 : Training Loss: 6.9635877609, Validation Loss: 7.7173933983, Training R-squared: 0.5776652694, Validation R-squared: 0.4794541597
2023-11-22 19:38:04,828 - INFO - Epoch 60 : Training Loss: 6.9357967377, Validation Loss: 7.7215814590, Training R-squared: 0.5787268877, Validation R-squared: 0.4786271155
2023-11-22 19:38:15,426 - INFO - Epoch 61 : Training Loss: 6.9209527969, Validation Loss: 7.6957602501, Training R-squared: 0.5810141563, Validation R-squared: 0.4816476703
2023-11-22 19:38:25,963 - INFO - Epoch 62 : Training Loss: 6.9063024521, Validation Loss: 7.6961989403, Training R-squared: 0.5832859874, Validation R-squared: 0.4818421006
2023-11-22 19:38:35,197 - INFO - Epoch 63 : Training Loss: 6.8957438469, Validation Loss: 7.6688952446, Training R-squared: 0.5838835835, Validation R-squared: 0.4857946634
2023-11-22 19:38:44,918 - INFO - Epoch 64 : Training Loss: 6.8811898232, Validation Loss: 7.6629109383, Training R-squared: 0.5858914256, Validation R-squared: 0.4872440398
2023-11-22 19:38:54,108 - INFO - Epoch 65 : Training Loss: 6.8434042931, Validation Loss: 7.6898531914, Training R-squared: 0.5903595686, Validation R-squared: 0.4819699526
2023-11-22 19:39:03,923 - INFO - Epoch 66 : Training Loss: 6.8362092972, Validation Loss: 7.6702961922, Training R-squared: 0.5913700461, Validation R-squared: 0.4860278368
2023-11-22 19:39:16,000 - INFO - Epoch 67 : Training Loss: 6.8168587685, Validation Loss: 7.7192974091, Training R-squared: 0.5929159522, Validation R-squared: 0.4779917598
2023-11-22 19:39:27,675 - INFO - Epoch 68 : Training Loss: 6.8093476295, Validation Loss: 7.6766433716, Training R-squared: 0.5949402452, Validation R-squared: 0.4844709039
2023-11-22 19:39:39,044 - INFO - Epoch 69 : Training Loss: 6.7992095947, Validation Loss: 7.6682300568, Training R-squared: 0.5962227583, Validation R-squared: 0.4855332971
2023-11-22 19:39:55,920 - INFO - Model saved to models/portion_model/breakfast/512_512_200_64/sparsity_55_fold_3_model.keras
2023-11-22 19:40:02,011 - INFO - Avg Metrics: RMSE: 5.8684527770, R-squared: 0.0204746090, PCC: 0.7183806717
2023-11-22 19:40:02,012 - INFO - Agg Metrics: RMSE: 7.8103750695, R-squared: 0.4797038754, PCC: 0.6933911472
2023-11-22 19:40:08,431 - INFO - ================================================================== Fold 4 ===================================================================
2023-11-22 19:40:21,307 - INFO - Epoch 1  : Training Loss: 10.3762941360, Validation Loss: 10.0565242767, Training R-squared: 0.0692873597, Validation R-squared: 0.0843103305
2023-11-22 19:40:31,271 - INFO - Epoch 2  : Training Loss: 9.8399677277, Validation Loss: 9.3903827667, Training R-squared: 0.1643131822, Validation R-squared: 0.2033277899
2023-11-22 19:40:40,098 - INFO - Epoch 3  : Training Loss: 9.1783790588, Validation Loss: 8.6125087738, Training R-squared: 0.2721819580, Validation R-squared: 0.3309694231
2023-11-22 19:40:48,925 - INFO - Epoch 4  : Training Loss: 8.6120347977, Validation Loss: 8.3706731796, Training R-squared: 0.3607717156, Validation R-squared: 0.3674223423
2023-11-22 19:40:58,535 - INFO - Epoch 5  : Training Loss: 8.4402036667, Validation Loss: 8.2626876831, Training R-squared: 0.3863152862, Validation R-squared: 0.3840685487
2023-11-22 19:41:08,128 - INFO - Epoch 6  : Training Loss: 8.3750133514, Validation Loss: 8.2414045334, Training R-squared: 0.3960227072, Validation R-squared: 0.3872244358
2023-11-22 19:41:17,431 - INFO - Epoch 7  : Training Loss: 8.3324050903, Validation Loss: 8.2191638947, Training R-squared: 0.4019507468, Validation R-squared: 0.3912202120
2023-11-22 19:41:26,507 - INFO - Epoch 8  : Training Loss: 8.3074617386, Validation Loss: 8.2129011154, Training R-squared: 0.4055007100, Validation R-squared: 0.3914082646
2023-11-22 19:41:36,331 - INFO - Epoch 9  : Training Loss: 8.2897624969, Validation Loss: 8.1990795135, Training R-squared: 0.4086060822, Validation R-squared: 0.3937371671
2023-11-22 19:41:45,458 - INFO - Epoch 10 : Training Loss: 8.2571306229, Validation Loss: 8.1808490753, Training R-squared: 0.4128871858, Validation R-squared: 0.3969896436
2023-11-22 19:41:54,202 - INFO - Epoch 11 : Training Loss: 8.1953029633, Validation Loss: 8.1403789520, Training R-squared: 0.4213198721, Validation R-squared: 0.4029026628
2023-11-22 19:42:03,002 - INFO - Epoch 12 : Training Loss: 8.1461038589, Validation Loss: 8.1038322449, Training R-squared: 0.4282617867, Validation R-squared: 0.4084816277
2023-11-22 19:42:12,655 - INFO - Epoch 13 : Training Loss: 8.0938806534, Validation Loss: 8.0694398880, Training R-squared: 0.4367502034, Validation R-squared: 0.4135111272
2023-11-22 19:42:23,132 - INFO - Epoch 14 : Training Loss: 8.0537052155, Validation Loss: 8.0556087494, Training R-squared: 0.4419003129, Validation R-squared: 0.4163942039
2023-11-22 19:42:33,406 - INFO - Epoch 15 : Training Loss: 7.9989695549, Validation Loss: 8.0166568756, Training R-squared: 0.4482692182, Validation R-squared: 0.4215800464
2023-11-22 19:42:44,666 - INFO - Epoch 16 : Training Loss: 7.9721617699, Validation Loss: 8.0039377213, Training R-squared: 0.4532902837, Validation R-squared: 0.4226605892
2023-11-22 19:42:54,931 - INFO - Epoch 17 : Training Loss: 7.9236526489, Validation Loss: 7.9727530479, Training R-squared: 0.4602987766, Validation R-squared: 0.4275257885
2023-11-22 19:43:04,986 - INFO - Epoch 18 : Training Loss: 7.8755159378, Validation Loss: 7.9471707344, Training R-squared: 0.4658462107, Validation R-squared: 0.4317981005
2023-11-22 19:43:14,606 - INFO - Epoch 19 : Training Loss: 7.8415899277, Validation Loss: 7.9385485649, Training R-squared: 0.4710815847, Validation R-squared: 0.4327709973
2023-11-22 19:43:24,516 - INFO - Epoch 20 : Training Loss: 7.8115162849, Validation Loss: 7.9284615517, Training R-squared: 0.4753170609, Validation R-squared: 0.4339252114
2023-11-22 19:43:33,246 - INFO - Epoch 21 : Training Loss: 7.7817935944, Validation Loss: 7.9057602882, Training R-squared: 0.4788933098, Validation R-squared: 0.4377060235
2023-11-22 19:43:42,130 - INFO - Epoch 22 : Training Loss: 7.7543463707, Validation Loss: 7.8783574104, Training R-squared: 0.4821705222, Validation R-squared: 0.4423215985
2023-11-22 19:43:51,985 - INFO - Epoch 23 : Training Loss: 7.7155766487, Validation Loss: 7.8738155365, Training R-squared: 0.4875788093, Validation R-squared: 0.4426780939
2023-11-22 19:44:01,537 - INFO - Epoch 24 : Training Loss: 7.7015175819, Validation Loss: 7.8591594696, Training R-squared: 0.4899650812, Validation R-squared: 0.4448848367
2023-11-22 19:44:12,147 - INFO - Epoch 25 : Training Loss: 7.6655998230, Validation Loss: 7.8610773087, Training R-squared: 0.4945805669, Validation R-squared: 0.4444235563
2023-11-22 19:44:21,239 - INFO - Epoch 26 : Training Loss: 7.6384420395, Validation Loss: 7.8479146957, Training R-squared: 0.4982231855, Validation R-squared: 0.4467776120
2023-11-22 19:44:30,080 - INFO - Epoch 27 : Training Loss: 7.6372570992, Validation Loss: 7.8598856926, Training R-squared: 0.4977222085, Validation R-squared: 0.4446503520
2023-11-22 19:44:39,194 - INFO - Epoch 28 : Training Loss: 7.5916528702, Validation Loss: 7.8521676064, Training R-squared: 0.5021645427, Validation R-squared: 0.4460700750
2023-11-22 19:44:48,625 - INFO - Epoch 29 : Training Loss: 7.5897693634, Validation Loss: 7.8480544090, Training R-squared: 0.5043534636, Validation R-squared: 0.4464711845
2023-11-22 19:44:58,362 - INFO - Epoch 30 : Training Loss: 7.5753998756, Validation Loss: 7.8407530785, Training R-squared: 0.5053478479, Validation R-squared: 0.4477871954
2023-11-22 19:45:09,895 - INFO - Epoch 31 : Training Loss: 7.5681533813, Validation Loss: 7.8373260498, Training R-squared: 0.5066606402, Validation R-squared: 0.4482846260
2023-11-22 19:45:20,630 - INFO - Epoch 32 : Training Loss: 7.5443449020, Validation Loss: 7.8215446472, Training R-squared: 0.5096704960, Validation R-squared: 0.4507694542
2023-11-22 19:45:31,948 - INFO - Epoch 33 : Training Loss: 7.5235104561, Validation Loss: 7.8204860687, Training R-squared: 0.5117860436, Validation R-squared: 0.4512079656
2023-11-22 19:45:43,428 - INFO - Epoch 34 : Training Loss: 7.5057911873, Validation Loss: 7.8173522949, Training R-squared: 0.5139721632, Validation R-squared: 0.4509988129
2023-11-22 19:45:55,095 - INFO - Epoch 35 : Training Loss: 7.4933137894, Validation Loss: 7.8033933640, Training R-squared: 0.5156650543, Validation R-squared: 0.4537214339
2023-11-22 19:46:05,047 - INFO - Epoch 36 : Training Loss: 7.4663934708, Validation Loss: 7.8046135902, Training R-squared: 0.5184720755, Validation R-squared: 0.4528823495
2023-11-22 19:46:13,939 - INFO - Epoch 37 : Training Loss: 7.4536495209, Validation Loss: 7.7753057480, Training R-squared: 0.5202242136, Validation R-squared: 0.4578425586
2023-11-22 19:46:24,068 - INFO - Epoch 38 : Training Loss: 7.4062070847, Validation Loss: 7.7762470245, Training R-squared: 0.5261064768, Validation R-squared: 0.4572149217
2023-11-22 19:46:35,107 - INFO - Epoch 39 : Training Loss: 7.3778514862, Validation Loss: 7.7591419220, Training R-squared: 0.5294784904, Validation R-squared: 0.4595577121
2023-11-22 19:46:45,608 - INFO - Epoch 40 : Training Loss: 7.3763332367, Validation Loss: 7.7544155121, Training R-squared: 0.5304421186, Validation R-squared: 0.4604401588
2023-11-22 19:46:55,362 - INFO - Epoch 41 : Training Loss: 7.3612332344, Validation Loss: 7.7429018021, Training R-squared: 0.5325986743, Validation R-squared: 0.4618646801
2023-11-22 19:47:04,897 - INFO - Epoch 42 : Training Loss: 7.3150200844, Validation Loss: 7.7234969139, Training R-squared: 0.5371496677, Validation R-squared: 0.4652608037
2023-11-22 19:47:14,658 - INFO - Epoch 43 : Training Loss: 7.3067932129, Validation Loss: 7.7104063034, Training R-squared: 0.5389018655, Validation R-squared: 0.4669016600
2023-11-22 19:47:25,256 - INFO - Epoch 44 : Training Loss: 7.2766084671, Validation Loss: 7.7266912460, Training R-squared: 0.5430502892, Validation R-squared: 0.4642338455
2023-11-22 19:47:34,980 - INFO - Epoch 45 : Training Loss: 7.2561421394, Validation Loss: 7.7757616043, Training R-squared: 0.5450872779, Validation R-squared: 0.4566249549
2023-11-22 19:47:44,002 - INFO - Epoch 46 : Training Loss: 7.2309041023, Validation Loss: 7.6714534760, Training R-squared: 0.5472698808, Validation R-squared: 0.4725636840
2023-11-22 19:47:53,076 - INFO - Epoch 47 : Training Loss: 7.2129907608, Validation Loss: 7.6785140038, Training R-squared: 0.5511103272, Validation R-squared: 0.4712564051
2023-11-22 19:48:02,373 - INFO - Epoch 48 : Training Loss: 7.1895494461, Validation Loss: 7.6588373184, Training R-squared: 0.5533270836, Validation R-squared: 0.4742269814
2023-11-22 19:48:13,189 - INFO - Epoch 49 : Training Loss: 7.1756892204, Validation Loss: 7.6530232430, Training R-squared: 0.5544998646, Validation R-squared: 0.4750365913
2023-11-22 19:48:23,589 - INFO - Epoch 50 : Training Loss: 7.1502742767, Validation Loss: 7.6491909027, Training R-squared: 0.5584489703, Validation R-squared: 0.4756201208
2023-11-22 19:48:33,298 - INFO - Epoch 51 : Training Loss: 7.1444554329, Validation Loss: 7.6520490646, Training R-squared: 0.5589779615, Validation R-squared: 0.4748633504
2023-11-22 19:48:44,574 - INFO - Epoch 52 : Training Loss: 7.1132125854, Validation Loss: 7.6568140984, Training R-squared: 0.5631568432, Validation R-squared: 0.4740733504
2023-11-22 19:48:54,708 - INFO - Epoch 53 : Training Loss: 7.0998048782, Validation Loss: 7.6316151619, Training R-squared: 0.5645474195, Validation R-squared: 0.4779349267
2023-11-22 19:49:03,694 - INFO - Epoch 54 : Training Loss: 7.0718040466, Validation Loss: 7.6130504608, Training R-squared: 0.5675488114, Validation R-squared: 0.4808852077
2023-11-22 19:49:12,992 - INFO - Epoch 55 : Training Loss: 7.0699992180, Validation Loss: 7.6064820290, Training R-squared: 0.5675214529, Validation R-squared: 0.4815257788
2023-11-22 19:49:21,768 - INFO - Epoch 56 : Training Loss: 7.0530195236, Validation Loss: 7.6300778389, Training R-squared: 0.5696299076, Validation R-squared: 0.4780211747
2023-11-22 19:49:30,647 - INFO - Epoch 57 : Training Loss: 7.0147652626, Validation Loss: 7.6516590118, Training R-squared: 0.5740889907, Validation R-squared: 0.4742707014
2023-11-22 19:49:40,829 - INFO - Epoch 58 : Training Loss: 6.9949469566, Validation Loss: 7.6310982704, Training R-squared: 0.5766452551, Validation R-squared: 0.4780468941
2023-11-22 19:49:50,857 - INFO - Epoch 59 : Training Loss: 6.9911918640, Validation Loss: 7.6452441216, Training R-squared: 0.5768838525, Validation R-squared: 0.4752259254
2023-11-22 19:50:01,736 - INFO - Epoch 60 : Training Loss: 6.9698266983, Validation Loss: 7.6037874222, Training R-squared: 0.5797898173, Validation R-squared: 0.4814844728
2023-11-22 19:50:13,264 - INFO - Epoch 61 : Training Loss: 6.9451498985, Validation Loss: 7.6470541954, Training R-squared: 0.5825099349, Validation R-squared: 0.4750583470
2023-11-22 19:50:23,933 - INFO - Epoch 62 : Training Loss: 6.9413928986, Validation Loss: 7.5893626213, Training R-squared: 0.5826343894, Validation R-squared: 0.4839713871
2023-11-22 19:50:34,459 - INFO - Epoch 63 : Training Loss: 6.9122056961, Validation Loss: 7.5780878067, Training R-squared: 0.5858500004, Validation R-squared: 0.4857219756
2023-11-22 19:50:45,210 - INFO - Epoch 64 : Training Loss: 6.8987598419, Validation Loss: 7.5899229050, Training R-squared: 0.5878613591, Validation R-squared: 0.4833177328
2023-11-22 19:50:54,502 - INFO - Epoch 65 : Training Loss: 6.8842444420, Validation Loss: 7.5878081322, Training R-squared: 0.5893329978, Validation R-squared: 0.4835821688
2023-11-22 19:51:03,549 - INFO - Epoch 66 : Training Loss: 6.8565006256, Validation Loss: 7.5841441154, Training R-squared: 0.5931460857, Validation R-squared: 0.4838851690
2023-11-22 19:51:12,748 - INFO - Epoch 67 : Training Loss: 6.8343544006, Validation Loss: 7.5652384758, Training R-squared: 0.5942342877, Validation R-squared: 0.4869191349
2023-11-22 19:51:21,605 - INFO - Epoch 68 : Training Loss: 6.8133850098, Validation Loss: 7.5955133438, Training R-squared: 0.5968004465, Validation R-squared: 0.4821493924
2023-11-22 19:51:30,574 - INFO - Epoch 69 : Training Loss: 6.7970538139, Validation Loss: 7.5391187668, Training R-squared: 0.5981512070, Validation R-squared: 0.4906012118
2023-11-22 19:51:39,282 - INFO - Epoch 70 : Training Loss: 6.7744131088, Validation Loss: 7.5912580490, Training R-squared: 0.6018722653, Validation R-squared: 0.4828446805
2023-11-22 19:51:48,138 - INFO - Epoch 71 : Training Loss: 6.7576484680, Validation Loss: 7.5508656502, Training R-squared: 0.6032252908, Validation R-squared: 0.4890510142
2023-11-22 19:51:57,127 - INFO - Epoch 72 : Training Loss: 6.7472000122, Validation Loss: 7.5344605446, Training R-squared: 0.6038937569, Validation R-squared: 0.4910916686
2023-11-22 19:52:05,987 - INFO - Epoch 73 : Training Loss: 6.7426815033, Validation Loss: 7.5493288040, Training R-squared: 0.6050026417, Validation R-squared: 0.4886510968
2023-11-22 19:52:14,760 - INFO - Epoch 74 : Training Loss: 6.7033572197, Validation Loss: 7.5489015579, Training R-squared: 0.6098706126, Validation R-squared: 0.4887787700
2023-11-22 19:52:24,062 - INFO - Epoch 75 : Training Loss: 6.6939864159, Validation Loss: 7.5013499260, Training R-squared: 0.6103142500, Validation R-squared: 0.4958887994
2023-11-22 19:52:33,134 - INFO - Epoch 76 : Training Loss: 6.6743030548, Validation Loss: 7.6266217232, Training R-squared: 0.6122123599, Validation R-squared: 0.4767584801
2023-11-22 19:52:42,387 - INFO - Epoch 77 : Training Loss: 6.6624937057, Validation Loss: 7.5483045578, Training R-squared: 0.6132500768, Validation R-squared: 0.4887637794
2023-11-22 19:52:51,248 - INFO - Epoch 78 : Training Loss: 6.6418986320, Validation Loss: 7.5418539047, Training R-squared: 0.6160001755, Validation R-squared: 0.4894926548
2023-11-22 19:53:00,091 - INFO - Epoch 79 : Training Loss: 6.6405825615, Validation Loss: 7.5297183990, Training R-squared: 0.6169110537, Validation R-squared: 0.4914991260
2023-11-22 19:53:08,987 - INFO - Epoch 80 : Training Loss: 6.6183242798, Validation Loss: 7.6072134972, Training R-squared: 0.6190822124, Validation R-squared: 0.4799573123
2023-11-22 19:53:23,886 - INFO - Model saved to models/portion_model/breakfast/512_512_200_64/sparsity_55_fold_4_model.keras
2023-11-22 19:53:29,868 - INFO - Avg Metrics: RMSE: 5.7714194359, R-squared: -0.9859264524, PCC: 0.7278132836
2023-11-22 19:53:29,868 - INFO - Agg Metrics: RMSE: 7.7338347865, R-squared: 0.4753637550, PCC: 0.6903472829
2023-11-22 19:53:36,137 - INFO - ================================================================== Fold 5 ===================================================================
2023-11-22 19:53:49,659 - INFO - Epoch 1  : Training Loss: 10.3316764832, Validation Loss: 10.2080011368, Training R-squared: 0.0705801100, Validation R-squared: 0.0958953351
2023-11-22 19:53:59,205 - INFO - Epoch 2  : Training Loss: 9.7547988892, Validation Loss: 9.5594186783, Training R-squared: 0.1709337682, Validation R-squared: 0.2082176059
2023-11-22 19:54:08,319 - INFO - Epoch 3  : Training Loss: 9.0584659576, Validation Loss: 8.7313518524, Training R-squared: 0.2839760482, Validation R-squared: 0.3393412828
2023-11-22 19:54:17,352 - INFO - Epoch 4  : Training Loss: 8.5607061386, Validation Loss: 8.5663585663, Training R-squared: 0.3629642427, Validation R-squared: 0.3645980060
2023-11-22 19:54:26,500 - INFO - Epoch 5  : Training Loss: 8.4433526993, Validation Loss: 8.4807844162, Training R-squared: 0.3807937205, Validation R-squared: 0.3770170212
2023-11-22 19:54:35,187 - INFO - Epoch 6  : Training Loss: 8.3344058990, Validation Loss: 8.4188337326, Training R-squared: 0.3962454200, Validation R-squared: 0.3867197335
2023-11-22 19:54:44,057 - INFO - Epoch 7  : Training Loss: 8.3070516586, Validation Loss: 8.4120817184, Training R-squared: 0.4011676908, Validation R-squared: 0.3879469037
2023-11-22 19:54:53,088 - INFO - Epoch 8  : Training Loss: 8.2712049484, Validation Loss: 8.3990936279, Training R-squared: 0.4046049714, Validation R-squared: 0.3901981413
2023-11-22 19:55:01,779 - INFO - Epoch 9  : Training Loss: 8.2416286469, Validation Loss: 8.3751316071, Training R-squared: 0.4103768468, Validation R-squared: 0.3932558000
2023-11-22 19:55:11,023 - INFO - Epoch 10 : Training Loss: 8.2121343613, Validation Loss: 8.3594112396, Training R-squared: 0.4141497314, Validation R-squared: 0.3950707614
2023-11-22 19:55:20,219 - INFO - Epoch 11 : Training Loss: 8.1873083115, Validation Loss: 8.3370437622, Training R-squared: 0.4181008339, Validation R-squared: 0.3982402086
2023-11-22 19:55:31,070 - INFO - Epoch 12 : Training Loss: 8.1119461060, Validation Loss: 8.2811832428, Training R-squared: 0.4272604287, Validation R-squared: 0.4073512852
2023-11-22 19:55:40,755 - INFO - Epoch 13 : Training Loss: 8.0557632446, Validation Loss: 8.2380609512, Training R-squared: 0.4359403253, Validation R-squared: 0.4129647315
2023-11-22 19:55:49,587 - INFO - Epoch 14 : Training Loss: 7.9992861748, Validation Loss: 8.1859216690, Training R-squared: 0.4439400136, Validation R-squared: 0.4207225740
2023-11-22 19:55:59,653 - INFO - Epoch 15 : Training Loss: 7.9617404938, Validation Loss: 8.1543302536, Training R-squared: 0.4498437047, Validation R-squared: 0.4254233539
2023-11-22 19:56:09,900 - INFO - Epoch 16 : Training Loss: 7.9095358849, Validation Loss: 8.1301765442, Training R-squared: 0.4566394687, Validation R-squared: 0.4284369648
2023-11-22 19:56:22,123 - INFO - Epoch 17 : Training Loss: 7.8585772514, Validation Loss: 8.0959968567, Training R-squared: 0.4630567431, Validation R-squared: 0.4337090254
2023-11-22 19:56:32,859 - INFO - Epoch 18 : Training Loss: 7.8327727318, Validation Loss: 8.0771589279, Training R-squared: 0.4672152400, Validation R-squared: 0.4365721941
2023-11-22 19:56:42,030 - INFO - Epoch 19 : Training Loss: 7.7834105492, Validation Loss: 8.0568838120, Training R-squared: 0.4726132154, Validation R-squared: 0.4391080439
2023-11-22 19:56:50,908 - INFO - Epoch 20 : Training Loss: 7.7584781647, Validation Loss: 8.0484895706, Training R-squared: 0.4773300886, Validation R-squared: 0.4401720464
2023-11-22 19:57:00,273 - INFO - Epoch 21 : Training Loss: 7.7371850014, Validation Loss: 8.0274629593, Training R-squared: 0.4801337123, Validation R-squared: 0.4434547722
2023-11-22 19:57:09,759 - INFO - Epoch 22 : Training Loss: 7.7022023201, Validation Loss: 8.0105237961, Training R-squared: 0.4841988385, Validation R-squared: 0.4460269213
2023-11-22 19:57:20,354 - INFO - Epoch 23 : Training Loss: 7.6723227501, Validation Loss: 8.0014076233, Training R-squared: 0.4887023270, Validation R-squared: 0.4473561645
2023-11-22 19:57:31,813 - INFO - Epoch 24 : Training Loss: 7.6416120529, Validation Loss: 7.9895424843, Training R-squared: 0.4906807542, Validation R-squared: 0.4483475983
2023-11-22 19:57:42,122 - INFO - Epoch 25 : Training Loss: 7.6234693527, Validation Loss: 7.9757666588, Training R-squared: 0.4945404828, Validation R-squared: 0.4502077401
2023-11-22 19:57:54,788 - INFO - Epoch 26 : Training Loss: 7.5804595947, Validation Loss: 7.9625411034, Training R-squared: 0.4995064735, Validation R-squared: 0.4526038766
2023-11-22 19:58:07,209 - INFO - Epoch 27 : Training Loss: 7.5651583672, Validation Loss: 7.9536347389, Training R-squared: 0.5016205311, Validation R-squared: 0.4535205960
2023-11-22 19:58:18,347 - INFO - Epoch 28 : Training Loss: 7.5623836517, Validation Loss: 7.9489555359, Training R-squared: 0.5029956698, Validation R-squared: 0.4542903602
2023-11-22 19:58:28,423 - INFO - Epoch 29 : Training Loss: 7.5313730240, Validation Loss: 7.9301152229, Training R-squared: 0.5061678290, Validation R-squared: 0.4567652941
2023-11-22 19:58:37,922 - INFO - Epoch 30 : Training Loss: 7.5102715492, Validation Loss: 7.9318017960, Training R-squared: 0.5094915032, Validation R-squared: 0.4561311007
2023-11-22 19:58:47,808 - INFO - Epoch 31 : Training Loss: 7.4641399384, Validation Loss: 7.9213323593, Training R-squared: 0.5146535635, Validation R-squared: 0.4582654834
2023-11-22 19:58:57,089 - INFO - Epoch 32 : Training Loss: 7.4523196220, Validation Loss: 7.9167509079, Training R-squared: 0.5158814192, Validation R-squared: 0.4582097232
2023-11-22 19:59:05,758 - INFO - Epoch 33 : Training Loss: 7.4490900040, Validation Loss: 7.9003367424, Training R-squared: 0.5178650022, Validation R-squared: 0.4610264897
2023-11-22 19:59:14,635 - INFO - Epoch 34 : Training Loss: 7.4200358391, Validation Loss: 7.9008140564, Training R-squared: 0.5214319229, Validation R-squared: 0.4603523016
2023-11-22 19:59:25,278 - INFO - Epoch 35 : Training Loss: 7.3879594803, Validation Loss: 7.8813934326, Training R-squared: 0.5238190889, Validation R-squared: 0.4632212520
2023-11-22 19:59:36,641 - INFO - Epoch 36 : Training Loss: 7.3753576279, Validation Loss: 7.8829069138, Training R-squared: 0.5265909433, Validation R-squared: 0.4629017115
2023-11-22 19:59:47,659 - INFO - Epoch 37 : Training Loss: 7.3544731140, Validation Loss: 7.8729248047, Training R-squared: 0.5289172530, Validation R-squared: 0.4641819894
2023-11-22 19:59:57,530 - INFO - Epoch 38 : Training Loss: 7.3428359032, Validation Loss: 7.8627662659, Training R-squared: 0.5313131213, Validation R-squared: 0.4657340646
2023-11-22 20:00:07,924 - INFO - Epoch 39 : Training Loss: 7.3038897514, Validation Loss: 7.8543400764, Training R-squared: 0.5348592997, Validation R-squared: 0.4671373367
2023-11-22 20:00:18,948 - INFO - Epoch 40 : Training Loss: 7.2950515747, Validation Loss: 7.8476443291, Training R-squared: 0.5371841192, Validation R-squared: 0.4678761661
2023-11-22 20:00:28,912 - INFO - Epoch 41 : Training Loss: 7.2616949081, Validation Loss: 7.8421802521, Training R-squared: 0.5401747227, Validation R-squared: 0.4681671560
2023-11-22 20:00:38,515 - INFO - Epoch 42 : Training Loss: 7.2474079132, Validation Loss: 7.8402390480, Training R-squared: 0.5415139198, Validation R-squared: 0.4685683548
2023-11-22 20:00:47,161 - INFO - Epoch 43 : Training Loss: 7.2322578430, Validation Loss: 7.8111186028, Training R-squared: 0.5439600945, Validation R-squared: 0.4732294381
2023-11-22 20:00:56,704 - INFO - Epoch 44 : Training Loss: 7.2107872963, Validation Loss: 7.8043384552, Training R-squared: 0.5472045541, Validation R-squared: 0.4739906192
2023-11-22 20:01:06,107 - INFO - Epoch 45 : Training Loss: 7.1901702881, Validation Loss: 7.7896447182, Training R-squared: 0.5487933159, Validation R-squared: 0.4760014117
2023-11-22 20:01:16,504 - INFO - Epoch 46 : Training Loss: 7.1679687500, Validation Loss: 7.7972445488, Training R-squared: 0.5528213382, Validation R-squared: 0.4744816124
2023-11-22 20:01:27,440 - INFO - Epoch 47 : Training Loss: 7.1405405998, Validation Loss: 7.7836861610, Training R-squared: 0.5540167689, Validation R-squared: 0.4767261147
2023-11-22 20:01:37,819 - INFO - Epoch 48 : Training Loss: 7.1159110069, Validation Loss: 7.7823681831, Training R-squared: 0.5571278930, Validation R-squared: 0.4765429497
2023-11-22 20:01:47,366 - INFO - Epoch 49 : Training Loss: 7.1118140221, Validation Loss: 7.7793211937, Training R-squared: 0.5579126477, Validation R-squared: 0.4767142832
2023-11-22 20:01:56,124 - INFO - Epoch 50 : Training Loss: 7.0795388222, Validation Loss: 7.7773499489, Training R-squared: 0.5620658994, Validation R-squared: 0.4772315025
2023-11-22 20:02:05,111 - INFO - Epoch 51 : Training Loss: 7.0565052032, Validation Loss: 7.7623457909, Training R-squared: 0.5655145049, Validation R-squared: 0.4794326425
2023-11-22 20:02:14,181 - INFO - Epoch 52 : Training Loss: 7.0443525314, Validation Loss: 7.7838788033, Training R-squared: 0.5664460659, Validation R-squared: 0.4760920405
2023-11-22 20:02:23,732 - INFO - Epoch 53 : Training Loss: 7.0182895660, Validation Loss: 7.7658028603, Training R-squared: 0.5705392957, Validation R-squared: 0.4788876772
2023-11-22 20:02:32,646 - INFO - Epoch 54 : Training Loss: 7.0013260841, Validation Loss: 7.7525310516, Training R-squared: 0.5720297694, Validation R-squared: 0.4803680778
2023-11-22 20:02:42,120 - INFO - Epoch 55 : Training Loss: 6.9873824120, Validation Loss: 7.7722692490, Training R-squared: 0.5724778175, Validation R-squared: 0.4772644043
2023-11-22 20:02:50,951 - INFO - Epoch 56 : Training Loss: 6.9638547897, Validation Loss: 7.7687120438, Training R-squared: 0.5761979222, Validation R-squared: 0.4775692225
2023-11-22 20:03:00,379 - INFO - Epoch 57 : Training Loss: 6.9410200119, Validation Loss: 7.7817640305, Training R-squared: 0.5780701041, Validation R-squared: 0.4756004512
2023-11-22 20:03:10,251 - INFO - Epoch 58 : Training Loss: 6.9189991951, Validation Loss: 7.7704696655, Training R-squared: 0.5808954835, Validation R-squared: 0.4772403836
2023-11-22 20:03:21,878 - INFO - Epoch 59 : Training Loss: 6.9134354591, Validation Loss: 7.7351737022, Training R-squared: 0.5816715360, Validation R-squared: 0.4825939238
2023-11-22 20:03:32,160 - INFO - Epoch 60 : Training Loss: 6.8924069405, Validation Loss: 7.7734293938, Training R-squared: 0.5837225318, Validation R-squared: 0.4765564799
2023-11-22 20:03:41,202 - INFO - Epoch 61 : Training Loss: 6.8796977997, Validation Loss: 7.7363181114, Training R-squared: 0.5862170458, Validation R-squared: 0.4822817445
2023-11-22 20:03:51,069 - INFO - Epoch 62 : Training Loss: 6.8497200012, Validation Loss: 7.7588667870, Training R-squared: 0.5886434317, Validation R-squared: 0.4782443345
2023-11-22 20:04:00,446 - INFO - Epoch 63 : Training Loss: 6.8235998154, Validation Loss: 7.7445287704, Training R-squared: 0.5916723609, Validation R-squared: 0.4808998108
2023-11-22 20:04:09,527 - INFO - Epoch 64 : Training Loss: 6.8333950043, Validation Loss: 7.7319459915, Training R-squared: 0.5914580226, Validation R-squared: 0.4822568297
2023-11-22 20:04:20,144 - INFO - Epoch 65 : Training Loss: 6.8027300835, Validation Loss: 7.7476558685, Training R-squared: 0.5940261483, Validation R-squared: 0.4798918664
2023-11-22 20:04:28,954 - INFO - Epoch 66 : Training Loss: 6.7936816216, Validation Loss: 7.7291479111, Training R-squared: 0.5956864357, Validation R-squared: 0.4823411405
2023-11-22 20:04:39,379 - INFO - Epoch 67 : Training Loss: 6.7692441940, Validation Loss: 7.7472987175, Training R-squared: 0.5973496437, Validation R-squared: 0.4797157943
2023-11-22 20:04:50,513 - INFO - Epoch 68 : Training Loss: 6.7642235756, Validation Loss: 7.7281265259, Training R-squared: 0.5980665088, Validation R-squared: 0.4823879898
2023-11-22 20:05:00,743 - INFO - Epoch 69 : Training Loss: 6.7474093437, Validation Loss: 7.7301816940, Training R-squared: 0.5991460681, Validation R-squared: 0.4820332229
2023-11-22 20:05:12,033 - INFO - Epoch 70 : Training Loss: 6.7147674561, Validation Loss: 7.7185740471, Training R-squared: 0.6027956605, Validation R-squared: 0.4835069776
2023-11-22 20:05:22,867 - INFO - Epoch 71 : Training Loss: 6.7013025284, Validation Loss: 7.7426881790, Training R-squared: 0.6058560610, Validation R-squared: 0.4800984859
2023-11-22 20:05:33,629 - INFO - Epoch 72 : Training Loss: 6.6816720963, Validation Loss: 7.7201814651, Training R-squared: 0.6081013083, Validation R-squared: 0.4830890000
2023-11-22 20:05:43,858 - INFO - Epoch 73 : Training Loss: 6.6728763580, Validation Loss: 7.7059435844, Training R-squared: 0.6083210707, Validation R-squared: 0.4854071438
2023-11-22 20:05:53,827 - INFO - Epoch 74 : Training Loss: 6.6487169266, Validation Loss: 7.7185091972, Training R-squared: 0.6112162471, Validation R-squared: 0.4831879735
2023-11-22 20:06:03,708 - INFO - Epoch 75 : Training Loss: 6.6438312531, Validation Loss: 7.7096219063, Training R-squared: 0.6118887663, Validation R-squared: 0.4844609201
2023-11-22 20:06:12,961 - INFO - Epoch 76 : Training Loss: 6.6184387207, Validation Loss: 7.7096853256, Training R-squared: 0.6145381331, Validation R-squared: 0.4845571220
2023-11-22 20:06:22,618 - INFO - Epoch 77 : Training Loss: 6.6101865768, Validation Loss: 7.7021427155, Training R-squared: 0.6158342361, Validation R-squared: 0.4855761826
2023-11-22 20:06:32,648 - INFO - Epoch 78 : Training Loss: 6.5906896591, Validation Loss: 7.7109398842, Training R-squared: 0.6161362529, Validation R-squared: 0.4836949110
2023-11-22 20:06:42,940 - INFO - Epoch 79 : Training Loss: 6.5761609077, Validation Loss: 7.7375140190, Training R-squared: 0.6181509495, Validation R-squared: 0.4797826707
2023-11-22 20:06:52,702 - INFO - Epoch 80 : Training Loss: 6.5767774582, Validation Loss: 7.7130937576, Training R-squared: 0.6190180779, Validation R-squared: 0.4835332930
2023-11-22 20:07:03,502 - INFO - Epoch 81 : Training Loss: 6.5427961349, Validation Loss: 7.7317910194, Training R-squared: 0.6228339076, Validation R-squared: 0.4802512527
2023-11-22 20:07:12,886 - INFO - Epoch 82 : Training Loss: 6.5425133705, Validation Loss: 7.7145667076, Training R-squared: 0.6230245233, Validation R-squared: 0.4831920564
2023-11-22 20:07:28,566 - INFO - Model saved to models/portion_model/breakfast/512_512_200_64/sparsity_55_fold_5_model.keras
2023-11-22 20:07:34,176 - INFO - Avg Metrics: RMSE: 5.7388462578, R-squared: 0.0363684632, PCC: 0.7370231951
2023-11-22 20:07:34,176 - INFO - Agg Metrics: RMSE: 7.9133049429, R-squared: 0.4707625183, PCC: 0.6881758157
2023-11-22 20:07:49,666 - INFO - ================================================================== Results Summary ===================================================================
2023-11-22 20:07:49,666 - INFO - CrossVal Metrics (Avg.) - RMSE: 5.8604132869  0.0936132140, R2: -0.2725201155  0.0936132140, PCC: 0.7203424061  0.0936132140
2023-11-22 20:07:49,667 - INFO - Testing  Metrics (Avg.) - RMSE: 5.9067043959, R2: -0.1172773946, PCC: 0.7134461398
2023-11-22 20:07:49,667 - INFO - CrossVal Metrics (Agg.) - RMSE: 7.8830537744  0.0936132140, R2: 0.4726139201  0.0936132140, PCC: 0.6886627171  0.0936132140
2023-11-22 20:07:49,667 - INFO - Testing  Metrics (Agg.) - RMSE: 8.1173255972, R2: 0.4566623844, PCC: 0.6768792511
