2023-11-22 23:40:22,121 - INFO - Training model at 85% sparse columns removed...
2023-11-22 23:40:29,290 - INFO - ================================================================== Fold 1 ===================================================================
2023-11-22 23:40:35,482 - INFO - Epoch 1  : Training Loss: 17.4163951874, Validation Loss: 17.0860710144, Training R-squared: 0.0736431628, Validation R-squared: 0.0909746066
2023-11-22 23:40:39,149 - INFO - Epoch 2  : Training Loss: 16.6636180878, Validation Loss: 15.5844259262, Training R-squared: 0.1560402662, Validation R-squared: 0.2454966307
2023-11-22 23:40:42,434 - INFO - Epoch 3  : Training Loss: 14.9498109818, Validation Loss: 14.2376136780, Training R-squared: 0.3185821176, Validation R-squared: 0.3692101240
2023-11-22 23:40:45,914 - INFO - Epoch 4  : Training Loss: 14.1067829132, Validation Loss: 13.7716588974, Training R-squared: 0.3927251697, Validation R-squared: 0.4106121361
2023-11-22 23:40:49,616 - INFO - Epoch 5  : Training Loss: 13.8606472015, Validation Loss: 13.6461601257, Training R-squared: 0.4141735137, Validation R-squared: 0.4216562808
2023-11-22 23:40:52,988 - INFO - Epoch 6  : Training Loss: 13.7856187820, Validation Loss: 13.6043491364, Training R-squared: 0.4214230776, Validation R-squared: 0.4245037138
2023-11-22 23:40:56,333 - INFO - Epoch 7  : Training Loss: 13.6735868454, Validation Loss: 13.5418739319, Training R-squared: 0.4313184917, Validation R-squared: 0.4306987226
2023-11-22 23:40:59,867 - INFO - Epoch 8  : Training Loss: 13.6772603989, Validation Loss: 13.4928522110, Training R-squared: 0.4318145514, Validation R-squared: 0.4346289933
2023-11-22 23:41:03,316 - INFO - Epoch 9  : Training Loss: 13.5910091400, Validation Loss: 13.4307889938, Training R-squared: 0.4364912808, Validation R-squared: 0.4399994314
2023-11-22 23:41:06,641 - INFO - Epoch 10 : Training Loss: 13.5201530457, Validation Loss: 13.3453340530, Training R-squared: 0.4443397522, Validation R-squared: 0.4472384453
2023-11-22 23:41:10,152 - INFO - Epoch 11 : Training Loss: 13.4668073654, Validation Loss: 13.2720193863, Training R-squared: 0.4390535653, Validation R-squared: 0.4536605179
2023-11-22 23:41:13,936 - INFO - Epoch 12 : Training Loss: 13.3712692261, Validation Loss: 13.2210416794, Training R-squared: 0.4579839706, Validation R-squared: 0.4575941861
2023-11-22 23:41:17,387 - INFO - Epoch 13 : Training Loss: 13.2732172012, Validation Loss: 13.1243352890, Training R-squared: 0.4660882354, Validation R-squared: 0.4661817253
2023-11-22 23:41:21,218 - INFO - Epoch 14 : Training Loss: 13.2088775635, Validation Loss: 13.0819034576, Training R-squared: 0.4715516269, Validation R-squared: 0.4694232345
2023-11-22 23:41:24,581 - INFO - Epoch 15 : Training Loss: 13.1473979950, Validation Loss: 13.0154008865, Training R-squared: 0.4691320360, Validation R-squared: 0.4752921462
2023-11-22 23:41:27,791 - INFO - Epoch 16 : Training Loss: 13.0804491043, Validation Loss: 12.9604539871, Training R-squared: 0.4823225439, Validation R-squared: 0.4794779122
2023-11-22 23:41:31,349 - INFO - Epoch 17 : Training Loss: 13.0112371445, Validation Loss: 12.9322299957, Training R-squared: 0.4890196919, Validation R-squared: 0.4825053215
2023-11-22 23:41:34,768 - INFO - Epoch 18 : Training Loss: 12.9539499283, Validation Loss: 12.8536977768, Training R-squared: 0.4927920699, Validation R-squared: 0.4885681868
2023-11-22 23:41:38,297 - INFO - Epoch 19 : Training Loss: 12.9109334946, Validation Loss: 12.8111248016, Training R-squared: 0.4944372177, Validation R-squared: 0.4920056164
2023-11-22 23:41:41,692 - INFO - Epoch 20 : Training Loss: 12.8104333878, Validation Loss: 12.7842817307, Training R-squared: 0.5015913248, Validation R-squared: 0.4936826825
2023-11-22 23:41:45,229 - INFO - Epoch 21 : Training Loss: 12.7417860031, Validation Loss: 12.7614183426, Training R-squared: 0.5085979104, Validation R-squared: 0.4957025349
2023-11-22 23:41:48,858 - INFO - Epoch 22 : Training Loss: 12.7314548492, Validation Loss: 12.7217245102, Training R-squared: 0.5103707314, Validation R-squared: 0.4989846647
2023-11-22 23:41:52,111 - INFO - Epoch 23 : Training Loss: 12.6800031662, Validation Loss: 12.6810913086, Training R-squared: 0.5105540156, Validation R-squared: 0.5022806525
2023-11-22 23:41:55,474 - INFO - Epoch 24 : Training Loss: 12.6352605820, Validation Loss: 12.6678199768, Training R-squared: 0.5159265995, Validation R-squared: 0.5032414198
2023-11-22 23:41:59,179 - INFO - Epoch 25 : Training Loss: 12.5954179764, Validation Loss: 12.6519470215, Training R-squared: 0.5206335783, Validation R-squared: 0.5044537187
2023-11-22 23:42:02,368 - INFO - Epoch 26 : Training Loss: 12.5441026688, Validation Loss: 12.6281995773, Training R-squared: 0.5082603693, Validation R-squared: 0.5063495636
2023-11-22 23:42:05,750 - INFO - Epoch 27 : Training Loss: 12.5156927109, Validation Loss: 12.6123390198, Training R-squared: 0.5273612738, Validation R-squared: 0.5075463057
2023-11-22 23:42:09,113 - INFO - Epoch 28 : Training Loss: 12.4796123505, Validation Loss: 12.6299161911, Training R-squared: 0.5261750221, Validation R-squared: 0.5065441728
2023-11-22 23:42:12,182 - INFO - Epoch 29 : Training Loss: 12.4430475235, Validation Loss: 12.5788660049, Training R-squared: 0.5305209756, Validation R-squared: 0.5105093122
2023-11-22 23:42:15,440 - INFO - Epoch 30 : Training Loss: 12.4184894562, Validation Loss: 12.5568876266, Training R-squared: 0.5322918296, Validation R-squared: 0.5124110579
2023-11-22 23:42:19,206 - INFO - Epoch 31 : Training Loss: 12.3722829819, Validation Loss: 12.5362501144, Training R-squared: 0.5345824957, Validation R-squared: 0.5135994554
2023-11-22 23:42:22,368 - INFO - Epoch 32 : Training Loss: 12.3471145630, Validation Loss: 12.5288562775, Training R-squared: 0.5362747312, Validation R-squared: 0.5148639679
2023-11-22 23:42:25,657 - INFO - Epoch 33 : Training Loss: 12.3263130188, Validation Loss: 12.5075082779, Training R-squared: 0.5406313539, Validation R-squared: 0.5159378648
2023-11-22 23:42:29,107 - INFO - Epoch 34 : Training Loss: 12.2639255524, Validation Loss: 12.5201320648, Training R-squared: 0.5437562466, Validation R-squared: 0.5149043798
2023-11-22 23:42:32,155 - INFO - Epoch 35 : Training Loss: 12.2518892288, Validation Loss: 12.4814682007, Training R-squared: 0.5435612798, Validation R-squared: 0.5178312063
2023-11-22 23:42:35,354 - INFO - Epoch 36 : Training Loss: 12.2141246796, Validation Loss: 12.4705934525, Training R-squared: 0.5488849282, Validation R-squared: 0.5184253454
2023-11-22 23:42:38,704 - INFO - Epoch 37 : Training Loss: 12.2005071640, Validation Loss: 12.4317903519, Training R-squared: 0.5454249978, Validation R-squared: 0.5221828222
2023-11-22 23:42:41,738 - INFO - Epoch 38 : Training Loss: 12.1803741455, Validation Loss: 12.4250888824, Training R-squared: 0.5479702353, Validation R-squared: 0.5223921537
2023-11-22 23:42:45,323 - INFO - Epoch 39 : Training Loss: 12.1292886734, Validation Loss: 12.4218769073, Training R-squared: 0.5559161305, Validation R-squared: 0.5226631761
2023-11-22 23:42:48,453 - INFO - Epoch 40 : Training Loss: 12.1066303253, Validation Loss: 12.4132566452, Training R-squared: 0.5564912558, Validation R-squared: 0.5233882070
2023-11-22 23:42:51,723 - INFO - Epoch 41 : Training Loss: 12.0692892075, Validation Loss: 12.3976583481, Training R-squared: 0.5598263144, Validation R-squared: 0.5244334936
2023-11-22 23:42:54,969 - INFO - Epoch 42 : Training Loss: 12.0485877991, Validation Loss: 12.3672504425, Training R-squared: 0.5608614683, Validation R-squared: 0.5271430612
2023-11-22 23:42:58,198 - INFO - Epoch 43 : Training Loss: 12.0185976028, Validation Loss: 12.3562784195, Training R-squared: 0.5626856685, Validation R-squared: 0.5281922817
2023-11-22 23:43:01,352 - INFO - Epoch 44 : Training Loss: 11.9737071991, Validation Loss: 12.3530740738, Training R-squared: 0.5650169253, Validation R-squared: 0.5275987983
2023-11-22 23:43:04,591 - INFO - Epoch 45 : Training Loss: 11.9294176102, Validation Loss: 12.3300542831, Training R-squared: 0.5669758320, Validation R-squared: 0.5293631554
2023-11-22 23:43:07,628 - INFO - Epoch 46 : Training Loss: 11.9215097427, Validation Loss: 12.3278360367, Training R-squared: 0.5690670609, Validation R-squared: 0.5300832987
2023-11-22 23:43:10,711 - INFO - Epoch 47 : Training Loss: 11.8785638809, Validation Loss: 12.3116388321, Training R-squared: 0.5727034807, Validation R-squared: 0.5313519239
2023-11-22 23:43:14,085 - INFO - Epoch 48 : Training Loss: 11.8776531219, Validation Loss: 12.2854995728, Training R-squared: 0.5731357336, Validation R-squared: 0.5331900120
2023-11-22 23:43:17,103 - INFO - Epoch 49 : Training Loss: 11.8432340622, Validation Loss: 12.2666206360, Training R-squared: 0.5722591281, Validation R-squared: 0.5345636606
2023-11-22 23:43:20,497 - INFO - Epoch 50 : Training Loss: 11.8232393265, Validation Loss: 12.2394981384, Training R-squared: 0.5757834315, Validation R-squared: 0.5368871093
2023-11-22 23:43:23,846 - INFO - Epoch 51 : Training Loss: 11.7800283432, Validation Loss: 12.2282495499, Training R-squared: 0.5669783354, Validation R-squared: 0.5378226638
2023-11-22 23:43:27,285 - INFO - Epoch 52 : Training Loss: 11.7216262817, Validation Loss: 12.2263822556, Training R-squared: 0.5846487284, Validation R-squared: 0.5380154252
2023-11-22 23:43:31,109 - INFO - Epoch 53 : Training Loss: 11.7193145752, Validation Loss: 12.1852083206, Training R-squared: 0.5841313004, Validation R-squared: 0.5409232378
2023-11-22 23:43:34,534 - INFO - Epoch 54 : Training Loss: 11.6903705597, Validation Loss: 12.2163400650, Training R-squared: 0.5867170691, Validation R-squared: 0.5382682681
2023-11-22 23:43:38,065 - INFO - Epoch 55 : Training Loss: 11.6260881424, Validation Loss: 12.1497278214, Training R-squared: 0.5890154243, Validation R-squared: 0.5440515876
2023-11-22 23:43:41,651 - INFO - Epoch 56 : Training Loss: 11.6355705261, Validation Loss: 12.1504564285, Training R-squared: 0.5908491611, Validation R-squared: 0.5436353087
2023-11-22 23:43:46,374 - INFO - Epoch 57 : Training Loss: 11.5793313980, Validation Loss: 12.1423273087, Training R-squared: 0.5944690108, Validation R-squared: 0.5438647866
2023-11-22 23:43:50,569 - INFO - Epoch 58 : Training Loss: 11.5473251343, Validation Loss: 12.1187648773, Training R-squared: 0.5939225554, Validation R-squared: 0.5464969873
2023-11-22 23:43:54,928 - INFO - Epoch 59 : Training Loss: 11.5325231552, Validation Loss: 12.0915269852, Training R-squared: 0.5847424865, Validation R-squared: 0.5481214523
2023-11-22 23:43:59,373 - INFO - Epoch 60 : Training Loss: 11.4939146042, Validation Loss: 12.0668849945, Training R-squared: 0.5973236561, Validation R-squared: 0.5502887964
2023-11-22 23:44:02,619 - INFO - Epoch 61 : Training Loss: 11.4910802841, Validation Loss: 12.0766124725, Training R-squared: 0.5993821621, Validation R-squared: 0.5494449139
2023-11-22 23:44:06,431 - INFO - Epoch 62 : Training Loss: 11.4409313202, Validation Loss: 12.0461511612, Training R-squared: 0.6036987901, Validation R-squared: 0.5517275929
2023-11-22 23:44:09,972 - INFO - Epoch 63 : Training Loss: 11.4006938934, Validation Loss: 12.0671977997, Training R-squared: 0.6068289876, Validation R-squared: 0.5493707657
2023-11-22 23:44:13,210 - INFO - Epoch 64 : Training Loss: 11.3851366043, Validation Loss: 12.0512037277, Training R-squared: 0.6075673103, Validation R-squared: 0.5507947206
2023-11-22 23:44:17,010 - INFO - Epoch 65 : Training Loss: 11.3376779556, Validation Loss: 12.0513877869, Training R-squared: 0.6105656624, Validation R-squared: 0.5505343080
2023-11-22 23:44:20,615 - INFO - Epoch 66 : Training Loss: 11.3293666840, Validation Loss: 12.0138196945, Training R-squared: 0.6099919677, Validation R-squared: 0.5535544157
2023-11-22 23:44:24,600 - INFO - Epoch 67 : Training Loss: 11.2992124557, Validation Loss: 11.9920377731, Training R-squared: 0.6135055423, Validation R-squared: 0.5551712513
2023-11-22 23:44:28,513 - INFO - Epoch 68 : Training Loss: 11.2506389618, Validation Loss: 11.9777736664, Training R-squared: 0.6140196323, Validation R-squared: 0.5569865704
2023-11-22 23:44:32,317 - INFO - Epoch 69 : Training Loss: 11.2054843903, Validation Loss: 11.9773693085, Training R-squared: 0.6183676720, Validation R-squared: 0.5561822653
2023-11-22 23:44:36,334 - INFO - Epoch 70 : Training Loss: 11.2030849457, Validation Loss: 12.0241661072, Training R-squared: 0.6194471121, Validation R-squared: 0.5518248081
2023-11-22 23:44:40,508 - INFO - Epoch 71 : Training Loss: 11.2002344131, Validation Loss: 11.9418630600, Training R-squared: 0.6183626056, Validation R-squared: 0.5592618585
2023-11-22 23:44:44,945 - INFO - Epoch 72 : Training Loss: 11.1339282990, Validation Loss: 11.9076004028, Training R-squared: 0.6236712337, Validation R-squared: 0.5620118380
2023-11-22 23:44:48,282 - INFO - Epoch 73 : Training Loss: 11.1344594955, Validation Loss: 11.9299802780, Training R-squared: 0.6248649359, Validation R-squared: 0.5599690080
2023-11-22 23:44:51,799 - INFO - Epoch 74 : Training Loss: 11.1121892929, Validation Loss: 11.9226808548, Training R-squared: 0.6257486343, Validation R-squared: 0.5603300929
2023-11-22 23:44:55,404 - INFO - Epoch 75 : Training Loss: 11.0622358322, Validation Loss: 11.9234867096, Training R-squared: 0.6273777485, Validation R-squared: 0.5603704453
2023-11-22 23:44:59,861 - INFO - Epoch 76 : Training Loss: 11.0450019836, Validation Loss: 11.9152250290, Training R-squared: 0.6308254004, Validation R-squared: 0.5611523986
2023-11-22 23:45:04,327 - INFO - Epoch 77 : Training Loss: 11.0369682312, Validation Loss: 11.9196214676, Training R-squared: 0.6297795773, Validation R-squared: 0.5601860285
2023-11-22 23:45:15,706 - INFO - Model saved to models/portion_model/breakfast/512_512_200_64/sparsity_85_fold_1_model.keras
2023-11-22 23:45:20,408 - INFO - Avg Metrics: RMSE: 9.1150694055, R-squared: -1.0565793446, PCC: 0.7839891970
2023-11-22 23:45:20,409 - INFO - Agg Metrics: RMSE: 12.2172371863, R-squared: 0.5466287075, PCC: 0.7394104534
2023-11-22 23:45:28,959 - INFO - ================================================================== Fold 2 ===================================================================
2023-11-22 23:45:34,769 - INFO - Epoch 1  : Training Loss: 17.3729209900, Validation Loss: 17.2875270844, Training R-squared: 0.0718996823, Validation R-squared: 0.0897534788
2023-11-22 23:45:38,246 - INFO - Epoch 2  : Training Loss: 16.7848949432, Validation Loss: 16.0777816772, Training R-squared: 0.1319130063, Validation R-squared: 0.2146384120
2023-11-22 23:45:42,602 - INFO - Epoch 3  : Training Loss: 15.3124437332, Validation Loss: 14.5843334198, Training R-squared: 0.2806758881, Validation R-squared: 0.3561594784
2023-11-22 23:45:46,688 - INFO - Epoch 4  : Training Loss: 14.1939620972, Validation Loss: 13.9311399460, Training R-squared: 0.3864248395, Validation R-squared: 0.4129852355
2023-11-22 23:45:50,873 - INFO - Epoch 5  : Training Loss: 13.8599624634, Validation Loss: 13.8213338852, Training R-squared: 0.4124241173, Validation R-squared: 0.4219228923
2023-11-22 23:45:54,606 - INFO - Epoch 6  : Training Loss: 13.7888956070, Validation Loss: 13.7651968002, Training R-squared: 0.4207121730, Validation R-squared: 0.4269224107
2023-11-22 23:45:57,827 - INFO - Epoch 7  : Training Loss: 13.6892080307, Validation Loss: 13.7119150162, Training R-squared: 0.4274409711, Validation R-squared: 0.4313712418
2023-11-22 23:46:02,240 - INFO - Epoch 8  : Training Loss: 13.6581182480, Validation Loss: 13.6729812622, Training R-squared: 0.4285501540, Validation R-squared: 0.4349752963
2023-11-22 23:46:06,285 - INFO - Epoch 9  : Training Loss: 13.5905618668, Validation Loss: 13.6175880432, Training R-squared: 0.4378781319, Validation R-squared: 0.4388974011
2023-11-22 23:46:10,360 - INFO - Epoch 10 : Training Loss: 13.4815349579, Validation Loss: 13.4991703033, Training R-squared: 0.4424079657, Validation R-squared: 0.4495804012
2023-11-22 23:46:14,368 - INFO - Epoch 11 : Training Loss: 13.3647031784, Validation Loss: 13.3748817444, Training R-squared: 0.4555426240, Validation R-squared: 0.4597284198
2023-11-22 23:46:18,795 - INFO - Epoch 12 : Training Loss: 13.2843036652, Validation Loss: 13.3090000153, Training R-squared: 0.4594022036, Validation R-squared: 0.4654017389
2023-11-22 23:46:22,476 - INFO - Epoch 13 : Training Loss: 13.1933336258, Validation Loss: 13.2472600937, Training R-squared: 0.4670445621, Validation R-squared: 0.4707685411
2023-11-22 23:46:26,420 - INFO - Epoch 14 : Training Loss: 13.1245603561, Validation Loss: 13.2027044296, Training R-squared: 0.4740434885, Validation R-squared: 0.4740042090
2023-11-22 23:46:30,154 - INFO - Epoch 15 : Training Loss: 13.0615587234, Validation Loss: 13.1874246597, Training R-squared: 0.4802750945, Validation R-squared: 0.4759408832
2023-11-22 23:46:34,020 - INFO - Epoch 16 : Training Loss: 13.0377511978, Validation Loss: 13.1354589462, Training R-squared: 0.4809891880, Validation R-squared: 0.4797761738
2023-11-22 23:46:37,545 - INFO - Epoch 17 : Training Loss: 12.9787931442, Validation Loss: 13.0983734131, Training R-squared: 0.4839732349, Validation R-squared: 0.4825172424
2023-11-22 23:46:41,352 - INFO - Epoch 18 : Training Loss: 12.9489297867, Validation Loss: 13.0628662109, Training R-squared: 0.4878619611, Validation R-squared: 0.4856732190
2023-11-22 23:46:45,187 - INFO - Epoch 19 : Training Loss: 12.8707933426, Validation Loss: 13.0126199722, Training R-squared: 0.4954615533, Validation R-squared: 0.4898650646
2023-11-22 23:46:48,831 - INFO - Epoch 20 : Training Loss: 12.8454370499, Validation Loss: 12.9785852432, Training R-squared: 0.4957062900, Validation R-squared: 0.4920786023
2023-11-22 23:46:52,158 - INFO - Epoch 21 : Training Loss: 12.8109855652, Validation Loss: 12.9495296478, Training R-squared: 0.4996978045, Validation R-squared: 0.4944091141
2023-11-22 23:46:55,955 - INFO - Epoch 22 : Training Loss: 12.7757539749, Validation Loss: 12.9283933640, Training R-squared: 0.5015034676, Validation R-squared: 0.4963262975
2023-11-22 23:46:59,814 - INFO - Epoch 23 : Training Loss: 12.7040853500, Validation Loss: 12.8982925415, Training R-squared: 0.5079597235, Validation R-squared: 0.4986986220
2023-11-22 23:47:03,425 - INFO - Epoch 24 : Training Loss: 12.7188224792, Validation Loss: 12.8674230576, Training R-squared: 0.5066657066, Validation R-squared: 0.5016406775
2023-11-22 23:47:07,023 - INFO - Epoch 25 : Training Loss: 12.6682281494, Validation Loss: 12.8334856033, Training R-squared: 0.5114730000, Validation R-squared: 0.5040177703
2023-11-22 23:47:10,611 - INFO - Epoch 26 : Training Loss: 12.5807619095, Validation Loss: 12.7956056595, Training R-squared: 0.5178952813, Validation R-squared: 0.5069480538
2023-11-22 23:47:14,598 - INFO - Epoch 27 : Training Loss: 12.5556888580, Validation Loss: 12.7639474869, Training R-squared: 0.5174747705, Validation R-squared: 0.5097590089
2023-11-22 23:47:18,235 - INFO - Epoch 28 : Training Loss: 12.5340337753, Validation Loss: 12.7463541031, Training R-squared: 0.5212414265, Validation R-squared: 0.5112506747
2023-11-22 23:47:21,933 - INFO - Epoch 29 : Training Loss: 12.4885730743, Validation Loss: 12.7168331146, Training R-squared: 0.5216953158, Validation R-squared: 0.5133490562
2023-11-22 23:47:25,718 - INFO - Epoch 30 : Training Loss: 12.4478826523, Validation Loss: 12.7022304535, Training R-squared: 0.4989279807, Validation R-squared: 0.5141474605
2023-11-22 23:47:29,570 - INFO - Epoch 31 : Training Loss: 12.3962516785, Validation Loss: 12.6995534897, Training R-squared: 0.5314123034, Validation R-squared: 0.5139065385
2023-11-22 23:47:32,887 - INFO - Epoch 32 : Training Loss: 12.3809957504, Validation Loss: 12.6560335159, Training R-squared: 0.5309493542, Validation R-squared: 0.5177175999
2023-11-22 23:47:36,295 - INFO - Epoch 33 : Training Loss: 12.3369092941, Validation Loss: 12.6392593384, Training R-squared: 0.5349754095, Validation R-squared: 0.5186632872
2023-11-22 23:47:39,955 - INFO - Epoch 34 : Training Loss: 12.2762260437, Validation Loss: 12.6088895798, Training R-squared: 0.5376882553, Validation R-squared: 0.5215962529
2023-11-22 23:47:43,260 - INFO - Epoch 35 : Training Loss: 12.2786569595, Validation Loss: 12.5955247879, Training R-squared: 0.5386151671, Validation R-squared: 0.5228323340
2023-11-22 23:47:47,106 - INFO - Epoch 36 : Training Loss: 12.2502279282, Validation Loss: 12.5864124298, Training R-squared: 0.5427135825, Validation R-squared: 0.5231281519
2023-11-22 23:47:50,893 - INFO - Epoch 37 : Training Loss: 12.2156095505, Validation Loss: 12.5390777588, Training R-squared: 0.5458785892, Validation R-squared: 0.5269724727
2023-11-22 23:47:55,180 - INFO - Epoch 38 : Training Loss: 12.1844129562, Validation Loss: 12.5156955719, Training R-squared: 0.5458164215, Validation R-squared: 0.5288089514
2023-11-22 23:47:58,890 - INFO - Epoch 39 : Training Loss: 12.1443986893, Validation Loss: 12.5075483322, Training R-squared: 0.5503981709, Validation R-squared: 0.5295511484
2023-11-22 23:48:02,234 - INFO - Epoch 40 : Training Loss: 12.0954055786, Validation Loss: 12.4913387299, Training R-squared: 0.5522037745, Validation R-squared: 0.5303658247
2023-11-22 23:48:05,685 - INFO - Epoch 41 : Training Loss: 12.0680294037, Validation Loss: 12.4789857864, Training R-squared: 0.5543434024, Validation R-squared: 0.5317907333
2023-11-22 23:48:09,158 - INFO - Epoch 42 : Training Loss: 12.0550775528, Validation Loss: 12.4475727081, Training R-squared: 0.5540651679, Validation R-squared: 0.5337980986
2023-11-22 23:48:12,405 - INFO - Epoch 43 : Training Loss: 12.0080261230, Validation Loss: 12.4357271194, Training R-squared: 0.5578227043, Validation R-squared: 0.5344055295
2023-11-22 23:48:15,869 - INFO - Epoch 44 : Training Loss: 11.9705448151, Validation Loss: 12.4307088852, Training R-squared: 0.5627561212, Validation R-squared: 0.5346848965
2023-11-22 23:48:19,810 - INFO - Epoch 45 : Training Loss: 11.9574546814, Validation Loss: 12.4023265839, Training R-squared: 0.5562779903, Validation R-squared: 0.5378012061
2023-11-22 23:48:23,065 - INFO - Epoch 46 : Training Loss: 11.9284076691, Validation Loss: 12.3755073547, Training R-squared: 0.5680146813, Validation R-squared: 0.5394182205
2023-11-22 23:48:26,694 - INFO - Epoch 47 : Training Loss: 11.8984279633, Validation Loss: 12.3699016571, Training R-squared: 0.5686190724, Validation R-squared: 0.5401765704
2023-11-22 23:48:30,508 - INFO - Epoch 48 : Training Loss: 11.8566818237, Validation Loss: 12.3449554443, Training R-squared: 0.5723832846, Validation R-squared: 0.5417095423
2023-11-22 23:48:34,336 - INFO - Epoch 49 : Training Loss: 11.8174104691, Validation Loss: 12.3362522125, Training R-squared: 0.5608397126, Validation R-squared: 0.5427087545
2023-11-22 23:48:37,923 - INFO - Epoch 50 : Training Loss: 11.8125591278, Validation Loss: 12.3175754547, Training R-squared: 0.5748570561, Validation R-squared: 0.5436072350
2023-11-22 23:48:41,786 - INFO - Epoch 51 : Training Loss: 11.7633352280, Validation Loss: 12.3161020279, Training R-squared: 0.5753341317, Validation R-squared: 0.5438654423
2023-11-22 23:48:45,697 - INFO - Epoch 52 : Training Loss: 11.7733392715, Validation Loss: 12.2962970734, Training R-squared: 0.5774350762, Validation R-squared: 0.5456198454
2023-11-22 23:48:49,544 - INFO - Epoch 53 : Training Loss: 11.7242527008, Validation Loss: 12.2765398026, Training R-squared: 0.5815208554, Validation R-squared: 0.5466560125
2023-11-22 23:48:52,951 - INFO - Epoch 54 : Training Loss: 11.6937217712, Validation Loss: 12.2848529816, Training R-squared: 0.5839390159, Validation R-squared: 0.5458458662
2023-11-22 23:48:56,242 - INFO - Epoch 55 : Training Loss: 11.6791572571, Validation Loss: 12.2477321625, Training R-squared: 0.5845086575, Validation R-squared: 0.5492392182
2023-11-22 23:48:59,689 - INFO - Epoch 56 : Training Loss: 11.6595382690, Validation Loss: 12.2445497513, Training R-squared: 0.5863496065, Validation R-squared: 0.5497315526
2023-11-22 23:49:02,878 - INFO - Epoch 57 : Training Loss: 11.5879154205, Validation Loss: 12.2352113724, Training R-squared: 0.5864078403, Validation R-squared: 0.5502142310
2023-11-22 23:49:06,250 - INFO - Epoch 58 : Training Loss: 11.5916061401, Validation Loss: 12.2641668320, Training R-squared: 0.5912048221, Validation R-squared: 0.5487062335
2023-11-22 23:49:10,066 - INFO - Epoch 59 : Training Loss: 11.5810737610, Validation Loss: 12.2000617981, Training R-squared: 0.5926189423, Validation R-squared: 0.5528555512
2023-11-22 23:49:13,248 - INFO - Epoch 60 : Training Loss: 11.5638971329, Validation Loss: 12.1856813431, Training R-squared: 0.5901026726, Validation R-squared: 0.5540402532
2023-11-22 23:49:17,257 - INFO - Epoch 61 : Training Loss: 11.5420055389, Validation Loss: 12.1800107956, Training R-squared: 0.5957407355, Validation R-squared: 0.5542917848
2023-11-22 23:49:20,841 - INFO - Epoch 62 : Training Loss: 11.4810838699, Validation Loss: 12.1716995239, Training R-squared: 0.5971307755, Validation R-squared: 0.5551518202
2023-11-22 23:49:24,408 - INFO - Epoch 63 : Training Loss: 11.4390134811, Validation Loss: 12.1481285095, Training R-squared: 0.5932788849, Validation R-squared: 0.5565026999
2023-11-22 23:49:27,723 - INFO - Epoch 64 : Training Loss: 11.4311246872, Validation Loss: 12.1524763107, Training R-squared: 0.6007714272, Validation R-squared: 0.5570484400
2023-11-22 23:49:31,097 - INFO - Epoch 65 : Training Loss: 11.4091587067, Validation Loss: 12.1380472183, Training R-squared: 0.6038239598, Validation R-squared: 0.5579533577
2023-11-22 23:49:34,835 - INFO - Epoch 66 : Training Loss: 11.4016761780, Validation Loss: 12.1171274185, Training R-squared: 0.5985429287, Validation R-squared: 0.5592656732
2023-11-22 23:49:38,230 - INFO - Epoch 67 : Training Loss: 11.3690786362, Validation Loss: 12.0962438583, Training R-squared: 0.6045885086, Validation R-squared: 0.5609975457
2023-11-22 23:49:41,805 - INFO - Epoch 68 : Training Loss: 11.3112869263, Validation Loss: 12.0955877304, Training R-squared: 0.6106083393, Validation R-squared: 0.5607776642
2023-11-22 23:49:45,432 - INFO - Epoch 69 : Training Loss: 11.3084421158, Validation Loss: 12.0776662827, Training R-squared: 0.6093264818, Validation R-squared: 0.5620113611
2023-11-22 23:49:48,894 - INFO - Epoch 70 : Training Loss: 11.2647819519, Validation Loss: 12.0705986023, Training R-squared: 0.6132074594, Validation R-squared: 0.5622938871
2023-11-22 23:49:52,256 - INFO - Epoch 71 : Training Loss: 11.2350978851, Validation Loss: 12.0581798553, Training R-squared: 0.6156832576, Validation R-squared: 0.5635214448
2023-11-22 23:49:55,624 - INFO - Epoch 72 : Training Loss: 11.2005090714, Validation Loss: 12.0631427765, Training R-squared: 0.6170908809, Validation R-squared: 0.5629508495
2023-11-22 23:49:59,233 - INFO - Epoch 73 : Training Loss: 11.2028303146, Validation Loss: 12.0403232574, Training R-squared: 0.6171553135, Validation R-squared: 0.5650714636
2023-11-22 23:50:02,558 - INFO - Epoch 74 : Training Loss: 11.1516656876, Validation Loss: 12.0266599655, Training R-squared: 0.6176202297, Validation R-squared: 0.5658459067
2023-11-22 23:50:06,164 - INFO - Epoch 75 : Training Loss: 11.1392793655, Validation Loss: 12.0260124207, Training R-squared: 0.6219825149, Validation R-squared: 0.5659278631
2023-11-22 23:50:09,961 - INFO - Epoch 76 : Training Loss: 11.1126556396, Validation Loss: 12.0191106796, Training R-squared: 0.6217347383, Validation R-squared: 0.5668717623
2023-11-22 23:50:13,336 - INFO - Epoch 77 : Training Loss: 11.0725936890, Validation Loss: 12.0093803406, Training R-squared: 0.6265169978, Validation R-squared: 0.5669203401
2023-11-22 23:50:17,012 - INFO - Epoch 78 : Training Loss: 11.0713396072, Validation Loss: 12.0339565277, Training R-squared: 0.6267894506, Validation R-squared: 0.5656776428
2023-11-22 23:50:20,798 - INFO - Epoch 79 : Training Loss: 11.0727167130, Validation Loss: 11.9931488037, Training R-squared: 0.6263160110, Validation R-squared: 0.5680490136
2023-11-22 23:50:23,989 - INFO - Epoch 80 : Training Loss: 11.0392885208, Validation Loss: 11.9734954834, Training R-squared: 0.6247384548, Validation R-squared: 0.5700958371
2023-11-22 23:50:27,022 - INFO - Epoch 81 : Training Loss: 10.9850511551, Validation Loss: 11.9837436676, Training R-squared: 0.6326204538, Validation R-squared: 0.5689594150
2023-11-22 23:50:30,184 - INFO - Epoch 82 : Training Loss: 10.9761476517, Validation Loss: 11.9768667221, Training R-squared: 0.6323491931, Validation R-squared: 0.5692754388
2023-11-22 23:50:33,261 - INFO - Epoch 83 : Training Loss: 10.9311857224, Validation Loss: 11.9639682770, Training R-squared: 0.6351289749, Validation R-squared: 0.5702697039
2023-11-22 23:50:36,353 - INFO - Epoch 84 : Training Loss: 10.9151096344, Validation Loss: 11.9770612717, Training R-squared: 0.6367666721, Validation R-squared: 0.5693058968
2023-11-22 23:50:39,617 - INFO - Epoch 85 : Training Loss: 10.8881196976, Validation Loss: 11.9360570908, Training R-squared: 0.6361535788, Validation R-squared: 0.5725663900
2023-11-22 23:50:42,548 - INFO - Epoch 86 : Training Loss: 10.8898220062, Validation Loss: 11.9430522919, Training R-squared: 0.6393349171, Validation R-squared: 0.5716519952
2023-11-22 23:50:45,808 - INFO - Epoch 87 : Training Loss: 10.8665590286, Validation Loss: 11.9414539337, Training R-squared: 0.6385126114, Validation R-squared: 0.5716298223
2023-11-22 23:50:48,850 - INFO - Epoch 88 : Training Loss: 10.8395833969, Validation Loss: 11.9382972717, Training R-squared: 0.6373693347, Validation R-squared: 0.5720204711
2023-11-22 23:50:52,109 - INFO - Epoch 89 : Training Loss: 10.7773675919, Validation Loss: 11.9073982239, Training R-squared: 0.6457802057, Validation R-squared: 0.5746135116
2023-11-22 23:50:55,375 - INFO - Epoch 90 : Training Loss: 10.7625665665, Validation Loss: 11.9132852554, Training R-squared: 0.6471644044, Validation R-squared: 0.5740355253
2023-11-22 23:50:59,021 - INFO - Epoch 91 : Training Loss: 10.7661533356, Validation Loss: 11.8924245834, Training R-squared: 0.6454815269, Validation R-squared: 0.5755930543
2023-11-22 23:51:02,193 - INFO - Epoch 92 : Training Loss: 10.7054004669, Validation Loss: 11.8900537491, Training R-squared: 0.6418828368, Validation R-squared: 0.5760446787
2023-11-22 23:51:05,614 - INFO - Epoch 93 : Training Loss: 10.6823825836, Validation Loss: 11.8965682983, Training R-squared: 0.6520994902, Validation R-squared: 0.5756163597
2023-11-22 23:51:08,830 - INFO - Epoch 94 : Training Loss: 10.6644172668, Validation Loss: 11.8816909790, Training R-squared: 0.6530876756, Validation R-squared: 0.5762884617
2023-11-22 23:51:11,964 - INFO - Epoch 95 : Training Loss: 10.6310501099, Validation Loss: 11.8830833435, Training R-squared: 0.6552345157, Validation R-squared: 0.5760740042
2023-11-22 23:51:15,314 - INFO - Epoch 96 : Training Loss: 10.6330766678, Validation Loss: 11.8656024933, Training R-squared: 0.6524384022, Validation R-squared: 0.5779317021
2023-11-22 23:51:18,839 - INFO - Epoch 97 : Training Loss: 10.6110019684, Validation Loss: 11.8524618149, Training R-squared: 0.6572195888, Validation R-squared: 0.5785291791
2023-11-22 23:51:22,129 - INFO - Epoch 98 : Training Loss: 10.5846767426, Validation Loss: 11.8581676483, Training R-squared: 0.6574329138, Validation R-squared: 0.5783393979
2023-11-22 23:51:25,437 - INFO - Epoch 99 : Training Loss: 10.5687513351, Validation Loss: 11.8522844315, Training R-squared: 0.6563404202, Validation R-squared: 0.5784931183
2023-11-22 23:51:28,599 - INFO - Epoch 100: Training Loss: 10.5199613571, Validation Loss: 11.8515748978, Training R-squared: 0.6583809257, Validation R-squared: 0.5788855553
2023-11-22 23:51:31,961 - INFO - Epoch 101: Training Loss: 10.4982309341, Validation Loss: 11.8357658386, Training R-squared: 0.6641087532, Validation R-squared: 0.5799320340
2023-11-22 23:51:35,325 - INFO - Epoch 102: Training Loss: 10.4740676880, Validation Loss: 11.8333368301, Training R-squared: 0.6649209261, Validation R-squared: 0.5797250271
2023-11-22 23:51:38,673 - INFO - Epoch 103: Training Loss: 10.4595394135, Validation Loss: 11.8512620926, Training R-squared: 0.6663485169, Validation R-squared: 0.5786093473
2023-11-22 23:51:42,193 - INFO - Epoch 104: Training Loss: 10.4398651123, Validation Loss: 11.8266229630, Training R-squared: 0.6686149240, Validation R-squared: 0.5803343654
2023-11-22 23:51:46,067 - INFO - Epoch 105: Training Loss: 10.4167375565, Validation Loss: 11.8176412582, Training R-squared: 0.6676082611, Validation R-squared: 0.5811102390
2023-11-22 23:51:50,217 - INFO - Epoch 106: Training Loss: 10.3863649368, Validation Loss: 11.8163557053, Training R-squared: 0.6700674295, Validation R-squared: 0.5809066892
2023-11-22 23:51:53,413 - INFO - Epoch 107: Training Loss: 10.3605480194, Validation Loss: 11.8298740387, Training R-squared: 0.6718866825, Validation R-squared: 0.5799546242
2023-11-22 23:51:56,764 - INFO - Epoch 108: Training Loss: 10.3406391144, Validation Loss: 11.8158473969, Training R-squared: 0.6711137891, Validation R-squared: 0.5809903145
2023-11-22 23:52:00,115 - INFO - Epoch 109: Training Loss: 10.3104658127, Validation Loss: 11.7948236465, Training R-squared: 0.6742363572, Validation R-squared: 0.5825997591
2023-11-22 23:52:03,190 - INFO - Epoch 110: Training Loss: 10.2798004150, Validation Loss: 11.8055305481, Training R-squared: 0.6767671108, Validation R-squared: 0.5823662877
2023-11-22 23:52:06,766 - INFO - Epoch 111: Training Loss: 10.2879304886, Validation Loss: 11.8151531219, Training R-squared: 0.6769643426, Validation R-squared: 0.5804713964
2023-11-22 23:52:10,182 - INFO - Epoch 112: Training Loss: 10.2294569016, Validation Loss: 11.8036518097, Training R-squared: 0.6783307195, Validation R-squared: 0.5814546347
2023-11-22 23:52:13,413 - INFO - Epoch 113: Training Loss: 10.2126550674, Validation Loss: 11.7626953125, Training R-squared: 0.6814787984, Validation R-squared: 0.5848268867
2023-11-22 23:52:16,946 - INFO - Epoch 114: Training Loss: 10.1782617569, Validation Loss: 11.7840900421, Training R-squared: 0.6825262904, Validation R-squared: 0.5832992792
2023-11-22 23:52:20,359 - INFO - Epoch 115: Training Loss: 10.1735382080, Validation Loss: 11.8023481369, Training R-squared: 0.6826061606, Validation R-squared: 0.5816877484
2023-11-22 23:52:23,403 - INFO - Epoch 116: Training Loss: 10.1558666229, Validation Loss: 11.7805147171, Training R-squared: 0.6837311387, Validation R-squared: 0.5837673545
2023-11-22 23:52:26,904 - INFO - Epoch 117: Training Loss: 10.1276950836, Validation Loss: 11.7494487762, Training R-squared: 0.6865190864, Validation R-squared: 0.5863478184
2023-11-22 23:52:30,407 - INFO - Epoch 118: Training Loss: 10.0878505707, Validation Loss: 11.7678060532, Training R-squared: 0.6816453934, Validation R-squared: 0.5846126080
2023-11-22 23:52:33,489 - INFO - Epoch 119: Training Loss: 10.0733585358, Validation Loss: 11.7565908432, Training R-squared: 0.6889374852, Validation R-squared: 0.5854125023
2023-11-22 23:52:36,780 - INFO - Epoch 120: Training Loss: 10.0669364929, Validation Loss: 11.7909393311, Training R-squared: 0.6897454262, Validation R-squared: 0.5825402141
2023-11-22 23:52:40,373 - INFO - Epoch 121: Training Loss: 10.0166549683, Validation Loss: 11.7527141571, Training R-squared: 0.6914368272, Validation R-squared: 0.5853799582
2023-11-22 23:52:43,814 - INFO - Epoch 122: Training Loss: 10.0149402618, Validation Loss: 11.7381381989, Training R-squared: 0.6925469041, Validation R-squared: 0.5866735578
2023-11-22 23:52:47,185 - INFO - Epoch 123: Training Loss: 9.9746465683, Validation Loss: 11.7738294601, Training R-squared: 0.6950135827, Validation R-squared: 0.5835366249
2023-11-22 23:52:50,828 - INFO - Epoch 124: Training Loss: 9.9914484024, Validation Loss: 11.7372884750, Training R-squared: 0.6937689185, Validation R-squared: 0.5867112279
2023-11-22 23:52:54,352 - INFO - Epoch 125: Training Loss: 9.9669570923, Validation Loss: 11.7335834503, Training R-squared: 0.6960712671, Validation R-squared: 0.5869503021
2023-11-22 23:52:57,524 - INFO - Epoch 126: Training Loss: 9.8968181610, Validation Loss: 11.7351932526, Training R-squared: 0.6995553970, Validation R-squared: 0.5865845680
2023-11-22 23:53:00,870 - INFO - Epoch 127: Training Loss: 9.8906984329, Validation Loss: 11.7979955673, Training R-squared: 0.6997944713, Validation R-squared: 0.5813872218
2023-11-22 23:53:04,021 - INFO - Epoch 128: Training Loss: 9.9139242172, Validation Loss: 11.7437896729, Training R-squared: 0.6982256770, Validation R-squared: 0.5860912800
2023-11-22 23:53:07,317 - INFO - Epoch 129: Training Loss: 9.8860931396, Validation Loss: 11.7097597122, Training R-squared: 0.7000265121, Validation R-squared: 0.5884253383
2023-11-22 23:53:10,508 - INFO - Epoch 130: Training Loss: 9.8470897675, Validation Loss: 11.7107648849, Training R-squared: 0.7023227215, Validation R-squared: 0.5882304907
2023-11-22 23:53:13,691 - INFO - Epoch 131: Training Loss: 9.8327131271, Validation Loss: 11.7262086868, Training R-squared: 0.7033966184, Validation R-squared: 0.5871996880
2023-11-22 23:53:17,348 - INFO - Epoch 132: Training Loss: 9.8177223206, Validation Loss: 11.7213811874, Training R-squared: 0.6995357275, Validation R-squared: 0.5877836943
2023-11-22 23:53:21,185 - INFO - Epoch 133: Training Loss: 9.7707357407, Validation Loss: 11.7332506180, Training R-squared: 0.7063128352, Validation R-squared: 0.5865055919
2023-11-22 23:53:24,554 - INFO - Epoch 134: Training Loss: 9.7663640976, Validation Loss: 11.7068147659, Training R-squared: 0.7075166702, Validation R-squared: 0.5885854363
2023-11-22 23:53:27,559 - INFO - Epoch 135: Training Loss: 9.7820358276, Validation Loss: 11.7545089722, Training R-squared: 0.7061665654, Validation R-squared: 0.5849134922
2023-11-22 23:53:30,895 - INFO - Epoch 136: Training Loss: 9.7487707138, Validation Loss: 11.7317142487, Training R-squared: 0.7077162266, Validation R-squared: 0.5865310431
2023-11-22 23:53:34,072 - INFO - Epoch 137: Training Loss: 9.7117710114, Validation Loss: 11.8047618866, Training R-squared: 0.7100818157, Validation R-squared: 0.5808114409
2023-11-22 23:53:37,558 - INFO - Epoch 138: Training Loss: 9.7141790390, Validation Loss: 11.7447156906, Training R-squared: 0.7103189826, Validation R-squared: 0.5855804682
2023-11-22 23:53:41,210 - INFO - Epoch 139: Training Loss: 9.6698474884, Validation Loss: 11.7095403671, Training R-squared: 0.6643916965, Validation R-squared: 0.5886311531
2023-11-22 23:53:52,363 - INFO - Model saved to models/portion_model/breakfast/512_512_200_64/sparsity_85_fold_2_model.keras
2023-11-22 23:53:56,973 - INFO - Avg Metrics: RMSE: 8.5837208266, R-squared: 0.0760935814, PCC: 0.8404515430
2023-11-22 23:53:56,973 - INFO - Agg Metrics: RMSE: 12.2388407997, R-squared: 0.5598228336, PCC: 0.7485153890
2023-11-22 23:54:03,979 - INFO - ================================================================== Fold 3 ===================================================================
2023-11-22 23:54:10,716 - INFO - Epoch 1  : Training Loss: 17.4649887085, Validation Loss: 17.0269012451, Training R-squared: 0.0731137916, Validation R-squared: 0.0884218439
2023-11-22 23:54:14,068 - INFO - Epoch 2  : Training Loss: 16.8163566589, Validation Loss: 15.6625404358, Training R-squared: 0.1434578151, Validation R-squared: 0.2292473465
2023-11-22 23:54:18,514 - INFO - Epoch 3  : Training Loss: 15.0196475983, Validation Loss: 13.9088678360, Training R-squared: 0.3173635900, Validation R-squared: 0.3940603733
2023-11-22 23:54:22,827 - INFO - Epoch 4  : Training Loss: 14.1166353226, Validation Loss: 13.6875982285, Training R-squared: 0.3986020088, Validation R-squared: 0.4124802053
2023-11-22 23:54:26,932 - INFO - Epoch 5  : Training Loss: 13.9443807602, Validation Loss: 13.5626907349, Training R-squared: 0.4130432606, Validation R-squared: 0.4237762690
2023-11-22 23:54:30,732 - INFO - Epoch 6  : Training Loss: 13.8285236359, Validation Loss: 13.5346679688, Training R-squared: 0.4204085469, Validation R-squared: 0.4264513254
2023-11-22 23:54:34,030 - INFO - Epoch 7  : Training Loss: 13.7877874374, Validation Loss: 13.4690208435, Training R-squared: 0.4252350032, Validation R-squared: 0.4314843118
2023-11-22 23:54:37,881 - INFO - Epoch 8  : Training Loss: 13.7142829895, Validation Loss: 13.3982667923, Training R-squared: 0.4286347926, Validation R-squared: 0.4381942153
2023-11-22 23:54:41,562 - INFO - Epoch 9  : Training Loss: 13.6217851639, Validation Loss: 13.3295698166, Training R-squared: 0.4388607740, Validation R-squared: 0.4434517324
2023-11-22 23:54:45,634 - INFO - Epoch 10 : Training Loss: 13.5283536911, Validation Loss: 13.2306451797, Training R-squared: 0.4456463456, Validation R-squared: 0.4522553384
2023-11-22 23:54:49,587 - INFO - Epoch 11 : Training Loss: 13.4206581116, Validation Loss: 13.1403923035, Training R-squared: 0.4521773160, Validation R-squared: 0.4596645236
2023-11-22 23:54:52,931 - INFO - Epoch 12 : Training Loss: 13.3080987930, Validation Loss: 13.0669546127, Training R-squared: 0.4651003182, Validation R-squared: 0.4657087922
2023-11-22 23:54:56,278 - INFO - Epoch 13 : Training Loss: 13.2408037186, Validation Loss: 13.0373811722, Training R-squared: 0.4702425897, Validation R-squared: 0.4685014188
2023-11-22 23:54:59,367 - INFO - Epoch 14 : Training Loss: 13.1806831360, Validation Loss: 12.9755954742, Training R-squared: 0.4744829237, Validation R-squared: 0.4732010067
2023-11-22 23:55:02,704 - INFO - Epoch 15 : Training Loss: 13.1575860977, Validation Loss: 12.9527559280, Training R-squared: 0.4744734168, Validation R-squared: 0.4752208591
2023-11-22 23:55:05,947 - INFO - Epoch 16 : Training Loss: 13.1152839661, Validation Loss: 12.9249343872, Training R-squared: 0.4816506505, Validation R-squared: 0.4775103331
2023-11-22 23:55:09,091 - INFO - Epoch 17 : Training Loss: 13.1113948822, Validation Loss: 12.9030694962, Training R-squared: 0.4824665189, Validation R-squared: 0.4786876142
2023-11-22 23:55:12,379 - INFO - Epoch 18 : Training Loss: 13.0200052261, Validation Loss: 12.8558044434, Training R-squared: 0.4890580475, Validation R-squared: 0.4825488329
2023-11-22 23:55:15,900 - INFO - Epoch 19 : Training Loss: 12.9752044678, Validation Loss: 12.8178806305, Training R-squared: 0.4911913872, Validation R-squared: 0.4856237173
2023-11-22 23:55:19,491 - INFO - Epoch 20 : Training Loss: 12.9547042847, Validation Loss: 12.7884664536, Training R-squared: 0.4925372303, Validation R-squared: 0.4887358248
2023-11-22 23:55:22,563 - INFO - Epoch 21 : Training Loss: 12.9037694931, Validation Loss: 12.7330417633, Training R-squared: 0.4971176982, Validation R-squared: 0.4926284552
2023-11-22 23:55:25,884 - INFO - Epoch 22 : Training Loss: 12.8301115036, Validation Loss: 12.7200527191, Training R-squared: 0.5023688674, Validation R-squared: 0.4940803945
2023-11-22 23:55:28,985 - INFO - Epoch 23 : Training Loss: 12.7768192291, Validation Loss: 12.6577119827, Training R-squared: 0.5075236559, Validation R-squared: 0.4985343516
2023-11-22 23:55:32,200 - INFO - Epoch 24 : Training Loss: 12.7538833618, Validation Loss: 12.6259937286, Training R-squared: 0.5067987442, Validation R-squared: 0.5012782812
2023-11-22 23:55:35,454 - INFO - Epoch 25 : Training Loss: 12.7072362900, Validation Loss: 12.5921621323, Training R-squared: 0.5117168427, Validation R-squared: 0.5037652850
2023-11-22 23:55:38,581 - INFO - Epoch 26 : Training Loss: 12.6182413101, Validation Loss: 12.5647830963, Training R-squared: 0.5168137550, Validation R-squared: 0.5064055324
2023-11-22 23:55:42,286 - INFO - Epoch 27 : Training Loss: 12.5900411606, Validation Loss: 12.5355043411, Training R-squared: 0.5207781196, Validation R-squared: 0.5082169771
2023-11-22 23:55:46,256 - INFO - Epoch 28 : Training Loss: 12.5348272324, Validation Loss: 12.4976720810, Training R-squared: 0.5246026516, Validation R-squared: 0.5114471316
2023-11-22 23:55:49,531 - INFO - Epoch 29 : Training Loss: 12.5127286911, Validation Loss: 12.4775648117, Training R-squared: 0.5282775760, Validation R-squared: 0.5132144690
2023-11-22 23:55:53,049 - INFO - Epoch 30 : Training Loss: 12.4769353867, Validation Loss: 12.4489812851, Training R-squared: 0.5284508467, Validation R-squared: 0.5154312253
2023-11-22 23:55:56,576 - INFO - Epoch 31 : Training Loss: 12.4344348907, Validation Loss: 12.4491672516, Training R-squared: 0.5332504511, Validation R-squared: 0.5156030655
2023-11-22 23:56:00,375 - INFO - Epoch 32 : Training Loss: 12.4085845947, Validation Loss: 12.4297246933, Training R-squared: 0.5342954993, Validation R-squared: 0.5165171027
2023-11-22 23:56:03,583 - INFO - Epoch 33 : Training Loss: 12.3666887283, Validation Loss: 12.3987655640, Training R-squared: 0.5364043713, Validation R-squared: 0.5191319585
2023-11-22 23:56:07,205 - INFO - Epoch 34 : Training Loss: 12.3370027542, Validation Loss: 12.3817939758, Training R-squared: 0.5403224826, Validation R-squared: 0.5202912688
2023-11-22 23:56:10,824 - INFO - Epoch 35 : Training Loss: 12.3222780228, Validation Loss: 12.3626852036, Training R-squared: 0.5419527292, Validation R-squared: 0.5218162537
2023-11-22 23:56:14,234 - INFO - Epoch 36 : Training Loss: 12.2943010330, Validation Loss: 12.3508806229, Training R-squared: 0.5434981585, Validation R-squared: 0.5230778456
2023-11-22 23:56:17,919 - INFO - Epoch 37 : Training Loss: 12.2659759521, Validation Loss: 12.3338594437, Training R-squared: 0.5460132957, Validation R-squared: 0.5242449641
2023-11-22 23:56:21,328 - INFO - Epoch 38 : Training Loss: 12.2459039688, Validation Loss: 12.3023796082, Training R-squared: 0.5459709764, Validation R-squared: 0.5267782807
2023-11-22 23:56:24,732 - INFO - Epoch 39 : Training Loss: 12.2155904770, Validation Loss: 12.2943058014, Training R-squared: 0.5481189489, Validation R-squared: 0.5272331834
2023-11-22 23:56:27,961 - INFO - Epoch 40 : Training Loss: 12.1790370941, Validation Loss: 12.2722005844, Training R-squared: 0.5530284643, Validation R-squared: 0.5289193392
2023-11-22 23:56:31,424 - INFO - Epoch 41 : Training Loss: 12.1405076981, Validation Loss: 12.2511720657, Training R-squared: 0.5553441644, Validation R-squared: 0.5306811333
2023-11-22 23:56:35,268 - INFO - Epoch 42 : Training Loss: 12.1127634048, Validation Loss: 12.2315645218, Training R-squared: 0.5567123890, Validation R-squared: 0.5323183537
2023-11-22 23:56:38,380 - INFO - Epoch 43 : Training Loss: 12.0799074173, Validation Loss: 12.2052097321, Training R-squared: 0.5590525270, Validation R-squared: 0.5342755318
2023-11-22 23:56:41,747 - INFO - Epoch 44 : Training Loss: 12.0687007904, Validation Loss: 12.1925907135, Training R-squared: 0.5599665046, Validation R-squared: 0.5352814794
2023-11-22 23:56:45,554 - INFO - Epoch 45 : Training Loss: 12.0543756485, Validation Loss: 12.1737604141, Training R-squared: 0.5620430112, Validation R-squared: 0.5367279649
2023-11-22 23:56:48,602 - INFO - Epoch 46 : Training Loss: 12.0062522888, Validation Loss: 12.1557455063, Training R-squared: 0.5634410381, Validation R-squared: 0.5380341411
2023-11-22 23:56:52,165 - INFO - Epoch 47 : Training Loss: 11.9871597290, Validation Loss: 12.1626157761, Training R-squared: 0.5671579242, Validation R-squared: 0.5372461081
2023-11-22 23:56:55,881 - INFO - Epoch 48 : Training Loss: 11.9523496628, Validation Loss: 12.1382942200, Training R-squared: 0.5680521727, Validation R-squared: 0.5396974087
2023-11-22 23:56:58,984 - INFO - Epoch 49 : Training Loss: 11.9273233414, Validation Loss: 12.1286897659, Training R-squared: 0.5689041615, Validation R-squared: 0.5404074788
2023-11-22 23:57:02,508 - INFO - Epoch 50 : Training Loss: 11.9073181152, Validation Loss: 12.1027431488, Training R-squared: 0.5699367523, Validation R-squared: 0.5419819951
2023-11-22 23:57:06,488 - INFO - Epoch 51 : Training Loss: 11.8554725647, Validation Loss: 12.0814390182, Training R-squared: 0.5744698644, Validation R-squared: 0.5435112715
2023-11-22 23:57:09,936 - INFO - Epoch 52 : Training Loss: 11.8560914993, Validation Loss: 12.1162166595, Training R-squared: 0.5755214691, Validation R-squared: 0.5406242013
2023-11-22 23:57:13,051 - INFO - Epoch 53 : Training Loss: 11.8271064758, Validation Loss: 12.0533857346, Training R-squared: 0.5754468441, Validation R-squared: 0.5456842780
2023-11-22 23:57:16,533 - INFO - Epoch 54 : Training Loss: 11.7918186188, Validation Loss: 12.0667829514, Training R-squared: 0.5814326406, Validation R-squared: 0.5446015596
2023-11-22 23:57:20,244 - INFO - Epoch 55 : Training Loss: 11.7817115784, Validation Loss: 12.0259609222, Training R-squared: 0.5813889503, Validation R-squared: 0.5479147434
2023-11-22 23:57:23,241 - INFO - Epoch 56 : Training Loss: 11.7306938171, Validation Loss: 12.0093050003, Training R-squared: 0.5842255950, Validation R-squared: 0.5489614606
2023-11-22 23:57:26,707 - INFO - Epoch 57 : Training Loss: 11.6899423599, Validation Loss: 11.9812927246, Training R-squared: 0.5869092941, Validation R-squared: 0.5509456992
2023-11-22 23:57:29,983 - INFO - Epoch 58 : Training Loss: 11.6635046005, Validation Loss: 11.9766340256, Training R-squared: 0.5886942744, Validation R-squared: 0.5516100526
2023-11-22 23:57:33,115 - INFO - Epoch 59 : Training Loss: 11.6504812241, Validation Loss: 11.9496545792, Training R-squared: 0.5912491083, Validation R-squared: 0.5532486439
2023-11-22 23:57:37,649 - INFO - Epoch 60 : Training Loss: 11.6177768707, Validation Loss: 11.9383268356, Training R-squared: 0.5932627320, Validation R-squared: 0.5538998246
2023-11-22 23:57:40,880 - INFO - Epoch 61 : Training Loss: 11.5704421997, Validation Loss: 11.9178705215, Training R-squared: 0.5941731930, Validation R-squared: 0.5555669665
2023-11-22 23:57:44,285 - INFO - Epoch 62 : Training Loss: 11.5520124435, Validation Loss: 11.9136743546, Training R-squared: 0.5958710313, Validation R-squared: 0.5558215380
2023-11-22 23:57:48,135 - INFO - Epoch 63 : Training Loss: 11.4781084061, Validation Loss: 11.9056692123, Training R-squared: 0.6009413600, Validation R-squared: 0.5565349460
2023-11-22 23:57:52,378 - INFO - Epoch 64 : Training Loss: 11.4908723831, Validation Loss: 11.8539800644, Training R-squared: 0.5989023447, Validation R-squared: 0.5605458617
2023-11-22 23:57:55,925 - INFO - Epoch 65 : Training Loss: 11.4431219101, Validation Loss: 11.8475742340, Training R-squared: 0.6011897326, Validation R-squared: 0.5607611537
2023-11-22 23:57:59,453 - INFO - Epoch 66 : Training Loss: 11.3970928192, Validation Loss: 11.8341884613, Training R-squared: 0.6078878045, Validation R-squared: 0.5618392825
2023-11-22 23:58:02,964 - INFO - Epoch 67 : Training Loss: 11.4074907303, Validation Loss: 11.8119544983, Training R-squared: 0.6070297360, Validation R-squared: 0.5635448098
2023-11-22 23:58:06,734 - INFO - Epoch 68 : Training Loss: 11.3731489182, Validation Loss: 11.7830305099, Training R-squared: 0.6080102921, Validation R-squared: 0.5655623674
2023-11-22 23:58:10,445 - INFO - Epoch 69 : Training Loss: 11.3434982300, Validation Loss: 11.7749223709, Training R-squared: 0.6106771231, Validation R-squared: 0.5665816665
2023-11-22 23:58:14,160 - INFO - Epoch 70 : Training Loss: 11.3281154633, Validation Loss: 11.7661008835, Training R-squared: 0.6119324565, Validation R-squared: 0.5665082932
2023-11-22 23:58:18,369 - INFO - Epoch 71 : Training Loss: 11.2849416733, Validation Loss: 11.7587099075, Training R-squared: 0.6162388921, Validation R-squared: 0.5672809482
2023-11-22 23:58:21,961 - INFO - Epoch 72 : Training Loss: 11.2380218506, Validation Loss: 11.7323942184, Training R-squared: 0.6190146804, Validation R-squared: 0.5693526864
2023-11-22 23:58:25,381 - INFO - Epoch 73 : Training Loss: 11.2008523941, Validation Loss: 11.7431421280, Training R-squared: 0.6223050952, Validation R-squared: 0.5682150126
2023-11-22 23:58:28,507 - INFO - Epoch 74 : Training Loss: 11.1663112640, Validation Loss: 11.7205438614, Training R-squared: 0.6230436563, Validation R-squared: 0.5704067349
2023-11-22 23:58:31,932 - INFO - Epoch 75 : Training Loss: 11.1442193985, Validation Loss: 11.7088584900, Training R-squared: 0.6258540750, Validation R-squared: 0.5706444383
2023-11-22 23:58:35,632 - INFO - Epoch 76 : Training Loss: 11.1512451172, Validation Loss: 11.6905012131, Training R-squared: 0.6247496605, Validation R-squared: 0.5723658204
2023-11-22 23:58:38,791 - INFO - Epoch 77 : Training Loss: 11.1195240021, Validation Loss: 11.6769723892, Training R-squared: 0.6238742471, Validation R-squared: 0.5731552243
2023-11-22 23:58:42,557 - INFO - Epoch 78 : Training Loss: 11.0518550873, Validation Loss: 11.6718673706, Training R-squared: 0.6299067140, Validation R-squared: 0.5737861991
2023-11-22 23:58:45,907 - INFO - Epoch 79 : Training Loss: 11.0673284531, Validation Loss: 11.6570930481, Training R-squared: 0.6297078133, Validation R-squared: 0.5745154619
2023-11-22 23:58:49,061 - INFO - Epoch 80 : Training Loss: 11.0177450180, Validation Loss: 11.6443805695, Training R-squared: 0.6334758401, Validation R-squared: 0.5757588744
2023-11-22 23:58:52,332 - INFO - Epoch 81 : Training Loss: 10.9826164246, Validation Loss: 11.6498517990, Training R-squared: 0.6348525882, Validation R-squared: 0.5752099156
2023-11-22 23:58:55,705 - INFO - Epoch 82 : Training Loss: 10.9613513947, Validation Loss: 11.6298160553, Training R-squared: 0.6367120147, Validation R-squared: 0.5763304830
2023-11-22 23:58:58,792 - INFO - Epoch 83 : Training Loss: 10.9111557007, Validation Loss: 11.6475763321, Training R-squared: 0.6395483613, Validation R-squared: 0.5753335357
2023-11-22 23:59:02,108 - INFO - Epoch 84 : Training Loss: 10.9142208099, Validation Loss: 11.6192893982, Training R-squared: 0.6405180693, Validation R-squared: 0.5772407651
2023-11-22 23:59:05,504 - INFO - Epoch 85 : Training Loss: 10.8566665649, Validation Loss: 11.6117305756, Training R-squared: 0.6426898241, Validation R-squared: 0.5776978135
2023-11-22 23:59:08,577 - INFO - Epoch 86 : Training Loss: 10.8523397446, Validation Loss: 11.6011705399, Training R-squared: 0.6430507302, Validation R-squared: 0.5785264373
2023-11-22 23:59:11,850 - INFO - Epoch 87 : Training Loss: 10.8117132187, Validation Loss: 11.6133546829, Training R-squared: 0.6467825174, Validation R-squared: 0.5776610374
2023-11-22 23:59:15,408 - INFO - Epoch 88 : Training Loss: 10.8188915253, Validation Loss: 11.6082649231, Training R-squared: 0.6462329030, Validation R-squared: 0.5774123669
2023-11-22 23:59:18,706 - INFO - Epoch 89 : Training Loss: 10.7717771530, Validation Loss: 11.5771026611, Training R-squared: 0.6485297084, Validation R-squared: 0.5802847743
2023-11-22 23:59:22,037 - INFO - Epoch 90 : Training Loss: 10.7298059464, Validation Loss: 11.5784749985, Training R-squared: 0.6511811018, Validation R-squared: 0.5804594755
2023-11-22 23:59:25,795 - INFO - Epoch 91 : Training Loss: 10.7205219269, Validation Loss: 11.5750408173, Training R-squared: 0.6516650319, Validation R-squared: 0.5807305574
2023-11-22 23:59:28,697 - INFO - Epoch 92 : Training Loss: 10.7035779953, Validation Loss: 11.5977420807, Training R-squared: 0.6541792750, Validation R-squared: 0.5779914260
2023-11-22 23:59:32,602 - INFO - Epoch 93 : Training Loss: 10.6225461960, Validation Loss: 11.5453004837, Training R-squared: 0.6566586494, Validation R-squared: 0.5826313496
2023-11-22 23:59:36,188 - INFO - Epoch 94 : Training Loss: 10.6417522430, Validation Loss: 11.5319643021, Training R-squared: 0.6578736305, Validation R-squared: 0.5832761526
2023-11-22 23:59:40,006 - INFO - Epoch 95 : Training Loss: 10.6338748932, Validation Loss: 11.5412178040, Training R-squared: 0.6591532230, Validation R-squared: 0.5830494165
2023-11-22 23:59:43,689 - INFO - Epoch 96 : Training Loss: 10.5758562088, Validation Loss: 11.5430107117, Training R-squared: 0.6602816582, Validation R-squared: 0.5824092627
2023-11-22 23:59:47,626 - INFO - Epoch 97 : Training Loss: 10.5595149994, Validation Loss: 11.5229415894, Training R-squared: 0.6624146104, Validation R-squared: 0.5841310620
2023-11-22 23:59:51,738 - INFO - Epoch 98 : Training Loss: 10.5411300659, Validation Loss: 11.5514392853, Training R-squared: 0.6622493863, Validation R-squared: 0.5814328790
2023-11-22 23:59:55,844 - INFO - Epoch 99 : Training Loss: 10.5082550049, Validation Loss: 11.5061988831, Training R-squared: 0.6622081995, Validation R-squared: 0.5853270292
2023-11-23 00:00:00,577 - INFO - Epoch 100: Training Loss: 10.4681949615, Validation Loss: 11.5175142288, Training R-squared: 0.6683946848, Validation R-squared: 0.5847193599
2023-11-23 00:00:05,019 - INFO - Epoch 101: Training Loss: 10.4563550949, Validation Loss: 11.5071477890, Training R-squared: 0.6685268283, Validation R-squared: 0.5848897099
2023-11-23 00:00:08,673 - INFO - Epoch 102: Training Loss: 10.4249315262, Validation Loss: 11.5033884048, Training R-squared: 0.6662882566, Validation R-squared: 0.5852774382
2023-11-23 00:00:12,039 - INFO - Epoch 103: Training Loss: 10.4232425690, Validation Loss: 11.5552024841, Training R-squared: 0.6714642048, Validation R-squared: 0.5812256932
2023-11-23 00:00:15,688 - INFO - Epoch 104: Training Loss: 10.4058647156, Validation Loss: 11.5410938263, Training R-squared: 0.6707953811, Validation R-squared: 0.5827493072
2023-11-23 00:00:19,913 - INFO - Epoch 105: Training Loss: 10.3749408722, Validation Loss: 11.5117902756, Training R-squared: 0.6747658849, Validation R-squared: 0.5848785639
2023-11-23 00:00:23,627 - INFO - Epoch 106: Training Loss: 10.3441886902, Validation Loss: 11.4992532730, Training R-squared: 0.6740249991, Validation R-squared: 0.5860143900
2023-11-23 00:00:27,658 - INFO - Epoch 107: Training Loss: 10.3333311081, Validation Loss: 11.5024156570, Training R-squared: 0.6745902896, Validation R-squared: 0.5853348970
2023-11-23 00:00:31,089 - INFO - Epoch 108: Training Loss: 10.2984876633, Validation Loss: 11.5498313904, Training R-squared: 0.6782690287, Validation R-squared: 0.5812746882
2023-11-23 00:00:34,169 - INFO - Epoch 109: Training Loss: 10.2908020020, Validation Loss: 11.4905643463, Training R-squared: 0.6789500713, Validation R-squared: 0.5861048102
2023-11-23 00:00:37,589 - INFO - Epoch 110: Training Loss: 10.2439212799, Validation Loss: 11.4795417786, Training R-squared: 0.6817639470, Validation R-squared: 0.5869449377
2023-11-23 00:00:41,091 - INFO - Epoch 111: Training Loss: 10.2303829193, Validation Loss: 11.4929008484, Training R-squared: 0.6814581752, Validation R-squared: 0.5857088566
2023-11-23 00:00:44,563 - INFO - Epoch 112: Training Loss: 10.2126331329, Validation Loss: 11.4751539230, Training R-squared: 0.6836792827, Validation R-squared: 0.5873324275
2023-11-23 00:00:48,245 - INFO - Epoch 113: Training Loss: 10.1624078751, Validation Loss: 11.4425897598, Training R-squared: 0.6849063635, Validation R-squared: 0.5899406075
2023-11-23 00:00:52,034 - INFO - Epoch 114: Training Loss: 10.2012100220, Validation Loss: 11.4744853973, Training R-squared: 0.6848116517, Validation R-squared: 0.5877912641
2023-11-23 00:00:55,701 - INFO - Epoch 115: Training Loss: 10.1544170380, Validation Loss: 11.4775705338, Training R-squared: 0.6817090511, Validation R-squared: 0.5871132016
2023-11-23 00:00:58,775 - INFO - Epoch 116: Training Loss: 10.0932712555, Validation Loss: 11.4832639694, Training R-squared: 0.6912185550, Validation R-squared: 0.5865374207
2023-11-23 00:01:02,113 - INFO - Epoch 117: Training Loss: 10.0715074539, Validation Loss: 11.4580535889, Training R-squared: 0.6924892068, Validation R-squared: 0.5883909464
2023-11-23 00:01:05,560 - INFO - Epoch 118: Training Loss: 10.0554656982, Validation Loss: 11.5162162781, Training R-squared: 0.6912795901, Validation R-squared: 0.5842123032
2023-11-23 00:01:15,724 - INFO - Model saved to models/portion_model/breakfast/512_512_200_64/sparsity_85_fold_3_model.keras
2023-11-23 00:01:21,657 - INFO - Avg Metrics: RMSE: 8.6986619147, R-squared: -0.0087767987, PCC: 0.8238298158
2023-11-23 00:01:21,658 - INFO - Agg Metrics: RMSE: 11.7022251229, R-squared: 0.5772649820, PCC: 0.7598979811
2023-11-23 00:01:29,096 - INFO - ================================================================== Fold 4 ===================================================================
2023-11-23 00:01:34,832 - INFO - Epoch 1  : Training Loss: 17.3243141174, Validation Loss: 17.5788936615, Training R-squared: 0.0730749518, Validation R-squared: 0.0865777954
2023-11-23 00:01:38,176 - INFO - Epoch 2  : Training Loss: 16.6599903107, Validation Loss: 16.2164764404, Training R-squared: 0.1408603638, Validation R-squared: 0.2248969376
2023-11-23 00:01:41,737 - INFO - Epoch 3  : Training Loss: 14.8787822723, Validation Loss: 14.7372970581, Training R-squared: 0.3164239824, Validation R-squared: 0.3618696332
2023-11-23 00:01:45,630 - INFO - Epoch 4  : Training Loss: 13.9504785538, Validation Loss: 14.3384208679, Training R-squared: 0.3966260254, Validation R-squared: 0.3968287706
2023-11-23 00:01:48,799 - INFO - Epoch 5  : Training Loss: 13.7447881699, Validation Loss: 14.2595920563, Training R-squared: 0.4174152911, Validation R-squared: 0.4035416245
2023-11-23 00:01:52,506 - INFO - Epoch 6  : Training Loss: 13.6676139832, Validation Loss: 14.2087345123, Training R-squared: 0.4231105447, Validation R-squared: 0.4075828791
2023-11-23 00:01:56,459 - INFO - Epoch 7  : Training Loss: 13.5770807266, Validation Loss: 14.1315202713, Training R-squared: 0.4313330352, Validation R-squared: 0.4138276875
2023-11-23 00:01:59,935 - INFO - Epoch 8  : Training Loss: 13.4859905243, Validation Loss: 14.0758199692, Training R-squared: 0.4390779138, Validation R-squared: 0.4183867574
2023-11-23 00:02:03,411 - INFO - Epoch 9  : Training Loss: 13.4251718521, Validation Loss: 14.0116128922, Training R-squared: 0.4429813325, Validation R-squared: 0.4237373173
2023-11-23 00:02:07,009 - INFO - Epoch 10 : Training Loss: 13.3339490891, Validation Loss: 13.9374103546, Training R-squared: 0.4523225129, Validation R-squared: 0.4303610623
2023-11-23 00:02:10,760 - INFO - Epoch 11 : Training Loss: 13.2432203293, Validation Loss: 13.8584012985, Training R-squared: 0.4576469660, Validation R-squared: 0.4363383055
2023-11-23 00:02:14,213 - INFO - Epoch 12 : Training Loss: 13.1539735794, Validation Loss: 13.8103427887, Training R-squared: 0.4641846418, Validation R-squared: 0.4412715435
2023-11-23 00:02:17,997 - INFO - Epoch 13 : Training Loss: 13.1223487854, Validation Loss: 13.7966041565, Training R-squared: 0.4701904058, Validation R-squared: 0.4426793158
2023-11-23 00:02:21,547 - INFO - Epoch 14 : Training Loss: 13.0465936661, Validation Loss: 13.7052879333, Training R-squared: 0.4756190777, Validation R-squared: 0.4491786659
2023-11-23 00:02:25,028 - INFO - Epoch 15 : Training Loss: 12.9215288162, Validation Loss: 13.6351718903, Training R-squared: 0.4855294526, Validation R-squared: 0.4554152191
2023-11-23 00:02:28,446 - INFO - Epoch 16 : Training Loss: 12.9262342453, Validation Loss: 13.5898342133, Training R-squared: 0.4855436087, Validation R-squared: 0.4590872824
2023-11-23 00:02:31,962 - INFO - Epoch 17 : Training Loss: 12.8627243042, Validation Loss: 13.5438089371, Training R-squared: 0.4894717634, Validation R-squared: 0.4625312984
2023-11-23 00:02:35,433 - INFO - Epoch 18 : Training Loss: 12.8010540009, Validation Loss: 13.5106954575, Training R-squared: 0.4957172871, Validation R-squared: 0.4651516974
2023-11-23 00:02:38,738 - INFO - Epoch 19 : Training Loss: 12.7492475510, Validation Loss: 13.4716072083, Training R-squared: 0.4960326552, Validation R-squared: 0.4688968062
2023-11-23 00:02:42,358 - INFO - Epoch 20 : Training Loss: 12.6856956482, Validation Loss: 13.4471158981, Training R-squared: 0.5049466491, Validation R-squared: 0.4702274799
2023-11-23 00:02:46,001 - INFO - Epoch 21 : Training Loss: 12.6487169266, Validation Loss: 13.3872537613, Training R-squared: 0.5047928691, Validation R-squared: 0.4753273726
2023-11-23 00:02:49,135 - INFO - Epoch 22 : Training Loss: 12.6127796173, Validation Loss: 13.3718662262, Training R-squared: 0.5100231767, Validation R-squared: 0.4769152403
2023-11-23 00:02:52,567 - INFO - Epoch 23 : Training Loss: 12.5684928894, Validation Loss: 13.3515415192, Training R-squared: 0.5143011808, Validation R-squared: 0.4775002003
2023-11-23 00:02:55,972 - INFO - Epoch 24 : Training Loss: 12.5396518707, Validation Loss: 13.3081216812, Training R-squared: 0.5157604218, Validation R-squared: 0.4810593128
2023-11-23 00:02:59,163 - INFO - Epoch 25 : Training Loss: 12.5046596527, Validation Loss: 13.2925500870, Training R-squared: 0.5189662576, Validation R-squared: 0.4823901355
2023-11-23 00:03:02,564 - INFO - Epoch 26 : Training Loss: 12.4848480225, Validation Loss: 13.2587432861, Training R-squared: 0.5183174610, Validation R-squared: 0.4852105677
2023-11-23 00:03:05,992 - INFO - Epoch 27 : Training Loss: 12.4385089874, Validation Loss: 13.2207155228, Training R-squared: 0.5251610875, Validation R-squared: 0.4881618619
2023-11-23 00:03:09,056 - INFO - Epoch 28 : Training Loss: 12.3677721024, Validation Loss: 13.1849946976, Training R-squared: 0.5304775238, Validation R-squared: 0.4908512831
2023-11-23 00:03:12,448 - INFO - Epoch 29 : Training Loss: 12.3397741318, Validation Loss: 13.1570482254, Training R-squared: 0.5284166336, Validation R-squared: 0.4933703244
2023-11-23 00:03:15,911 - INFO - Epoch 30 : Training Loss: 12.2881469727, Validation Loss: 13.1327838898, Training R-squared: 0.5356341600, Validation R-squared: 0.4952299893
2023-11-23 00:03:19,405 - INFO - Epoch 31 : Training Loss: 12.2675294876, Validation Loss: 13.1097993851, Training R-squared: 0.5374043584, Validation R-squared: 0.4967534542
2023-11-23 00:03:23,602 - INFO - Epoch 32 : Training Loss: 12.2235841751, Validation Loss: 13.0866174698, Training R-squared: 0.5409982204, Validation R-squared: 0.4985710084
2023-11-23 00:03:27,189 - INFO - Epoch 33 : Training Loss: 12.2095098495, Validation Loss: 13.0574979782, Training R-squared: 0.5418130159, Validation R-squared: 0.5008426309
2023-11-23 00:03:30,710 - INFO - Epoch 34 : Training Loss: 12.1759634018, Validation Loss: 13.0615797043, Training R-squared: 0.5441967845, Validation R-squared: 0.5001320839
2023-11-23 00:03:34,036 - INFO - Epoch 35 : Training Loss: 12.1457405090, Validation Loss: 13.0376129150, Training R-squared: 0.5475977659, Validation R-squared: 0.5017991662
2023-11-23 00:03:38,083 - INFO - Epoch 36 : Training Loss: 12.1133909225, Validation Loss: 13.0162143707, Training R-squared: 0.5497258306, Validation R-squared: 0.5042818785
2023-11-23 00:03:41,551 - INFO - Epoch 37 : Training Loss: 12.0501251221, Validation Loss: 12.9935874939, Training R-squared: 0.5540031791, Validation R-squared: 0.5054261088
2023-11-23 00:03:44,955 - INFO - Epoch 38 : Training Loss: 11.9914836884, Validation Loss: 12.9591627121, Training R-squared: 0.5567497611, Validation R-squared: 0.5085218549
2023-11-23 00:03:48,920 - INFO - Epoch 39 : Training Loss: 11.9784841537, Validation Loss: 12.9449663162, Training R-squared: 0.5588168502, Validation R-squared: 0.5095095634
2023-11-23 00:03:53,085 - INFO - Epoch 40 : Training Loss: 11.9611530304, Validation Loss: 12.9232358932, Training R-squared: 0.5575504303, Validation R-squared: 0.5110403895
2023-11-23 00:03:56,573 - INFO - Epoch 41 : Training Loss: 11.9324407578, Validation Loss: 12.9279794693, Training R-squared: 0.5608490109, Validation R-squared: 0.5102439523
2023-11-23 00:03:59,822 - INFO - Epoch 42 : Training Loss: 11.8815288544, Validation Loss: 12.8772163391, Training R-squared: 0.5656149387, Validation R-squared: 0.5148681998
2023-11-23 00:04:03,187 - INFO - Epoch 43 : Training Loss: 11.8631057739, Validation Loss: 12.8710603714, Training R-squared: 0.5676069856, Validation R-squared: 0.5150948763
2023-11-23 00:04:06,404 - INFO - Epoch 44 : Training Loss: 11.8150005341, Validation Loss: 12.8524608612, Training R-squared: 0.5713929534, Validation R-squared: 0.5162383318
2023-11-23 00:04:09,589 - INFO - Epoch 45 : Training Loss: 11.7927722931, Validation Loss: 12.8323650360, Training R-squared: 0.5719757080, Validation R-squared: 0.5181124210
2023-11-23 00:04:13,266 - INFO - Epoch 46 : Training Loss: 11.7403135300, Validation Loss: 12.8332071304, Training R-squared: 0.5718474388, Validation R-squared: 0.5181660056
2023-11-23 00:04:17,982 - INFO - Epoch 47 : Training Loss: 11.6979112625, Validation Loss: 12.8092756271, Training R-squared: 0.5787433982, Validation R-squared: 0.5197273493
2023-11-23 00:04:21,286 - INFO - Epoch 48 : Training Loss: 11.7234163284, Validation Loss: 12.7954263687, Training R-squared: 0.5783405900, Validation R-squared: 0.5206459761
2023-11-23 00:04:24,395 - INFO - Epoch 49 : Training Loss: 11.6689348221, Validation Loss: 12.7817640305, Training R-squared: 0.5817791224, Validation R-squared: 0.5217496157
2023-11-23 00:04:27,636 - INFO - Epoch 50 : Training Loss: 11.6580953598, Validation Loss: 12.7656269073, Training R-squared: 0.5811071992, Validation R-squared: 0.5231828094
2023-11-23 00:04:31,008 - INFO - Epoch 51 : Training Loss: 11.6124553680, Validation Loss: 12.7541122437, Training R-squared: 0.5854961276, Validation R-squared: 0.5240673423
2023-11-23 00:04:34,184 - INFO - Epoch 52 : Training Loss: 11.5984363556, Validation Loss: 12.7379198074, Training R-squared: 0.5863774419, Validation R-squared: 0.5249998569
2023-11-23 00:04:38,615 - INFO - Epoch 53 : Training Loss: 11.5486564636, Validation Loss: 12.7165584564, Training R-squared: 0.5891762972, Validation R-squared: 0.5270801783
2023-11-23 00:04:42,623 - INFO - Epoch 54 : Training Loss: 11.4969387054, Validation Loss: 12.7181224823, Training R-squared: 0.5913298130, Validation R-squared: 0.5266205072
2023-11-23 00:04:46,525 - INFO - Epoch 55 : Training Loss: 11.4986467361, Validation Loss: 12.6886005402, Training R-squared: 0.5934665203, Validation R-squared: 0.5290947556
2023-11-23 00:04:49,854 - INFO - Epoch 56 : Training Loss: 11.4631586075, Validation Loss: 12.6835298538, Training R-squared: 0.5950307250, Validation R-squared: 0.5295061469
2023-11-23 00:04:53,637 - INFO - Epoch 57 : Training Loss: 11.4467334747, Validation Loss: 12.7474784851, Training R-squared: 0.5967091322, Validation R-squared: 0.5234055519
2023-11-23 00:04:57,089 - INFO - Epoch 58 : Training Loss: 11.3720159531, Validation Loss: 12.6998100281, Training R-squared: 0.6027184725, Validation R-squared: 0.5276554227
2023-11-23 00:05:00,251 - INFO - Epoch 59 : Training Loss: 11.3782720566, Validation Loss: 12.6570920944, Training R-squared: 0.6015437841, Validation R-squared: 0.5312295556
2023-11-23 00:05:03,313 - INFO - Epoch 60 : Training Loss: 11.3704967499, Validation Loss: 12.6462745667, Training R-squared: 0.6011172533, Validation R-squared: 0.5318585038
2023-11-23 00:05:07,162 - INFO - Epoch 61 : Training Loss: 11.3075952530, Validation Loss: 12.6140308380, Training R-squared: 0.6061947942, Validation R-squared: 0.5351223350
2023-11-23 00:05:10,431 - INFO - Epoch 62 : Training Loss: 11.3004379272, Validation Loss: 12.6240472794, Training R-squared: 0.6065902710, Validation R-squared: 0.5334320664
2023-11-23 00:05:13,634 - INFO - Epoch 63 : Training Loss: 11.2696218491, Validation Loss: 12.5687160492, Training R-squared: 0.6085912585, Validation R-squared: 0.5386354923
2023-11-23 00:05:17,139 - INFO - Epoch 64 : Training Loss: 11.2577314377, Validation Loss: 12.5730581284, Training R-squared: 0.6094656587, Validation R-squared: 0.5381366014
2023-11-23 00:05:20,415 - INFO - Epoch 65 : Training Loss: 11.2222747803, Validation Loss: 12.5563116074, Training R-squared: 0.6126586795, Validation R-squared: 0.5392457247
2023-11-23 00:05:23,721 - INFO - Epoch 66 : Training Loss: 11.1667671204, Validation Loss: 12.5629482269, Training R-squared: 0.6157500744, Validation R-squared: 0.5391824841
2023-11-23 00:05:27,047 - INFO - Epoch 67 : Training Loss: 11.1649370193, Validation Loss: 12.5676469803, Training R-squared: 0.6158413887, Validation R-squared: 0.5379531384
2023-11-23 00:05:30,241 - INFO - Epoch 68 : Training Loss: 11.1388864517, Validation Loss: 12.5147542953, Training R-squared: 0.6186519861, Validation R-squared: 0.5426080823
2023-11-23 00:05:33,577 - INFO - Epoch 69 : Training Loss: 11.1106357574, Validation Loss: 12.5146646500, Training R-squared: 0.6200281382, Validation R-squared: 0.5420699120
2023-11-23 00:05:36,873 - INFO - Epoch 70 : Training Loss: 11.0850419998, Validation Loss: 12.5028753281, Training R-squared: 0.6220979095, Validation R-squared: 0.5428172946
2023-11-23 00:05:40,070 - INFO - Epoch 71 : Training Loss: 11.0529441833, Validation Loss: 12.5007085800, Training R-squared: 0.6227481961, Validation R-squared: 0.5438935757
2023-11-23 00:05:43,359 - INFO - Epoch 72 : Training Loss: 11.0228090286, Validation Loss: 12.5214958191, Training R-squared: 0.6264206767, Validation R-squared: 0.5416074395
2023-11-23 00:05:46,765 - INFO - Epoch 73 : Training Loss: 11.0025863647, Validation Loss: 12.4924564362, Training R-squared: 0.6276710629, Validation R-squared: 0.5436233878
2023-11-23 00:05:49,892 - INFO - Epoch 74 : Training Loss: 10.9774112701, Validation Loss: 12.4657878876, Training R-squared: 0.6292243004, Validation R-squared: 0.5462152362
2023-11-23 00:05:53,274 - INFO - Epoch 75 : Training Loss: 10.9471130371, Validation Loss: 12.4240903854, Training R-squared: 0.6307127476, Validation R-squared: 0.5494096279
2023-11-23 00:05:56,796 - INFO - Epoch 76 : Training Loss: 10.8973255157, Validation Loss: 12.4326629639, Training R-squared: 0.6344315410, Validation R-squared: 0.5484035611
2023-11-23 00:05:59,963 - INFO - Epoch 77 : Training Loss: 10.8657922745, Validation Loss: 12.4313898087, Training R-squared: 0.6351954937, Validation R-squared: 0.5484997630
2023-11-23 00:06:03,240 - INFO - Epoch 78 : Training Loss: 10.8636550903, Validation Loss: 12.4539022446, Training R-squared: 0.6355838180, Validation R-squared: 0.5463554263
2023-11-23 00:06:06,525 - INFO - Epoch 79 : Training Loss: 10.8309412003, Validation Loss: 12.3991765976, Training R-squared: 0.6398265958, Validation R-squared: 0.5508757234
2023-11-23 00:06:09,597 - INFO - Epoch 80 : Training Loss: 10.7794885635, Validation Loss: 12.3992996216, Training R-squared: 0.6412960291, Validation R-squared: 0.5514231324
2023-11-23 00:06:12,917 - INFO - Epoch 81 : Training Loss: 10.7977638245, Validation Loss: 12.4043874741, Training R-squared: 0.6411382556, Validation R-squared: 0.5505309701
2023-11-23 00:06:16,374 - INFO - Epoch 82 : Training Loss: 10.7063941956, Validation Loss: 12.3794269562, Training R-squared: 0.6471217871, Validation R-squared: 0.5528542995
2023-11-23 00:06:19,658 - INFO - Epoch 83 : Training Loss: 10.6815147400, Validation Loss: 12.4056625366, Training R-squared: 0.6467959285, Validation R-squared: 0.5499260426
2023-11-23 00:06:22,895 - INFO - Epoch 84 : Training Loss: 10.6296453476, Validation Loss: 12.3800640106, Training R-squared: 0.6515535712, Validation R-squared: 0.5520198941
2023-11-23 00:06:26,264 - INFO - Epoch 85 : Training Loss: 10.6685104370, Validation Loss: 12.4062175751, Training R-squared: 0.6490178704, Validation R-squared: 0.5497546792
2023-11-23 00:06:29,232 - INFO - Epoch 86 : Training Loss: 10.6484203339, Validation Loss: 12.3328886032, Training R-squared: 0.6489032507, Validation R-squared: 0.5561767220
2023-11-23 00:06:32,623 - INFO - Epoch 87 : Training Loss: 10.6052370071, Validation Loss: 12.3564462662, Training R-squared: 0.6533412933, Validation R-squared: 0.5539543033
2023-11-23 00:06:35,887 - INFO - Epoch 88 : Training Loss: 10.5797662735, Validation Loss: 12.3781356812, Training R-squared: 0.6527901888, Validation R-squared: 0.5522041917
2023-11-23 00:06:38,999 - INFO - Epoch 89 : Training Loss: 10.5619401932, Validation Loss: 12.3881330490, Training R-squared: 0.6569606066, Validation R-squared: 0.5514524579
2023-11-23 00:06:42,260 - INFO - Epoch 90 : Training Loss: 10.5333061218, Validation Loss: 12.3549871445, Training R-squared: 0.6579899788, Validation R-squared: 0.5542173386
2023-11-23 00:06:45,467 - INFO - Epoch 91 : Training Loss: 10.5170507431, Validation Loss: 12.3553724289, Training R-squared: 0.6598289609, Validation R-squared: 0.5540996790
2023-11-23 00:06:54,527 - INFO - Model saved to models/portion_model/breakfast/512_512_200_64/sparsity_85_fold_4_model.keras
2023-11-23 00:06:59,947 - INFO - Avg Metrics: RMSE: 9.0867202514, R-squared: -0.9562076435, PCC: 0.8044683796
2023-11-23 00:06:59,947 - INFO - Agg Metrics: RMSE: 12.8396775931, R-squared: 0.5308760930, PCC: 0.7288313623
2023-11-23 00:07:06,204 - INFO - ================================================================== Fold 5 ===================================================================
2023-11-23 00:07:11,155 - INFO - Epoch 1  : Training Loss: 17.3894634247, Validation Loss: 17.2409133911, Training R-squared: 0.0725922137, Validation R-squared: 0.0892471299
2023-11-23 00:07:14,064 - INFO - Epoch 2  : Training Loss: 16.7299060822, Validation Loss: 15.8125953674, Training R-squared: 0.1463325769, Validation R-squared: 0.2357094884
2023-11-23 00:07:17,399 - INFO - Epoch 3  : Training Loss: 14.8707113266, Validation Loss: 14.2287817001, Training R-squared: 0.3258686960, Validation R-squared: 0.3820649981
2023-11-23 00:07:20,962 - INFO - Epoch 4  : Training Loss: 14.0437383652, Validation Loss: 13.9384565353, Training R-squared: 0.3990280628, Validation R-squared: 0.4069553912
2023-11-23 00:07:24,171 - INFO - Epoch 5  : Training Loss: 13.8680047989, Validation Loss: 13.8219099045, Training R-squared: 0.4152012169, Validation R-squared: 0.4170205295
2023-11-23 00:07:27,303 - INFO - Epoch 6  : Training Loss: 13.7715311050, Validation Loss: 13.7659378052, Training R-squared: 0.4235809147, Validation R-squared: 0.4214543402
2023-11-23 00:07:30,368 - INFO - Epoch 7  : Training Loss: 13.7055931091, Validation Loss: 13.7158689499, Training R-squared: 0.4273588359, Validation R-squared: 0.4258611202
2023-11-23 00:07:33,985 - INFO - Epoch 8  : Training Loss: 13.6588411331, Validation Loss: 13.7149515152, Training R-squared: 0.4326269031, Validation R-squared: 0.4263520539
2023-11-23 00:07:37,110 - INFO - Epoch 9  : Training Loss: 13.6016902924, Validation Loss: 13.5991306305, Training R-squared: 0.4362727106, Validation R-squared: 0.4357791841
2023-11-23 00:07:40,281 - INFO - Epoch 10 : Training Loss: 13.4839639664, Validation Loss: 13.5342397690, Training R-squared: 0.4465030134, Validation R-squared: 0.4412408173
2023-11-23 00:07:43,415 - INFO - Epoch 11 : Training Loss: 13.4162960052, Validation Loss: 13.4307098389, Training R-squared: 0.4531522691, Validation R-squared: 0.4498245716
2023-11-23 00:07:46,653 - INFO - Epoch 12 : Training Loss: 13.3177680969, Validation Loss: 13.3531284332, Training R-squared: 0.4606101811, Validation R-squared: 0.4563201964
2023-11-23 00:07:49,569 - INFO - Epoch 13 : Training Loss: 13.2294998169, Validation Loss: 13.2781887054, Training R-squared: 0.4683711231, Validation R-squared: 0.4626330137
2023-11-23 00:07:52,749 - INFO - Epoch 14 : Training Loss: 13.1281814575, Validation Loss: 13.2290496826, Training R-squared: 0.4748282731, Validation R-squared: 0.4666007757
2023-11-23 00:07:55,983 - INFO - Epoch 15 : Training Loss: 13.0692386627, Validation Loss: 13.1647090912, Training R-squared: 0.4798406363, Validation R-squared: 0.4716196060
2023-11-23 00:07:58,904 - INFO - Epoch 16 : Training Loss: 13.0164852142, Validation Loss: 13.1131553650, Training R-squared: 0.4848088324, Validation R-squared: 0.4760855138
2023-11-23 00:08:02,065 - INFO - Epoch 17 : Training Loss: 12.9745426178, Validation Loss: 13.0777835846, Training R-squared: 0.4899511039, Validation R-squared: 0.4789454937
2023-11-23 00:08:05,058 - INFO - Epoch 18 : Training Loss: 12.8905811310, Validation Loss: 13.0476312637, Training R-squared: 0.4912714660, Validation R-squared: 0.4814893007
2023-11-23 00:08:08,168 - INFO - Epoch 19 : Training Loss: 12.8321819305, Validation Loss: 12.9915161133, Training R-squared: 0.4953778684, Validation R-squared: 0.4855598211
2023-11-23 00:08:11,326 - INFO - Epoch 20 : Training Loss: 12.7614154816, Validation Loss: 12.9663915634, Training R-squared: 0.5043085814, Validation R-squared: 0.4875064492
2023-11-23 00:08:14,238 - INFO - Epoch 21 : Training Loss: 12.7747612000, Validation Loss: 12.9417858124, Training R-squared: 0.5048611164, Validation R-squared: 0.4894560874
2023-11-23 00:08:17,622 - INFO - Epoch 22 : Training Loss: 12.7146835327, Validation Loss: 12.9202375412, Training R-squared: 0.5048932433, Validation R-squared: 0.4915217161
2023-11-23 00:08:20,776 - INFO - Epoch 23 : Training Loss: 12.7014808655, Validation Loss: 12.8794641495, Training R-squared: 0.5102802515, Validation R-squared: 0.4948714077
2023-11-23 00:08:23,789 - INFO - Epoch 24 : Training Loss: 12.6565837860, Validation Loss: 12.8533401489, Training R-squared: 0.5146222115, Validation R-squared: 0.4969199002
2023-11-23 00:08:26,947 - INFO - Epoch 25 : Training Loss: 12.6164531708, Validation Loss: 12.8249521255, Training R-squared: 0.5174119473, Validation R-squared: 0.4991782308
2023-11-23 00:08:29,916 - INFO - Epoch 26 : Training Loss: 12.5911588669, Validation Loss: 12.7937383652, Training R-squared: 0.5174897909, Validation R-squared: 0.5013492107
2023-11-23 00:08:33,152 - INFO - Epoch 27 : Training Loss: 12.5367002487, Validation Loss: 12.7744789124, Training R-squared: 0.5216670632, Validation R-squared: 0.5030944347
2023-11-23 00:08:36,311 - INFO - Epoch 28 : Training Loss: 12.5092525482, Validation Loss: 12.7421951294, Training R-squared: 0.5253596306, Validation R-squared: 0.5057215095
2023-11-23 00:08:39,356 - INFO - Epoch 29 : Training Loss: 12.4521837234, Validation Loss: 12.7158546448, Training R-squared: 0.5266836882, Validation R-squared: 0.5076611638
2023-11-23 00:08:42,484 - INFO - Epoch 30 : Training Loss: 12.4150009155, Validation Loss: 12.6870784760, Training R-squared: 0.5303109288, Validation R-squared: 0.5100161433
2023-11-23 00:08:45,731 - INFO - Epoch 31 : Training Loss: 12.3656272888, Validation Loss: 12.6520290375, Training R-squared: 0.5350489020, Validation R-squared: 0.5127170682
2023-11-23 00:08:48,724 - INFO - Epoch 32 : Training Loss: 12.3599157333, Validation Loss: 12.6173801422, Training R-squared: 0.5342427492, Validation R-squared: 0.5152718425
2023-11-23 00:08:51,888 - INFO - Epoch 33 : Training Loss: 12.3149824142, Validation Loss: 12.5986852646, Training R-squared: 0.5406589508, Validation R-squared: 0.5167852044
2023-11-23 00:08:54,833 - INFO - Epoch 34 : Training Loss: 12.3047285080, Validation Loss: 12.5923824310, Training R-squared: 0.5398594737, Validation R-squared: 0.5173366666
2023-11-23 00:08:57,973 - INFO - Epoch 35 : Training Loss: 12.2551918030, Validation Loss: 12.5665388107, Training R-squared: 0.5439192653, Validation R-squared: 0.5191639662
2023-11-23 00:09:01,200 - INFO - Epoch 36 : Training Loss: 12.2235841751, Validation Loss: 12.5508375168, Training R-squared: 0.5462253094, Validation R-squared: 0.5204540491
2023-11-23 00:09:04,122 - INFO - Epoch 37 : Training Loss: 12.1873273849, Validation Loss: 12.5366640091, Training R-squared: 0.5486705899, Validation R-squared: 0.5214198828
2023-11-23 00:09:07,258 - INFO - Epoch 38 : Training Loss: 12.1449060440, Validation Loss: 12.5219106674, Training R-squared: 0.5521587729, Validation R-squared: 0.5224838257
2023-11-23 00:09:10,247 - INFO - Epoch 39 : Training Loss: 12.1305503845, Validation Loss: 12.4984712601, Training R-squared: 0.5522572398, Validation R-squared: 0.5244546533
2023-11-23 00:09:13,504 - INFO - Epoch 40 : Training Loss: 12.0933046341, Validation Loss: 12.4810113907, Training R-squared: 0.5553392172, Validation R-squared: 0.5258612633
2023-11-23 00:09:17,083 - INFO - Epoch 41 : Training Loss: 12.0844678879, Validation Loss: 12.5147180557, Training R-squared: 0.5563441515, Validation R-squared: 0.5227940679
2023-11-23 00:09:20,099 - INFO - Epoch 42 : Training Loss: 12.0534324646, Validation Loss: 12.4492530823, Training R-squared: 0.5600297451, Validation R-squared: 0.5282380581
2023-11-23 00:09:23,224 - INFO - Epoch 43 : Training Loss: 12.0060625076, Validation Loss: 12.4314479828, Training R-squared: 0.5606042743, Validation R-squared: 0.5297879577
2023-11-23 00:09:26,459 - INFO - Epoch 44 : Training Loss: 11.9539232254, Validation Loss: 12.4114732742, Training R-squared: 0.5662620664, Validation R-squared: 0.5312709808
2023-11-23 00:09:29,387 - INFO - Epoch 45 : Training Loss: 11.9444541931, Validation Loss: 12.3984251022, Training R-squared: 0.5616903305, Validation R-squared: 0.5321961641
2023-11-23 00:09:32,642 - INFO - Epoch 46 : Training Loss: 11.9273548126, Validation Loss: 12.3797788620, Training R-squared: 0.5692074895, Validation R-squared: 0.5334019065
2023-11-23 00:09:35,872 - INFO - Epoch 47 : Training Loss: 11.8913125992, Validation Loss: 12.3740978241, Training R-squared: 0.5708922148, Validation R-squared: 0.5340251923
2023-11-23 00:09:38,900 - INFO - Epoch 48 : Training Loss: 11.8414545059, Validation Loss: 12.3489389420, Training R-squared: 0.5740581155, Validation R-squared: 0.5357989669
2023-11-23 00:09:42,121 - INFO - Epoch 49 : Training Loss: 11.8166284561, Validation Loss: 12.3280048370, Training R-squared: 0.5767102838, Validation R-squared: 0.5371867418
2023-11-23 00:09:45,162 - INFO - Epoch 50 : Training Loss: 11.7865114212, Validation Loss: 12.3130235672, Training R-squared: 0.5776873231, Validation R-squared: 0.5387380123
2023-11-23 00:09:48,373 - INFO - Epoch 51 : Training Loss: 11.7317905426, Validation Loss: 12.2845687866, Training R-squared: 0.5809994936, Validation R-squared: 0.5406279564
2023-11-23 00:09:51,607 - INFO - Epoch 52 : Training Loss: 11.7134237289, Validation Loss: 12.2780838013, Training R-squared: 0.5816871524, Validation R-squared: 0.5413677096
2023-11-23 00:09:54,519 - INFO - Epoch 53 : Training Loss: 11.6804914474, Validation Loss: 12.2525396347, Training R-squared: 0.5866312981, Validation R-squared: 0.5429662466
2023-11-23 00:09:57,675 - INFO - Epoch 54 : Training Loss: 11.6770486832, Validation Loss: 12.2542467117, Training R-squared: 0.5851230621, Validation R-squared: 0.5425460935
2023-11-23 00:10:00,874 - INFO - Epoch 55 : Training Loss: 11.6090936661, Validation Loss: 12.2406129837, Training R-squared: 0.5898177624, Validation R-squared: 0.5440345407
2023-11-23 00:10:04,057 - INFO - Epoch 56 : Training Loss: 11.5929355621, Validation Loss: 12.2090969086, Training R-squared: 0.5912545919, Validation R-squared: 0.5464342237
2023-11-23 00:10:07,959 - INFO - Epoch 57 : Training Loss: 11.5569667816, Validation Loss: 12.2015533447, Training R-squared: 0.5944836736, Validation R-squared: 0.5469493270
2023-11-23 00:10:11,877 - INFO - Epoch 58 : Training Loss: 11.5221624374, Validation Loss: 12.1690845490, Training R-squared: 0.5976620913, Validation R-squared: 0.5490750074
2023-11-23 00:10:15,263 - INFO - Epoch 59 : Training Loss: 11.5112314224, Validation Loss: 12.1572198868, Training R-squared: 0.5935838223, Validation R-squared: 0.5501888990
2023-11-23 00:10:19,028 - INFO - Epoch 60 : Training Loss: 11.4672060013, Validation Loss: 12.1426229477, Training R-squared: 0.6002429724, Validation R-squared: 0.5511459708
2023-11-23 00:10:22,521 - INFO - Epoch 61 : Training Loss: 11.4127035141, Validation Loss: 12.1219768524, Training R-squared: 0.6048905849, Validation R-squared: 0.5526270270
2023-11-23 00:10:26,398 - INFO - Epoch 62 : Training Loss: 11.4000787735, Validation Loss: 12.1178913116, Training R-squared: 0.6066052318, Validation R-squared: 0.5530885458
2023-11-23 00:10:29,672 - INFO - Epoch 63 : Training Loss: 11.3987054825, Validation Loss: 12.1145076752, Training R-squared: 0.6061191559, Validation R-squared: 0.5529848337
2023-11-23 00:10:33,483 - INFO - Epoch 64 : Training Loss: 11.3849830627, Validation Loss: 12.0836191177, Training R-squared: 0.6071426868, Validation R-squared: 0.5556614399
2023-11-23 00:10:37,068 - INFO - Epoch 65 : Training Loss: 11.3160963058, Validation Loss: 12.0665931702, Training R-squared: 0.6106514931, Validation R-squared: 0.5566539168
2023-11-23 00:10:40,331 - INFO - Epoch 66 : Training Loss: 11.2895193100, Validation Loss: 12.0558300018, Training R-squared: 0.6130782366, Validation R-squared: 0.5577025414
2023-11-23 00:10:43,556 - INFO - Epoch 67 : Training Loss: 11.2555646896, Validation Loss: 12.0464582443, Training R-squared: 0.6168481708, Validation R-squared: 0.5581614375
2023-11-23 00:10:47,062 - INFO - Epoch 68 : Training Loss: 11.2289085388, Validation Loss: 12.0429363251, Training R-squared: 0.6174945831, Validation R-squared: 0.5588071942
2023-11-23 00:10:50,709 - INFO - Epoch 69 : Training Loss: 11.2161560059, Validation Loss: 12.0305814743, Training R-squared: 0.6177707911, Validation R-squared: 0.5592224002
2023-11-23 00:10:54,052 - INFO - Epoch 70 : Training Loss: 11.1752490997, Validation Loss: 12.0133047104, Training R-squared: 0.6209204197, Validation R-squared: 0.5606735945
2023-11-23 00:10:57,247 - INFO - Epoch 71 : Training Loss: 11.1346454620, Validation Loss: 12.0259933472, Training R-squared: 0.6227422357, Validation R-squared: 0.5595551133
2023-11-23 00:11:00,479 - INFO - Epoch 72 : Training Loss: 11.1456909180, Validation Loss: 11.9845571518, Training R-squared: 0.6230317354, Validation R-squared: 0.5628191829
2023-11-23 00:11:03,735 - INFO - Epoch 73 : Training Loss: 11.1144027710, Validation Loss: 11.9853878021, Training R-squared: 0.6250797510, Validation R-squared: 0.5627469420
2023-11-23 00:11:07,033 - INFO - Epoch 74 : Training Loss: 11.0787706375, Validation Loss: 12.0171594620, Training R-squared: 0.6266641021, Validation R-squared: 0.5602155328
2023-11-23 00:11:10,083 - INFO - Epoch 75 : Training Loss: 11.0558452606, Validation Loss: 11.9680042267, Training R-squared: 0.6272102594, Validation R-squared: 0.5638391376
2023-11-23 00:11:13,455 - INFO - Epoch 76 : Training Loss: 11.0490312576, Validation Loss: 11.9513530731, Training R-squared: 0.6291693449, Validation R-squared: 0.5651425123
2023-11-23 00:11:17,158 - INFO - Epoch 77 : Training Loss: 11.0035009384, Validation Loss: 11.9500513077, Training R-squared: 0.6322332025, Validation R-squared: 0.5651539564
2023-11-23 00:11:20,385 - INFO - Epoch 78 : Training Loss: 10.9936046600, Validation Loss: 11.9323024750, Training R-squared: 0.6326493621, Validation R-squared: 0.5667233467
2023-11-23 00:11:23,639 - INFO - Epoch 79 : Training Loss: 10.9714794159, Validation Loss: 11.9304599762, Training R-squared: 0.6353694797, Validation R-squared: 0.5665001869
2023-11-23 00:11:26,913 - INFO - Epoch 80 : Training Loss: 10.9240570068, Validation Loss: 11.9445581436, Training R-squared: 0.6366580129, Validation R-squared: 0.5655911565
2023-11-23 00:11:30,064 - INFO - Epoch 81 : Training Loss: 10.8926820755, Validation Loss: 11.9208431244, Training R-squared: 0.6379274130, Validation R-squared: 0.5670662522
2023-11-23 00:11:33,274 - INFO - Epoch 82 : Training Loss: 10.8684606552, Validation Loss: 11.9219446182, Training R-squared: 0.6397008300, Validation R-squared: 0.5672060251
2023-11-23 00:11:36,670 - INFO - Epoch 83 : Training Loss: 10.8552703857, Validation Loss: 11.9062061310, Training R-squared: 0.6412982941, Validation R-squared: 0.5680781007
2023-11-23 00:11:39,777 - INFO - Epoch 84 : Training Loss: 10.8334217072, Validation Loss: 11.8763875961, Training R-squared: 0.6436539888, Validation R-squared: 0.5707729459
2023-11-23 00:11:43,507 - INFO - Epoch 85 : Training Loss: 10.7926254272, Validation Loss: 11.8994073868, Training R-squared: 0.6450874209, Validation R-squared: 0.5687094331
2023-11-23 00:11:46,809 - INFO - Epoch 86 : Training Loss: 10.7694616318, Validation Loss: 11.8652963638, Training R-squared: 0.6420524716, Validation R-squared: 0.5713967085
2023-11-23 00:11:49,824 - INFO - Epoch 87 : Training Loss: 10.7341146469, Validation Loss: 11.8716726303, Training R-squared: 0.6475236416, Validation R-squared: 0.5706155896
2023-11-23 00:11:53,176 - INFO - Epoch 88 : Training Loss: 10.7447881699, Validation Loss: 11.9041681290, Training R-squared: 0.6499904990, Validation R-squared: 0.5681668520
2023-11-23 00:11:56,537 - INFO - Epoch 89 : Training Loss: 10.7070045471, Validation Loss: 11.8464584351, Training R-squared: 0.6503583193, Validation R-squared: 0.5726244450
2023-11-23 00:11:59,541 - INFO - Epoch 90 : Training Loss: 10.6787757874, Validation Loss: 11.8247194290, Training R-squared: 0.6540260315, Validation R-squared: 0.5741284490
2023-11-23 00:12:02,834 - INFO - Epoch 91 : Training Loss: 10.6163854599, Validation Loss: 11.8206195831, Training R-squared: 0.6535795331, Validation R-squared: 0.5746371150
2023-11-23 00:12:06,195 - INFO - Epoch 92 : Training Loss: 10.6013603210, Validation Loss: 11.8373813629, Training R-squared: 0.6573141813, Validation R-squared: 0.5733284950
2023-11-23 00:12:09,195 - INFO - Epoch 93 : Training Loss: 10.6046495438, Validation Loss: 11.8308887482, Training R-squared: 0.6588382125, Validation R-squared: 0.5736148953
2023-11-23 00:12:12,457 - INFO - Epoch 94 : Training Loss: 10.5619277954, Validation Loss: 11.8174724579, Training R-squared: 0.6590693593, Validation R-squared: 0.5748209357
2023-11-23 00:12:15,492 - INFO - Epoch 95 : Training Loss: 10.5313453674, Validation Loss: 11.8267955780, Training R-squared: 0.6627753973, Validation R-squared: 0.5738365054
2023-11-23 00:12:19,120 - INFO - Epoch 96 : Training Loss: 10.4793319702, Validation Loss: 11.8056097031, Training R-squared: 0.6650843024, Validation R-squared: 0.5755628943
2023-11-23 00:12:22,424 - INFO - Epoch 97 : Training Loss: 10.4782876968, Validation Loss: 11.8251314163, Training R-squared: 0.6658509970, Validation R-squared: 0.5738713145
2023-11-23 00:12:25,668 - INFO - Epoch 98 : Training Loss: 10.4792156219, Validation Loss: 11.8218774796, Training R-squared: 0.6664932370, Validation R-squared: 0.5740143657
2023-11-23 00:12:28,789 - INFO - Epoch 99 : Training Loss: 10.4338817596, Validation Loss: 11.7781686783, Training R-squared: 0.6680423021, Validation R-squared: 0.5775743723
2023-11-23 00:12:31,980 - INFO - Epoch 100: Training Loss: 10.3901252747, Validation Loss: 11.7760572433, Training R-squared: 0.6704921722, Validation R-squared: 0.5777655244
2023-11-23 00:12:35,050 - INFO - Epoch 101: Training Loss: 10.3805522919, Validation Loss: 11.7905158997, Training R-squared: 0.6707019806, Validation R-squared: 0.5766393542
2023-11-23 00:12:38,520 - INFO - Epoch 102: Training Loss: 10.3704481125, Validation Loss: 11.7786169052, Training R-squared: 0.6725422144, Validation R-squared: 0.5774175525
2023-11-23 00:12:42,066 - INFO - Epoch 103: Training Loss: 10.3319511414, Validation Loss: 11.7548332214, Training R-squared: 0.6736126542, Validation R-squared: 0.5791499019
2023-11-23 00:12:45,090 - INFO - Epoch 104: Training Loss: 10.3030557632, Validation Loss: 11.7653837204, Training R-squared: 0.6749218702, Validation R-squared: 0.5784215331
2023-11-23 00:12:48,420 - INFO - Epoch 105: Training Loss: 10.3125190735, Validation Loss: 11.8079471588, Training R-squared: 0.6748494506, Validation R-squared: 0.5747681856
2023-11-23 00:12:52,219 - INFO - Epoch 106: Training Loss: 10.2664213181, Validation Loss: 11.7709398270, Training R-squared: 0.6785780191, Validation R-squared: 0.5779984593
2023-11-23 00:12:56,181 - INFO - Epoch 107: Training Loss: 10.2420320511, Validation Loss: 11.7679882050, Training R-squared: 0.6805248260, Validation R-squared: 0.5780122280
2023-11-23 00:12:59,693 - INFO - Epoch 108: Training Loss: 10.2272357941, Validation Loss: 11.7727432251, Training R-squared: 0.6810331345, Validation R-squared: 0.5774878263
2023-11-23 00:13:09,728 - INFO - Model saved to models/portion_model/breakfast/512_512_200_64/sparsity_85_fold_5_model.keras
2023-11-23 00:13:13,548 - INFO - Avg Metrics: RMSE: 8.8943830648, R-squared: 0.1666368144, PCC: 0.8253380451
2023-11-23 00:13:13,548 - INFO - Agg Metrics: RMSE: 12.0569957159, R-squared: 0.5624886285, PCC: 0.7504619353
2023-11-23 00:13:22,543 - INFO - ================================================================== Results Summary ===================================================================
2023-11-23 00:13:22,544 - INFO - CrossVal Metrics (Avg.) - RMSE: 8.8757110926  0.2091748725, R2: -0.3557666782  0.2091748725, PCC: 0.8156153961  0.2091748725
2023-11-23 00:13:22,544 - INFO - Testing  Metrics (Avg.) - RMSE: 9.0129858881, R2: -0.0214780356, PCC: 0.7909189121
2023-11-23 00:13:22,544 - INFO - CrossVal Metrics (Agg.) - RMSE: 12.2109952836  0.2091748725, R2: 0.5554162489  0.2091748725, PCC: 0.7454234242  0.2091748725
2023-11-23 00:13:22,544 - INFO - Testing  Metrics (Agg.) - RMSE: 12.0214923670, R2: 0.5598783266, PCC: 0.7482535306
