2023-11-22 16:15:07,548 - INFO - Training model at 40% sparse columns removed...
2023-11-22 16:15:15,483 - INFO - ================================================================== Fold 1 ===================================================================
2023-11-22 16:15:33,891 - INFO - Epoch 1  : Training Loss: 8.9400482178, Validation Loss: 9.1435260773, Training R-squared: 0.0698323622, Validation R-squared: 0.0927963033
2023-11-22 16:15:46,725 - INFO - Epoch 2  : Training Loss: 8.4801731110, Validation Loss: 8.6151657104, Training R-squared: 0.1663687378, Validation R-squared: 0.1969102770
2023-11-22 16:15:58,625 - INFO - Epoch 3  : Training Loss: 8.0179576874, Validation Loss: 7.9090952873, Training R-squared: 0.2532023787, Validation R-squared: 0.3252868652
2023-11-22 16:16:10,499 - INFO - Epoch 4  : Training Loss: 7.4481706619, Validation Loss: 7.7379894257, Training R-squared: 0.3558074534, Validation R-squared: 0.3541270494
2023-11-22 16:16:22,835 - INFO - Epoch 5  : Training Loss: 7.3616795540, Validation Loss: 7.6979494095, Training R-squared: 0.3696975112, Validation R-squared: 0.3607290685
2023-11-22 16:16:34,777 - INFO - Epoch 6  : Training Loss: 7.2919225693, Validation Loss: 7.6152644157, Training R-squared: 0.3833793998, Validation R-squared: 0.3751949072
2023-11-22 16:16:46,778 - INFO - Epoch 7  : Training Loss: 7.2186312675, Validation Loss: 7.5651969910, Training R-squared: 0.3960188925, Validation R-squared: 0.3833954632
2023-11-22 16:16:58,601 - INFO - Epoch 8  : Training Loss: 7.1646499634, Validation Loss: 7.5546464920, Training R-squared: 0.4037035406, Validation R-squared: 0.3847688735
2023-11-22 16:17:10,465 - INFO - Epoch 9  : Training Loss: 7.1463966370, Validation Loss: 7.5606017113, Training R-squared: 0.4072364867, Validation R-squared: 0.3838833869
2023-11-22 16:17:23,063 - INFO - Epoch 10 : Training Loss: 7.1264414787, Validation Loss: 7.5444617271, Training R-squared: 0.4097620547, Validation R-squared: 0.3871754408
2023-11-22 16:17:35,271 - INFO - Epoch 11 : Training Loss: 7.0911173820, Validation Loss: 7.5130577087, Training R-squared: 0.4162430763, Validation R-squared: 0.3921284676
2023-11-22 16:17:47,294 - INFO - Epoch 12 : Training Loss: 7.0515961647, Validation Loss: 7.4901823997, Training R-squared: 0.4234443605, Validation R-squared: 0.3961677551
2023-11-22 16:17:59,337 - INFO - Epoch 13 : Training Loss: 7.0075316429, Validation Loss: 7.4593386650, Training R-squared: 0.4304836392, Validation R-squared: 0.4011107683
2023-11-22 16:18:11,340 - INFO - Epoch 14 : Training Loss: 6.9697365761, Validation Loss: 7.4324531555, Training R-squared: 0.4362748563, Validation R-squared: 0.4055182636
2023-11-22 16:18:23,404 - INFO - Epoch 15 : Training Loss: 6.9239249229, Validation Loss: 7.4072809219, Training R-squared: 0.4431772828, Validation R-squared: 0.4097819328
2023-11-22 16:18:35,347 - INFO - Epoch 16 : Training Loss: 6.8781409264, Validation Loss: 7.3774523735, Training R-squared: 0.4518395960, Validation R-squared: 0.4147531390
2023-11-22 16:18:47,301 - INFO - Epoch 17 : Training Loss: 6.8275818825, Validation Loss: 7.3420834541, Training R-squared: 0.4595396519, Validation R-squared: 0.4203785956
2023-11-22 16:18:59,203 - INFO - Epoch 18 : Training Loss: 6.7731614113, Validation Loss: 7.3208055496, Training R-squared: 0.4685449004, Validation R-squared: 0.4235729873
2023-11-22 16:19:11,223 - INFO - Epoch 19 : Training Loss: 6.7303204536, Validation Loss: 7.3098368645, Training R-squared: 0.4738104939, Validation R-squared: 0.4254765809
2023-11-22 16:19:23,650 - INFO - Epoch 20 : Training Loss: 6.6996297836, Validation Loss: 7.3013563156, Training R-squared: 0.4782795906, Validation R-squared: 0.4268326759
2023-11-22 16:19:35,722 - INFO - Epoch 21 : Training Loss: 6.6702194214, Validation Loss: 7.2869896889, Training R-squared: 0.4825109541, Validation R-squared: 0.4292165339
2023-11-22 16:19:47,966 - INFO - Epoch 22 : Training Loss: 6.6584315300, Validation Loss: 7.2877445221, Training R-squared: 0.4859948456, Validation R-squared: 0.4290372729
2023-11-22 16:19:59,929 - INFO - Epoch 23 : Training Loss: 6.6349825859, Validation Loss: 7.2981886864, Training R-squared: 0.4892248511, Validation R-squared: 0.4279310107
2023-11-22 16:20:11,964 - INFO - Epoch 24 : Training Loss: 6.6205735207, Validation Loss: 7.2704238892, Training R-squared: 0.4905540645, Validation R-squared: 0.4320727587
2023-11-22 16:20:24,503 - INFO - Epoch 25 : Training Loss: 6.5926685333, Validation Loss: 7.2718529701, Training R-squared: 0.4946198761, Validation R-squared: 0.4312653542
2023-11-22 16:20:36,612 - INFO - Epoch 26 : Training Loss: 6.5752444267, Validation Loss: 7.2706880569, Training R-squared: 0.4975145161, Validation R-squared: 0.4317395389
2023-11-22 16:20:48,584 - INFO - Epoch 27 : Training Loss: 6.5527672768, Validation Loss: 7.2544951439, Training R-squared: 0.5009610057, Validation R-squared: 0.4343445003
2023-11-22 16:21:00,801 - INFO - Epoch 28 : Training Loss: 6.5408520699, Validation Loss: 7.2609987259, Training R-squared: 0.5025275350, Validation R-squared: 0.4332863092
2023-11-22 16:21:12,696 - INFO - Epoch 29 : Training Loss: 6.5206227303, Validation Loss: 7.2624816895, Training R-squared: 0.5056695938, Validation R-squared: 0.4333940744
2023-11-22 16:21:25,108 - INFO - Epoch 30 : Training Loss: 6.5015993118, Validation Loss: 7.2543034554, Training R-squared: 0.5086528659, Validation R-squared: 0.4342414737
2023-11-22 16:21:37,231 - INFO - Epoch 31 : Training Loss: 6.4840826988, Validation Loss: 7.2470617294, Training R-squared: 0.5105311871, Validation R-squared: 0.4354908168
2023-11-22 16:21:49,053 - INFO - Epoch 32 : Training Loss: 6.4723625183, Validation Loss: 7.2718958855, Training R-squared: 0.5131313801, Validation R-squared: 0.4309361875
2023-11-22 16:22:01,844 - INFO - Epoch 33 : Training Loss: 6.4564304352, Validation Loss: 7.2347955704, Training R-squared: 0.5153921843, Validation R-squared: 0.4373243749
2023-11-22 16:22:13,756 - INFO - Epoch 34 : Training Loss: 6.4320888519, Validation Loss: 7.2245426178, Training R-squared: 0.5198036432, Validation R-squared: 0.4393730164
2023-11-22 16:22:26,080 - INFO - Epoch 35 : Training Loss: 6.4126300812, Validation Loss: 7.2181224823, Training R-squared: 0.5213007331, Validation R-squared: 0.4402681291
2023-11-22 16:22:38,195 - INFO - Epoch 36 : Training Loss: 6.3834176064, Validation Loss: 7.2321720123, Training R-squared: 0.5255000591, Validation R-squared: 0.4378417432
2023-11-22 16:22:50,331 - INFO - Epoch 37 : Training Loss: 6.3647923470, Validation Loss: 7.2218027115, Training R-squared: 0.5269660354, Validation R-squared: 0.4396505654
2023-11-22 16:23:02,336 - INFO - Epoch 38 : Training Loss: 6.3533830643, Validation Loss: 7.2057623863, Training R-squared: 0.5297865868, Validation R-squared: 0.4418349266
2023-11-22 16:23:14,329 - INFO - Epoch 39 : Training Loss: 6.3265399933, Validation Loss: 7.2110490799, Training R-squared: 0.5334956050, Validation R-squared: 0.4410687387
2023-11-22 16:23:26,495 - INFO - Epoch 40 : Training Loss: 6.3176584244, Validation Loss: 7.2038474083, Training R-squared: 0.5342724323, Validation R-squared: 0.4425317943
2023-11-22 16:23:38,558 - INFO - Epoch 41 : Training Loss: 6.2992548943, Validation Loss: 7.2008719444, Training R-squared: 0.5375555754, Validation R-squared: 0.4429591894
2023-11-22 16:23:52,367 - INFO - Epoch 42 : Training Loss: 6.2780652046, Validation Loss: 7.1846733093, Training R-squared: 0.5404426455, Validation R-squared: 0.4451304972
2023-11-22 16:24:04,581 - INFO - Epoch 43 : Training Loss: 6.2660684586, Validation Loss: 7.1675200462, Training R-squared: 0.5427052975, Validation R-squared: 0.4483408034
2023-11-22 16:24:16,771 - INFO - Epoch 44 : Training Loss: 6.2519254684, Validation Loss: 7.1652312279, Training R-squared: 0.5440207124, Validation R-squared: 0.4485350847
2023-11-22 16:24:28,901 - INFO - Epoch 45 : Training Loss: 6.2308220863, Validation Loss: 7.1685528755, Training R-squared: 0.5471893549, Validation R-squared: 0.4479053020
2023-11-22 16:24:41,118 - INFO - Epoch 46 : Training Loss: 6.2079854012, Validation Loss: 7.1618356705, Training R-squared: 0.5497765541, Validation R-squared: 0.4490224123
2023-11-22 16:24:53,210 - INFO - Epoch 47 : Training Loss: 6.1886901855, Validation Loss: 7.2150197029, Training R-squared: 0.5525599718, Validation R-squared: 0.4397144616
2023-11-22 16:25:05,007 - INFO - Epoch 48 : Training Loss: 6.1718320847, Validation Loss: 7.1712355614, Training R-squared: 0.5551772118, Validation R-squared: 0.4472951293
2023-11-22 16:25:17,627 - INFO - Epoch 49 : Training Loss: 6.1636219025, Validation Loss: 7.1673007011, Training R-squared: 0.5563180447, Validation R-squared: 0.4477568865
2023-11-22 16:25:29,465 - INFO - Epoch 50 : Training Loss: 6.1475281715, Validation Loss: 7.1278104782, Training R-squared: 0.5591734052, Validation R-squared: 0.4543959498
2023-11-22 16:25:41,612 - INFO - Epoch 51 : Training Loss: 6.1316719055, Validation Loss: 7.1551609039, Training R-squared: 0.5610742569, Validation R-squared: 0.4495327771
2023-11-22 16:25:53,604 - INFO - Epoch 52 : Training Loss: 6.1156053543, Validation Loss: 7.1684231758, Training R-squared: 0.5618519783, Validation R-squared: 0.4481629133
2023-11-22 16:26:05,525 - INFO - Epoch 53 : Training Loss: 6.0867385864, Validation Loss: 7.1371951103, Training R-squared: 0.5666910410, Validation R-squared: 0.4532013535
2023-11-22 16:26:17,894 - INFO - Epoch 54 : Training Loss: 6.0671534538, Validation Loss: 7.1402630806, Training R-squared: 0.5690792799, Validation R-squared: 0.4519803226
2023-11-22 16:26:29,813 - INFO - Epoch 55 : Training Loss: 6.0591239929, Validation Loss: 7.1479158401, Training R-squared: 0.5705652833, Validation R-squared: 0.4506282508
2023-11-22 16:26:47,671 - INFO - Model saved to models/portion_model/breakfast/512_512_200_64/sparsity_40_fold_1_model.keras
2023-11-22 16:26:52,831 - INFO - Avg Metrics: RMSE: 5.3056374532, R-squared: -0.0932577384, PCC: 0.6939797622
2023-11-22 16:26:52,832 - INFO - Agg Metrics: RMSE: 7.4121003804, R-squared: 0.4259343025, PCC: 0.6538095574
2023-11-22 16:26:59,457 - INFO - ================================================================== Fold 2 ===================================================================
2023-11-22 16:27:17,433 - INFO - Epoch 1  : Training Loss: 9.0090341568, Validation Loss: 8.8515195847, Training R-squared: 0.0695705712, Validation R-squared: 0.0944700763
2023-11-22 16:27:29,262 - INFO - Epoch 2  : Training Loss: 8.5523767471, Validation Loss: 8.3069801331, Training R-squared: 0.1634942740, Validation R-squared: 0.2031461298
2023-11-22 16:27:41,309 - INFO - Epoch 3  : Training Loss: 8.0636091232, Validation Loss: 7.6369848251, Training R-squared: 0.2561779916, Validation R-squared: 0.3276415467
2023-11-22 16:27:53,301 - INFO - Epoch 4  : Training Loss: 7.5338325500, Validation Loss: 7.4541649818, Training R-squared: 0.3517228663, Validation R-squared: 0.3586880565
2023-11-22 16:28:04,995 - INFO - Epoch 5  : Training Loss: 7.4140748978, Validation Loss: 7.3697776794, Training R-squared: 0.3716015518, Validation R-squared: 0.3734157979
2023-11-22 16:28:18,136 - INFO - Epoch 6  : Training Loss: 7.3037643433, Validation Loss: 7.3021683693, Training R-squared: 0.3909214139, Validation R-squared: 0.3856653273
2023-11-22 16:28:29,834 - INFO - Epoch 7  : Training Loss: 7.2582092285, Validation Loss: 7.2799177170, Training R-squared: 0.3987649977, Validation R-squared: 0.3890393376
2023-11-22 16:28:41,740 - INFO - Epoch 8  : Training Loss: 7.2261228561, Validation Loss: 7.2762861252, Training R-squared: 0.4037620723, Validation R-squared: 0.3896782398
2023-11-22 16:28:53,605 - INFO - Epoch 9  : Training Loss: 7.1930818558, Validation Loss: 7.2695722580, Training R-squared: 0.4080116153, Validation R-squared: 0.3910773396
2023-11-22 16:29:05,263 - INFO - Epoch 10 : Training Loss: 7.1793804169, Validation Loss: 7.2653508186, Training R-squared: 0.4117189050, Validation R-squared: 0.3918385506
2023-11-22 16:29:17,578 - INFO - Epoch 11 : Training Loss: 7.1691575050, Validation Loss: 7.2603960037, Training R-squared: 0.4141665399, Validation R-squared: 0.3929606974
2023-11-22 16:29:29,357 - INFO - Epoch 12 : Training Loss: 7.1269183159, Validation Loss: 7.2436871529, Training R-squared: 0.4192643166, Validation R-squared: 0.3952143192
2023-11-22 16:29:41,332 - INFO - Epoch 13 : Training Loss: 7.1039056778, Validation Loss: 7.2207045555, Training R-squared: 0.4230400026, Validation R-squared: 0.3990042806
2023-11-22 16:29:53,470 - INFO - Epoch 14 : Training Loss: 7.0519204140, Validation Loss: 7.1912956238, Training R-squared: 0.4308244884, Validation R-squared: 0.4045076966
2023-11-22 16:30:05,397 - INFO - Epoch 15 : Training Loss: 7.0063796043, Validation Loss: 7.1655244827, Training R-squared: 0.4394223988, Validation R-squared: 0.4085772634
2023-11-22 16:30:18,159 - INFO - Epoch 16 : Training Loss: 6.9546489716, Validation Loss: 7.1228823662, Training R-squared: 0.4474067092, Validation R-squared: 0.4159124792
2023-11-22 16:30:30,026 - INFO - Epoch 17 : Training Loss: 6.9071803093, Validation Loss: 7.0968008041, Training R-squared: 0.4554596245, Validation R-squared: 0.4204134047
2023-11-22 16:30:41,954 - INFO - Epoch 18 : Training Loss: 6.8640537262, Validation Loss: 7.0790352821, Training R-squared: 0.4624154270, Validation R-squared: 0.4236363769
2023-11-22 16:30:53,900 - INFO - Epoch 19 : Training Loss: 6.8197135925, Validation Loss: 7.0414142609, Training R-squared: 0.4692264497, Validation R-squared: 0.4295623004
2023-11-22 16:31:05,746 - INFO - Epoch 20 : Training Loss: 6.7756676674, Validation Loss: 7.0177578926, Training R-squared: 0.4761672616, Validation R-squared: 0.4337028563
2023-11-22 16:31:18,476 - INFO - Epoch 21 : Training Loss: 6.7340812683, Validation Loss: 7.0144004822, Training R-squared: 0.4809553623, Validation R-squared: 0.4339494407
2023-11-22 16:31:30,162 - INFO - Epoch 22 : Training Loss: 6.6941323280, Validation Loss: 7.0258421898, Training R-squared: 0.4880177677, Validation R-squared: 0.4324366748
2023-11-22 16:31:42,058 - INFO - Epoch 23 : Training Loss: 6.6842980385, Validation Loss: 6.9947824478, Training R-squared: 0.4885275364, Validation R-squared: 0.4375798404
2023-11-22 16:31:54,227 - INFO - Epoch 24 : Training Loss: 6.6471829414, Validation Loss: 6.9823217392, Training R-squared: 0.4953138232, Validation R-squared: 0.4394461811
2023-11-22 16:32:06,188 - INFO - Epoch 25 : Training Loss: 6.6383938789, Validation Loss: 6.9736561775, Training R-squared: 0.4967846274, Validation R-squared: 0.4409483969
2023-11-22 16:32:18,271 - INFO - Epoch 26 : Training Loss: 6.6048688889, Validation Loss: 6.9825792313, Training R-squared: 0.5014218688, Validation R-squared: 0.4394659996
2023-11-22 16:32:30,023 - INFO - Epoch 27 : Training Loss: 6.5897293091, Validation Loss: 6.9680781364, Training R-squared: 0.5034027100, Validation R-squared: 0.4420293272
2023-11-22 16:32:41,990 - INFO - Epoch 28 : Training Loss: 6.5653052330, Validation Loss: 6.9531650543, Training R-squared: 0.5069250464, Validation R-squared: 0.4445081055
2023-11-22 16:32:54,047 - INFO - Epoch 29 : Training Loss: 6.5561141968, Validation Loss: 6.9679956436, Training R-squared: 0.5090663433, Validation R-squared: 0.4415254593
2023-11-22 16:33:05,800 - INFO - Epoch 30 : Training Loss: 6.5317187309, Validation Loss: 6.9638948441, Training R-squared: 0.5118585229, Validation R-squared: 0.4424678385
2023-11-22 16:33:18,243 - INFO - Epoch 31 : Training Loss: 6.5003108978, Validation Loss: 6.9491815567, Training R-squared: 0.5160272717, Validation R-squared: 0.4445539415
2023-11-22 16:33:30,031 - INFO - Epoch 32 : Training Loss: 6.4964232445, Validation Loss: 6.9478125572, Training R-squared: 0.5174046159, Validation R-squared: 0.4450063109
2023-11-22 16:33:42,034 - INFO - Epoch 33 : Training Loss: 6.4704093933, Validation Loss: 6.9493794441, Training R-squared: 0.5195028782, Validation R-squared: 0.4443879128
2023-11-22 16:33:55,132 - INFO - Epoch 34 : Training Loss: 6.4566717148, Validation Loss: 6.9351568222, Training R-squared: 0.5224858522, Validation R-squared: 0.4469254315
2023-11-22 16:34:07,462 - INFO - Epoch 35 : Training Loss: 6.4374580383, Validation Loss: 6.9309401512, Training R-squared: 0.5251018405, Validation R-squared: 0.4479191005
2023-11-22 16:34:19,760 - INFO - Epoch 36 : Training Loss: 6.4177427292, Validation Loss: 6.9251985550, Training R-squared: 0.5291688442, Validation R-squared: 0.4483335614
2023-11-22 16:34:31,670 - INFO - Epoch 37 : Training Loss: 6.3931870461, Validation Loss: 6.9110584259, Training R-squared: 0.5311095715, Validation R-squared: 0.4508809149
2023-11-22 16:34:43,642 - INFO - Epoch 38 : Training Loss: 6.3688249588, Validation Loss: 6.8994894028, Training R-squared: 0.5355685949, Validation R-squared: 0.4524711370
2023-11-22 16:34:55,610 - INFO - Epoch 39 : Training Loss: 6.3562593460, Validation Loss: 6.9053606987, Training R-squared: 0.5372405052, Validation R-squared: 0.4520465136
2023-11-22 16:35:07,632 - INFO - Epoch 40 : Training Loss: 6.3257012367, Validation Loss: 6.8808422089, Training R-squared: 0.5409023762, Validation R-squared: 0.4560896158
2023-11-22 16:35:19,987 - INFO - Epoch 41 : Training Loss: 6.3051514626, Validation Loss: 6.8723459244, Training R-squared: 0.5443677306, Validation R-squared: 0.4569808841
2023-11-22 16:35:32,301 - INFO - Epoch 42 : Training Loss: 6.2950072289, Validation Loss: 6.9082403183, Training R-squared: 0.5466579199, Validation R-squared: 0.4502698779
2023-11-22 16:35:44,267 - INFO - Epoch 43 : Training Loss: 6.2680368423, Validation Loss: 6.8795552254, Training R-squared: 0.5492429733, Validation R-squared: 0.4557047188
2023-11-22 16:35:56,344 - INFO - Epoch 44 : Training Loss: 6.2583227158, Validation Loss: 6.8746438026, Training R-squared: 0.5513350368, Validation R-squared: 0.4564286172
2023-11-22 16:36:08,702 - INFO - Epoch 45 : Training Loss: 6.2283411026, Validation Loss: 6.8429460526, Training R-squared: 0.5538887382, Validation R-squared: 0.4620533884
2023-11-22 16:36:21,148 - INFO - Epoch 46 : Training Loss: 6.2133407593, Validation Loss: 6.8385310173, Training R-squared: 0.5580103397, Validation R-squared: 0.4622711837
2023-11-22 16:36:33,214 - INFO - Epoch 47 : Training Loss: 6.2007446289, Validation Loss: 6.8220953941, Training R-squared: 0.5593810678, Validation R-squared: 0.4652162790
2023-11-22 16:36:45,019 - INFO - Epoch 48 : Training Loss: 6.1913485527, Validation Loss: 6.8350505829, Training R-squared: 0.5604531765, Validation R-squared: 0.4628603756
2023-11-22 16:36:57,106 - INFO - Epoch 49 : Training Loss: 6.1699519157, Validation Loss: 6.8512096405, Training R-squared: 0.5624956489, Validation R-squared: 0.4600724876
2023-11-22 16:37:09,092 - INFO - Epoch 50 : Training Loss: 6.1647119522, Validation Loss: 6.8544507027, Training R-squared: 0.5638476610, Validation R-squared: 0.4595851600
2023-11-22 16:37:21,173 - INFO - Epoch 51 : Training Loss: 6.1374106407, Validation Loss: 6.8490233421, Training R-squared: 0.5670265555, Validation R-squared: 0.4606773555
2023-11-22 16:37:33,219 - INFO - Epoch 52 : Training Loss: 6.1268959045, Validation Loss: 6.8124642372, Training R-squared: 0.5688470006, Validation R-squared: 0.4665137529
2023-11-22 16:37:45,200 - INFO - Epoch 53 : Training Loss: 6.1086635590, Validation Loss: 6.8131852150, Training R-squared: 0.5709728599, Validation R-squared: 0.4664376378
2023-11-22 16:37:57,366 - INFO - Epoch 54 : Training Loss: 6.0874500275, Validation Loss: 6.8464374542, Training R-squared: 0.5738264918, Validation R-squared: 0.4605650902
2023-11-22 16:38:09,351 - INFO - Epoch 55 : Training Loss: 6.0780601501, Validation Loss: 6.7865009308, Training R-squared: 0.5758593082, Validation R-squared: 0.4708554149
2023-11-22 16:38:21,473 - INFO - Epoch 56 : Training Loss: 6.0589733124, Validation Loss: 6.8402223587, Training R-squared: 0.5787124634, Validation R-squared: 0.4618779719
2023-11-22 16:38:33,570 - INFO - Epoch 57 : Training Loss: 6.0532469749, Validation Loss: 6.8399224281, Training R-squared: 0.5782122016, Validation R-squared: 0.4617830515
2023-11-22 16:38:45,455 - INFO - Epoch 58 : Training Loss: 6.0238289833, Validation Loss: 6.8666605949, Training R-squared: 0.5828154087, Validation R-squared: 0.4567485154
2023-11-22 16:38:57,525 - INFO - Epoch 59 : Training Loss: 6.0140066147, Validation Loss: 6.8212175369, Training R-squared: 0.5846403837, Validation R-squared: 0.4646953344
2023-11-22 16:39:09,505 - INFO - Epoch 60 : Training Loss: 5.9939093590, Validation Loss: 6.8204317093, Training R-squared: 0.5866575837, Validation R-squared: 0.4644405544
2023-11-22 16:39:27,358 - INFO - Model saved to models/portion_model/breakfast/512_512_200_64/sparsity_40_fold_2_model.keras
2023-11-22 16:39:32,957 - INFO - Avg Metrics: RMSE: 5.1589945645, R-squared: 0.0972669449, PCC: 0.7013782797
2023-11-22 16:39:32,957 - INFO - Agg Metrics: RMSE: 6.9616379498, R-squared: 0.4536272140, PCC: 0.6748962179
2023-11-22 16:39:39,757 - INFO - ================================================================== Fold 3 ===================================================================
2023-11-22 16:39:58,090 - INFO - Epoch 1  : Training Loss: 9.0744638443, Validation Loss: 8.6401319504, Training R-squared: 0.0684370548, Validation R-squared: 0.0952227786
2023-11-22 16:40:10,147 - INFO - Epoch 2  : Training Loss: 8.6110486984, Validation Loss: 8.1142129898, Training R-squared: 0.1638277918, Validation R-squared: 0.2022603303
2023-11-22 16:40:22,165 - INFO - Epoch 3  : Training Loss: 8.1306047440, Validation Loss: 7.3977847099, Training R-squared: 0.2538344264, Validation R-squared: 0.3363558650
2023-11-22 16:40:34,211 - INFO - Epoch 4  : Training Loss: 7.5817394257, Validation Loss: 7.2136950493, Training R-squared: 0.3508589268, Validation R-squared: 0.3687329888
2023-11-22 16:40:45,895 - INFO - Epoch 5  : Training Loss: 7.4617724419, Validation Loss: 7.1485519409, Training R-squared: 0.3713870049, Validation R-squared: 0.3799829483
2023-11-22 16:40:57,900 - INFO - Epoch 6  : Training Loss: 7.3711004257, Validation Loss: 7.0709471703, Training R-squared: 0.3864416778, Validation R-squared: 0.3934956789
2023-11-22 16:41:09,821 - INFO - Epoch 7  : Training Loss: 7.3177227974, Validation Loss: 7.0515017509, Training R-squared: 0.3975225687, Validation R-squared: 0.3967142999
2023-11-22 16:41:21,823 - INFO - Epoch 8  : Training Loss: 7.2824211121, Validation Loss: 7.0544967651, Training R-squared: 0.4025666118, Validation R-squared: 0.3960973620
2023-11-22 16:41:33,848 - INFO - Epoch 9  : Training Loss: 7.2692360878, Validation Loss: 7.0463910103, Training R-squared: 0.4041531086, Validation R-squared: 0.3978982568
2023-11-22 16:41:45,771 - INFO - Epoch 10 : Training Loss: 7.2408156395, Validation Loss: 7.0594964027, Training R-squared: 0.4079796374, Validation R-squared: 0.3950343728
2023-11-22 16:41:57,764 - INFO - Epoch 11 : Training Loss: 7.2189602852, Validation Loss: 7.0213537216, Training R-squared: 0.4120943844, Validation R-squared: 0.4020956159
2023-11-22 16:42:09,668 - INFO - Epoch 12 : Training Loss: 7.1717834473, Validation Loss: 7.0040168762, Training R-squared: 0.4192903638, Validation R-squared: 0.4049010277
2023-11-22 16:42:22,128 - INFO - Epoch 13 : Training Loss: 7.1594347954, Validation Loss: 6.9787693024, Training R-squared: 0.4224354029, Validation R-squared: 0.4093108773
2023-11-22 16:42:34,070 - INFO - Epoch 14 : Training Loss: 7.1169638634, Validation Loss: 6.9709143639, Training R-squared: 0.4288796186, Validation R-squared: 0.4109938741
2023-11-22 16:42:45,845 - INFO - Epoch 15 : Training Loss: 7.0926327705, Validation Loss: 6.9436426163, Training R-squared: 0.4340420067, Validation R-squared: 0.4152534902
2023-11-22 16:42:57,773 - INFO - Epoch 16 : Training Loss: 7.0485963821, Validation Loss: 6.9224567413, Training R-squared: 0.4398648143, Validation R-squared: 0.4188900590
2023-11-22 16:43:09,712 - INFO - Epoch 17 : Training Loss: 7.0094785690, Validation Loss: 6.9026203156, Training R-squared: 0.4464268684, Validation R-squared: 0.4218654931
2023-11-22 16:43:21,960 - INFO - Epoch 18 : Training Loss: 6.9568314552, Validation Loss: 6.8633894920, Training R-squared: 0.4535105526, Validation R-squared: 0.4285525978
2023-11-22 16:43:34,079 - INFO - Epoch 19 : Training Loss: 6.9227671623, Validation Loss: 6.8374881744, Training R-squared: 0.4603443146, Validation R-squared: 0.4329732656
2023-11-22 16:43:46,200 - INFO - Epoch 20 : Training Loss: 6.8899760246, Validation Loss: 6.8147621155, Training R-squared: 0.4653081596, Validation R-squared: 0.4364413321
2023-11-22 16:43:59,361 - INFO - Epoch 21 : Training Loss: 6.8426561356, Validation Loss: 6.7981233597, Training R-squared: 0.4705172777, Validation R-squared: 0.4391996562
2023-11-22 16:44:11,087 - INFO - Epoch 22 : Training Loss: 6.8291244507, Validation Loss: 6.7895402908, Training R-squared: 0.4738552570, Validation R-squared: 0.4406394660
2023-11-22 16:44:23,430 - INFO - Epoch 23 : Training Loss: 6.7924604416, Validation Loss: 6.7729759216, Training R-squared: 0.4793379903, Validation R-squared: 0.4436411858
2023-11-22 16:44:35,283 - INFO - Epoch 24 : Training Loss: 6.7845287323, Validation Loss: 6.7629890442, Training R-squared: 0.4812746644, Validation R-squared: 0.4451491535
2023-11-22 16:44:47,158 - INFO - Epoch 25 : Training Loss: 6.7499380112, Validation Loss: 6.7866091728, Training R-squared: 0.4870343208, Validation R-squared: 0.4409153163
2023-11-22 16:44:59,457 - INFO - Epoch 26 : Training Loss: 6.7255501747, Validation Loss: 6.7526097298, Training R-squared: 0.4900806248, Validation R-squared: 0.4468563497
2023-11-22 16:45:11,123 - INFO - Epoch 27 : Training Loss: 6.7138028145, Validation Loss: 6.7469387054, Training R-squared: 0.4913142025, Validation R-squared: 0.4477825761
2023-11-22 16:45:23,526 - INFO - Epoch 28 : Training Loss: 6.6948509216, Validation Loss: 6.7499990463, Training R-squared: 0.4941803813, Validation R-squared: 0.4471639395
2023-11-22 16:45:35,397 - INFO - Epoch 29 : Training Loss: 6.6650261879, Validation Loss: 6.7442855835, Training R-squared: 0.4978488684, Validation R-squared: 0.4480985999
2023-11-22 16:45:47,306 - INFO - Epoch 30 : Training Loss: 6.6698460579, Validation Loss: 6.7409844398, Training R-squared: 0.4973981082, Validation R-squared: 0.4484474361
2023-11-22 16:45:59,520 - INFO - Epoch 31 : Training Loss: 6.6379170418, Validation Loss: 6.7692284584, Training R-squared: 0.5025881529, Validation R-squared: 0.4434414506
2023-11-22 16:46:11,302 - INFO - Epoch 32 : Training Loss: 6.6327834129, Validation Loss: 6.7454342842, Training R-squared: 0.5031681657, Validation R-squared: 0.4476745129
2023-11-22 16:46:24,031 - INFO - Epoch 33 : Training Loss: 6.6110472679, Validation Loss: 6.7399735451, Training R-squared: 0.5055477619, Validation R-squared: 0.4484570622
2023-11-22 16:46:36,053 - INFO - Epoch 34 : Training Loss: 6.5869836807, Validation Loss: 6.7198891640, Training R-squared: 0.5093512535, Validation R-squared: 0.4523917735
2023-11-22 16:46:47,985 - INFO - Epoch 35 : Training Loss: 6.5703411102, Validation Loss: 6.7126870155, Training R-squared: 0.5112289786, Validation R-squared: 0.4535467625
2023-11-22 16:47:00,191 - INFO - Epoch 36 : Training Loss: 6.5484037399, Validation Loss: 6.7223467827, Training R-squared: 0.5141181350, Validation R-squared: 0.4515984058
2023-11-22 16:47:11,932 - INFO - Epoch 37 : Training Loss: 6.5385394096, Validation Loss: 6.7027940750, Training R-squared: 0.5162292123, Validation R-squared: 0.4549467266
2023-11-22 16:47:24,776 - INFO - Epoch 38 : Training Loss: 6.5196437836, Validation Loss: 6.7004776001, Training R-squared: 0.5188050866, Validation R-squared: 0.4551146626
2023-11-22 16:47:36,446 - INFO - Epoch 39 : Training Loss: 6.4852476120, Validation Loss: 6.7469377518, Training R-squared: 0.5233922005, Validation R-squared: 0.4470174909
2023-11-22 16:47:48,616 - INFO - Epoch 40 : Training Loss: 6.4674930573, Validation Loss: 6.6784343719, Training R-squared: 0.5255063176, Validation R-squared: 0.4586842060
2023-11-22 16:48:00,907 - INFO - Epoch 41 : Training Loss: 6.4530839920, Validation Loss: 6.6933531761, Training R-squared: 0.5273664594, Validation R-squared: 0.4561793804
2023-11-22 16:48:12,955 - INFO - Epoch 42 : Training Loss: 6.4376969337, Validation Loss: 6.6944727898, Training R-squared: 0.5308096409, Validation R-squared: 0.4557628930
2023-11-22 16:48:25,134 - INFO - Epoch 43 : Training Loss: 6.4321541786, Validation Loss: 6.6718306541, Training R-squared: 0.5320703983, Validation R-squared: 0.4596430063
2023-11-22 16:48:36,833 - INFO - Epoch 44 : Training Loss: 6.4105300903, Validation Loss: 6.6633534431, Training R-squared: 0.5352084637, Validation R-squared: 0.4610098004
2023-11-22 16:48:48,868 - INFO - Epoch 45 : Training Loss: 6.3818755150, Validation Loss: 6.6765484810, Training R-squared: 0.5387387276, Validation R-squared: 0.4587577283
2023-11-22 16:49:00,895 - INFO - Epoch 46 : Training Loss: 6.3627691269, Validation Loss: 6.6369695663, Training R-squared: 0.5406349301, Validation R-squared: 0.4654590189
2023-11-22 16:49:12,839 - INFO - Epoch 47 : Training Loss: 6.3448095322, Validation Loss: 6.6398706436, Training R-squared: 0.5434280038, Validation R-squared: 0.4648862183
2023-11-22 16:49:25,092 - INFO - Epoch 48 : Training Loss: 6.3155188560, Validation Loss: 6.6301617622, Training R-squared: 0.5469737053, Validation R-squared: 0.4664436877
2023-11-22 16:49:36,842 - INFO - Epoch 49 : Training Loss: 6.2988023758, Validation Loss: 6.6502308846, Training R-squared: 0.5502751470, Validation R-squared: 0.4629933834
2023-11-22 16:49:48,937 - INFO - Epoch 50 : Training Loss: 6.2923474312, Validation Loss: 6.6201853752, Training R-squared: 0.5513609648, Validation R-squared: 0.4679579139
2023-11-22 16:50:01,027 - INFO - Epoch 51 : Training Loss: 6.2672977448, Validation Loss: 6.6030907631, Training R-squared: 0.5536190271, Validation R-squared: 0.4709533751
2023-11-22 16:50:12,951 - INFO - Epoch 52 : Training Loss: 6.2540950775, Validation Loss: 6.5865836143, Training R-squared: 0.5566896796, Validation R-squared: 0.4735760093
2023-11-22 16:50:25,187 - INFO - Epoch 53 : Training Loss: 6.2353286743, Validation Loss: 6.6137051582, Training R-squared: 0.5590237379, Validation R-squared: 0.4687736034
2023-11-22 16:50:36,898 - INFO - Epoch 54 : Training Loss: 6.2073040009, Validation Loss: 6.6408390999, Training R-squared: 0.5608754158, Validation R-squared: 0.4642186463
2023-11-22 16:50:48,885 - INFO - Epoch 55 : Training Loss: 6.2119379044, Validation Loss: 6.6011457443, Training R-squared: 0.5621764660, Validation R-squared: 0.4711112678
2023-11-22 16:51:00,868 - INFO - Epoch 56 : Training Loss: 6.1842803955, Validation Loss: 6.5931801796, Training R-squared: 0.5649854541, Validation R-squared: 0.4721347392
2023-11-22 16:51:13,043 - INFO - Epoch 57 : Training Loss: 6.1664009094, Validation Loss: 6.5939764977, Training R-squared: 0.5674175024, Validation R-squared: 0.4720133245
2023-11-22 16:51:30,810 - INFO - Model saved to models/portion_model/breakfast/512_512_200_64/sparsity_40_fold_3_model.keras
2023-11-22 16:51:36,103 - INFO - Avg Metrics: RMSE: 5.1795340567, R-squared: -0.6794629575, PCC: 0.6960847176
2023-11-22 16:51:36,103 - INFO - Agg Metrics: RMSE: 6.6478232687, R-squared: 0.4697529720, PCC: 0.6871371438
2023-11-22 16:51:42,877 - INFO - ================================================================== Fold 4 ===================================================================
2023-11-22 16:52:03,605 - INFO - Epoch 1  : Training Loss: 8.9869079590, Validation Loss: 8.9425182343, Training R-squared: 0.0690870956, Validation R-squared: 0.0985176861
2023-11-22 16:52:15,938 - INFO - Epoch 2  : Training Loss: 8.5293302536, Validation Loss: 8.3988971710, Training R-squared: 0.1624387801, Validation R-squared: 0.2059698999
2023-11-22 16:52:28,037 - INFO - Epoch 3  : Training Loss: 7.9790315628, Validation Loss: 7.6408410072, Training R-squared: 0.2673379779, Validation R-squared: 0.3440837264
2023-11-22 16:52:40,289 - INFO - Epoch 4  : Training Loss: 7.4693403244, Validation Loss: 7.5125226974, Training R-squared: 0.3588782549, Validation R-squared: 0.3653254807
2023-11-22 16:52:52,108 - INFO - Epoch 5  : Training Loss: 7.3788075447, Validation Loss: 7.4361004829, Training R-squared: 0.3733222485, Validation R-squared: 0.3790038228
2023-11-22 16:53:04,310 - INFO - Epoch 6  : Training Loss: 7.2860116959, Validation Loss: 7.3824214935, Training R-squared: 0.3894830644, Validation R-squared: 0.3876563907
2023-11-22 16:53:16,257 - INFO - Epoch 7  : Training Loss: 7.2471303940, Validation Loss: 7.3748722076, Training R-squared: 0.3969038427, Validation R-squared: 0.3888192177
2023-11-22 16:53:28,524 - INFO - Epoch 8  : Training Loss: 7.2115736008, Validation Loss: 7.3550076485, Training R-squared: 0.4007472396, Validation R-squared: 0.3922530413
2023-11-22 16:53:40,514 - INFO - Epoch 9  : Training Loss: 7.1998434067, Validation Loss: 7.3554830551, Training R-squared: 0.4046092629, Validation R-squared: 0.3917839825
2023-11-22 16:53:54,216 - INFO - Epoch 10 : Training Loss: 7.1709012985, Validation Loss: 7.3424663544, Training R-squared: 0.4097284377, Validation R-squared: 0.3940752149
2023-11-22 16:54:06,567 - INFO - Epoch 11 : Training Loss: 7.1435461044, Validation Loss: 7.3266444206, Training R-squared: 0.4136847854, Validation R-squared: 0.3969794810
2023-11-22 16:54:18,681 - INFO - Epoch 12 : Training Loss: 7.1153097153, Validation Loss: 7.3037838936, Training R-squared: 0.4176395535, Validation R-squared: 0.4007464647
2023-11-22 16:54:30,843 - INFO - Epoch 13 : Training Loss: 7.0608973503, Validation Loss: 7.2841162682, Training R-squared: 0.4254998565, Validation R-squared: 0.4039946496
2023-11-22 16:54:42,683 - INFO - Epoch 14 : Training Loss: 7.0390734673, Validation Loss: 7.2613892555, Training R-squared: 0.4313111603, Validation R-squared: 0.4075769186
2023-11-22 16:54:55,128 - INFO - Epoch 15 : Training Loss: 6.9929370880, Validation Loss: 7.2349686623, Training R-squared: 0.4382458627, Validation R-squared: 0.4122454822
2023-11-22 16:55:06,987 - INFO - Epoch 16 : Training Loss: 6.9462904930, Validation Loss: 7.1933846474, Training R-squared: 0.4462212026, Validation R-squared: 0.4192400277
2023-11-22 16:55:19,173 - INFO - Epoch 17 : Training Loss: 6.8908648491, Validation Loss: 7.1719560623, Training R-squared: 0.4529167116, Validation R-squared: 0.4228307605
2023-11-22 16:55:31,260 - INFO - Epoch 18 : Training Loss: 6.8516807556, Validation Loss: 7.1441125870, Training R-squared: 0.4609888494, Validation R-squared: 0.4274590611
2023-11-22 16:55:43,058 - INFO - Epoch 19 : Training Loss: 6.8167700768, Validation Loss: 7.1258592606, Training R-squared: 0.4650418162, Validation R-squared: 0.4305710196
2023-11-22 16:55:55,265 - INFO - Epoch 20 : Training Loss: 6.7761974335, Validation Loss: 7.0986800194, Training R-squared: 0.4726147354, Validation R-squared: 0.4344522953
2023-11-22 16:56:07,208 - INFO - Epoch 21 : Training Loss: 6.7515211105, Validation Loss: 7.0872383118, Training R-squared: 0.4769310653, Validation R-squared: 0.4363168776
2023-11-22 16:56:19,891 - INFO - Epoch 22 : Training Loss: 6.7195043564, Validation Loss: 7.0686502457, Training R-squared: 0.4810488820, Validation R-squared: 0.4392963648
2023-11-22 16:56:31,898 - INFO - Epoch 23 : Training Loss: 6.6820130348, Validation Loss: 7.0540080070, Training R-squared: 0.4869261980, Validation R-squared: 0.4418227077
2023-11-22 16:56:43,813 - INFO - Epoch 24 : Training Loss: 6.6602473259, Validation Loss: 7.0416297913, Training R-squared: 0.4905867279, Validation R-squared: 0.4437527955
2023-11-22 16:56:55,935 - INFO - Epoch 25 : Training Loss: 6.6266713142, Validation Loss: 7.0363197327, Training R-squared: 0.4946693480, Validation R-squared: 0.4447645247
2023-11-22 16:57:07,821 - INFO - Epoch 26 : Training Loss: 6.6122803688, Validation Loss: 7.0399718285, Training R-squared: 0.4969342053, Validation R-squared: 0.4439128339
2023-11-22 16:57:20,261 - INFO - Epoch 27 : Training Loss: 6.6006813049, Validation Loss: 7.0295529366, Training R-squared: 0.4991713166, Validation R-squared: 0.4452914894
2023-11-22 16:57:32,157 - INFO - Epoch 28 : Training Loss: 6.5951037407, Validation Loss: 7.0386805534, Training R-squared: 0.4994868934, Validation R-squared: 0.4438499808
2023-11-22 16:57:44,173 - INFO - Epoch 29 : Training Loss: 6.5763120651, Validation Loss: 7.0359916687, Training R-squared: 0.5032746196, Validation R-squared: 0.4439923763
2023-11-22 16:57:56,260 - INFO - Epoch 30 : Training Loss: 6.5602502823, Validation Loss: 7.0328445435, Training R-squared: 0.5045707822, Validation R-squared: 0.4446425736
2023-11-22 16:58:08,263 - INFO - Epoch 31 : Training Loss: 6.5286521912, Validation Loss: 7.0261707306, Training R-squared: 0.5089780688, Validation R-squared: 0.4464237392
2023-11-22 16:58:20,856 - INFO - Epoch 32 : Training Loss: 6.5297508240, Validation Loss: 7.0142040253, Training R-squared: 0.5086804032, Validation R-squared: 0.4480185509
2023-11-22 16:58:32,799 - INFO - Epoch 33 : Training Loss: 6.5004572868, Validation Loss: 7.0247359276, Training R-squared: 0.5125457644, Validation R-squared: 0.4462149739
2023-11-22 16:58:44,874 - INFO - Epoch 34 : Training Loss: 6.4893317223, Validation Loss: 7.0156846046, Training R-squared: 0.5155062675, Validation R-squared: 0.4471783638
2023-11-22 16:58:56,863 - INFO - Epoch 35 : Training Loss: 6.4823660851, Validation Loss: 7.0001902580, Training R-squared: 0.5157095194, Validation R-squared: 0.4503965378
2023-11-22 16:59:08,978 - INFO - Epoch 36 : Training Loss: 6.4575467110, Validation Loss: 6.9955582619, Training R-squared: 0.5199339390, Validation R-squared: 0.4507998526
2023-11-22 16:59:21,149 - INFO - Epoch 37 : Training Loss: 6.4423928261, Validation Loss: 6.9773569107, Training R-squared: 0.5222359300, Validation R-squared: 0.4539603293
2023-11-22 16:59:33,334 - INFO - Epoch 38 : Training Loss: 6.4096045494, Validation Loss: 6.9765920639, Training R-squared: 0.5257975459, Validation R-squared: 0.4535233974
2023-11-22 16:59:46,106 - INFO - Epoch 39 : Training Loss: 6.3925809860, Validation Loss: 6.9940924644, Training R-squared: 0.5281248093, Validation R-squared: 0.4500229359
2023-11-22 16:59:57,927 - INFO - Epoch 40 : Training Loss: 6.3744645119, Validation Loss: 6.9614987373, Training R-squared: 0.5311115980, Validation R-squared: 0.4564778805
2023-11-22 17:00:10,003 - INFO - Epoch 41 : Training Loss: 6.3570823669, Validation Loss: 6.9616532326, Training R-squared: 0.5343752503, Validation R-squared: 0.4562568069
2023-11-22 17:00:22,219 - INFO - Epoch 42 : Training Loss: 6.3368372917, Validation Loss: 6.9481487274, Training R-squared: 0.5378064513, Validation R-squared: 0.4578978717
2023-11-22 17:00:34,188 - INFO - Epoch 43 : Training Loss: 6.3296651840, Validation Loss: 6.9523186684, Training R-squared: 0.5380910635, Validation R-squared: 0.4567547441
2023-11-22 17:00:46,072 - INFO - Epoch 44 : Training Loss: 6.3064894676, Validation Loss: 6.9401850700, Training R-squared: 0.5406818390, Validation R-squared: 0.4596312940
2023-11-22 17:00:57,821 - INFO - Epoch 45 : Training Loss: 6.2843079567, Validation Loss: 6.9519801140, Training R-squared: 0.5449345708, Validation R-squared: 0.4569551051
2023-11-22 17:01:09,780 - INFO - Epoch 46 : Training Loss: 6.2626438141, Validation Loss: 6.9497466087, Training R-squared: 0.5475357175, Validation R-squared: 0.4570593834
2023-11-22 17:01:22,045 - INFO - Epoch 47 : Training Loss: 6.2517852783, Validation Loss: 6.9254999161, Training R-squared: 0.5494631529, Validation R-squared: 0.4609265625
2023-11-22 17:01:33,854 - INFO - Epoch 48 : Training Loss: 6.2378487587, Validation Loss: 6.9322185516, Training R-squared: 0.5512909293, Validation R-squared: 0.4599766433
2023-11-22 17:01:45,839 - INFO - Epoch 49 : Training Loss: 6.2251234055, Validation Loss: 6.9161024094, Training R-squared: 0.5528267026, Validation R-squared: 0.4627484083
2023-11-22 17:01:57,639 - INFO - Epoch 50 : Training Loss: 6.1965947151, Validation Loss: 6.9145126343, Training R-squared: 0.5569691658, Validation R-squared: 0.4627722204
2023-11-22 17:02:09,579 - INFO - Epoch 51 : Training Loss: 6.1840267181, Validation Loss: 6.9205288887, Training R-squared: 0.5587463379, Validation R-squared: 0.4611685276
2023-11-22 17:02:22,015 - INFO - Epoch 52 : Training Loss: 6.1716246605, Validation Loss: 6.9065756798, Training R-squared: 0.5607069731, Validation R-squared: 0.4637902379
2023-11-22 17:02:33,890 - INFO - Epoch 53 : Training Loss: 6.1523060799, Validation Loss: 6.9490613937, Training R-squared: 0.5635697842, Validation R-squared: 0.4556946754
2023-11-22 17:02:45,920 - INFO - Epoch 54 : Training Loss: 6.1372413635, Validation Loss: 6.9074501991, Training R-squared: 0.5646156073, Validation R-squared: 0.4631727040
2023-11-22 17:02:57,827 - INFO - Epoch 55 : Training Loss: 6.1246509552, Validation Loss: 6.9000949860, Training R-squared: 0.5675920248, Validation R-squared: 0.4646198750
2023-11-22 17:03:09,747 - INFO - Epoch 56 : Training Loss: 6.0990462303, Validation Loss: 6.9229054451, Training R-squared: 0.5694715977, Validation R-squared: 0.4605611563
2023-11-22 17:03:22,287 - INFO - Epoch 57 : Training Loss: 6.0976305008, Validation Loss: 6.9126095772, Training R-squared: 0.5701647997, Validation R-squared: 0.4619292319
2023-11-22 17:03:34,257 - INFO - Epoch 58 : Training Loss: 6.0829467773, Validation Loss: 6.9117574692, Training R-squared: 0.5720068812, Validation R-squared: 0.4612584114
2023-11-22 17:03:46,660 - INFO - Epoch 59 : Training Loss: 6.0537662506, Validation Loss: 6.9238224030, Training R-squared: 0.5762128234, Validation R-squared: 0.4594728649
2023-11-22 17:03:59,584 - INFO - Epoch 60 : Training Loss: 6.0308842659, Validation Loss: 6.9460234642, Training R-squared: 0.5782172084, Validation R-squared: 0.4550977349
2023-11-22 17:04:17,417 - INFO - Model saved to models/portion_model/breakfast/512_512_200_64/sparsity_40_fold_4_model.keras
2023-11-22 17:04:23,228 - INFO - Avg Metrics: RMSE: 5.2694406030, R-squared: -1.2770890344, PCC: 0.6957434794
2023-11-22 17:04:23,229 - INFO - Agg Metrics: RMSE: 7.0421515615, R-squared: 0.4535982681, PCC: 0.6742096581
2023-11-22 17:04:29,896 - INFO - ================================================================== Fold 5 ===================================================================
2023-11-22 17:04:47,775 - INFO - Epoch 1  : Training Loss: 9.0131511688, Validation Loss: 8.8615169525, Training R-squared: 0.0690779015, Validation R-squared: 0.0945568308
2023-11-22 17:04:59,989 - INFO - Epoch 2  : Training Loss: 8.5416126251, Validation Loss: 8.3227663040, Training R-squared: 0.1633581221, Validation R-squared: 0.2022895366
2023-11-22 17:05:11,863 - INFO - Epoch 3  : Training Loss: 8.1275691986, Validation Loss: 7.7725038528, Training R-squared: 0.2439860404, Validation R-squared: 0.3045385182
2023-11-22 17:05:24,262 - INFO - Epoch 4  : Training Loss: 7.5385432243, Validation Loss: 7.4698405266, Training R-squared: 0.3508594930, Validation R-squared: 0.3578073084
2023-11-22 17:05:36,309 - INFO - Epoch 5  : Training Loss: 7.3983306885, Validation Loss: 7.3851432800, Training R-squared: 0.3744619787, Validation R-squared: 0.3725004494
2023-11-22 17:05:48,172 - INFO - Epoch 6  : Training Loss: 7.3049764633, Validation Loss: 7.3220353127, Training R-squared: 0.3895463347, Validation R-squared: 0.3837983012
2023-11-22 17:06:00,136 - INFO - Epoch 7  : Training Loss: 7.2620363235, Validation Loss: 7.3107118607, Training R-squared: 0.3992813230, Validation R-squared: 0.3852196336
2023-11-22 17:06:12,126 - INFO - Epoch 8  : Training Loss: 7.2309684753, Validation Loss: 7.3075585365, Training R-squared: 0.4025388360, Validation R-squared: 0.3857646286
2023-11-22 17:06:24,468 - INFO - Epoch 9  : Training Loss: 7.2128243446, Validation Loss: 7.3116016388, Training R-squared: 0.4058305621, Validation R-squared: 0.3848641217
2023-11-22 17:06:36,431 - INFO - Epoch 10 : Training Loss: 7.1880393028, Validation Loss: 7.3128743172, Training R-squared: 0.4100058377, Validation R-squared: 0.3842029274
2023-11-22 17:06:48,202 - INFO - Epoch 11 : Training Loss: 7.1496419907, Validation Loss: 7.2944684029, Training R-squared: 0.4152598679, Validation R-squared: 0.3885790110
2023-11-22 17:07:00,410 - INFO - Epoch 12 : Training Loss: 7.1321802139, Validation Loss: 7.2668542862, Training R-squared: 0.4176502526, Validation R-squared: 0.3925570250
2023-11-22 17:07:12,248 - INFO - Epoch 13 : Training Loss: 7.0940217972, Validation Loss: 7.2483630180, Training R-squared: 0.4250480533, Validation R-squared: 0.3959229290
2023-11-22 17:07:24,419 - INFO - Epoch 14 : Training Loss: 7.0624232292, Validation Loss: 7.2402524948, Training R-squared: 0.4292329550, Validation R-squared: 0.3969046474
2023-11-22 17:07:36,395 - INFO - Epoch 15 : Training Loss: 7.0375366211, Validation Loss: 7.2209057808, Training R-squared: 0.4330599904, Validation R-squared: 0.4009842277
2023-11-22 17:07:48,735 - INFO - Epoch 16 : Training Loss: 7.0168285370, Validation Loss: 7.2007002831, Training R-squared: 0.4373872280, Validation R-squared: 0.4043958187
2023-11-22 17:08:00,810 - INFO - Epoch 17 : Training Loss: 6.9689121246, Validation Loss: 7.1767830849, Training R-squared: 0.4456397295, Validation R-squared: 0.4084973037
2023-11-22 17:08:12,733 - INFO - Epoch 18 : Training Loss: 6.9203042984, Validation Loss: 7.1518278122, Training R-squared: 0.4513760507, Validation R-squared: 0.4120278060
2023-11-22 17:08:25,324 - INFO - Epoch 19 : Training Loss: 6.8945603371, Validation Loss: 7.1338133812, Training R-squared: 0.4568490684, Validation R-squared: 0.4152073264
2023-11-22 17:08:37,631 - INFO - Epoch 20 : Training Loss: 6.8560900688, Validation Loss: 7.1060290337, Training R-squared: 0.4615958333, Validation R-squared: 0.4198692441
2023-11-22 17:08:49,554 - INFO - Epoch 21 : Training Loss: 6.8216919899, Validation Loss: 7.1017770767, Training R-squared: 0.4676630795, Validation R-squared: 0.4211856127
2023-11-22 17:09:01,653 - INFO - Epoch 22 : Training Loss: 6.7831654549, Validation Loss: 7.0671052933, Training R-squared: 0.4734150469, Validation R-squared: 0.4258365929
2023-11-22 17:09:13,371 - INFO - Epoch 23 : Training Loss: 6.7447586060, Validation Loss: 7.0593671799, Training R-squared: 0.4791080058, Validation R-squared: 0.4264695942
2023-11-22 17:09:25,832 - INFO - Epoch 24 : Training Loss: 6.7155566216, Validation Loss: 7.0172367096, Training R-squared: 0.4843757153, Validation R-squared: 0.4344095886
2023-11-22 17:09:38,580 - INFO - Epoch 25 : Training Loss: 6.6715617180, Validation Loss: 7.0146813393, Training R-squared: 0.4898484349, Validation R-squared: 0.4345554113
2023-11-22 17:09:51,199 - INFO - Epoch 26 : Training Loss: 6.6554760933, Validation Loss: 7.0266079903, Training R-squared: 0.4933757782, Validation R-squared: 0.4317132831
2023-11-22 17:10:03,940 - INFO - Epoch 27 : Training Loss: 6.6310167313, Validation Loss: 6.9960365295, Training R-squared: 0.4963469803, Validation R-squared: 0.4373512864
2023-11-22 17:10:16,119 - INFO - Epoch 28 : Training Loss: 6.6155757904, Validation Loss: 6.9805083275, Training R-squared: 0.4988131225, Validation R-squared: 0.4401707053
2023-11-22 17:10:28,404 - INFO - Epoch 29 : Training Loss: 6.5989365578, Validation Loss: 6.9744529724, Training R-squared: 0.5015024543, Validation R-squared: 0.4412844181
2023-11-22 17:10:40,539 - INFO - Epoch 30 : Training Loss: 6.5830969810, Validation Loss: 6.9890284538, Training R-squared: 0.5052388906, Validation R-squared: 0.4380174875
2023-11-22 17:10:52,525 - INFO - Epoch 31 : Training Loss: 6.5666613579, Validation Loss: 6.9746017456, Training R-squared: 0.5059239864, Validation R-squared: 0.4406809509
2023-11-22 17:11:04,240 - INFO - Epoch 32 : Training Loss: 6.5566124916, Validation Loss: 6.9587750435, Training R-squared: 0.5085617900, Validation R-squared: 0.4433164597
2023-11-22 17:11:16,285 - INFO - Epoch 33 : Training Loss: 6.5230445862, Validation Loss: 6.9685502052, Training R-squared: 0.5121208429, Validation R-squared: 0.4412316382
2023-11-22 17:11:28,466 - INFO - Epoch 34 : Training Loss: 6.5121912956, Validation Loss: 6.9506573677, Training R-squared: 0.5148295164, Validation R-squared: 0.4445638061
2023-11-22 17:11:40,365 - INFO - Epoch 35 : Training Loss: 6.5042362213, Validation Loss: 6.9382071495, Training R-squared: 0.5159466863, Validation R-squared: 0.4468784034
2023-11-22 17:11:52,423 - INFO - Epoch 36 : Training Loss: 6.4779081345, Validation Loss: 6.9658679962, Training R-squared: 0.5190060735, Validation R-squared: 0.4412888288
2023-11-22 17:12:04,249 - INFO - Epoch 37 : Training Loss: 6.4675979614, Validation Loss: 6.9306788445, Training R-squared: 0.5212113261, Validation R-squared: 0.4476524591
2023-11-22 17:12:16,291 - INFO - Epoch 38 : Training Loss: 6.4378967285, Validation Loss: 6.9097814560, Training R-squared: 0.5245134830, Validation R-squared: 0.4512877464
2023-11-22 17:12:28,549 - INFO - Epoch 39 : Training Loss: 6.4261889458, Validation Loss: 6.9189581871, Training R-squared: 0.5274214745, Validation R-squared: 0.4492546022
2023-11-22 17:12:40,587 - INFO - Epoch 40 : Training Loss: 6.3980522156, Validation Loss: 6.9243068695, Training R-squared: 0.5310655832, Validation R-squared: 0.4480700791
2023-11-22 17:12:52,631 - INFO - Epoch 41 : Training Loss: 6.3826842308, Validation Loss: 6.9318590164, Training R-squared: 0.5326288939, Validation R-squared: 0.4463389516
2023-11-22 17:13:04,560 - INFO - Epoch 42 : Training Loss: 6.3825206757, Validation Loss: 6.9109196663, Training R-squared: 0.5329326987, Validation R-squared: 0.4498441815
2023-11-22 17:13:16,643 - INFO - Epoch 43 : Training Loss: 6.3458924294, Validation Loss: 6.8975882530, Training R-squared: 0.5371817946, Validation R-squared: 0.4524532855
2023-11-22 17:13:28,982 - INFO - Epoch 44 : Training Loss: 6.3307485580, Validation Loss: 6.8961381912, Training R-squared: 0.5409051180, Validation R-squared: 0.4526115656
2023-11-22 17:13:41,005 - INFO - Epoch 45 : Training Loss: 6.3075847626, Validation Loss: 6.8603882790, Training R-squared: 0.5438715816, Validation R-squared: 0.4588065445
2023-11-22 17:13:53,958 - INFO - Epoch 46 : Training Loss: 6.2997212410, Validation Loss: 6.8705391884, Training R-squared: 0.5440740585, Validation R-squared: 0.4571810365
2023-11-22 17:14:06,330 - INFO - Epoch 47 : Training Loss: 6.2927308083, Validation Loss: 6.8641104698, Training R-squared: 0.5462743640, Validation R-squared: 0.4581847489
2023-11-22 17:14:18,523 - INFO - Epoch 48 : Training Loss: 6.2432732582, Validation Loss: 6.8803482056, Training R-squared: 0.5523949265, Validation R-squared: 0.4547330737
2023-11-22 17:14:30,617 - INFO - Epoch 49 : Training Loss: 6.2412033081, Validation Loss: 6.8649787903, Training R-squared: 0.5528573990, Validation R-squared: 0.4578568935
2023-11-22 17:14:42,546 - INFO - Epoch 50 : Training Loss: 6.2227163315, Validation Loss: 6.8403882980, Training R-squared: 0.5556807518, Validation R-squared: 0.4619176984
2023-11-22 17:14:54,341 - INFO - Epoch 51 : Training Loss: 6.2098760605, Validation Loss: 6.8409538269, Training R-squared: 0.5579612255, Validation R-squared: 0.4618127346
2023-11-22 17:15:06,255 - INFO - Epoch 52 : Training Loss: 6.1877002716, Validation Loss: 6.8261880875, Training R-squared: 0.5612069368, Validation R-squared: 0.4640900493
2023-11-22 17:15:18,439 - INFO - Epoch 53 : Training Loss: 6.1761665344, Validation Loss: 6.8481378555, Training R-squared: 0.5630410314, Validation R-squared: 0.4602068663
2023-11-22 17:15:30,669 - INFO - Epoch 54 : Training Loss: 6.1591353416, Validation Loss: 6.8291110992, Training R-squared: 0.5644844174, Validation R-squared: 0.4634020329
2023-11-22 17:15:42,782 - INFO - Epoch 55 : Training Loss: 6.1278843880, Validation Loss: 6.8178477287, Training R-squared: 0.5674121976, Validation R-squared: 0.4652467370
2023-11-22 17:15:54,516 - INFO - Epoch 56 : Training Loss: 6.1104688644, Validation Loss: 6.8285932541, Training R-squared: 0.5710487962, Validation R-squared: 0.4637236595
2023-11-22 17:16:06,351 - INFO - Epoch 57 : Training Loss: 6.1031656265, Validation Loss: 6.8082289696, Training R-squared: 0.5720847249, Validation R-squared: 0.4668291211
2023-11-22 17:16:18,492 - INFO - Epoch 58 : Training Loss: 6.0830478668, Validation Loss: 6.8221192360, Training R-squared: 0.5743440390, Validation R-squared: 0.4645472765
2023-11-22 17:16:30,328 - INFO - Epoch 59 : Training Loss: 6.0643892288, Validation Loss: 6.8264617920, Training R-squared: 0.5777288675, Validation R-squared: 0.4633702934
2023-11-22 17:16:42,151 - INFO - Epoch 60 : Training Loss: 6.0492391586, Validation Loss: 6.8096303940, Training R-squared: 0.5785145164, Validation R-squared: 0.4664924443
2023-11-22 17:16:53,239 - INFO - Epoch 61 : Training Loss: 6.0548300743, Validation Loss: 6.8260416985, Training R-squared: 0.5788732171, Validation R-squared: 0.4635299146
2023-11-22 17:17:04,285 - INFO - Epoch 62 : Training Loss: 6.0252046585, Validation Loss: 6.8111515045, Training R-squared: 0.5821291804, Validation R-squared: 0.4659858942
2023-11-22 17:17:20,039 - INFO - Model saved to models/portion_model/breakfast/512_512_200_64/sparsity_40_fold_5_model.keras
2023-11-22 17:17:25,319 - INFO - Avg Metrics: RMSE: 5.2299934098, R-squared: -0.0388979761, PCC: 0.6925338921
2023-11-22 17:17:25,319 - INFO - Agg Metrics: RMSE: 6.9575984211, R-squared: 0.4567746507, PCC: 0.6780730297
2023-11-22 17:17:40,802 - INFO - ================================================================== Results Summary ===================================================================
2023-11-22 17:17:40,802 - INFO - CrossVal Metrics (Avg.) - RMSE: 5.2287200174  0.0545105074, R2: -0.3982881523  0.0545105074, PCC: 0.6959440262  0.0545105074
2023-11-22 17:17:40,803 - INFO - Testing  Metrics (Avg.) - RMSE: 5.2484431607, R2: -0.0630250530, PCC: 0.6879477087
2023-11-22 17:17:40,803 - INFO - CrossVal Metrics (Agg.) - RMSE: 7.0042623163  0.0545105074, R2: 0.4519374814  0.0545105074, PCC: 0.6736251214  0.0545105074
2023-11-22 17:17:40,803 - INFO - Testing  Metrics (Agg.) - RMSE: 7.0703499222, R2: 0.4414060671, PCC: 0.6661855855
