2023-11-22 21:43:16,502 - INFO - Training model at 70% sparse columns removed...
2023-11-22 21:43:23,396 - INFO - ================================================================== Fold 1 ===================================================================
2023-11-22 21:43:33,442 - INFO - Epoch 1  : Training Loss: 12.5889177322, Validation Loss: 12.6333436966, Training R-squared: 0.0712660849, Validation R-squared: 0.0892358050
2023-11-22 21:43:39,704 - INFO - Epoch 2  : Training Loss: 11.9501876831, Validation Loss: 11.7083168030, Training R-squared: 0.1601463407, Validation R-squared: 0.2177851051
2023-11-22 21:43:47,921 - INFO - Epoch 3  : Training Loss: 10.8632688522, Validation Loss: 10.5379886627, Training R-squared: 0.3080998063, Validation R-squared: 0.3680167496
2023-11-22 21:43:55,101 - INFO - Epoch 4  : Training Loss: 10.2746229172, Validation Loss: 10.3922920227, Training R-squared: 0.3820923269, Validation R-squared: 0.3862950504
2023-11-22 21:44:02,965 - INFO - Epoch 5  : Training Loss: 10.1510858536, Validation Loss: 10.3308105469, Training R-squared: 0.3973579407, Validation R-squared: 0.3935478330
2023-11-22 21:44:09,485 - INFO - Epoch 6  : Training Loss: 10.0784454346, Validation Loss: 10.2971429825, Training R-squared: 0.4051829576, Validation R-squared: 0.3974592686
2023-11-22 21:44:15,842 - INFO - Epoch 7  : Training Loss: 10.0556182861, Validation Loss: 10.2841062546, Training R-squared: 0.4078840613, Validation R-squared: 0.3993290961
2023-11-22 21:44:22,340 - INFO - Epoch 8  : Training Loss: 10.0016984940, Validation Loss: 10.2712993622, Training R-squared: 0.4140164256, Validation R-squared: 0.3999337256
2023-11-22 21:44:28,447 - INFO - Epoch 9  : Training Loss: 9.9892644882, Validation Loss: 10.2352180481, Training R-squared: 0.4173007905, Validation R-squared: 0.4047201872
2023-11-22 21:44:34,427 - INFO - Epoch 10 : Training Loss: 9.9357862473, Validation Loss: 10.2092618942, Training R-squared: 0.4224683642, Validation R-squared: 0.4078743756
2023-11-22 21:44:40,252 - INFO - Epoch 11 : Training Loss: 9.8739624023, Validation Loss: 10.1726350784, Training R-squared: 0.4288280010, Validation R-squared: 0.4120864868
2023-11-22 21:44:46,120 - INFO - Epoch 12 : Training Loss: 9.8300437927, Validation Loss: 10.1254587173, Training R-squared: 0.4341394603, Validation R-squared: 0.4184177518
2023-11-22 21:44:52,027 - INFO - Epoch 13 : Training Loss: 9.7730226517, Validation Loss: 10.0569286346, Training R-squared: 0.4411618412, Validation R-squared: 0.4257778227
2023-11-22 21:44:58,064 - INFO - Epoch 14 : Training Loss: 9.7040166855, Validation Loss: 9.9981193542, Training R-squared: 0.4504556656, Validation R-squared: 0.4331268370
2023-11-22 21:45:03,945 - INFO - Epoch 15 : Training Loss: 9.6385765076, Validation Loss: 9.9498109818, Training R-squared: 0.4577460885, Validation R-squared: 0.4392001033
2023-11-22 21:45:09,729 - INFO - Epoch 16 : Training Loss: 9.5888147354, Validation Loss: 9.9035825729, Training R-squared: 0.4638155103, Validation R-squared: 0.4444288611
2023-11-22 21:45:15,608 - INFO - Epoch 17 : Training Loss: 9.5176658630, Validation Loss: 9.8628826141, Training R-squared: 0.4708718061, Validation R-squared: 0.4484868646
2023-11-22 21:45:21,692 - INFO - Epoch 18 : Training Loss: 9.4607839584, Validation Loss: 9.8258972168, Training R-squared: 0.4776546359, Validation R-squared: 0.4527239501
2023-11-22 21:45:27,559 - INFO - Epoch 19 : Training Loss: 9.4098587036, Validation Loss: 9.7917776108, Training R-squared: 0.4823693037, Validation R-squared: 0.4571090341
2023-11-22 21:45:33,621 - INFO - Epoch 20 : Training Loss: 9.3665161133, Validation Loss: 9.7720565796, Training R-squared: 0.4871146083, Validation R-squared: 0.4592855871
2023-11-22 21:45:39,389 - INFO - Epoch 21 : Training Loss: 9.3477535248, Validation Loss: 9.7536287308, Training R-squared: 0.4897010326, Validation R-squared: 0.4615840912
2023-11-22 21:45:45,377 - INFO - Epoch 22 : Training Loss: 9.3229923248, Validation Loss: 9.7384815216, Training R-squared: 0.4929596186, Validation R-squared: 0.4633259177
2023-11-22 21:45:51,591 - INFO - Epoch 23 : Training Loss: 9.2878084183, Validation Loss: 9.7258234024, Training R-squared: 0.4971329868, Validation R-squared: 0.4642499089
2023-11-22 21:45:57,461 - INFO - Epoch 24 : Training Loss: 9.2562618256, Validation Loss: 9.7193479538, Training R-squared: 0.4994083047, Validation R-squared: 0.4657787681
2023-11-22 21:46:03,513 - INFO - Epoch 25 : Training Loss: 9.2195463181, Validation Loss: 9.6940212250, Training R-squared: 0.5033643842, Validation R-squared: 0.4680044651
2023-11-22 21:46:09,415 - INFO - Epoch 26 : Training Loss: 9.1880035400, Validation Loss: 9.6913900375, Training R-squared: 0.5064393878, Validation R-squared: 0.4680186212
2023-11-22 21:46:15,233 - INFO - Epoch 27 : Training Loss: 9.1777000427, Validation Loss: 9.6721458435, Training R-squared: 0.5064697862, Validation R-squared: 0.4703990817
2023-11-22 21:46:21,604 - INFO - Epoch 28 : Training Loss: 9.1322660446, Validation Loss: 9.6597995758, Training R-squared: 0.5114685893, Validation R-squared: 0.4719589651
2023-11-22 21:46:27,481 - INFO - Epoch 29 : Training Loss: 9.1360960007, Validation Loss: 9.6431350708, Training R-squared: 0.5126652718, Validation R-squared: 0.4737604260
2023-11-22 21:46:33,551 - INFO - Epoch 30 : Training Loss: 9.0787820816, Validation Loss: 9.6332492828, Training R-squared: 0.5179163218, Validation R-squared: 0.4748630822
2023-11-22 21:46:39,444 - INFO - Epoch 31 : Training Loss: 9.0631895065, Validation Loss: 9.6409807205, Training R-squared: 0.5189115405, Validation R-squared: 0.4736296833
2023-11-22 21:46:45,331 - INFO - Epoch 32 : Training Loss: 9.0401096344, Validation Loss: 9.6200189590, Training R-squared: 0.5215996504, Validation R-squared: 0.4768983722
2023-11-22 21:46:51,263 - INFO - Epoch 33 : Training Loss: 9.0317449570, Validation Loss: 9.6204519272, Training R-squared: 0.5234632492, Validation R-squared: 0.4758393466
2023-11-22 21:46:57,027 - INFO - Epoch 34 : Training Loss: 9.0017805099, Validation Loss: 9.6028203964, Training R-squared: 0.5258710384, Validation R-squared: 0.4788351357
2023-11-22 21:47:02,975 - INFO - Epoch 35 : Training Loss: 8.9756603241, Validation Loss: 9.5792741776, Training R-squared: 0.5277412534, Validation R-squared: 0.4812429547
2023-11-22 21:47:08,912 - INFO - Epoch 36 : Training Loss: 8.9567756653, Validation Loss: 9.5807437897, Training R-squared: 0.5310915112, Validation R-squared: 0.4804658890
2023-11-22 21:47:14,804 - INFO - Epoch 37 : Training Loss: 8.9299068451, Validation Loss: 9.5862665176, Training R-squared: 0.5327709317, Validation R-squared: 0.4808079898
2023-11-22 21:47:20,781 - INFO - Epoch 38 : Training Loss: 8.9124860764, Validation Loss: 9.5875043869, Training R-squared: 0.5346693397, Validation R-squared: 0.4794126749
2023-11-22 21:47:26,640 - INFO - Epoch 39 : Training Loss: 8.8821563721, Validation Loss: 9.5483264923, Training R-squared: 0.5379185677, Validation R-squared: 0.4843094349
2023-11-22 21:47:33,064 - INFO - Epoch 40 : Training Loss: 8.8592443466, Validation Loss: 9.5451984406, Training R-squared: 0.5393109918, Validation R-squared: 0.4850929677
2023-11-22 21:47:39,025 - INFO - Epoch 41 : Training Loss: 8.8363313675, Validation Loss: 9.5389356613, Training R-squared: 0.5434767604, Validation R-squared: 0.4851658642
2023-11-22 21:47:44,855 - INFO - Epoch 42 : Training Loss: 8.8023519516, Validation Loss: 9.5301904678, Training R-squared: 0.5465121865, Validation R-squared: 0.4868253469
2023-11-22 21:47:50,650 - INFO - Epoch 43 : Training Loss: 8.7756271362, Validation Loss: 9.5036783218, Training R-squared: 0.5478668809, Validation R-squared: 0.4894076288
2023-11-22 21:47:56,451 - INFO - Epoch 44 : Training Loss: 8.7745046616, Validation Loss: 9.5187463760, Training R-squared: 0.5485876799, Validation R-squared: 0.4873066247
2023-11-22 21:48:02,298 - INFO - Epoch 45 : Training Loss: 8.7330656052, Validation Loss: 9.4960260391, Training R-squared: 0.5520474911, Validation R-squared: 0.4900749624
2023-11-22 21:48:08,292 - INFO - Epoch 46 : Training Loss: 8.7282142639, Validation Loss: 9.4767494202, Training R-squared: 0.5540161729, Validation R-squared: 0.4927531481
2023-11-22 21:48:14,516 - INFO - Epoch 47 : Training Loss: 8.6905765533, Validation Loss: 9.4609355927, Training R-squared: 0.5568057895, Validation R-squared: 0.4940556288
2023-11-22 21:48:20,566 - INFO - Epoch 48 : Training Loss: 8.6744499207, Validation Loss: 9.4792108536, Training R-squared: 0.5593128800, Validation R-squared: 0.4918294847
2023-11-22 21:48:26,476 - INFO - Epoch 49 : Training Loss: 8.6389226913, Validation Loss: 9.4419822693, Training R-squared: 0.5629448891, Validation R-squared: 0.4963725209
2023-11-22 21:48:32,404 - INFO - Epoch 50 : Training Loss: 8.6350097656, Validation Loss: 9.4516801834, Training R-squared: 0.5622959137, Validation R-squared: 0.4949677587
2023-11-22 21:48:38,491 - INFO - Epoch 51 : Training Loss: 8.6042060852, Validation Loss: 9.4321451187, Training R-squared: 0.5656558871, Validation R-squared: 0.4976664484
2023-11-22 21:48:44,289 - INFO - Epoch 52 : Training Loss: 8.5728731155, Validation Loss: 9.4117527008, Training R-squared: 0.5685923100, Validation R-squared: 0.4997138679
2023-11-22 21:48:50,209 - INFO - Epoch 53 : Training Loss: 8.5737524033, Validation Loss: 9.4413318634, Training R-squared: 0.5684650540, Validation R-squared: 0.4958105385
2023-11-22 21:48:56,196 - INFO - Epoch 54 : Training Loss: 8.5264492035, Validation Loss: 9.4241952896, Training R-squared: 0.5733301044, Validation R-squared: 0.4977202713
2023-11-22 21:49:02,019 - INFO - Epoch 55 : Training Loss: 8.5139465332, Validation Loss: 9.4064626694, Training R-squared: 0.5745972991, Validation R-squared: 0.4996814728
2023-11-22 21:49:07,974 - INFO - Epoch 56 : Training Loss: 8.4748468399, Validation Loss: 9.3997840881, Training R-squared: 0.5761545300, Validation R-squared: 0.5005928874
2023-11-22 21:49:14,008 - INFO - Epoch 57 : Training Loss: 8.4732284546, Validation Loss: 9.3730707169, Training R-squared: 0.5780033469, Validation R-squared: 0.5039240122
2023-11-22 21:49:20,054 - INFO - Epoch 58 : Training Loss: 8.4526786804, Validation Loss: 9.3850202560, Training R-squared: 0.5805649757, Validation R-squared: 0.5024837255
2023-11-22 21:49:25,800 - INFO - Epoch 59 : Training Loss: 8.4263467789, Validation Loss: 9.3720302582, Training R-squared: 0.5821241140, Validation R-squared: 0.5039836764
2023-11-22 21:49:31,650 - INFO - Epoch 60 : Training Loss: 8.4065380096, Validation Loss: 9.4033212662, Training R-squared: 0.5845613480, Validation R-squared: 0.4997514486
2023-11-22 21:49:37,591 - INFO - Epoch 61 : Training Loss: 8.3791255951, Validation Loss: 9.3780260086, Training R-squared: 0.5879151821, Validation R-squared: 0.5032965541
2023-11-22 21:49:43,565 - INFO - Epoch 62 : Training Loss: 8.3682613373, Validation Loss: 9.3838453293, Training R-squared: 0.5882012844, Validation R-squared: 0.5021092892
2023-11-22 21:49:49,358 - INFO - Epoch 63 : Training Loss: 8.3479413986, Validation Loss: 9.3597564697, Training R-squared: 0.5905842185, Validation R-squared: 0.5050705671
2023-11-22 21:49:55,162 - INFO - Epoch 64 : Training Loss: 8.3251399994, Validation Loss: 9.3714361191, Training R-squared: 0.5927182436, Validation R-squared: 0.5037965178
2023-11-22 21:50:00,981 - INFO - Epoch 65 : Training Loss: 8.3115377426, Validation Loss: 9.3874492645, Training R-squared: 0.5940652490, Validation R-squared: 0.5015022159
2023-11-22 21:50:06,971 - INFO - Epoch 66 : Training Loss: 8.2867517471, Validation Loss: 9.3521165848, Training R-squared: 0.5962645411, Validation R-squared: 0.5062985420
2023-11-22 21:50:12,744 - INFO - Epoch 67 : Training Loss: 8.2551651001, Validation Loss: 9.3555688858, Training R-squared: 0.5989266038, Validation R-squared: 0.5057799816
2023-11-22 21:50:18,891 - INFO - Epoch 68 : Training Loss: 8.2362546921, Validation Loss: 9.3616991043, Training R-squared: 0.6004461050, Validation R-squared: 0.5049779415
2023-11-22 21:50:24,782 - INFO - Epoch 69 : Training Loss: 8.2081661224, Validation Loss: 9.3618297577, Training R-squared: 0.6031866074, Validation R-squared: 0.5044652820
2023-11-22 21:50:30,576 - INFO - Epoch 70 : Training Loss: 8.2060270309, Validation Loss: 9.3632612228, Training R-squared: 0.6032879949, Validation R-squared: 0.5042135715
2023-11-22 21:50:37,002 - INFO - Epoch 71 : Training Loss: 8.1765565872, Validation Loss: 9.3634643555, Training R-squared: 0.6055720448, Validation R-squared: 0.5041402578
2023-11-22 21:50:48,979 - INFO - Model saved to models/portion_model/breakfast/512_512_200_64/sparsity_70_fold_1_model.keras
2023-11-22 21:50:52,967 - INFO - Avg Metrics: RMSE: 7.0027949856, R-squared: -0.0299745500, PCC: 0.7409158681
2023-11-22 21:50:52,967 - INFO - Agg Metrics: RMSE: 9.6470646391, R-squared: 0.4843754936, PCC: 0.6960676993
2023-11-22 21:50:59,382 - INFO - ================================================================== Fold 2 ===================================================================
2023-11-22 21:51:08,951 - INFO - Epoch 1  : Training Loss: 12.5276889801, Validation Loss: 12.8331136703, Training R-squared: 0.0718112290, Validation R-squared: 0.0889758319
2023-11-22 21:51:15,453 - INFO - Epoch 2  : Training Loss: 11.8691415787, Validation Loss: 11.8408060074, Training R-squared: 0.1677588820, Validation R-squared: 0.2277141511
2023-11-22 21:51:21,981 - INFO - Epoch 3  : Training Loss: 10.8387365341, Validation Loss: 10.8538331985, Training R-squared: 0.3071713448, Validation R-squared: 0.3526600897
2023-11-22 21:51:27,813 - INFO - Epoch 4  : Training Loss: 10.2519855499, Validation Loss: 10.6492567062, Training R-squared: 0.3791712224, Validation R-squared: 0.3772827089
2023-11-22 21:51:34,207 - INFO - Epoch 5  : Training Loss: 10.1087656021, Validation Loss: 10.5823497772, Training R-squared: 0.3970635235, Validation R-squared: 0.3857044876
2023-11-22 21:51:40,157 - INFO - Epoch 6  : Training Loss: 10.0328531265, Validation Loss: 10.5422677994, Training R-squared: 0.4059138596, Validation R-squared: 0.3902732134
2023-11-22 21:51:45,949 - INFO - Epoch 7  : Training Loss: 10.0010242462, Validation Loss: 10.5234422684, Training R-squared: 0.4098761976, Validation R-squared: 0.3917488158
2023-11-22 21:51:51,972 - INFO - Epoch 8  : Training Loss: 9.9470376968, Validation Loss: 10.4905490875, Training R-squared: 0.4160645902, Validation R-squared: 0.3964615762
2023-11-22 21:51:57,803 - INFO - Epoch 9  : Training Loss: 9.9176578522, Validation Loss: 10.4593124390, Training R-squared: 0.4202276170, Validation R-squared: 0.4001545608
2023-11-22 21:52:03,880 - INFO - Epoch 10 : Training Loss: 9.8792800903, Validation Loss: 10.4333629608, Training R-squared: 0.4250057042, Validation R-squared: 0.4028497338
2023-11-22 21:52:09,678 - INFO - Epoch 11 : Training Loss: 9.8096208572, Validation Loss: 10.3996076584, Training R-squared: 0.4315931201, Validation R-squared: 0.4071844220
2023-11-22 21:52:15,513 - INFO - Epoch 12 : Training Loss: 9.7542123795, Validation Loss: 10.3584852219, Training R-squared: 0.4381783605, Validation R-squared: 0.4120074809
2023-11-22 21:52:21,583 - INFO - Epoch 13 : Training Loss: 9.6958780289, Validation Loss: 10.3063755035, Training R-squared: 0.4456445575, Validation R-squared: 0.4186051488
2023-11-22 21:52:27,521 - INFO - Epoch 14 : Training Loss: 9.6202678680, Validation Loss: 10.2693729401, Training R-squared: 0.4531803131, Validation R-squared: 0.4227457345
2023-11-22 21:52:33,547 - INFO - Epoch 15 : Training Loss: 9.5760517120, Validation Loss: 10.2300653458, Training R-squared: 0.4604543149, Validation R-squared: 0.4274466038
2023-11-22 21:52:39,499 - INFO - Epoch 16 : Training Loss: 9.4996299744, Validation Loss: 10.1732282639, Training R-squared: 0.4674594402, Validation R-squared: 0.4337196350
2023-11-22 21:52:45,467 - INFO - Epoch 17 : Training Loss: 9.4252614975, Validation Loss: 10.1385746002, Training R-squared: 0.4772672057, Validation R-squared: 0.4379956126
2023-11-22 21:52:51,308 - INFO - Epoch 18 : Training Loss: 9.3873777390, Validation Loss: 10.1007299423, Training R-squared: 0.4804324508, Validation R-squared: 0.4420375526
2023-11-22 21:52:57,190 - INFO - Epoch 19 : Training Loss: 9.3501548767, Validation Loss: 10.0769195557, Training R-squared: 0.4853407741, Validation R-squared: 0.4444210529
2023-11-22 21:53:03,069 - INFO - Epoch 20 : Training Loss: 9.2884273529, Validation Loss: 10.0595865250, Training R-squared: 0.4915508628, Validation R-squared: 0.4466361701
2023-11-22 21:53:09,213 - INFO - Epoch 21 : Training Loss: 9.2634449005, Validation Loss: 10.0528411865, Training R-squared: 0.4942806661, Validation R-squared: 0.4480300248
2023-11-22 21:53:15,130 - INFO - Epoch 22 : Training Loss: 9.2310533524, Validation Loss: 10.0361013412, Training R-squared: 0.4981826842, Validation R-squared: 0.4498311281
2023-11-22 21:53:21,091 - INFO - Epoch 23 : Training Loss: 9.2028923035, Validation Loss: 10.0287399292, Training R-squared: 0.5011905432, Validation R-squared: 0.4505192041
2023-11-22 21:53:26,997 - INFO - Epoch 24 : Training Loss: 9.1781997681, Validation Loss: 10.0111656189, Training R-squared: 0.5037000179, Validation R-squared: 0.4522096217
2023-11-22 21:53:32,839 - INFO - Epoch 25 : Training Loss: 9.1593217850, Validation Loss: 10.0135402679, Training R-squared: 0.5048322082, Validation R-squared: 0.4524854422
2023-11-22 21:53:38,988 - INFO - Epoch 26 : Training Loss: 9.1121854782, Validation Loss: 9.9912748337, Training R-squared: 0.5094753504, Validation R-squared: 0.4545297623
2023-11-22 21:53:45,197 - INFO - Epoch 27 : Training Loss: 9.0997562408, Validation Loss: 9.9911298752, Training R-squared: 0.5122038126, Validation R-squared: 0.4548934698
2023-11-22 21:53:52,090 - INFO - Epoch 28 : Training Loss: 9.0414876938, Validation Loss: 9.9816045761, Training R-squared: 0.5160040259, Validation R-squared: 0.4557722211
2023-11-22 21:53:58,283 - INFO - Epoch 29 : Training Loss: 9.0559244156, Validation Loss: 9.9880485535, Training R-squared: 0.5167443752, Validation R-squared: 0.4555821717
2023-11-22 21:54:04,347 - INFO - Epoch 30 : Training Loss: 9.0111141205, Validation Loss: 9.9581174850, Training R-squared: 0.5210526586, Validation R-squared: 0.4581178725
2023-11-22 21:54:10,190 - INFO - Epoch 31 : Training Loss: 8.9895992279, Validation Loss: 9.9456672668, Training R-squared: 0.5230690241, Validation R-squared: 0.4599365890
2023-11-22 21:54:16,185 - INFO - Epoch 32 : Training Loss: 8.9708070755, Validation Loss: 9.9406433105, Training R-squared: 0.5239198804, Validation R-squared: 0.4605539739
2023-11-22 21:54:22,455 - INFO - Epoch 33 : Training Loss: 8.9283876419, Validation Loss: 9.9433755875, Training R-squared: 0.5290603638, Validation R-squared: 0.4600329995
2023-11-22 21:54:28,347 - INFO - Epoch 34 : Training Loss: 8.9164056778, Validation Loss: 9.9118022919, Training R-squared: 0.5303593874, Validation R-squared: 0.4636023343
2023-11-22 21:54:34,363 - INFO - Epoch 35 : Training Loss: 8.8922367096, Validation Loss: 9.9109764099, Training R-squared: 0.5335476398, Validation R-squared: 0.4636884332
2023-11-22 21:54:40,310 - INFO - Epoch 36 : Training Loss: 8.8550968170, Validation Loss: 9.8840589523, Training R-squared: 0.5371819139, Validation R-squared: 0.4663973749
2023-11-22 21:54:46,182 - INFO - Epoch 37 : Training Loss: 8.8418149948, Validation Loss: 9.8817510605, Training R-squared: 0.5377551913, Validation R-squared: 0.4673710763
2023-11-22 21:54:52,121 - INFO - Epoch 38 : Training Loss: 8.8252344131, Validation Loss: 9.8605337143, Training R-squared: 0.5401234031, Validation R-squared: 0.4697961807
2023-11-22 21:54:57,905 - INFO - Epoch 39 : Training Loss: 8.7805223465, Validation Loss: 9.8469076157, Training R-squared: 0.5444336534, Validation R-squared: 0.4708569348
2023-11-22 21:55:04,344 - INFO - Epoch 40 : Training Loss: 8.7481555939, Validation Loss: 9.8407363892, Training R-squared: 0.5488086343, Validation R-squared: 0.4721971154
2023-11-22 21:55:10,404 - INFO - Epoch 41 : Training Loss: 8.7493934631, Validation Loss: 9.8400783539, Training R-squared: 0.5470600724, Validation R-squared: 0.4721515179
2023-11-22 21:55:16,866 - INFO - Epoch 42 : Training Loss: 8.7014312744, Validation Loss: 9.8139438629, Training R-squared: 0.5523699522, Validation R-squared: 0.4749664068
2023-11-22 21:55:24,259 - INFO - Epoch 43 : Training Loss: 8.6742343903, Validation Loss: 9.8041429520, Training R-squared: 0.5541923642, Validation R-squared: 0.4757950306
2023-11-22 21:55:30,644 - INFO - Epoch 44 : Training Loss: 8.6647233963, Validation Loss: 9.8169574738, Training R-squared: 0.5565031767, Validation R-squared: 0.4750546515
2023-11-22 21:55:36,875 - INFO - Epoch 45 : Training Loss: 8.6275320053, Validation Loss: 9.7848424911, Training R-squared: 0.5594977736, Validation R-squared: 0.4783772230
2023-11-22 21:55:42,931 - INFO - Epoch 46 : Training Loss: 8.6218509674, Validation Loss: 9.7756567001, Training R-squared: 0.5597896576, Validation R-squared: 0.4794383943
2023-11-22 21:55:49,347 - INFO - Epoch 47 : Training Loss: 8.6068000793, Validation Loss: 9.7670183182, Training R-squared: 0.5619841814, Validation R-squared: 0.4801559746
2023-11-22 21:55:55,330 - INFO - Epoch 48 : Training Loss: 8.5789928436, Validation Loss: 9.7506580353, Training R-squared: 0.5641857982, Validation R-squared: 0.4820587933
2023-11-22 21:56:02,052 - INFO - Epoch 49 : Training Loss: 8.5537519455, Validation Loss: 9.7436475754, Training R-squared: 0.5669862628, Validation R-squared: 0.4829162955
2023-11-22 21:56:08,898 - INFO - Epoch 50 : Training Loss: 8.5277051926, Validation Loss: 9.7407245636, Training R-squared: 0.5692231059, Validation R-squared: 0.4830911160
2023-11-22 21:56:15,898 - INFO - Epoch 51 : Training Loss: 8.4983062744, Validation Loss: 9.7344284058, Training R-squared: 0.5721438527, Validation R-squared: 0.4839718640
2023-11-22 21:56:24,237 - INFO - Epoch 52 : Training Loss: 8.4738378525, Validation Loss: 9.7201309204, Training R-squared: 0.5751245618, Validation R-squared: 0.4855039716
2023-11-22 21:56:30,254 - INFO - Epoch 53 : Training Loss: 8.4583644867, Validation Loss: 9.7161560059, Training R-squared: 0.5757415891, Validation R-squared: 0.4859510064
2023-11-22 21:56:36,637 - INFO - Epoch 54 : Training Loss: 8.4427728653, Validation Loss: 9.7021398544, Training R-squared: 0.5781075954, Validation R-squared: 0.4871488512
2023-11-22 21:56:42,856 - INFO - Epoch 55 : Training Loss: 8.4124116898, Validation Loss: 9.6857519150, Training R-squared: 0.5796857476, Validation R-squared: 0.4887642264
2023-11-22 21:56:48,910 - INFO - Epoch 56 : Training Loss: 8.3987483978, Validation Loss: 9.6764621735, Training R-squared: 0.5820894837, Validation R-squared: 0.4899681211
2023-11-22 21:56:54,841 - INFO - Epoch 57 : Training Loss: 8.3899955750, Validation Loss: 9.7059364319, Training R-squared: 0.5828359723, Validation R-squared: 0.4860445261
2023-11-22 21:57:00,738 - INFO - Epoch 58 : Training Loss: 8.3363285065, Validation Loss: 9.6490945816, Training R-squared: 0.5875911713, Validation R-squared: 0.4926577806
2023-11-22 21:57:06,642 - INFO - Epoch 59 : Training Loss: 8.3188943863, Validation Loss: 9.6637086868, Training R-squared: 0.5882973671, Validation R-squared: 0.4910978973
2023-11-22 21:57:12,545 - INFO - Epoch 60 : Training Loss: 8.3010435104, Validation Loss: 9.6716709137, Training R-squared: 0.5915250778, Validation R-squared: 0.4903157949
2023-11-22 21:57:18,762 - INFO - Epoch 61 : Training Loss: 8.2864217758, Validation Loss: 9.6510486603, Training R-squared: 0.5922077298, Validation R-squared: 0.4927847683
2023-11-22 21:57:24,928 - INFO - Epoch 62 : Training Loss: 8.2620248795, Validation Loss: 9.6283893585, Training R-squared: 0.5946798325, Validation R-squared: 0.4949026406
2023-11-22 21:57:31,197 - INFO - Epoch 63 : Training Loss: 8.2321252823, Validation Loss: 9.6212348938, Training R-squared: 0.5973219872, Validation R-squared: 0.4960155785
2023-11-22 21:57:37,760 - INFO - Epoch 64 : Training Loss: 8.2158641815, Validation Loss: 9.6063985825, Training R-squared: 0.5975812078, Validation R-squared: 0.4979413748
2023-11-22 21:57:44,203 - INFO - Epoch 65 : Training Loss: 8.1905403137, Validation Loss: 9.5988969803, Training R-squared: 0.6020724177, Validation R-squared: 0.4984193444
2023-11-22 21:57:50,418 - INFO - Epoch 66 : Training Loss: 8.1786327362, Validation Loss: 9.6165809631, Training R-squared: 0.6023513079, Validation R-squared: 0.4964154363
2023-11-22 21:57:56,486 - INFO - Epoch 67 : Training Loss: 8.1482448578, Validation Loss: 9.6018447876, Training R-squared: 0.6045991182, Validation R-squared: 0.4981291592
2023-11-22 21:58:02,805 - INFO - Epoch 68 : Training Loss: 8.1394433975, Validation Loss: 9.6084995270, Training R-squared: 0.6058880687, Validation R-squared: 0.4977396131
2023-11-22 21:58:08,968 - INFO - Epoch 69 : Training Loss: 8.1073980331, Validation Loss: 9.5838956833, Training R-squared: 0.6090081930, Validation R-squared: 0.5004087687
2023-11-22 21:58:14,945 - INFO - Epoch 70 : Training Loss: 8.0904026031, Validation Loss: 9.5779104233, Training R-squared: 0.6107136011, Validation R-squared: 0.5005260110
2023-11-22 21:58:21,055 - INFO - Epoch 71 : Training Loss: 8.0599946976, Validation Loss: 9.5710325241, Training R-squared: 0.6134791970, Validation R-squared: 0.5013452768
2023-11-22 21:58:27,358 - INFO - Epoch 72 : Training Loss: 8.0578870773, Validation Loss: 9.5594987869, Training R-squared: 0.6143828630, Validation R-squared: 0.5025183558
2023-11-22 21:58:33,636 - INFO - Epoch 73 : Training Loss: 8.0286798477, Validation Loss: 9.5651741028, Training R-squared: 0.6171562076, Validation R-squared: 0.5023722649
2023-11-22 21:58:40,936 - INFO - Epoch 74 : Training Loss: 8.0131998062, Validation Loss: 9.5633735657, Training R-squared: 0.6173943877, Validation R-squared: 0.5023666024
2023-11-22 21:58:47,864 - INFO - Epoch 75 : Training Loss: 7.9879684448, Validation Loss: 9.5623350143, Training R-squared: 0.6194466949, Validation R-squared: 0.5019719601
2023-11-22 21:58:55,004 - INFO - Epoch 76 : Training Loss: 7.9710392952, Validation Loss: 9.5733280182, Training R-squared: 0.6198807955, Validation R-squared: 0.5008502007
2023-11-22 21:59:02,228 - INFO - Epoch 77 : Training Loss: 7.9702410698, Validation Loss: 9.5319986343, Training R-squared: 0.6209499240, Validation R-squared: 0.5053454041
2023-11-22 21:59:09,397 - INFO - Epoch 78 : Training Loss: 7.9225373268, Validation Loss: 9.5477352142, Training R-squared: 0.6256579757, Validation R-squared: 0.5042849183
2023-11-22 21:59:16,401 - INFO - Epoch 79 : Training Loss: 7.8996815681, Validation Loss: 9.5427799225, Training R-squared: 0.6270216703, Validation R-squared: 0.5041347742
2023-11-22 21:59:23,508 - INFO - Epoch 80 : Training Loss: 7.8966336250, Validation Loss: 9.5505495071, Training R-squared: 0.6279173493, Validation R-squared: 0.5031716824
2023-11-22 21:59:30,036 - INFO - Epoch 81 : Training Loss: 7.8716096878, Validation Loss: 9.5451717377, Training R-squared: 0.6299206018, Validation R-squared: 0.5038815141
2023-11-22 21:59:36,219 - INFO - Epoch 82 : Training Loss: 7.8608860970, Validation Loss: 9.5247840881, Training R-squared: 0.6308577061, Validation R-squared: 0.5057365894
2023-11-22 21:59:42,594 - INFO - Epoch 83 : Training Loss: 7.8284258842, Validation Loss: 9.5443992615, Training R-squared: 0.6330789924, Validation R-squared: 0.5040733814
2023-11-22 21:59:48,969 - INFO - Epoch 84 : Training Loss: 7.8176393509, Validation Loss: 9.5349054337, Training R-squared: 0.6352835894, Validation R-squared: 0.5047933459
2023-11-22 21:59:55,477 - INFO - Epoch 85 : Training Loss: 7.7773404121, Validation Loss: 9.5203676224, Training R-squared: 0.6384224296, Validation R-squared: 0.5065001845
2023-11-22 22:00:01,802 - INFO - Epoch 86 : Training Loss: 7.7717013359, Validation Loss: 9.5175371170, Training R-squared: 0.6388855577, Validation R-squared: 0.5071904063
2023-11-22 22:00:08,492 - INFO - Epoch 87 : Training Loss: 7.7518825531, Validation Loss: 9.5182561874, Training R-squared: 0.6413388252, Validation R-squared: 0.5070806742
2023-11-22 22:00:15,247 - INFO - Epoch 88 : Training Loss: 7.7299203873, Validation Loss: 9.5621833801, Training R-squared: 0.6439001560, Validation R-squared: 0.5019924641
2023-11-22 22:00:22,803 - INFO - Epoch 89 : Training Loss: 7.7072081566, Validation Loss: 9.4930000305, Training R-squared: 0.6456184983, Validation R-squared: 0.5095582604
2023-11-22 22:00:29,633 - INFO - Epoch 90 : Training Loss: 7.6934337616, Validation Loss: 9.4894313812, Training R-squared: 0.6454244256, Validation R-squared: 0.5096639991
2023-11-22 22:00:36,179 - INFO - Epoch 91 : Training Loss: 7.6862916946, Validation Loss: 9.4871368408, Training R-squared: 0.6474439502, Validation R-squared: 0.5100464821
2023-11-22 22:00:42,707 - INFO - Epoch 92 : Training Loss: 7.6749653816, Validation Loss: 9.4828147888, Training R-squared: 0.6487661004, Validation R-squared: 0.5106540918
2023-11-22 22:00:49,743 - INFO - Epoch 93 : Training Loss: 7.6406898499, Validation Loss: 9.5066652298, Training R-squared: 0.6508660316, Validation R-squared: 0.5078155398
2023-11-22 22:00:56,346 - INFO - Epoch 94 : Training Loss: 7.6355643272, Validation Loss: 9.4904069901, Training R-squared: 0.6517071128, Validation R-squared: 0.5096784830
2023-11-22 22:01:02,657 - INFO - Epoch 95 : Training Loss: 7.6080369949, Validation Loss: 9.4942598343, Training R-squared: 0.6538417339, Validation R-squared: 0.5091236234
2023-11-22 22:01:09,374 - INFO - Epoch 96 : Training Loss: 7.5819544792, Validation Loss: 9.5052738190, Training R-squared: 0.6554628015, Validation R-squared: 0.5080735683
2023-11-22 22:01:16,881 - INFO - Epoch 97 : Training Loss: 7.5599627495, Validation Loss: 9.5149164200, Training R-squared: 0.6581285000, Validation R-squared: 0.5067489147
2023-11-22 22:01:31,782 - INFO - Model saved to models/portion_model/breakfast/512_512_200_64/sparsity_70_fold_2_model.keras
2023-11-22 22:01:38,452 - INFO - Avg Metrics: RMSE: 6.9156931963, R-squared: -1.2568661068, PCC: 0.7667995064
2023-11-22 22:01:38,453 - INFO - Agg Metrics: RMSE: 10.0532618790, R-squared: 0.4648094692, PCC: 0.6829025273
2023-11-22 22:01:46,142 - INFO - ================================================================== Fold 3 ===================================================================
2023-11-22 22:01:56,507 - INFO - Epoch 1  : Training Loss: 12.7130794525, Validation Loss: 12.1098489761, Training R-squared: 0.0697607845, Validation R-squared: 0.0920196474
2023-11-22 22:02:03,421 - INFO - Epoch 2  : Training Loss: 12.1162309647, Validation Loss: 11.2017507553, Training R-squared: 0.1558072567, Validation R-squared: 0.2234223038
2023-11-22 22:02:10,227 - INFO - Epoch 3  : Training Loss: 11.0054750443, Validation Loss: 10.0605850220, Training R-squared: 0.3039314747, Validation R-squared: 0.3727620244
2023-11-22 22:02:17,151 - INFO - Epoch 4  : Training Loss: 10.4442520142, Validation Loss: 9.8830375671, Training R-squared: 0.3748635948, Validation R-squared: 0.3940813839
2023-11-22 22:02:24,133 - INFO - Epoch 5  : Training Loss: 10.3004121780, Validation Loss: 9.8077487946, Training R-squared: 0.3924069405, Validation R-squared: 0.4038060009
2023-11-22 22:02:31,471 - INFO - Epoch 6  : Training Loss: 10.2247848511, Validation Loss: 9.7624864578, Training R-squared: 0.4002021253, Validation R-squared: 0.4091528952
2023-11-22 22:02:38,609 - INFO - Epoch 7  : Training Loss: 10.1515655518, Validation Loss: 9.7107563019, Training R-squared: 0.4096455872, Validation R-squared: 0.4149365723
2023-11-22 22:02:45,743 - INFO - Epoch 8  : Training Loss: 10.0843639374, Validation Loss: 9.6733760834, Training R-squared: 0.4168863297, Validation R-squared: 0.4202193320
2023-11-22 22:02:52,201 - INFO - Epoch 9  : Training Loss: 10.0517978668, Validation Loss: 9.6507558823, Training R-squared: 0.4212390184, Validation R-squared: 0.4223864377
2023-11-22 22:02:59,309 - INFO - Epoch 10 : Training Loss: 10.0033826828, Validation Loss: 9.6204023361, Training R-squared: 0.4274805486, Validation R-squared: 0.4258218408
2023-11-22 22:03:06,075 - INFO - Epoch 11 : Training Loss: 9.9545927048, Validation Loss: 9.5931301117, Training R-squared: 0.4313310385, Validation R-squared: 0.4291891158
2023-11-22 22:03:12,450 - INFO - Epoch 12 : Training Loss: 9.9145612717, Validation Loss: 9.5454683304, Training R-squared: 0.4374536574, Validation R-squared: 0.4350919724
2023-11-22 22:03:18,970 - INFO - Epoch 13 : Training Loss: 9.8401365280, Validation Loss: 9.5127143860, Training R-squared: 0.4470910132, Validation R-squared: 0.4382528365
2023-11-22 22:03:25,678 - INFO - Epoch 14 : Training Loss: 9.7717018127, Validation Loss: 9.4592990875, Training R-squared: 0.4540444613, Validation R-squared: 0.4448315799
2023-11-22 22:03:32,015 - INFO - Epoch 15 : Training Loss: 9.7151403427, Validation Loss: 9.4216394424, Training R-squared: 0.4605644345, Validation R-squared: 0.4498755336
2023-11-22 22:03:38,745 - INFO - Epoch 16 : Training Loss: 9.6759605408, Validation Loss: 9.3939218521, Training R-squared: 0.4642478526, Validation R-squared: 0.4529090226
2023-11-22 22:03:45,840 - INFO - Epoch 17 : Training Loss: 9.6114673615, Validation Loss: 9.3788146973, Training R-squared: 0.4730340838, Validation R-squared: 0.4543899298
2023-11-22 22:03:53,120 - INFO - Epoch 18 : Training Loss: 9.5817689896, Validation Loss: 9.3456153870, Training R-squared: 0.4751571715, Validation R-squared: 0.4583498836
2023-11-22 22:03:59,899 - INFO - Epoch 19 : Training Loss: 9.5499811172, Validation Loss: 9.3243446350, Training R-squared: 0.4795683324, Validation R-squared: 0.4608841836
2023-11-22 22:04:06,097 - INFO - Epoch 20 : Training Loss: 9.4951381683, Validation Loss: 9.3035593033, Training R-squared: 0.4848162830, Validation R-squared: 0.4633735418
2023-11-22 22:04:12,325 - INFO - Epoch 21 : Training Loss: 9.4670419693, Validation Loss: 9.2990522385, Training R-squared: 0.4872371852, Validation R-squared: 0.4638393521
2023-11-22 22:04:18,563 - INFO - Epoch 22 : Training Loss: 9.4340381622, Validation Loss: 9.2750072479, Training R-squared: 0.4909419119, Validation R-squared: 0.4663492441
2023-11-22 22:04:24,831 - INFO - Epoch 23 : Training Loss: 9.3767576218, Validation Loss: 9.2716999054, Training R-squared: 0.4963910878, Validation R-squared: 0.4670927823
2023-11-22 22:04:31,512 - INFO - Epoch 24 : Training Loss: 9.3531799316, Validation Loss: 9.2567348480, Training R-squared: 0.4985398352, Validation R-squared: 0.4692867696
2023-11-22 22:04:37,678 - INFO - Epoch 25 : Training Loss: 9.3439807892, Validation Loss: 9.2440052032, Training R-squared: 0.5005851984, Validation R-squared: 0.4701375961
2023-11-22 22:04:45,438 - INFO - Epoch 26 : Training Loss: 9.2877264023, Validation Loss: 9.2331085205, Training R-squared: 0.5050605536, Validation R-squared: 0.4714592099
2023-11-22 22:04:52,806 - INFO - Epoch 27 : Training Loss: 9.2830371857, Validation Loss: 9.2431697845, Training R-squared: 0.5071405172, Validation R-squared: 0.4697203040
2023-11-22 22:04:59,071 - INFO - Epoch 28 : Training Loss: 9.2621183395, Validation Loss: 9.2268819809, Training R-squared: 0.5093932152, Validation R-squared: 0.4719831944
2023-11-22 22:05:05,446 - INFO - Epoch 29 : Training Loss: 9.2342224121, Validation Loss: 9.2258367538, Training R-squared: 0.5119084716, Validation R-squared: 0.4722647369
2023-11-22 22:05:11,576 - INFO - Epoch 30 : Training Loss: 9.1946706772, Validation Loss: 9.2304573059, Training R-squared: 0.5160366893, Validation R-squared: 0.4713766575
2023-11-22 22:05:18,032 - INFO - Epoch 31 : Training Loss: 9.1907911301, Validation Loss: 9.2408237457, Training R-squared: 0.5157367587, Validation R-squared: 0.4698058963
2023-11-22 22:05:25,419 - INFO - Epoch 32 : Training Loss: 9.1609535217, Validation Loss: 9.2228927612, Training R-squared: 0.5188377500, Validation R-squared: 0.4719531238
2023-11-22 22:05:32,636 - INFO - Epoch 33 : Training Loss: 9.1409921646, Validation Loss: 9.2146997452, Training R-squared: 0.5213192701, Validation R-squared: 0.4733452201
2023-11-22 22:05:39,875 - INFO - Epoch 34 : Training Loss: 9.1205987930, Validation Loss: 9.1920938492, Training R-squared: 0.5226898193, Validation R-squared: 0.4762246609
2023-11-22 22:05:46,802 - INFO - Epoch 35 : Training Loss: 9.0845832825, Validation Loss: 9.1910028458, Training R-squared: 0.5266520977, Validation R-squared: 0.4762912393
2023-11-22 22:05:54,088 - INFO - Epoch 36 : Training Loss: 9.0857334137, Validation Loss: 9.1777906418, Training R-squared: 0.5277253985, Validation R-squared: 0.4775561392
2023-11-22 22:06:01,691 - INFO - Epoch 37 : Training Loss: 9.0310268402, Validation Loss: 9.1852006912, Training R-squared: 0.5324373841, Validation R-squared: 0.4765133560
2023-11-22 22:06:08,153 - INFO - Epoch 38 : Training Loss: 8.9989900589, Validation Loss: 9.1626119614, Training R-squared: 0.5347647071, Validation R-squared: 0.4793964624
2023-11-22 22:06:16,692 - INFO - Epoch 39 : Training Loss: 8.9675474167, Validation Loss: 9.1516885757, Training R-squared: 0.5377260447, Validation R-squared: 0.4806216359
2023-11-22 22:06:24,208 - INFO - Epoch 40 : Training Loss: 8.9531030655, Validation Loss: 9.1383485794, Training R-squared: 0.5411599874, Validation R-squared: 0.4821991026
2023-11-22 22:06:32,803 - INFO - Epoch 41 : Training Loss: 8.9344482422, Validation Loss: 9.1475210190, Training R-squared: 0.5413958430, Validation R-squared: 0.4802235067
2023-11-22 22:06:43,650 - INFO - Epoch 42 : Training Loss: 8.9063272476, Validation Loss: 9.1198558807, Training R-squared: 0.5449026227, Validation R-squared: 0.4838545918
2023-11-22 22:06:52,014 - INFO - Epoch 43 : Training Loss: 8.8824787140, Validation Loss: 9.1001253128, Training R-squared: 0.5482065082, Validation R-squared: 0.4864325225
2023-11-22 22:07:00,969 - INFO - Epoch 44 : Training Loss: 8.8714647293, Validation Loss: 9.1315860748, Training R-squared: 0.5482349396, Validation R-squared: 0.4818285406
2023-11-22 22:07:08,442 - INFO - Epoch 45 : Training Loss: 8.8163061142, Validation Loss: 9.1211957932, Training R-squared: 0.5525961518, Validation R-squared: 0.4832592309
2023-11-22 22:07:17,095 - INFO - Epoch 46 : Training Loss: 8.8048906326, Validation Loss: 9.1040802002, Training R-squared: 0.5548763275, Validation R-squared: 0.4848651886
2023-11-22 22:07:25,983 - INFO - Epoch 47 : Training Loss: 8.7559013367, Validation Loss: 9.0765047073, Training R-squared: 0.5579611063, Validation R-squared: 0.4886690080
2023-11-22 22:07:33,536 - INFO - Epoch 48 : Training Loss: 8.7636671066, Validation Loss: 9.0451717377, Training R-squared: 0.5583323836, Validation R-squared: 0.4928342104
2023-11-22 22:07:41,091 - INFO - Epoch 49 : Training Loss: 8.7162075043, Validation Loss: 9.0735387802, Training R-squared: 0.5629187822, Validation R-squared: 0.4884631038
2023-11-22 22:07:49,150 - INFO - Epoch 50 : Training Loss: 8.6967639923, Validation Loss: 9.0543298721, Training R-squared: 0.5645489097, Validation R-squared: 0.4906011820
2023-11-22 22:07:56,630 - INFO - Epoch 51 : Training Loss: 8.6711654663, Validation Loss: 9.0130825043, Training R-squared: 0.5661678314, Validation R-squared: 0.4958769083
2023-11-22 22:08:03,673 - INFO - Epoch 52 : Training Loss: 8.6141977310, Validation Loss: 9.0175781250, Training R-squared: 0.5713313818, Validation R-squared: 0.4951198697
2023-11-22 22:08:10,701 - INFO - Epoch 53 : Training Loss: 8.6258621216, Validation Loss: 9.0314664841, Training R-squared: 0.5712593198, Validation R-squared: 0.4931041300
2023-11-22 22:08:17,735 - INFO - Epoch 54 : Training Loss: 8.6029014587, Validation Loss: 9.0413312912, Training R-squared: 0.5746569037, Validation R-squared: 0.4916166663
2023-11-22 22:08:24,338 - INFO - Epoch 55 : Training Loss: 8.5858430862, Validation Loss: 9.0294733047, Training R-squared: 0.5745514035, Validation R-squared: 0.4928526580
2023-11-22 22:08:31,676 - INFO - Epoch 56 : Training Loss: 8.5691719055, Validation Loss: 9.0241441727, Training R-squared: 0.5771953464, Validation R-squared: 0.4933160841
2023-11-22 22:08:45,764 - INFO - Model saved to models/portion_model/breakfast/512_512_200_64/sparsity_70_fold_3_model.keras
2023-11-22 22:08:49,756 - INFO - Avg Metrics: RMSE: 7.0004992960, R-squared: -0.1844293289, PCC: 0.7112309882
2023-11-22 22:08:49,756 - INFO - Agg Metrics: RMSE: 9.1492035977, R-squared: 0.4900017411, PCC: 0.7006979269
2023-11-22 22:08:56,587 - INFO - ================================================================== Fold 4 ===================================================================
2023-11-22 22:09:05,543 - INFO - Epoch 1  : Training Loss: 12.5221138000, Validation Loss: 12.8651218414, Training R-squared: 0.0703402832, Validation R-squared: 0.0913339034
2023-11-22 22:09:11,707 - INFO - Epoch 2  : Training Loss: 11.9200029373, Validation Loss: 12.0417604446, Training R-squared: 0.1578594446, Validation R-squared: 0.2064291388
2023-11-22 22:09:18,796 - INFO - Epoch 3  : Training Loss: 11.0978946686, Validation Loss: 10.8675165176, Training R-squared: 0.2709349692, Validation R-squared: 0.3556612432
2023-11-22 22:09:25,633 - INFO - Epoch 4  : Training Loss: 10.3029565811, Validation Loss: 10.6622905731, Training R-squared: 0.3733580410, Validation R-squared: 0.3796723187
2023-11-22 22:09:31,663 - INFO - Epoch 5  : Training Loss: 10.1517047882, Validation Loss: 10.5475358963, Training R-squared: 0.3906693161, Validation R-squared: 0.3930265903
2023-11-22 22:09:37,742 - INFO - Epoch 6  : Training Loss: 10.0519056320, Validation Loss: 10.5020198822, Training R-squared: 0.4036763012, Validation R-squared: 0.3985458314
2023-11-22 22:09:44,123 - INFO - Epoch 7  : Training Loss: 9.9946327209, Validation Loss: 10.4658746719, Training R-squared: 0.4100098610, Validation R-squared: 0.4016759396
2023-11-22 22:09:50,620 - INFO - Epoch 8  : Training Loss: 9.9603977203, Validation Loss: 10.4412469864, Training R-squared: 0.4128782451, Validation R-squared: 0.4052021801
2023-11-22 22:09:57,524 - INFO - Epoch 9  : Training Loss: 9.9201889038, Validation Loss: 10.4264707565, Training R-squared: 0.4184569418, Validation R-squared: 0.4060041308
2023-11-22 22:10:03,833 - INFO - Epoch 10 : Training Loss: 9.8830890656, Validation Loss: 10.4031829834, Training R-squared: 0.4235199392, Validation R-squared: 0.4094977081
2023-11-22 22:10:10,210 - INFO - Epoch 11 : Training Loss: 9.8278932571, Validation Loss: 10.3598585129, Training R-squared: 0.4290443361, Validation R-squared: 0.4136646390
2023-11-22 22:10:16,624 - INFO - Epoch 12 : Training Loss: 9.7790555954, Validation Loss: 10.3083772659, Training R-squared: 0.4345114231, Validation R-squared: 0.4204847217
2023-11-22 22:10:23,120 - INFO - Epoch 13 : Training Loss: 9.7402591705, Validation Loss: 10.2631673813, Training R-squared: 0.4402166307, Validation R-squared: 0.4259940386
2023-11-22 22:10:30,365 - INFO - Epoch 14 : Training Loss: 9.6830244064, Validation Loss: 10.2093086243, Training R-squared: 0.4472433627, Validation R-squared: 0.4316953719
2023-11-22 22:10:37,131 - INFO - Epoch 15 : Training Loss: 9.6041870117, Validation Loss: 10.1651582718, Training R-squared: 0.4542287886, Validation R-squared: 0.4367438555
2023-11-22 22:10:43,825 - INFO - Epoch 16 : Training Loss: 9.5531034470, Validation Loss: 10.1312494278, Training R-squared: 0.4608574212, Validation R-squared: 0.4407385290
2023-11-22 22:10:50,777 - INFO - Epoch 17 : Training Loss: 9.5084171295, Validation Loss: 10.1126842499, Training R-squared: 0.4661464393, Validation R-squared: 0.4426794946
2023-11-22 22:10:57,314 - INFO - Epoch 18 : Training Loss: 9.4699878693, Validation Loss: 10.1017580032, Training R-squared: 0.4708622992, Validation R-squared: 0.4433844388
2023-11-22 22:11:03,619 - INFO - Epoch 19 : Training Loss: 9.4224739075, Validation Loss: 10.0655345917, Training R-squared: 0.4759885669, Validation R-squared: 0.4485271871
2023-11-22 22:11:09,939 - INFO - Epoch 20 : Training Loss: 9.3769636154, Validation Loss: 10.0355195999, Training R-squared: 0.4816847146, Validation R-squared: 0.4517976642
2023-11-22 22:11:16,830 - INFO - Epoch 21 : Training Loss: 9.3391323090, Validation Loss: 9.9963235855, Training R-squared: 0.4841709137, Validation R-squared: 0.4559278786
2023-11-22 22:11:23,576 - INFO - Epoch 22 : Training Loss: 9.3072013855, Validation Loss: 9.9764852524, Training R-squared: 0.4896147549, Validation R-squared: 0.4578233957
2023-11-22 22:11:29,732 - INFO - Epoch 23 : Training Loss: 9.2577667236, Validation Loss: 9.9665060043, Training R-squared: 0.4945926666, Validation R-squared: 0.4589090645
2023-11-22 22:11:36,231 - INFO - Epoch 24 : Training Loss: 9.2404670715, Validation Loss: 9.9635581970, Training R-squared: 0.4968614280, Validation R-squared: 0.4594821632
2023-11-22 22:11:42,384 - INFO - Epoch 25 : Training Loss: 9.2061071396, Validation Loss: 9.9463148117, Training R-squared: 0.4990312755, Validation R-squared: 0.4615416825
2023-11-22 22:11:48,646 - INFO - Epoch 26 : Training Loss: 9.1715841293, Validation Loss: 9.9366168976, Training R-squared: 0.5024123192, Validation R-squared: 0.4626116157
2023-11-22 22:11:55,204 - INFO - Epoch 27 : Training Loss: 9.1558599472, Validation Loss: 9.9347238541, Training R-squared: 0.5056683421, Validation R-squared: 0.4628416002
2023-11-22 22:12:01,686 - INFO - Epoch 28 : Training Loss: 9.1373662949, Validation Loss: 9.9272289276, Training R-squared: 0.5067951679, Validation R-squared: 0.4631963968
2023-11-22 22:12:09,508 - INFO - Epoch 29 : Training Loss: 9.1122922897, Validation Loss: 9.9211254120, Training R-squared: 0.5096156001, Validation R-squared: 0.4638594091
2023-11-22 22:12:17,242 - INFO - Epoch 30 : Training Loss: 9.0858945847, Validation Loss: 9.9170551300, Training R-squared: 0.5117151141, Validation R-squared: 0.4649466276
2023-11-22 22:12:24,268 - INFO - Epoch 31 : Training Loss: 9.0668649673, Validation Loss: 9.9075021744, Training R-squared: 0.5138293505, Validation R-squared: 0.4655447900
2023-11-22 22:12:30,671 - INFO - Epoch 32 : Training Loss: 9.0278854370, Validation Loss: 9.9170923233, Training R-squared: 0.5176196694, Validation R-squared: 0.4646128714
2023-11-22 22:12:36,699 - INFO - Epoch 33 : Training Loss: 9.0051050186, Validation Loss: 9.8869209290, Training R-squared: 0.5217671990, Validation R-squared: 0.4677256346
2023-11-22 22:12:43,169 - INFO - Epoch 34 : Training Loss: 8.9744415283, Validation Loss: 9.8784971237, Training R-squared: 0.5237910151, Validation R-squared: 0.4686866403
2023-11-22 22:12:49,151 - INFO - Epoch 35 : Training Loss: 8.9525003433, Validation Loss: 9.8669662476, Training R-squared: 0.5257090330, Validation R-squared: 0.4699907601
2023-11-22 22:12:55,479 - INFO - Epoch 36 : Training Loss: 8.9419384003, Validation Loss: 9.8579149246, Training R-squared: 0.5277171135, Validation R-squared: 0.4703869522
2023-11-22 22:13:01,564 - INFO - Epoch 37 : Training Loss: 8.9011697769, Validation Loss: 9.8394165039, Training R-squared: 0.5314071178, Validation R-squared: 0.4727143347
2023-11-22 22:13:08,153 - INFO - Epoch 38 : Training Loss: 8.8804140091, Validation Loss: 9.8384656906, Training R-squared: 0.5336651802, Validation R-squared: 0.4727719426
2023-11-22 22:13:14,541 - INFO - Epoch 39 : Training Loss: 8.8492689133, Validation Loss: 9.8187446594, Training R-squared: 0.5362794995, Validation R-squared: 0.4756443501
2023-11-22 22:13:21,293 - INFO - Epoch 40 : Training Loss: 8.8195028305, Validation Loss: 9.8007631302, Training R-squared: 0.5403963923, Validation R-squared: 0.4773943424
2023-11-22 22:13:28,172 - INFO - Epoch 41 : Training Loss: 8.8194484711, Validation Loss: 9.7997074127, Training R-squared: 0.5402594805, Validation R-squared: 0.4770407975
2023-11-22 22:13:34,611 - INFO - Epoch 42 : Training Loss: 8.7663316727, Validation Loss: 9.7801303864, Training R-squared: 0.5444220901, Validation R-squared: 0.4794384241
2023-11-22 22:13:41,577 - INFO - Epoch 43 : Training Loss: 8.7631807327, Validation Loss: 9.8014163971, Training R-squared: 0.5457765460, Validation R-squared: 0.4766573608
2023-11-22 22:13:48,471 - INFO - Epoch 44 : Training Loss: 8.7410049438, Validation Loss: 9.7679758072, Training R-squared: 0.5474171042, Validation R-squared: 0.4811788201
2023-11-22 22:13:55,921 - INFO - Epoch 45 : Training Loss: 8.7032480240, Validation Loss: 9.7657794952, Training R-squared: 0.5516062975, Validation R-squared: 0.4811037779
2023-11-22 22:14:02,711 - INFO - Epoch 46 : Training Loss: 8.6996097565, Validation Loss: 9.7989788055, Training R-squared: 0.5509000421, Validation R-squared: 0.4763285816
2023-11-22 22:14:09,223 - INFO - Epoch 47 : Training Loss: 8.6707706451, Validation Loss: 9.7574453354, Training R-squared: 0.5546855330, Validation R-squared: 0.4816367328
2023-11-22 22:14:15,679 - INFO - Epoch 48 : Training Loss: 8.6354055405, Validation Loss: 9.7567615509, Training R-squared: 0.5586329699, Validation R-squared: 0.4817211628
2023-11-22 22:14:22,054 - INFO - Epoch 49 : Training Loss: 8.6105308533, Validation Loss: 9.7331495285, Training R-squared: 0.5614469051, Validation R-squared: 0.4843009114
2023-11-22 22:14:28,475 - INFO - Epoch 50 : Training Loss: 8.5996150970, Validation Loss: 9.7388639450, Training R-squared: 0.5626671910, Validation R-squared: 0.4832511246
2023-11-22 22:14:34,687 - INFO - Epoch 51 : Training Loss: 8.5662565231, Validation Loss: 9.7442302704, Training R-squared: 0.5654898286, Validation R-squared: 0.4826589227
2023-11-22 22:14:41,457 - INFO - Epoch 52 : Training Loss: 8.5713567734, Validation Loss: 9.7040500641, Training R-squared: 0.5654100776, Validation R-squared: 0.4874887168
2023-11-22 22:14:48,409 - INFO - Epoch 53 : Training Loss: 8.5219459534, Validation Loss: 9.7314720154, Training R-squared: 0.5693445206, Validation R-squared: 0.4837470949
2023-11-22 22:14:55,169 - INFO - Epoch 54 : Training Loss: 8.5115690231, Validation Loss: 9.7260026932, Training R-squared: 0.5709940195, Validation R-squared: 0.4844402671
2023-11-22 22:15:02,148 - INFO - Epoch 55 : Training Loss: 8.4907407761, Validation Loss: 9.6952056885, Training R-squared: 0.5731292367, Validation R-squared: 0.4886393845
2023-11-22 22:15:08,277 - INFO - Epoch 56 : Training Loss: 8.4696474075, Validation Loss: 9.6941289902, Training R-squared: 0.5748576522, Validation R-squared: 0.4885804653
2023-11-22 22:15:15,974 - INFO - Epoch 57 : Training Loss: 8.4548959732, Validation Loss: 9.6963558197, Training R-squared: 0.5768111944, Validation R-squared: 0.4880741835
2023-11-22 22:15:22,822 - INFO - Epoch 58 : Training Loss: 8.4169483185, Validation Loss: 9.6960391998, Training R-squared: 0.5789284110, Validation R-squared: 0.4881821871
2023-11-22 22:15:29,414 - INFO - Epoch 59 : Training Loss: 8.3974723816, Validation Loss: 9.7286529541, Training R-squared: 0.5819002986, Validation R-squared: 0.4835955501
2023-11-22 22:15:36,432 - INFO - Epoch 60 : Training Loss: 8.3694095612, Validation Loss: 9.6976213455, Training R-squared: 0.5844547749, Validation R-squared: 0.4876553714
2023-11-22 22:15:42,887 - INFO - Epoch 61 : Training Loss: 8.3601083755, Validation Loss: 9.6626586914, Training R-squared: 0.5851905346, Validation R-squared: 0.4916591644
2023-11-22 22:15:49,457 - INFO - Epoch 62 : Training Loss: 8.3348369598, Validation Loss: 9.7003402710, Training R-squared: 0.5881888270, Validation R-squared: 0.4866700470
2023-11-22 22:15:56,431 - INFO - Epoch 63 : Training Loss: 8.3086366653, Validation Loss: 9.6355009079, Training R-squared: 0.5900077224, Validation R-squared: 0.4946974218
2023-11-22 22:16:03,088 - INFO - Epoch 64 : Training Loss: 8.2952327728, Validation Loss: 9.6524009705, Training R-squared: 0.5910479426, Validation R-squared: 0.4929667413
2023-11-22 22:16:09,497 - INFO - Epoch 65 : Training Loss: 8.2694187164, Validation Loss: 9.6418848038, Training R-squared: 0.5938994884, Validation R-squared: 0.4935451746
2023-11-22 22:16:15,888 - INFO - Epoch 66 : Training Loss: 8.2607746124, Validation Loss: 9.6558485031, Training R-squared: 0.5948698521, Validation R-squared: 0.4922747016
2023-11-22 22:16:22,801 - INFO - Epoch 67 : Training Loss: 8.2084045410, Validation Loss: 9.6388206482, Training R-squared: 0.5999876261, Validation R-squared: 0.4942583740
2023-11-22 22:16:29,187 - INFO - Epoch 68 : Training Loss: 8.2040719986, Validation Loss: 9.6398315430, Training R-squared: 0.5995535254, Validation R-squared: 0.4935023189
2023-11-22 22:16:42,532 - INFO - Model saved to models/portion_model/breakfast/512_512_200_64/sparsity_70_fold_4_model.keras
2023-11-22 22:16:47,352 - INFO - Avg Metrics: RMSE: 7.1811764978, R-squared: -0.0678224206, PCC: 0.7356808150
2023-11-22 22:16:47,352 - INFO - Agg Metrics: RMSE: 9.9553644784, R-squared: 0.4733371773, PCC: 0.6882194403
2023-11-22 22:16:54,481 - INFO - ================================================================== Fold 5 ===================================================================
2023-11-22 22:17:03,608 - INFO - Epoch 1  : Training Loss: 12.7221946716, Validation Loss: 11.9972753525, Training R-squared: 0.0712624341, Validation R-squared: 0.0914094076
2023-11-22 22:17:09,987 - INFO - Epoch 2  : Training Loss: 12.0756425858, Validation Loss: 11.0640439987, Training R-squared: 0.1652083099, Validation R-squared: 0.2276110798
2023-11-22 22:17:16,837 - INFO - Epoch 3  : Training Loss: 11.0652542114, Validation Loss: 10.1004219055, Training R-squared: 0.3004674017, Validation R-squared: 0.3567169309
2023-11-22 22:17:23,471 - INFO - Epoch 4  : Training Loss: 10.4467306137, Validation Loss: 9.8743247986, Training R-squared: 0.3761389554, Validation R-squared: 0.3846382499
2023-11-22 22:17:30,200 - INFO - Epoch 5  : Training Loss: 10.3033428192, Validation Loss: 9.7799348831, Training R-squared: 0.3939516842, Validation R-squared: 0.3956704736
2023-11-22 22:17:36,955 - INFO - Epoch 6  : Training Loss: 10.2423505783, Validation Loss: 9.7267742157, Training R-squared: 0.4035026133, Validation R-squared: 0.4025670290
2023-11-22 22:17:43,321 - INFO - Epoch 7  : Training Loss: 10.1692247391, Validation Loss: 9.6965656281, Training R-squared: 0.4102310538, Validation R-squared: 0.4064531624
2023-11-22 22:17:49,712 - INFO - Epoch 8  : Training Loss: 10.1134071350, Validation Loss: 9.6752614975, Training R-squared: 0.4147907197, Validation R-squared: 0.4089125693
2023-11-22 22:17:55,765 - INFO - Epoch 9  : Training Loss: 10.1064291000, Validation Loss: 9.6447496414, Training R-squared: 0.4168693125, Validation R-squared: 0.4126879573
2023-11-22 22:18:02,098 - INFO - Epoch 10 : Training Loss: 10.0647096634, Validation Loss: 9.6126413345, Training R-squared: 0.4225897789, Validation R-squared: 0.4174494147
2023-11-22 22:18:08,827 - INFO - Epoch 11 : Training Loss: 10.0071134567, Validation Loss: 9.5423879623, Training R-squared: 0.4296213388, Validation R-squared: 0.4257570207
2023-11-22 22:18:15,476 - INFO - Epoch 12 : Training Loss: 9.9130620956, Validation Loss: 9.4894838333, Training R-squared: 0.4384140074, Validation R-squared: 0.4323962033
2023-11-22 22:18:22,008 - INFO - Epoch 13 : Training Loss: 9.8369483948, Validation Loss: 9.4728488922, Training R-squared: 0.4474678040, Validation R-squared: 0.4335979521
2023-11-22 22:18:28,849 - INFO - Epoch 14 : Training Loss: 9.8007364273, Validation Loss: 9.4248828888, Training R-squared: 0.4519485533, Validation R-squared: 0.4395712614
2023-11-22 22:18:35,135 - INFO - Epoch 15 : Training Loss: 9.7416601181, Validation Loss: 9.4053010941, Training R-squared: 0.4577338398, Validation R-squared: 0.4414002597
2023-11-22 22:18:41,929 - INFO - Epoch 16 : Training Loss: 9.7163400650, Validation Loss: 9.3317298889, Training R-squared: 0.4626690745, Validation R-squared: 0.4516250491
2023-11-22 22:18:47,943 - INFO - Epoch 17 : Training Loss: 9.6596031189, Validation Loss: 9.3266725540, Training R-squared: 0.4682932198, Validation R-squared: 0.4509566128
2023-11-22 22:18:54,123 - INFO - Epoch 18 : Training Loss: 9.5917663574, Validation Loss: 9.2657661438, Training R-squared: 0.4745659232, Validation R-squared: 0.4589678943
2023-11-22 22:19:00,127 - INFO - Epoch 19 : Training Loss: 9.5528764725, Validation Loss: 9.2657556534, Training R-squared: 0.4787649810, Validation R-squared: 0.4582654834
2023-11-22 22:19:06,425 - INFO - Epoch 20 : Training Loss: 9.5210094452, Validation Loss: 9.2478027344, Training R-squared: 0.4831864834, Validation R-squared: 0.4603600800
2023-11-22 22:19:12,668 - INFO - Epoch 21 : Training Loss: 9.4967622757, Validation Loss: 9.2509660721, Training R-squared: 0.4865097404, Validation R-squared: 0.4596309960
2023-11-22 22:19:19,086 - INFO - Epoch 22 : Training Loss: 9.4523591995, Validation Loss: 9.2103099823, Training R-squared: 0.4894799888, Validation R-squared: 0.4648122489
2023-11-22 22:19:25,196 - INFO - Epoch 23 : Training Loss: 9.4126539230, Validation Loss: 9.2022132874, Training R-squared: 0.4947991967, Validation R-squared: 0.4659881294
2023-11-22 22:19:32,050 - INFO - Epoch 24 : Training Loss: 9.3940849304, Validation Loss: 9.1801109314, Training R-squared: 0.4969761670, Validation R-squared: 0.4690628052
2023-11-22 22:19:38,816 - INFO - Epoch 25 : Training Loss: 9.3652639389, Validation Loss: 9.1822013855, Training R-squared: 0.4994650185, Validation R-squared: 0.4681346118
2023-11-22 22:19:45,291 - INFO - Epoch 26 : Training Loss: 9.3239078522, Validation Loss: 9.1718521118, Training R-squared: 0.5040607452, Validation R-squared: 0.4693650901
2023-11-22 22:19:52,261 - INFO - Epoch 27 : Training Loss: 9.2944250107, Validation Loss: 9.1558475494, Training R-squared: 0.5069094896, Validation R-squared: 0.4715381861
2023-11-22 22:19:58,994 - INFO - Epoch 28 : Training Loss: 9.2731142044, Validation Loss: 9.1663494110, Training R-squared: 0.5100171566, Validation R-squared: 0.4698929489
2023-11-22 22:20:05,349 - INFO - Epoch 29 : Training Loss: 9.2284593582, Validation Loss: 9.1339120865, Training R-squared: 0.5122891665, Validation R-squared: 0.4740797281
2023-11-22 22:20:11,683 - INFO - Epoch 30 : Training Loss: 9.1839551926, Validation Loss: 9.1432895660, Training R-squared: 0.5188130736, Validation R-squared: 0.4723966122
2023-11-22 22:20:17,815 - INFO - Epoch 31 : Training Loss: 9.1716833115, Validation Loss: 9.1204576492, Training R-squared: 0.5203139782, Validation R-squared: 0.4751509428
2023-11-22 22:20:24,202 - INFO - Epoch 32 : Training Loss: 9.1516408920, Validation Loss: 9.0924749374, Training R-squared: 0.5222535729, Validation R-squared: 0.4788580239
2023-11-22 22:20:30,427 - INFO - Epoch 33 : Training Loss: 9.1202220917, Validation Loss: 9.1279573441, Training R-squared: 0.5247440934, Validation R-squared: 0.4739286005
2023-11-22 22:20:37,248 - INFO - Epoch 34 : Training Loss: 9.1022157669, Validation Loss: 9.0770034790, Training R-squared: 0.5265079141, Validation R-squared: 0.4805870950
2023-11-22 22:20:43,574 - INFO - Epoch 35 : Training Loss: 9.0564870834, Validation Loss: 9.0981969833, Training R-squared: 0.5307019949, Validation R-squared: 0.4773788154
2023-11-22 22:20:50,766 - INFO - Epoch 36 : Training Loss: 9.0430469513, Validation Loss: 9.0595245361, Training R-squared: 0.5326667428, Validation R-squared: 0.4825941324
2023-11-22 22:20:57,368 - INFO - Epoch 37 : Training Loss: 9.0074939728, Validation Loss: 9.0783815384, Training R-squared: 0.5369310379, Validation R-squared: 0.4798266292
2023-11-22 22:21:03,578 - INFO - Epoch 38 : Training Loss: 8.9905061722, Validation Loss: 9.0329456329, Training R-squared: 0.5390408635, Validation R-squared: 0.4861014187
2023-11-22 22:21:09,845 - INFO - Epoch 39 : Training Loss: 8.9511785507, Validation Loss: 9.0922555923, Training R-squared: 0.5406467319, Validation R-squared: 0.4777912199
2023-11-22 22:21:16,147 - INFO - Epoch 40 : Training Loss: 8.9696941376, Validation Loss: 9.0551395416, Training R-squared: 0.5399816036, Validation R-squared: 0.4825949371
2023-11-22 22:21:22,993 - INFO - Epoch 41 : Training Loss: 8.9268074036, Validation Loss: 9.0350627899, Training R-squared: 0.5435246229, Validation R-squared: 0.4853371680
2023-11-22 22:21:30,000 - INFO - Epoch 42 : Training Loss: 8.9011363983, Validation Loss: 9.0603504181, Training R-squared: 0.5460272431, Validation R-squared: 0.4815853536
2023-11-22 22:21:37,038 - INFO - Epoch 43 : Training Loss: 8.8643035889, Validation Loss: 9.0439205170, Training R-squared: 0.5497448444, Validation R-squared: 0.4840011597
2023-11-22 22:21:54,031 - INFO - Model saved to models/portion_model/breakfast/512_512_200_64/sparsity_70_fold_5_model.keras
2023-11-22 22:21:59,466 - INFO - Avg Metrics: RMSE: 7.0254723247, R-squared: 0.1176879276, PCC: 0.6983830917
2023-11-22 22:21:59,466 - INFO - Agg Metrics: RMSE: 9.1808267608, R-squared: 0.4780955986, PCC: 0.6915880174
2023-11-22 22:22:13,672 - INFO - ================================================================== Results Summary ===================================================================
2023-11-22 22:22:13,673 - INFO - CrossVal Metrics (Avg.) - RMSE: 7.0251272601  0.0865246382, R2: -0.2842808957  0.0865246382, PCC: 0.7306020539  0.0865246382
2023-11-22 22:22:13,673 - INFO - Testing  Metrics (Avg.) - RMSE: 6.8882751073, R2: -0.7615615078, PCC: 0.7389630304
2023-11-22 22:22:13,673 - INFO - CrossVal Metrics (Agg.) - RMSE: 9.5971442710  0.0865246382, R2: 0.4781238960  0.0865246382, PCC: 0.6918951222  0.0865246382
2023-11-22 22:22:13,673 - INFO - Testing  Metrics (Agg.) - RMSE: 9.1103270598, R2: 0.4981959612, PCC: 0.7065058349
