2023-11-22 07:52:22,702 - INFO - Training model at 10% sparse columns removed...
2023-11-22 07:52:31,328 - INFO - ================================================================== Fold 1 ===================================================================
2023-11-22 07:52:56,222 - INFO - Epoch 1  : Training Loss: 7.4566154480, Validation Loss: 7.2701878548, Training R-squared: 0.0683806017, Validation R-squared: 0.0977580920
2023-11-22 07:53:14,084 - INFO - Epoch 2  : Training Loss: 7.0797767639, Validation Loss: 6.8706350327, Training R-squared: 0.1614320129, Validation R-squared: 0.1945070177
2023-11-22 07:53:31,470 - INFO - Epoch 3  : Training Loss: 6.8304381371, Validation Loss: 6.6085958481, Training R-squared: 0.2222867757, Validation R-squared: 0.2546494901
2023-11-22 07:53:50,138 - INFO - Epoch 4  : Training Loss: 6.5617427826, Validation Loss: 6.3241376877, Training R-squared: 0.2797691226, Validation R-squared: 0.3183972538
2023-11-22 07:54:08,145 - INFO - Epoch 5  : Training Loss: 6.2208642960, Validation Loss: 6.1475977898, Training R-squared: 0.3543670774, Validation R-squared: 0.3544312418
2023-11-22 07:54:25,950 - INFO - Epoch 6  : Training Loss: 6.1539645195, Validation Loss: 6.0965385437, Training R-squared: 0.3683577478, Validation R-squared: 0.3662396073
2023-11-22 07:54:43,519 - INFO - Epoch 7  : Training Loss: 6.0804581642, Validation Loss: 6.0558290482, Training R-squared: 0.3822093904, Validation R-squared: 0.3745663762
2023-11-22 07:55:00,833 - INFO - Epoch 8  : Training Loss: 6.0379042625, Validation Loss: 6.0245156288, Training R-squared: 0.3914220929, Validation R-squared: 0.3809736967
2023-11-22 07:55:19,452 - INFO - Epoch 9  : Training Loss: 5.9926295280, Validation Loss: 6.0095071793, Training R-squared: 0.3998819888, Validation R-squared: 0.3841796815
2023-11-22 07:55:36,635 - INFO - Epoch 10 : Training Loss: 5.9708170891, Validation Loss: 6.0055694580, Training R-squared: 0.4041837454, Validation R-squared: 0.3848046064
2023-11-22 07:55:54,175 - INFO - Epoch 11 : Training Loss: 5.9500732422, Validation Loss: 6.0020499229, Training R-squared: 0.4082672596, Validation R-squared: 0.3854894340
2023-11-22 07:56:11,507 - INFO - Epoch 12 : Training Loss: 5.9241986275, Validation Loss: 5.9943132401, Training R-squared: 0.4118812084, Validation R-squared: 0.3871328235
2023-11-22 07:56:29,183 - INFO - Epoch 13 : Training Loss: 5.9095740318, Validation Loss: 5.9910469055, Training R-squared: 0.4156376421, Validation R-squared: 0.3875257373
2023-11-22 07:56:46,673 - INFO - Epoch 14 : Training Loss: 5.8902840614, Validation Loss: 5.9765439034, Training R-squared: 0.4192398489, Validation R-squared: 0.3906825781
2023-11-22 07:57:04,088 - INFO - Epoch 15 : Training Loss: 5.8681898117, Validation Loss: 5.9696650505, Training R-squared: 0.4258372188, Validation R-squared: 0.3925952315
2023-11-22 07:57:21,554 - INFO - Epoch 16 : Training Loss: 5.8412566185, Validation Loss: 5.9499607086, Training R-squared: 0.4300286770, Validation R-squared: 0.3962453306
2023-11-22 07:57:39,266 - INFO - Epoch 17 : Training Loss: 5.8186554909, Validation Loss: 5.9514269829, Training R-squared: 0.4339493513, Validation R-squared: 0.3956073523
2023-11-22 07:57:56,838 - INFO - Epoch 18 : Training Loss: 5.7810893059, Validation Loss: 5.9255146980, Training R-squared: 0.4408665299, Validation R-squared: 0.4016894400
2023-11-22 07:58:14,758 - INFO - Epoch 19 : Training Loss: 5.7462806702, Validation Loss: 5.9081811905, Training R-squared: 0.4474377930, Validation R-squared: 0.4044555724
2023-11-22 07:58:32,159 - INFO - Epoch 20 : Training Loss: 5.7162384987, Validation Loss: 5.8875517845, Training R-squared: 0.4547768235, Validation R-squared: 0.4087032676
2023-11-22 07:58:50,180 - INFO - Epoch 21 : Training Loss: 5.6792349815, Validation Loss: 5.8620028496, Training R-squared: 0.4601357877, Validation R-squared: 0.4142078757
2023-11-22 07:59:07,606 - INFO - Epoch 22 : Training Loss: 5.6515760422, Validation Loss: 5.8389911652, Training R-squared: 0.4671279490, Validation R-squared: 0.4192351401
2023-11-22 07:59:25,427 - INFO - Epoch 23 : Training Loss: 5.6108841896, Validation Loss: 5.8258147240, Training R-squared: 0.4730806351, Validation R-squared: 0.4216768444
2023-11-22 07:59:42,769 - INFO - Epoch 24 : Training Loss: 5.5901441574, Validation Loss: 5.8164205551, Training R-squared: 0.4775365591, Validation R-squared: 0.4231786132
2023-11-22 08:00:00,432 - INFO - Epoch 25 : Training Loss: 5.5587182045, Validation Loss: 5.8050279617, Training R-squared: 0.4821915329, Validation R-squared: 0.4262716472
2023-11-22 08:00:18,272 - INFO - Epoch 26 : Training Loss: 5.5384869576, Validation Loss: 5.7989463806, Training R-squared: 0.4861150980, Validation R-squared: 0.4272149205
2023-11-22 08:00:35,960 - INFO - Epoch 27 : Training Loss: 5.5384173393, Validation Loss: 5.7962412834, Training R-squared: 0.4869392216, Validation R-squared: 0.4275200069
2023-11-22 08:00:53,389 - INFO - Epoch 28 : Training Loss: 5.5207529068, Validation Loss: 5.7979898453, Training R-squared: 0.4909001291, Validation R-squared: 0.4274532795
2023-11-22 08:01:10,902 - INFO - Epoch 29 : Training Loss: 5.5108203888, Validation Loss: 5.7883462906, Training R-squared: 0.4916386604, Validation R-squared: 0.4293342531
2023-11-22 08:01:28,793 - INFO - Epoch 30 : Training Loss: 5.4886312485, Validation Loss: 5.7778530121, Training R-squared: 0.4967466295, Validation R-squared: 0.4313599765
2023-11-22 08:01:46,347 - INFO - Epoch 31 : Training Loss: 5.4754509926, Validation Loss: 5.7870678902, Training R-squared: 0.4987477958, Validation R-squared: 0.4289983511
2023-11-22 08:02:03,772 - INFO - Epoch 32 : Training Loss: 5.4564900398, Validation Loss: 5.7936339378, Training R-squared: 0.5007502437, Validation R-squared: 0.4282063246
2023-11-22 08:02:21,466 - INFO - Epoch 33 : Training Loss: 5.4332222939, Validation Loss: 5.7731928825, Training R-squared: 0.5058789253, Validation R-squared: 0.4324142337
2023-11-22 08:02:39,203 - INFO - Epoch 34 : Training Loss: 5.4248580933, Validation Loss: 5.7710666656, Training R-squared: 0.5071065426, Validation R-squared: 0.4326207340
2023-11-22 08:02:56,638 - INFO - Epoch 35 : Training Loss: 5.4168572426, Validation Loss: 5.7596430779, Training R-squared: 0.5081117749, Validation R-squared: 0.4349917173
2023-11-22 08:03:14,602 - INFO - Epoch 36 : Training Loss: 5.3998045921, Validation Loss: 5.7525234222, Training R-squared: 0.5120445490, Validation R-squared: 0.4363816381
2023-11-22 08:03:32,107 - INFO - Epoch 37 : Training Loss: 5.3879804611, Validation Loss: 5.7478933334, Training R-squared: 0.5130671263, Validation R-squared: 0.4372014701
2023-11-22 08:03:50,483 - INFO - Epoch 38 : Training Loss: 5.3727512360, Validation Loss: 5.7506551743, Training R-squared: 0.5158390403, Validation R-squared: 0.4366248250
2023-11-22 08:04:08,318 - INFO - Epoch 39 : Training Loss: 5.3648743629, Validation Loss: 5.7458338737, Training R-squared: 0.5177106857, Validation R-squared: 0.4374591708
2023-11-22 08:04:26,151 - INFO - Epoch 40 : Training Loss: 5.3423461914, Validation Loss: 5.7507920265, Training R-squared: 0.5213217139, Validation R-squared: 0.4361821115
2023-11-22 08:04:43,559 - INFO - Epoch 41 : Training Loss: 5.3370375633, Validation Loss: 5.7432360649, Training R-squared: 0.5226430893, Validation R-squared: 0.4381629229
2023-11-22 08:05:01,130 - INFO - Epoch 42 : Training Loss: 5.3129601479, Validation Loss: 5.7395033836, Training R-squared: 0.5262002349, Validation R-squared: 0.4383176267
2023-11-22 08:05:18,871 - INFO - Epoch 43 : Training Loss: 5.2985687256, Validation Loss: 5.7309012413, Training R-squared: 0.5279203057, Validation R-squared: 0.4405290186
2023-11-22 08:05:36,533 - INFO - Epoch 44 : Training Loss: 5.2906050682, Validation Loss: 5.7321953773, Training R-squared: 0.5306572914, Validation R-squared: 0.4404356480
2023-11-22 08:05:53,929 - INFO - Epoch 45 : Training Loss: 5.2651062012, Validation Loss: 5.7291970253, Training R-squared: 0.5339692235, Validation R-squared: 0.4407919645
2023-11-22 08:06:11,458 - INFO - Epoch 46 : Training Loss: 5.2699189186, Validation Loss: 5.7114114761, Training R-squared: 0.5331946015, Validation R-squared: 0.4444503486
2023-11-22 08:06:29,941 - INFO - Epoch 47 : Training Loss: 5.2473487854, Validation Loss: 5.7103528976, Training R-squared: 0.5370151401, Validation R-squared: 0.4445307851
2023-11-22 08:06:47,425 - INFO - Epoch 48 : Training Loss: 5.2359180450, Validation Loss: 5.7002186775, Training R-squared: 0.5386133790, Validation R-squared: 0.4462900758
2023-11-22 08:07:05,226 - INFO - Epoch 49 : Training Loss: 5.2134294510, Validation Loss: 5.7260847092, Training R-squared: 0.5435959101, Validation R-squared: 0.4406278431
2023-11-22 08:07:23,942 - INFO - Epoch 50 : Training Loss: 5.1985783577, Validation Loss: 5.6874227524, Training R-squared: 0.5437556505, Validation R-squared: 0.4494267106
2023-11-22 08:07:43,214 - INFO - Epoch 51 : Training Loss: 5.1878247261, Validation Loss: 5.7001814842, Training R-squared: 0.5474261642, Validation R-squared: 0.4462466240
2023-11-22 08:08:02,111 - INFO - Epoch 52 : Training Loss: 5.1695842743, Validation Loss: 5.6847276688, Training R-squared: 0.5512202382, Validation R-squared: 0.4500013888
2023-11-22 08:08:21,419 - INFO - Epoch 53 : Training Loss: 5.1522679329, Validation Loss: 5.6780180931, Training R-squared: 0.5537425280, Validation R-squared: 0.4505763054
2023-11-22 08:08:39,967 - INFO - Epoch 54 : Training Loss: 5.1392760277, Validation Loss: 5.6960058212, Training R-squared: 0.5554025173, Validation R-squared: 0.4467222691
2023-11-22 08:08:57,403 - INFO - Epoch 55 : Training Loss: 5.1305274963, Validation Loss: 5.6737470627, Training R-squared: 0.5561373234, Validation R-squared: 0.4521669149
2023-11-22 08:09:14,940 - INFO - Epoch 56 : Training Loss: 5.1088194847, Validation Loss: 5.6971626282, Training R-squared: 0.5607557297, Validation R-squared: 0.4462041557
2023-11-22 08:09:32,585 - INFO - Epoch 57 : Training Loss: 5.0971236229, Validation Loss: 5.6878371239, Training R-squared: 0.5620070100, Validation R-squared: 0.4483379126
2023-11-22 08:09:50,177 - INFO - Epoch 58 : Training Loss: 5.0875811577, Validation Loss: 5.6922140121, Training R-squared: 0.5640383363, Validation R-squared: 0.4467337132
2023-11-22 08:10:07,662 - INFO - Epoch 59 : Training Loss: 5.0728769302, Validation Loss: 5.6903696060, Training R-squared: 0.5676214695, Validation R-squared: 0.4470034838
2023-11-22 08:10:25,482 - INFO - Epoch 60 : Training Loss: 5.0492768288, Validation Loss: 5.6579566002, Training R-squared: 0.5700580478, Validation R-squared: 0.4543561637
2023-11-22 08:10:42,909 - INFO - Epoch 61 : Training Loss: 5.0438151360, Validation Loss: 5.6889758110, Training R-squared: 0.5714275241, Validation R-squared: 0.4474786818
2023-11-22 08:11:00,604 - INFO - Epoch 62 : Training Loss: 5.0287737846, Validation Loss: 5.6791582108, Training R-squared: 0.5736592412, Validation R-squared: 0.4495938420
2023-11-22 08:11:18,271 - INFO - Epoch 63 : Training Loss: 5.0148701668, Validation Loss: 5.7138056755, Training R-squared: 0.5755196810, Validation R-squared: 0.4417015612
2023-11-22 08:11:36,047 - INFO - Epoch 64 : Training Loss: 4.9997320175, Validation Loss: 5.6671257019, Training R-squared: 0.5779044032, Validation R-squared: 0.4520542026
2023-11-22 08:11:53,362 - INFO - Epoch 65 : Training Loss: 4.9817690849, Validation Loss: 5.6617016792, Training R-squared: 0.5807307363, Validation R-squared: 0.4533455372
2023-11-22 08:12:14,170 - INFO - Model saved to models/portion_model/breakfast/512_512_200_64/sparsity_10_fold_1_model.keras
2023-11-22 08:12:21,653 - INFO - Avg Metrics: RMSE: 4.2988525806, R-squared: -0.0027521891, PCC: 0.6879446102
2023-11-22 08:12:21,653 - INFO - Agg Metrics: RMSE: 5.7709055282, R-squared: 0.4443630806, PCC: 0.6697856903
2023-11-22 08:12:28,311 - INFO - ================================================================== Fold 2 ===================================================================
2023-11-22 08:12:55,774 - INFO - Epoch 1  : Training Loss: 7.4187793732, Validation Loss: 7.4519739151, Training R-squared: 0.0681438074, Validation R-squared: 0.0915638283
2023-11-22 08:13:13,212 - INFO - Epoch 2  : Training Loss: 7.0308074951, Validation Loss: 7.0324459076, Training R-squared: 0.1639442891, Validation R-squared: 0.1925205141
2023-11-22 08:13:30,983 - INFO - Epoch 3  : Training Loss: 6.7215461731, Validation Loss: 6.7367553711, Training R-squared: 0.2368104011, Validation R-squared: 0.2588034272
2023-11-22 08:13:48,555 - INFO - Epoch 4  : Training Loss: 6.3388028145, Validation Loss: 6.3225364685, Training R-squared: 0.3219754398, Validation R-squared: 0.3474591374
2023-11-22 08:14:06,776 - INFO - Epoch 5  : Training Loss: 6.1126804352, Validation Loss: 6.2628259659, Training R-squared: 0.3695068657, Validation R-squared: 0.3601289690
2023-11-22 08:14:24,314 - INFO - Epoch 6  : Training Loss: 6.0406398773, Validation Loss: 6.2043347359, Training R-squared: 0.3848253191, Validation R-squared: 0.3719649613
2023-11-22 08:14:41,817 - INFO - Epoch 7  : Training Loss: 5.9849500656, Validation Loss: 6.1949110031, Training R-squared: 0.3949358165, Validation R-squared: 0.3749834895
2023-11-22 08:14:59,048 - INFO - Epoch 8  : Training Loss: 5.9508223534, Validation Loss: 6.1781172752, Training R-squared: 0.4028087258, Validation R-squared: 0.3780953884
2023-11-22 08:15:16,667 - INFO - Epoch 9  : Training Loss: 5.9405465126, Validation Loss: 6.1824750900, Training R-squared: 0.4040950239, Validation R-squared: 0.3771388829
2023-11-22 08:15:35,793 - INFO - Epoch 10 : Training Loss: 5.9197163582, Validation Loss: 6.1749963760, Training R-squared: 0.4082683623, Validation R-squared: 0.3786148727
2023-11-22 08:15:54,092 - INFO - Epoch 11 : Training Loss: 5.8922553062, Validation Loss: 6.1649456024, Training R-squared: 0.4132469594, Validation R-squared: 0.3805032969
2023-11-22 08:16:11,732 - INFO - Epoch 12 : Training Loss: 5.8613524437, Validation Loss: 6.1523361206, Training R-squared: 0.4193468094, Validation R-squared: 0.3830511272
2023-11-22 08:16:29,328 - INFO - Epoch 13 : Training Loss: 5.8355422020, Validation Loss: 6.1416382790, Training R-squared: 0.4248745739, Validation R-squared: 0.3850247264
2023-11-22 08:16:46,895 - INFO - Epoch 14 : Training Loss: 5.8124365807, Validation Loss: 6.1202650070, Training R-squared: 0.4303952754, Validation R-squared: 0.3898017704
2023-11-22 08:17:04,502 - INFO - Epoch 15 : Training Loss: 5.7694053650, Validation Loss: 6.1052751541, Training R-squared: 0.4381929636, Validation R-squared: 0.3928957283
2023-11-22 08:17:22,568 - INFO - Epoch 16 : Training Loss: 5.7452597618, Validation Loss: 6.0978651047, Training R-squared: 0.4424817562, Validation R-squared: 0.3935588896
2023-11-22 08:17:40,284 - INFO - Epoch 17 : Training Loss: 5.7091984749, Validation Loss: 6.0745372772, Training R-squared: 0.4491546750, Validation R-squared: 0.3991629779
2023-11-22 08:17:57,795 - INFO - Epoch 18 : Training Loss: 5.6766886711, Validation Loss: 6.0664515495, Training R-squared: 0.4552506208, Validation R-squared: 0.4005089104
2023-11-22 08:18:15,287 - INFO - Epoch 19 : Training Loss: 5.6555476189, Validation Loss: 6.0532989502, Training R-squared: 0.4600397348, Validation R-squared: 0.4030371010
2023-11-22 08:18:33,104 - INFO - Epoch 20 : Training Loss: 5.6293559074, Validation Loss: 6.0417003632, Training R-squared: 0.4635292292, Validation R-squared: 0.4057975709
2023-11-22 08:18:50,616 - INFO - Epoch 21 : Training Loss: 5.6077179909, Validation Loss: 6.0287914276, Training R-squared: 0.4669326246, Validation R-squared: 0.4081532359
2023-11-22 08:19:08,201 - INFO - Epoch 22 : Training Loss: 5.5916996002, Validation Loss: 6.0121550560, Training R-squared: 0.4711769521, Validation R-squared: 0.4113909006
2023-11-22 08:19:25,819 - INFO - Epoch 23 : Training Loss: 5.5514836311, Validation Loss: 6.0026717186, Training R-squared: 0.4782573879, Validation R-squared: 0.4130905867
2023-11-22 08:19:43,429 - INFO - Epoch 24 : Training Loss: 5.5234060287, Validation Loss: 5.9875469208, Training R-squared: 0.4813117981, Validation R-squared: 0.4165989757
2023-11-22 08:20:00,837 - INFO - Epoch 25 : Training Loss: 5.5146689415, Validation Loss: 5.9847412109, Training R-squared: 0.4855133891, Validation R-squared: 0.4163222909
2023-11-22 08:20:18,429 - INFO - Epoch 26 : Training Loss: 5.4952516556, Validation Loss: 5.9663400650, Training R-squared: 0.4893394113, Validation R-squared: 0.4208072126
2023-11-22 08:20:36,037 - INFO - Epoch 27 : Training Loss: 5.4754014015, Validation Loss: 5.9580330849, Training R-squared: 0.4936510026, Validation R-squared: 0.4222187102
2023-11-22 08:20:53,497 - INFO - Epoch 28 : Training Loss: 5.4610614777, Validation Loss: 5.9480361938, Training R-squared: 0.4947497547, Validation R-squared: 0.4247495532
2023-11-22 08:21:10,912 - INFO - Epoch 29 : Training Loss: 5.4524006844, Validation Loss: 5.9532070160, Training R-squared: 0.4961304665, Validation R-squared: 0.4237361252
2023-11-22 08:21:28,780 - INFO - Epoch 30 : Training Loss: 5.4328813553, Validation Loss: 5.9487190247, Training R-squared: 0.4997565448, Validation R-squared: 0.4246009290
2023-11-22 08:21:46,531 - INFO - Epoch 31 : Training Loss: 5.4303970337, Validation Loss: 5.9458136559, Training R-squared: 0.5009735227, Validation R-squared: 0.4244338572
2023-11-22 08:22:03,987 - INFO - Epoch 32 : Training Loss: 5.4080514908, Validation Loss: 5.9422564507, Training R-squared: 0.5044850111, Validation R-squared: 0.4250845611
2023-11-22 08:22:21,829 - INFO - Epoch 33 : Training Loss: 5.4023284912, Validation Loss: 5.9373064041, Training R-squared: 0.5055885911, Validation R-squared: 0.4265245199
2023-11-22 08:22:39,355 - INFO - Epoch 34 : Training Loss: 5.3782534599, Validation Loss: 5.9524383545, Training R-squared: 0.5093754530, Validation R-squared: 0.4225307703
2023-11-22 08:22:57,099 - INFO - Epoch 35 : Training Loss: 5.3675417900, Validation Loss: 5.9220490456, Training R-squared: 0.5108543634, Validation R-squared: 0.4291345775
2023-11-22 08:23:14,628 - INFO - Epoch 36 : Training Loss: 5.3468871117, Validation Loss: 5.9140763283, Training R-squared: 0.5143840313, Validation R-squared: 0.4312276244
2023-11-22 08:23:33,118 - INFO - Epoch 37 : Training Loss: 5.3313050270, Validation Loss: 5.9110288620, Training R-squared: 0.5184635520, Validation R-squared: 0.4316498339
2023-11-22 08:23:52,049 - INFO - Epoch 38 : Training Loss: 5.3228754997, Validation Loss: 5.9019212723, Training R-squared: 0.5201401711, Validation R-squared: 0.4333574772
2023-11-22 08:24:09,784 - INFO - Epoch 39 : Training Loss: 5.3108763695, Validation Loss: 5.8810434341, Training R-squared: 0.5223046541, Validation R-squared: 0.4376606941
2023-11-22 08:24:27,682 - INFO - Epoch 40 : Training Loss: 5.2958550453, Validation Loss: 5.8858695030, Training R-squared: 0.5242673159, Validation R-squared: 0.4362099767
2023-11-22 08:24:45,180 - INFO - Epoch 41 : Training Loss: 5.2698473930, Validation Loss: 5.8800368309, Training R-squared: 0.5282229781, Validation R-squared: 0.4375359118
2023-11-22 08:25:02,729 - INFO - Epoch 42 : Training Loss: 5.2509193420, Validation Loss: 5.8800301552, Training R-squared: 0.5323399305, Validation R-squared: 0.4373704195
2023-11-22 08:25:20,354 - INFO - Epoch 43 : Training Loss: 5.2359251976, Validation Loss: 5.8691172600, Training R-squared: 0.5348246694, Validation R-squared: 0.4393058717
2023-11-22 08:25:38,075 - INFO - Epoch 44 : Training Loss: 5.2310991287, Validation Loss: 5.8795876503, Training R-squared: 0.5347651243, Validation R-squared: 0.4369569123
2023-11-22 08:25:55,564 - INFO - Epoch 45 : Training Loss: 5.2132434845, Validation Loss: 5.8782958984, Training R-squared: 0.5384116173, Validation R-squared: 0.4369860590
2023-11-22 08:26:13,213 - INFO - Epoch 46 : Training Loss: 5.1932034492, Validation Loss: 5.8584818840, Training R-squared: 0.5418047905, Validation R-squared: 0.4413773417
2023-11-22 08:26:30,899 - INFO - Epoch 47 : Training Loss: 5.1796936989, Validation Loss: 5.8459901810, Training R-squared: 0.5435906649, Validation R-squared: 0.4438631833
2023-11-22 08:26:48,545 - INFO - Epoch 48 : Training Loss: 5.1648840904, Validation Loss: 5.8458657265, Training R-squared: 0.5462883115, Validation R-squared: 0.4436335862
2023-11-22 08:27:06,161 - INFO - Epoch 49 : Training Loss: 5.1519713402, Validation Loss: 5.8469204903, Training R-squared: 0.5480146408, Validation R-squared: 0.4435001314
2023-11-22 08:27:25,646 - INFO - Epoch 50 : Training Loss: 5.1438894272, Validation Loss: 5.8172178268, Training R-squared: 0.5494433641, Validation R-squared: 0.4497920275
2023-11-22 08:27:43,776 - INFO - Epoch 51 : Training Loss: 5.1248936653, Validation Loss: 5.8312797546, Training R-squared: 0.5538589358, Validation R-squared: 0.4465485811
2023-11-22 08:28:01,302 - INFO - Epoch 52 : Training Loss: 5.1074824333, Validation Loss: 5.8182735443, Training R-squared: 0.5562769175, Validation R-squared: 0.4496431947
2023-11-22 08:28:19,728 - INFO - Epoch 53 : Training Loss: 5.1006450653, Validation Loss: 5.8104019165, Training R-squared: 0.5569859743, Validation R-squared: 0.4506569505
2023-11-22 08:28:37,836 - INFO - Epoch 54 : Training Loss: 5.0818834305, Validation Loss: 5.8111133575, Training R-squared: 0.5602052212, Validation R-squared: 0.4505099654
2023-11-22 08:28:55,207 - INFO - Epoch 55 : Training Loss: 5.0672478676, Validation Loss: 5.8016867638, Training R-squared: 0.5621535778, Validation R-squared: 0.4528050423
2023-11-22 08:29:12,864 - INFO - Epoch 56 : Training Loss: 5.0631985664, Validation Loss: 5.8224430084, Training R-squared: 0.5630249977, Validation R-squared: 0.4486909807
2023-11-22 08:29:30,683 - INFO - Epoch 57 : Training Loss: 5.0438733101, Validation Loss: 5.8091659546, Training R-squared: 0.5676615834, Validation R-squared: 0.4507953823
2023-11-22 08:29:48,407 - INFO - Epoch 58 : Training Loss: 5.0425982475, Validation Loss: 5.7950949669, Training R-squared: 0.5672835112, Validation R-squared: 0.4537186027
2023-11-22 08:30:05,804 - INFO - Epoch 59 : Training Loss: 5.0213289261, Validation Loss: 5.7977857590, Training R-squared: 0.5707673430, Validation R-squared: 0.4532321692
2023-11-22 08:30:23,672 - INFO - Epoch 60 : Training Loss: 5.0066976547, Validation Loss: 5.8033909798, Training R-squared: 0.5725160837, Validation R-squared: 0.4516544640
2023-11-22 08:30:41,288 - INFO - Epoch 61 : Training Loss: 4.9935092926, Validation Loss: 5.8048939705, Training R-squared: 0.5745146275, Validation R-squared: 0.4513519406
2023-11-22 08:30:58,988 - INFO - Epoch 62 : Training Loss: 4.9833788872, Validation Loss: 5.7859330177, Training R-squared: 0.5768597126, Validation R-squared: 0.4554105997
2023-11-22 08:31:16,576 - INFO - Epoch 63 : Training Loss: 4.9789023399, Validation Loss: 5.8026623726, Training R-squared: 0.5766775012, Validation R-squared: 0.4517059326
2023-11-22 08:31:34,282 - INFO - Epoch 64 : Training Loss: 4.9615259171, Validation Loss: 5.7875490189, Training R-squared: 0.5780003071, Validation R-squared: 0.4552362859
2023-11-22 08:31:51,868 - INFO - Epoch 65 : Training Loss: 4.9516305923, Validation Loss: 5.7822303772, Training R-squared: 0.5820819736, Validation R-squared: 0.4566097856
2023-11-22 08:32:09,402 - INFO - Epoch 66 : Training Loss: 4.9412231445, Validation Loss: 5.7942237854, Training R-squared: 0.5831171870, Validation R-squared: 0.4537673295
2023-11-22 08:32:27,327 - INFO - Epoch 67 : Training Loss: 4.9357433319, Validation Loss: 5.7892947197, Training R-squared: 0.5828400850, Validation R-squared: 0.4543465376
2023-11-22 08:32:45,386 - INFO - Epoch 68 : Training Loss: 4.9143986702, Validation Loss: 5.7751793861, Training R-squared: 0.5871472955, Validation R-squared: 0.4577027857
2023-11-22 08:33:03,108 - INFO - Epoch 69 : Training Loss: 4.9119486809, Validation Loss: 5.7807426453, Training R-squared: 0.5877196193, Validation R-squared: 0.4563302696
2023-11-22 08:33:20,874 - INFO - Epoch 70 : Training Loss: 4.8963780403, Validation Loss: 5.7821331024, Training R-squared: 0.5890952945, Validation R-squared: 0.4559911489
2023-11-22 08:33:38,517 - INFO - Epoch 71 : Training Loss: 4.8959774971, Validation Loss: 5.7674145699, Training R-squared: 0.5895522237, Validation R-squared: 0.4586687088
2023-11-22 08:33:57,129 - INFO - Epoch 72 : Training Loss: 4.8718743324, Validation Loss: 5.7920122147, Training R-squared: 0.5942333341, Validation R-squared: 0.4535148144
2023-11-22 08:34:14,859 - INFO - Epoch 73 : Training Loss: 4.8607254028, Validation Loss: 5.8083767891, Training R-squared: 0.5948283076, Validation R-squared: 0.4501352608
2023-11-22 08:34:32,788 - INFO - Epoch 74 : Training Loss: 4.8597393036, Validation Loss: 5.7838945389, Training R-squared: 0.5954639316, Validation R-squared: 0.4550109208
2023-11-22 08:34:50,360 - INFO - Epoch 75 : Training Loss: 4.8408260345, Validation Loss: 5.7600836754, Training R-squared: 0.5995376706, Validation R-squared: 0.4597860277
2023-11-22 08:35:08,078 - INFO - Epoch 76 : Training Loss: 4.8300323486, Validation Loss: 5.7802963257, Training R-squared: 0.6005443335, Validation R-squared: 0.4557578564
2023-11-22 08:35:25,576 - INFO - Epoch 77 : Training Loss: 4.8266434669, Validation Loss: 5.7948641777, Training R-squared: 0.6011223197, Validation R-squared: 0.4528145492
2023-11-22 08:35:43,358 - INFO - Epoch 78 : Training Loss: 4.8106050491, Validation Loss: 5.7683892250, Training R-squared: 0.6031163931, Validation R-squared: 0.4579179585
2023-11-22 08:36:00,724 - INFO - Epoch 79 : Training Loss: 4.8054203987, Validation Loss: 5.7532052994, Training R-squared: 0.6045377254, Validation R-squared: 0.4613110721
2023-11-22 08:36:18,782 - INFO - Epoch 80 : Training Loss: 4.7952089310, Validation Loss: 5.7597160339, Training R-squared: 0.6050829887, Validation R-squared: 0.4597912431
2023-11-22 08:36:36,186 - INFO - Epoch 81 : Training Loss: 4.7888150215, Validation Loss: 5.7830090523, Training R-squared: 0.6068940163, Validation R-squared: 0.4548068047
2023-11-22 08:36:53,897 - INFO - Epoch 82 : Training Loss: 4.7797794342, Validation Loss: 5.7516217232, Training R-squared: 0.6087587476, Validation R-squared: 0.4610869288
2023-11-22 08:37:11,234 - INFO - Epoch 83 : Training Loss: 4.7709040642, Validation Loss: 5.7735466957, Training R-squared: 0.6095330119, Validation R-squared: 0.4565860629
2023-11-22 08:37:29,023 - INFO - Epoch 84 : Training Loss: 4.7606058121, Validation Loss: 5.7765631676, Training R-squared: 0.6121039391, Validation R-squared: 0.4557331204
2023-11-22 08:37:46,672 - INFO - Epoch 85 : Training Loss: 4.7468543053, Validation Loss: 5.7493729591, Training R-squared: 0.6133460999, Validation R-squared: 0.4618787467
2023-11-22 08:38:04,349 - INFO - Epoch 86 : Training Loss: 4.7403101921, Validation Loss: 5.7979602814, Training R-squared: 0.6151634455, Validation R-squared: 0.4512977600
2023-11-22 08:38:22,048 - INFO - Epoch 87 : Training Loss: 4.7274093628, Validation Loss: 5.8123817444, Training R-squared: 0.6166200042, Validation R-squared: 0.4480514824
2023-11-22 08:38:39,779 - INFO - Epoch 88 : Training Loss: 4.7185382843, Validation Loss: 5.8060665131, Training R-squared: 0.6187563539, Validation R-squared: 0.4494379759
2023-11-22 08:38:57,329 - INFO - Epoch 89 : Training Loss: 4.7120323181, Validation Loss: 5.7232475281, Training R-squared: 0.6186284423, Validation R-squared: 0.4667426944
2023-11-22 08:39:14,950 - INFO - Epoch 90 : Training Loss: 4.7025594711, Validation Loss: 5.7723269463, Training R-squared: 0.6196562648, Validation R-squared: 0.4564353824
2023-11-22 08:39:33,524 - INFO - Epoch 91 : Training Loss: 4.6906976700, Validation Loss: 5.7478437424, Training R-squared: 0.6216076612, Validation R-squared: 0.4614259005
2023-11-22 08:39:50,835 - INFO - Epoch 92 : Training Loss: 4.6927151680, Validation Loss: 5.7716255188, Training R-squared: 0.6217868328, Validation R-squared: 0.4563384652
2023-11-22 08:40:08,618 - INFO - Epoch 93 : Training Loss: 4.6719446182, Validation Loss: 5.7790937424, Training R-squared: 0.6255527139, Validation R-squared: 0.4545301199
2023-11-22 08:40:26,191 - INFO - Epoch 94 : Training Loss: 4.6686120033, Validation Loss: 5.7615351677, Training R-squared: 0.6253263950, Validation R-squared: 0.4581497908
2023-11-22 08:40:46,960 - INFO - Model saved to models/portion_model/breakfast/512_512_200_64/sparsity_10_fold_2_model.keras
2023-11-22 08:40:54,306 - INFO - Avg Metrics: RMSE: 4.3237883024, R-squared: -0.1331876972, PCC: 0.7114353773
2023-11-22 08:40:54,306 - INFO - Agg Metrics: RMSE: 5.8988732528, R-squared: 0.4484988865, PCC: 0.6718416012
2023-11-22 08:41:00,824 - INFO - ================================================================== Fold 3 ===================================================================
2023-11-22 08:41:27,918 - INFO - Epoch 1  : Training Loss: 7.4493751526, Validation Loss: 7.3020529747, Training R-squared: 0.0677138194, Validation R-squared: 0.1020403951
2023-11-22 08:41:45,369 - INFO - Epoch 2  : Training Loss: 7.0538372993, Validation Loss: 6.8920149803, Training R-squared: 0.1629219800, Validation R-squared: 0.2013821304
2023-11-22 08:42:02,727 - INFO - Epoch 3  : Training Loss: 6.8183135986, Validation Loss: 6.6536583900, Training R-squared: 0.2195540369, Validation R-squared: 0.2562166452
2023-11-22 08:42:20,329 - INFO - Epoch 4  : Training Loss: 6.5490174294, Validation Loss: 6.2865633965, Training R-squared: 0.2811475694, Validation R-squared: 0.3378555179
2023-11-22 08:42:37,625 - INFO - Epoch 5  : Training Loss: 6.1978263855, Validation Loss: 6.1511015892, Training R-squared: 0.3557231128, Validation R-squared: 0.3660548925
2023-11-22 08:42:55,496 - INFO - Epoch 6  : Training Loss: 6.1273851395, Validation Loss: 6.1063499451, Training R-squared: 0.3702074885, Validation R-squared: 0.3750143647
2023-11-22 08:43:12,950 - INFO - Epoch 7  : Training Loss: 6.0664491653, Validation Loss: 6.0677380562, Training R-squared: 0.3833353817, Validation R-squared: 0.3831579685
2023-11-22 08:43:30,776 - INFO - Epoch 8  : Training Loss: 6.0149693489, Validation Loss: 6.0424332619, Training R-squared: 0.3942719400, Validation R-squared: 0.3881139457
2023-11-22 08:43:48,695 - INFO - Epoch 9  : Training Loss: 5.9874086380, Validation Loss: 6.0374951363, Training R-squared: 0.3987369835, Validation R-squared: 0.3892988563
2023-11-22 08:44:06,925 - INFO - Epoch 10 : Training Loss: 5.9667334557, Validation Loss: 6.0394029617, Training R-squared: 0.4039718211, Validation R-squared: 0.3888691366
2023-11-22 08:44:24,536 - INFO - Epoch 11 : Training Loss: 5.9483981133, Validation Loss: 6.0470728874, Training R-squared: 0.4073651135, Validation R-squared: 0.3868598342
2023-11-22 08:44:41,829 - INFO - Epoch 12 : Training Loss: 5.9299545288, Validation Loss: 6.0297741890, Training R-squared: 0.4105635881, Validation R-squared: 0.3905436397
2023-11-22 08:44:59,455 - INFO - Epoch 13 : Training Loss: 5.9148297310, Validation Loss: 6.0349822044, Training R-squared: 0.4141562283, Validation R-squared: 0.3890065253
2023-11-22 08:45:16,905 - INFO - Epoch 14 : Training Loss: 5.8885955811, Validation Loss: 6.0244131088, Training R-squared: 0.4174036086, Validation R-squared: 0.3914329112
2023-11-22 08:45:34,472 - INFO - Epoch 15 : Training Loss: 5.8652634621, Validation Loss: 6.0098204613, Training R-squared: 0.4226524830, Validation R-squared: 0.3950636685
2023-11-22 08:45:51,655 - INFO - Epoch 16 : Training Loss: 5.8327984810, Validation Loss: 5.9992270470, Training R-squared: 0.4298195541, Validation R-squared: 0.3968268633
2023-11-22 08:46:09,362 - INFO - Epoch 17 : Training Loss: 5.8053455353, Validation Loss: 6.0148186684, Training R-squared: 0.4356052876, Validation R-squared: 0.3935837150
2023-11-22 08:46:27,010 - INFO - Epoch 18 : Training Loss: 5.7745881081, Validation Loss: 5.9752383232, Training R-squared: 0.4407381117, Validation R-squared: 0.4021643698
2023-11-22 08:46:44,702 - INFO - Epoch 19 : Training Loss: 5.7433657646, Validation Loss: 5.9672427177, Training R-squared: 0.4455038607, Validation R-squared: 0.4029202461
2023-11-22 08:47:01,933 - INFO - Epoch 20 : Training Loss: 5.7200164795, Validation Loss: 5.9439859390, Training R-squared: 0.4503304958, Validation R-squared: 0.4080765545
2023-11-22 08:47:19,859 - INFO - Epoch 21 : Training Loss: 5.6856794357, Validation Loss: 5.9303107262, Training R-squared: 0.4574444890, Validation R-squared: 0.4105007052
2023-11-22 08:47:37,080 - INFO - Epoch 22 : Training Loss: 5.6577882767, Validation Loss: 5.9059681892, Training R-squared: 0.4615224898, Validation R-squared: 0.4160389006
2023-11-22 08:47:54,790 - INFO - Epoch 23 : Training Loss: 5.6300625801, Validation Loss: 5.8993964195, Training R-squared: 0.4677218497, Validation R-squared: 0.4173487127
2023-11-22 08:48:12,368 - INFO - Epoch 24 : Training Loss: 5.5940084457, Validation Loss: 5.8826661110, Training R-squared: 0.4741162956, Validation R-squared: 0.4209114611
2023-11-22 08:48:30,278 - INFO - Epoch 25 : Training Loss: 5.5692000389, Validation Loss: 5.8801069260, Training R-squared: 0.4780653119, Validation R-squared: 0.4206224382
2023-11-22 08:48:47,722 - INFO - Epoch 26 : Training Loss: 5.5496673584, Validation Loss: 5.8763570786, Training R-squared: 0.4815655649, Validation R-squared: 0.4213443995
2023-11-22 08:49:05,212 - INFO - Epoch 27 : Training Loss: 5.5457735062, Validation Loss: 5.8690667152, Training R-squared: 0.4831833839, Validation R-squared: 0.4230467975
2023-11-22 08:49:22,690 - INFO - Epoch 28 : Training Loss: 5.5208568573, Validation Loss: 5.8612380028, Training R-squared: 0.4878820479, Validation R-squared: 0.4251245558
2023-11-22 08:49:40,172 - INFO - Epoch 29 : Training Loss: 5.5117273331, Validation Loss: 5.8600468636, Training R-squared: 0.4889381826, Validation R-squared: 0.4248180687
2023-11-22 08:49:57,626 - INFO - Epoch 30 : Training Loss: 5.4952445030, Validation Loss: 5.8599720001, Training R-squared: 0.4917525649, Validation R-squared: 0.4250968993
2023-11-22 08:50:15,301 - INFO - Epoch 31 : Training Loss: 5.4735074043, Validation Loss: 5.8711929321, Training R-squared: 0.4947620332, Validation R-squared: 0.4224404991
2023-11-22 08:50:33,898 - INFO - Epoch 32 : Training Loss: 5.4651131630, Validation Loss: 5.8433070183, Training R-squared: 0.4977168143, Validation R-squared: 0.4282178283
2023-11-22 08:50:51,340 - INFO - Epoch 33 : Training Loss: 5.4467163086, Validation Loss: 5.8557982445, Training R-squared: 0.5006778240, Validation R-squared: 0.4257304966
2023-11-22 08:51:08,849 - INFO - Epoch 34 : Training Loss: 5.4474854469, Validation Loss: 5.8483500481, Training R-squared: 0.5015354753, Validation R-squared: 0.4270318747
2023-11-22 08:51:29,257 - INFO - Epoch 35 : Training Loss: 5.4236826897, Validation Loss: 5.8400435448, Training R-squared: 0.5041854382, Validation R-squared: 0.4287099242
2023-11-22 08:51:46,924 - INFO - Epoch 36 : Training Loss: 5.4085707664, Validation Loss: 5.8358778954, Training R-squared: 0.5075225234, Validation R-squared: 0.4292810261
2023-11-22 08:52:05,946 - INFO - Epoch 37 : Training Loss: 5.3816676140, Validation Loss: 5.8555727005, Training R-squared: 0.5115791559, Validation R-squared: 0.4251851439
2023-11-22 08:52:23,796 - INFO - Epoch 38 : Training Loss: 5.3797435760, Validation Loss: 5.8235030174, Training R-squared: 0.5114543438, Validation R-squared: 0.4323743880
2023-11-22 08:52:43,470 - INFO - Epoch 39 : Training Loss: 5.3638710976, Validation Loss: 5.8268637657, Training R-squared: 0.5150022507, Validation R-squared: 0.4310906827
2023-11-22 08:53:00,040 - INFO - Epoch 40 : Training Loss: 5.3504829407, Validation Loss: 5.8320965767, Training R-squared: 0.5173342228, Validation R-squared: 0.4298324585
2023-11-22 08:53:16,584 - INFO - Epoch 41 : Training Loss: 5.3433122635, Validation Loss: 5.8508877754, Training R-squared: 0.5185392499, Validation R-squared: 0.4255085886
2023-11-22 08:53:32,862 - INFO - Epoch 42 : Training Loss: 5.3167920113, Validation Loss: 5.8229503632, Training R-squared: 0.5235179663, Validation R-squared: 0.4316513836
2023-11-22 08:53:50,428 - INFO - Epoch 43 : Training Loss: 5.3031530380, Validation Loss: 5.8335299492, Training R-squared: 0.5259575248, Validation R-squared: 0.4292243421
2023-11-22 08:54:07,259 - INFO - Epoch 44 : Training Loss: 5.2925772667, Validation Loss: 5.8258991241, Training R-squared: 0.5268151164, Validation R-squared: 0.4303043187
2023-11-22 08:54:23,772 - INFO - Epoch 45 : Training Loss: 5.2806339264, Validation Loss: 5.8188118935, Training R-squared: 0.5303472877, Validation R-squared: 0.4324013889
2023-11-22 08:54:40,147 - INFO - Epoch 46 : Training Loss: 5.2633266449, Validation Loss: 5.8439970016, Training R-squared: 0.5330809355, Validation R-squared: 0.4263676405
2023-11-22 08:54:56,241 - INFO - Epoch 47 : Training Loss: 5.2437405586, Validation Loss: 5.8241419792, Training R-squared: 0.5341541171, Validation R-squared: 0.4306928813
2023-11-22 08:55:12,441 - INFO - Epoch 48 : Training Loss: 5.2283158302, Validation Loss: 5.7986788750, Training R-squared: 0.5366328359, Validation R-squared: 0.4356732368
2023-11-22 08:55:28,755 - INFO - Epoch 49 : Training Loss: 5.2226853371, Validation Loss: 5.8089261055, Training R-squared: 0.5387097001, Validation R-squared: 0.4331809580
2023-11-22 08:55:45,248 - INFO - Epoch 50 : Training Loss: 5.2046046257, Validation Loss: 5.8919124603, Training R-squared: 0.5409566164, Validation R-squared: 0.4149614573
2023-11-22 08:56:01,305 - INFO - Epoch 51 : Training Loss: 5.1930727959, Validation Loss: 5.8355131149, Training R-squared: 0.5430772901, Validation R-squared: 0.4272135496
2023-11-22 08:56:17,840 - INFO - Epoch 52 : Training Loss: 5.1796360016, Validation Loss: 5.8277721405, Training R-squared: 0.5453559756, Validation R-squared: 0.4291186333
2023-11-22 08:56:33,992 - INFO - Epoch 53 : Training Loss: 5.1661710739, Validation Loss: 5.8259153366, Training R-squared: 0.5484958887, Validation R-squared: 0.4299149215
2023-11-22 08:56:52,490 - INFO - Model saved to models/portion_model/breakfast/512_512_200_64/sparsity_10_fold_3_model.keras
2023-11-22 08:56:57,348 - INFO - Avg Metrics: RMSE: 4.4276304295, R-squared: -0.8919299590, PCC: 0.6647142666
2023-11-22 08:56:57,349 - INFO - Agg Metrics: RMSE: 5.9996529945, R-squared: 0.4169582585, PCC: 0.6481073012
2023-11-22 08:57:03,456 - INFO - ================================================================== Fold 4 ===================================================================
2023-11-22 08:57:27,173 - INFO - Epoch 1  : Training Loss: 7.5019464493, Validation Loss: 7.0950255394, Training R-squared: 0.0693286210, Validation R-squared: 0.1031766385
2023-11-22 08:57:43,571 - INFO - Epoch 2  : Training Loss: 7.0893855095, Validation Loss: 6.7234997749, Training R-squared: 0.1671780795, Validation R-squared: 0.1940768212
2023-11-22 08:57:59,887 - INFO - Epoch 3  : Training Loss: 6.8384647369, Validation Loss: 6.4741754532, Training R-squared: 0.2275010645, Validation R-squared: 0.2527745962
2023-11-22 08:58:16,175 - INFO - Epoch 4  : Training Loss: 6.5796899796, Validation Loss: 6.1258397102, Training R-squared: 0.2841264904, Validation R-squared: 0.3315088451
2023-11-22 08:58:32,327 - INFO - Epoch 5  : Training Loss: 6.2558770180, Validation Loss: 6.0219531059, Training R-squared: 0.3540953994, Validation R-squared: 0.3535141349
2023-11-22 08:58:48,503 - INFO - Epoch 6  : Training Loss: 6.1893448830, Validation Loss: 6.0038528442, Training R-squared: 0.3672240973, Validation R-squared: 0.3565602303
2023-11-22 08:59:04,574 - INFO - Epoch 7  : Training Loss: 6.1472988129, Validation Loss: 5.9688639641, Training R-squared: 0.3746948242, Validation R-squared: 0.3648611903
2023-11-22 08:59:21,028 - INFO - Epoch 8  : Training Loss: 6.1188030243, Validation Loss: 5.9396514893, Training R-squared: 0.3817046285, Validation R-squared: 0.3708891273
2023-11-22 08:59:37,076 - INFO - Epoch 9  : Training Loss: 6.0704784393, Validation Loss: 5.9064445496, Training R-squared: 0.3923311234, Validation R-squared: 0.3779792786
2023-11-22 08:59:53,165 - INFO - Epoch 10 : Training Loss: 6.0313129425, Validation Loss: 5.8913569450, Training R-squared: 0.3996713459, Validation R-squared: 0.3815914392
2023-11-22 09:00:09,277 - INFO - Epoch 11 : Training Loss: 5.9976072311, Validation Loss: 5.8816981316, Training R-squared: 0.4064348936, Validation R-squared: 0.3832867742
2023-11-22 09:00:25,648 - INFO - Epoch 12 : Training Loss: 5.9782509804, Validation Loss: 5.8819241524, Training R-squared: 0.4096255302, Validation R-squared: 0.3829206228
2023-11-22 09:00:41,678 - INFO - Epoch 13 : Training Loss: 5.9507741928, Validation Loss: 5.8702049255, Training R-squared: 0.4134952426, Validation R-squared: 0.3856903017
2023-11-22 09:00:57,582 - INFO - Epoch 14 : Training Loss: 5.9259824753, Validation Loss: 5.8632249832, Training R-squared: 0.4192596376, Validation R-squared: 0.3875461817
2023-11-22 09:01:13,796 - INFO - Epoch 15 : Training Loss: 5.9007153511, Validation Loss: 5.8580985069, Training R-squared: 0.4247824550, Validation R-squared: 0.3879153132
2023-11-22 09:01:30,666 - INFO - Epoch 16 : Training Loss: 5.8762826920, Validation Loss: 5.8424181938, Training R-squared: 0.4296343327, Validation R-squared: 0.3917548656
2023-11-22 09:01:46,741 - INFO - Epoch 17 : Training Loss: 5.8494224548, Validation Loss: 5.8088097572, Training R-squared: 0.4343462288, Validation R-squared: 0.3988821208
2023-11-22 09:02:02,709 - INFO - Epoch 18 : Training Loss: 5.8126497269, Validation Loss: 5.7956452370, Training R-squared: 0.4418779910, Validation R-squared: 0.4016098082
2023-11-22 09:02:19,092 - INFO - Epoch 19 : Training Loss: 5.7767281532, Validation Loss: 5.7892155647, Training R-squared: 0.4485023916, Validation R-squared: 0.4023555219
2023-11-22 09:02:35,361 - INFO - Epoch 20 : Training Loss: 5.7484507561, Validation Loss: 5.7645993233, Training R-squared: 0.4526395500, Validation R-squared: 0.4080594480
2023-11-22 09:02:51,639 - INFO - Epoch 21 : Training Loss: 5.7206354141, Validation Loss: 5.7611098289, Training R-squared: 0.4588174224, Validation R-squared: 0.4080298245
2023-11-22 09:03:07,677 - INFO - Epoch 22 : Training Loss: 5.6986455917, Validation Loss: 5.7438273430, Training R-squared: 0.4630298615, Validation R-squared: 0.4120749235
2023-11-22 09:03:24,141 - INFO - Epoch 23 : Training Loss: 5.6677155495, Validation Loss: 5.7345070839, Training R-squared: 0.4693669975, Validation R-squared: 0.4140139222
2023-11-22 09:03:40,472 - INFO - Epoch 24 : Training Loss: 5.6532583237, Validation Loss: 5.7074332237, Training R-squared: 0.4711416066, Validation R-squared: 0.4202671945
2023-11-22 09:03:57,484 - INFO - Epoch 25 : Training Loss: 5.6246156693, Validation Loss: 5.7166280746, Training R-squared: 0.4760468304, Validation R-squared: 0.4175247550
2023-11-22 09:04:13,821 - INFO - Epoch 26 : Training Loss: 5.5900955200, Validation Loss: 5.6870694160, Training R-squared: 0.4816069901, Validation R-squared: 0.4238798916
2023-11-22 09:04:30,053 - INFO - Epoch 27 : Training Loss: 5.5738906860, Validation Loss: 5.6798582077, Training R-squared: 0.4858472943, Validation R-squared: 0.4257255495
2023-11-22 09:04:46,377 - INFO - Epoch 28 : Training Loss: 5.5553712845, Validation Loss: 5.6848530769, Training R-squared: 0.4887401164, Validation R-squared: 0.4244943857
2023-11-22 09:05:02,334 - INFO - Epoch 29 : Training Loss: 5.5432090759, Validation Loss: 5.6733484268, Training R-squared: 0.4907589555, Validation R-squared: 0.4269306660
2023-11-22 09:05:18,835 - INFO - Epoch 30 : Training Loss: 5.5203666687, Validation Loss: 5.6714911461, Training R-squared: 0.4942096770, Validation R-squared: 0.4273700416
2023-11-22 09:05:34,882 - INFO - Epoch 31 : Training Loss: 5.4998779297, Validation Loss: 5.6619362831, Training R-squared: 0.4982631207, Validation R-squared: 0.4292119741
2023-11-22 09:05:51,115 - INFO - Epoch 32 : Training Loss: 5.4871373177, Validation Loss: 5.6478762627, Training R-squared: 0.5009276867, Validation R-squared: 0.4324483275
2023-11-22 09:06:07,245 - INFO - Epoch 33 : Training Loss: 5.4701457024, Validation Loss: 5.6584777832, Training R-squared: 0.5037581921, Validation R-squared: 0.4300691187
2023-11-22 09:06:23,716 - INFO - Epoch 34 : Training Loss: 5.4495215416, Validation Loss: 5.6625175476, Training R-squared: 0.5060527325, Validation R-squared: 0.4291816354
2023-11-22 09:06:39,821 - INFO - Epoch 35 : Training Loss: 5.4274826050, Validation Loss: 5.6520466805, Training R-squared: 0.5104257464, Validation R-squared: 0.4309729934
2023-11-22 09:06:56,054 - INFO - Epoch 36 : Training Loss: 5.4180779457, Validation Loss: 5.6546983719, Training R-squared: 0.5122349262, Validation R-squared: 0.4303410053
2023-11-22 09:07:12,070 - INFO - Epoch 37 : Training Loss: 5.4074759483, Validation Loss: 5.6676998138, Training R-squared: 0.5140826106, Validation R-squared: 0.4275533259
2023-11-22 09:07:30,495 - INFO - Model saved to models/portion_model/breakfast/512_512_200_64/sparsity_10_fold_4_model.keras
2023-11-22 09:07:36,827 - INFO - Avg Metrics: RMSE: 4.4359715437, R-squared: 0.1022897827, PCC: 0.6376612769
2023-11-22 09:07:36,828 - INFO - Agg Metrics: RMSE: 5.7139727392, R-squared: 0.4267213953, PCC: 0.6537561774
2023-11-22 09:07:43,195 - INFO - ================================================================== Fold 5 ===================================================================
2023-11-22 09:08:06,228 - INFO - Epoch 1  : Training Loss: 7.3884835243, Validation Loss: 7.4626865387, Training R-squared: 0.0691671595, Validation R-squared: 0.1080609113
2023-11-22 09:08:22,561 - INFO - Epoch 2  : Training Loss: 6.9810156822, Validation Loss: 7.1025724411, Training R-squared: 0.1711154580, Validation R-squared: 0.1936931908
2023-11-22 09:08:38,605 - INFO - Epoch 3  : Training Loss: 6.7175421715, Validation Loss: 6.8335180283, Training R-squared: 0.2332248390, Validation R-squared: 0.2537412345
2023-11-22 09:08:54,556 - INFO - Epoch 4  : Training Loss: 6.3614997864, Validation Loss: 6.3867197037, Training R-squared: 0.3137533367, Validation R-squared: 0.3486568034
2023-11-22 09:09:10,623 - INFO - Epoch 5  : Training Loss: 6.1238975525, Validation Loss: 6.3419580460, Training R-squared: 0.3633050323, Validation R-squared: 0.3575985432
2023-11-22 09:09:27,038 - INFO - Epoch 6  : Training Loss: 6.0740671158, Validation Loss: 6.2988948822, Training R-squared: 0.3741445839, Validation R-squared: 0.3663550615
2023-11-22 09:09:43,014 - INFO - Epoch 7  : Training Loss: 6.0044436455, Validation Loss: 6.2481412888, Training R-squared: 0.3877333999, Validation R-squared: 0.3770076931
2023-11-22 09:09:58,929 - INFO - Epoch 8  : Training Loss: 5.9557771683, Validation Loss: 6.2420372963, Training R-squared: 0.3973095119, Validation R-squared: 0.3783237040
2023-11-22 09:10:14,942 - INFO - Epoch 9  : Training Loss: 5.9359188080, Validation Loss: 6.2382392883, Training R-squared: 0.4022467136, Validation R-squared: 0.3788380325
2023-11-22 09:10:31,718 - INFO - Epoch 10 : Training Loss: 5.9068951607, Validation Loss: 6.2374019623, Training R-squared: 0.4066062570, Validation R-squared: 0.3782599568
2023-11-22 09:10:47,803 - INFO - Epoch 11 : Training Loss: 5.9022121429, Validation Loss: 6.2297015190, Training R-squared: 0.4088642895, Validation R-squared: 0.3805501461
2023-11-22 09:11:03,750 - INFO - Epoch 12 : Training Loss: 5.8786268234, Validation Loss: 6.2342591286, Training R-squared: 0.4134640694, Validation R-squared: 0.3786899745
2023-11-22 09:11:20,112 - INFO - Epoch 13 : Training Loss: 5.8528566360, Validation Loss: 6.2218189240, Training R-squared: 0.4179067314, Validation R-squared: 0.3818584979
2023-11-22 09:11:36,466 - INFO - Epoch 14 : Training Loss: 5.8315277100, Validation Loss: 6.2000355721, Training R-squared: 0.4223252237, Validation R-squared: 0.3863869607
2023-11-22 09:11:52,492 - INFO - Epoch 15 : Training Loss: 5.8038048744, Validation Loss: 6.1826214790, Training R-squared: 0.4277810156, Validation R-squared: 0.3901533186
2023-11-22 09:12:08,432 - INFO - Epoch 16 : Training Loss: 5.7615041733, Validation Loss: 6.1510243416, Training R-squared: 0.4362298250, Validation R-squared: 0.3964485526
2023-11-22 09:12:25,077 - INFO - Epoch 17 : Training Loss: 5.7172074318, Validation Loss: 6.1344676018, Training R-squared: 0.4449684024, Validation R-squared: 0.4004999399
2023-11-22 09:12:42,267 - INFO - Epoch 18 : Training Loss: 5.6858296394, Validation Loss: 6.1463813782, Training R-squared: 0.4507116675, Validation R-squared: 0.3967206180
2023-11-22 09:12:58,248 - INFO - Epoch 19 : Training Loss: 5.6635107994, Validation Loss: 6.0994777679, Training R-squared: 0.4548157752, Validation R-squared: 0.4069224894
2023-11-22 09:13:14,410 - INFO - Epoch 20 : Training Loss: 5.6304559708, Validation Loss: 6.0891375542, Training R-squared: 0.4612429440, Validation R-squared: 0.4090723395
2023-11-22 09:13:30,802 - INFO - Epoch 21 : Training Loss: 5.6026978493, Validation Loss: 6.0665092468, Training R-squared: 0.4667515755, Validation R-squared: 0.4134687781
2023-11-22 09:13:47,511 - INFO - Epoch 22 : Training Loss: 5.5654306412, Validation Loss: 6.0373606682, Training R-squared: 0.4745032489, Validation R-squared: 0.4193132520
2023-11-22 09:14:04,137 - INFO - Epoch 23 : Training Loss: 5.5295782089, Validation Loss: 6.0298690796, Training R-squared: 0.4800558388, Validation R-squared: 0.4204434752
2023-11-22 09:14:20,266 - INFO - Epoch 24 : Training Loss: 5.5037326813, Validation Loss: 6.0141534805, Training R-squared: 0.4848153591, Validation R-squared: 0.4237295389
2023-11-22 09:14:36,440 - INFO - Epoch 25 : Training Loss: 5.4841403961, Validation Loss: 6.0098333359, Training R-squared: 0.4885765910, Validation R-squared: 0.4243022203
2023-11-22 09:14:52,578 - INFO - Epoch 26 : Training Loss: 5.4749760628, Validation Loss: 5.9890789986, Training R-squared: 0.4904901683, Validation R-squared: 0.4286493063
2023-11-22 09:15:08,468 - INFO - Epoch 27 : Training Loss: 5.4484062195, Validation Loss: 6.0157003403, Training R-squared: 0.4939138293, Validation R-squared: 0.4221190214
2023-11-22 09:15:25,584 - INFO - Epoch 28 : Training Loss: 5.4393773079, Validation Loss: 5.9940400124, Training R-squared: 0.4973210990, Validation R-squared: 0.4271300435
2023-11-22 09:15:42,662 - INFO - Epoch 29 : Training Loss: 5.4219560623, Validation Loss: 5.9874143600, Training R-squared: 0.4992323220, Validation R-squared: 0.4285711348
2023-11-22 09:15:59,029 - INFO - Epoch 30 : Training Loss: 5.4080319405, Validation Loss: 5.9824304581, Training R-squared: 0.5035773516, Validation R-squared: 0.4295698702
2023-11-22 09:16:15,204 - INFO - Epoch 31 : Training Loss: 5.3858580589, Validation Loss: 5.9822449684, Training R-squared: 0.5059681535, Validation R-squared: 0.4298906922
2023-11-22 09:16:31,779 - INFO - Epoch 32 : Training Loss: 5.3790154457, Validation Loss: 5.9951248169, Training R-squared: 0.5078473687, Validation R-squared: 0.4274438620
2023-11-22 09:16:47,939 - INFO - Epoch 33 : Training Loss: 5.3592720032, Validation Loss: 5.9879708290, Training R-squared: 0.5110744238, Validation R-squared: 0.4281195700
2023-11-22 09:17:04,006 - INFO - Epoch 34 : Training Loss: 5.3413901329, Validation Loss: 5.9909186363, Training R-squared: 0.5136430860, Validation R-squared: 0.4272176623
2023-11-22 09:17:20,560 - INFO - Epoch 35 : Training Loss: 5.3323717117, Validation Loss: 5.9805250168, Training R-squared: 0.5148165822, Validation R-squared: 0.4293466806
2023-11-22 09:17:36,967 - INFO - Epoch 36 : Training Loss: 5.3053336143, Validation Loss: 5.9621534348, Training R-squared: 0.5206750631, Validation R-squared: 0.4332591295
2023-11-22 09:17:53,407 - INFO - Epoch 37 : Training Loss: 5.3005504608, Validation Loss: 5.9676618576, Training R-squared: 0.5201305747, Validation R-squared: 0.4321521521
2023-11-22 09:18:09,426 - INFO - Epoch 38 : Training Loss: 5.2838025093, Validation Loss: 5.9565815926, Training R-squared: 0.5239828825, Validation R-squared: 0.4348224401
2023-11-22 09:18:26,107 - INFO - Epoch 39 : Training Loss: 5.2666316032, Validation Loss: 5.9583439827, Training R-squared: 0.5280584693, Validation R-squared: 0.4336859286
2023-11-22 09:18:42,460 - INFO - Epoch 40 : Training Loss: 5.2566361427, Validation Loss: 5.9580903053, Training R-squared: 0.5279387236, Validation R-squared: 0.4338993132
2023-11-22 09:18:58,500 - INFO - Epoch 41 : Training Loss: 5.2328214645, Validation Loss: 5.9555382729, Training R-squared: 0.5329406261, Validation R-squared: 0.4338970482
2023-11-22 09:19:14,545 - INFO - Epoch 42 : Training Loss: 5.2217602730, Validation Loss: 5.9428577423, Training R-squared: 0.5349787474, Validation R-squared: 0.4365316629
2023-11-22 09:19:30,998 - INFO - Epoch 43 : Training Loss: 5.2037992477, Validation Loss: 5.9668912888, Training R-squared: 0.5385062695, Validation R-squared: 0.4312003255
2023-11-22 09:19:47,458 - INFO - Epoch 44 : Training Loss: 5.1930146217, Validation Loss: 5.9738817215, Training R-squared: 0.5385828018, Validation R-squared: 0.4289947152
2023-11-22 09:20:03,464 - INFO - Epoch 45 : Training Loss: 5.1808390617, Validation Loss: 5.9574179649, Training R-squared: 0.5410896540, Validation R-squared: 0.4328978956
2023-11-22 09:20:19,628 - INFO - Epoch 46 : Training Loss: 5.1640105247, Validation Loss: 5.9445714951, Training R-squared: 0.5441341400, Validation R-squared: 0.4356845021
2023-11-22 09:20:35,838 - INFO - Epoch 47 : Training Loss: 5.1511259079, Validation Loss: 5.9235315323, Training R-squared: 0.5465838909, Validation R-squared: 0.4401817024
2023-11-22 09:20:52,171 - INFO - Epoch 48 : Training Loss: 5.1407833099, Validation Loss: 5.9355616570, Training R-squared: 0.5483393073, Validation R-squared: 0.4369333386
2023-11-22 09:21:08,243 - INFO - Epoch 49 : Training Loss: 5.1267380714, Validation Loss: 5.9492802620, Training R-squared: 0.5504803061, Validation R-squared: 0.4338724613
2023-11-22 09:21:24,747 - INFO - Epoch 50 : Training Loss: 5.1085886955, Validation Loss: 5.9567108154, Training R-squared: 0.5531949997, Validation R-squared: 0.4327993393
2023-11-22 09:21:41,015 - INFO - Epoch 51 : Training Loss: 5.0916776657, Validation Loss: 5.9197983742, Training R-squared: 0.5543053150, Validation R-squared: 0.4402607679
2023-11-22 09:21:57,416 - INFO - Epoch 52 : Training Loss: 5.0811462402, Validation Loss: 5.9239058495, Training R-squared: 0.5578309894, Validation R-squared: 0.4383357465
2023-11-22 09:22:13,542 - INFO - Epoch 53 : Training Loss: 5.0643415451, Validation Loss: 5.9423198700, Training R-squared: 0.5612906814, Validation R-squared: 0.4346348941
2023-11-22 09:22:29,829 - INFO - Epoch 54 : Training Loss: 5.0592417717, Validation Loss: 5.9226441383, Training R-squared: 0.5621595383, Validation R-squared: 0.4390915036
2023-11-22 09:22:46,210 - INFO - Epoch 55 : Training Loss: 5.0409054756, Validation Loss: 5.9185938835, Training R-squared: 0.5639988184, Validation R-squared: 0.4401556253
2023-11-22 09:23:02,790 - INFO - Epoch 56 : Training Loss: 5.0179829597, Validation Loss: 5.8927035332, Training R-squared: 0.5684795380, Validation R-squared: 0.4453210831
2023-11-22 09:23:19,674 - INFO - Epoch 57 : Training Loss: 5.0125269890, Validation Loss: 5.9361414909, Training R-squared: 0.5698127747, Validation R-squared: 0.4353777468
2023-11-22 09:23:36,028 - INFO - Epoch 58 : Training Loss: 4.9956784248, Validation Loss: 5.9211411476, Training R-squared: 0.5718964338, Validation R-squared: 0.4389611781
2023-11-22 09:23:53,504 - INFO - Epoch 59 : Training Loss: 4.9867300987, Validation Loss: 5.9659175873, Training R-squared: 0.5735322237, Validation R-squared: 0.4285286069
2023-11-22 09:24:09,949 - INFO - Epoch 60 : Training Loss: 4.9762964249, Validation Loss: 5.9460539818, Training R-squared: 0.5742455721, Validation R-squared: 0.4331098795
2023-11-22 09:24:26,422 - INFO - Epoch 61 : Training Loss: 4.9425988197, Validation Loss: 5.9174451828, Training R-squared: 0.5798143148, Validation R-squared: 0.4392947257
2023-11-22 09:24:44,783 - INFO - Model saved to models/portion_model/breakfast/512_512_200_64/sparsity_10_fold_5_model.keras
2023-11-22 09:24:50,162 - INFO - Avg Metrics: RMSE: 4.4074523785, R-squared: -1.6266535205, PCC: 0.6911019581
2023-11-22 09:24:50,163 - INFO - Agg Metrics: RMSE: 6.0766401920, R-squared: 0.4268851548, PCC: 0.6548982516
2023-11-22 09:25:08,682 - INFO - ================================================================== Results Summary ===================================================================
2023-11-22 09:25:08,682 - INFO - CrossVal Metrics (Avg.) - RMSE: 4.3787390469  0.0563769691, R2: -0.5104467166  0.0563769691, PCC: 0.6785714978  0.0563769691
2023-11-22 09:25:08,682 - INFO - Testing  Metrics (Avg.) - RMSE: 4.2403150362, R2: -0.1547692798, PCC: 0.6980863855
2023-11-22 09:25:08,683 - INFO - CrossVal Metrics (Agg.) - RMSE: 5.8920089413  0.0563769691, R2: 0.4326853552  0.0563769691, PCC: 0.6596778044  0.0563769691
2023-11-22 09:25:08,683 - INFO - Testing  Metrics (Agg.) - RMSE: 5.5023128251, R2: 0.4575027449, PCC: 0.6807411240
