2023-11-22 18:16:27,120 - INFO - Training model at 50% sparse columns removed...
2023-11-22 18:16:33,952 - INFO - ================================================================== Fold 1 ===================================================================
2023-11-22 18:16:48,621 - INFO - Epoch 1  : Training Loss: 9.8466777802, Validation Loss: 9.6791362762, Training R-squared: 0.0695045367, Validation R-squared: 0.0957392529
2023-11-22 18:16:58,783 - INFO - Epoch 2  : Training Loss: 9.3521947861, Validation Loss: 9.0521459579, Training R-squared: 0.1625157744, Validation R-squared: 0.2111421973
2023-11-22 18:17:08,126 - INFO - Epoch 3  : Training Loss: 8.7602748871, Validation Loss: 8.3578100204, Training R-squared: 0.2642467618, Validation R-squared: 0.3281939030
2023-11-22 18:17:17,894 - INFO - Epoch 4  : Training Loss: 8.1857805252, Validation Loss: 8.1563482285, Training R-squared: 0.3577679992, Validation R-squared: 0.3609282672
2023-11-22 18:17:27,499 - INFO - Epoch 5  : Training Loss: 8.0221672058, Validation Loss: 8.0637741089, Training R-squared: 0.3841609955, Validation R-squared: 0.3761816621
2023-11-22 18:17:36,836 - INFO - Epoch 6  : Training Loss: 7.9533081055, Validation Loss: 8.0390386581, Training R-squared: 0.3960550725, Validation R-squared: 0.3800493777
2023-11-22 18:17:46,042 - INFO - Epoch 7  : Training Loss: 7.8996987343, Validation Loss: 8.0275983810, Training R-squared: 0.4012778997, Validation R-squared: 0.3818234503
2023-11-22 18:17:55,279 - INFO - Epoch 8  : Training Loss: 7.8780884743, Validation Loss: 8.0198326111, Training R-squared: 0.4054787159, Validation R-squared: 0.3824932575
2023-11-22 18:18:04,679 - INFO - Epoch 9  : Training Loss: 7.8547863960, Validation Loss: 7.9982976913, Training R-squared: 0.4104406238, Validation R-squared: 0.3867439032
2023-11-22 18:18:14,036 - INFO - Epoch 10 : Training Loss: 7.8343858719, Validation Loss: 8.0021467209, Training R-squared: 0.4120267332, Validation R-squared: 0.3856273890
2023-11-22 18:18:23,568 - INFO - Epoch 11 : Training Loss: 7.7930359840, Validation Loss: 7.9760603905, Training R-squared: 0.4183854759, Validation R-squared: 0.3896923959
2023-11-22 18:18:32,697 - INFO - Epoch 12 : Training Loss: 7.7553572655, Validation Loss: 7.9340591431, Training R-squared: 0.4250544608, Validation R-squared: 0.3966555297
2023-11-22 18:18:41,979 - INFO - Epoch 13 : Training Loss: 7.6943111420, Validation Loss: 7.8968706131, Training R-squared: 0.4331194162, Validation R-squared: 0.4025326371
2023-11-22 18:18:51,241 - INFO - Epoch 14 : Training Loss: 7.6505818367, Validation Loss: 7.8640604019, Training R-squared: 0.4404581189, Validation R-squared: 0.4075827301
2023-11-22 18:19:00,595 - INFO - Epoch 15 : Training Loss: 7.6049537659, Validation Loss: 7.8447532654, Training R-squared: 0.4469401240, Validation R-squared: 0.4111710191
2023-11-22 18:19:09,865 - INFO - Epoch 16 : Training Loss: 7.5722084045, Validation Loss: 7.8082232475, Training R-squared: 0.4510374665, Validation R-squared: 0.4161432683
2023-11-22 18:19:19,384 - INFO - Epoch 17 : Training Loss: 7.5067734718, Validation Loss: 7.7840619087, Training R-squared: 0.4606833160, Validation R-squared: 0.4202705622
2023-11-22 18:19:28,671 - INFO - Epoch 18 : Training Loss: 7.4841732979, Validation Loss: 7.7594485283, Training R-squared: 0.4641604722, Validation R-squared: 0.4239773452
2023-11-22 18:19:37,911 - INFO - Epoch 19 : Training Loss: 7.4381780624, Validation Loss: 7.7331500053, Training R-squared: 0.4701489508, Validation R-squared: 0.4278782606
2023-11-22 18:19:47,377 - INFO - Epoch 20 : Training Loss: 7.3946924210, Validation Loss: 7.7217507362, Training R-squared: 0.4766382277, Validation R-squared: 0.4287558794
2023-11-22 18:19:56,587 - INFO - Epoch 21 : Training Loss: 7.3592615128, Validation Loss: 7.7071971893, Training R-squared: 0.4808896184, Validation R-squared: 0.4312672317
2023-11-22 18:20:05,805 - INFO - Epoch 22 : Training Loss: 7.3213005066, Validation Loss: 7.6737093925, Training R-squared: 0.4867860675, Validation R-squared: 0.4367273748
2023-11-22 18:20:15,183 - INFO - Epoch 23 : Training Loss: 7.2979903221, Validation Loss: 7.6769733429, Training R-squared: 0.4902940094, Validation R-squared: 0.4371809661
2023-11-22 18:20:24,829 - INFO - Epoch 24 : Training Loss: 7.2854242325, Validation Loss: 7.6672172546, Training R-squared: 0.4932616353, Validation R-squared: 0.4372097254
2023-11-22 18:20:34,175 - INFO - Epoch 25 : Training Loss: 7.2620201111, Validation Loss: 7.6455197334, Training R-squared: 0.4953914285, Validation R-squared: 0.4406730235
2023-11-22 18:20:43,274 - INFO - Epoch 26 : Training Loss: 7.2388434410, Validation Loss: 7.6510906219, Training R-squared: 0.4986326396, Validation R-squared: 0.4402661324
2023-11-22 18:20:52,549 - INFO - Epoch 27 : Training Loss: 7.2207422256, Validation Loss: 7.6437573433, Training R-squared: 0.5010874867, Validation R-squared: 0.4411134422
2023-11-22 18:21:01,709 - INFO - Epoch 28 : Training Loss: 7.2034749985, Validation Loss: 7.6389970779, Training R-squared: 0.5037012696, Validation R-squared: 0.4419927299
2023-11-22 18:21:10,848 - INFO - Epoch 29 : Training Loss: 7.1838026047, Validation Loss: 7.6358065605, Training R-squared: 0.5051696897, Validation R-squared: 0.4422861636
2023-11-22 18:21:21,031 - INFO - Epoch 30 : Training Loss: 7.1714859009, Validation Loss: 7.6199202538, Training R-squared: 0.5073667765, Validation R-squared: 0.4449612498
2023-11-22 18:21:30,494 - INFO - Epoch 31 : Training Loss: 7.1475629807, Validation Loss: 7.6197514534, Training R-squared: 0.5101770163, Validation R-squared: 0.4446453154
2023-11-22 18:21:39,809 - INFO - Epoch 32 : Training Loss: 7.1186089516, Validation Loss: 7.6150436401, Training R-squared: 0.5143976212, Validation R-squared: 0.4457142949
2023-11-22 18:21:49,127 - INFO - Epoch 33 : Training Loss: 7.1062283516, Validation Loss: 7.5970997810, Training R-squared: 0.5163486004, Validation R-squared: 0.4485754073
2023-11-22 18:21:58,240 - INFO - Epoch 34 : Training Loss: 7.0913982391, Validation Loss: 7.5852499008, Training R-squared: 0.5173584819, Validation R-squared: 0.4503175616
2023-11-22 18:22:07,571 - INFO - Epoch 35 : Training Loss: 7.0650787354, Validation Loss: 7.5685739517, Training R-squared: 0.5221387744, Validation R-squared: 0.4527182579
2023-11-22 18:22:17,006 - INFO - Epoch 36 : Training Loss: 7.0249128342, Validation Loss: 7.5696058273, Training R-squared: 0.5261273980, Validation R-squared: 0.4519834816
2023-11-22 18:22:26,310 - INFO - Epoch 37 : Training Loss: 7.0079932213, Validation Loss: 7.5462093353, Training R-squared: 0.5280713439, Validation R-squared: 0.4562733769
2023-11-22 18:22:35,575 - INFO - Epoch 38 : Training Loss: 6.9808435440, Validation Loss: 7.5467152596, Training R-squared: 0.5324488282, Validation R-squared: 0.4559665918
2023-11-22 18:22:44,989 - INFO - Epoch 39 : Training Loss: 6.9821214676, Validation Loss: 7.5521879196, Training R-squared: 0.5334827900, Validation R-squared: 0.4547277987
2023-11-22 18:22:54,331 - INFO - Epoch 40 : Training Loss: 6.9537186623, Validation Loss: 7.5365686417, Training R-squared: 0.5366204977, Validation R-squared: 0.4565184414
2023-11-22 18:23:03,467 - INFO - Epoch 41 : Training Loss: 6.9273238182, Validation Loss: 7.5128526688, Training R-squared: 0.5397896171, Validation R-squared: 0.4607511461
2023-11-22 18:23:12,858 - INFO - Epoch 42 : Training Loss: 6.9025497437, Validation Loss: 7.5158872604, Training R-squared: 0.5428453088, Validation R-squared: 0.4601500034
2023-11-22 18:23:22,685 - INFO - Epoch 43 : Training Loss: 6.8891038895, Validation Loss: 7.5080528259, Training R-squared: 0.5439947248, Validation R-squared: 0.4614438117
2023-11-22 18:23:32,034 - INFO - Epoch 44 : Training Loss: 6.8599696159, Validation Loss: 7.4982481003, Training R-squared: 0.5480672717, Validation R-squared: 0.4634692371
2023-11-22 18:23:41,273 - INFO - Epoch 45 : Training Loss: 6.8464360237, Validation Loss: 7.4744124413, Training R-squared: 0.5504733324, Validation R-squared: 0.4661526084
2023-11-22 18:23:51,937 - INFO - Epoch 46 : Training Loss: 6.8313078880, Validation Loss: 7.4766988754, Training R-squared: 0.5527700782, Validation R-squared: 0.4654795825
2023-11-22 18:24:01,673 - INFO - Epoch 47 : Training Loss: 6.8028802872, Validation Loss: 7.4730553627, Training R-squared: 0.5550287962, Validation R-squared: 0.4665671885
2023-11-22 18:24:11,006 - INFO - Epoch 48 : Training Loss: 6.7803392410, Validation Loss: 7.4593710899, Training R-squared: 0.5589142442, Validation R-squared: 0.4679604173
2023-11-22 18:24:20,604 - INFO - Epoch 49 : Training Loss: 6.7574467659, Validation Loss: 7.4661779404, Training R-squared: 0.5622233152, Validation R-squared: 0.4668748379
2023-11-22 18:24:30,080 - INFO - Epoch 50 : Training Loss: 6.7612309456, Validation Loss: 7.4554991722, Training R-squared: 0.5612953305, Validation R-squared: 0.4691814780
2023-11-22 18:24:39,519 - INFO - Epoch 51 : Training Loss: 6.7239003181, Validation Loss: 7.4732508659, Training R-squared: 0.5654785037, Validation R-squared: 0.4662070572
2023-11-22 18:24:48,811 - INFO - Epoch 52 : Training Loss: 6.7068376541, Validation Loss: 7.4257397652, Training R-squared: 0.5680139661, Validation R-squared: 0.4736195505
2023-11-22 18:24:58,060 - INFO - Epoch 53 : Training Loss: 6.6845679283, Validation Loss: 7.4798045158, Training R-squared: 0.5695402026, Validation R-squared: 0.4655770361
2023-11-22 18:25:07,373 - INFO - Epoch 54 : Training Loss: 6.6684312820, Validation Loss: 7.4212493896, Training R-squared: 0.5717868209, Validation R-squared: 0.4733308852
2023-11-22 18:25:17,085 - INFO - Epoch 55 : Training Loss: 6.6247668266, Validation Loss: 7.4415826797, Training R-squared: 0.5763970017, Validation R-squared: 0.4705831707
2023-11-22 18:25:26,469 - INFO - Epoch 56 : Training Loss: 6.6333332062, Validation Loss: 7.4215135574, Training R-squared: 0.5765186548, Validation R-squared: 0.4735445082
2023-11-22 18:25:35,951 - INFO - Epoch 57 : Training Loss: 6.6074709892, Validation Loss: 7.4263749123, Training R-squared: 0.5790833235, Validation R-squared: 0.4727134705
2023-11-22 18:25:45,328 - INFO - Epoch 58 : Training Loss: 6.5935168266, Validation Loss: 7.3892316818, Training R-squared: 0.5810138583, Validation R-squared: 0.4786573648
2023-11-22 18:25:54,707 - INFO - Epoch 59 : Training Loss: 6.5609035492, Validation Loss: 7.3920946121, Training R-squared: 0.5850707889, Validation R-squared: 0.4780513346
2023-11-22 18:26:03,899 - INFO - Epoch 60 : Training Loss: 6.5527572632, Validation Loss: 7.4169998169, Training R-squared: 0.5856532454, Validation R-squared: 0.4736469686
2023-11-22 18:26:13,185 - INFO - Epoch 61 : Training Loss: 6.5358843803, Validation Loss: 7.3966012001, Training R-squared: 0.5889040828, Validation R-squared: 0.4765090942
2023-11-22 18:26:23,029 - INFO - Epoch 62 : Training Loss: 6.5179328918, Validation Loss: 7.3788080215, Training R-squared: 0.5909464955, Validation R-squared: 0.4795008898
2023-11-22 18:26:32,434 - INFO - Epoch 63 : Training Loss: 6.4921288490, Validation Loss: 7.3626604080, Training R-squared: 0.5922769308, Validation R-squared: 0.4818598330
2023-11-22 18:26:41,642 - INFO - Epoch 64 : Training Loss: 6.4731254578, Validation Loss: 7.3895616531, Training R-squared: 0.5953717828, Validation R-squared: 0.4784624279
2023-11-22 18:26:50,930 - INFO - Epoch 65 : Training Loss: 6.4563565254, Validation Loss: 7.3890271187, Training R-squared: 0.5983033776, Validation R-squared: 0.4783611000
2023-11-22 18:27:00,241 - INFO - Epoch 66 : Training Loss: 6.4385328293, Validation Loss: 7.3803858757, Training R-squared: 0.5988451838, Validation R-squared: 0.4791674912
2023-11-22 18:27:09,658 - INFO - Epoch 67 : Training Loss: 6.4344158173, Validation Loss: 7.3810591698, Training R-squared: 0.6001992822, Validation R-squared: 0.4782700539
2023-11-22 18:27:19,123 - INFO - Epoch 68 : Training Loss: 6.4113574028, Validation Loss: 7.4217109680, Training R-squared: 0.6027731895, Validation R-squared: 0.4716379344
2023-11-22 18:27:33,860 - INFO - Model saved to models/portion_model/breakfast/512_512_200_64/sparsity_50_fold_1_model.keras
2023-11-22 18:27:40,707 - INFO - Avg Metrics: RMSE: 5.5861596231, R-squared: -0.2552408946, PCC: 0.7091144369
2023-11-22 18:27:40,707 - INFO - Agg Metrics: RMSE: 7.7483665604, R-squared: 0.4504208091, PCC: 0.6730718492
2023-11-22 18:27:46,653 - INFO - ================================================================== Fold 2 ===================================================================
2023-11-22 18:27:59,733 - INFO - Epoch 1  : Training Loss: 9.8416395187, Validation Loss: 9.7821340561, Training R-squared: 0.0693409666, Validation R-squared: 0.0913976580
2023-11-22 18:28:08,847 - INFO - Epoch 2  : Training Loss: 9.3280496597, Validation Loss: 9.1397008896, Training R-squared: 0.1648086756, Validation R-squared: 0.2080578357
2023-11-22 18:28:18,239 - INFO - Epoch 3  : Training Loss: 8.6357202530, Validation Loss: 8.3605546951, Training R-squared: 0.2841107547, Validation R-squared: 0.3384473622
2023-11-22 18:28:27,614 - INFO - Epoch 4  : Training Loss: 8.1804533005, Validation Loss: 8.1984329224, Training R-squared: 0.3582918346, Validation R-squared: 0.3642356992
2023-11-22 18:28:36,745 - INFO - Epoch 5  : Training Loss: 8.0377883911, Validation Loss: 8.0999174118, Training R-squared: 0.3806567788, Validation R-squared: 0.3791671097
2023-11-22 18:28:46,091 - INFO - Epoch 6  : Training Loss: 7.9716095924, Validation Loss: 8.0723972321, Training R-squared: 0.3913818002, Validation R-squared: 0.3837006390
2023-11-22 18:28:55,449 - INFO - Epoch 7  : Training Loss: 7.9225850105, Validation Loss: 8.0452737808, Training R-squared: 0.3988927007, Validation R-squared: 0.3878251016
2023-11-22 18:29:04,806 - INFO - Epoch 8  : Training Loss: 7.8970160484, Validation Loss: 8.0361547470, Training R-squared: 0.4034158289, Validation R-squared: 0.3892424405
2023-11-22 18:29:13,972 - INFO - Epoch 9  : Training Loss: 7.8617615700, Validation Loss: 8.0194997787, Training R-squared: 0.4085376263, Validation R-squared: 0.3917856514
2023-11-22 18:29:23,552 - INFO - Epoch 10 : Training Loss: 7.8242259026, Validation Loss: 8.0099468231, Training R-squared: 0.4134397209, Validation R-squared: 0.3934769630
2023-11-22 18:29:32,855 - INFO - Epoch 11 : Training Loss: 7.7911920547, Validation Loss: 8.0162887573, Training R-squared: 0.4163831770, Validation R-squared: 0.3919487596
2023-11-22 18:29:42,038 - INFO - Epoch 12 : Training Loss: 7.7750020027, Validation Loss: 7.9768590927, Training R-squared: 0.4212607741, Validation R-squared: 0.3984036446
2023-11-22 18:29:51,283 - INFO - Epoch 13 : Training Loss: 7.7287683487, Validation Loss: 7.9504776001, Training R-squared: 0.4272965789, Validation R-squared: 0.4025534987
2023-11-22 18:30:00,603 - INFO - Epoch 14 : Training Loss: 7.6878108978, Validation Loss: 7.9193415642, Training R-squared: 0.4348210990, Validation R-squared: 0.4070507288
2023-11-22 18:30:09,894 - INFO - Epoch 15 : Training Loss: 7.6293740273, Validation Loss: 7.8785071373, Training R-squared: 0.4428857267, Validation R-squared: 0.4130248725
2023-11-22 18:30:19,515 - INFO - Epoch 16 : Training Loss: 7.5736184120, Validation Loss: 7.8484926224, Training R-squared: 0.4502813518, Validation R-squared: 0.4177932143
2023-11-22 18:30:30,419 - INFO - Epoch 17 : Training Loss: 7.5365738869, Validation Loss: 7.8198232651, Training R-squared: 0.4551477730, Validation R-squared: 0.4226690829
2023-11-22 18:30:40,637 - INFO - Epoch 18 : Training Loss: 7.4884819984, Validation Loss: 7.7990727425, Training R-squared: 0.4642658234, Validation R-squared: 0.4256601632
2023-11-22 18:30:50,663 - INFO - Epoch 19 : Training Loss: 7.4400682449, Validation Loss: 7.7846555710, Training R-squared: 0.4687978327, Validation R-squared: 0.4269970953
2023-11-22 18:31:00,899 - INFO - Epoch 20 : Training Loss: 7.4167995453, Validation Loss: 7.7690896988, Training R-squared: 0.4717391133, Validation R-squared: 0.4296633005
2023-11-22 18:31:10,938 - INFO - Epoch 21 : Training Loss: 7.4007062912, Validation Loss: 7.7887392044, Training R-squared: 0.4767206311, Validation R-squared: 0.4268524051
2023-11-22 18:31:21,802 - INFO - Epoch 22 : Training Loss: 7.3593173027, Validation Loss: 7.7526888847, Training R-squared: 0.4803988934, Validation R-squared: 0.4322373867
2023-11-22 18:31:31,819 - INFO - Epoch 23 : Training Loss: 7.3363509178, Validation Loss: 7.7432961464, Training R-squared: 0.4843822420, Validation R-squared: 0.4336616993
2023-11-22 18:31:41,925 - INFO - Epoch 24 : Training Loss: 7.3206858635, Validation Loss: 7.7663717270, Training R-squared: 0.4861406982, Validation R-squared: 0.4297750294
2023-11-22 18:31:51,934 - INFO - Epoch 25 : Training Loss: 7.2967476845, Validation Loss: 7.7330517769, Training R-squared: 0.4901379943, Validation R-squared: 0.4354392290
2023-11-22 18:32:01,939 - INFO - Epoch 26 : Training Loss: 7.2710227966, Validation Loss: 7.7302966118, Training R-squared: 0.4940045476, Validation R-squared: 0.4355199039
2023-11-22 18:32:11,952 - INFO - Epoch 27 : Training Loss: 7.2434682846, Validation Loss: 7.7271647453, Training R-squared: 0.4970031381, Validation R-squared: 0.4360997081
2023-11-22 18:32:22,465 - INFO - Epoch 28 : Training Loss: 7.2225999832, Validation Loss: 7.7365031242, Training R-squared: 0.4982862175, Validation R-squared: 0.4342895150
2023-11-22 18:32:32,715 - INFO - Epoch 29 : Training Loss: 7.2095761299, Validation Loss: 7.7269144058, Training R-squared: 0.5019338131, Validation R-squared: 0.4360045791
2023-11-22 18:32:43,206 - INFO - Epoch 30 : Training Loss: 7.2021760941, Validation Loss: 7.7240514755, Training R-squared: 0.5025008321, Validation R-squared: 0.4366374314
2023-11-22 18:32:53,341 - INFO - Epoch 31 : Training Loss: 7.1727766991, Validation Loss: 7.7237110138, Training R-squared: 0.5066571832, Validation R-squared: 0.4364155829
2023-11-22 18:33:03,303 - INFO - Epoch 32 : Training Loss: 7.1563854218, Validation Loss: 7.7132539749, Training R-squared: 0.5094197989, Validation R-squared: 0.4380749166
2023-11-22 18:33:13,290 - INFO - Epoch 33 : Training Loss: 7.1399598122, Validation Loss: 7.7070765495, Training R-squared: 0.5112943649, Validation R-squared: 0.4394622743
2023-11-22 18:33:23,515 - INFO - Epoch 34 : Training Loss: 7.1113381386, Validation Loss: 7.6973795891, Training R-squared: 0.5151705742, Validation R-squared: 0.4405051172
2023-11-22 18:33:33,517 - INFO - Epoch 35 : Training Loss: 7.0793166161, Validation Loss: 7.6914334297, Training R-squared: 0.5195061564, Validation R-squared: 0.4411709607
2023-11-22 18:33:43,845 - INFO - Epoch 36 : Training Loss: 7.0602154732, Validation Loss: 7.6807680130, Training R-squared: 0.5213574767, Validation R-squared: 0.4433253109
2023-11-22 18:33:55,203 - INFO - Epoch 37 : Training Loss: 7.0378284454, Validation Loss: 7.6746573448, Training R-squared: 0.5244361758, Validation R-squared: 0.4435514510
2023-11-22 18:34:05,417 - INFO - Epoch 38 : Training Loss: 6.9956936836, Validation Loss: 7.6480784416, Training R-squared: 0.5293275714, Validation R-squared: 0.4475479722
2023-11-22 18:34:15,397 - INFO - Epoch 39 : Training Loss: 6.9773468971, Validation Loss: 7.6478829384, Training R-squared: 0.5323365927, Validation R-squared: 0.4478822649
2023-11-22 18:34:25,702 - INFO - Epoch 40 : Training Loss: 6.9568977356, Validation Loss: 7.6505002975, Training R-squared: 0.5351971984, Validation R-squared: 0.4471077919
2023-11-22 18:34:35,703 - INFO - Epoch 41 : Training Loss: 6.9408864975, Validation Loss: 7.6511011124, Training R-squared: 0.5363664031, Validation R-squared: 0.4470101893
2023-11-22 18:34:46,002 - INFO - Epoch 42 : Training Loss: 6.9147853851, Validation Loss: 7.6208281517, Training R-squared: 0.5397695303, Validation R-squared: 0.4518647492
2023-11-22 18:34:56,077 - INFO - Epoch 43 : Training Loss: 6.8898787498, Validation Loss: 7.6504993439, Training R-squared: 0.5430299640, Validation R-squared: 0.4470440149
2023-11-22 18:35:06,155 - INFO - Epoch 44 : Training Loss: 6.8802986145, Validation Loss: 7.6457028389, Training R-squared: 0.5458301902, Validation R-squared: 0.4476938546
2023-11-22 18:35:16,305 - INFO - Epoch 45 : Training Loss: 6.8520846367, Validation Loss: 7.6435608864, Training R-squared: 0.5477751493, Validation R-squared: 0.4480254650
2023-11-22 18:35:26,724 - INFO - Epoch 46 : Training Loss: 6.8339381218, Validation Loss: 7.6047368050, Training R-squared: 0.5520468354, Validation R-squared: 0.4539214671
2023-11-22 18:35:36,795 - INFO - Epoch 47 : Training Loss: 6.8083143234, Validation Loss: 7.6237549782, Training R-squared: 0.5540705323, Validation R-squared: 0.4507519007
2023-11-22 18:35:46,944 - INFO - Epoch 48 : Training Loss: 6.7843003273, Validation Loss: 7.6127367020, Training R-squared: 0.5590726137, Validation R-squared: 0.4527468383
2023-11-22 18:35:57,026 - INFO - Epoch 49 : Training Loss: 6.7699689865, Validation Loss: 7.6246795654, Training R-squared: 0.5596115589, Validation R-squared: 0.4508030415
2023-11-22 18:36:07,218 - INFO - Epoch 50 : Training Loss: 6.7580785751, Validation Loss: 7.5918865204, Training R-squared: 0.5611433983, Validation R-squared: 0.4557265937
2023-11-22 18:36:17,862 - INFO - Epoch 51 : Training Loss: 6.7232503891, Validation Loss: 7.5952939987, Training R-squared: 0.5651866794, Validation R-squared: 0.4548263848
2023-11-22 18:36:27,951 - INFO - Epoch 52 : Training Loss: 6.7196741104, Validation Loss: 7.5823760033, Training R-squared: 0.5661095977, Validation R-squared: 0.4568847418
2023-11-22 18:36:38,160 - INFO - Epoch 53 : Training Loss: 6.6904535294, Validation Loss: 7.5880646706, Training R-squared: 0.5692383647, Validation R-squared: 0.4561505020
2023-11-22 18:36:48,354 - INFO - Epoch 54 : Training Loss: 6.6681170464, Validation Loss: 7.5905361176, Training R-squared: 0.5709037185, Validation R-squared: 0.4554223120
2023-11-22 18:36:58,538 - INFO - Epoch 55 : Training Loss: 6.6520318985, Validation Loss: 7.5853090286, Training R-squared: 0.5734164715, Validation R-squared: 0.4565401673
2023-11-22 18:37:08,702 - INFO - Epoch 56 : Training Loss: 6.6465973854, Validation Loss: 7.5806164742, Training R-squared: 0.5742668509, Validation R-squared: 0.4568612576
2023-11-22 18:37:19,188 - INFO - Epoch 57 : Training Loss: 6.6206860542, Validation Loss: 7.5786690712, Training R-squared: 0.5766942501, Validation R-squared: 0.4571005404
2023-11-22 18:37:29,248 - INFO - Epoch 58 : Training Loss: 6.5986542702, Validation Loss: 7.5801935196, Training R-squared: 0.5798443556, Validation R-squared: 0.4570822716
2023-11-22 18:37:39,336 - INFO - Epoch 59 : Training Loss: 6.5796170235, Validation Loss: 7.5890808105, Training R-squared: 0.5830485225, Validation R-squared: 0.4557160735
2023-11-22 18:37:49,573 - INFO - Epoch 60 : Training Loss: 6.5673985481, Validation Loss: 7.5897126198, Training R-squared: 0.5834095478, Validation R-squared: 0.4548803866
2023-11-22 18:37:59,753 - INFO - Epoch 61 : Training Loss: 6.5389151573, Validation Loss: 7.5735239983, Training R-squared: 0.5854954123, Validation R-squared: 0.4577180445
2023-11-22 18:38:09,814 - INFO - Epoch 62 : Training Loss: 6.5332279205, Validation Loss: 7.6014547348, Training R-squared: 0.5888388753, Validation R-squared: 0.4527416825
2023-11-22 18:38:20,164 - INFO - Epoch 63 : Training Loss: 6.5049996376, Validation Loss: 7.5664901733, Training R-squared: 0.5909501314, Validation R-squared: 0.4582910836
2023-11-22 18:38:30,276 - INFO - Epoch 64 : Training Loss: 6.4996047020, Validation Loss: 7.5884494781, Training R-squared: 0.5923931599, Validation R-squared: 0.4550280571
2023-11-22 18:38:40,514 - INFO - Epoch 65 : Training Loss: 6.4760503769, Validation Loss: 7.6054239273, Training R-squared: 0.5948948264, Validation R-squared: 0.4523155689
2023-11-22 18:38:50,632 - INFO - Epoch 66 : Training Loss: 6.4646682739, Validation Loss: 7.5698871613, Training R-squared: 0.5962164402, Validation R-squared: 0.4575242698
2023-11-22 18:39:00,680 - INFO - Epoch 67 : Training Loss: 6.4502515793, Validation Loss: 7.5899786949, Training R-squared: 0.5976191163, Validation R-squared: 0.4543935955
2023-11-22 18:39:10,738 - INFO - Epoch 68 : Training Loss: 6.4443097115, Validation Loss: 7.5901479721, Training R-squared: 0.5987899899, Validation R-squared: 0.4543846250
2023-11-22 18:39:27,325 - INFO - Model saved to models/portion_model/breakfast/512_512_200_64/sparsity_50_fold_2_model.keras
2023-11-22 18:39:33,771 - INFO - Avg Metrics: RMSE: 5.6711622001, R-squared: 0.0131179793, PCC: 0.7126075344
2023-11-22 18:39:33,771 - INFO - Agg Metrics: RMSE: 7.7611696479, R-squared: 0.4428233530, PCC: 0.6686976904
2023-11-22 18:39:40,570 - INFO - ================================================================== Fold 3 ===================================================================
2023-11-22 18:39:55,336 - INFO - Epoch 1  : Training Loss: 9.8590869904, Validation Loss: 9.7029209137, Training R-squared: 0.0690443665, Validation R-squared: 0.0897144526
2023-11-22 18:40:05,336 - INFO - Epoch 2  : Training Loss: 9.3688011169, Validation Loss: 9.1041278839, Training R-squared: 0.1600768864, Validation R-squared: 0.1981173456
2023-11-22 18:40:15,427 - INFO - Epoch 3  : Training Loss: 8.7803478241, Validation Loss: 8.2877883911, Training R-squared: 0.2629961073, Validation R-squared: 0.3362843394
2023-11-22 18:40:25,877 - INFO - Epoch 4  : Training Loss: 8.1619215012, Validation Loss: 8.0770587921, Training R-squared: 0.3647088408, Validation R-squared: 0.3691694438
2023-11-22 18:40:35,890 - INFO - Epoch 5  : Training Loss: 8.0234031677, Validation Loss: 8.0004701614, Training R-squared: 0.3865097463, Validation R-squared: 0.3817794323
2023-11-22 18:40:45,984 - INFO - Epoch 6  : Training Loss: 7.9618811607, Validation Loss: 7.9772391319, Training R-squared: 0.3949341178, Validation R-squared: 0.3854968548
2023-11-22 18:40:55,969 - INFO - Epoch 7  : Training Loss: 7.9413080215, Validation Loss: 7.9672017097, Training R-squared: 0.3984531760, Validation R-squared: 0.3864945769
2023-11-22 18:41:06,046 - INFO - Epoch 8  : Training Loss: 7.9078130722, Validation Loss: 7.9501214027, Training R-squared: 0.4026196897, Validation R-squared: 0.3892424107
2023-11-22 18:41:16,027 - INFO - Epoch 9  : Training Loss: 7.8893127441, Validation Loss: 7.9466705322, Training R-squared: 0.4079727530, Validation R-squared: 0.3900391459
2023-11-22 18:41:26,583 - INFO - Epoch 10 : Training Loss: 7.8499102592, Validation Loss: 7.9181842804, Training R-squared: 0.4108791351, Validation R-squared: 0.3946224451
2023-11-22 18:41:36,516 - INFO - Epoch 11 : Training Loss: 7.8054046631, Validation Loss: 7.8857417107, Training R-squared: 0.4191017747, Validation R-squared: 0.3994866312
2023-11-22 18:41:46,597 - INFO - Epoch 12 : Training Loss: 7.7613420486, Validation Loss: 7.8759217262, Training R-squared: 0.4249212742, Validation R-squared: 0.4004694521
2023-11-22 18:41:56,715 - INFO - Epoch 13 : Training Loss: 7.7351431847, Validation Loss: 7.8467288017, Training R-squared: 0.4286351502, Validation R-squared: 0.4054343700
2023-11-22 18:42:06,845 - INFO - Epoch 14 : Training Loss: 7.7090182304, Validation Loss: 7.8302574158, Training R-squared: 0.4338342249, Validation R-squared: 0.4086138308
2023-11-22 18:42:17,069 - INFO - Epoch 15 : Training Loss: 7.6596207619, Validation Loss: 7.8249845505, Training R-squared: 0.4413062930, Validation R-squared: 0.4078258574
2023-11-22 18:42:27,100 - INFO - Epoch 16 : Training Loss: 7.6189646721, Validation Loss: 7.7701754570, Training R-squared: 0.4465863109, Validation R-squared: 0.4168525934
2023-11-22 18:42:37,078 - INFO - Epoch 17 : Training Loss: 7.5710611343, Validation Loss: 7.7309713364, Training R-squared: 0.4537058473, Validation R-squared: 0.4233422279
2023-11-22 18:42:47,269 - INFO - Epoch 18 : Training Loss: 7.5412445068, Validation Loss: 7.7105627060, Training R-squared: 0.4585554302, Validation R-squared: 0.4263167977
2023-11-22 18:42:57,253 - INFO - Epoch 19 : Training Loss: 7.4871416092, Validation Loss: 7.6894264221, Training R-squared: 0.4646109641, Validation R-squared: 0.4294179380
2023-11-22 18:43:07,439 - INFO - Epoch 20 : Training Loss: 7.4591870308, Validation Loss: 7.6656079292, Training R-squared: 0.4694038630, Validation R-squared: 0.4327211976
2023-11-22 18:43:17,736 - INFO - Epoch 21 : Training Loss: 7.4173555374, Validation Loss: 7.6397914886, Training R-squared: 0.4755401015, Validation R-squared: 0.4366217852
2023-11-22 18:43:27,826 - INFO - Epoch 22 : Training Loss: 7.3753776550, Validation Loss: 7.6238241196, Training R-squared: 0.4812831581, Validation R-squared: 0.4388043582
2023-11-22 18:43:37,907 - INFO - Epoch 23 : Training Loss: 7.3565621376, Validation Loss: 7.6144299507, Training R-squared: 0.4852462411, Validation R-squared: 0.4412880540
2023-11-22 18:43:48,577 - INFO - Epoch 24 : Training Loss: 7.3198375702, Validation Loss: 7.5871238708, Training R-squared: 0.4888733327, Validation R-squared: 0.4443238676
2023-11-22 18:43:59,499 - INFO - Epoch 25 : Training Loss: 7.2935771942, Validation Loss: 7.5883007050, Training R-squared: 0.4922817647, Validation R-squared: 0.4436930716
2023-11-22 18:44:09,527 - INFO - Epoch 26 : Training Loss: 7.2585601807, Validation Loss: 7.5634579659, Training R-squared: 0.4975154102, Validation R-squared: 0.4477458298
2023-11-22 18:44:19,900 - INFO - Epoch 27 : Training Loss: 7.2528815269, Validation Loss: 7.5573029518, Training R-squared: 0.4987299144, Validation R-squared: 0.4486069977
2023-11-22 18:44:29,883 - INFO - Epoch 28 : Training Loss: 7.2159290314, Validation Loss: 7.5772666931, Training R-squared: 0.5044437051, Validation R-squared: 0.4450591803
2023-11-22 18:44:40,011 - INFO - Epoch 29 : Training Loss: 7.1959009171, Validation Loss: 7.5649485588, Training R-squared: 0.5049846768, Validation R-squared: 0.4471966624
2023-11-22 18:44:50,173 - INFO - Epoch 30 : Training Loss: 7.1779460907, Validation Loss: 7.5499167442, Training R-squared: 0.5083882809, Validation R-squared: 0.4493689835
2023-11-22 18:45:00,365 - INFO - Epoch 31 : Training Loss: 7.1583218575, Validation Loss: 7.5436015129, Training R-squared: 0.5114291310, Validation R-squared: 0.4499958456
2023-11-22 18:45:10,491 - INFO - Epoch 32 : Training Loss: 7.1355299950, Validation Loss: 7.5395803452, Training R-squared: 0.5143103600, Validation R-squared: 0.4511485696
2023-11-22 18:45:20,981 - INFO - Epoch 33 : Training Loss: 7.1231470108, Validation Loss: 7.5130062103, Training R-squared: 0.5157083273, Validation R-squared: 0.4553587139
2023-11-22 18:45:31,033 - INFO - Epoch 34 : Training Loss: 7.0883903503, Validation Loss: 7.5236244202, Training R-squared: 0.5198091269, Validation R-squared: 0.4529727101
2023-11-22 18:45:41,110 - INFO - Epoch 35 : Training Loss: 7.0512390137, Validation Loss: 7.4933052063, Training R-squared: 0.5240691304, Validation R-squared: 0.4579583108
2023-11-22 18:45:51,464 - INFO - Epoch 36 : Training Loss: 7.0371732712, Validation Loss: 7.5017042160, Training R-squared: 0.5269832015, Validation R-squared: 0.4565811455
2023-11-22 18:46:01,500 - INFO - Epoch 37 : Training Loss: 7.0115737915, Validation Loss: 7.5033688545, Training R-squared: 0.5301241279, Validation R-squared: 0.4559865296
2023-11-22 18:46:11,684 - INFO - Epoch 38 : Training Loss: 6.9939508438, Validation Loss: 7.4656772614, Training R-squared: 0.5318849683, Validation R-squared: 0.4620133340
2023-11-22 18:46:21,995 - INFO - Epoch 39 : Training Loss: 6.9752736092, Validation Loss: 7.4528856277, Training R-squared: 0.5340950489, Validation R-squared: 0.4638721943
2023-11-22 18:46:32,013 - INFO - Epoch 40 : Training Loss: 6.9543094635, Validation Loss: 7.4518480301, Training R-squared: 0.5376040339, Validation R-squared: 0.4635854661
2023-11-22 18:46:42,222 - INFO - Epoch 41 : Training Loss: 6.9321937561, Validation Loss: 7.4515748024, Training R-squared: 0.5407018065, Validation R-squared: 0.4632406831
2023-11-22 18:46:52,420 - INFO - Epoch 42 : Training Loss: 6.9041523933, Validation Loss: 7.4321398735, Training R-squared: 0.5448128581, Validation R-squared: 0.4667966366
2023-11-22 18:47:02,485 - INFO - Epoch 43 : Training Loss: 6.8843636513, Validation Loss: 7.4586486816, Training R-squared: 0.5453422070, Validation R-squared: 0.4617249668
2023-11-22 18:47:12,549 - INFO - Epoch 44 : Training Loss: 6.8684515953, Validation Loss: 7.3976168633, Training R-squared: 0.5495787859, Validation R-squared: 0.4712296128
2023-11-22 18:47:23,098 - INFO - Epoch 45 : Training Loss: 6.8453083038, Validation Loss: 7.4003047943, Training R-squared: 0.5513009429, Validation R-squared: 0.4714293778
2023-11-22 18:47:33,402 - INFO - Epoch 46 : Training Loss: 6.8194427490, Validation Loss: 7.3937859535, Training R-squared: 0.5548229218, Validation R-squared: 0.4716376960
2023-11-22 18:47:43,494 - INFO - Epoch 47 : Training Loss: 6.7971630096, Validation Loss: 7.3992824554, Training R-squared: 0.5584918857, Validation R-squared: 0.4706488550
2023-11-22 18:47:53,731 - INFO - Epoch 48 : Training Loss: 6.7720170021, Validation Loss: 7.3811626434, Training R-squared: 0.5602055192, Validation R-squared: 0.4734913707
2023-11-22 18:48:03,813 - INFO - Epoch 49 : Training Loss: 6.7517509460, Validation Loss: 7.3704714775, Training R-squared: 0.5616074800, Validation R-squared: 0.4751226902
2023-11-22 18:48:14,027 - INFO - Epoch 50 : Training Loss: 6.7359533310, Validation Loss: 7.3760910034, Training R-squared: 0.5649223924, Validation R-squared: 0.4741218686
2023-11-22 18:48:25,289 - INFO - Epoch 51 : Training Loss: 6.7150106430, Validation Loss: 7.3722615242, Training R-squared: 0.5676477551, Validation R-squared: 0.4744280875
2023-11-22 18:48:35,232 - INFO - Epoch 52 : Training Loss: 6.7002582550, Validation Loss: 7.3621158600, Training R-squared: 0.5695064068, Validation R-squared: 0.4758433402
2023-11-22 18:48:45,318 - INFO - Epoch 53 : Training Loss: 6.6828293800, Validation Loss: 7.3540201187, Training R-squared: 0.5698718429, Validation R-squared: 0.4774725437
2023-11-22 18:48:55,480 - INFO - Epoch 54 : Training Loss: 6.6607899666, Validation Loss: 7.3627791405, Training R-squared: 0.5738964677, Validation R-squared: 0.4754666388
2023-11-22 18:49:05,512 - INFO - Epoch 55 : Training Loss: 6.6506528854, Validation Loss: 7.3626556396, Training R-squared: 0.5760766864, Validation R-squared: 0.4755712748
2023-11-22 18:49:15,562 - INFO - Epoch 56 : Training Loss: 6.6182055473, Validation Loss: 7.3811326027, Training R-squared: 0.5789141655, Validation R-squared: 0.4724074900
2023-11-22 18:49:25,867 - INFO - Epoch 57 : Training Loss: 6.6155848503, Validation Loss: 7.3680729866, Training R-squared: 0.5794011950, Validation R-squared: 0.4740725160
2023-11-22 18:49:36,116 - INFO - Epoch 58 : Training Loss: 6.5973730087, Validation Loss: 7.3592305183, Training R-squared: 0.5805657506, Validation R-squared: 0.4754414260
2023-11-22 18:49:52,687 - INFO - Model saved to models/portion_model/breakfast/512_512_200_64/sparsity_50_fold_3_model.keras
2023-11-22 18:49:59,200 - INFO - Avg Metrics: RMSE: 5.6676714138, R-squared: 0.1055937015, PCC: 0.7090100272
2023-11-22 18:49:59,201 - INFO - Agg Metrics: RMSE: 7.4932976158, R-squared: 0.4683368390, PCC: 0.6850798462
2023-11-22 18:50:06,037 - INFO - ================================================================== Fold 4 ===================================================================
2023-11-22 18:50:21,119 - INFO - Epoch 1  : Training Loss: 9.9213800430, Validation Loss: 9.4756689072, Training R-squared: 0.0689558238, Validation R-squared: 0.0935140178
2023-11-22 18:50:31,121 - INFO - Epoch 2  : Training Loss: 9.4200601578, Validation Loss: 8.8791418076, Training R-squared: 0.1597302705, Validation R-squared: 0.2039157152
2023-11-22 18:50:41,190 - INFO - Epoch 3  : Training Loss: 8.8680753708, Validation Loss: 8.0553712845, Training R-squared: 0.2587246597, Validation R-squared: 0.3442085385
2023-11-22 18:50:51,286 - INFO - Epoch 4  : Training Loss: 8.2712287903, Validation Loss: 7.8782067299, Training R-squared: 0.3560086191, Validation R-squared: 0.3723176420
2023-11-22 18:51:01,297 - INFO - Epoch 5  : Training Loss: 8.1413326263, Validation Loss: 7.7754206657, Training R-squared: 0.3756840229, Validation R-squared: 0.3889043033
2023-11-22 18:51:11,272 - INFO - Epoch 6  : Training Loss: 8.0574007034, Validation Loss: 7.7389721870, Training R-squared: 0.3885695338, Validation R-squared: 0.3945118189
2023-11-22 18:51:21,651 - INFO - Epoch 7  : Training Loss: 8.0018177032, Validation Loss: 7.7275586128, Training R-squared: 0.3967825174, Validation R-squared: 0.3960778415
2023-11-22 18:51:31,568 - INFO - Epoch 8  : Training Loss: 7.9744715691, Validation Loss: 7.7103190422, Training R-squared: 0.4004178345, Validation R-squared: 0.3989632130
2023-11-22 18:51:41,631 - INFO - Epoch 9  : Training Loss: 7.9355182648, Validation Loss: 7.6918587685, Training R-squared: 0.4055940211, Validation R-squared: 0.4023483396
2023-11-22 18:51:51,764 - INFO - Epoch 10 : Training Loss: 7.9326705933, Validation Loss: 7.6844816208, Training R-squared: 0.4077574909, Validation R-squared: 0.4031720161
2023-11-22 18:52:02,126 - INFO - Epoch 11 : Training Loss: 7.8894672394, Validation Loss: 7.6696543694, Training R-squared: 0.4125946760, Validation R-squared: 0.4055733383
2023-11-22 18:52:12,035 - INFO - Epoch 12 : Training Loss: 7.8532109261, Validation Loss: 7.6464514732, Training R-squared: 0.4179443121, Validation R-squared: 0.4094233513
2023-11-22 18:52:22,270 - INFO - Epoch 13 : Training Loss: 7.8310508728, Validation Loss: 7.6292128563, Training R-squared: 0.4230630994, Validation R-squared: 0.4118831158
2023-11-22 18:52:32,219 - INFO - Epoch 14 : Training Loss: 7.7488446236, Validation Loss: 7.5644321442, Training R-squared: 0.4323461354, Validation R-squared: 0.4223545194
2023-11-22 18:52:42,230 - INFO - Epoch 15 : Training Loss: 7.6976604462, Validation Loss: 7.5360612869, Training R-squared: 0.4415802360, Validation R-squared: 0.4265463352
2023-11-22 18:52:52,232 - INFO - Epoch 16 : Training Loss: 7.6582174301, Validation Loss: 7.5054044724, Training R-squared: 0.4464517534, Validation R-squared: 0.4311200678
2023-11-22 18:53:02,373 - INFO - Epoch 17 : Training Loss: 7.6107029915, Validation Loss: 7.4748563766, Training R-squared: 0.4557895064, Validation R-squared: 0.4359070659
2023-11-22 18:53:12,418 - INFO - Epoch 18 : Training Loss: 7.5666718483, Validation Loss: 7.4562616348, Training R-squared: 0.4597288966, Validation R-squared: 0.4386470914
2023-11-22 18:53:22,784 - INFO - Epoch 19 : Training Loss: 7.5444011688, Validation Loss: 7.4563369751, Training R-squared: 0.4642739594, Validation R-squared: 0.4383652806
2023-11-22 18:53:32,807 - INFO - Epoch 20 : Training Loss: 7.5009846687, Validation Loss: 7.4253621101, Training R-squared: 0.4704509079, Validation R-squared: 0.4433718622
2023-11-22 18:53:42,864 - INFO - Epoch 21 : Training Loss: 7.4699058533, Validation Loss: 7.4274020195, Training R-squared: 0.4745710790, Validation R-squared: 0.4427788556
2023-11-22 18:53:54,700 - INFO - Epoch 22 : Training Loss: 7.4309458733, Validation Loss: 7.4129581451, Training R-squared: 0.4789586067, Validation R-squared: 0.4452893436
2023-11-22 18:54:05,084 - INFO - Epoch 23 : Training Loss: 7.4130549431, Validation Loss: 7.3977355957, Training R-squared: 0.4831166565, Validation R-squared: 0.4475780129
2023-11-22 18:54:15,094 - INFO - Epoch 24 : Training Loss: 7.3845973015, Validation Loss: 7.3874320984, Training R-squared: 0.4859433472, Validation R-squared: 0.4492318332
2023-11-22 18:54:25,557 - INFO - Epoch 25 : Training Loss: 7.3655991554, Validation Loss: 7.3862304688, Training R-squared: 0.4881713092, Validation R-squared: 0.4495025873
2023-11-22 18:54:35,548 - INFO - Epoch 26 : Training Loss: 7.3543562889, Validation Loss: 7.4094891548, Training R-squared: 0.4901754260, Validation R-squared: 0.4452286661
2023-11-22 18:54:45,625 - INFO - Epoch 27 : Training Loss: 7.3264799118, Validation Loss: 7.3906254768, Training R-squared: 0.4933143854, Validation R-squared: 0.4485392272
2023-11-22 18:54:55,651 - INFO - Epoch 28 : Training Loss: 7.3140525818, Validation Loss: 7.3970770836, Training R-squared: 0.4959567785, Validation R-squared: 0.4472758174
2023-11-22 18:55:05,700 - INFO - Epoch 29 : Training Loss: 7.2949309349, Validation Loss: 7.3909530640, Training R-squared: 0.4978184700, Validation R-squared: 0.4481509924
2023-11-22 18:55:15,751 - INFO - Epoch 30 : Training Loss: 7.2658228874, Validation Loss: 7.3875632286, Training R-squared: 0.5010879636, Validation R-squared: 0.4487757683
2023-11-22 18:55:32,482 - INFO - Model saved to models/portion_model/breakfast/512_512_200_64/sparsity_50_fold_4_model.keras
2023-11-22 18:55:37,868 - INFO - Avg Metrics: RMSE: 5.8262669989, R-squared: -0.4429643655, PCC: 0.6475903777
2023-11-22 18:55:37,868 - INFO - Agg Metrics: RMSE: 7.4621276397, R-squared: 0.4440527046, PCC: 0.6664258062
2023-11-22 18:55:44,825 - INFO - ================================================================== Fold 5 ===================================================================
2023-11-22 18:55:59,470 - INFO - Epoch 1  : Training Loss: 9.7896451950, Validation Loss: 9.9716176987, Training R-squared: 0.0702271238, Validation R-squared: 0.0953315943
2023-11-22 18:56:09,547 - INFO - Epoch 2  : Training Loss: 9.2682514191, Validation Loss: 9.3622579575, Training R-squared: 0.1670783311, Validation R-squared: 0.2039719075
2023-11-22 18:56:19,747 - INFO - Epoch 3  : Training Loss: 8.6425151825, Validation Loss: 8.5193367004, Training R-squared: 0.2747837305, Validation R-squared: 0.3419358730
2023-11-22 18:56:29,674 - INFO - Epoch 4  : Training Loss: 8.1637048721, Validation Loss: 8.3702230453, Training R-squared: 0.3538729846, Validation R-squared: 0.3652105033
2023-11-22 18:56:39,685 - INFO - Epoch 5  : Training Loss: 8.0568599701, Validation Loss: 8.3070554733, Training R-squared: 0.3717661500, Validation R-squared: 0.3754598498
2023-11-22 18:56:49,652 - INFO - Epoch 6  : Training Loss: 7.9290490150, Validation Loss: 8.2238225937, Training R-squared: 0.3892580867, Validation R-squared: 0.3876173496
2023-11-22 18:56:59,793 - INFO - Epoch 7  : Training Loss: 7.8950538635, Validation Loss: 8.2010822296, Training R-squared: 0.3960255980, Validation R-squared: 0.3916379511
2023-11-22 18:57:10,066 - INFO - Epoch 8  : Training Loss: 7.8658905029, Validation Loss: 8.1848812103, Training R-squared: 0.3998979032, Validation R-squared: 0.3937793374
2023-11-22 18:57:20,429 - INFO - Epoch 9  : Training Loss: 7.8392963409, Validation Loss: 8.1883182526, Training R-squared: 0.4045220017, Validation R-squared: 0.3930465281
2023-11-22 18:57:30,413 - INFO - Epoch 10 : Training Loss: 7.8038358688, Validation Loss: 8.1792936325, Training R-squared: 0.4086346328, Validation R-squared: 0.3955513239
2023-11-22 18:57:40,597 - INFO - Epoch 11 : Training Loss: 7.7900490761, Validation Loss: 8.1457633972, Training R-squared: 0.4133802652, Validation R-squared: 0.4003420472
2023-11-22 18:57:50,677 - INFO - Epoch 12 : Training Loss: 7.7332940102, Validation Loss: 8.1196250916, Training R-squared: 0.4202412665, Validation R-squared: 0.4040773511
2023-11-22 18:58:00,786 - INFO - Epoch 13 : Training Loss: 7.7036390305, Validation Loss: 8.0948400497, Training R-squared: 0.4258650243, Validation R-squared: 0.4078046679
2023-11-22 18:58:10,831 - INFO - Epoch 14 : Training Loss: 7.6474647522, Validation Loss: 8.0746479034, Training R-squared: 0.4316261709, Validation R-squared: 0.4114937484
2023-11-22 18:58:21,205 - INFO - Epoch 15 : Training Loss: 7.6047558784, Validation Loss: 8.0429573059, Training R-squared: 0.4396396577, Validation R-squared: 0.4157700837
2023-11-22 18:58:31,225 - INFO - Epoch 16 : Training Loss: 7.5624876022, Validation Loss: 7.9967103004, Training R-squared: 0.4466350973, Validation R-squared: 0.4224142730
2023-11-22 18:58:41,277 - INFO - Epoch 17 : Training Loss: 7.4972200394, Validation Loss: 7.9930982590, Training R-squared: 0.4549165964, Validation R-squared: 0.4244008064
2023-11-22 18:58:51,197 - INFO - Epoch 18 : Training Loss: 7.4670886993, Validation Loss: 7.9633822441, Training R-squared: 0.4591770470, Validation R-squared: 0.4285600483
2023-11-22 18:59:01,322 - INFO - Epoch 19 : Training Loss: 7.4399008751, Validation Loss: 7.9498925209, Training R-squared: 0.4645983875, Validation R-squared: 0.4298108220
2023-11-22 18:59:11,264 - INFO - Epoch 20 : Training Loss: 7.4006652832, Validation Loss: 7.9348926544, Training R-squared: 0.4689716101, Validation R-squared: 0.4332065880
2023-11-22 18:59:22,074 - INFO - Epoch 21 : Training Loss: 7.3631529808, Validation Loss: 7.9057703018, Training R-squared: 0.4745131731, Validation R-squared: 0.4369822145
2023-11-22 18:59:32,210 - INFO - Epoch 22 : Training Loss: 7.3319807053, Validation Loss: 7.8820734024, Training R-squared: 0.4796278477, Validation R-squared: 0.4397319853
2023-11-22 18:59:42,374 - INFO - Epoch 23 : Training Loss: 7.3032369614, Validation Loss: 7.8682498932, Training R-squared: 0.4835637510, Validation R-squared: 0.4422552884
2023-11-22 18:59:52,577 - INFO - Epoch 24 : Training Loss: 7.2776279449, Validation Loss: 7.8549590111, Training R-squared: 0.4866564572, Validation R-squared: 0.4439697564
2023-11-22 19:00:02,665 - INFO - Epoch 25 : Training Loss: 7.2502508163, Validation Loss: 7.8470826149, Training R-squared: 0.4914753437, Validation R-squared: 0.4451857507
2023-11-22 19:00:12,682 - INFO - Epoch 26 : Training Loss: 7.2222399712, Validation Loss: 7.8503003120, Training R-squared: 0.4942810833, Validation R-squared: 0.4440350831
2023-11-22 19:00:23,071 - INFO - Epoch 27 : Training Loss: 7.2133994102, Validation Loss: 7.8442769051, Training R-squared: 0.4962768853, Validation R-squared: 0.4457144439
2023-11-22 19:00:33,059 - INFO - Epoch 28 : Training Loss: 7.1907930374, Validation Loss: 7.8452401161, Training R-squared: 0.4988924563, Validation R-squared: 0.4450678825
2023-11-22 19:00:43,071 - INFO - Epoch 29 : Training Loss: 7.1709833145, Validation Loss: 7.8451633453, Training R-squared: 0.5012151599, Validation R-squared: 0.4448786676
2023-11-22 19:00:53,106 - INFO - Epoch 30 : Training Loss: 7.1521267891, Validation Loss: 7.8481421471, Training R-squared: 0.5041112900, Validation R-squared: 0.4441673756
2023-11-22 19:01:03,131 - INFO - Epoch 31 : Training Loss: 7.1451129913, Validation Loss: 7.8430509567, Training R-squared: 0.5049346685, Validation R-squared: 0.4455426037
2023-11-22 19:01:13,114 - INFO - Epoch 32 : Training Loss: 7.1181063652, Validation Loss: 7.8272442818, Training R-squared: 0.5089800954, Validation R-squared: 0.4478128254
2023-11-22 19:01:23,465 - INFO - Epoch 33 : Training Loss: 7.1089448929, Validation Loss: 7.8285613060, Training R-squared: 0.5109766722, Validation R-squared: 0.4481048286
2023-11-22 19:01:33,445 - INFO - Epoch 34 : Training Loss: 7.0952358246, Validation Loss: 7.8454380035, Training R-squared: 0.5116131902, Validation R-squared: 0.4448123276
2023-11-22 19:01:43,461 - INFO - Epoch 35 : Training Loss: 7.0780358315, Validation Loss: 7.8251676559, Training R-squared: 0.5141028166, Validation R-squared: 0.4483565986
2023-11-22 19:01:53,525 - INFO - Epoch 36 : Training Loss: 7.0473036766, Validation Loss: 7.8210101128, Training R-squared: 0.5176076889, Validation R-squared: 0.4491037428
2023-11-22 19:02:03,583 - INFO - Epoch 37 : Training Loss: 7.0261540413, Validation Loss: 7.8169417381, Training R-squared: 0.5207537413, Validation R-squared: 0.4489212334
2023-11-22 19:02:13,617 - INFO - Epoch 38 : Training Loss: 7.0045108795, Validation Loss: 7.7974438667, Training R-squared: 0.5239909887, Validation R-squared: 0.4527515471
2023-11-22 19:02:23,836 - INFO - Epoch 39 : Training Loss: 6.9872999191, Validation Loss: 7.7935819626, Training R-squared: 0.5258957744, Validation R-squared: 0.4524124861
2023-11-22 19:02:33,933 - INFO - Epoch 40 : Training Loss: 6.9582428932, Validation Loss: 7.7781434059, Training R-squared: 0.5280500650, Validation R-squared: 0.4554263055
2023-11-22 19:02:44,091 - INFO - Epoch 41 : Training Loss: 6.9559311867, Validation Loss: 7.7733688354, Training R-squared: 0.5303232670, Validation R-squared: 0.4556045532
2023-11-22 19:02:54,123 - INFO - Epoch 42 : Training Loss: 6.9332704544, Validation Loss: 7.7668485641, Training R-squared: 0.5332853198, Validation R-squared: 0.4572226405
2023-11-22 19:03:04,229 - INFO - Epoch 43 : Training Loss: 6.9020848274, Validation Loss: 7.7650446892, Training R-squared: 0.5368428826, Validation R-squared: 0.4570960402
2023-11-22 19:03:14,287 - INFO - Epoch 44 : Training Loss: 6.8863248825, Validation Loss: 7.7516722679, Training R-squared: 0.5403931737, Validation R-squared: 0.4588415921
2023-11-22 19:03:24,753 - INFO - Epoch 45 : Training Loss: 6.8536124229, Validation Loss: 7.7364387512, Training R-squared: 0.5431641340, Validation R-squared: 0.4606761932
2023-11-22 19:03:34,770 - INFO - Epoch 46 : Training Loss: 6.8329639435, Validation Loss: 7.7381458282, Training R-squared: 0.5459128618, Validation R-squared: 0.4604611397
2023-11-22 19:03:45,101 - INFO - Epoch 47 : Training Loss: 6.8201732635, Validation Loss: 7.7344660759, Training R-squared: 0.5485279560, Validation R-squared: 0.4606569707
2023-11-22 19:03:56,353 - INFO - Epoch 48 : Training Loss: 6.8032865524, Validation Loss: 7.7148532867, Training R-squared: 0.5503811836, Validation R-squared: 0.4637090862
2023-11-22 19:04:06,586 - INFO - Epoch 49 : Training Loss: 6.7851200104, Validation Loss: 7.7183656693, Training R-squared: 0.5522632599, Validation R-squared: 0.4635604918
2023-11-22 19:04:16,885 - INFO - Epoch 50 : Training Loss: 6.7642436028, Validation Loss: 7.7053647041, Training R-squared: 0.5541172624, Validation R-squared: 0.4652451575
2023-11-22 19:04:27,272 - INFO - Epoch 51 : Training Loss: 6.7346868515, Validation Loss: 7.7152042389, Training R-squared: 0.5585296154, Validation R-squared: 0.4630283117
2023-11-22 19:04:37,255 - INFO - Epoch 52 : Training Loss: 6.7261333466, Validation Loss: 7.7128038406, Training R-squared: 0.5608706474, Validation R-squared: 0.4638186395
2023-11-22 19:04:47,399 - INFO - Epoch 53 : Training Loss: 6.7114868164, Validation Loss: 7.7112927437, Training R-squared: 0.5617999434, Validation R-squared: 0.4636119902
2023-11-22 19:04:57,417 - INFO - Epoch 54 : Training Loss: 6.6996169090, Validation Loss: 7.7324309349, Training R-squared: 0.5633248687, Validation R-squared: 0.4601382315
2023-11-22 19:05:07,557 - INFO - Epoch 55 : Training Loss: 6.6665239334, Validation Loss: 7.6857051849, Training R-squared: 0.5669333935, Validation R-squared: 0.4678582549
2023-11-22 19:05:18,372 - INFO - Epoch 56 : Training Loss: 6.6493568420, Validation Loss: 7.6927881241, Training R-squared: 0.5691087842, Validation R-squared: 0.4661568999
2023-11-22 19:05:28,524 - INFO - Epoch 57 : Training Loss: 6.6388897896, Validation Loss: 7.6706767082, Training R-squared: 0.5709297657, Validation R-squared: 0.4699818492
2023-11-22 19:05:38,646 - INFO - Epoch 58 : Training Loss: 6.6241197586, Validation Loss: 7.6732087135, Training R-squared: 0.5726916790, Validation R-squared: 0.4693038464
2023-11-22 19:05:48,652 - INFO - Epoch 59 : Training Loss: 6.5921282768, Validation Loss: 7.6958584785, Training R-squared: 0.5758548379, Validation R-squared: 0.4653871357
2023-11-22 19:05:58,801 - INFO - Epoch 60 : Training Loss: 6.5767688751, Validation Loss: 7.6453299522, Training R-squared: 0.5779274702, Validation R-squared: 0.4729266763
2023-11-22 19:06:08,929 - INFO - Epoch 61 : Training Loss: 6.5747756958, Validation Loss: 7.6831178665, Training R-squared: 0.5790538788, Validation R-squared: 0.4678020477
2023-11-22 19:06:19,240 - INFO - Epoch 62 : Training Loss: 6.5475745201, Validation Loss: 7.7052941322, Training R-squared: 0.5820704103, Validation R-squared: 0.4630373120
2023-11-22 19:06:29,296 - INFO - Epoch 63 : Training Loss: 6.5232877731, Validation Loss: 7.6584630013, Training R-squared: 0.5857530832, Validation R-squared: 0.4705152810
2023-11-22 19:06:39,332 - INFO - Epoch 64 : Training Loss: 6.5034470558, Validation Loss: 7.6549315453, Training R-squared: 0.5876113176, Validation R-squared: 0.4709408581
2023-11-22 19:06:49,336 - INFO - Epoch 65 : Training Loss: 6.4899582863, Validation Loss: 7.6763639450, Training R-squared: 0.5892351270, Validation R-squared: 0.4672680497
2023-11-22 19:07:05,459 - INFO - Model saved to models/portion_model/breakfast/512_512_200_64/sparsity_50_fold_5_model.keras
2023-11-22 19:07:10,868 - INFO - Avg Metrics: RMSE: 5.6982416605, R-squared: 0.0831509526, PCC: 0.7087111902
2023-11-22 19:07:10,869 - INFO - Agg Metrics: RMSE: 7.9209409813, R-squared: 0.4487810341, PCC: 0.6710661749
2023-11-22 19:07:26,608 - INFO - ================================================================== Results Summary ===================================================================
2023-11-22 19:07:26,609 - INFO - CrossVal Metrics (Avg.) - RMSE: 5.6899003793  0.0778110823, R2: -0.0992685253  0.0778110823, PCC: 0.6974067133  0.0778110823
2023-11-22 19:07:26,609 - INFO - Testing  Metrics (Avg.) - RMSE: 5.5793846015, R2: -0.9365351441, PCC: 0.7220696013
2023-11-22 19:07:26,609 - INFO - CrossVal Metrics (Agg.) - RMSE: 7.6771804890  0.0778110823, R2: 0.4508829480  0.0778110823, PCC: 0.6728682734  0.0778110823
2023-11-22 19:07:26,609 - INFO - Testing  Metrics (Agg.) - RMSE: 7.3997768886, R2: 0.4831227217, PCC: 0.6966011181
