2023-11-22 14:59:51,416 - INFO - Training model at 35% sparse columns removed...
2023-11-22 14:59:59,308 - INFO - ================================================================== Fold 1 ===================================================================
2023-11-22 15:00:18,667 - INFO - Epoch 1  : Training Loss: 8.6340904236, Validation Loss: 8.6059236526, Training R-squared: 0.0699002519, Validation R-squared: 0.0886322185
2023-11-22 15:00:32,943 - INFO - Epoch 2  : Training Loss: 8.1802043915, Validation Loss: 8.1037273407, Training R-squared: 0.1623501629, Validation R-squared: 0.1933388859
2023-11-22 15:00:46,209 - INFO - Epoch 3  : Training Loss: 7.8171167374, Validation Loss: 7.6275897026, Training R-squared: 0.2364588529, Validation R-squared: 0.2866445780
2023-11-22 15:00:59,718 - INFO - Epoch 4  : Training Loss: 7.2281880379, Validation Loss: 7.2396788597, Training R-squared: 0.3476168215, Validation R-squared: 0.3577409685
2023-11-22 15:01:12,804 - INFO - Epoch 5  : Training Loss: 7.0696258545, Validation Loss: 7.1527996063, Training R-squared: 0.3763715029, Validation R-squared: 0.3731275201
2023-11-22 15:01:25,931 - INFO - Epoch 6  : Training Loss: 6.9748015404, Validation Loss: 7.1117691994, Training R-squared: 0.3929199874, Validation R-squared: 0.3805520833
2023-11-22 15:01:39,356 - INFO - Epoch 7  : Training Loss: 6.9509344101, Validation Loss: 7.1044707298, Training R-squared: 0.3995198905, Validation R-squared: 0.3814595342
2023-11-22 15:01:52,967 - INFO - Epoch 8  : Training Loss: 6.9256048203, Validation Loss: 7.0969300270, Training R-squared: 0.4015179574, Validation R-squared: 0.3832842410
2023-11-22 15:02:06,985 - INFO - Epoch 9  : Training Loss: 6.9044394493, Validation Loss: 7.0882849693, Training R-squared: 0.4054072797, Validation R-squared: 0.3846237361
2023-11-22 15:02:21,859 - INFO - Epoch 10 : Training Loss: 6.8915171623, Validation Loss: 7.0930037498, Training R-squared: 0.4078811705, Validation R-squared: 0.3833242059
2023-11-22 15:02:35,736 - INFO - Epoch 11 : Training Loss: 6.8677802086, Validation Loss: 7.0753817558, Training R-squared: 0.4110873044, Validation R-squared: 0.3868092000
2023-11-22 15:02:49,924 - INFO - Epoch 12 : Training Loss: 6.8351407051, Validation Loss: 7.0682797432, Training R-squared: 0.4175707698, Validation R-squared: 0.3880596459
2023-11-22 15:03:03,232 - INFO - Epoch 13 : Training Loss: 6.8032546043, Validation Loss: 7.0478315353, Training R-squared: 0.4217110574, Validation R-squared: 0.3915204108
2023-11-22 15:03:17,089 - INFO - Epoch 14 : Training Loss: 6.7693772316, Validation Loss: 7.0304117203, Training R-squared: 0.4286369979, Validation R-squared: 0.3946226239
2023-11-22 15:03:30,651 - INFO - Epoch 15 : Training Loss: 6.7529625893, Validation Loss: 7.0221924782, Training R-squared: 0.4314452112, Validation R-squared: 0.3957091868
2023-11-22 15:03:44,164 - INFO - Epoch 16 : Training Loss: 6.7061319351, Validation Loss: 7.0035643578, Training R-squared: 0.4381084144, Validation R-squared: 0.3997467458
2023-11-22 15:03:58,808 - INFO - Epoch 17 : Training Loss: 6.6692609787, Validation Loss: 6.9833140373, Training R-squared: 0.4444780350, Validation R-squared: 0.4019577205
2023-11-22 15:04:12,011 - INFO - Epoch 18 : Training Loss: 6.6331429482, Validation Loss: 6.9472045898, Training R-squared: 0.4508813620, Validation R-squared: 0.4091974795
2023-11-22 15:04:25,935 - INFO - Epoch 19 : Training Loss: 6.5933494568, Validation Loss: 6.9323630333, Training R-squared: 0.4567277133, Validation R-squared: 0.4117961228
2023-11-22 15:04:39,577 - INFO - Epoch 20 : Training Loss: 6.5594620705, Validation Loss: 6.9168062210, Training R-squared: 0.4640768170, Validation R-squared: 0.4138353169
2023-11-22 15:04:52,409 - INFO - Epoch 21 : Training Loss: 6.5146989822, Validation Loss: 6.8981447220, Training R-squared: 0.4687539041, Validation R-squared: 0.4172287881
2023-11-22 15:05:06,571 - INFO - Epoch 22 : Training Loss: 6.4807667732, Validation Loss: 6.8708934784, Training R-squared: 0.4749461114, Validation R-squared: 0.4218773842
2023-11-22 15:05:20,280 - INFO - Epoch 23 : Training Loss: 6.4530520439, Validation Loss: 6.8521237373, Training R-squared: 0.4802605808, Validation R-squared: 0.4255307317
2023-11-22 15:05:32,939 - INFO - Epoch 24 : Training Loss: 6.4167251587, Validation Loss: 6.8411316872, Training R-squared: 0.4853235483, Validation R-squared: 0.4273004830
2023-11-22 15:05:45,993 - INFO - Epoch 25 : Training Loss: 6.3862104416, Validation Loss: 6.8370890617, Training R-squared: 0.4901194572, Validation R-squared: 0.4277561307
2023-11-22 15:05:59,305 - INFO - Epoch 26 : Training Loss: 6.3639464378, Validation Loss: 6.8256149292, Training R-squared: 0.4943320751, Validation R-squared: 0.4295926988
2023-11-22 15:06:11,410 - INFO - Epoch 27 : Training Loss: 6.3399319649, Validation Loss: 6.8215408325, Training R-squared: 0.4978618622, Validation R-squared: 0.4304207861
2023-11-22 15:06:23,925 - INFO - Epoch 28 : Training Loss: 6.3299851418, Validation Loss: 6.8184299469, Training R-squared: 0.4990845621, Validation R-squared: 0.4308403134
2023-11-22 15:06:36,457 - INFO - Epoch 29 : Training Loss: 6.3195581436, Validation Loss: 6.8086647987, Training R-squared: 0.5014487505, Validation R-squared: 0.4327465296
2023-11-22 15:06:49,303 - INFO - Epoch 30 : Training Loss: 6.2948822975, Validation Loss: 6.8308091164, Training R-squared: 0.5035629869, Validation R-squared: 0.4281190038
2023-11-22 15:07:02,924 - INFO - Epoch 31 : Training Loss: 6.2825765610, Validation Loss: 6.8180823326, Training R-squared: 0.5047889352, Validation R-squared: 0.4311441779
2023-11-22 15:07:17,197 - INFO - Epoch 32 : Training Loss: 6.2718582153, Validation Loss: 6.8033804893, Training R-squared: 0.5069286823, Validation R-squared: 0.4339580238
2023-11-22 15:07:31,041 - INFO - Epoch 33 : Training Loss: 6.2511463165, Validation Loss: 6.8151111603, Training R-squared: 0.5108210444, Validation R-squared: 0.4307594299
2023-11-22 15:07:43,740 - INFO - Epoch 34 : Training Loss: 6.2441053391, Validation Loss: 6.8045930862, Training R-squared: 0.5119134188, Validation R-squared: 0.4329049885
2023-11-22 15:07:56,607 - INFO - Epoch 35 : Training Loss: 6.2264413834, Validation Loss: 6.7951917648, Training R-squared: 0.5145158768, Validation R-squared: 0.4350006580
2023-11-22 15:08:09,324 - INFO - Epoch 36 : Training Loss: 6.2111749649, Validation Loss: 6.7997570038, Training R-squared: 0.5172919035, Validation R-squared: 0.4336301982
2023-11-22 15:08:22,480 - INFO - Epoch 37 : Training Loss: 6.1913752556, Validation Loss: 6.7873969078, Training R-squared: 0.5209218860, Validation R-squared: 0.4359025061
2023-11-22 15:08:35,790 - INFO - Epoch 38 : Training Loss: 6.1684818268, Validation Loss: 6.8113937378, Training R-squared: 0.5236890912, Validation R-squared: 0.4307786226
2023-11-22 15:08:48,205 - INFO - Epoch 39 : Training Loss: 6.1568813324, Validation Loss: 6.7727084160, Training R-squared: 0.5247671604, Validation R-squared: 0.4388659894
2023-11-22 15:09:00,500 - INFO - Epoch 40 : Training Loss: 6.1315970421, Validation Loss: 6.7811889648, Training R-squared: 0.5291485190, Validation R-squared: 0.4368239939
2023-11-22 15:09:13,654 - INFO - Epoch 41 : Training Loss: 6.1203398705, Validation Loss: 6.7709236145, Training R-squared: 0.5313706398, Validation R-squared: 0.4385869205
2023-11-22 15:09:27,022 - INFO - Epoch 42 : Training Loss: 6.1051068306, Validation Loss: 6.7679705620, Training R-squared: 0.5324196815, Validation R-squared: 0.4387136102
2023-11-22 15:09:41,527 - INFO - Epoch 43 : Training Loss: 6.0869665146, Validation Loss: 6.7615942955, Training R-squared: 0.5354043245, Validation R-squared: 0.4398957193
2023-11-22 15:09:54,343 - INFO - Epoch 44 : Training Loss: 6.0604143143, Validation Loss: 6.7474641800, Training R-squared: 0.5394284129, Validation R-squared: 0.4429223537
2023-11-22 15:10:07,479 - INFO - Epoch 45 : Training Loss: 6.0507955551, Validation Loss: 6.7397904396, Training R-squared: 0.5412007570, Validation R-squared: 0.4447889626
2023-11-22 15:10:20,565 - INFO - Epoch 46 : Training Loss: 6.0252909660, Validation Loss: 6.7477560043, Training R-squared: 0.5449651480, Validation R-squared: 0.4426212013
2023-11-22 15:10:33,208 - INFO - Epoch 47 : Training Loss: 6.0079231262, Validation Loss: 6.7417736053, Training R-squared: 0.5477697253, Validation R-squared: 0.4435635507
2023-11-22 15:10:46,058 - INFO - Epoch 48 : Training Loss: 5.9954452515, Validation Loss: 6.7324910164, Training R-squared: 0.5493091941, Validation R-squared: 0.4448786080
2023-11-22 15:10:58,577 - INFO - Epoch 49 : Training Loss: 5.9771723747, Validation Loss: 6.7357063293, Training R-squared: 0.5506142378, Validation R-squared: 0.4441272616
2023-11-22 15:11:11,605 - INFO - Epoch 50 : Training Loss: 5.9609394073, Validation Loss: 6.7217674255, Training R-squared: 0.5535952449, Validation R-squared: 0.4470179379
2023-11-22 15:11:24,718 - INFO - Epoch 51 : Training Loss: 5.9404644966, Validation Loss: 6.7485990524, Training R-squared: 0.5550569892, Validation R-squared: 0.4413676560
2023-11-22 15:11:37,591 - INFO - Epoch 52 : Training Loss: 5.9253120422, Validation Loss: 6.7068357468, Training R-squared: 0.5598732233, Validation R-squared: 0.4491862059
2023-11-22 15:11:51,036 - INFO - Epoch 53 : Training Loss: 5.9125862122, Validation Loss: 6.7059645653, Training R-squared: 0.5598059297, Validation R-squared: 0.4491111040
2023-11-22 15:12:04,151 - INFO - Epoch 54 : Training Loss: 5.9099345207, Validation Loss: 6.7040586472, Training R-squared: 0.5623607635, Validation R-squared: 0.4493387043
2023-11-22 15:12:17,138 - INFO - Epoch 55 : Training Loss: 5.8901371956, Validation Loss: 6.7245125771, Training R-squared: 0.5651682019, Validation R-squared: 0.4452160895
2023-11-22 15:12:29,500 - INFO - Epoch 56 : Training Loss: 5.8719992638, Validation Loss: 6.6803855896, Training R-squared: 0.5668903589, Validation R-squared: 0.4536868334
2023-11-22 15:12:42,570 - INFO - Epoch 57 : Training Loss: 5.8499708176, Validation Loss: 6.6932907104, Training R-squared: 0.5699785948, Validation R-squared: 0.4510261118
2023-11-22 15:12:55,851 - INFO - Epoch 58 : Training Loss: 5.8424501419, Validation Loss: 6.6888580322, Training R-squared: 0.5712859035, Validation R-squared: 0.4520495236
2023-11-22 15:13:08,770 - INFO - Epoch 59 : Training Loss: 5.8197216988, Validation Loss: 6.6801695824, Training R-squared: 0.5729776025, Validation R-squared: 0.4533560872
2023-11-22 15:13:21,157 - INFO - Epoch 60 : Training Loss: 5.8037800789, Validation Loss: 6.6702051163, Training R-squared: 0.5767270327, Validation R-squared: 0.4555646181
2023-11-22 15:13:33,313 - INFO - Epoch 61 : Training Loss: 5.7929291725, Validation Loss: 6.6849699020, Training R-squared: 0.5782020688, Validation R-squared: 0.4520956278
2023-11-22 15:13:46,991 - INFO - Epoch 62 : Training Loss: 5.7685089111, Validation Loss: 6.6795911789, Training R-squared: 0.5811105371, Validation R-squared: 0.4535557926
2023-11-22 15:14:01,551 - INFO - Epoch 63 : Training Loss: 5.7547187805, Validation Loss: 6.6832857132, Training R-squared: 0.5831699967, Validation R-squared: 0.4525544345
2023-11-22 15:14:16,017 - INFO - Epoch 64 : Training Loss: 5.7508778572, Validation Loss: 6.6779007912, Training R-squared: 0.5845189095, Validation R-squared: 0.4532091916
2023-11-22 15:14:31,545 - INFO - Epoch 65 : Training Loss: 5.7311959267, Validation Loss: 6.6665539742, Training R-squared: 0.5861294866, Validation R-squared: 0.4551334381
2023-11-22 15:14:45,256 - INFO - Epoch 66 : Training Loss: 5.7249298096, Validation Loss: 6.6625399590, Training R-squared: 0.5872151256, Validation R-squared: 0.4556125700
2023-11-22 15:14:58,805 - INFO - Epoch 67 : Training Loss: 5.7076878548, Validation Loss: 6.6499614716, Training R-squared: 0.5891224146, Validation R-squared: 0.4579107463
2023-11-22 15:15:11,813 - INFO - Epoch 68 : Training Loss: 5.6877069473, Validation Loss: 6.6942086220, Training R-squared: 0.5927425623, Validation R-squared: 0.4493855536
2023-11-22 15:15:25,914 - INFO - Epoch 69 : Training Loss: 5.6695446968, Validation Loss: 6.6545324326, Training R-squared: 0.5951772928, Validation R-squared: 0.4567811787
2023-11-22 15:15:40,793 - INFO - Epoch 70 : Training Loss: 5.6481766701, Validation Loss: 6.6374387741, Training R-squared: 0.5979655385, Validation R-squared: 0.4597676992
2023-11-22 15:15:54,399 - INFO - Epoch 71 : Training Loss: 5.6337847710, Validation Loss: 6.6514158249, Training R-squared: 0.6001783609, Validation R-squared: 0.4570879638
2023-11-22 15:16:08,106 - INFO - Epoch 72 : Training Loss: 5.6210870743, Validation Loss: 6.6957364082, Training R-squared: 0.6024412513, Validation R-squared: 0.4487206638
2023-11-22 15:16:21,750 - INFO - Epoch 73 : Training Loss: 5.6145019531, Validation Loss: 6.6385035515, Training R-squared: 0.6028360724, Validation R-squared: 0.4595038295
2023-11-22 15:16:35,722 - INFO - Epoch 74 : Training Loss: 5.5898818970, Validation Loss: 6.6481246948, Training R-squared: 0.6051244736, Validation R-squared: 0.4571989179
2023-11-22 15:16:50,144 - INFO - Epoch 75 : Training Loss: 5.5785284042, Validation Loss: 6.6386156082, Training R-squared: 0.6061503291, Validation R-squared: 0.4590534866
2023-11-22 15:17:08,101 - INFO - Model saved to models/portion_model/breakfast/512_512_200_64/sparsity_35_fold_1_model.keras
2023-11-22 15:17:14,013 - INFO - Avg Metrics: RMSE: 5.0151363708, R-squared: 0.0536809704, PCC: 0.7060594130
2023-11-22 15:17:14,014 - INFO - Agg Metrics: RMSE: 6.8130470259, R-squared: 0.4447126546, PCC: 0.6703937533
2023-11-22 15:17:20,593 - INFO - ================================================================== Fold 2 ===================================================================
2023-11-22 15:17:40,619 - INFO - Epoch 1  : Training Loss: 8.6345434189, Validation Loss: 8.5881996155, Training R-squared: 0.0687338188, Validation R-squared: 0.0929481611
2023-11-22 15:17:54,733 - INFO - Epoch 2  : Training Loss: 8.1895484924, Validation Loss: 8.0632686615, Training R-squared: 0.1633365154, Validation R-squared: 0.2013080567
2023-11-22 15:18:09,079 - INFO - Epoch 3  : Training Loss: 7.8407773972, Validation Loss: 7.6626811028, Training R-squared: 0.2343778014, Validation R-squared: 0.2790671289
2023-11-22 15:18:22,595 - INFO - Epoch 4  : Training Loss: 7.2626013756, Validation Loss: 7.2298331261, Training R-squared: 0.3428096473, Validation R-squared: 0.3578622341
2023-11-22 15:18:35,797 - INFO - Epoch 5  : Training Loss: 7.0783100128, Validation Loss: 7.1521730423, Training R-squared: 0.3742665350, Validation R-squared: 0.3716695011
2023-11-22 15:18:48,678 - INFO - Epoch 6  : Training Loss: 6.9856042862, Validation Loss: 7.0997276306, Training R-squared: 0.3917540014, Validation R-squared: 0.3811602592
2023-11-22 15:19:01,626 - INFO - Epoch 7  : Training Loss: 6.9487853050, Validation Loss: 7.0864934921, Training R-squared: 0.3982634544, Validation R-squared: 0.3837197721
2023-11-22 15:19:14,573 - INFO - Epoch 8  : Training Loss: 6.9233479500, Validation Loss: 7.0793023109, Training R-squared: 0.4034474790, Validation R-squared: 0.3851244450
2023-11-22 15:19:28,224 - INFO - Epoch 9  : Training Loss: 6.8955798149, Validation Loss: 7.0670914650, Training R-squared: 0.4072657228, Validation R-squared: 0.3870626986
2023-11-22 15:19:41,737 - INFO - Epoch 10 : Training Loss: 6.8767380714, Validation Loss: 7.0601596832, Training R-squared: 0.4105307460, Validation R-squared: 0.3879819512
2023-11-22 15:19:54,480 - INFO - Epoch 11 : Training Loss: 6.8572516441, Validation Loss: 7.0624995232, Training R-squared: 0.4143635631, Validation R-squared: 0.3879155219
2023-11-22 15:20:07,376 - INFO - Epoch 12 : Training Loss: 6.8302755356, Validation Loss: 7.0483784676, Training R-squared: 0.4175643325, Validation R-squared: 0.3905231953
2023-11-22 15:20:20,231 - INFO - Epoch 13 : Training Loss: 6.8014163971, Validation Loss: 7.0344104767, Training R-squared: 0.4229015410, Validation R-squared: 0.3924076259
2023-11-22 15:20:34,509 - INFO - Epoch 14 : Training Loss: 6.7649235725, Validation Loss: 7.0173287392, Training R-squared: 0.4279842079, Validation R-squared: 0.3955353796
2023-11-22 15:20:48,074 - INFO - Epoch 15 : Training Loss: 6.7320084572, Validation Loss: 7.0014214516, Training R-squared: 0.4347346425, Validation R-squared: 0.3987837732
2023-11-22 15:21:01,387 - INFO - Epoch 16 : Training Loss: 6.7035799026, Validation Loss: 6.9911260605, Training R-squared: 0.4392125607, Validation R-squared: 0.4008367062
2023-11-22 15:21:15,096 - INFO - Epoch 17 : Training Loss: 6.6660232544, Validation Loss: 6.9801902771, Training R-squared: 0.4450153112, Validation R-squared: 0.4018472731
2023-11-22 15:21:28,851 - INFO - Epoch 18 : Training Loss: 6.6328854561, Validation Loss: 6.9556941986, Training R-squared: 0.4510526359, Validation R-squared: 0.4061985016
2023-11-22 15:21:42,363 - INFO - Epoch 19 : Training Loss: 6.5920410156, Validation Loss: 6.9383788109, Training R-squared: 0.4565528035, Validation R-squared: 0.4093459845
2023-11-22 15:21:56,112 - INFO - Epoch 20 : Training Loss: 6.5613656044, Validation Loss: 6.9094247818, Training R-squared: 0.4635935426, Validation R-squared: 0.4146345854
2023-11-22 15:22:08,852 - INFO - Epoch 21 : Training Loss: 6.5303926468, Validation Loss: 6.8892793655, Training R-squared: 0.4677781761, Validation R-squared: 0.4179822206
2023-11-22 15:22:22,171 - INFO - Epoch 22 : Training Loss: 6.5071539879, Validation Loss: 6.8818378448, Training R-squared: 0.4711479247, Validation R-squared: 0.4195658565
2023-11-22 15:22:34,859 - INFO - Epoch 23 : Training Loss: 6.4733371735, Validation Loss: 6.8645668030, Training R-squared: 0.4773823023, Validation R-squared: 0.4221549928
2023-11-22 15:22:47,884 - INFO - Epoch 24 : Training Loss: 6.4502820969, Validation Loss: 6.8540992737, Training R-squared: 0.4803730249, Validation R-squared: 0.4239480793
2023-11-22 15:23:01,626 - INFO - Epoch 25 : Training Loss: 6.4247493744, Validation Loss: 6.8368110657, Training R-squared: 0.4851652682, Validation R-squared: 0.4271620810
2023-11-22 15:23:14,853 - INFO - Epoch 26 : Training Loss: 6.4083576202, Validation Loss: 6.8435587883, Training R-squared: 0.4875097871, Validation R-squared: 0.4256072938
2023-11-22 15:23:28,157 - INFO - Epoch 27 : Training Loss: 6.3797965050, Validation Loss: 6.8321018219, Training R-squared: 0.4911093116, Validation R-squared: 0.4275839627
2023-11-22 15:23:41,952 - INFO - Epoch 28 : Training Loss: 6.3639302254, Validation Loss: 6.8182806969, Training R-squared: 0.4946818650, Validation R-squared: 0.4306879640
2023-11-22 15:23:56,531 - INFO - Epoch 29 : Training Loss: 6.3395943642, Validation Loss: 6.8191671371, Training R-squared: 0.4975283444, Validation R-squared: 0.4303105772
2023-11-22 15:24:09,248 - INFO - Epoch 30 : Training Loss: 6.3335461617, Validation Loss: 6.8183031082, Training R-squared: 0.4985581040, Validation R-squared: 0.4297651350
2023-11-22 15:24:23,050 - INFO - Epoch 31 : Training Loss: 6.3030972481, Validation Loss: 6.8036108017, Training R-squared: 0.5040705800, Validation R-squared: 0.4325224757
2023-11-22 15:24:36,932 - INFO - Epoch 32 : Training Loss: 6.3032808304, Validation Loss: 6.8105149269, Training R-squared: 0.5038335919, Validation R-squared: 0.4314297438
2023-11-22 15:24:51,051 - INFO - Epoch 33 : Training Loss: 6.2852091789, Validation Loss: 6.8060984612, Training R-squared: 0.5068084598, Validation R-squared: 0.4319745898
2023-11-22 15:25:03,740 - INFO - Epoch 34 : Training Loss: 6.2749466896, Validation Loss: 6.7942266464, Training R-squared: 0.5080468655, Validation R-squared: 0.4343270957
2023-11-22 15:25:17,486 - INFO - Epoch 35 : Training Loss: 6.2490496635, Validation Loss: 6.7960605621, Training R-squared: 0.5120564699, Validation R-squared: 0.4338462651
2023-11-22 15:25:30,528 - INFO - Epoch 36 : Training Loss: 6.2443666458, Validation Loss: 6.7750678062, Training R-squared: 0.5125157237, Validation R-squared: 0.4373879433
2023-11-22 15:25:43,675 - INFO - Epoch 37 : Training Loss: 6.2251701355, Validation Loss: 6.7719841003, Training R-squared: 0.5155844092, Validation R-squared: 0.4381054938
2023-11-22 15:25:56,991 - INFO - Epoch 38 : Training Loss: 6.2065105438, Validation Loss: 6.7794785500, Training R-squared: 0.5187516212, Validation R-squared: 0.4363884628
2023-11-22 15:26:10,201 - INFO - Epoch 39 : Training Loss: 6.1799335480, Validation Loss: 6.7447347641, Training R-squared: 0.5217779279, Validation R-squared: 0.4425176382
2023-11-22 15:26:23,601 - INFO - Epoch 40 : Training Loss: 6.1624951363, Validation Loss: 6.7458353043, Training R-squared: 0.5246323943, Validation R-squared: 0.4426621497
2023-11-22 15:26:36,806 - INFO - Epoch 41 : Training Loss: 6.1465592384, Validation Loss: 6.7290129662, Training R-squared: 0.5269560218, Validation R-squared: 0.4452188611
2023-11-22 15:26:51,417 - INFO - Epoch 42 : Training Loss: 6.1424312592, Validation Loss: 6.7252802849, Training R-squared: 0.5276527405, Validation R-squared: 0.4457474053
2023-11-22 15:27:05,875 - INFO - Epoch 43 : Training Loss: 6.1201033592, Validation Loss: 6.7186245918, Training R-squared: 0.5310040116, Validation R-squared: 0.4470230341
2023-11-22 15:27:20,613 - INFO - Epoch 44 : Training Loss: 6.0890269279, Validation Loss: 6.7014188766, Training R-squared: 0.5358902216, Validation R-squared: 0.4499622881
2023-11-22 15:27:34,589 - INFO - Epoch 45 : Training Loss: 6.0844297409, Validation Loss: 6.7285661697, Training R-squared: 0.5363485813, Validation R-squared: 0.4450038373
2023-11-22 15:27:48,505 - INFO - Epoch 46 : Training Loss: 6.0669875145, Validation Loss: 6.6981463432, Training R-squared: 0.5383591652, Validation R-squared: 0.4499418139
2023-11-22 15:28:03,239 - INFO - Epoch 47 : Training Loss: 6.0579500198, Validation Loss: 6.6969203949, Training R-squared: 0.5403238535, Validation R-squared: 0.4501568079
2023-11-22 15:28:16,412 - INFO - Epoch 48 : Training Loss: 6.0409636497, Validation Loss: 6.6806669235, Training R-squared: 0.5424404740, Validation R-squared: 0.4532100558
2023-11-22 15:28:29,585 - INFO - Epoch 49 : Training Loss: 6.0280203819, Validation Loss: 6.6882824898, Training R-squared: 0.5439489484, Validation R-squared: 0.4516737461
2023-11-22 15:28:42,481 - INFO - Epoch 50 : Training Loss: 6.0165252686, Validation Loss: 6.7008347511, Training R-squared: 0.5465249419, Validation R-squared: 0.4490945339
2023-11-22 15:28:55,598 - INFO - Epoch 51 : Training Loss: 5.9897012711, Validation Loss: 6.6986203194, Training R-squared: 0.5496913195, Validation R-squared: 0.4493255615
2023-11-22 15:29:08,522 - INFO - Epoch 52 : Training Loss: 5.9808702469, Validation Loss: 6.6567173004, Training R-squared: 0.5505144000, Validation R-squared: 0.4572027326
2023-11-22 15:29:21,685 - INFO - Epoch 53 : Training Loss: 5.9660997391, Validation Loss: 6.6581110954, Training R-squared: 0.5532873273, Validation R-squared: 0.4566567838
2023-11-22 15:29:34,391 - INFO - Epoch 54 : Training Loss: 5.9519681931, Validation Loss: 6.6459040642, Training R-squared: 0.5568372607, Validation R-squared: 0.4587365091
2023-11-22 15:29:48,997 - INFO - Epoch 55 : Training Loss: 5.9369130135, Validation Loss: 6.6297688484, Training R-squared: 0.5575341582, Validation R-squared: 0.4614734948
2023-11-22 15:30:03,512 - INFO - Epoch 56 : Training Loss: 5.9176330566, Validation Loss: 6.6593694687, Training R-squared: 0.5604058504, Validation R-squared: 0.4559646547
2023-11-22 15:30:16,998 - INFO - Epoch 57 : Training Loss: 5.9032168388, Validation Loss: 6.6535844803, Training R-squared: 0.5620681047, Validation R-squared: 0.4572186768
2023-11-22 15:30:30,669 - INFO - Epoch 58 : Training Loss: 5.8900418282, Validation Loss: 6.6662116051, Training R-squared: 0.5642540455, Validation R-squared: 0.4542264342
2023-11-22 15:30:43,770 - INFO - Epoch 59 : Training Loss: 5.8706722260, Validation Loss: 6.6280117035, Training R-squared: 0.5678730607, Validation R-squared: 0.4616622627
2023-11-22 15:30:56,977 - INFO - Epoch 60 : Training Loss: 5.8569355011, Validation Loss: 6.6333875656, Training R-squared: 0.5693092942, Validation R-squared: 0.4603508115
2023-11-22 15:31:09,593 - INFO - Epoch 61 : Training Loss: 5.8467116356, Validation Loss: 6.6379847527, Training R-squared: 0.5705223083, Validation R-squared: 0.4596377909
2023-11-22 15:31:22,901 - INFO - Epoch 62 : Training Loss: 5.8279337883, Validation Loss: 6.6538209915, Training R-squared: 0.5722872019, Validation R-squared: 0.4567048252
2023-11-22 15:31:35,850 - INFO - Epoch 63 : Training Loss: 5.8219385147, Validation Loss: 6.6218729019, Training R-squared: 0.5743830800, Validation R-squared: 0.4623227417
2023-11-22 15:31:48,972 - INFO - Epoch 64 : Training Loss: 5.8120260239, Validation Loss: 6.6218400002, Training R-squared: 0.5756756067, Validation R-squared: 0.4627078176
2023-11-22 15:32:02,064 - INFO - Epoch 65 : Training Loss: 5.7929110527, Validation Loss: 6.5931067467, Training R-squared: 0.5790609121, Validation R-squared: 0.4674689174
2023-11-22 15:32:14,791 - INFO - Epoch 66 : Training Loss: 5.7751760483, Validation Loss: 6.6038937569, Training R-squared: 0.5805422068, Validation R-squared: 0.4655077755
2023-11-22 15:32:28,098 - INFO - Epoch 67 : Training Loss: 5.7629241943, Validation Loss: 6.5921034813, Training R-squared: 0.5816140771, Validation R-squared: 0.4676040709
2023-11-22 15:32:41,560 - INFO - Epoch 68 : Training Loss: 5.7395710945, Validation Loss: 6.6285214424, Training R-squared: 0.5852557421, Validation R-squared: 0.4611402154
2023-11-22 15:32:54,579 - INFO - Epoch 69 : Training Loss: 5.7253689766, Validation Loss: 6.6369490623, Training R-squared: 0.5876181722, Validation R-squared: 0.4589320421
2023-11-22 15:33:09,087 - INFO - Epoch 70 : Training Loss: 5.7050518990, Validation Loss: 6.6041235924, Training R-squared: 0.5906848311, Validation R-squared: 0.4651153982
2023-11-22 15:33:22,445 - INFO - Epoch 71 : Training Loss: 5.6982617378, Validation Loss: 6.6461997032, Training R-squared: 0.5910847187, Validation R-squared: 0.4577368796
2023-11-22 15:33:34,839 - INFO - Epoch 72 : Training Loss: 5.6895060539, Validation Loss: 6.5777621269, Training R-squared: 0.5927598476, Validation R-squared: 0.4696948826
2023-11-22 15:33:48,214 - INFO - Epoch 73 : Training Loss: 5.6694989204, Validation Loss: 6.6047148705, Training R-squared: 0.5950670242, Validation R-squared: 0.4650884569
2023-11-22 15:34:02,220 - INFO - Epoch 74 : Training Loss: 5.6534724236, Validation Loss: 6.5896687508, Training R-squared: 0.5965973139, Validation R-squared: 0.4674225450
2023-11-22 15:34:15,127 - INFO - Epoch 75 : Training Loss: 5.6442027092, Validation Loss: 6.6241154671, Training R-squared: 0.5985154510, Validation R-squared: 0.4615966082
2023-11-22 15:34:28,486 - INFO - Epoch 76 : Training Loss: 5.6347641945, Validation Loss: 6.5821580887, Training R-squared: 0.5997623205, Validation R-squared: 0.4685857296
2023-11-22 15:34:42,536 - INFO - Epoch 77 : Training Loss: 5.6206746101, Validation Loss: 6.5696816444, Training R-squared: 0.6013298035, Validation R-squared: 0.4705606401
2023-11-22 15:34:56,250 - INFO - Epoch 78 : Training Loss: 5.6148276329, Validation Loss: 6.5951633453, Training R-squared: 0.6024234891, Validation R-squared: 0.4663282037
2023-11-22 15:35:09,673 - INFO - Epoch 79 : Training Loss: 5.5904884338, Validation Loss: 6.6015343666, Training R-squared: 0.6059249043, Validation R-squared: 0.4652099907
2023-11-22 15:35:23,173 - INFO - Epoch 80 : Training Loss: 5.5773191452, Validation Loss: 6.5885014534, Training R-squared: 0.6064552665, Validation R-squared: 0.4672561884
2023-11-22 15:35:36,961 - INFO - Epoch 81 : Training Loss: 5.5708103180, Validation Loss: 6.5829310417, Training R-squared: 0.6072649956, Validation R-squared: 0.4684698284
2023-11-22 15:35:49,967 - INFO - Epoch 82 : Training Loss: 5.5575094223, Validation Loss: 6.6780743599, Training R-squared: 0.6092282534, Validation R-squared: 0.4512987435
2023-11-22 15:36:09,739 - INFO - Model saved to models/portion_model/breakfast/512_512_200_64/sparsity_35_fold_2_model.keras
2023-11-22 15:36:15,309 - INFO - Avg Metrics: RMSE: 5.0234618318, R-squared: -1.4182573691, PCC: 0.7074932025
2023-11-22 15:36:15,309 - INFO - Agg Metrics: RMSE: 6.7167308229, R-squared: 0.4575416769, PCC: 0.6803023022
2023-11-22 15:36:22,857 - INFO - ================================================================== Fold 3 ===================================================================
2023-11-22 15:36:43,222 - INFO - Epoch 1  : Training Loss: 8.6594944000, Validation Loss: 8.4978199005, Training R-squared: 0.0685001761, Validation R-squared: 0.0965682864
2023-11-22 15:36:58,248 - INFO - Epoch 2  : Training Loss: 8.2003030777, Validation Loss: 8.0151996613, Training R-squared: 0.1647337228, Validation R-squared: 0.1963258088
2023-11-22 15:37:10,399 - INFO - Epoch 3  : Training Loss: 7.8560705185, Validation Loss: 7.5793757439, Training R-squared: 0.2337140292, Validation R-squared: 0.2823197842
2023-11-22 15:37:24,104 - INFO - Epoch 4  : Training Loss: 7.3347716331, Validation Loss: 7.2335810661, Training R-squared: 0.3307200372, Validation R-squared: 0.3458764255
2023-11-22 15:37:36,847 - INFO - Epoch 5  : Training Loss: 7.1260113716, Validation Loss: 7.0627398491, Training R-squared: 0.3685994148, Validation R-squared: 0.3769915402
2023-11-22 15:37:49,310 - INFO - Epoch 6  : Training Loss: 7.0184216499, Validation Loss: 7.0199866295, Training R-squared: 0.3895626962, Validation R-squared: 0.3848713040
2023-11-22 15:38:01,427 - INFO - Epoch 7  : Training Loss: 6.9870238304, Validation Loss: 7.0299081802, Training R-squared: 0.3954341710, Validation R-squared: 0.3824697435
2023-11-22 15:38:13,878 - INFO - Epoch 8  : Training Loss: 6.9452571869, Validation Loss: 6.9959526062, Training R-squared: 0.4019635618, Validation R-squared: 0.3888613284
2023-11-22 15:38:25,870 - INFO - Epoch 9  : Training Loss: 6.9232716560, Validation Loss: 6.9886360168, Training R-squared: 0.4048879445, Validation R-squared: 0.3901622593
2023-11-22 15:38:37,876 - INFO - Epoch 10 : Training Loss: 6.9078049660, Validation Loss: 6.9848346710, Training R-squared: 0.4058104157, Validation R-squared: 0.3910016119
2023-11-22 15:38:49,558 - INFO - Epoch 11 : Training Loss: 6.8863081932, Validation Loss: 6.9786577225, Training R-squared: 0.4121374190, Validation R-squared: 0.3919073641
2023-11-22 15:39:01,551 - INFO - Epoch 12 : Training Loss: 6.8586921692, Validation Loss: 6.9908981323, Training R-squared: 0.4156197906, Validation R-squared: 0.3890996873
2023-11-22 15:39:13,592 - INFO - Epoch 13 : Training Loss: 6.8339285851, Validation Loss: 6.9551568031, Training R-squared: 0.4196955562, Validation R-squared: 0.3959063888
2023-11-22 15:39:26,407 - INFO - Epoch 14 : Training Loss: 6.8014702797, Validation Loss: 6.9391312599, Training R-squared: 0.4250462353, Validation R-squared: 0.3985978067
2023-11-22 15:39:38,787 - INFO - Epoch 15 : Training Loss: 6.7683367729, Validation Loss: 6.9193305969, Training R-squared: 0.4303411543, Validation R-squared: 0.4023724198
2023-11-22 15:39:50,880 - INFO - Epoch 16 : Training Loss: 6.7462811470, Validation Loss: 6.9073853493, Training R-squared: 0.4365060329, Validation R-squared: 0.4041430950
2023-11-22 15:40:03,191 - INFO - Epoch 17 : Training Loss: 6.7121901512, Validation Loss: 6.8852152824, Training R-squared: 0.4397777617, Validation R-squared: 0.4080958366
2023-11-22 15:40:14,980 - INFO - Epoch 18 : Training Loss: 6.6624140739, Validation Loss: 6.8640213013, Training R-squared: 0.4484739006, Validation R-squared: 0.4111833870
2023-11-22 15:40:27,103 - INFO - Epoch 19 : Training Loss: 6.6213965416, Validation Loss: 6.8265781403, Training R-squared: 0.4545730650, Validation R-squared: 0.4176627696
2023-11-22 15:40:39,021 - INFO - Epoch 20 : Training Loss: 6.5622038841, Validation Loss: 6.7869434357, Training R-squared: 0.4652135372, Validation R-squared: 0.4251154065
2023-11-22 15:40:51,131 - INFO - Epoch 21 : Training Loss: 6.5336999893, Validation Loss: 6.7563872337, Training R-squared: 0.4704351425, Validation R-squared: 0.4301518202
2023-11-22 15:41:03,257 - INFO - Epoch 22 : Training Loss: 6.4941301346, Validation Loss: 6.7390723228, Training R-squared: 0.4770087600, Validation R-squared: 0.4326880872
2023-11-22 15:41:15,079 - INFO - Epoch 23 : Training Loss: 6.4740042686, Validation Loss: 6.7257289886, Training R-squared: 0.4798586071, Validation R-squared: 0.4349116385
2023-11-22 15:41:27,605 - INFO - Epoch 24 : Training Loss: 6.4519486427, Validation Loss: 6.7086076736, Training R-squared: 0.4830162525, Validation R-squared: 0.4381316304
2023-11-22 15:41:39,423 - INFO - Epoch 25 : Training Loss: 6.4382624626, Validation Loss: 6.7061219215, Training R-squared: 0.4862929583, Validation R-squared: 0.4381840825
2023-11-22 15:41:51,539 - INFO - Epoch 26 : Training Loss: 6.4014987946, Validation Loss: 6.7371578217, Training R-squared: 0.4904969931, Validation R-squared: 0.4323919415
2023-11-22 15:42:03,571 - INFO - Epoch 27 : Training Loss: 6.3899774551, Validation Loss: 6.7125563622, Training R-squared: 0.4916075766, Validation R-squared: 0.4364536107
2023-11-22 15:42:15,274 - INFO - Epoch 28 : Training Loss: 6.3707628250, Validation Loss: 6.6800355911, Training R-squared: 0.4953764975, Validation R-squared: 0.4428318739
2023-11-22 15:42:27,387 - INFO - Epoch 29 : Training Loss: 6.3567304611, Validation Loss: 6.6763057709, Training R-squared: 0.4983745217, Validation R-squared: 0.4429725111
2023-11-22 15:42:39,375 - INFO - Epoch 30 : Training Loss: 6.3314976692, Validation Loss: 6.6692996025, Training R-squared: 0.5024576783, Validation R-squared: 0.4439956844
2023-11-22 15:42:51,266 - INFO - Epoch 31 : Training Loss: 6.3067207336, Validation Loss: 6.6663823128, Training R-squared: 0.5045903921, Validation R-squared: 0.4442402720
2023-11-22 15:43:03,422 - INFO - Epoch 32 : Training Loss: 6.2783050537, Validation Loss: 6.6554799080, Training R-squared: 0.5095186830, Validation R-squared: 0.4463681877
2023-11-22 15:43:15,188 - INFO - Epoch 33 : Training Loss: 6.2718849182, Validation Loss: 6.6599607468, Training R-squared: 0.5104634762, Validation R-squared: 0.4450901449
2023-11-22 15:43:27,439 - INFO - Epoch 34 : Training Loss: 6.2560005188, Validation Loss: 6.6457095146, Training R-squared: 0.5138036609, Validation R-squared: 0.4477298856
2023-11-22 15:43:39,470 - INFO - Epoch 35 : Training Loss: 6.2369565964, Validation Loss: 6.6436138153, Training R-squared: 0.5170667171, Validation R-squared: 0.4480206072
2023-11-22 15:43:52,099 - INFO - Epoch 36 : Training Loss: 6.2244029045, Validation Loss: 6.6415295601, Training R-squared: 0.5182515383, Validation R-squared: 0.4481410980
2023-11-22 15:44:04,473 - INFO - Epoch 37 : Training Loss: 6.2058515549, Validation Loss: 6.6359143257, Training R-squared: 0.5215975046, Validation R-squared: 0.4496556520
2023-11-22 15:44:16,649 - INFO - Epoch 38 : Training Loss: 6.1934509277, Validation Loss: 6.6362280846, Training R-squared: 0.5228638649, Validation R-squared: 0.4492197931
2023-11-22 15:44:28,762 - INFO - Epoch 39 : Training Loss: 6.1746106148, Validation Loss: 6.6337161064, Training R-squared: 0.5250787139, Validation R-squared: 0.4494347274
2023-11-22 15:44:40,821 - INFO - Epoch 40 : Training Loss: 6.1671667099, Validation Loss: 6.6117634773, Training R-squared: 0.5271013975, Validation R-squared: 0.4536034465
2023-11-22 15:44:53,021 - INFO - Epoch 41 : Training Loss: 6.1460399628, Validation Loss: 6.6049561501, Training R-squared: 0.5302642584, Validation R-squared: 0.4547941089
2023-11-22 15:45:04,941 - INFO - Epoch 42 : Training Loss: 6.1270718575, Validation Loss: 6.6290507317, Training R-squared: 0.5327318311, Validation R-squared: 0.4501412511
2023-11-22 15:45:17,084 - INFO - Epoch 43 : Training Loss: 6.1187901497, Validation Loss: 6.6351890564, Training R-squared: 0.5338712335, Validation R-squared: 0.4488250315
2023-11-22 15:45:29,090 - INFO - Epoch 44 : Training Loss: 6.0934987068, Validation Loss: 6.6472964287, Training R-squared: 0.5382211804, Validation R-squared: 0.4467588961
2023-11-22 15:45:41,043 - INFO - Epoch 45 : Training Loss: 6.0868678093, Validation Loss: 6.5985112190, Training R-squared: 0.5375885963, Validation R-squared: 0.4560552537
2023-11-22 15:45:53,228 - INFO - Epoch 46 : Training Loss: 6.0676465034, Validation Loss: 6.6028585434, Training R-squared: 0.5410364270, Validation R-squared: 0.4548637867
2023-11-22 15:46:05,133 - INFO - Epoch 47 : Training Loss: 6.0531105995, Validation Loss: 6.5805373192, Training R-squared: 0.5428676009, Validation R-squared: 0.4590605795
2023-11-22 15:46:17,509 - INFO - Epoch 48 : Training Loss: 6.0377120972, Validation Loss: 6.5921630859, Training R-squared: 0.5448918939, Validation R-squared: 0.4567112923
2023-11-22 15:46:29,649 - INFO - Epoch 49 : Training Loss: 6.0235824585, Validation Loss: 6.5996322632, Training R-squared: 0.5480707288, Validation R-squared: 0.4553284943
2023-11-22 15:46:41,608 - INFO - Epoch 50 : Training Loss: 6.0011744499, Validation Loss: 6.5990509987, Training R-squared: 0.5507143140, Validation R-squared: 0.4552572966
2023-11-22 15:46:53,724 - INFO - Epoch 51 : Training Loss: 5.9972362518, Validation Loss: 6.6336598396, Training R-squared: 0.5512811542, Validation R-squared: 0.4487117827
2023-11-22 15:47:05,644 - INFO - Epoch 52 : Training Loss: 5.9679713249, Validation Loss: 6.5866999626, Training R-squared: 0.5557593703, Validation R-squared: 0.4572925866
2023-11-22 15:47:22,035 - INFO - Model saved to models/portion_model/breakfast/512_512_200_64/sparsity_35_fold_3_model.keras
2023-11-22 15:47:28,432 - INFO - Avg Metrics: RMSE: 5.0900801634, R-squared: -0.2199578870, PCC: 0.6777690329
2023-11-22 15:47:28,432 - INFO - Agg Metrics: RMSE: 6.6857989317, R-squared: 0.4517368837, PCC: 0.6723983355
2023-11-22 15:47:34,366 - INFO - ================================================================== Fold 4 ===================================================================
2023-11-22 15:47:51,169 - INFO - Epoch 1  : Training Loss: 8.6381206512, Validation Loss: 8.5449142456, Training R-squared: 0.0695974231, Validation R-squared: 0.0953691080
2023-11-22 15:48:03,468 - INFO - Epoch 2  : Training Loss: 8.1894350052, Validation Loss: 8.0266189575, Training R-squared: 0.1633349210, Validation R-squared: 0.2028080970
2023-11-22 15:48:15,331 - INFO - Epoch 3  : Training Loss: 7.7544364929, Validation Loss: 7.3341856003, Training R-squared: 0.2499788404, Validation R-squared: 0.3345037997
2023-11-22 15:48:27,599 - INFO - Epoch 4  : Training Loss: 7.1623997688, Validation Loss: 7.0820474625, Training R-squared: 0.3623314500, Validation R-squared: 0.3790377378
2023-11-22 15:48:39,641 - INFO - Epoch 5  : Training Loss: 7.0203709602, Validation Loss: 7.0219264030, Training R-squared: 0.3856384158, Validation R-squared: 0.3900650442
2023-11-22 15:48:51,378 - INFO - Epoch 6  : Training Loss: 6.9791002274, Validation Loss: 7.0012602806, Training R-squared: 0.3943528831, Validation R-squared: 0.3938582242
2023-11-22 15:49:03,462 - INFO - Epoch 7  : Training Loss: 6.9454197884, Validation Loss: 6.9984908104, Training R-squared: 0.3996445537, Validation R-squared: 0.3937143981
2023-11-22 15:49:15,373 - INFO - Epoch 8  : Training Loss: 6.9309911728, Validation Loss: 6.9939508438, Training R-squared: 0.4020915031, Validation R-squared: 0.3950872719
2023-11-22 15:49:27,685 - INFO - Epoch 9  : Training Loss: 6.9116497040, Validation Loss: 6.9816989899, Training R-squared: 0.4049685299, Validation R-squared: 0.3968264461
2023-11-22 15:49:39,660 - INFO - Epoch 10 : Training Loss: 6.8780765533, Validation Loss: 6.9718928337, Training R-squared: 0.4108026326, Validation R-squared: 0.3987394869
2023-11-22 15:49:51,471 - INFO - Epoch 11 : Training Loss: 6.8753972054, Validation Loss: 6.9659161568, Training R-squared: 0.4122293293, Validation R-squared: 0.3995087147
2023-11-22 15:50:03,546 - INFO - Epoch 12 : Training Loss: 6.8447494507, Validation Loss: 6.9474544525, Training R-squared: 0.4168410003, Validation R-squared: 0.4032760561
2023-11-22 15:50:15,513 - INFO - Epoch 13 : Training Loss: 6.8071112633, Validation Loss: 6.9258151054, Training R-squared: 0.4227827489, Validation R-squared: 0.4068075418
2023-11-22 15:50:27,569 - INFO - Epoch 14 : Training Loss: 6.7610874176, Validation Loss: 6.8920803070, Training R-squared: 0.4307253361, Validation R-squared: 0.4125191867
2023-11-22 15:50:39,592 - INFO - Epoch 15 : Training Loss: 6.7212767601, Validation Loss: 6.8678765297, Training R-squared: 0.4372090995, Validation R-squared: 0.4159531891
2023-11-22 15:50:51,345 - INFO - Epoch 16 : Training Loss: 6.6800088882, Validation Loss: 6.8275046349, Training R-squared: 0.4446181357, Validation R-squared: 0.4231233001
2023-11-22 15:51:03,743 - INFO - Epoch 17 : Training Loss: 6.6253585815, Validation Loss: 6.7975344658, Training R-squared: 0.4539602697, Validation R-squared: 0.4294373989
2023-11-22 15:51:15,662 - INFO - Epoch 18 : Training Loss: 6.5826134682, Validation Loss: 6.7840890884, Training R-squared: 0.4591284096, Validation R-squared: 0.4319457114
2023-11-22 15:51:28,153 - INFO - Epoch 19 : Training Loss: 6.5611505508, Validation Loss: 6.7585363388, Training R-squared: 0.4636988342, Validation R-squared: 0.4361033738
2023-11-22 15:51:40,225 - INFO - Epoch 20 : Training Loss: 6.5204010010, Validation Loss: 6.7315220833, Training R-squared: 0.4699353874, Validation R-squared: 0.4399865568
2023-11-22 15:51:52,376 - INFO - Epoch 21 : Training Loss: 6.4909677505, Validation Loss: 6.7427330017, Training R-squared: 0.4742461741, Validation R-squared: 0.4388017058
2023-11-22 15:52:04,338 - INFO - Epoch 22 : Training Loss: 6.4590473175, Validation Loss: 6.6988182068, Training R-squared: 0.4803000391, Validation R-squared: 0.4457580149
2023-11-22 15:52:16,233 - INFO - Epoch 23 : Training Loss: 6.4228343964, Validation Loss: 6.6860494614, Training R-squared: 0.4869816601, Validation R-squared: 0.4483183622
2023-11-22 15:52:28,478 - INFO - Epoch 24 : Training Loss: 6.3984813690, Validation Loss: 6.6666750908, Training R-squared: 0.4911001623, Validation R-squared: 0.4508497715
2023-11-22 15:52:40,911 - INFO - Epoch 25 : Training Loss: 6.3729152679, Validation Loss: 6.6607570648, Training R-squared: 0.4946455359, Validation R-squared: 0.4522864819
2023-11-22 15:52:52,890 - INFO - Epoch 26 : Training Loss: 6.3530893326, Validation Loss: 6.6578044891, Training R-squared: 0.4963940680, Validation R-squared: 0.4528638124
2023-11-22 15:53:04,802 - INFO - Epoch 27 : Training Loss: 6.3329186440, Validation Loss: 6.6542415619, Training R-squared: 0.5001444221, Validation R-squared: 0.4530016482
2023-11-22 15:53:16,968 - INFO - Epoch 28 : Training Loss: 6.3214545250, Validation Loss: 6.6431665421, Training R-squared: 0.5029473901, Validation R-squared: 0.4548385143
2023-11-22 15:53:29,029 - INFO - Epoch 29 : Training Loss: 6.3015909195, Validation Loss: 6.6414484978, Training R-squared: 0.5046834350, Validation R-squared: 0.4555851519
2023-11-22 15:53:40,897 - INFO - Epoch 30 : Training Loss: 6.2852740288, Validation Loss: 6.6311635971, Training R-squared: 0.5061520934, Validation R-squared: 0.4573451877
2023-11-22 15:53:54,596 - INFO - Epoch 31 : Training Loss: 6.2680869102, Validation Loss: 6.6275439262, Training R-squared: 0.5102792382, Validation R-squared: 0.4572053552
2023-11-22 15:54:06,485 - INFO - Epoch 32 : Training Loss: 6.2395191193, Validation Loss: 6.6252079010, Training R-squared: 0.5140641332, Validation R-squared: 0.4586483240
2023-11-22 15:54:18,837 - INFO - Epoch 33 : Training Loss: 6.2282004356, Validation Loss: 6.6107501984, Training R-squared: 0.5166847706, Validation R-squared: 0.4606159329
2023-11-22 15:54:30,731 - INFO - Epoch 34 : Training Loss: 6.2067174911, Validation Loss: 6.6040530205, Training R-squared: 0.5192452073, Validation R-squared: 0.4615255892
2023-11-22 15:54:42,833 - INFO - Epoch 35 : Training Loss: 6.1729001999, Validation Loss: 6.6025977135, Training R-squared: 0.5234743953, Validation R-squared: 0.4614633620
2023-11-22 15:54:54,783 - INFO - Epoch 36 : Training Loss: 6.1694250107, Validation Loss: 6.5840706825, Training R-squared: 0.5256515145, Validation R-squared: 0.4648968577
2023-11-22 15:55:06,597 - INFO - Epoch 37 : Training Loss: 6.1329083443, Validation Loss: 6.5882163048, Training R-squared: 0.5290991664, Validation R-squared: 0.4638764262
2023-11-22 15:55:19,154 - INFO - Epoch 38 : Training Loss: 6.1201882362, Validation Loss: 6.5832824707, Training R-squared: 0.5317230821, Validation R-squared: 0.4648010433
2023-11-22 15:55:31,259 - INFO - Epoch 39 : Training Loss: 6.1015210152, Validation Loss: 6.5794305801, Training R-squared: 0.5342765450, Validation R-squared: 0.4650198817
2023-11-22 15:55:43,258 - INFO - Epoch 40 : Training Loss: 6.0844807625, Validation Loss: 6.5550231934, Training R-squared: 0.5364558697, Validation R-squared: 0.4695155919
2023-11-22 15:55:55,215 - INFO - Epoch 41 : Training Loss: 6.0672516823, Validation Loss: 6.5406336784, Training R-squared: 0.5398761034, Validation R-squared: 0.4720092714
2023-11-22 15:56:07,098 - INFO - Epoch 42 : Training Loss: 6.0471701622, Validation Loss: 6.5323982239, Training R-squared: 0.5426387191, Validation R-squared: 0.4735234380
2023-11-22 15:56:19,819 - INFO - Epoch 43 : Training Loss: 6.0255408287, Validation Loss: 6.5318589211, Training R-squared: 0.5454596281, Validation R-squared: 0.4736131430
2023-11-22 15:56:31,705 - INFO - Epoch 44 : Training Loss: 6.0088987350, Validation Loss: 6.5450372696, Training R-squared: 0.5481261015, Validation R-squared: 0.4708048701
2023-11-22 15:56:43,712 - INFO - Epoch 45 : Training Loss: 5.9832592010, Validation Loss: 6.5362763405, Training R-squared: 0.5515865088, Validation R-squared: 0.4722024798
2023-11-22 15:56:55,668 - INFO - Epoch 46 : Training Loss: 5.9772005081, Validation Loss: 6.5212373734, Training R-squared: 0.5535820127, Validation R-squared: 0.4750733674
2023-11-22 15:57:07,540 - INFO - Epoch 47 : Training Loss: 5.9622840881, Validation Loss: 6.5408625603, Training R-squared: 0.5555465817, Validation R-squared: 0.4712095559
2023-11-22 15:57:19,927 - INFO - Epoch 48 : Training Loss: 5.9444546700, Validation Loss: 6.5266456604, Training R-squared: 0.5576300025, Validation R-squared: 0.4735043645
2023-11-22 15:57:31,674 - INFO - Epoch 49 : Training Loss: 5.9336595535, Validation Loss: 6.5195441246, Training R-squared: 0.5589656830, Validation R-squared: 0.4746486247
2023-11-22 15:57:43,653 - INFO - Epoch 50 : Training Loss: 5.9132351875, Validation Loss: 6.5069923401, Training R-squared: 0.5628471375, Validation R-squared: 0.4773444533
2023-11-22 15:57:55,684 - INFO - Epoch 51 : Training Loss: 5.8904399872, Validation Loss: 6.5241394043, Training R-squared: 0.5638247728, Validation R-squared: 0.4735913277
2023-11-22 15:58:07,675 - INFO - Epoch 52 : Training Loss: 5.8826427460, Validation Loss: 6.5244274139, Training R-squared: 0.5657949448, Validation R-squared: 0.4738298655
2023-11-22 15:58:20,254 - INFO - Epoch 53 : Training Loss: 5.8598260880, Validation Loss: 6.4976758957, Training R-squared: 0.5694478750, Validation R-squared: 0.4788477719
2023-11-22 15:58:32,022 - INFO - Epoch 54 : Training Loss: 5.8514876366, Validation Loss: 6.5101618767, Training R-squared: 0.5694841146, Validation R-squared: 0.4763092995
2023-11-22 15:58:44,050 - INFO - Epoch 55 : Training Loss: 5.8386197090, Validation Loss: 6.5123405457, Training R-squared: 0.5735835433, Validation R-squared: 0.4759719968
2023-11-22 15:58:55,998 - INFO - Epoch 56 : Training Loss: 5.8087091446, Validation Loss: 6.4849896431, Training R-squared: 0.5764180422, Validation R-squared: 0.4806412458
2023-11-22 15:59:07,940 - INFO - Epoch 57 : Training Loss: 5.8028888702, Validation Loss: 6.5029835701, Training R-squared: 0.5772893429, Validation R-squared: 0.4776863754
2023-11-22 15:59:20,339 - INFO - Epoch 58 : Training Loss: 5.7814540863, Validation Loss: 6.4742131233, Training R-squared: 0.5801882744, Validation R-squared: 0.4828986824
2023-11-22 15:59:32,108 - INFO - Epoch 59 : Training Loss: 5.7735967636, Validation Loss: 6.4922409058, Training R-squared: 0.5814362764, Validation R-squared: 0.4791893065
2023-11-22 15:59:44,415 - INFO - Epoch 60 : Training Loss: 5.7517609596, Validation Loss: 6.5082516670, Training R-squared: 0.5839850903, Validation R-squared: 0.4765254557
2023-11-22 15:59:56,338 - INFO - Epoch 61 : Training Loss: 5.7451610565, Validation Loss: 6.4889230728, Training R-squared: 0.5851648450, Validation R-squared: 0.4800020456
2023-11-22 16:00:08,585 - INFO - Epoch 62 : Training Loss: 5.7232618332, Validation Loss: 6.4722352028, Training R-squared: 0.5881587863, Validation R-squared: 0.4826084077
2023-11-22 16:00:20,930 - INFO - Epoch 63 : Training Loss: 5.6982741356, Validation Loss: 6.4796986580, Training R-squared: 0.5914700627, Validation R-squared: 0.4809115827
2023-11-22 16:00:32,783 - INFO - Epoch 64 : Training Loss: 5.6865382195, Validation Loss: 6.4811291695, Training R-squared: 0.5928467512, Validation R-squared: 0.4804917276
2023-11-22 16:00:44,938 - INFO - Epoch 65 : Training Loss: 5.6748151779, Validation Loss: 6.4818811417, Training R-squared: 0.5952003598, Validation R-squared: 0.4799657464
2023-11-22 16:00:56,725 - INFO - Epoch 66 : Training Loss: 5.6527814865, Validation Loss: 6.4987525940, Training R-squared: 0.5977963805, Validation R-squared: 0.4770485461
2023-11-22 16:01:08,751 - INFO - Epoch 67 : Training Loss: 5.6499257088, Validation Loss: 6.4873876572, Training R-squared: 0.5990794301, Validation R-squared: 0.4790302217
2023-11-22 16:01:25,278 - INFO - Model saved to models/portion_model/breakfast/512_512_200_64/sparsity_35_fold_4_model.keras
2023-11-22 16:01:32,497 - INFO - Avg Metrics: RMSE: 4.9224321459, R-squared: -0.0719399249, PCC: 0.7097134457
2023-11-22 16:01:32,497 - INFO - Agg Metrics: RMSE: 6.6192712180, R-squared: 0.4707981588, PCC: 0.6868512854
2023-11-22 16:01:38,464 - INFO - ================================================================== Fold 5 ===================================================================
2023-11-22 16:01:55,595 - INFO - Epoch 1  : Training Loss: 8.6660909653, Validation Loss: 8.4387702942, Training R-squared: 0.0694618672, Validation R-squared: 0.0945446938
2023-11-22 16:02:07,454 - INFO - Epoch 2  : Training Loss: 8.2407550812, Validation Loss: 7.9176468849, Training R-squared: 0.1595101506, Validation R-squared: 0.2029527426
2023-11-22 16:02:19,896 - INFO - Epoch 3  : Training Loss: 7.9268426895, Validation Loss: 7.6592516899, Training R-squared: 0.2223428935, Validation R-squared: 0.2547760606
2023-11-22 16:02:31,662 - INFO - Epoch 4  : Training Loss: 7.4899539948, Validation Loss: 7.1205110550, Training R-squared: 0.3068024218, Validation R-squared: 0.3558045328
2023-11-22 16:02:43,607 - INFO - Epoch 5  : Training Loss: 7.1532988548, Validation Loss: 7.0511436462, Training R-squared: 0.3647616506, Validation R-squared: 0.3682842553
2023-11-22 16:02:55,524 - INFO - Epoch 6  : Training Loss: 7.0891675949, Validation Loss: 6.9981656075, Training R-squared: 0.3780407012, Validation R-squared: 0.3781250715
2023-11-22 16:03:07,337 - INFO - Epoch 7  : Training Loss: 7.0138030052, Validation Loss: 6.9505829811, Training R-squared: 0.3916762173, Validation R-squared: 0.3868227899
2023-11-22 16:03:20,316 - INFO - Epoch 8  : Training Loss: 6.9635863304, Validation Loss: 6.9375319481, Training R-squared: 0.3996121585, Validation R-squared: 0.3894889355
2023-11-22 16:03:32,067 - INFO - Epoch 9  : Training Loss: 6.9422779083, Validation Loss: 6.9338846207, Training R-squared: 0.4030581713, Validation R-squared: 0.3898895681
2023-11-22 16:03:44,117 - INFO - Epoch 10 : Training Loss: 6.9179406166, Validation Loss: 6.9307012558, Training R-squared: 0.4068557620, Validation R-squared: 0.3903214931
2023-11-22 16:03:57,088 - INFO - Epoch 11 : Training Loss: 6.9006648064, Validation Loss: 6.9298553467, Training R-squared: 0.4110038877, Validation R-squared: 0.3901410401
2023-11-22 16:04:09,053 - INFO - Epoch 12 : Training Loss: 6.8781180382, Validation Loss: 6.9367971420, Training R-squared: 0.4140227139, Validation R-squared: 0.3897090256
2023-11-22 16:04:21,236 - INFO - Epoch 13 : Training Loss: 6.8537187576, Validation Loss: 6.9189844131, Training R-squared: 0.4180947244, Validation R-squared: 0.3925377429
2023-11-22 16:04:33,104 - INFO - Epoch 14 : Training Loss: 6.8318428993, Validation Loss: 6.9106984138, Training R-squared: 0.4214557111, Validation R-squared: 0.3941246271
2023-11-22 16:04:45,372 - INFO - Epoch 15 : Training Loss: 6.8136682510, Validation Loss: 6.9011573792, Training R-squared: 0.4254810512, Validation R-squared: 0.3959353268
2023-11-22 16:04:57,074 - INFO - Epoch 16 : Training Loss: 6.7803711891, Validation Loss: 6.8802690506, Training R-squared: 0.4312679172, Validation R-squared: 0.3992313445
2023-11-22 16:05:09,076 - INFO - Epoch 17 : Training Loss: 6.7359738350, Validation Loss: 6.8607583046, Training R-squared: 0.4380132854, Validation R-squared: 0.4031909406
2023-11-22 16:05:21,197 - INFO - Epoch 18 : Training Loss: 6.7252073288, Validation Loss: 6.8453631401, Training R-squared: 0.4411655664, Validation R-squared: 0.4057303071
2023-11-22 16:05:33,049 - INFO - Epoch 19 : Training Loss: 6.6778559685, Validation Loss: 6.8135423660, Training R-squared: 0.4472908378, Validation R-squared: 0.4114526510
2023-11-22 16:05:45,307 - INFO - Epoch 20 : Training Loss: 6.6364083290, Validation Loss: 6.7883591652, Training R-squared: 0.4546387792, Validation R-squared: 0.4155998230
2023-11-22 16:05:57,296 - INFO - Epoch 21 : Training Loss: 6.6035981178, Validation Loss: 6.7827076912, Training R-squared: 0.4605976045, Validation R-squared: 0.4166444540
2023-11-22 16:06:09,281 - INFO - Epoch 22 : Training Loss: 6.5618796349, Validation Loss: 6.7519059181, Training R-squared: 0.4666806161, Validation R-squared: 0.4222050011
2023-11-22 16:06:21,484 - INFO - Epoch 23 : Training Loss: 6.5461797714, Validation Loss: 6.7418265343, Training R-squared: 0.4695669413, Validation R-squared: 0.4238539040
2023-11-22 16:06:33,314 - INFO - Epoch 24 : Training Loss: 6.5167207718, Validation Loss: 6.7262873650, Training R-squared: 0.4749054909, Validation R-squared: 0.4267211258
2023-11-22 16:06:45,399 - INFO - Epoch 25 : Training Loss: 6.4889903069, Validation Loss: 6.6990947723, Training R-squared: 0.4790065587, Validation R-squared: 0.4310511649
2023-11-22 16:06:57,204 - INFO - Epoch 26 : Training Loss: 6.4523849487, Validation Loss: 6.6950211525, Training R-squared: 0.4843186736, Validation R-squared: 0.4315096736
2023-11-22 16:07:09,173 - INFO - Epoch 27 : Training Loss: 6.4132094383, Validation Loss: 6.6793837547, Training R-squared: 0.4899959564, Validation R-squared: 0.4346310496
2023-11-22 16:07:21,517 - INFO - Epoch 28 : Training Loss: 6.3990716934, Validation Loss: 6.6725020409, Training R-squared: 0.4924145341, Validation R-squared: 0.4354062676
2023-11-22 16:07:33,313 - INFO - Epoch 29 : Training Loss: 6.3885226250, Validation Loss: 6.6476798058, Training R-squared: 0.4948727787, Validation R-squared: 0.4404822588
2023-11-22 16:07:45,371 - INFO - Epoch 30 : Training Loss: 6.3673257828, Validation Loss: 6.6502008438, Training R-squared: 0.4963807762, Validation R-squared: 0.4395587742
2023-11-22 16:07:57,151 - INFO - Epoch 31 : Training Loss: 6.3513846397, Validation Loss: 6.6490678787, Training R-squared: 0.4991214871, Validation R-squared: 0.4405385256
2023-11-22 16:08:09,138 - INFO - Epoch 32 : Training Loss: 6.3301076889, Validation Loss: 6.6376399994, Training R-squared: 0.5022350550, Validation R-squared: 0.4419516623
2023-11-22 16:08:21,644 - INFO - Epoch 33 : Training Loss: 6.3082504272, Validation Loss: 6.6363692284, Training R-squared: 0.5058855414, Validation R-squared: 0.4424443841
2023-11-22 16:08:33,581 - INFO - Epoch 34 : Training Loss: 6.3027443886, Validation Loss: 6.6306824684, Training R-squared: 0.5065872073, Validation R-squared: 0.4432746172
2023-11-22 16:08:45,834 - INFO - Epoch 35 : Training Loss: 6.2790064812, Validation Loss: 6.6588320732, Training R-squared: 0.5108665824, Validation R-squared: 0.4380348623
2023-11-22 16:08:57,564 - INFO - Epoch 36 : Training Loss: 6.2739543915, Validation Loss: 6.6238074303, Training R-squared: 0.5114798546, Validation R-squared: 0.4446554780
2023-11-22 16:09:09,633 - INFO - Epoch 37 : Training Loss: 6.2581186295, Validation Loss: 6.6205606461, Training R-squared: 0.5141731501, Validation R-squared: 0.4446767569
2023-11-22 16:09:21,822 - INFO - Epoch 38 : Training Loss: 6.2425622940, Validation Loss: 6.6149115562, Training R-squared: 0.5152823925, Validation R-squared: 0.4457440376
2023-11-22 16:09:33,771 - INFO - Epoch 39 : Training Loss: 6.2278270721, Validation Loss: 6.6091713905, Training R-squared: 0.5169727206, Validation R-squared: 0.4468224049
2023-11-22 16:09:45,996 - INFO - Epoch 40 : Training Loss: 6.2040882111, Validation Loss: 6.6202569008, Training R-squared: 0.5226799846, Validation R-squared: 0.4450904727
2023-11-22 16:09:57,730 - INFO - Epoch 41 : Training Loss: 6.1939320564, Validation Loss: 6.6029119492, Training R-squared: 0.5238182545, Validation R-squared: 0.4477343261
2023-11-22 16:10:09,665 - INFO - Epoch 42 : Training Loss: 6.1760621071, Validation Loss: 6.5862774849, Training R-squared: 0.5268486738, Validation R-squared: 0.4508851767
2023-11-22 16:10:21,967 - INFO - Epoch 43 : Training Loss: 6.1531891823, Validation Loss: 6.5925717354, Training R-squared: 0.5289136767, Validation R-squared: 0.4495868087
2023-11-22 16:10:33,921 - INFO - Epoch 44 : Training Loss: 6.1425404549, Validation Loss: 6.5671715736, Training R-squared: 0.5316771269, Validation R-squared: 0.4541712999
2023-11-22 16:10:46,044 - INFO - Epoch 45 : Training Loss: 6.1129708290, Validation Loss: 6.5668559074, Training R-squared: 0.5351122022, Validation R-squared: 0.4539932311
2023-11-22 16:10:57,798 - INFO - Epoch 46 : Training Loss: 6.0971765518, Validation Loss: 6.5669703484, Training R-squared: 0.5369434357, Validation R-squared: 0.4540201128
2023-11-22 16:11:09,848 - INFO - Epoch 47 : Training Loss: 6.0830531120, Validation Loss: 6.5607967377, Training R-squared: 0.5401816368, Validation R-squared: 0.4549684823
2023-11-22 16:11:22,072 - INFO - Epoch 48 : Training Loss: 6.0658092499, Validation Loss: 6.5535755157, Training R-squared: 0.5422297120, Validation R-squared: 0.4565106630
2023-11-22 16:11:33,999 - INFO - Epoch 49 : Training Loss: 6.0541920662, Validation Loss: 6.5527653694, Training R-squared: 0.5437472463, Validation R-squared: 0.4565947950
2023-11-22 16:11:46,073 - INFO - Epoch 50 : Training Loss: 6.0283555984, Validation Loss: 6.5571446419, Training R-squared: 0.5462610126, Validation R-squared: 0.4559057951
2023-11-22 16:11:57,793 - INFO - Epoch 51 : Training Loss: 6.0165047646, Validation Loss: 6.5738210678, Training R-squared: 0.5492736697, Validation R-squared: 0.4528488815
2023-11-22 16:12:09,813 - INFO - Epoch 52 : Training Loss: 5.9980072975, Validation Loss: 6.5783972740, Training R-squared: 0.5522301793, Validation R-squared: 0.4521628022
2023-11-22 16:12:21,960 - INFO - Epoch 53 : Training Loss: 5.9858846664, Validation Loss: 6.5397806168, Training R-squared: 0.5536371469, Validation R-squared: 0.4585713744
2023-11-22 16:12:33,981 - INFO - Epoch 54 : Training Loss: 5.9581117630, Validation Loss: 6.5189738274, Training R-squared: 0.5574612617, Validation R-squared: 0.4623424411
2023-11-22 16:12:46,119 - INFO - Epoch 55 : Training Loss: 5.9470062256, Validation Loss: 6.5397825241, Training R-squared: 0.5593394637, Validation R-squared: 0.4590164721
2023-11-22 16:12:58,122 - INFO - Epoch 56 : Training Loss: 5.9348545074, Validation Loss: 6.5909838676, Training R-squared: 0.5614671707, Validation R-squared: 0.4494062662
2023-11-22 16:13:10,250 - INFO - Epoch 57 : Training Loss: 5.9189038277, Validation Loss: 6.5456361771, Training R-squared: 0.5623141527, Validation R-squared: 0.4576368928
2023-11-22 16:13:22,697 - INFO - Epoch 58 : Training Loss: 5.9129295349, Validation Loss: 6.5082745552, Training R-squared: 0.5632517934, Validation R-squared: 0.4642011821
2023-11-22 16:13:34,742 - INFO - Epoch 59 : Training Loss: 5.9059648514, Validation Loss: 6.5368638039, Training R-squared: 0.5652073622, Validation R-squared: 0.4588576853
2023-11-22 16:13:47,198 - INFO - Epoch 60 : Training Loss: 5.8815402985, Validation Loss: 6.5223550797, Training R-squared: 0.5688979030, Validation R-squared: 0.4614800513
2023-11-22 16:13:59,877 - INFO - Epoch 61 : Training Loss: 5.8655676842, Validation Loss: 6.5410075188, Training R-squared: 0.5697104931, Validation R-squared: 0.4581527114
2023-11-22 16:14:12,142 - INFO - Epoch 62 : Training Loss: 5.8533024788, Validation Loss: 6.5703115463, Training R-squared: 0.5711157322, Validation R-squared: 0.4529011250
2023-11-22 16:14:24,681 - INFO - Epoch 63 : Training Loss: 5.8417162895, Validation Loss: 6.5208468437, Training R-squared: 0.5733837485, Validation R-squared: 0.4615108073
2023-11-22 16:14:40,889 - INFO - Model saved to models/portion_model/breakfast/512_512_200_64/sparsity_35_fold_5_model.keras
2023-11-22 16:14:45,011 - INFO - Avg Metrics: RMSE: 5.0514570251, R-squared: 0.1010134140, PCC: 0.6823987041
2023-11-22 16:14:45,012 - INFO - Agg Metrics: RMSE: 6.6365606593, R-squared: 0.4509187801, PCC: 0.6723452631
2023-11-22 16:15:01,416 - INFO - ================================================================== Results Summary ===================================================================
2023-11-22 16:15:01,417 - INFO - CrossVal Metrics (Avg.) - RMSE: 5.0205135074  0.0555960081, R2: -0.3110921593  0.0555960081, PCC: 0.6966867596  0.0555960081
2023-11-22 16:15:01,417 - INFO - Testing  Metrics (Avg.) - RMSE: 5.0426200628, R2: -0.0862115384, PCC: 0.7090864670
2023-11-22 16:15:01,417 - INFO - CrossVal Metrics (Agg.) - RMSE: 6.6942817316  0.0555960081, R2: 0.4551416308  0.0555960081, PCC: 0.6764581879  0.0555960081
2023-11-22 16:15:01,418 - INFO - Testing  Metrics (Agg.) - RMSE: 7.0589871897, R2: 0.4245153011, PCC: 0.6555037882
