2023-11-22 13:39:29,239 - INFO - Training model at 30% sparse columns removed...
2023-11-22 13:39:37,897 - INFO - ================================================================== Fold 1 ===================================================================
2023-11-22 13:39:57,118 - INFO - Epoch 1  : Training Loss: 8.3752374649, Validation Loss: 8.3458175659, Training R-squared: 0.0686995015, Validation R-squared: 0.0968011618
2023-11-22 13:40:10,190 - INFO - Epoch 2  : Training Loss: 7.9545564651, Validation Loss: 7.8826146126, Training R-squared: 0.1615186781, Validation R-squared: 0.1952365637
2023-11-22 13:40:23,373 - INFO - Epoch 3  : Training Loss: 7.6549263000, Validation Loss: 7.5881924629, Training R-squared: 0.2225554585, Validation R-squared: 0.2542062402
2023-11-22 13:40:36,282 - INFO - Epoch 4  : Training Loss: 7.1868629456, Validation Loss: 7.1109261513, Training R-squared: 0.3149409294, Validation R-squared: 0.3452143073
2023-11-22 13:40:49,287 - INFO - Epoch 5  : Training Loss: 6.9313359261, Validation Loss: 6.9986162186, Training R-squared: 0.3639828563, Validation R-squared: 0.3660171628
2023-11-22 13:41:02,211 - INFO - Epoch 6  : Training Loss: 6.8319902420, Validation Loss: 6.9260783195, Training R-squared: 0.3817690015, Validation R-squared: 0.3790268004
2023-11-22 13:41:15,138 - INFO - Epoch 7  : Training Loss: 6.7811489105, Validation Loss: 6.9133200645, Training R-squared: 0.3916040361, Validation R-squared: 0.3819504082
2023-11-22 13:41:28,500 - INFO - Epoch 8  : Training Loss: 6.7441306114, Validation Loss: 6.8933415413, Training R-squared: 0.3987940848, Validation R-squared: 0.3855013549
2023-11-22 13:41:42,753 - INFO - Epoch 9  : Training Loss: 6.7244505882, Validation Loss: 6.8764004707, Training R-squared: 0.4023267031, Validation R-squared: 0.3881517947
2023-11-22 13:41:56,935 - INFO - Epoch 10 : Training Loss: 6.7099299431, Validation Loss: 6.8708419800, Training R-squared: 0.4052188396, Validation R-squared: 0.3891554177
2023-11-22 13:42:10,552 - INFO - Epoch 11 : Training Loss: 6.6778063774, Validation Loss: 6.8661613464, Training R-squared: 0.4095648229, Validation R-squared: 0.3899497688
2023-11-22 13:42:23,739 - INFO - Epoch 12 : Training Loss: 6.6621174812, Validation Loss: 6.8598566055, Training R-squared: 0.4137277305, Validation R-squared: 0.3912827671
2023-11-22 13:42:38,652 - INFO - Epoch 13 : Training Loss: 6.6413636208, Validation Loss: 6.8523139954, Training R-squared: 0.4162697494, Validation R-squared: 0.3925861418
2023-11-22 13:42:51,583 - INFO - Epoch 14 : Training Loss: 6.6166896820, Validation Loss: 6.8378219604, Training R-squared: 0.4218740463, Validation R-squared: 0.3955831826
2023-11-22 13:43:05,297 - INFO - Epoch 15 : Training Loss: 6.5817332268, Validation Loss: 6.8104224205, Training R-squared: 0.4269099236, Validation R-squared: 0.4002863765
2023-11-22 13:43:19,445 - INFO - Epoch 16 : Training Loss: 6.5407352448, Validation Loss: 6.7872166634, Training R-squared: 0.4342447519, Validation R-squared: 0.4041929841
2023-11-22 13:43:33,353 - INFO - Epoch 17 : Training Loss: 6.5065336227, Validation Loss: 6.7697029114, Training R-squared: 0.4401946962, Validation R-squared: 0.4072978199
2023-11-22 13:43:47,041 - INFO - Epoch 18 : Training Loss: 6.4719390869, Validation Loss: 6.7435894012, Training R-squared: 0.4464927018, Validation R-squared: 0.4122083187
2023-11-22 13:44:01,092 - INFO - Epoch 19 : Training Loss: 6.4348506927, Validation Loss: 6.7213435173, Training R-squared: 0.4526657462, Validation R-squared: 0.4159910083
2023-11-22 13:44:14,358 - INFO - Epoch 20 : Training Loss: 6.3978080750, Validation Loss: 6.7117357254, Training R-squared: 0.4588770866, Validation R-squared: 0.4176488817
2023-11-22 13:44:28,146 - INFO - Epoch 21 : Training Loss: 6.3711476326, Validation Loss: 6.7118153572, Training R-squared: 0.4625708163, Validation R-squared: 0.4183264971
2023-11-22 13:44:41,066 - INFO - Epoch 22 : Training Loss: 6.3430509567, Validation Loss: 6.6918354034, Training R-squared: 0.4674473703, Validation R-squared: 0.4216489792
2023-11-22 13:44:53,793 - INFO - Epoch 23 : Training Loss: 6.3324975967, Validation Loss: 6.6801705360, Training R-squared: 0.4694589078, Validation R-squared: 0.4234320223
2023-11-22 13:45:07,690 - INFO - Epoch 24 : Training Loss: 6.2991824150, Validation Loss: 6.6822323799, Training R-squared: 0.4741970003, Validation R-squared: 0.4233404100
2023-11-22 13:45:20,642 - INFO - Epoch 25 : Training Loss: 6.2759919167, Validation Loss: 6.6771430969, Training R-squared: 0.4775913656, Validation R-squared: 0.4234281778
2023-11-22 13:45:33,732 - INFO - Epoch 26 : Training Loss: 6.2700552940, Validation Loss: 6.6551766396, Training R-squared: 0.4803582430, Validation R-squared: 0.4280012250
2023-11-22 13:45:47,080 - INFO - Epoch 27 : Training Loss: 6.2474689484, Validation Loss: 6.6468138695, Training R-squared: 0.4835747778, Validation R-squared: 0.4292315543
2023-11-22 13:45:59,626 - INFO - Epoch 28 : Training Loss: 6.2298293114, Validation Loss: 6.6518259048, Training R-squared: 0.4856543541, Validation R-squared: 0.4279662669
2023-11-22 13:46:12,874 - INFO - Epoch 29 : Training Loss: 6.2099690437, Validation Loss: 6.6343164444, Training R-squared: 0.4888179600, Validation R-squared: 0.4314262271
2023-11-22 13:46:25,963 - INFO - Epoch 30 : Training Loss: 6.1862173080, Validation Loss: 6.6318192482, Training R-squared: 0.4938156903, Validation R-squared: 0.4314727485
2023-11-22 13:46:38,667 - INFO - Epoch 31 : Training Loss: 6.1571502686, Validation Loss: 6.6166892052, Training R-squared: 0.4982900620, Validation R-squared: 0.4341986179
2023-11-22 13:46:51,594 - INFO - Epoch 32 : Training Loss: 6.1385002136, Validation Loss: 6.6085348129, Training R-squared: 0.5001947284, Validation R-squared: 0.4357162416
2023-11-22 13:47:04,219 - INFO - Epoch 33 : Training Loss: 6.1205058098, Validation Loss: 6.6057753563, Training R-squared: 0.5037848353, Validation R-squared: 0.4357327521
2023-11-22 13:47:17,790 - INFO - Epoch 34 : Training Loss: 6.1045956612, Validation Loss: 6.5933184624, Training R-squared: 0.5057824254, Validation R-squared: 0.4383080304
2023-11-22 13:47:30,386 - INFO - Epoch 35 : Training Loss: 6.0943956375, Validation Loss: 6.6015954018, Training R-squared: 0.5075730085, Validation R-squared: 0.4361754954
2023-11-22 13:47:43,520 - INFO - Epoch 36 : Training Loss: 6.0714769363, Validation Loss: 6.5929164886, Training R-squared: 0.5107209086, Validation R-squared: 0.4377970695
2023-11-22 13:47:56,409 - INFO - Epoch 37 : Training Loss: 6.0576033592, Validation Loss: 6.5890727043, Training R-squared: 0.5128092766, Validation R-squared: 0.4384597838
2023-11-22 13:48:09,500 - INFO - Epoch 38 : Training Loss: 6.0449399948, Validation Loss: 6.5960845947, Training R-squared: 0.5146107674, Validation R-squared: 0.4367491603
2023-11-22 13:48:22,490 - INFO - Epoch 39 : Training Loss: 6.0052394867, Validation Loss: 6.5589289665, Training R-squared: 0.5204769373, Validation R-squared: 0.4441674948
2023-11-22 13:48:35,480 - INFO - Epoch 40 : Training Loss: 5.9933423996, Validation Loss: 6.5664114952, Training R-squared: 0.5234571099, Validation R-squared: 0.4423877299
2023-11-22 13:48:48,537 - INFO - Epoch 41 : Training Loss: 5.9855685234, Validation Loss: 6.5633358955, Training R-squared: 0.5243963003, Validation R-squared: 0.4427572191
2023-11-22 13:49:01,253 - INFO - Epoch 42 : Training Loss: 5.9619174004, Validation Loss: 6.5655231476, Training R-squared: 0.5278834105, Validation R-squared: 0.4424991310
2023-11-22 13:49:14,285 - INFO - Epoch 43 : Training Loss: 5.9472198486, Validation Loss: 6.5976457596, Training R-squared: 0.5296996832, Validation R-squared: 0.4360622764
2023-11-22 13:49:27,341 - INFO - Epoch 44 : Training Loss: 5.9284834862, Validation Loss: 6.5319714546, Training R-squared: 0.5325880051, Validation R-squared: 0.4487751126
2023-11-22 13:49:39,978 - INFO - Epoch 45 : Training Loss: 5.9188904762, Validation Loss: 6.5422611237, Training R-squared: 0.5343676805, Validation R-squared: 0.4463334084
2023-11-22 13:49:53,229 - INFO - Epoch 46 : Training Loss: 5.8996124268, Validation Loss: 6.5448079109, Training R-squared: 0.5363080502, Validation R-squared: 0.4457474053
2023-11-22 13:50:06,070 - INFO - Epoch 47 : Training Loss: 5.8788747787, Validation Loss: 6.5367164612, Training R-squared: 0.5402550101, Validation R-squared: 0.4471279681
2023-11-22 13:50:18,872 - INFO - Epoch 48 : Training Loss: 5.8655381203, Validation Loss: 6.5396451950, Training R-squared: 0.5420524478, Validation R-squared: 0.4466546774
2023-11-22 13:50:31,780 - INFO - Epoch 49 : Training Loss: 5.8505721092, Validation Loss: 6.5194344521, Training R-squared: 0.5447932482, Validation R-squared: 0.4506475329
2023-11-22 13:50:44,432 - INFO - Epoch 50 : Training Loss: 5.8364939690, Validation Loss: 6.5279445648, Training R-squared: 0.5467471480, Validation R-squared: 0.4490335584
2023-11-22 13:50:57,138 - INFO - Epoch 51 : Training Loss: 5.8222875595, Validation Loss: 6.5470342636, Training R-squared: 0.5495737195, Validation R-squared: 0.4452377856
2023-11-22 13:51:10,326 - INFO - Epoch 52 : Training Loss: 5.8028416634, Validation Loss: 6.5184526443, Training R-squared: 0.5499916077, Validation R-squared: 0.4504234195
2023-11-22 13:51:24,129 - INFO - Epoch 53 : Training Loss: 5.7954249382, Validation Loss: 6.5399045944, Training R-squared: 0.5523819327, Validation R-squared: 0.4464920461
2023-11-22 13:51:37,196 - INFO - Epoch 54 : Training Loss: 5.7780857086, Validation Loss: 6.5417056084, Training R-squared: 0.5536774993, Validation R-squared: 0.4458820820
2023-11-22 13:51:49,841 - INFO - Epoch 55 : Training Loss: 5.7594552040, Validation Loss: 6.5151667595, Training R-squared: 0.5565916896, Validation R-squared: 0.4506223500
2023-11-22 13:52:02,778 - INFO - Epoch 56 : Training Loss: 5.7474970818, Validation Loss: 6.5268654823, Training R-squared: 0.5598452091, Validation R-squared: 0.4482413232
2023-11-22 13:52:15,967 - INFO - Epoch 57 : Training Loss: 5.7377929688, Validation Loss: 6.5266008377, Training R-squared: 0.5604255795, Validation R-squared: 0.4484584332
2023-11-22 13:52:29,103 - INFO - Epoch 58 : Training Loss: 5.7222595215, Validation Loss: 6.5127549171, Training R-squared: 0.5632634759, Validation R-squared: 0.4508338571
2023-11-22 13:52:41,962 - INFO - Epoch 59 : Training Loss: 5.7040510178, Validation Loss: 6.5167884827, Training R-squared: 0.5665556192, Validation R-squared: 0.4508173466
2023-11-22 13:52:54,970 - INFO - Epoch 60 : Training Loss: 5.6920561790, Validation Loss: 6.5115590096, Training R-squared: 0.5681021810, Validation R-squared: 0.4508388340
2023-11-22 13:53:08,162 - INFO - Epoch 61 : Training Loss: 5.6751160622, Validation Loss: 6.5317311287, Training R-squared: 0.5693135262, Validation R-squared: 0.4469234347
2023-11-22 13:53:21,008 - INFO - Epoch 62 : Training Loss: 5.6611871719, Validation Loss: 6.5107893944, Training R-squared: 0.5715768337, Validation R-squared: 0.4508396685
2023-11-22 13:53:34,071 - INFO - Epoch 63 : Training Loss: 5.6346492767, Validation Loss: 6.5297827721, Training R-squared: 0.5755638480, Validation R-squared: 0.4469172955
2023-11-22 13:53:47,911 - INFO - Epoch 64 : Training Loss: 5.6202011108, Validation Loss: 6.5142774582, Training R-squared: 0.5778695345, Validation R-squared: 0.4498389065
2023-11-22 13:54:01,513 - INFO - Epoch 65 : Training Loss: 5.5992102623, Validation Loss: 6.4964327812, Training R-squared: 0.5809070468, Validation R-squared: 0.4531678855
2023-11-22 13:54:14,551 - INFO - Epoch 66 : Training Loss: 5.5829801559, Validation Loss: 6.4782857895, Training R-squared: 0.5821849108, Validation R-squared: 0.4563358128
2023-11-22 13:54:27,793 - INFO - Epoch 67 : Training Loss: 5.5587372780, Validation Loss: 6.5089206696, Training R-squared: 0.5859120488, Validation R-squared: 0.4504751563
2023-11-22 13:54:40,676 - INFO - Epoch 68 : Training Loss: 5.5550427437, Validation Loss: 6.5455884933, Training R-squared: 0.5869191885, Validation R-squared: 0.4433972538
2023-11-22 13:54:53,552 - INFO - Epoch 69 : Training Loss: 5.5297036171, Validation Loss: 6.5116682053, Training R-squared: 0.5899386406, Validation R-squared: 0.4497963488
2023-11-22 13:55:06,351 - INFO - Epoch 70 : Training Loss: 5.5101046562, Validation Loss: 6.4713873863, Training R-squared: 0.5918914080, Validation R-squared: 0.4567627609
2023-11-22 13:55:19,558 - INFO - Epoch 71 : Training Loss: 5.5024590492, Validation Loss: 6.5168895721, Training R-squared: 0.5936337709, Validation R-squared: 0.4489365220
2023-11-22 13:55:32,228 - INFO - Epoch 72 : Training Loss: 5.5000252724, Validation Loss: 6.4839444160, Training R-squared: 0.5938946009, Validation R-squared: 0.4543673694
2023-11-22 13:55:45,232 - INFO - Epoch 73 : Training Loss: 5.4877305031, Validation Loss: 6.5054221153, Training R-squared: 0.5953650475, Validation R-squared: 0.4505913258
2023-11-22 13:55:58,254 - INFO - Epoch 74 : Training Loss: 5.4735631943, Validation Loss: 6.4517426491, Training R-squared: 0.5979995131, Validation R-squared: 0.4604760408
2023-11-22 13:56:10,929 - INFO - Epoch 75 : Training Loss: 5.4519138336, Validation Loss: 6.5298457146, Training R-squared: 0.6010628343, Validation R-squared: 0.4460102320
2023-11-22 13:56:24,530 - INFO - Epoch 76 : Training Loss: 5.4474377632, Validation Loss: 6.4766445160, Training R-squared: 0.6022393107, Validation R-squared: 0.4554051161
2023-11-22 13:56:37,136 - INFO - Epoch 77 : Training Loss: 5.4263834953, Validation Loss: 6.4608469009, Training R-squared: 0.6040370464, Validation R-squared: 0.4582428038
2023-11-22 13:56:49,839 - INFO - Epoch 78 : Training Loss: 5.4103746414, Validation Loss: 6.4835157394, Training R-squared: 0.6069817543, Validation R-squared: 0.4541716576
2023-11-22 13:57:03,063 - INFO - Epoch 79 : Training Loss: 5.3978886604, Validation Loss: 6.5032453537, Training R-squared: 0.6084858775, Validation R-squared: 0.4498419762
2023-11-22 13:57:20,413 - INFO - Model saved to models/portion_model/breakfast/512_512_200_64/sparsity_30_fold_1_model.keras
2023-11-22 13:57:26,334 - INFO - Avg Metrics: RMSE: 4.8436377995, R-squared: -0.1676913002, PCC: 0.7058845540
2023-11-22 13:57:26,334 - INFO - Agg Metrics: RMSE: 6.5889443506, R-squared: 0.4485733207, PCC: 0.6716586573
2023-11-22 13:57:32,255 - INFO - ================================================================== Fold 2 ===================================================================
2023-11-22 13:57:50,684 - INFO - Epoch 1  : Training Loss: 8.4088459015, Validation Loss: 8.1920557022, Training R-squared: 0.0673680604, Validation R-squared: 0.1009505764
2023-11-22 13:58:04,179 - INFO - Epoch 2  : Training Loss: 7.9726109505, Validation Loss: 7.7416868210, Training R-squared: 0.1653885394, Validation R-squared: 0.1988210529
2023-11-22 13:58:17,696 - INFO - Epoch 3  : Training Loss: 7.6778678894, Validation Loss: 7.4543585777, Training R-squared: 0.2255031168, Validation R-squared: 0.2587905526
2023-11-22 13:58:30,657 - INFO - Epoch 4  : Training Loss: 7.2967724800, Validation Loss: 7.0151376724, Training R-squared: 0.3026276231, Validation R-squared: 0.3442327976
2023-11-22 13:58:43,903 - INFO - Epoch 5  : Training Loss: 6.9899182320, Validation Loss: 6.9259457588, Training R-squared: 0.3581566811, Validation R-squared: 0.3610199392
2023-11-22 13:58:57,027 - INFO - Epoch 6  : Training Loss: 6.9014883041, Validation Loss: 6.8823237419, Training R-squared: 0.3702941835, Validation R-squared: 0.3698398471
2023-11-22 13:59:10,250 - INFO - Epoch 7  : Training Loss: 6.8422493935, Validation Loss: 6.8248243332, Training R-squared: 0.3869119585, Validation R-squared: 0.3806106448
2023-11-22 13:59:23,872 - INFO - Epoch 8  : Training Loss: 6.7720241547, Validation Loss: 6.7954525948, Training R-squared: 0.3973153234, Validation R-squared: 0.3864131868
2023-11-22 13:59:37,080 - INFO - Epoch 9  : Training Loss: 6.7396521568, Validation Loss: 6.7990374565, Training R-squared: 0.4026504457, Validation R-squared: 0.3847182989
2023-11-22 13:59:50,619 - INFO - Epoch 10 : Training Loss: 6.7115483284, Validation Loss: 6.7834911346, Training R-squared: 0.4068855643, Validation R-squared: 0.3883622289
2023-11-22 14:00:04,200 - INFO - Epoch 11 : Training Loss: 6.7045083046, Validation Loss: 6.7858581543, Training R-squared: 0.4109635949, Validation R-squared: 0.3880096078
2023-11-22 14:00:17,352 - INFO - Epoch 12 : Training Loss: 6.6778473854, Validation Loss: 6.7889804840, Training R-squared: 0.4158206284, Validation R-squared: 0.3865709007
2023-11-22 14:00:30,513 - INFO - Epoch 13 : Training Loss: 6.6552534103, Validation Loss: 6.7816891670, Training R-squared: 0.4197514057, Validation R-squared: 0.3883835375
2023-11-22 14:00:43,883 - INFO - Epoch 14 : Training Loss: 6.6291289330, Validation Loss: 6.7773747444, Training R-squared: 0.4223292470, Validation R-squared: 0.3889286220
2023-11-22 14:00:56,808 - INFO - Epoch 15 : Training Loss: 6.6057429314, Validation Loss: 6.7665748596, Training R-squared: 0.4271986783, Validation R-squared: 0.3908042610
2023-11-22 14:01:09,996 - INFO - Epoch 16 : Training Loss: 6.5668864250, Validation Loss: 6.7425632477, Training R-squared: 0.4338071048, Validation R-squared: 0.3954329193
2023-11-22 14:01:23,499 - INFO - Epoch 17 : Training Loss: 6.5316858292, Validation Loss: 6.7168383598, Training R-squared: 0.4329398572, Validation R-squared: 0.4006944299
2023-11-22 14:01:36,466 - INFO - Epoch 18 : Training Loss: 6.4981226921, Validation Loss: 6.7079615593, Training R-squared: 0.4441478848, Validation R-squared: 0.4023512602
2023-11-22 14:01:50,001 - INFO - Epoch 19 : Training Loss: 6.4696273804, Validation Loss: 6.6905989647, Training R-squared: 0.4485538006, Validation R-squared: 0.4046656191
2023-11-22 14:02:04,521 - INFO - Epoch 20 : Training Loss: 6.4358124733, Validation Loss: 6.6566896439, Training R-squared: 0.4543525577, Validation R-squared: 0.4113816023
2023-11-22 14:02:17,974 - INFO - Epoch 21 : Training Loss: 6.4001975060, Validation Loss: 6.6410307884, Training R-squared: 0.4607566297, Validation R-squared: 0.4143951535
2023-11-22 14:02:31,440 - INFO - Epoch 22 : Training Loss: 6.3602075577, Validation Loss: 6.6308593750, Training R-squared: 0.4693292677, Validation R-squared: 0.4158492088
2023-11-22 14:02:44,679 - INFO - Epoch 23 : Training Loss: 6.3252143860, Validation Loss: 6.6004595757, Training R-squared: 0.4729560614, Validation R-squared: 0.4214169383
2023-11-22 14:02:58,556 - INFO - Epoch 24 : Training Loss: 6.2967991829, Validation Loss: 6.5926227570, Training R-squared: 0.4782777727, Validation R-squared: 0.4224859774
2023-11-22 14:03:12,138 - INFO - Epoch 25 : Training Loss: 6.2728562355, Validation Loss: 6.5697073936, Training R-squared: 0.4798878133, Validation R-squared: 0.4265097380
2023-11-22 14:03:26,742 - INFO - Epoch 26 : Training Loss: 6.2512545586, Validation Loss: 6.5713977814, Training R-squared: 0.4865449965, Validation R-squared: 0.4259008467
2023-11-22 14:03:40,961 - INFO - Epoch 27 : Training Loss: 6.2218976021, Validation Loss: 6.5597906113, Training R-squared: 0.4905400276, Validation R-squared: 0.4284459651
2023-11-22 14:03:55,751 - INFO - Epoch 28 : Training Loss: 6.2061147690, Validation Loss: 6.5810279846, Training R-squared: 0.4945152700, Validation R-squared: 0.4238513112
2023-11-22 14:04:09,338 - INFO - Epoch 29 : Training Loss: 6.1893267632, Validation Loss: 6.5471253395, Training R-squared: 0.4968998134, Validation R-squared: 0.4305629432
2023-11-22 14:04:24,130 - INFO - Epoch 30 : Training Loss: 6.1615762711, Validation Loss: 6.5557789803, Training R-squared: 0.4988724887, Validation R-squared: 0.4287026525
2023-11-22 14:04:41,708 - INFO - Epoch 31 : Training Loss: 6.1549439430, Validation Loss: 6.5340213776, Training R-squared: 0.5006652474, Validation R-squared: 0.4328959584
2023-11-22 14:04:57,894 - INFO - Epoch 32 : Training Loss: 6.1424827576, Validation Loss: 6.5450420380, Training R-squared: 0.5037153959, Validation R-squared: 0.4305620492
2023-11-22 14:05:13,087 - INFO - Epoch 33 : Training Loss: 6.1153321266, Validation Loss: 6.5470523834, Training R-squared: 0.5081132650, Validation R-squared: 0.4297209084
2023-11-22 14:05:28,154 - INFO - Epoch 34 : Training Loss: 6.1103277206, Validation Loss: 6.5280861855, Training R-squared: 0.5084594488, Validation R-squared: 0.4333285093
2023-11-22 14:05:42,340 - INFO - Epoch 35 : Training Loss: 6.0976047516, Validation Loss: 6.5298361778, Training R-squared: 0.5098549724, Validation R-squared: 0.4332727492
2023-11-22 14:05:56,568 - INFO - Epoch 36 : Training Loss: 6.0773396492, Validation Loss: 6.5275979042, Training R-squared: 0.5141795278, Validation R-squared: 0.4337064624
2023-11-22 14:06:11,615 - INFO - Epoch 37 : Training Loss: 6.0615239143, Validation Loss: 6.5361809731, Training R-squared: 0.5138232112, Validation R-squared: 0.4317412674
2023-11-22 14:06:25,854 - INFO - Epoch 38 : Training Loss: 6.0525774956, Validation Loss: 6.5273137093, Training R-squared: 0.5162478685, Validation R-squared: 0.4333835542
2023-11-22 14:06:41,183 - INFO - Epoch 39 : Training Loss: 6.0380172729, Validation Loss: 6.5411162376, Training R-squared: 0.5189868212, Validation R-squared: 0.4305845499
2023-11-22 14:06:56,540 - INFO - Epoch 40 : Training Loss: 6.0311856270, Validation Loss: 6.5088429451, Training R-squared: 0.5207901001, Validation R-squared: 0.4370725453
2023-11-22 14:07:12,666 - INFO - Epoch 41 : Training Loss: 6.0100092888, Validation Loss: 6.5352640152, Training R-squared: 0.5223910809, Validation R-squared: 0.4311650097
2023-11-22 14:07:28,960 - INFO - Epoch 42 : Training Loss: 5.9987568855, Validation Loss: 6.5026178360, Training R-squared: 0.5228708386, Validation R-squared: 0.4382943213
2023-11-22 14:07:44,102 - INFO - Epoch 43 : Training Loss: 5.9840645790, Validation Loss: 6.5036153793, Training R-squared: 0.5282439590, Validation R-squared: 0.4379846454
2023-11-22 14:07:58,614 - INFO - Epoch 44 : Training Loss: 5.9716300964, Validation Loss: 6.5227327347, Training R-squared: 0.5298048258, Validation R-squared: 0.4334235191
2023-11-22 14:08:13,097 - INFO - Epoch 45 : Training Loss: 5.9597535133, Validation Loss: 6.4975838661, Training R-squared: 0.5320274830, Validation R-squared: 0.4379996061
2023-11-22 14:08:28,129 - INFO - Epoch 46 : Training Loss: 5.9428510666, Validation Loss: 6.4848389626, Training R-squared: 0.5315207839, Validation R-squared: 0.4404128790
2023-11-22 14:08:44,019 - INFO - Epoch 47 : Training Loss: 5.9242639542, Validation Loss: 6.4830198288, Training R-squared: 0.5352359414, Validation R-squared: 0.4405282438
2023-11-22 14:08:58,710 - INFO - Epoch 48 : Training Loss: 5.9070668221, Validation Loss: 6.5266389847, Training R-squared: 0.5397542715, Validation R-squared: 0.4316738248
2023-11-22 14:09:13,801 - INFO - Epoch 49 : Training Loss: 5.8875427246, Validation Loss: 6.4727191925, Training R-squared: 0.5419388413, Validation R-squared: 0.4420655966
2023-11-22 14:09:29,938 - INFO - Epoch 50 : Training Loss: 5.8801016808, Validation Loss: 6.4892668724, Training R-squared: 0.5424278378, Validation R-squared: 0.4388347864
2023-11-22 14:09:46,177 - INFO - Epoch 51 : Training Loss: 5.8636965752, Validation Loss: 6.4881882668, Training R-squared: 0.5447151065, Validation R-squared: 0.4386685789
2023-11-22 14:10:02,941 - INFO - Epoch 52 : Training Loss: 5.8520126343, Validation Loss: 6.4688873291, Training R-squared: 0.5455323458, Validation R-squared: 0.4428696930
2023-11-22 14:10:18,304 - INFO - Epoch 53 : Training Loss: 5.8292574883, Validation Loss: 6.4538397789, Training R-squared: 0.5509696603, Validation R-squared: 0.4455985129
2023-11-22 14:10:35,081 - INFO - Epoch 54 : Training Loss: 5.8189897537, Validation Loss: 6.4741210938, Training R-squared: 0.5514038205, Validation R-squared: 0.4409869909
2023-11-22 14:10:50,913 - INFO - Epoch 55 : Training Loss: 5.8001294136, Validation Loss: 6.4632329941, Training R-squared: 0.5529125333, Validation R-squared: 0.4428867102
2023-11-22 14:11:06,606 - INFO - Epoch 56 : Training Loss: 5.7927832603, Validation Loss: 6.4586548805, Training R-squared: 0.5449681878, Validation R-squared: 0.4438992441
2023-11-22 14:11:20,951 - INFO - Epoch 57 : Training Loss: 5.7758016586, Validation Loss: 6.4289312363, Training R-squared: 0.5590101480, Validation R-squared: 0.4488314390
2023-11-22 14:11:35,294 - INFO - Epoch 58 : Training Loss: 5.7496690750, Validation Loss: 6.4146909714, Training R-squared: 0.5624422431, Validation R-squared: 0.4520779252
2023-11-22 14:11:50,255 - INFO - Epoch 59 : Training Loss: 5.7449126244, Validation Loss: 6.4350008965, Training R-squared: 0.5628141761, Validation R-squared: 0.4477790594
2023-11-22 14:12:04,688 - INFO - Epoch 60 : Training Loss: 5.7253289223, Validation Loss: 6.4066882133, Training R-squared: 0.5645390153, Validation R-squared: 0.4529344738
2023-11-22 14:12:19,676 - INFO - Epoch 61 : Training Loss: 5.7184543610, Validation Loss: 6.4505515099, Training R-squared: 0.5674807429, Validation R-squared: 0.4437372386
2023-11-22 14:12:34,565 - INFO - Epoch 62 : Training Loss: 5.6994833946, Validation Loss: 6.4261054993, Training R-squared: 0.5682460666, Validation R-squared: 0.4483425319
2023-11-22 14:12:49,025 - INFO - Epoch 63 : Training Loss: 5.6811008453, Validation Loss: 6.4231672287, Training R-squared: 0.5718061924, Validation R-squared: 0.4493354559
2023-11-22 14:13:03,445 - INFO - Epoch 64 : Training Loss: 5.6627979279, Validation Loss: 6.3994202614, Training R-squared: 0.5741173625, Validation R-squared: 0.4538136721
2023-11-22 14:13:17,743 - INFO - Epoch 65 : Training Loss: 5.6558556557, Validation Loss: 6.4330539703, Training R-squared: 0.5738503933, Validation R-squared: 0.4463841915
2023-11-22 14:13:31,897 - INFO - Epoch 66 : Training Loss: 5.6515226364, Validation Loss: 6.4306759834, Training R-squared: 0.5759558678, Validation R-squared: 0.4464287162
2023-11-22 14:13:46,364 - INFO - Epoch 67 : Training Loss: 5.6395249367, Validation Loss: 6.4354395866, Training R-squared: 0.5789043903, Validation R-squared: 0.4462769330
2023-11-22 14:14:01,892 - INFO - Epoch 68 : Training Loss: 5.6205534935, Validation Loss: 6.3881878853, Training R-squared: 0.5784605742, Validation R-squared: 0.4550303519
2023-11-22 14:14:17,415 - INFO - Epoch 69 : Training Loss: 5.6043806076, Validation Loss: 6.3903450966, Training R-squared: 0.5828900933, Validation R-squared: 0.4552890956
2023-11-22 14:14:32,720 - INFO - Epoch 70 : Training Loss: 5.5927224159, Validation Loss: 6.3748145103, Training R-squared: 0.5832986236, Validation R-squared: 0.4575956166
2023-11-22 14:14:47,790 - INFO - Epoch 71 : Training Loss: 5.5819220543, Validation Loss: 6.3532090187, Training R-squared: 0.5868046880, Validation R-squared: 0.4615944326
2023-11-22 14:15:02,954 - INFO - Epoch 72 : Training Loss: 5.5695314407, Validation Loss: 6.4037394524, Training R-squared: 0.5875142813, Validation R-squared: 0.4515369833
2023-11-22 14:15:18,291 - INFO - Epoch 73 : Training Loss: 5.5528211594, Validation Loss: 6.4033942223, Training R-squared: 0.5891925097, Validation R-squared: 0.4519438446
2023-11-22 14:15:33,481 - INFO - Epoch 74 : Training Loss: 5.5402779579, Validation Loss: 6.3981113434, Training R-squared: 0.5350695252, Validation R-squared: 0.4521225393
2023-11-22 14:15:48,558 - INFO - Epoch 75 : Training Loss: 5.5162124634, Validation Loss: 6.3594603539, Training R-squared: 0.5955275297, Validation R-squared: 0.4598497450
2023-11-22 14:16:03,698 - INFO - Epoch 76 : Training Loss: 5.5175733566, Validation Loss: 6.3624186516, Training R-squared: 0.5951036811, Validation R-squared: 0.4594227970
2023-11-22 14:16:23,230 - INFO - Model saved to models/portion_model/breakfast/512_512_200_64/sparsity_30_fold_2_model.keras
2023-11-22 14:16:28,772 - INFO - Avg Metrics: RMSE: 4.8091503836, R-squared: 0.0671104962, PCC: 0.6991126624
2023-11-22 14:16:28,772 - INFO - Agg Metrics: RMSE: 6.6638571101, R-squared: 0.4310329103, PCC: 0.6590604334
2023-11-22 14:16:35,282 - INFO - ================================================================== Fold 3 ===================================================================
2023-11-22 14:16:55,979 - INFO - Epoch 1  : Training Loss: 8.4277553558, Validation Loss: 8.1616010666, Training R-squared: 0.0690432414, Validation R-squared: 0.0944767818
2023-11-22 14:17:10,899 - INFO - Epoch 2  : Training Loss: 8.0100946426, Validation Loss: 7.6672892570, Training R-squared: 0.1602081954, Validation R-squared: 0.2006542981
2023-11-22 14:17:26,097 - INFO - Epoch 3  : Training Loss: 7.6944608688, Validation Loss: 7.3418631554, Training R-squared: 0.2251467407, Validation R-squared: 0.2674215138
2023-11-22 14:17:41,202 - INFO - Epoch 4  : Training Loss: 7.2244858742, Validation Loss: 6.9310760498, Training R-squared: 0.3177718222, Validation R-squared: 0.3476502895
2023-11-22 14:17:56,090 - INFO - Epoch 5  : Training Loss: 6.9891676903, Validation Loss: 6.8233699799, Training R-squared: 0.3597863913, Validation R-squared: 0.3673083782
2023-11-22 14:18:11,076 - INFO - Epoch 6  : Training Loss: 6.8839278221, Validation Loss: 6.7514739037, Training R-squared: 0.3781954050, Validation R-squared: 0.3816619515
2023-11-22 14:18:26,427 - INFO - Epoch 7  : Training Loss: 6.8166408539, Validation Loss: 6.7264375687, Training R-squared: 0.3759251535, Validation R-squared: 0.3861897290
2023-11-22 14:18:41,439 - INFO - Epoch 8  : Training Loss: 6.7879242897, Validation Loss: 6.7138957977, Training R-squared: 0.3932908773, Validation R-squared: 0.3881988823
2023-11-22 14:18:56,614 - INFO - Epoch 9  : Training Loss: 6.7636351585, Validation Loss: 6.7223591805, Training R-squared: 0.4028942287, Validation R-squared: 0.3870543242
2023-11-22 14:19:11,697 - INFO - Epoch 10 : Training Loss: 6.7565760612, Validation Loss: 6.7021017075, Training R-squared: 0.4037302732, Validation R-squared: 0.3904248476
2023-11-22 14:19:27,007 - INFO - Epoch 11 : Training Loss: 6.7304396629, Validation Loss: 6.7021942139, Training R-squared: 0.3997615278, Validation R-squared: 0.3902813792
2023-11-22 14:19:42,043 - INFO - Epoch 12 : Training Loss: 6.7103013992, Validation Loss: 6.6984901428, Training R-squared: 0.4060893059, Validation R-squared: 0.3907642663
2023-11-22 14:19:57,077 - INFO - Epoch 13 : Training Loss: 6.6919169426, Validation Loss: 6.6953983307, Training R-squared: 0.4138304889, Validation R-squared: 0.3914695680
2023-11-22 14:20:11,991 - INFO - Epoch 14 : Training Loss: 6.6628170013, Validation Loss: 6.6786956787, Training R-squared: 0.4189070165, Validation R-squared: 0.3944681287
2023-11-22 14:20:27,285 - INFO - Epoch 15 : Training Loss: 6.6427178383, Validation Loss: 6.6584882736, Training R-squared: 0.4229361713, Validation R-squared: 0.3981920183
2023-11-22 14:20:42,466 - INFO - Epoch 16 : Training Loss: 6.5932383537, Validation Loss: 6.6394028664, Training R-squared: 0.4323589802, Validation R-squared: 0.4026403725
2023-11-22 14:20:57,347 - INFO - Epoch 17 : Training Loss: 6.5685892105, Validation Loss: 6.6079783440, Training R-squared: 0.4350557923, Validation R-squared: 0.4075802863
2023-11-22 14:21:12,417 - INFO - Epoch 18 : Training Loss: 6.5137734413, Validation Loss: 6.5833458900, Training R-squared: 0.4458522499, Validation R-squared: 0.4119352400
2023-11-22 14:21:27,958 - INFO - Epoch 19 : Training Loss: 6.4781126976, Validation Loss: 6.5755176544, Training R-squared: 0.4508889318, Validation R-squared: 0.4133012891
2023-11-22 14:21:43,189 - INFO - Epoch 20 : Training Loss: 6.4581766129, Validation Loss: 6.5599217415, Training R-squared: 0.4527224600, Validation R-squared: 0.4164076149
2023-11-22 14:21:58,163 - INFO - Epoch 21 : Training Loss: 6.4261679649, Validation Loss: 6.5450158119, Training R-squared: 0.4601141512, Validation R-squared: 0.4185239971
2023-11-22 14:22:13,282 - INFO - Epoch 22 : Training Loss: 6.3956942558, Validation Loss: 6.5300459862, Training R-squared: 0.4634954929, Validation R-squared: 0.4217297137
2023-11-22 14:22:28,246 - INFO - Epoch 23 : Training Loss: 6.3586540222, Validation Loss: 6.5151453018, Training R-squared: 0.4722322524, Validation R-squared: 0.4238474667
2023-11-22 14:22:43,210 - INFO - Epoch 24 : Training Loss: 6.3230104446, Validation Loss: 6.4908475876, Training R-squared: 0.4766897559, Validation R-squared: 0.4291059971
2023-11-22 14:22:58,116 - INFO - Epoch 25 : Training Loss: 6.3008427620, Validation Loss: 6.4725179672, Training R-squared: 0.4818033576, Validation R-squared: 0.4318936467
2023-11-22 14:23:13,306 - INFO - Epoch 26 : Training Loss: 6.2663397789, Validation Loss: 6.4731936455, Training R-squared: 0.4758206606, Validation R-squared: 0.4308650196
2023-11-22 14:23:28,450 - INFO - Epoch 27 : Training Loss: 6.2576894760, Validation Loss: 6.4540004730, Training R-squared: 0.4744901657, Validation R-squared: 0.4351757765
2023-11-22 14:23:43,558 - INFO - Epoch 28 : Training Loss: 6.2295207977, Validation Loss: 6.4503984451, Training R-squared: 0.4914059639, Validation R-squared: 0.4358165562
2023-11-22 14:24:00,995 - INFO - Epoch 29 : Training Loss: 6.2184696198, Validation Loss: 6.4559917450, Training R-squared: 0.4943242371, Validation R-squared: 0.4341358244
2023-11-22 14:24:15,995 - INFO - Epoch 30 : Training Loss: 6.1878991127, Validation Loss: 6.4495930672, Training R-squared: 0.4985703528, Validation R-squared: 0.4358563721
2023-11-22 14:24:31,536 - INFO - Epoch 31 : Training Loss: 6.1780481339, Validation Loss: 6.4399352074, Training R-squared: 0.4996970296, Validation R-squared: 0.4371845126
2023-11-22 14:24:46,643 - INFO - Epoch 32 : Training Loss: 6.1630625725, Validation Loss: 6.4363846779, Training R-squared: 0.5026903152, Validation R-squared: 0.4377058744
2023-11-22 14:25:01,480 - INFO - Epoch 33 : Training Loss: 6.1535234451, Validation Loss: 6.4280653000, Training R-squared: 0.5024324059, Validation R-squared: 0.4393280149
2023-11-22 14:25:16,507 - INFO - Epoch 34 : Training Loss: 6.1209197044, Validation Loss: 6.4347710609, Training R-squared: 0.5089018345, Validation R-squared: 0.4372178018
2023-11-22 14:25:31,593 - INFO - Epoch 35 : Training Loss: 6.1160035133, Validation Loss: 6.4351744652, Training R-squared: 0.5104513764, Validation R-squared: 0.4374122620
2023-11-22 14:25:46,601 - INFO - Epoch 36 : Training Loss: 6.0969281197, Validation Loss: 6.4193239212, Training R-squared: 0.5121869445, Validation R-squared: 0.4398240149
2023-11-22 14:26:01,663 - INFO - Epoch 37 : Training Loss: 6.0763654709, Validation Loss: 6.4068636894, Training R-squared: 0.5145291686, Validation R-squared: 0.4422835410
2023-11-22 14:26:16,650 - INFO - Epoch 38 : Training Loss: 6.0556116104, Validation Loss: 6.3861980438, Training R-squared: 0.5177341104, Validation R-squared: 0.4461560547
2023-11-22 14:26:31,658 - INFO - Epoch 39 : Training Loss: 6.0424914360, Validation Loss: 6.3893151283, Training R-squared: 0.5221354365, Validation R-squared: 0.4461084306
2023-11-22 14:26:46,607 - INFO - Epoch 40 : Training Loss: 6.0358138084, Validation Loss: 6.4108619690, Training R-squared: 0.5201360583, Validation R-squared: 0.4414849877
2023-11-22 14:27:01,478 - INFO - Epoch 41 : Training Loss: 6.0064954758, Validation Loss: 6.3834586143, Training R-squared: 0.5234847665, Validation R-squared: 0.4462075830
2023-11-22 14:27:16,527 - INFO - Epoch 42 : Training Loss: 5.9963397980, Validation Loss: 6.3921680450, Training R-squared: 0.5297293663, Validation R-squared: 0.4452051222
2023-11-22 14:27:32,121 - INFO - Epoch 43 : Training Loss: 5.9865651131, Validation Loss: 6.3680605888, Training R-squared: 0.5262213349, Validation R-squared: 0.4492597580
2023-11-22 14:27:47,131 - INFO - Epoch 44 : Training Loss: 5.9625387192, Validation Loss: 6.3629469872, Training R-squared: 0.5338581800, Validation R-squared: 0.4493480623
2023-11-22 14:28:02,607 - INFO - Epoch 45 : Training Loss: 5.9348545074, Validation Loss: 6.3298096657, Training R-squared: 0.5365273356, Validation R-squared: 0.4558952749
2023-11-22 14:28:17,914 - INFO - Epoch 46 : Training Loss: 5.9226102829, Validation Loss: 6.3556165695, Training R-squared: 0.5391455889, Validation R-squared: 0.4507580996
2023-11-22 14:28:33,835 - INFO - Epoch 47 : Training Loss: 5.9129667282, Validation Loss: 6.3520202637, Training R-squared: 0.5402299762, Validation R-squared: 0.4508705437
2023-11-22 14:28:48,555 - INFO - Epoch 48 : Training Loss: 5.8840756416, Validation Loss: 6.3485169411, Training R-squared: 0.5435587764, Validation R-squared: 0.4515857995
2023-11-22 14:29:03,452 - INFO - Epoch 49 : Training Loss: 5.8753871918, Validation Loss: 6.3596868515, Training R-squared: 0.5467040539, Validation R-squared: 0.4491529167
2023-11-22 14:29:19,799 - INFO - Epoch 50 : Training Loss: 5.8615622520, Validation Loss: 6.3350734711, Training R-squared: 0.5461985469, Validation R-squared: 0.4544109106
2023-11-22 14:29:40,018 - INFO - Model saved to models/portion_model/breakfast/512_512_200_64/sparsity_30_fold_3_model.keras
2023-11-22 14:29:45,565 - INFO - Avg Metrics: RMSE: 4.9333871345, R-squared: -0.5573073840, PCC: 0.6725250450
2023-11-22 14:29:45,565 - INFO - Agg Metrics: RMSE: 6.4338514210, R-squared: 0.4490065480, PCC: 0.6704872468
2023-11-22 14:29:53,267 - INFO - ================================================================== Fold 4 ===================================================================
2023-11-22 14:30:14,175 - INFO - Epoch 1  : Training Loss: 8.3767433167, Validation Loss: 8.3313779831, Training R-squared: 0.0694437996, Validation R-squared: 0.0989154130
2023-11-22 14:30:30,163 - INFO - Epoch 2  : Training Loss: 7.9339666367, Validation Loss: 7.8287358284, Training R-squared: 0.1660874486, Validation R-squared: 0.2064282447
2023-11-22 14:30:45,341 - INFO - Epoch 3  : Training Loss: 7.4881315231, Validation Loss: 7.2825508118, Training R-squared: 0.2568532825, Validation R-squared: 0.3150384426
2023-11-22 14:31:01,543 - INFO - Epoch 4  : Training Loss: 7.0410223007, Validation Loss: 7.0890526772, Training R-squared: 0.3455551565, Validation R-squared: 0.3503454328
2023-11-22 14:31:16,162 - INFO - Epoch 5  : Training Loss: 6.8997883797, Validation Loss: 7.0115633011, Training R-squared: 0.3695604205, Validation R-squared: 0.3645512462
2023-11-22 14:31:31,425 - INFO - Epoch 6  : Training Loss: 6.8149294853, Validation Loss: 6.9317359924, Training R-squared: 0.3851694465, Validation R-squared: 0.3803183734
2023-11-22 14:31:46,354 - INFO - Epoch 7  : Training Loss: 6.7557382584, Validation Loss: 6.9129142761, Training R-squared: 0.3955273926, Validation R-squared: 0.3836176395
2023-11-22 14:32:00,010 - INFO - Epoch 8  : Training Loss: 6.7223210335, Validation Loss: 6.8977899551, Training R-squared: 0.4013199210, Validation R-squared: 0.3861688077
2023-11-22 14:32:15,953 - INFO - Epoch 9  : Training Loss: 6.6964378357, Validation Loss: 6.8915309906, Training R-squared: 0.4016219676, Validation R-squared: 0.3872013390
2023-11-22 14:32:34,215 - INFO - Epoch 10 : Training Loss: 6.6795673370, Validation Loss: 6.8867135048, Training R-squared: 0.4085324407, Validation R-squared: 0.3881249428
2023-11-22 14:32:51,562 - INFO - Epoch 11 : Training Loss: 6.6595845222, Validation Loss: 6.8794951439, Training R-squared: 0.4137589633, Validation R-squared: 0.3893218040
2023-11-22 14:33:07,027 - INFO - Epoch 12 : Training Loss: 6.6233272552, Validation Loss: 6.8692903519, Training R-squared: 0.4178078175, Validation R-squared: 0.3909792304
2023-11-22 14:33:21,990 - INFO - Epoch 13 : Training Loss: 6.5897297859, Validation Loss: 6.8502068520, Training R-squared: 0.4253539741, Validation R-squared: 0.3945602775
2023-11-22 14:33:37,009 - INFO - Epoch 14 : Training Loss: 6.5534868240, Validation Loss: 6.8250918388, Training R-squared: 0.4328601658, Validation R-squared: 0.3993397057
2023-11-22 14:33:52,785 - INFO - Epoch 15 : Training Loss: 6.5203819275, Validation Loss: 6.8094625473, Training R-squared: 0.4387813509, Validation R-squared: 0.4019831419
2023-11-22 14:34:08,973 - INFO - Epoch 16 : Training Loss: 6.4701147079, Validation Loss: 6.7830872536, Training R-squared: 0.4470783770, Validation R-squared: 0.4067088068
2023-11-22 14:34:24,786 - INFO - Epoch 17 : Training Loss: 6.4419937134, Validation Loss: 6.7800335884, Training R-squared: 0.4522863030, Validation R-squared: 0.4077360928
2023-11-22 14:34:39,678 - INFO - Epoch 18 : Training Loss: 6.4133462906, Validation Loss: 6.7531099319, Training R-squared: 0.4560736716, Validation R-squared: 0.4120952189
2023-11-22 14:34:53,359 - INFO - Epoch 19 : Training Loss: 6.3567566872, Validation Loss: 6.7590017319, Training R-squared: 0.4648786187, Validation R-squared: 0.4099212289
2023-11-22 14:35:07,160 - INFO - Epoch 20 : Training Loss: 6.3325314522, Validation Loss: 6.7197995186, Training R-squared: 0.4696352184, Validation R-squared: 0.4176976681
2023-11-22 14:35:21,761 - INFO - Epoch 21 : Training Loss: 6.3059792519, Validation Loss: 6.7080273628, Training R-squared: 0.4718430936, Validation R-squared: 0.4195422828
2023-11-22 14:35:35,611 - INFO - Epoch 22 : Training Loss: 6.2681632042, Validation Loss: 6.7044372559, Training R-squared: 0.4769144356, Validation R-squared: 0.4200147688
2023-11-22 14:35:50,064 - INFO - Epoch 23 : Training Loss: 6.2510447502, Validation Loss: 6.6890120506, Training R-squared: 0.4842388332, Validation R-squared: 0.4231382310
2023-11-22 14:36:04,984 - INFO - Epoch 24 : Training Loss: 6.2431311607, Validation Loss: 6.6853957176, Training R-squared: 0.4831225872, Validation R-squared: 0.4234275520
2023-11-22 14:36:19,427 - INFO - Epoch 25 : Training Loss: 6.2136254311, Validation Loss: 6.7092795372, Training R-squared: 0.4873267710, Validation R-squared: 0.4185550809
2023-11-22 14:36:36,268 - INFO - Epoch 26 : Training Loss: 6.1959266663, Validation Loss: 6.6735477448, Training R-squared: 0.4905413687, Validation R-squared: 0.4257112145
2023-11-22 14:36:53,638 - INFO - Epoch 27 : Training Loss: 6.1834740639, Validation Loss: 6.6726131439, Training R-squared: 0.4918330312, Validation R-squared: 0.4261018038
2023-11-22 14:37:08,803 - INFO - Epoch 28 : Training Loss: 6.1573390961, Validation Loss: 6.6725382805, Training R-squared: 0.4954989552, Validation R-squared: 0.4257813692
2023-11-22 14:37:24,287 - INFO - Epoch 29 : Training Loss: 6.1332993507, Validation Loss: 6.6718301773, Training R-squared: 0.5015237927, Validation R-squared: 0.4255233407
2023-11-22 14:37:38,773 - INFO - Epoch 30 : Training Loss: 6.1322746277, Validation Loss: 6.6768698692, Training R-squared: 0.5030724406, Validation R-squared: 0.4253748953
2023-11-22 14:37:52,854 - INFO - Epoch 31 : Training Loss: 6.1236419678, Validation Loss: 6.6558322906, Training R-squared: 0.5029641390, Validation R-squared: 0.4287194908
2023-11-22 14:38:07,228 - INFO - Epoch 32 : Training Loss: 6.0901317596, Validation Loss: 6.6596374512, Training R-squared: 0.5078649521, Validation R-squared: 0.4276312590
2023-11-22 14:38:21,170 - INFO - Epoch 33 : Training Loss: 6.0927953720, Validation Loss: 6.6576833725, Training R-squared: 0.5067819953, Validation R-squared: 0.4284608066
2023-11-22 14:38:34,807 - INFO - Epoch 34 : Training Loss: 6.0696644783, Validation Loss: 6.6567788124, Training R-squared: 0.5105363131, Validation R-squared: 0.4283280075
2023-11-22 14:38:48,885 - INFO - Epoch 35 : Training Loss: 6.0512757301, Validation Loss: 6.6405816078, Training R-squared: 0.5149565935, Validation R-squared: 0.4312530756
2023-11-22 14:39:03,089 - INFO - Epoch 36 : Training Loss: 6.0355334282, Validation Loss: 6.6417765617, Training R-squared: 0.5157794356, Validation R-squared: 0.4307024181
2023-11-22 14:39:18,719 - INFO - Epoch 37 : Training Loss: 6.0314760208, Validation Loss: 6.6373281479, Training R-squared: 0.5171842575, Validation R-squared: 0.4315291345
2023-11-22 14:39:33,122 - INFO - Epoch 38 : Training Loss: 6.0039792061, Validation Loss: 6.6281337738, Training R-squared: 0.5206951499, Validation R-squared: 0.4331486523
2023-11-22 14:39:46,462 - INFO - Epoch 39 : Training Loss: 5.9989728928, Validation Loss: 6.6021504402, Training R-squared: 0.5201937556, Validation R-squared: 0.4379395843
2023-11-22 14:40:00,543 - INFO - Epoch 40 : Training Loss: 5.9781041145, Validation Loss: 6.6188573837, Training R-squared: 0.5268450975, Validation R-squared: 0.4349212945
2023-11-22 14:40:14,774 - INFO - Epoch 41 : Training Loss: 5.9531102180, Validation Loss: 6.6259512901, Training R-squared: 0.5266931653, Validation R-squared: 0.4334505796
2023-11-22 14:40:29,282 - INFO - Epoch 42 : Training Loss: 5.9415979385, Validation Loss: 6.6059660912, Training R-squared: 0.5295284390, Validation R-squared: 0.4373627603
2023-11-22 14:40:43,493 - INFO - Epoch 43 : Training Loss: 5.9262018204, Validation Loss: 6.5972185135, Training R-squared: 0.5312098265, Validation R-squared: 0.4388329089
2023-11-22 14:40:58,364 - INFO - Epoch 44 : Training Loss: 5.9155893326, Validation Loss: 6.6234736443, Training R-squared: 0.5357931256, Validation R-squared: 0.4334374070
2023-11-22 14:41:14,277 - INFO - Epoch 45 : Training Loss: 5.8845982552, Validation Loss: 6.5924491882, Training R-squared: 0.5386891961, Validation R-squared: 0.4394523501
2023-11-22 14:41:28,440 - INFO - Epoch 46 : Training Loss: 5.8670091629, Validation Loss: 6.6030459404, Training R-squared: 0.5390807986, Validation R-squared: 0.4372014999
2023-11-22 14:41:42,516 - INFO - Epoch 47 : Training Loss: 5.8644118309, Validation Loss: 6.6007757187, Training R-squared: 0.5421610475, Validation R-squared: 0.4372428656
2023-11-22 14:41:56,353 - INFO - Epoch 48 : Training Loss: 5.8525776863, Validation Loss: 6.6001372337, Training R-squared: 0.5430473089, Validation R-squared: 0.4376661777
2023-11-22 14:42:10,562 - INFO - Epoch 49 : Training Loss: 5.8285808563, Validation Loss: 6.5566344261, Training R-squared: 0.5471148491, Validation R-squared: 0.4463116825
2023-11-22 14:42:23,838 - INFO - Epoch 50 : Training Loss: 5.8193178177, Validation Loss: 6.5660281181, Training R-squared: 0.5473191142, Validation R-squared: 0.4437710643
2023-11-22 14:42:36,753 - INFO - Epoch 51 : Training Loss: 5.8055233955, Validation Loss: 6.5873889923, Training R-squared: 0.5495941043, Validation R-squared: 0.4397935569
2023-11-22 14:42:49,665 - INFO - Epoch 52 : Training Loss: 5.7759423256, Validation Loss: 6.5617284775, Training R-squared: 0.5544614196, Validation R-squared: 0.4446822703
2023-11-22 14:43:02,758 - INFO - Epoch 53 : Training Loss: 5.7623524666, Validation Loss: 6.5775289536, Training R-squared: 0.5579417944, Validation R-squared: 0.4414384961
2023-11-22 14:43:15,407 - INFO - Epoch 54 : Training Loss: 5.7493162155, Validation Loss: 6.5857191086, Training R-squared: 0.5580018759, Validation R-squared: 0.4395548403
2023-11-22 14:43:33,010 - INFO - Model saved to models/portion_model/breakfast/512_512_200_64/sparsity_30_fold_4_model.keras
2023-11-22 14:43:39,071 - INFO - Avg Metrics: RMSE: 4.9799605598, R-squared: 0.0165185083, PCC: 0.6727230960
2023-11-22 14:43:39,071 - INFO - Agg Metrics: RMSE: 6.7458078678, R-squared: 0.4262307503, PCC: 0.6534987214
2023-11-22 14:43:45,723 - INFO - ================================================================== Fold 5 ===================================================================
2023-11-22 14:44:04,387 - INFO - Epoch 1  : Training Loss: 8.3840961456, Validation Loss: 8.3426074982, Training R-squared: 0.0685428232, Validation R-squared: 0.0905548856
2023-11-22 14:44:17,583 - INFO - Epoch 2  : Training Loss: 7.9828495979, Validation Loss: 7.8808307648, Training R-squared: 0.1559675634, Validation R-squared: 0.1889443398
2023-11-22 14:44:30,779 - INFO - Epoch 3  : Training Loss: 7.6456732750, Validation Loss: 7.4449815750, Training R-squared: 0.2269476950, Validation R-squared: 0.2766297758
2023-11-22 14:44:43,664 - INFO - Epoch 4  : Training Loss: 7.1202950478, Validation Loss: 7.0469112396, Training R-squared: 0.3295852244, Validation R-squared: 0.3508259058
2023-11-22 14:44:56,689 - INFO - Epoch 5  : Training Loss: 6.9407877922, Validation Loss: 6.9771246910, Training R-squared: 0.3647830486, Validation R-squared: 0.3630900979
2023-11-22 14:45:09,572 - INFO - Epoch 6  : Training Loss: 6.8569092751, Validation Loss: 6.8918128014, Training R-squared: 0.3780971766, Validation R-squared: 0.3794824779
2023-11-22 14:45:22,939 - INFO - Epoch 7  : Training Loss: 6.7847690582, Validation Loss: 6.8827643394, Training R-squared: 0.3941579163, Validation R-squared: 0.3801547289
2023-11-22 14:45:37,591 - INFO - Epoch 8  : Training Loss: 6.7535338402, Validation Loss: 6.8532505035, Training R-squared: 0.3974502981, Validation R-squared: 0.3867454231
2023-11-22 14:45:52,413 - INFO - Epoch 9  : Training Loss: 6.7195701599, Validation Loss: 6.8480734825, Training R-squared: 0.4029959738, Validation R-squared: 0.3875401914
2023-11-22 14:46:09,093 - INFO - Epoch 10 : Training Loss: 6.7091002464, Validation Loss: 6.8427281380, Training R-squared: 0.4046271443, Validation R-squared: 0.3882893324
2023-11-22 14:46:25,173 - INFO - Epoch 11 : Training Loss: 6.6944541931, Validation Loss: 6.8488616943, Training R-squared: 0.4072606266, Validation R-squared: 0.3866782784
2023-11-22 14:46:40,994 - INFO - Epoch 12 : Training Loss: 6.6678767204, Validation Loss: 6.8309383392, Training R-squared: 0.4115115106, Validation R-squared: 0.3902153969
2023-11-22 14:46:55,426 - INFO - Epoch 13 : Training Loss: 6.6455721855, Validation Loss: 6.8248467445, Training R-squared: 0.4160459042, Validation R-squared: 0.3916984797
2023-11-22 14:47:09,735 - INFO - Epoch 14 : Training Loss: 6.6110291481, Validation Loss: 6.8033690453, Training R-squared: 0.4214316607, Validation R-squared: 0.3948569298
2023-11-22 14:47:24,833 - INFO - Epoch 15 : Training Loss: 6.5738201141, Validation Loss: 6.7781729698, Training R-squared: 0.4295758605, Validation R-squared: 0.4008442163
2023-11-22 14:47:39,019 - INFO - Epoch 16 : Training Loss: 6.5181493759, Validation Loss: 6.7460408211, Training R-squared: 0.4381175339, Validation R-squared: 0.4052852392
2023-11-22 14:47:52,472 - INFO - Epoch 17 : Training Loss: 6.4875121117, Validation Loss: 6.7313284874, Training R-squared: 0.4399274588, Validation R-squared: 0.4080995023
2023-11-22 14:48:05,975 - INFO - Epoch 18 : Training Loss: 6.4593348503, Validation Loss: 6.7273945808, Training R-squared: 0.4491432905, Validation R-squared: 0.4085373878
2023-11-22 14:48:20,249 - INFO - Epoch 19 : Training Loss: 6.4242281914, Validation Loss: 6.6911492348, Training R-squared: 0.4534647465, Validation R-squared: 0.4159378409
2023-11-22 14:48:34,024 - INFO - Epoch 20 : Training Loss: 6.3921399117, Validation Loss: 6.6818795204, Training R-squared: 0.4588999748, Validation R-squared: 0.4170044363
2023-11-22 14:48:48,471 - INFO - Epoch 21 : Training Loss: 6.3680119514, Validation Loss: 6.6698403358, Training R-squared: 0.4645054340, Validation R-squared: 0.4191971719
2023-11-22 14:49:03,055 - INFO - Epoch 22 : Training Loss: 6.3293080330, Validation Loss: 6.6508259773, Training R-squared: 0.4693926871, Validation R-squared: 0.4233811498
2023-11-22 14:49:18,751 - INFO - Epoch 23 : Training Loss: 6.2920498848, Validation Loss: 6.6305918694, Training R-squared: 0.4748719037, Validation R-squared: 0.4265624583
2023-11-22 14:49:32,840 - INFO - Epoch 24 : Training Loss: 6.2873792648, Validation Loss: 6.6261425018, Training R-squared: 0.4796334803, Validation R-squared: 0.4273102582
2023-11-22 14:49:46,541 - INFO - Epoch 25 : Training Loss: 6.2544083595, Validation Loss: 6.6140332222, Training R-squared: 0.4804564118, Validation R-squared: 0.4299433827
2023-11-22 14:50:00,836 - INFO - Epoch 26 : Training Loss: 6.2324218750, Validation Loss: 6.6206164360, Training R-squared: 0.4858509898, Validation R-squared: 0.4280371368
2023-11-22 14:50:15,947 - INFO - Epoch 27 : Training Loss: 6.2218832970, Validation Loss: 6.6006855965, Training R-squared: 0.4892227054, Validation R-squared: 0.4316846728
2023-11-22 14:50:33,894 - INFO - Epoch 28 : Training Loss: 6.1808977127, Validation Loss: 6.6257228851, Training R-squared: 0.4943474233, Validation R-squared: 0.4262037873
2023-11-22 14:50:49,220 - INFO - Epoch 29 : Training Loss: 6.1803512573, Validation Loss: 6.5876603127, Training R-squared: 0.4951763749, Validation R-squared: 0.4339204729
2023-11-22 14:51:03,999 - INFO - Epoch 30 : Training Loss: 6.1560287476, Validation Loss: 6.5950326920, Training R-squared: 0.4989352822, Validation R-squared: 0.4319016933
2023-11-22 14:51:18,801 - INFO - Epoch 31 : Training Loss: 6.1475272179, Validation Loss: 6.5875391960, Training R-squared: 0.4999812245, Validation R-squared: 0.4334633946
2023-11-22 14:51:32,644 - INFO - Epoch 32 : Training Loss: 6.1128182411, Validation Loss: 6.5866875648, Training R-squared: 0.5055083632, Validation R-squared: 0.4338196814
2023-11-22 14:51:47,132 - INFO - Epoch 33 : Training Loss: 6.1102933884, Validation Loss: 6.6006593704, Training R-squared: 0.5068196654, Validation R-squared: 0.4304698110
2023-11-22 14:52:02,184 - INFO - Epoch 34 : Training Loss: 6.0939002037, Validation Loss: 6.5638017654, Training R-squared: 0.5078645945, Validation R-squared: 0.4387118518
2023-11-22 14:52:17,667 - INFO - Epoch 35 : Training Loss: 6.0560731888, Validation Loss: 6.5640153885, Training R-squared: 0.5106931925, Validation R-squared: 0.4381916821
2023-11-22 14:52:31,178 - INFO - Epoch 36 : Training Loss: 6.0617861748, Validation Loss: 6.5644078255, Training R-squared: 0.5127631426, Validation R-squared: 0.4377701581
2023-11-22 14:52:45,877 - INFO - Epoch 37 : Training Loss: 6.0390658379, Validation Loss: 6.5587821007, Training R-squared: 0.5175136924, Validation R-squared: 0.4394787848
2023-11-22 14:53:00,571 - INFO - Epoch 38 : Training Loss: 6.0315160751, Validation Loss: 6.5495138168, Training R-squared: 0.5183110237, Validation R-squared: 0.4405368567
2023-11-22 14:53:16,587 - INFO - Epoch 39 : Training Loss: 6.0142393112, Validation Loss: 6.5402092934, Training R-squared: 0.5225456357, Validation R-squared: 0.4427022934
2023-11-22 14:53:30,834 - INFO - Epoch 40 : Training Loss: 5.9841389656, Validation Loss: 6.5606341362, Training R-squared: 0.5265702009, Validation R-squared: 0.4379695356
2023-11-22 14:53:46,970 - INFO - Epoch 41 : Training Loss: 5.9743704796, Validation Loss: 6.5492987633, Training R-squared: 0.5264354348, Validation R-squared: 0.4402427971
2023-11-22 14:54:03,298 - INFO - Epoch 42 : Training Loss: 5.9492731094, Validation Loss: 6.5257520676, Training R-squared: 0.5304853320, Validation R-squared: 0.4447487891
2023-11-22 14:54:17,625 - INFO - Epoch 43 : Training Loss: 5.9355735779, Validation Loss: 6.5260210037, Training R-squared: 0.5343930721, Validation R-squared: 0.4442438781
2023-11-22 14:54:31,908 - INFO - Epoch 44 : Training Loss: 5.9172201157, Validation Loss: 6.5261702538, Training R-squared: 0.5353411436, Validation R-squared: 0.4445340037
2023-11-22 14:54:46,514 - INFO - Epoch 45 : Training Loss: 5.9045453072, Validation Loss: 6.5042781830, Training R-squared: 0.5362854600, Validation R-squared: 0.4486112893
2023-11-22 14:55:00,874 - INFO - Epoch 46 : Training Loss: 5.8921775818, Validation Loss: 6.5061783791, Training R-squared: 0.5340799093, Validation R-squared: 0.4484029412
2023-11-22 14:55:15,412 - INFO - Epoch 47 : Training Loss: 5.8691053391, Validation Loss: 6.5356125832, Training R-squared: 0.5271124244, Validation R-squared: 0.4418913126
2023-11-22 14:55:29,779 - INFO - Epoch 48 : Training Loss: 5.8638401031, Validation Loss: 6.5011239052, Training R-squared: 0.5389578342, Validation R-squared: 0.4486438632
2023-11-22 14:55:44,457 - INFO - Epoch 49 : Training Loss: 5.8373599052, Validation Loss: 6.5142292976, Training R-squared: 0.5490365028, Validation R-squared: 0.4461529255
2023-11-22 14:56:00,066 - INFO - Epoch 50 : Training Loss: 5.8300108910, Validation Loss: 6.4816050529, Training R-squared: 0.5483833551, Validation R-squared: 0.4519483745
2023-11-22 14:56:15,879 - INFO - Epoch 51 : Training Loss: 5.8132562637, Validation Loss: 6.4772076607, Training R-squared: 0.5508825183, Validation R-squared: 0.4536499083
2023-11-22 14:56:31,301 - INFO - Epoch 52 : Training Loss: 5.7922716141, Validation Loss: 6.4741063118, Training R-squared: 0.5558573604, Validation R-squared: 0.4537010193
2023-11-22 14:56:45,864 - INFO - Epoch 53 : Training Loss: 5.7801737785, Validation Loss: 6.4771575928, Training R-squared: 0.5544672012, Validation R-squared: 0.4529513717
2023-11-22 14:57:00,651 - INFO - Epoch 54 : Training Loss: 5.7591867447, Validation Loss: 6.4635267258, Training R-squared: 0.5581554174, Validation R-squared: 0.4550671577
2023-11-22 14:57:15,375 - INFO - Epoch 55 : Training Loss: 5.7730112076, Validation Loss: 6.4637465477, Training R-squared: 0.5583846569, Validation R-squared: 0.4546681643
2023-11-22 14:57:30,846 - INFO - Epoch 56 : Training Loss: 5.7331981659, Validation Loss: 6.4634289742, Training R-squared: 0.5644927025, Validation R-squared: 0.4548895061
2023-11-22 14:57:45,773 - INFO - Epoch 57 : Training Loss: 5.7324590683, Validation Loss: 6.4546036720, Training R-squared: 0.5634245276, Validation R-squared: 0.4567524493
2023-11-22 14:58:00,450 - INFO - Epoch 58 : Training Loss: 5.7155852318, Validation Loss: 6.4740848541, Training R-squared: 0.5666375160, Validation R-squared: 0.4534193873
2023-11-22 14:58:15,244 - INFO - Epoch 59 : Training Loss: 5.7003116608, Validation Loss: 6.4858846664, Training R-squared: 0.5684320927, Validation R-squared: 0.4502364099
2023-11-22 14:58:31,361 - INFO - Epoch 60 : Training Loss: 5.6969890594, Validation Loss: 6.4577493668, Training R-squared: 0.5682027340, Validation R-squared: 0.4563492239
2023-11-22 14:58:46,034 - INFO - Epoch 61 : Training Loss: 5.6775345802, Validation Loss: 6.4664955139, Training R-squared: 0.5720113516, Validation R-squared: 0.4539960921
2023-11-22 14:59:01,391 - INFO - Epoch 62 : Training Loss: 5.6698455811, Validation Loss: 6.4586410522, Training R-squared: 0.5721309185, Validation R-squared: 0.4553768039
2023-11-22 14:59:21,174 - INFO - Model saved to models/portion_model/breakfast/512_512_200_64/sparsity_30_fold_5_model.keras
2023-11-22 14:59:28,682 - INFO - Avg Metrics: RMSE: 4.8888953529, R-squared: -0.7586070074, PCC: 0.6908442361
2023-11-22 14:59:28,683 - INFO - Agg Metrics: RMSE: 6.6017825398, R-squared: 0.4453298582, PCC: 0.6686855251
2023-11-22 14:59:46,454 - INFO - ================================================================== Results Summary ===================================================================
2023-11-22 14:59:46,455 - INFO - CrossVal Metrics (Avg.) - RMSE: 4.8910062460  0.0610861972, R2: -0.2799953374  0.0610861972, PCC: 0.6882179187  0.0610861972
2023-11-22 14:59:46,455 - INFO - Testing  Metrics (Avg.) - RMSE: 4.7658098084, R2: -0.2599845723, PCC: 0.7118994306
2023-11-22 14:59:46,455 - INFO - CrossVal Metrics (Agg.) - RMSE: 6.6068486579  0.0610861972, R2: 0.4400346775  0.0610861972, PCC: 0.6646781168  0.0610861972
2023-11-22 14:59:46,456 - INFO - Testing  Metrics (Agg.) - RMSE: 6.2829844504, R2: 0.4531937660, PCC: 0.6785405486
