2023-11-22 22:22:16,358 - INFO - Training model at 75% sparse columns removed...
2023-11-22 22:22:25,239 - INFO - ================================================================== Fold 1 ===================================================================
2023-11-22 22:22:34,772 - INFO - Epoch 1  : Training Loss: 13.5558261871, Validation Loss: 14.1611709595, Training R-squared: 0.0715555400, Validation R-squared: 0.0878015086
2023-11-22 22:22:41,437 - INFO - Epoch 2  : Training Loss: 12.9144897461, Validation Loss: 13.0730266571, Training R-squared: 0.1576214433, Validation R-squared: 0.2241393477
2023-11-22 22:22:47,832 - INFO - Epoch 3  : Training Loss: 11.7120761871, Validation Loss: 11.8895025253, Training R-squared: 0.3085889518, Validation R-squared: 0.3598739803
2023-11-22 22:22:53,268 - INFO - Epoch 4  : Training Loss: 11.0410528183, Validation Loss: 11.6582031250, Training R-squared: 0.3851867914, Validation R-squared: 0.3847014904
2023-11-22 22:22:58,822 - INFO - Epoch 5  : Training Loss: 10.8518009186, Validation Loss: 11.5650930405, Training R-squared: 0.4040304720, Validation R-squared: 0.3945410252
2023-11-22 22:23:04,260 - INFO - Epoch 6  : Training Loss: 10.7793302536, Validation Loss: 11.5202350616, Training R-squared: 0.4116849601, Validation R-squared: 0.3991221488
2023-11-22 22:23:09,939 - INFO - Epoch 7  : Training Loss: 10.7324504852, Validation Loss: 11.4995965958, Training R-squared: 0.4174862802, Validation R-squared: 0.4014723003
2023-11-22 22:23:15,711 - INFO - Epoch 8  : Training Loss: 10.6988925934, Validation Loss: 11.4771642685, Training R-squared: 0.4226907194, Validation R-squared: 0.4035707712
2023-11-22 22:23:21,553 - INFO - Epoch 9  : Training Loss: 10.6665239334, Validation Loss: 11.4666614532, Training R-squared: 0.4266350567, Validation R-squared: 0.4048215151
2023-11-22 22:23:27,036 - INFO - Epoch 10 : Training Loss: 10.6357355118, Validation Loss: 11.4302015305, Training R-squared: 0.4293384850, Validation R-squared: 0.4083737433
2023-11-22 22:23:32,489 - INFO - Epoch 11 : Training Loss: 10.5715980530, Validation Loss: 11.3883037567, Training R-squared: 0.4353157580, Validation R-squared: 0.4131662548
2023-11-22 22:23:37,721 - INFO - Epoch 12 : Training Loss: 10.5148048401, Validation Loss: 11.3237867355, Training R-squared: 0.4419197738, Validation R-squared: 0.4196117818
2023-11-22 22:23:42,942 - INFO - Epoch 13 : Training Loss: 10.4325904846, Validation Loss: 11.2860994339, Training R-squared: 0.4493903518, Validation R-squared: 0.4237619340
2023-11-22 22:23:49,356 - INFO - Epoch 14 : Training Loss: 10.3775348663, Validation Loss: 11.2449312210, Training R-squared: 0.4569556117, Validation R-squared: 0.4278188050
2023-11-22 22:23:55,249 - INFO - Epoch 15 : Training Loss: 10.3240509033, Validation Loss: 11.1928501129, Training R-squared: 0.4634679258, Validation R-squared: 0.4331712425
2023-11-22 22:24:00,778 - INFO - Epoch 16 : Training Loss: 10.2619485855, Validation Loss: 11.1800870895, Training R-squared: 0.4692359567, Validation R-squared: 0.4351936579
2023-11-22 22:24:06,794 - INFO - Epoch 17 : Training Loss: 10.2227716446, Validation Loss: 11.1250209808, Training R-squared: 0.4729369581, Validation R-squared: 0.4404082596
2023-11-22 22:24:11,984 - INFO - Epoch 18 : Training Loss: 10.1705465317, Validation Loss: 11.0843009949, Training R-squared: 0.4777576923, Validation R-squared: 0.4443394244
2023-11-22 22:24:17,393 - INFO - Epoch 19 : Training Loss: 10.1122608185, Validation Loss: 11.0567665100, Training R-squared: 0.4846504331, Validation R-squared: 0.4474932253
2023-11-22 22:24:22,757 - INFO - Epoch 20 : Training Loss: 10.0592441559, Validation Loss: 11.0462036133, Training R-squared: 0.4888206720, Validation R-squared: 0.4490700066
2023-11-22 22:24:28,457 - INFO - Epoch 21 : Training Loss: 10.0297689438, Validation Loss: 11.0176019669, Training R-squared: 0.4932350218, Validation R-squared: 0.4517807662
2023-11-22 22:24:34,145 - INFO - Epoch 22 : Training Loss: 9.9866189957, Validation Loss: 10.9824962616, Training R-squared: 0.4958991408, Validation R-squared: 0.4548650980
2023-11-22 22:24:39,214 - INFO - Epoch 23 : Training Loss: 9.9624805450, Validation Loss: 10.9620237350, Training R-squared: 0.5003054738, Validation R-squared: 0.4567009211
2023-11-22 22:24:44,343 - INFO - Epoch 24 : Training Loss: 9.9415779114, Validation Loss: 10.9742279053, Training R-squared: 0.5010841489, Validation R-squared: 0.4565546811
2023-11-22 22:24:49,797 - INFO - Epoch 25 : Training Loss: 9.8802680969, Validation Loss: 10.9362239838, Training R-squared: 0.5060717463, Validation R-squared: 0.4598667920
2023-11-22 22:24:55,229 - INFO - Epoch 26 : Training Loss: 9.8574867249, Validation Loss: 10.9147310257, Training R-squared: 0.5098962188, Validation R-squared: 0.4620575011
2023-11-22 22:25:01,113 - INFO - Epoch 27 : Training Loss: 9.8213739395, Validation Loss: 10.8890295029, Training R-squared: 0.5129452348, Validation R-squared: 0.4643112719
2023-11-22 22:25:06,256 - INFO - Epoch 28 : Training Loss: 9.8049201965, Validation Loss: 10.8729152679, Training R-squared: 0.5153103471, Validation R-squared: 0.4653395414
2023-11-22 22:25:11,572 - INFO - Epoch 29 : Training Loss: 9.7712411880, Validation Loss: 10.8705282211, Training R-squared: 0.5179973245, Validation R-squared: 0.4666886628
2023-11-22 22:25:16,967 - INFO - Epoch 30 : Training Loss: 9.7295141220, Validation Loss: 10.8438529968, Training R-squared: 0.5224667192, Validation R-squared: 0.4693214893
2023-11-22 22:25:22,425 - INFO - Epoch 31 : Training Loss: 9.7050209045, Validation Loss: 10.8161287308, Training R-squared: 0.5240104795, Validation R-squared: 0.4717671573
2023-11-22 22:25:27,870 - INFO - Epoch 32 : Training Loss: 9.6720943451, Validation Loss: 10.8191776276, Training R-squared: 0.5275312662, Validation R-squared: 0.4723264277
2023-11-22 22:25:33,696 - INFO - Epoch 33 : Training Loss: 9.6491765976, Validation Loss: 10.7866230011, Training R-squared: 0.5309723616, Validation R-squared: 0.4748990238
2023-11-22 22:25:39,336 - INFO - Epoch 34 : Training Loss: 9.5948896408, Validation Loss: 10.7842712402, Training R-squared: 0.5348346829, Validation R-squared: 0.4760066271
2023-11-22 22:25:44,998 - INFO - Epoch 35 : Training Loss: 9.5690851212, Validation Loss: 10.7563676834, Training R-squared: 0.5385434628, Validation R-squared: 0.4786373377
2023-11-22 22:25:50,762 - INFO - Epoch 36 : Training Loss: 9.5539207458, Validation Loss: 10.7448053360, Training R-squared: 0.5391659737, Validation R-squared: 0.4798648357
2023-11-22 22:25:56,803 - INFO - Epoch 37 : Training Loss: 9.5211534500, Validation Loss: 10.7503585815, Training R-squared: 0.5412266254, Validation R-squared: 0.4795428216
2023-11-22 22:26:02,506 - INFO - Epoch 38 : Training Loss: 9.5151271820, Validation Loss: 10.7184371948, Training R-squared: 0.5429984927, Validation R-squared: 0.4827715158
2023-11-22 22:26:07,962 - INFO - Epoch 39 : Training Loss: 9.4862632751, Validation Loss: 10.7087335587, Training R-squared: 0.5448609591, Validation R-squared: 0.4832471311
2023-11-22 22:26:13,556 - INFO - Epoch 40 : Training Loss: 9.4435567856, Validation Loss: 10.7116022110, Training R-squared: 0.5484642386, Validation R-squared: 0.4836638272
2023-11-22 22:26:19,414 - INFO - Epoch 41 : Training Loss: 9.4463520050, Validation Loss: 10.7023668289, Training R-squared: 0.5492587090, Validation R-squared: 0.4835462570
2023-11-22 22:26:25,569 - INFO - Epoch 42 : Training Loss: 9.4083461761, Validation Loss: 10.6834316254, Training R-squared: 0.5536683798, Validation R-squared: 0.4857671559
2023-11-22 22:26:32,126 - INFO - Epoch 43 : Training Loss: 9.3910217285, Validation Loss: 10.6767940521, Training R-squared: 0.5550241470, Validation R-squared: 0.4870417118
2023-11-22 22:26:38,231 - INFO - Epoch 44 : Training Loss: 9.3675508499, Validation Loss: 10.6718111038, Training R-squared: 0.5562990308, Validation R-squared: 0.4875290096
2023-11-22 22:26:43,683 - INFO - Epoch 45 : Training Loss: 9.3626070023, Validation Loss: 10.6567802429, Training R-squared: 0.5576221347, Validation R-squared: 0.4886767864
2023-11-22 22:26:49,520 - INFO - Epoch 46 : Training Loss: 9.3288173676, Validation Loss: 10.6525125504, Training R-squared: 0.5605499744, Validation R-squared: 0.4897195399
2023-11-22 22:26:54,711 - INFO - Epoch 47 : Training Loss: 9.3089008331, Validation Loss: 10.6518688202, Training R-squared: 0.5612427592, Validation R-squared: 0.4899089634
2023-11-22 22:27:00,329 - INFO - Epoch 48 : Training Loss: 9.2922639847, Validation Loss: 10.6358032227, Training R-squared: 0.5632864237, Validation R-squared: 0.4906478822
2023-11-22 22:27:05,653 - INFO - Epoch 49 : Training Loss: 9.2603807449, Validation Loss: 10.6263895035, Training R-squared: 0.5666235089, Validation R-squared: 0.4920147657
2023-11-22 22:27:11,227 - INFO - Epoch 50 : Training Loss: 9.2482042313, Validation Loss: 10.6234292984, Training R-squared: 0.5677973032, Validation R-squared: 0.4923975170
2023-11-22 22:27:17,419 - INFO - Epoch 51 : Training Loss: 9.2253074646, Validation Loss: 10.6188507080, Training R-squared: 0.5699886084, Validation R-squared: 0.4924595654
2023-11-22 22:27:23,087 - INFO - Epoch 52 : Training Loss: 9.1983594894, Validation Loss: 10.5960302353, Training R-squared: 0.5717591047, Validation R-squared: 0.4947131574
2023-11-22 22:27:28,561 - INFO - Epoch 53 : Training Loss: 9.1927738190, Validation Loss: 10.5962095261, Training R-squared: 0.5720854402, Validation R-squared: 0.4947899878
2023-11-22 22:27:34,047 - INFO - Epoch 54 : Training Loss: 9.1497135162, Validation Loss: 10.5928220749, Training R-squared: 0.5759993196, Validation R-squared: 0.4950215816
2023-11-22 22:27:39,446 - INFO - Epoch 55 : Training Loss: 9.1347913742, Validation Loss: 10.5859794617, Training R-squared: 0.5779260993, Validation R-squared: 0.4951829612
2023-11-22 22:27:44,795 - INFO - Epoch 56 : Training Loss: 9.1009216309, Validation Loss: 10.5732145309, Training R-squared: 0.5804250240, Validation R-squared: 0.4970238507
2023-11-22 22:27:50,122 - INFO - Epoch 57 : Training Loss: 9.1013431549, Validation Loss: 10.5757398605, Training R-squared: 0.5806043148, Validation R-squared: 0.4968703687
2023-11-22 22:27:55,343 - INFO - Epoch 58 : Training Loss: 9.0816707611, Validation Loss: 10.5734519958, Training R-squared: 0.5826036334, Validation R-squared: 0.4965293705
2023-11-22 22:28:00,577 - INFO - Epoch 59 : Training Loss: 9.0602111816, Validation Loss: 10.5486040115, Training R-squared: 0.5846568346, Validation R-squared: 0.4995866716
2023-11-22 22:28:05,863 - INFO - Epoch 60 : Training Loss: 9.0272722244, Validation Loss: 10.5507059097, Training R-squared: 0.5878110528, Validation R-squared: 0.4993185103
2023-11-22 22:28:11,639 - INFO - Epoch 61 : Training Loss: 9.0064210892, Validation Loss: 10.5328712463, Training R-squared: 0.5887797475, Validation R-squared: 0.5004543662
2023-11-22 22:28:17,165 - INFO - Epoch 62 : Training Loss: 8.9727268219, Validation Loss: 10.5445547104, Training R-squared: 0.5926162004, Validation R-squared: 0.4998706579
2023-11-22 22:28:23,001 - INFO - Epoch 63 : Training Loss: 8.9559917450, Validation Loss: 10.5543994904, Training R-squared: 0.5934157372, Validation R-squared: 0.4988566935
2023-11-22 22:28:28,782 - INFO - Epoch 64 : Training Loss: 8.9281654358, Validation Loss: 10.5194320679, Training R-squared: 0.5968871713, Validation R-squared: 0.5023329258
2023-11-22 22:28:34,152 - INFO - Epoch 65 : Training Loss: 8.9063444138, Validation Loss: 10.4973049164, Training R-squared: 0.5980082750, Validation R-squared: 0.5039552450
2023-11-22 22:28:39,214 - INFO - Epoch 66 : Training Loss: 8.9049711227, Validation Loss: 10.5125837326, Training R-squared: 0.5974372029, Validation R-squared: 0.5027995706
2023-11-22 22:28:44,386 - INFO - Epoch 67 : Training Loss: 8.8641300201, Validation Loss: 10.4800634384, Training R-squared: 0.6026352048, Validation R-squared: 0.5060005784
2023-11-22 22:28:49,723 - INFO - Epoch 68 : Training Loss: 8.8237819672, Validation Loss: 10.4882383347, Training R-squared: 0.6043487191, Validation R-squared: 0.5051568747
2023-11-22 22:28:54,797 - INFO - Epoch 69 : Training Loss: 8.8298568726, Validation Loss: 10.4822998047, Training R-squared: 0.6045197248, Validation R-squared: 0.5059619546
2023-11-22 22:29:00,147 - INFO - Epoch 70 : Training Loss: 8.8033361435, Validation Loss: 10.4678373337, Training R-squared: 0.6066277623, Validation R-squared: 0.5072075725
2023-11-22 22:29:05,555 - INFO - Epoch 71 : Training Loss: 8.7727804184, Validation Loss: 10.4362545013, Training R-squared: 0.6095076203, Validation R-squared: 0.5099195838
2023-11-22 22:29:10,888 - INFO - Epoch 72 : Training Loss: 8.7615995407, Validation Loss: 10.4646959305, Training R-squared: 0.6107487082, Validation R-squared: 0.5068722367
2023-11-22 22:29:16,547 - INFO - Epoch 73 : Training Loss: 8.7293415070, Validation Loss: 10.4389648438, Training R-squared: 0.6129589081, Validation R-squared: 0.5092264414
2023-11-22 22:29:22,615 - INFO - Epoch 74 : Training Loss: 8.7011690140, Validation Loss: 10.4253578186, Training R-squared: 0.6155037284, Validation R-squared: 0.5112723708
2023-11-22 22:29:28,130 - INFO - Epoch 75 : Training Loss: 8.6748409271, Validation Loss: 10.4148187637, Training R-squared: 0.6180889010, Validation R-squared: 0.5120713115
2023-11-22 22:29:33,307 - INFO - Epoch 76 : Training Loss: 8.6486005783, Validation Loss: 10.4144248962, Training R-squared: 0.6200383306, Validation R-squared: 0.5115315914
2023-11-22 22:29:38,439 - INFO - Epoch 77 : Training Loss: 8.6379957199, Validation Loss: 10.4143562317, Training R-squared: 0.6215103269, Validation R-squared: 0.5122656822
2023-11-22 22:29:43,803 - INFO - Epoch 78 : Training Loss: 8.6165990829, Validation Loss: 10.4244232178, Training R-squared: 0.6231971979, Validation R-squared: 0.5102612972
2023-11-22 22:29:49,140 - INFO - Epoch 79 : Training Loss: 8.5736999512, Validation Loss: 10.4097766876, Training R-squared: 0.6259391308, Validation R-squared: 0.5125870705
2023-11-22 22:29:54,579 - INFO - Epoch 80 : Training Loss: 8.5570688248, Validation Loss: 10.3915987015, Training R-squared: 0.6281313300, Validation R-squared: 0.5136260390
2023-11-22 22:29:59,894 - INFO - Epoch 81 : Training Loss: 8.5267295837, Validation Loss: 10.4105072021, Training R-squared: 0.6307670474, Validation R-squared: 0.5115354657
2023-11-22 22:30:05,207 - INFO - Epoch 82 : Training Loss: 8.5106019974, Validation Loss: 10.3946285248, Training R-squared: 0.6314706206, Validation R-squared: 0.5135205388
2023-11-22 22:30:10,230 - INFO - Epoch 83 : Training Loss: 8.4926548004, Validation Loss: 10.3766803741, Training R-squared: 0.6347767711, Validation R-squared: 0.5150121450
2023-11-22 22:30:15,741 - INFO - Epoch 84 : Training Loss: 8.4777402878, Validation Loss: 10.3896570206, Training R-squared: 0.6347412467, Validation R-squared: 0.5132638812
2023-11-22 22:30:21,412 - INFO - Epoch 85 : Training Loss: 8.4581680298, Validation Loss: 10.3852291107, Training R-squared: 0.6366655827, Validation R-squared: 0.5145867467
2023-11-22 22:30:28,090 - INFO - Epoch 86 : Training Loss: 8.4299287796, Validation Loss: 10.3815488815, Training R-squared: 0.6396223903, Validation R-squared: 0.5139377117
2023-11-22 22:30:33,988 - INFO - Epoch 87 : Training Loss: 8.4232282639, Validation Loss: 10.3802385330, Training R-squared: 0.6391391754, Validation R-squared: 0.5152056217
2023-11-22 22:30:39,436 - INFO - Epoch 88 : Training Loss: 8.3962097168, Validation Loss: 10.3669824600, Training R-squared: 0.6423049569, Validation R-squared: 0.5153717399
2023-11-22 22:30:44,799 - INFO - Epoch 89 : Training Loss: 8.3763704300, Validation Loss: 10.3680858612, Training R-squared: 0.6423630714, Validation R-squared: 0.5151300430
2023-11-22 22:30:50,064 - INFO - Epoch 90 : Training Loss: 8.3399667740, Validation Loss: 10.3583307266, Training R-squared: 0.6457274556, Validation R-squared: 0.5170559287
2023-11-22 22:30:55,241 - INFO - Epoch 91 : Training Loss: 8.3302621841, Validation Loss: 10.3519783020, Training R-squared: 0.6473662853, Validation R-squared: 0.5170934200
2023-11-22 22:31:00,341 - INFO - Epoch 92 : Training Loss: 8.3054018021, Validation Loss: 10.3844041824, Training R-squared: 0.6492376328, Validation R-squared: 0.5127635598
2023-11-22 22:31:05,486 - INFO - Epoch 93 : Training Loss: 8.2878656387, Validation Loss: 10.3373823166, Training R-squared: 0.6502506733, Validation R-squared: 0.5178955197
2023-11-22 22:31:10,809 - INFO - Epoch 94 : Training Loss: 8.2628564835, Validation Loss: 10.3748159409, Training R-squared: 0.6532430649, Validation R-squared: 0.5141206384
2023-11-22 22:31:15,990 - INFO - Epoch 95 : Training Loss: 8.2564220428, Validation Loss: 10.3523960114, Training R-squared: 0.6533989906, Validation R-squared: 0.5165552497
2023-11-22 22:31:21,464 - INFO - Epoch 96 : Training Loss: 8.2215490341, Validation Loss: 10.3229579926, Training R-squared: 0.6557599306, Validation R-squared: 0.5196282268
2023-11-22 22:31:26,677 - INFO - Epoch 97 : Training Loss: 8.2204971313, Validation Loss: 10.3220300674, Training R-squared: 0.6550237536, Validation R-squared: 0.5198429823
2023-11-22 22:31:31,827 - INFO - Epoch 98 : Training Loss: 8.1860284805, Validation Loss: 10.3380088806, Training R-squared: 0.6578209996, Validation R-squared: 0.5179791451
2023-11-22 22:31:36,890 - INFO - Epoch 99 : Training Loss: 8.1682815552, Validation Loss: 10.3316450119, Training R-squared: 0.6596181989, Validation R-squared: 0.5186917186
2023-11-22 22:31:42,036 - INFO - Epoch 100: Training Loss: 8.1505832672, Validation Loss: 10.3331851959, Training R-squared: 0.6612654924, Validation R-squared: 0.5178307891
2023-11-22 22:31:47,219 - INFO - Epoch 101: Training Loss: 8.1290340424, Validation Loss: 10.3510303497, Training R-squared: 0.6635199785, Validation R-squared: 0.5162618756
2023-11-22 22:31:52,654 - INFO - Epoch 102: Training Loss: 8.1397790909, Validation Loss: 10.3546085358, Training R-squared: 0.6632493138, Validation R-squared: 0.5159542561
2023-11-22 22:32:03,964 - INFO - Model saved to models/portion_model/breakfast/512_512_200_64/sparsity_75_fold_1_model.keras
2023-11-22 22:32:08,754 - INFO - Avg Metrics: RMSE: 7.4268455361, R-squared: -0.3032427814, PCC: 0.7781648105
2023-11-22 22:32:08,755 - INFO - Agg Metrics: RMSE: 10.7292236635, R-squared: 0.4923566625, PCC: 0.7023549134
2023-11-22 22:32:19,016 - INFO - ================================================================== Fold 2 ===================================================================
2023-11-22 22:32:26,149 - INFO - Epoch 1  : Training Loss: 13.7057952881, Validation Loss: 13.4973573685, Training R-squared: 0.0711161867, Validation R-squared: 0.0897178948
2023-11-22 22:32:31,366 - INFO - Epoch 2  : Training Loss: 13.0624265671, Validation Loss: 12.2771625519, Training R-squared: 0.1571100801, Validation R-squared: 0.2476855665
2023-11-22 22:32:36,428 - INFO - Epoch 3  : Training Loss: 11.8525810242, Validation Loss: 11.3546075821, Training R-squared: 0.3059298396, Validation R-squared: 0.3561041355
2023-11-22 22:32:41,708 - INFO - Epoch 4  : Training Loss: 11.2355718613, Validation Loss: 11.0538244247, Training R-squared: 0.3780253530, Validation R-squared: 0.3902857602
2023-11-22 22:32:47,379 - INFO - Epoch 5  : Training Loss: 11.0468959808, Validation Loss: 10.9224195480, Training R-squared: 0.3968729675, Validation R-squared: 0.4048916399
2023-11-22 22:32:52,155 - INFO - Epoch 6  : Training Loss: 10.9449777603, Validation Loss: 10.8815603256, Training R-squared: 0.4074912965, Validation R-squared: 0.4093991220
2023-11-22 22:32:56,971 - INFO - Epoch 7  : Training Loss: 10.8896284103, Validation Loss: 10.8497829437, Training R-squared: 0.4139779210, Validation R-squared: 0.4126799107
2023-11-22 22:33:01,817 - INFO - Epoch 8  : Training Loss: 10.8628520966, Validation Loss: 10.8205947876, Training R-squared: 0.4189750254, Validation R-squared: 0.4160483181
2023-11-22 22:33:06,647 - INFO - Epoch 9  : Training Loss: 10.8309583664, Validation Loss: 10.7900810242, Training R-squared: 0.4227722287, Validation R-squared: 0.4193649292
2023-11-22 22:33:11,478 - INFO - Epoch 10 : Training Loss: 10.7852439880, Validation Loss: 10.7518835068, Training R-squared: 0.4278678596, Validation R-squared: 0.4234314859
2023-11-22 22:33:16,870 - INFO - Epoch 11 : Training Loss: 10.7016830444, Validation Loss: 10.6887884140, Training R-squared: 0.4342549145, Validation R-squared: 0.4302099645
2023-11-22 22:33:22,276 - INFO - Epoch 12 : Training Loss: 10.6380443573, Validation Loss: 10.6313447952, Training R-squared: 0.4425775707, Validation R-squared: 0.4363086224
2023-11-22 22:33:27,404 - INFO - Epoch 13 : Training Loss: 10.5460319519, Validation Loss: 10.5890340805, Training R-squared: 0.4521503150, Validation R-squared: 0.4408859313
2023-11-22 22:33:32,500 - INFO - Epoch 14 : Training Loss: 10.5229568481, Validation Loss: 10.5444765091, Training R-squared: 0.4550076723, Validation R-squared: 0.4455885887
2023-11-22 22:33:37,299 - INFO - Epoch 15 : Training Loss: 10.4393863678, Validation Loss: 10.4983606339, Training R-squared: 0.4635291398, Validation R-squared: 0.4506183863
2023-11-22 22:33:42,892 - INFO - Epoch 16 : Training Loss: 10.3820495605, Validation Loss: 10.4699258804, Training R-squared: 0.4695169032, Validation R-squared: 0.4538372755
2023-11-22 22:33:49,741 - INFO - Epoch 17 : Training Loss: 10.3264923096, Validation Loss: 10.4362306595, Training R-squared: 0.4761612415, Validation R-squared: 0.4573977292
2023-11-22 22:33:55,613 - INFO - Epoch 18 : Training Loss: 10.2753658295, Validation Loss: 10.3948287964, Training R-squared: 0.4803348780, Validation R-squared: 0.4616158009
2023-11-22 22:34:00,826 - INFO - Epoch 19 : Training Loss: 10.2390794754, Validation Loss: 10.3615083694, Training R-squared: 0.4844905436, Validation R-squared: 0.4651622772
2023-11-22 22:34:06,697 - INFO - Epoch 20 : Training Loss: 10.1717815399, Validation Loss: 10.3412504196, Training R-squared: 0.4905926585, Validation R-squared: 0.4671872854
2023-11-22 22:34:12,295 - INFO - Epoch 21 : Training Loss: 10.1326446533, Validation Loss: 10.3245010376, Training R-squared: 0.4956166744, Validation R-squared: 0.4692978561
2023-11-22 22:34:18,155 - INFO - Epoch 22 : Training Loss: 10.1138849258, Validation Loss: 10.3005914688, Training R-squared: 0.4973790050, Validation R-squared: 0.4716670215
2023-11-22 22:34:23,618 - INFO - Epoch 23 : Training Loss: 10.0590925217, Validation Loss: 10.2877721786, Training R-squared: 0.5026925802, Validation R-squared: 0.4731608331
2023-11-22 22:34:28,689 - INFO - Epoch 24 : Training Loss: 10.0426263809, Validation Loss: 10.2750530243, Training R-squared: 0.5047312379, Validation R-squared: 0.4743894637
2023-11-22 22:34:34,047 - INFO - Epoch 25 : Training Loss: 10.0024127960, Validation Loss: 10.2795343399, Training R-squared: 0.5089871287, Validation R-squared: 0.4738571644
2023-11-22 22:34:39,317 - INFO - Epoch 26 : Training Loss: 9.9693536758, Validation Loss: 10.2624559402, Training R-squared: 0.5104967356, Validation R-squared: 0.4760787785
2023-11-22 22:34:44,923 - INFO - Epoch 27 : Training Loss: 9.9524307251, Validation Loss: 10.2875232697, Training R-squared: 0.5132880211, Validation R-squared: 0.4733255208
2023-11-22 22:34:50,210 - INFO - Epoch 28 : Training Loss: 9.9244661331, Validation Loss: 10.2532072067, Training R-squared: 0.5153771639, Validation R-squared: 0.4771342576
2023-11-22 22:34:55,204 - INFO - Epoch 29 : Training Loss: 9.9166145325, Validation Loss: 10.2474164963, Training R-squared: 0.5157223344, Validation R-squared: 0.4775383174
2023-11-22 22:35:00,285 - INFO - Epoch 30 : Training Loss: 9.8814878464, Validation Loss: 10.2502193451, Training R-squared: 0.5198260546, Validation R-squared: 0.4770510495
2023-11-22 22:35:05,983 - INFO - Epoch 31 : Training Loss: 9.8657541275, Validation Loss: 10.2411098480, Training R-squared: 0.5212503672, Validation R-squared: 0.4778874218
2023-11-22 22:35:11,088 - INFO - Epoch 32 : Training Loss: 9.8155183792, Validation Loss: 10.2125663757, Training R-squared: 0.5254137516, Validation R-squared: 0.4809722602
2023-11-22 22:35:16,455 - INFO - Epoch 33 : Training Loss: 9.7947196960, Validation Loss: 10.1991157532, Training R-squared: 0.5274791718, Validation R-squared: 0.4824176133
2023-11-22 22:35:21,680 - INFO - Epoch 34 : Training Loss: 9.7499589920, Validation Loss: 10.1822853088, Training R-squared: 0.5318563581, Validation R-squared: 0.4843192101
2023-11-22 22:35:27,313 - INFO - Epoch 35 : Training Loss: 9.7352104187, Validation Loss: 10.1688480377, Training R-squared: 0.5334249735, Validation R-squared: 0.4858254492
2023-11-22 22:35:33,112 - INFO - Epoch 36 : Training Loss: 9.6938800812, Validation Loss: 10.1850709915, Training R-squared: 0.5362679958, Validation R-squared: 0.4838364124
2023-11-22 22:35:38,448 - INFO - Epoch 37 : Training Loss: 9.6831350327, Validation Loss: 10.1575279236, Training R-squared: 0.5379222631, Validation R-squared: 0.4868836701
2023-11-22 22:35:44,085 - INFO - Epoch 38 : Training Loss: 9.6651897430, Validation Loss: 10.1566944122, Training R-squared: 0.5399039984, Validation R-squared: 0.4868713617
2023-11-22 22:35:49,428 - INFO - Epoch 39 : Training Loss: 9.6137075424, Validation Loss: 10.1455144882, Training R-squared: 0.5449267030, Validation R-squared: 0.4881091118
2023-11-22 22:35:54,535 - INFO - Epoch 40 : Training Loss: 9.5820636749, Validation Loss: 10.1389436722, Training R-squared: 0.5476319790, Validation R-squared: 0.4887773097
2023-11-22 22:35:59,681 - INFO - Epoch 41 : Training Loss: 9.5876674652, Validation Loss: 10.1495771408, Training R-squared: 0.5468586087, Validation R-squared: 0.4873864353
2023-11-22 22:36:04,869 - INFO - Epoch 42 : Training Loss: 9.5373210907, Validation Loss: 10.1293649673, Training R-squared: 0.5513477325, Validation R-squared: 0.4897008240
2023-11-22 22:36:09,802 - INFO - Epoch 43 : Training Loss: 9.5259876251, Validation Loss: 10.1084804535, Training R-squared: 0.5530544519, Validation R-squared: 0.4918164909
2023-11-22 22:36:15,108 - INFO - Epoch 44 : Training Loss: 9.5028543472, Validation Loss: 10.1058158875, Training R-squared: 0.5543025136, Validation R-squared: 0.4920373857
2023-11-22 22:36:20,494 - INFO - Epoch 45 : Training Loss: 9.4774570465, Validation Loss: 10.1027851105, Training R-squared: 0.5567898750, Validation R-squared: 0.4921792746
2023-11-22 22:36:25,651 - INFO - Epoch 46 : Training Loss: 9.4545850754, Validation Loss: 10.0834131241, Training R-squared: 0.5606061220, Validation R-squared: 0.4942771196
2023-11-22 22:36:31,074 - INFO - Epoch 47 : Training Loss: 9.4366817474, Validation Loss: 10.1044740677, Training R-squared: 0.5604640841, Validation R-squared: 0.4919097722
2023-11-22 22:36:36,047 - INFO - Epoch 48 : Training Loss: 9.3966703415, Validation Loss: 10.0622081757, Training R-squared: 0.5652400255, Validation R-squared: 0.4962894619
2023-11-22 22:36:40,998 - INFO - Epoch 49 : Training Loss: 9.3774976730, Validation Loss: 10.0766019821, Training R-squared: 0.5664551258, Validation R-squared: 0.4949363172
2023-11-22 22:36:45,976 - INFO - Epoch 50 : Training Loss: 9.3513336182, Validation Loss: 10.0534849167, Training R-squared: 0.5682720542, Validation R-squared: 0.4971528947
2023-11-22 22:36:51,002 - INFO - Epoch 51 : Training Loss: 9.3457164764, Validation Loss: 10.0604410172, Training R-squared: 0.5686109066, Validation R-squared: 0.4965416491
2023-11-22 22:36:56,038 - INFO - Epoch 52 : Training Loss: 9.3150711060, Validation Loss: 10.0342044830, Training R-squared: 0.5717187524, Validation R-squared: 0.4993579090
2023-11-22 22:37:01,022 - INFO - Epoch 53 : Training Loss: 9.3062219620, Validation Loss: 10.0278692245, Training R-squared: 0.5732045174, Validation R-squared: 0.4997199476
2023-11-22 22:37:05,962 - INFO - Epoch 54 : Training Loss: 9.2457141876, Validation Loss: 10.0407857895, Training R-squared: 0.5782815814, Validation R-squared: 0.4983257353
2023-11-22 22:37:11,298 - INFO - Epoch 55 : Training Loss: 9.2404365540, Validation Loss: 10.0319566727, Training R-squared: 0.5787125826, Validation R-squared: 0.4990620911
2023-11-22 22:37:16,626 - INFO - Epoch 56 : Training Loss: 9.2169799805, Validation Loss: 10.0243406296, Training R-squared: 0.5818889737, Validation R-squared: 0.4999486506
2023-11-22 22:37:21,729 - INFO - Epoch 57 : Training Loss: 9.1848344803, Validation Loss: 9.9843349457, Training R-squared: 0.5844746828, Validation R-squared: 0.5040643215
2023-11-22 22:37:26,944 - INFO - Epoch 58 : Training Loss: 9.1695337296, Validation Loss: 9.9816846848, Training R-squared: 0.5849449039, Validation R-squared: 0.5043506026
2023-11-22 22:37:32,094 - INFO - Epoch 59 : Training Loss: 9.1577749252, Validation Loss: 9.9721136093, Training R-squared: 0.5867259502, Validation R-squared: 0.5052226186
2023-11-22 22:37:37,239 - INFO - Epoch 60 : Training Loss: 9.1280679703, Validation Loss: 10.0162096024, Training R-squared: 0.5885467529, Validation R-squared: 0.5003226399
2023-11-22 22:37:42,541 - INFO - Epoch 61 : Training Loss: 9.0889587402, Validation Loss: 9.9462738037, Training R-squared: 0.5910895467, Validation R-squared: 0.5078583956
2023-11-22 22:37:47,606 - INFO - Epoch 62 : Training Loss: 9.0752019882, Validation Loss: 10.0183391571, Training R-squared: 0.5928919315, Validation R-squared: 0.5000651479
2023-11-22 22:37:52,754 - INFO - Epoch 63 : Training Loss: 9.0399570465, Validation Loss: 9.9510297775, Training R-squared: 0.5959693193, Validation R-squared: 0.5070925355
2023-11-22 22:37:57,933 - INFO - Epoch 64 : Training Loss: 9.0084447861, Validation Loss: 9.9195709229, Training R-squared: 0.5985696912, Validation R-squared: 0.5102556348
2023-11-22 22:38:03,026 - INFO - Epoch 65 : Training Loss: 8.9903917313, Validation Loss: 9.9118623734, Training R-squared: 0.6002824306, Validation R-squared: 0.5110847354
2023-11-22 22:38:08,113 - INFO - Epoch 66 : Training Loss: 8.9547824860, Validation Loss: 9.9454135895, Training R-squared: 0.6029701233, Validation R-squared: 0.5073259473
2023-11-22 22:38:13,502 - INFO - Epoch 67 : Training Loss: 8.9505128860, Validation Loss: 9.9814414978, Training R-squared: 0.6036996245, Validation R-squared: 0.5035532713
2023-11-22 22:38:18,971 - INFO - Epoch 68 : Training Loss: 8.9109544754, Validation Loss: 9.9096765518, Training R-squared: 0.6079108119, Validation R-squared: 0.5110924840
2023-11-22 22:38:24,409 - INFO - Epoch 69 : Training Loss: 8.8797035217, Validation Loss: 9.9000158310, Training R-squared: 0.6093959808, Validation R-squared: 0.5121022463
2023-11-22 22:38:29,469 - INFO - Epoch 70 : Training Loss: 8.8710765839, Validation Loss: 9.8750286102, Training R-squared: 0.6114698052, Validation R-squared: 0.5144255757
2023-11-22 22:38:34,990 - INFO - Epoch 71 : Training Loss: 8.8287420273, Validation Loss: 9.9117145538, Training R-squared: 0.6139594913, Validation R-squared: 0.5103563666
2023-11-22 22:38:40,200 - INFO - Epoch 72 : Training Loss: 8.8034553528, Validation Loss: 9.9542074203, Training R-squared: 0.6172479987, Validation R-squared: 0.5059519410
2023-11-22 22:38:45,587 - INFO - Epoch 73 : Training Loss: 8.8048887253, Validation Loss: 9.8582057953, Training R-squared: 0.6160845160, Validation R-squared: 0.5159847140
2023-11-22 22:38:50,787 - INFO - Epoch 74 : Training Loss: 8.7638158798, Validation Loss: 9.9919328690, Training R-squared: 0.6194106340, Validation R-squared: 0.5017387271
2023-11-22 22:38:55,912 - INFO - Epoch 75 : Training Loss: 8.7477607727, Validation Loss: 9.9015150070, Training R-squared: 0.6212006807, Validation R-squared: 0.5114722848
2023-11-22 22:39:01,040 - INFO - Epoch 76 : Training Loss: 8.7304296494, Validation Loss: 9.8863744736, Training R-squared: 0.6218717098, Validation R-squared: 0.5129631162
2023-11-22 22:39:06,203 - INFO - Epoch 77 : Training Loss: 8.6944980621, Validation Loss: 9.9165287018, Training R-squared: 0.6252403855, Validation R-squared: 0.5094674230
2023-11-22 22:39:11,360 - INFO - Epoch 78 : Training Loss: 8.6682920456, Validation Loss: 9.9226131439, Training R-squared: 0.6279084086, Validation R-squared: 0.5089139342
2023-11-22 22:39:23,254 - INFO - Model saved to models/portion_model/breakfast/512_512_200_64/sparsity_75_fold_2_model.keras
2023-11-22 22:39:27,252 - INFO - Avg Metrics: RMSE: 7.5601768390, R-squared: -0.5896837035, PCC: 0.7561373352
2023-11-22 22:39:27,253 - INFO - Agg Metrics: RMSE: 10.0116676538, R-squared: 0.5066708342, PCC: 0.7130061451
2023-11-22 22:39:33,810 - INFO - ================================================================== Fold 3 ===================================================================
2023-11-22 22:39:41,726 - INFO - Epoch 1  : Training Loss: 13.6857490540, Validation Loss: 13.5942697525, Training R-squared: 0.0715430081, Validation R-squared: 0.0880790651
2023-11-22 22:39:47,251 - INFO - Epoch 2  : Training Loss: 13.0238122940, Validation Loss: 12.5489501953, Training R-squared: 0.1584272683, Validation R-squared: 0.2239471078
2023-11-22 22:39:53,010 - INFO - Epoch 3  : Training Loss: 11.8361444473, Validation Loss: 11.4032535553, Training R-squared: 0.3070190251, Validation R-squared: 0.3613609374
2023-11-22 22:39:58,535 - INFO - Epoch 4  : Training Loss: 11.1588048935, Validation Loss: 11.1620998383, Training R-squared: 0.3836582601, Validation R-squared: 0.3892390430
2023-11-22 22:40:03,918 - INFO - Epoch 5  : Training Loss: 10.9793357849, Validation Loss: 11.0769453049, Training R-squared: 0.4028595090, Validation R-squared: 0.3989550173
2023-11-22 22:40:09,430 - INFO - Epoch 6  : Training Loss: 10.9204206467, Validation Loss: 11.0329380035, Training R-squared: 0.4094626904, Validation R-squared: 0.4038684368
2023-11-22 22:40:14,955 - INFO - Epoch 7  : Training Loss: 10.8520803452, Validation Loss: 10.9935998917, Training R-squared: 0.4175508022, Validation R-squared: 0.4082542956
2023-11-22 22:40:20,231 - INFO - Epoch 8  : Training Loss: 10.8066778183, Validation Loss: 10.9596548080, Training R-squared: 0.4222535789, Validation R-squared: 0.4114191830
2023-11-22 22:40:25,380 - INFO - Epoch 9  : Training Loss: 10.7590160370, Validation Loss: 10.9260101318, Training R-squared: 0.4265807271, Validation R-squared: 0.4150262177
2023-11-22 22:40:30,564 - INFO - Epoch 10 : Training Loss: 10.7173175812, Validation Loss: 10.8897905350, Training R-squared: 0.4318592250, Validation R-squared: 0.4191892147
2023-11-22 22:40:35,653 - INFO - Epoch 11 : Training Loss: 10.6716136932, Validation Loss: 10.8569021225, Training R-squared: 0.4378995597, Validation R-squared: 0.4233070612
2023-11-22 22:40:40,976 - INFO - Epoch 12 : Training Loss: 10.6078481674, Validation Loss: 10.8162622452, Training R-squared: 0.4442657828, Validation R-squared: 0.4270915687
2023-11-22 22:40:46,295 - INFO - Epoch 13 : Training Loss: 10.5292358398, Validation Loss: 10.7527732849, Training R-squared: 0.4524271786, Validation R-squared: 0.4341549575
2023-11-22 22:40:51,452 - INFO - Epoch 14 : Training Loss: 10.4890823364, Validation Loss: 10.7227230072, Training R-squared: 0.4558622241, Validation R-squared: 0.4371999800
2023-11-22 22:40:56,537 - INFO - Epoch 15 : Training Loss: 10.4422273636, Validation Loss: 10.6917190552, Training R-squared: 0.4615306556, Validation R-squared: 0.4406055212
2023-11-22 22:41:01,672 - INFO - Epoch 16 : Training Loss: 10.3804454803, Validation Loss: 10.6444482803, Training R-squared: 0.4681407809, Validation R-squared: 0.4454927742
2023-11-22 22:41:06,979 - INFO - Epoch 17 : Training Loss: 10.3000154495, Validation Loss: 10.5905170441, Training R-squared: 0.4759142697, Validation R-squared: 0.4513932765
2023-11-22 22:41:12,165 - INFO - Epoch 18 : Training Loss: 10.2689456940, Validation Loss: 10.5489635468, Training R-squared: 0.4801181853, Validation R-squared: 0.4557059109
2023-11-22 22:41:17,583 - INFO - Epoch 19 : Training Loss: 10.2077474594, Validation Loss: 10.5189809799, Training R-squared: 0.4857605398, Validation R-squared: 0.4590387642
2023-11-22 22:41:22,863 - INFO - Epoch 20 : Training Loss: 10.1708707809, Validation Loss: 10.5032215118, Training R-squared: 0.4894044399, Validation R-squared: 0.4606051743
2023-11-22 22:41:28,121 - INFO - Epoch 21 : Training Loss: 10.1370162964, Validation Loss: 10.4861211777, Training R-squared: 0.4912435710, Validation R-squared: 0.4620230496
2023-11-22 22:41:33,367 - INFO - Epoch 22 : Training Loss: 10.0973291397, Validation Loss: 10.4873514175, Training R-squared: 0.4950473011, Validation R-squared: 0.4626811445
2023-11-22 22:41:38,904 - INFO - Epoch 23 : Training Loss: 10.0701503754, Validation Loss: 10.4573268890, Training R-squared: 0.4983175695, Validation R-squared: 0.4654335678
2023-11-22 22:41:43,843 - INFO - Epoch 24 : Training Loss: 10.0461940765, Validation Loss: 10.4456319809, Training R-squared: 0.5012934804, Validation R-squared: 0.4662639797
2023-11-22 22:41:48,776 - INFO - Epoch 25 : Training Loss: 10.0211620331, Validation Loss: 10.4256610870, Training R-squared: 0.5040001869, Validation R-squared: 0.4686424434
2023-11-22 22:41:53,917 - INFO - Epoch 26 : Training Loss: 9.9739809036, Validation Loss: 10.4175195694, Training R-squared: 0.5091782212, Validation R-squared: 0.4695488214
2023-11-22 22:41:59,075 - INFO - Epoch 27 : Training Loss: 9.9668674469, Validation Loss: 10.4158859253, Training R-squared: 0.5100882053, Validation R-squared: 0.4692009389
2023-11-22 22:42:04,800 - INFO - Epoch 28 : Training Loss: 9.9195785522, Validation Loss: 10.4142227173, Training R-squared: 0.5132651329, Validation R-squared: 0.4698631465
2023-11-22 22:42:09,962 - INFO - Epoch 29 : Training Loss: 9.9022769928, Validation Loss: 10.3714942932, Training R-squared: 0.5159668922, Validation R-squared: 0.4736961424
2023-11-22 22:42:15,193 - INFO - Epoch 30 : Training Loss: 9.8636417389, Validation Loss: 10.3591585159, Training R-squared: 0.5194153190, Validation R-squared: 0.4747457802
2023-11-22 22:42:20,668 - INFO - Epoch 31 : Training Loss: 9.8451786041, Validation Loss: 10.3597192764, Training R-squared: 0.5218814015, Validation R-squared: 0.4746927917
2023-11-22 22:42:26,006 - INFO - Epoch 32 : Training Loss: 9.8123102188, Validation Loss: 10.3339910507, Training R-squared: 0.5230553150, Validation R-squared: 0.4773288965
2023-11-22 22:42:31,788 - INFO - Epoch 33 : Training Loss: 9.7981529236, Validation Loss: 10.3145179749, Training R-squared: 0.5269874930, Validation R-squared: 0.4797891080
2023-11-22 22:42:37,077 - INFO - Epoch 34 : Training Loss: 9.7473640442, Validation Loss: 10.2971200943, Training R-squared: 0.5299897194, Validation R-squared: 0.4810744822
2023-11-22 22:42:42,456 - INFO - Epoch 35 : Training Loss: 9.7263059616, Validation Loss: 10.2900123596, Training R-squared: 0.5315279961, Validation R-squared: 0.4815159142
2023-11-22 22:42:47,470 - INFO - Epoch 36 : Training Loss: 9.7008666992, Validation Loss: 10.2708520889, Training R-squared: 0.5347806811, Validation R-squared: 0.4840089977
2023-11-22 22:42:52,950 - INFO - Epoch 37 : Training Loss: 9.6793260574, Validation Loss: 10.2486181259, Training R-squared: 0.5368338227, Validation R-squared: 0.4859246910
2023-11-22 22:42:58,067 - INFO - Epoch 38 : Training Loss: 9.6503219604, Validation Loss: 10.2491865158, Training R-squared: 0.5390037298, Validation R-squared: 0.4862630069
2023-11-22 22:43:03,278 - INFO - Epoch 39 : Training Loss: 9.6268224716, Validation Loss: 10.2458992004, Training R-squared: 0.5412409902, Validation R-squared: 0.4856279790
2023-11-22 22:43:08,395 - INFO - Epoch 40 : Training Loss: 9.5910749435, Validation Loss: 10.2087411880, Training R-squared: 0.5454581976, Validation R-squared: 0.4901960194
2023-11-22 22:43:13,528 - INFO - Epoch 41 : Training Loss: 9.5771484375, Validation Loss: 10.2112770081, Training R-squared: 0.5459630489, Validation R-squared: 0.4902100861
2023-11-22 22:43:18,876 - INFO - Epoch 42 : Training Loss: 9.5349349976, Validation Loss: 10.1992712021, Training R-squared: 0.5489131212, Validation R-squared: 0.4911055565
2023-11-22 22:43:24,115 - INFO - Epoch 43 : Training Loss: 9.5146188736, Validation Loss: 10.1895227432, Training R-squared: 0.5516601801, Validation R-squared: 0.4917804301
2023-11-22 22:43:29,271 - INFO - Epoch 44 : Training Loss: 9.4967222214, Validation Loss: 10.2192945480, Training R-squared: 0.5524947643, Validation R-squared: 0.4882458150
2023-11-22 22:43:34,423 - INFO - Epoch 45 : Training Loss: 9.4896469116, Validation Loss: 10.1981697083, Training R-squared: 0.5553623438, Validation R-squared: 0.4904868305
2023-11-22 22:43:39,789 - INFO - Epoch 46 : Training Loss: 9.4466314316, Validation Loss: 10.1755638123, Training R-squared: 0.5583384037, Validation R-squared: 0.4934248924
2023-11-22 22:43:45,263 - INFO - Epoch 47 : Training Loss: 9.4435453415, Validation Loss: 10.1652088165, Training R-squared: 0.5587304831, Validation R-squared: 0.4943320453
2023-11-22 22:43:50,988 - INFO - Epoch 48 : Training Loss: 9.4049997330, Validation Loss: 10.1952486038, Training R-squared: 0.5616353750, Validation R-squared: 0.4905110896
2023-11-22 22:43:56,758 - INFO - Epoch 49 : Training Loss: 9.3730268478, Validation Loss: 10.1381340027, Training R-squared: 0.5640217662, Validation R-squared: 0.4972610474
2023-11-22 22:44:01,930 - INFO - Epoch 50 : Training Loss: 9.3661670685, Validation Loss: 10.1282367706, Training R-squared: 0.5658440590, Validation R-squared: 0.4984743595
2023-11-22 22:44:07,014 - INFO - Epoch 51 : Training Loss: 9.3369579315, Validation Loss: 10.1436986923, Training R-squared: 0.5674055815, Validation R-squared: 0.4959855378
2023-11-22 22:44:12,145 - INFO - Epoch 52 : Training Loss: 9.3161182404, Validation Loss: 10.1077957153, Training R-squared: 0.5695466995, Validation R-squared: 0.4999791384
2023-11-22 22:44:17,612 - INFO - Epoch 53 : Training Loss: 9.2848072052, Validation Loss: 10.1058864594, Training R-squared: 0.5730192661, Validation R-squared: 0.5007253885
2023-11-22 22:44:22,749 - INFO - Epoch 54 : Training Loss: 9.2621793747, Validation Loss: 10.1270532608, Training R-squared: 0.5748758316, Validation R-squared: 0.4977415800
2023-11-22 22:44:28,104 - INFO - Epoch 55 : Training Loss: 9.2305688858, Validation Loss: 10.0945482254, Training R-squared: 0.5778175592, Validation R-squared: 0.5012617707
2023-11-22 22:44:33,347 - INFO - Epoch 56 : Training Loss: 9.2068252563, Validation Loss: 10.0941123962, Training R-squared: 0.5786007643, Validation R-squared: 0.5011917949
2023-11-22 22:44:38,557 - INFO - Epoch 57 : Training Loss: 9.1966590881, Validation Loss: 10.0888938904, Training R-squared: 0.5811167359, Validation R-squared: 0.5016118884
2023-11-22 22:44:43,733 - INFO - Epoch 58 : Training Loss: 9.1491622925, Validation Loss: 10.0543079376, Training R-squared: 0.5856403708, Validation R-squared: 0.5059372783
2023-11-22 22:44:48,811 - INFO - Epoch 59 : Training Loss: 9.1473588943, Validation Loss: 10.0377807617, Training R-squared: 0.5841426849, Validation R-squared: 0.5072304606
2023-11-22 22:44:54,045 - INFO - Epoch 60 : Training Loss: 9.1152477264, Validation Loss: 10.0473747253, Training R-squared: 0.5884344578, Validation R-squared: 0.5064138770
2023-11-22 22:44:59,449 - INFO - Epoch 61 : Training Loss: 9.0909881592, Validation Loss: 10.0658502579, Training R-squared: 0.5899786353, Validation R-squared: 0.5037896037
2023-11-22 22:45:04,758 - INFO - Epoch 62 : Training Loss: 9.0942420959, Validation Loss: 10.0465631485, Training R-squared: 0.5898224711, Validation R-squared: 0.5066235662
2023-11-22 22:45:09,785 - INFO - Epoch 63 : Training Loss: 9.0533685684, Validation Loss: 10.0642900467, Training R-squared: 0.5936068892, Validation R-squared: 0.5039994717
2023-11-22 22:45:14,980 - INFO - Epoch 64 : Training Loss: 9.0379381180, Validation Loss: 10.0391387939, Training R-squared: 0.5955501199, Validation R-squared: 0.5066403151
2023-11-22 22:45:26,838 - INFO - Model saved to models/portion_model/breakfast/512_512_200_64/sparsity_75_fold_3_model.keras
2023-11-22 22:45:30,631 - INFO - Avg Metrics: RMSE: 7.6810504869, R-squared: -0.9430634682, PCC: 0.7355918788
2023-11-22 22:45:30,631 - INFO - Agg Metrics: RMSE: 10.2647017927, R-squared: 0.4923788382, PCC: 0.7025182459
2023-11-22 22:45:37,344 - INFO - ================================================================== Fold 4 ===================================================================
2023-11-22 22:45:45,865 - INFO - Epoch 1  : Training Loss: 13.7290277481, Validation Loss: 13.4360980988, Training R-squared: 0.0709678754, Validation R-squared: 0.0885544643
2023-11-22 22:45:51,389 - INFO - Epoch 2  : Training Loss: 13.0873470306, Validation Loss: 12.4784040451, Training R-squared: 0.1563584954, Validation R-squared: 0.2138366848
2023-11-22 22:45:56,938 - INFO - Epoch 3  : Training Loss: 11.9919548035, Validation Loss: 11.1795177460, Training R-squared: 0.2927552164, Validation R-squared: 0.3690541089
2023-11-22 22:46:02,252 - INFO - Epoch 4  : Training Loss: 11.1697988510, Validation Loss: 10.9229125977, Training R-squared: 0.3853878677, Validation R-squared: 0.3988958895
2023-11-22 22:46:07,788 - INFO - Epoch 5  : Training Loss: 11.0284290314, Validation Loss: 10.8570995331, Training R-squared: 0.4008559585, Validation R-squared: 0.4062955379
2023-11-22 22:46:13,001 - INFO - Epoch 6  : Training Loss: 10.9895811081, Validation Loss: 10.8166456223, Training R-squared: 0.4073877633, Validation R-squared: 0.4101982117
2023-11-22 22:46:18,373 - INFO - Epoch 7  : Training Loss: 10.9330177307, Validation Loss: 10.8044118881, Training R-squared: 0.4126289785, Validation R-squared: 0.4112942219
2023-11-22 22:46:23,467 - INFO - Epoch 8  : Training Loss: 10.8912849426, Validation Loss: 10.7551879883, Training R-squared: 0.4173403382, Validation R-squared: 0.4170326889
2023-11-22 22:46:31,379 - INFO - Epoch 9  : Training Loss: 10.8480539322, Validation Loss: 10.7083463669, Training R-squared: 0.4230338931, Validation R-squared: 0.4222425222
2023-11-22 22:46:36,657 - INFO - Epoch 10 : Training Loss: 10.7695484161, Validation Loss: 10.6358957291, Training R-squared: 0.4294907749, Validation R-squared: 0.4304157197
2023-11-22 22:46:41,978 - INFO - Epoch 11 : Training Loss: 10.6788969040, Validation Loss: 10.5761814117, Training R-squared: 0.4399434030, Validation R-squared: 0.4363799989
2023-11-22 22:46:46,966 - INFO - Epoch 12 : Training Loss: 10.6034622192, Validation Loss: 10.5044317245, Training R-squared: 0.4487517476, Validation R-squared: 0.4445662796
2023-11-22 22:46:52,026 - INFO - Epoch 13 : Training Loss: 10.5541048050, Validation Loss: 10.4611101151, Training R-squared: 0.4528669119, Validation R-squared: 0.4491060078
2023-11-22 22:46:57,337 - INFO - Epoch 14 : Training Loss: 10.4973821640, Validation Loss: 10.4230260849, Training R-squared: 0.4590119421, Validation R-squared: 0.4531939924
2023-11-22 22:47:02,395 - INFO - Epoch 15 : Training Loss: 10.4514551163, Validation Loss: 10.3943986893, Training R-squared: 0.4638594687, Validation R-squared: 0.4562748373
2023-11-22 22:47:07,689 - INFO - Epoch 16 : Training Loss: 10.4102525711, Validation Loss: 10.3672246933, Training R-squared: 0.4677321613, Validation R-squared: 0.4592325389
2023-11-22 22:47:12,804 - INFO - Epoch 17 : Training Loss: 10.3577699661, Validation Loss: 10.3252239227, Training R-squared: 0.4734797478, Validation R-squared: 0.4632963240
2023-11-22 22:47:18,491 - INFO - Epoch 18 : Training Loss: 10.3204727173, Validation Loss: 10.2907686234, Training R-squared: 0.4775610864, Validation R-squared: 0.4669689834
2023-11-22 22:47:23,515 - INFO - Epoch 19 : Training Loss: 10.2539205551, Validation Loss: 10.2747373581, Training R-squared: 0.4838007390, Validation R-squared: 0.4687057734
2023-11-22 22:47:28,516 - INFO - Epoch 20 : Training Loss: 10.2219257355, Validation Loss: 10.2422494888, Training R-squared: 0.4868286550, Validation R-squared: 0.4721474648
2023-11-22 22:47:33,588 - INFO - Epoch 21 : Training Loss: 10.2002801895, Validation Loss: 10.2226581573, Training R-squared: 0.4891734421, Validation R-squared: 0.4743981659
2023-11-22 22:47:38,639 - INFO - Epoch 22 : Training Loss: 10.1592302322, Validation Loss: 10.2135677338, Training R-squared: 0.4934566617, Validation R-squared: 0.4755294621
2023-11-22 22:47:44,121 - INFO - Epoch 23 : Training Loss: 10.1047592163, Validation Loss: 10.1783895493, Training R-squared: 0.4997626543, Validation R-squared: 0.4791604578
2023-11-22 22:47:49,157 - INFO - Epoch 24 : Training Loss: 10.0837917328, Validation Loss: 10.1617097855, Training R-squared: 0.5018891096, Validation R-squared: 0.4806615412
2023-11-22 22:47:54,230 - INFO - Epoch 25 : Training Loss: 10.0379457474, Validation Loss: 10.1430120468, Training R-squared: 0.5041102767, Validation R-squared: 0.4828794301
2023-11-22 22:47:59,224 - INFO - Epoch 26 : Training Loss: 10.0242195129, Validation Loss: 10.1402082443, Training R-squared: 0.5072432160, Validation R-squared: 0.4830109775
2023-11-22 22:48:04,117 - INFO - Epoch 27 : Training Loss: 9.9835786819, Validation Loss: 10.1195449829, Training R-squared: 0.5113998652, Validation R-squared: 0.4852609932
2023-11-22 22:48:09,136 - INFO - Epoch 28 : Training Loss: 9.9204254150, Validation Loss: 10.1102037430, Training R-squared: 0.5168585777, Validation R-squared: 0.4861751497
2023-11-22 22:48:14,786 - INFO - Epoch 29 : Training Loss: 9.9155588150, Validation Loss: 10.1019315720, Training R-squared: 0.5168088078, Validation R-squared: 0.4869570732
2023-11-22 22:48:20,299 - INFO - Epoch 30 : Training Loss: 9.8847084045, Validation Loss: 10.1003780365, Training R-squared: 0.5208026767, Validation R-squared: 0.4871485531
2023-11-22 22:48:25,540 - INFO - Epoch 31 : Training Loss: 9.8407449722, Validation Loss: 10.0690822601, Training R-squared: 0.5245805979, Validation R-squared: 0.4909696877
2023-11-22 22:48:30,806 - INFO - Epoch 32 : Training Loss: 9.8225259781, Validation Loss: 10.0547361374, Training R-squared: 0.5257334113, Validation R-squared: 0.4925678968
2023-11-22 22:48:36,252 - INFO - Epoch 33 : Training Loss: 9.8011121750, Validation Loss: 10.0447807312, Training R-squared: 0.5280101895, Validation R-squared: 0.4930727482
2023-11-22 22:48:42,231 - INFO - Epoch 34 : Training Loss: 9.7698230743, Validation Loss: 10.0443792343, Training R-squared: 0.5316845179, Validation R-squared: 0.4931626320
2023-11-22 22:48:47,487 - INFO - Epoch 35 : Training Loss: 9.7517833710, Validation Loss: 10.0392093658, Training R-squared: 0.5333417654, Validation R-squared: 0.4937812984
2023-11-22 22:48:52,862 - INFO - Epoch 36 : Training Loss: 9.7278852463, Validation Loss: 10.0207271576, Training R-squared: 0.5344407558, Validation R-squared: 0.4959379435
2023-11-22 22:48:58,057 - INFO - Epoch 37 : Training Loss: 9.6811542511, Validation Loss: 10.0170240402, Training R-squared: 0.5400978923, Validation R-squared: 0.4957706034
2023-11-22 22:49:03,529 - INFO - Epoch 38 : Training Loss: 9.6603479385, Validation Loss: 10.0011720657, Training R-squared: 0.5411461592, Validation R-squared: 0.4973820448
2023-11-22 22:49:08,943 - INFO - Epoch 39 : Training Loss: 9.6452856064, Validation Loss: 9.9834985733, Training R-squared: 0.5424395800, Validation R-squared: 0.4995574057
2023-11-22 22:49:13,986 - INFO - Epoch 40 : Training Loss: 9.6282415390, Validation Loss: 9.9686222076, Training R-squared: 0.5445204377, Validation R-squared: 0.5014015436
2023-11-22 22:49:19,967 - INFO - Epoch 41 : Training Loss: 9.5778942108, Validation Loss: 9.9522151947, Training R-squared: 0.5485133529, Validation R-squared: 0.5026593804
2023-11-22 22:49:25,921 - INFO - Epoch 42 : Training Loss: 9.5690097809, Validation Loss: 10.0225191116, Training R-squared: 0.5509053469, Validation R-squared: 0.4944919646
2023-11-22 22:49:31,376 - INFO - Epoch 43 : Training Loss: 9.5302028656, Validation Loss: 9.9559955597, Training R-squared: 0.5531774163, Validation R-squared: 0.5021823049
2023-11-22 22:49:36,548 - INFO - Epoch 44 : Training Loss: 9.5012540817, Validation Loss: 9.9303884506, Training R-squared: 0.5561124682, Validation R-squared: 0.5047283173
2023-11-22 22:49:41,817 - INFO - Epoch 45 : Training Loss: 9.4932403564, Validation Loss: 9.9216737747, Training R-squared: 0.5578460097, Validation R-squared: 0.5054700971
2023-11-22 22:49:46,782 - INFO - Epoch 46 : Training Loss: 9.4655933380, Validation Loss: 9.9114227295, Training R-squared: 0.5603233576, Validation R-squared: 0.5064435601
2023-11-22 22:49:51,812 - INFO - Epoch 47 : Training Loss: 9.4649801254, Validation Loss: 9.8961677551, Training R-squared: 0.5608587861, Validation R-squared: 0.5084940195
2023-11-22 22:49:56,818 - INFO - Epoch 48 : Training Loss: 9.4272861481, Validation Loss: 9.9042510986, Training R-squared: 0.5635219812, Validation R-squared: 0.5070196986
2023-11-22 22:50:01,861 - INFO - Epoch 49 : Training Loss: 9.3905220032, Validation Loss: 9.8798103333, Training R-squared: 0.5656417608, Validation R-squared: 0.5101442337
2023-11-22 22:50:06,995 - INFO - Epoch 50 : Training Loss: 9.3788032532, Validation Loss: 9.8750162125, Training R-squared: 0.5677493215, Validation R-squared: 0.5103119016
2023-11-22 22:50:12,123 - INFO - Epoch 51 : Training Loss: 9.3515634537, Validation Loss: 9.8730020523, Training R-squared: 0.5690157413, Validation R-squared: 0.5105276704
2023-11-22 22:50:17,650 - INFO - Epoch 52 : Training Loss: 9.3146486282, Validation Loss: 9.8575839996, Training R-squared: 0.5738534927, Validation R-squared: 0.5118296146
2023-11-22 22:50:22,866 - INFO - Epoch 53 : Training Loss: 9.2827663422, Validation Loss: 9.8531723022, Training R-squared: 0.5761033297, Validation R-squared: 0.5125716329
2023-11-22 22:50:28,327 - INFO - Epoch 54 : Training Loss: 9.2454223633, Validation Loss: 9.8463888168, Training R-squared: 0.5796774626, Validation R-squared: 0.5132364035
2023-11-22 22:50:33,798 - INFO - Epoch 55 : Training Loss: 9.2489891052, Validation Loss: 9.8320026398, Training R-squared: 0.5794719458, Validation R-squared: 0.5144783854
2023-11-22 22:50:39,010 - INFO - Epoch 56 : Training Loss: 9.2303180695, Validation Loss: 9.8386898041, Training R-squared: 0.5812705755, Validation R-squared: 0.5132257938
2023-11-22 22:50:44,145 - INFO - Epoch 57 : Training Loss: 9.1882677078, Validation Loss: 9.8101301193, Training R-squared: 0.5844640136, Validation R-squared: 0.5164429545
2023-11-22 22:50:49,474 - INFO - Epoch 58 : Training Loss: 9.1618738174, Validation Loss: 9.8029775620, Training R-squared: 0.5870688558, Validation R-squared: 0.5170951486
2023-11-22 22:50:54,950 - INFO - Epoch 59 : Training Loss: 9.1455907822, Validation Loss: 9.8031568527, Training R-squared: 0.5886888504, Validation R-squared: 0.5167406201
2023-11-22 22:51:00,831 - INFO - Epoch 60 : Training Loss: 9.1053485870, Validation Loss: 9.7966508865, Training R-squared: 0.5907978415, Validation R-squared: 0.5175921321
2023-11-22 22:51:06,126 - INFO - Epoch 61 : Training Loss: 9.0834293365, Validation Loss: 9.7923460007, Training R-squared: 0.5952039957, Validation R-squared: 0.5178580880
2023-11-22 22:51:11,301 - INFO - Epoch 62 : Training Loss: 9.0545330048, Validation Loss: 9.7640037537, Training R-squared: 0.5958580971, Validation R-squared: 0.5213637352
2023-11-22 22:51:16,652 - INFO - Epoch 63 : Training Loss: 9.0282115936, Validation Loss: 9.7666158676, Training R-squared: 0.5985307097, Validation R-squared: 0.5209137797
2023-11-22 22:51:21,946 - INFO - Epoch 64 : Training Loss: 9.0095825195, Validation Loss: 9.7681121826, Training R-squared: 0.5995757580, Validation R-squared: 0.5201773047
2023-11-22 22:51:27,083 - INFO - Epoch 65 : Training Loss: 9.0093698502, Validation Loss: 9.7777214050, Training R-squared: 0.6010783315, Validation R-squared: 0.5192181468
2023-11-22 22:51:32,389 - INFO - Epoch 66 : Training Loss: 8.9809322357, Validation Loss: 9.7410259247, Training R-squared: 0.6039613485, Validation R-squared: 0.5231344104
2023-11-22 22:51:37,606 - INFO - Epoch 67 : Training Loss: 8.9349670410, Validation Loss: 9.7365236282, Training R-squared: 0.6059331894, Validation R-squared: 0.5236553550
2023-11-22 22:51:42,854 - INFO - Epoch 68 : Training Loss: 8.9196348190, Validation Loss: 9.7594070435, Training R-squared: 0.6083740592, Validation R-squared: 0.5209661126
2023-11-22 22:51:48,103 - INFO - Epoch 69 : Training Loss: 8.8813486099, Validation Loss: 9.7302675247, Training R-squared: 0.6112138629, Validation R-squared: 0.5244102478
2023-11-22 22:51:53,327 - INFO - Epoch 70 : Training Loss: 8.8765001297, Validation Loss: 9.7532873154, Training R-squared: 0.6112848520, Validation R-squared: 0.5219557881
2023-11-22 22:51:58,557 - INFO - Epoch 71 : Training Loss: 8.8574037552, Validation Loss: 9.7212095261, Training R-squared: 0.6136279106, Validation R-squared: 0.5248442292
2023-11-22 22:52:03,761 - INFO - Epoch 72 : Training Loss: 8.8265066147, Validation Loss: 9.6992588043, Training R-squared: 0.6160211563, Validation R-squared: 0.5268898606
2023-11-22 22:52:08,807 - INFO - Epoch 73 : Training Loss: 8.8089799881, Validation Loss: 9.6970319748, Training R-squared: 0.6182550788, Validation R-squared: 0.5272327662
2023-11-22 22:52:13,762 - INFO - Epoch 74 : Training Loss: 8.7816181183, Validation Loss: 9.7078113556, Training R-squared: 0.6196561456, Validation R-squared: 0.5258062482
2023-11-22 22:52:19,122 - INFO - Epoch 75 : Training Loss: 8.7724790573, Validation Loss: 9.7326955795, Training R-squared: 0.6217995882, Validation R-squared: 0.5230017304
2023-11-22 22:52:24,517 - INFO - Epoch 76 : Training Loss: 8.7460479736, Validation Loss: 9.7147703171, Training R-squared: 0.6217488647, Validation R-squared: 0.5251985192
2023-11-22 22:52:29,695 - INFO - Epoch 77 : Training Loss: 8.7106523514, Validation Loss: 9.6752157211, Training R-squared: 0.6259028316, Validation R-squared: 0.5293387771
2023-11-22 22:52:35,290 - INFO - Epoch 78 : Training Loss: 8.6921138763, Validation Loss: 9.6990194321, Training R-squared: 0.6278423667, Validation R-squared: 0.5270383358
2023-11-22 22:52:41,032 - INFO - Epoch 79 : Training Loss: 8.6861696243, Validation Loss: 9.6830997467, Training R-squared: 0.6264855266, Validation R-squared: 0.5280017853
2023-11-22 22:52:46,610 - INFO - Epoch 80 : Training Loss: 8.6311225891, Validation Loss: 9.6934223175, Training R-squared: 0.6318323612, Validation R-squared: 0.5265997648
2023-11-22 22:52:52,879 - INFO - Epoch 81 : Training Loss: 8.6287412643, Validation Loss: 9.6518383026, Training R-squared: 0.6334866881, Validation R-squared: 0.5313314199
2023-11-22 22:52:58,253 - INFO - Epoch 82 : Training Loss: 8.6101989746, Validation Loss: 9.6727342606, Training R-squared: 0.6343277693, Validation R-squared: 0.5292334557
2023-11-22 22:53:03,900 - INFO - Epoch 83 : Training Loss: 8.5747613907, Validation Loss: 9.6673116684, Training R-squared: 0.6366502047, Validation R-squared: 0.5295835733
2023-11-22 22:53:09,058 - INFO - Epoch 84 : Training Loss: 8.5834608078, Validation Loss: 9.6803607941, Training R-squared: 0.6372308135, Validation R-squared: 0.5275882483
2023-11-22 22:53:14,660 - INFO - Epoch 85 : Training Loss: 8.5370454788, Validation Loss: 9.6333446503, Training R-squared: 0.6399638653, Validation R-squared: 0.5334312320
2023-11-22 22:53:20,207 - INFO - Epoch 86 : Training Loss: 8.5152254105, Validation Loss: 9.7027959824, Training R-squared: 0.6416777968, Validation R-squared: 0.5251805186
2023-11-22 22:53:25,371 - INFO - Epoch 87 : Training Loss: 8.5146875381, Validation Loss: 9.6663475037, Training R-squared: 0.6420322657, Validation R-squared: 0.5290536284
2023-11-22 22:53:30,639 - INFO - Epoch 88 : Training Loss: 8.4759464264, Validation Loss: 9.6321592331, Training R-squared: 0.6439342499, Validation R-squared: 0.5329219699
2023-11-22 22:53:35,860 - INFO - Epoch 89 : Training Loss: 8.4520025253, Validation Loss: 9.6833019257, Training R-squared: 0.6475093961, Validation R-squared: 0.5273792148
2023-11-22 22:53:41,153 - INFO - Epoch 90 : Training Loss: 8.4221134186, Validation Loss: 9.6339712143, Training R-squared: 0.6484808922, Validation R-squared: 0.5326950550
2023-11-22 22:53:47,236 - INFO - Epoch 91 : Training Loss: 8.4215850830, Validation Loss: 9.6431341171, Training R-squared: 0.6496371031, Validation R-squared: 0.5319129825
2023-11-22 22:53:53,350 - INFO - Epoch 92 : Training Loss: 8.3919000626, Validation Loss: 9.6208124161, Training R-squared: 0.6521260738, Validation R-squared: 0.5338393450
2023-11-22 22:53:59,019 - INFO - Epoch 93 : Training Loss: 8.3758182526, Validation Loss: 9.6268577576, Training R-squared: 0.6522927880, Validation R-squared: 0.5337889791
2023-11-22 22:54:04,029 - INFO - Epoch 94 : Training Loss: 8.3534507751, Validation Loss: 9.6200037003, Training R-squared: 0.6553249955, Validation R-squared: 0.5337978005
2023-11-22 22:54:09,124 - INFO - Epoch 95 : Training Loss: 8.3086347580, Validation Loss: 9.6483974457, Training R-squared: 0.6574543118, Validation R-squared: 0.5306746364
2023-11-22 22:54:14,327 - INFO - Epoch 96 : Training Loss: 8.3199033737, Validation Loss: 9.6210412979, Training R-squared: 0.6569285393, Validation R-squared: 0.5338736176
2023-11-22 22:54:19,718 - INFO - Epoch 97 : Training Loss: 8.2869749069, Validation Loss: 9.6214580536, Training R-squared: 0.6601557136, Validation R-squared: 0.5339331627
2023-11-22 22:54:25,168 - INFO - Epoch 98 : Training Loss: 8.2627248764, Validation Loss: 9.6406278610, Training R-squared: 0.6619093418, Validation R-squared: 0.5311483741
2023-11-22 22:54:30,448 - INFO - Epoch 99 : Training Loss: 8.2548713684, Validation Loss: 9.5927629471, Training R-squared: 0.6630839109, Validation R-squared: 0.5364012122
2023-11-22 22:54:35,701 - INFO - Epoch 100: Training Loss: 8.2191181183, Validation Loss: 9.5780611038, Training R-squared: 0.6649705172, Validation R-squared: 0.5383895636
2023-11-22 22:54:41,070 - INFO - Epoch 101: Training Loss: 8.2224235535, Validation Loss: 9.5849637985, Training R-squared: 0.6649537683, Validation R-squared: 0.5373182893
2023-11-22 22:54:46,151 - INFO - Epoch 102: Training Loss: 8.1958951950, Validation Loss: 9.6131954193, Training R-squared: 0.6677500010, Validation R-squared: 0.5343726277
2023-11-22 22:54:51,208 - INFO - Epoch 103: Training Loss: 8.1624546051, Validation Loss: 9.6215658188, Training R-squared: 0.6689568758, Validation R-squared: 0.5330784917
2023-11-22 22:54:56,434 - INFO - Epoch 104: Training Loss: 8.1498861313, Validation Loss: 9.6251659393, Training R-squared: 0.6702146530, Validation R-squared: 0.5319905281
2023-11-22 22:55:01,852 - INFO - Epoch 105: Training Loss: 8.1550683975, Validation Loss: 9.5716257095, Training R-squared: 0.6703849435, Validation R-squared: 0.5384982228
2023-11-22 22:55:07,068 - INFO - Epoch 106: Training Loss: 8.1137676239, Validation Loss: 9.6000776291, Training R-squared: 0.6729545593, Validation R-squared: 0.5354358554
2023-11-22 22:55:12,181 - INFO - Epoch 107: Training Loss: 8.1167974472, Validation Loss: 9.6036291122, Training R-squared: 0.6734592915, Validation R-squared: 0.5341469646
2023-11-22 22:55:18,125 - INFO - Epoch 108: Training Loss: 8.0861740112, Validation Loss: 9.5991888046, Training R-squared: 0.6764882803, Validation R-squared: 0.5352823734
2023-11-22 22:55:23,253 - INFO - Epoch 109: Training Loss: 8.0795593262, Validation Loss: 9.5731887817, Training R-squared: 0.6764854193, Validation R-squared: 0.5378084779
2023-11-22 22:55:28,539 - INFO - Epoch 110: Training Loss: 8.0557174683, Validation Loss: 9.5792322159, Training R-squared: 0.6770749092, Validation R-squared: 0.5373352170
2023-11-22 22:55:40,794 - INFO - Model saved to models/portion_model/breakfast/512_512_200_64/sparsity_75_fold_4_model.keras
2023-11-22 22:55:44,749 - INFO - Avg Metrics: RMSE: 7.1740253291, R-squared: -0.3062162082, PCC: 0.7958613900
2023-11-22 22:55:44,750 - INFO - Agg Metrics: RMSE: 9.7985025299, R-squared: 0.5251821372, PCC: 0.7267051415
2023-11-22 22:55:51,864 - INFO - ================================================================== Fold 5 ===================================================================
2023-11-22 22:55:59,177 - INFO - Epoch 1  : Training Loss: 13.7679605484, Validation Loss: 13.2049121857, Training R-squared: 0.0720687285, Validation R-squared: 0.0904495046
2023-11-22 22:56:04,744 - INFO - Epoch 2  : Training Loss: 13.0859012604, Validation Loss: 12.1512413025, Training R-squared: 0.1635465324, Validation R-squared: 0.2291802317
2023-11-22 22:56:10,185 - INFO - Epoch 3  : Training Loss: 11.8877954483, Validation Loss: 10.9473628998, Training R-squared: 0.3110327423, Validation R-squared: 0.3763535321
2023-11-22 22:56:15,440 - INFO - Epoch 4  : Training Loss: 11.2109794617, Validation Loss: 10.7349796295, Training R-squared: 0.3881694674, Validation R-squared: 0.4006423056
2023-11-22 22:56:20,774 - INFO - Epoch 5  : Training Loss: 11.0654468536, Validation Loss: 10.6938047409, Training R-squared: 0.4018355310, Validation R-squared: 0.4049892724
2023-11-22 22:56:26,066 - INFO - Epoch 6  : Training Loss: 11.0056095123, Validation Loss: 10.6564607620, Training R-squared: 0.4086190462, Validation R-squared: 0.4092435539
2023-11-22 22:56:31,215 - INFO - Epoch 7  : Training Loss: 10.9652605057, Validation Loss: 10.6052141190, Training R-squared: 0.4132588208, Validation R-squared: 0.4148603380
2023-11-22 22:56:36,394 - INFO - Epoch 8  : Training Loss: 10.9202585220, Validation Loss: 10.5791540146, Training R-squared: 0.4176404774, Validation R-squared: 0.4177419841
2023-11-22 22:56:41,687 - INFO - Epoch 9  : Training Loss: 10.8645410538, Validation Loss: 10.5863714218, Training R-squared: 0.4226980209, Validation R-squared: 0.4169154167
2023-11-22 22:56:46,769 - INFO - Epoch 10 : Training Loss: 10.8577909470, Validation Loss: 10.5157194138, Training R-squared: 0.4257942140, Validation R-squared: 0.4250994027
2023-11-22 22:56:51,938 - INFO - Epoch 11 : Training Loss: 10.7662563324, Validation Loss: 10.4696836472, Training R-squared: 0.4347217083, Validation R-squared: 0.4304813445
2023-11-22 22:56:57,050 - INFO - Epoch 12 : Training Loss: 10.7137622833, Validation Loss: 10.4158210754, Training R-squared: 0.4397386014, Validation R-squared: 0.4365116656
2023-11-22 22:57:02,334 - INFO - Epoch 13 : Training Loss: 10.6512956619, Validation Loss: 10.3715429306, Training R-squared: 0.4471654892, Validation R-squared: 0.4412637651
2023-11-22 22:57:07,407 - INFO - Epoch 14 : Training Loss: 10.6003475189, Validation Loss: 10.3354711533, Training R-squared: 0.4512767494, Validation R-squared: 0.4446933270
2023-11-22 22:57:12,482 - INFO - Epoch 15 : Training Loss: 10.5619840622, Validation Loss: 10.2734622955, Training R-squared: 0.4574591517, Validation R-squared: 0.4517588317
2023-11-22 22:57:17,949 - INFO - Epoch 16 : Training Loss: 10.4949636459, Validation Loss: 10.2162637711, Training R-squared: 0.4643432498, Validation R-squared: 0.4581572115
2023-11-22 22:57:23,203 - INFO - Epoch 17 : Training Loss: 10.4472627640, Validation Loss: 10.1872978210, Training R-squared: 0.4682337940, Validation R-squared: 0.4609414041
2023-11-22 22:57:28,374 - INFO - Epoch 18 : Training Loss: 10.3839721680, Validation Loss: 10.1278762817, Training R-squared: 0.4736249149, Validation R-squared: 0.4675153196
2023-11-22 22:57:33,534 - INFO - Epoch 19 : Training Loss: 10.3219165802, Validation Loss: 10.0900526047, Training R-squared: 0.4814156890, Validation R-squared: 0.4715618789
2023-11-22 22:57:38,874 - INFO - Epoch 20 : Training Loss: 10.2590284348, Validation Loss: 10.0724258423, Training R-squared: 0.4877980053, Validation R-squared: 0.4732132256
2023-11-22 22:57:43,941 - INFO - Epoch 21 : Training Loss: 10.2304658890, Validation Loss: 10.0404443741, Training R-squared: 0.4917998314, Validation R-squared: 0.4768310487
2023-11-22 22:57:49,006 - INFO - Epoch 22 : Training Loss: 10.1931715012, Validation Loss: 10.0175981522, Training R-squared: 0.4944324791, Validation R-squared: 0.4791298211
2023-11-22 22:57:54,098 - INFO - Epoch 23 : Training Loss: 10.1718959808, Validation Loss: 10.0114974976, Training R-squared: 0.4961472452, Validation R-squared: 0.4801199734
2023-11-22 22:57:59,237 - INFO - Epoch 24 : Training Loss: 10.1207609177, Validation Loss: 9.9907016754, Training R-squared: 0.5005850196, Validation R-squared: 0.4820818007
2023-11-22 22:58:04,226 - INFO - Epoch 25 : Training Loss: 10.1120471954, Validation Loss: 9.9788198471, Training R-squared: 0.5019160509, Validation R-squared: 0.4830868244
2023-11-22 22:58:09,352 - INFO - Epoch 26 : Training Loss: 10.0597000122, Validation Loss: 9.9629859924, Training R-squared: 0.5065243244, Validation R-squared: 0.4847553968
2023-11-22 22:58:14,752 - INFO - Epoch 27 : Training Loss: 10.0236272812, Validation Loss: 9.9636383057, Training R-squared: 0.5098624229, Validation R-squared: 0.4845521450
2023-11-22 22:58:19,940 - INFO - Epoch 28 : Training Loss: 10.0176601410, Validation Loss: 9.9348592758, Training R-squared: 0.5122572184, Validation R-squared: 0.4878161252
2023-11-22 22:58:25,138 - INFO - Epoch 29 : Training Loss: 9.9812374115, Validation Loss: 9.9294490814, Training R-squared: 0.5156170130, Validation R-squared: 0.4883425236
2023-11-22 22:58:30,653 - INFO - Epoch 30 : Training Loss: 9.9639043808, Validation Loss: 9.9112071991, Training R-squared: 0.5182286501, Validation R-squared: 0.4902009666
2023-11-22 22:58:35,936 - INFO - Epoch 31 : Training Loss: 9.9177360535, Validation Loss: 9.8909749985, Training R-squared: 0.5202216506, Validation R-squared: 0.4924636185
2023-11-22 22:58:41,249 - INFO - Epoch 32 : Training Loss: 9.8883190155, Validation Loss: 9.8910245895, Training R-squared: 0.5239704847, Validation R-squared: 0.4924269915
2023-11-22 22:58:46,813 - INFO - Epoch 33 : Training Loss: 9.8633880615, Validation Loss: 9.8877391815, Training R-squared: 0.5267942548, Validation R-squared: 0.4922069609
2023-11-22 22:58:52,101 - INFO - Epoch 34 : Training Loss: 9.8239946365, Validation Loss: 9.8813562393, Training R-squared: 0.5304185152, Validation R-squared: 0.4932009280
2023-11-22 22:58:57,044 - INFO - Epoch 35 : Training Loss: 9.7802991867, Validation Loss: 9.8401870728, Training R-squared: 0.5338596106, Validation R-squared: 0.4976022542
2023-11-22 22:59:02,334 - INFO - Epoch 36 : Training Loss: 9.7843818665, Validation Loss: 9.8320522308, Training R-squared: 0.5329750180, Validation R-squared: 0.4986974001
2023-11-22 22:59:07,540 - INFO - Epoch 37 : Training Loss: 9.7509183884, Validation Loss: 9.8202066422, Training R-squared: 0.5367222428, Validation R-squared: 0.4996211827
2023-11-22 22:59:12,819 - INFO - Epoch 38 : Training Loss: 9.7040090561, Validation Loss: 9.8366346359, Training R-squared: 0.5408105850, Validation R-squared: 0.4974581003
2023-11-22 22:59:18,156 - INFO - Epoch 39 : Training Loss: 9.7026920319, Validation Loss: 9.8223009109, Training R-squared: 0.5416724682, Validation R-squared: 0.4990589619
2023-11-22 22:59:23,292 - INFO - Epoch 40 : Training Loss: 9.6371946335, Validation Loss: 9.7886857986, Training R-squared: 0.5464473367, Validation R-squared: 0.5027764440
2023-11-22 22:59:28,483 - INFO - Epoch 41 : Training Loss: 9.6508197784, Validation Loss: 9.7968139648, Training R-squared: 0.5455518365, Validation R-squared: 0.5015089512
2023-11-22 22:59:33,587 - INFO - Epoch 42 : Training Loss: 9.6180953979, Validation Loss: 9.7597990036, Training R-squared: 0.5510565639, Validation R-squared: 0.5058680177
2023-11-22 22:59:38,859 - INFO - Epoch 43 : Training Loss: 9.5728921890, Validation Loss: 9.7297363281, Training R-squared: 0.5537446141, Validation R-squared: 0.5090046525
2023-11-22 22:59:44,477 - INFO - Epoch 44 : Training Loss: 9.5364408493, Validation Loss: 9.7323064804, Training R-squared: 0.5562593341, Validation R-squared: 0.5086007714
2023-11-22 22:59:49,769 - INFO - Epoch 45 : Training Loss: 9.5120267868, Validation Loss: 9.7022857666, Training R-squared: 0.5591543913, Validation R-squared: 0.5114680529
2023-11-22 22:59:55,066 - INFO - Epoch 46 : Training Loss: 9.4885492325, Validation Loss: 9.6916799545, Training R-squared: 0.5605875254, Validation R-squared: 0.5129165649
2023-11-22 23:00:00,206 - INFO - Epoch 47 : Training Loss: 9.4758968353, Validation Loss: 9.6841430664, Training R-squared: 0.5632872581, Validation R-squared: 0.5136672258
2023-11-22 23:00:05,346 - INFO - Epoch 48 : Training Loss: 9.4460067749, Validation Loss: 9.7308959961, Training R-squared: 0.5655716658, Validation R-squared: 0.5086195469
2023-11-22 23:00:10,506 - INFO - Epoch 49 : Training Loss: 9.4094142914, Validation Loss: 9.6737337112, Training R-squared: 0.5680010319, Validation R-squared: 0.5144831538
2023-11-22 23:00:15,629 - INFO - Epoch 50 : Training Loss: 9.3874225616, Validation Loss: 9.6509952545, Training R-squared: 0.5691293478, Validation R-squared: 0.5169075131
2023-11-22 23:00:21,013 - INFO - Epoch 51 : Training Loss: 9.3429546356, Validation Loss: 9.6482248306, Training R-squared: 0.5743363500, Validation R-squared: 0.5173607469
2023-11-22 23:00:26,213 - INFO - Epoch 52 : Training Loss: 9.3240737915, Validation Loss: 9.6485891342, Training R-squared: 0.5753238201, Validation R-squared: 0.5168088078
2023-11-22 23:00:31,347 - INFO - Epoch 53 : Training Loss: 9.3157701492, Validation Loss: 9.6786241531, Training R-squared: 0.5767219663, Validation R-squared: 0.5132015944
2023-11-22 23:00:36,649 - INFO - Epoch 54 : Training Loss: 9.2682552338, Validation Loss: 9.6376562119, Training R-squared: 0.5804493427, Validation R-squared: 0.5180455446
2023-11-22 23:00:41,851 - INFO - Epoch 55 : Training Loss: 9.2786149979, Validation Loss: 9.6356258392, Training R-squared: 0.5805947185, Validation R-squared: 0.5187725425
2023-11-22 23:00:46,885 - INFO - Epoch 56 : Training Loss: 9.2452697754, Validation Loss: 9.6348657608, Training R-squared: 0.5841707587, Validation R-squared: 0.5181042552
2023-11-22 23:00:52,193 - INFO - Epoch 57 : Training Loss: 9.2455606461, Validation Loss: 9.5993528366, Training R-squared: 0.5838461518, Validation R-squared: 0.5221161842
2023-11-22 23:00:57,209 - INFO - Epoch 58 : Training Loss: 9.1888141632, Validation Loss: 9.5977926254, Training R-squared: 0.5876935720, Validation R-squared: 0.5224696398
2023-11-22 23:01:02,203 - INFO - Epoch 59 : Training Loss: 9.1708755493, Validation Loss: 9.5887336731, Training R-squared: 0.5893428326, Validation R-squared: 0.5227723718
2023-11-22 23:01:07,321 - INFO - Epoch 60 : Training Loss: 9.1551523209, Validation Loss: 9.6283588409, Training R-squared: 0.5911644101, Validation R-squared: 0.5191827416
2023-11-22 23:01:12,303 - INFO - Epoch 61 : Training Loss: 9.1331243515, Validation Loss: 9.5705566406, Training R-squared: 0.5935145020, Validation R-squared: 0.5252212882
2023-11-22 23:01:17,805 - INFO - Epoch 62 : Training Loss: 9.0969266891, Validation Loss: 9.6004915237, Training R-squared: 0.5960559249, Validation R-squared: 0.5217957497
2023-11-22 23:01:22,759 - INFO - Epoch 63 : Training Loss: 9.0922603607, Validation Loss: 9.6217565536, Training R-squared: 0.5966125131, Validation R-squared: 0.5194467902
2023-11-22 23:01:27,692 - INFO - Epoch 64 : Training Loss: 9.0741319656, Validation Loss: 9.5881929398, Training R-squared: 0.5978456140, Validation R-squared: 0.5232688785
2023-11-22 23:01:32,651 - INFO - Epoch 65 : Training Loss: 9.0251693726, Validation Loss: 9.5560808182, Training R-squared: 0.6014985442, Validation R-squared: 0.5262849927
2023-11-22 23:01:37,649 - INFO - Epoch 66 : Training Loss: 9.0102949142, Validation Loss: 9.5647296906, Training R-squared: 0.6038106084, Validation R-squared: 0.5253552794
2023-11-22 23:01:42,747 - INFO - Epoch 67 : Training Loss: 8.9888916016, Validation Loss: 9.5620317459, Training R-squared: 0.6057596207, Validation R-squared: 0.5256386399
2023-11-22 23:01:47,774 - INFO - Epoch 68 : Training Loss: 8.9796466827, Validation Loss: 9.5382003784, Training R-squared: 0.6055305600, Validation R-squared: 0.5283286572
2023-11-22 23:01:52,754 - INFO - Epoch 69 : Training Loss: 8.9402332306, Validation Loss: 9.5607900620, Training R-squared: 0.6095302105, Validation R-squared: 0.5258539319
2023-11-22 23:01:57,699 - INFO - Epoch 70 : Training Loss: 8.9007492065, Validation Loss: 9.5416545868, Training R-squared: 0.6127626300, Validation R-squared: 0.5278208256
2023-11-22 23:02:02,675 - INFO - Epoch 71 : Training Loss: 8.8873710632, Validation Loss: 9.5298776627, Training R-squared: 0.6137054563, Validation R-squared: 0.5289459825
2023-11-22 23:02:07,617 - INFO - Epoch 72 : Training Loss: 8.8585548401, Validation Loss: 9.5349416733, Training R-squared: 0.6167498827, Validation R-squared: 0.5283364654
2023-11-22 23:02:12,606 - INFO - Epoch 73 : Training Loss: 8.8252763748, Validation Loss: 9.5446996689, Training R-squared: 0.6188777685, Validation R-squared: 0.5271384120
2023-11-22 23:02:17,672 - INFO - Epoch 74 : Training Loss: 8.8229837418, Validation Loss: 9.5393695831, Training R-squared: 0.6190699935, Validation R-squared: 0.5275672674
2023-11-22 23:02:22,566 - INFO - Epoch 75 : Training Loss: 8.7905340195, Validation Loss: 9.5194368362, Training R-squared: 0.6220099330, Validation R-squared: 0.5296253562
2023-11-22 23:02:27,572 - INFO - Epoch 76 : Training Loss: 8.7808704376, Validation Loss: 9.4927968979, Training R-squared: 0.6231476665, Validation R-squared: 0.5324373245
2023-11-22 23:02:32,548 - INFO - Epoch 77 : Training Loss: 8.7489862442, Validation Loss: 9.4975929260, Training R-squared: 0.6241734028, Validation R-squared: 0.5317674279
2023-11-22 23:02:37,607 - INFO - Epoch 78 : Training Loss: 8.7565126419, Validation Loss: 9.5175228119, Training R-squared: 0.6248157620, Validation R-squared: 0.5301377177
2023-11-22 23:02:42,715 - INFO - Epoch 79 : Training Loss: 8.7128391266, Validation Loss: 9.5565757751, Training R-squared: 0.6289069057, Validation R-squared: 0.5259218812
2023-11-22 23:02:48,024 - INFO - Epoch 80 : Training Loss: 8.6923179626, Validation Loss: 9.5041503906, Training R-squared: 0.6287992597, Validation R-squared: 0.5309244394
2023-11-22 23:02:53,541 - INFO - Epoch 81 : Training Loss: 8.6608724594, Validation Loss: 9.4895839691, Training R-squared: 0.6316214204, Validation R-squared: 0.5327515602
2023-11-22 23:02:58,864 - INFO - Epoch 82 : Training Loss: 8.6339845657, Validation Loss: 9.5139760971, Training R-squared: 0.6340664625, Validation R-squared: 0.5297842622
2023-11-22 23:03:03,843 - INFO - Epoch 83 : Training Loss: 8.6277122498, Validation Loss: 9.4589233398, Training R-squared: 0.6344389915, Validation R-squared: 0.5358271599
2023-11-22 23:03:08,907 - INFO - Epoch 84 : Training Loss: 8.6178150177, Validation Loss: 9.4668540955, Training R-squared: 0.6365609765, Validation R-squared: 0.5349862576
2023-11-22 23:03:14,076 - INFO - Epoch 85 : Training Loss: 8.5816040039, Validation Loss: 9.4654760361, Training R-squared: 0.6385413408, Validation R-squared: 0.5345796943
2023-11-22 23:03:19,398 - INFO - Epoch 86 : Training Loss: 8.5790882111, Validation Loss: 9.4591712952, Training R-squared: 0.6398575902, Validation R-squared: 0.5356379151
2023-11-22 23:03:24,443 - INFO - Epoch 87 : Training Loss: 8.5302915573, Validation Loss: 9.4531803131, Training R-squared: 0.6426908374, Validation R-squared: 0.5363100171
2023-11-22 23:03:29,409 - INFO - Epoch 88 : Training Loss: 8.5161361694, Validation Loss: 9.4508810043, Training R-squared: 0.6447157860, Validation R-squared: 0.5362345576
2023-11-22 23:03:34,485 - INFO - Epoch 89 : Training Loss: 8.5025720596, Validation Loss: 9.4830083847, Training R-squared: 0.6463844776, Validation R-squared: 0.5331079364
2023-11-22 23:03:40,083 - INFO - Epoch 90 : Training Loss: 8.4707279205, Validation Loss: 9.4207057953, Training R-squared: 0.6491442919, Validation R-squared: 0.5395196080
2023-11-22 23:03:46,270 - INFO - Epoch 91 : Training Loss: 8.4435091019, Validation Loss: 9.4511432648, Training R-squared: 0.6495689154, Validation R-squared: 0.5365779400
2023-11-22 23:03:51,820 - INFO - Epoch 92 : Training Loss: 8.4287853241, Validation Loss: 9.4984216690, Training R-squared: 0.6520524621, Validation R-squared: 0.5315572619
2023-11-22 23:03:57,154 - INFO - Epoch 93 : Training Loss: 8.4063987732, Validation Loss: 9.4812555313, Training R-squared: 0.6522024274, Validation R-squared: 0.5333306193
2023-11-22 23:04:02,193 - INFO - Epoch 94 : Training Loss: 8.3959140778, Validation Loss: 9.4243297577, Training R-squared: 0.6534870267, Validation R-squared: 0.5392035842
2023-11-22 23:04:07,161 - INFO - Epoch 95 : Training Loss: 8.3831157684, Validation Loss: 9.4696750641, Training R-squared: 0.6555735469, Validation R-squared: 0.5342986584
2023-11-22 23:04:18,786 - INFO - Model saved to models/portion_model/breakfast/512_512_200_64/sparsity_75_fold_5_model.keras
2023-11-22 23:04:23,737 - INFO - Avg Metrics: RMSE: 7.3119610863, R-squared: 0.0078927134, PCC: 0.7732876532
2023-11-22 23:04:23,737 - INFO - Agg Metrics: RMSE: 9.6031580136, R-squared: 0.5270714120, PCC: 0.7271189162
2023-11-22 23:04:34,036 - INFO - ================================================================== Results Summary ===================================================================
2023-11-22 23:04:34,036 - INFO - CrossVal Metrics (Avg.) - RMSE: 7.4308118555  0.1785694424, R2: -0.4268626896  0.1785694424, PCC: 0.7678086135  0.1785694424
2023-11-22 23:04:34,036 - INFO - Testing  Metrics (Avg.) - RMSE: 7.3214943199, R2: -0.2264037515, PCC: 0.7863529290
2023-11-22 23:04:34,037 - INFO - CrossVal Metrics (Agg.) - RMSE: 10.0814507307  0.1785694424, R2: 0.5087319768  0.1785694424, PCC: 0.7143406724  0.1785694424
2023-11-22 23:04:34,037 - INFO - Testing  Metrics (Agg.) - RMSE: 10.6356316960, R2: 0.4811207630, PCC: 0.6953237329
