2023-11-22 17:17:50,987 - INFO - Training model at 45% sparse columns removed...
2023-11-22 17:17:58,280 - INFO - ================================================================== Fold 1 ===================================================================
2023-11-22 17:18:13,150 - INFO - Epoch 1  : Training Loss: 9.3956441879, Validation Loss: 9.1963338852, Training R-squared: 0.0697967857, Validation R-squared: 0.0924727842
2023-11-22 17:18:23,565 - INFO - Epoch 2  : Training Loss: 8.9265966415, Validation Loss: 8.6487579346, Training R-squared: 0.1615380049, Validation R-squared: 0.1985209137
2023-11-22 17:18:33,911 - INFO - Epoch 3  : Training Loss: 8.4011116028, Validation Loss: 8.0204982758, Training R-squared: 0.2576317191, Validation R-squared: 0.3111557364
2023-11-22 17:18:44,125 - INFO - Epoch 4  : Training Loss: 7.8408255577, Validation Loss: 7.7177019119, Training R-squared: 0.3535479605, Validation R-squared: 0.3610770404
2023-11-22 17:18:54,364 - INFO - Epoch 5  : Training Loss: 7.6738710403, Validation Loss: 7.6284933090, Training R-squared: 0.3802807927, Validation R-squared: 0.3757734895
2023-11-22 17:19:04,538 - INFO - Epoch 6  : Training Loss: 7.6090965271, Validation Loss: 7.6159992218, Training R-squared: 0.3914144337, Validation R-squared: 0.3773401082
2023-11-22 17:19:14,845 - INFO - Epoch 7  : Training Loss: 7.5710687637, Validation Loss: 7.5820217133, Training R-squared: 0.3982989192, Validation R-squared: 0.3836306632
2023-11-22 17:19:25,621 - INFO - Epoch 8  : Training Loss: 7.5465598106, Validation Loss: 7.5652656555, Training R-squared: 0.4015547633, Validation R-squared: 0.3868065774
2023-11-22 17:19:35,971 - INFO - Epoch 9  : Training Loss: 7.5138669014, Validation Loss: 7.5543904305, Training R-squared: 0.4065020084, Validation R-squared: 0.3879967332
2023-11-22 17:19:46,340 - INFO - Epoch 10 : Training Loss: 7.4883790016, Validation Loss: 7.5411567688, Training R-squared: 0.4103772044, Validation R-squared: 0.3901005685
2023-11-22 17:19:56,576 - INFO - Epoch 11 : Training Loss: 7.4631180763, Validation Loss: 7.5328664780, Training R-squared: 0.4143095613, Validation R-squared: 0.3912021816
2023-11-22 17:20:06,891 - INFO - Epoch 12 : Training Loss: 7.4203224182, Validation Loss: 7.5044994354, Training R-squared: 0.4211958051, Validation R-squared: 0.3960331976
2023-11-22 17:20:17,730 - INFO - Epoch 13 : Training Loss: 7.3950433731, Validation Loss: 7.4826154709, Training R-squared: 0.4246089160, Validation R-squared: 0.3999171257
2023-11-22 17:20:28,149 - INFO - Epoch 14 : Training Loss: 7.3338389397, Validation Loss: 7.4511318207, Training R-squared: 0.4349516034, Validation R-squared: 0.4051687717
2023-11-22 17:20:38,341 - INFO - Epoch 15 : Training Loss: 7.3073706627, Validation Loss: 7.4188246727, Training R-squared: 0.4401057959, Validation R-squared: 0.4101357162
2023-11-22 17:20:48,492 - INFO - Epoch 16 : Training Loss: 7.2502784729, Validation Loss: 7.4052600861, Training R-squared: 0.4464710355, Validation R-squared: 0.4118070602
2023-11-22 17:20:58,868 - INFO - Epoch 17 : Training Loss: 7.2281718254, Validation Loss: 7.3739576340, Training R-squared: 0.4514283538, Validation R-squared: 0.4169231057
2023-11-22 17:21:09,028 - INFO - Epoch 18 : Training Loss: 7.1859779358, Validation Loss: 7.3578586578, Training R-squared: 0.4566121697, Validation R-squared: 0.4190221727
2023-11-22 17:21:19,599 - INFO - Epoch 19 : Training Loss: 7.1542267799, Validation Loss: 7.3352193832, Training R-squared: 0.4634538293, Validation R-squared: 0.4224208295
2023-11-22 17:21:30,020 - INFO - Epoch 20 : Training Loss: 7.1152210236, Validation Loss: 7.3078989983, Training R-squared: 0.4678327143, Validation R-squared: 0.4279004931
2023-11-22 17:21:40,818 - INFO - Epoch 21 : Training Loss: 7.0691056252, Validation Loss: 7.2826576233, Training R-squared: 0.4750101268, Validation R-squared: 0.4314220250
2023-11-22 17:21:51,733 - INFO - Epoch 22 : Training Loss: 7.0547943115, Validation Loss: 7.2704339027, Training R-squared: 0.4775047600, Validation R-squared: 0.4328929782
2023-11-22 17:22:02,466 - INFO - Epoch 23 : Training Loss: 7.0295538902, Validation Loss: 7.2573218346, Training R-squared: 0.4811035991, Validation R-squared: 0.4346421659
2023-11-22 17:22:12,914 - INFO - Epoch 24 : Training Loss: 7.0013594627, Validation Loss: 7.2577257156, Training R-squared: 0.4858632386, Validation R-squared: 0.4337303340
2023-11-22 17:22:23,242 - INFO - Epoch 25 : Training Loss: 6.9770703316, Validation Loss: 7.2187061310, Training R-squared: 0.4879226983, Validation R-squared: 0.4411180913
2023-11-22 17:22:33,699 - INFO - Epoch 26 : Training Loss: 6.9507942200, Validation Loss: 7.2029404640, Training R-squared: 0.4925427735, Validation R-squared: 0.4435136020
2023-11-22 17:22:44,029 - INFO - Epoch 27 : Training Loss: 6.9116864204, Validation Loss: 7.1938424110, Training R-squared: 0.4978446662, Validation R-squared: 0.4446050525
2023-11-22 17:22:54,339 - INFO - Epoch 28 : Training Loss: 6.8964958191, Validation Loss: 7.1809301376, Training R-squared: 0.4991401434, Validation R-squared: 0.4472372234
2023-11-22 17:23:04,549 - INFO - Epoch 29 : Training Loss: 6.8768544197, Validation Loss: 7.1824464798, Training R-squared: 0.5026931167, Validation R-squared: 0.4457456470
2023-11-22 17:23:14,756 - INFO - Epoch 30 : Training Loss: 6.8471751213, Validation Loss: 7.1743917465, Training R-squared: 0.5055115819, Validation R-squared: 0.4467334747
2023-11-22 17:23:25,309 - INFO - Epoch 31 : Training Loss: 6.8380579948, Validation Loss: 7.1578612328, Training R-squared: 0.5087489486, Validation R-squared: 0.4507226050
2023-11-22 17:23:35,699 - INFO - Epoch 32 : Training Loss: 6.8130822182, Validation Loss: 7.1447997093, Training R-squared: 0.5113521814, Validation R-squared: 0.4515170455
2023-11-22 17:23:46,766 - INFO - Epoch 33 : Training Loss: 6.7998080254, Validation Loss: 7.1362905502, Training R-squared: 0.5139592886, Validation R-squared: 0.4529858232
2023-11-22 17:23:58,184 - INFO - Epoch 34 : Training Loss: 6.7734179497, Validation Loss: 7.1139979362, Training R-squared: 0.5169876814, Validation R-squared: 0.4570130408
2023-11-22 17:24:08,481 - INFO - Epoch 35 : Training Loss: 6.7511749268, Validation Loss: 7.1136040688, Training R-squared: 0.5209051371, Validation R-squared: 0.4567001760
2023-11-22 17:24:19,068 - INFO - Epoch 36 : Training Loss: 6.7385096550, Validation Loss: 7.0962648392, Training R-squared: 0.5211643577, Validation R-squared: 0.4597730041
2023-11-22 17:24:29,356 - INFO - Epoch 37 : Training Loss: 6.7150530815, Validation Loss: 7.0972189903, Training R-squared: 0.5253204107, Validation R-squared: 0.4588451385
2023-11-22 17:24:39,789 - INFO - Epoch 38 : Training Loss: 6.7007536888, Validation Loss: 7.1149678230, Training R-squared: 0.5278036594, Validation R-squared: 0.4549596012
2023-11-22 17:24:50,016 - INFO - Epoch 39 : Training Loss: 6.6704263687, Validation Loss: 7.0787067413, Training R-squared: 0.5318804979, Validation R-squared: 0.4615098834
2023-11-22 17:25:00,410 - INFO - Epoch 40 : Training Loss: 6.6554121971, Validation Loss: 7.0650901794, Training R-squared: 0.5335100889, Validation R-squared: 0.4642108381
2023-11-22 17:25:10,682 - INFO - Epoch 41 : Training Loss: 6.6295542717, Validation Loss: 7.1160626411, Training R-squared: 0.5374084711, Validation R-squared: 0.4540732205
2023-11-22 17:25:21,507 - INFO - Epoch 42 : Training Loss: 6.6270785332, Validation Loss: 7.0509824753, Training R-squared: 0.5373486280, Validation R-squared: 0.4663607478
2023-11-22 17:25:31,798 - INFO - Epoch 43 : Training Loss: 6.5960607529, Validation Loss: 7.0483527184, Training R-squared: 0.5407434702, Validation R-squared: 0.4660677314
2023-11-22 17:25:42,095 - INFO - Epoch 44 : Training Loss: 6.5832118988, Validation Loss: 7.0510063171, Training R-squared: 0.5433940887, Validation R-squared: 0.4654128253
2023-11-22 17:25:52,600 - INFO - Epoch 45 : Training Loss: 6.5631127357, Validation Loss: 7.0211296082, Training R-squared: 0.5460269451, Validation R-squared: 0.4708323479
2023-11-22 17:26:02,964 - INFO - Epoch 46 : Training Loss: 6.5404338837, Validation Loss: 7.0237431526, Training R-squared: 0.5480672121, Validation R-squared: 0.4706197381
2023-11-22 17:26:13,460 - INFO - Epoch 47 : Training Loss: 6.5326533318, Validation Loss: 7.0158658028, Training R-squared: 0.5511066318, Validation R-squared: 0.4715773761
2023-11-22 17:26:24,071 - INFO - Epoch 48 : Training Loss: 6.5054340363, Validation Loss: 7.0027055740, Training R-squared: 0.5533366799, Validation R-squared: 0.4738517702
2023-11-22 17:26:34,457 - INFO - Epoch 49 : Training Loss: 6.4955315590, Validation Loss: 6.9958152771, Training R-squared: 0.5548862219, Validation R-squared: 0.4753584266
2023-11-22 17:26:44,761 - INFO - Epoch 50 : Training Loss: 6.4736847878, Validation Loss: 7.0039968491, Training R-squared: 0.5571223497, Validation R-squared: 0.4731678963
2023-11-22 17:26:54,974 - INFO - Epoch 51 : Training Loss: 6.4521818161, Validation Loss: 7.0110402107, Training R-squared: 0.5606802702, Validation R-squared: 0.4722862840
2023-11-22 17:27:05,374 - INFO - Epoch 52 : Training Loss: 6.4220919609, Validation Loss: 6.9981155396, Training R-squared: 0.5634853840, Validation R-squared: 0.4739629328
2023-11-22 17:27:15,700 - INFO - Epoch 53 : Training Loss: 6.4233050346, Validation Loss: 6.9906663895, Training R-squared: 0.5649256110, Validation R-squared: 0.4753744006
2023-11-22 17:27:26,349 - INFO - Epoch 54 : Training Loss: 6.4057011604, Validation Loss: 7.0092492104, Training R-squared: 0.5668551326, Validation R-squared: 0.4715831578
2023-11-22 17:27:36,721 - INFO - Epoch 55 : Training Loss: 6.3931417465, Validation Loss: 6.9982099533, Training R-squared: 0.5689309239, Validation R-squared: 0.4735077918
2023-11-22 17:27:47,043 - INFO - Epoch 56 : Training Loss: 6.3723216057, Validation Loss: 6.9735321999, Training R-squared: 0.5706268549, Validation R-squared: 0.4785701334
2023-11-22 17:27:57,421 - INFO - Epoch 57 : Training Loss: 6.3378162384, Validation Loss: 6.9913306236, Training R-squared: 0.5761015415, Validation R-squared: 0.4750833213
2023-11-22 17:28:07,608 - INFO - Epoch 58 : Training Loss: 6.3364310265, Validation Loss: 6.9583849907, Training R-squared: 0.5753027797, Validation R-squared: 0.4809097946
2023-11-22 17:28:18,261 - INFO - Epoch 59 : Training Loss: 6.3423624039, Validation Loss: 6.9748501778, Training R-squared: 0.5758287907, Validation R-squared: 0.4777876437
2023-11-22 17:28:28,464 - INFO - Epoch 60 : Training Loss: 6.3155584335, Validation Loss: 6.9576411247, Training R-squared: 0.5766019821, Validation R-squared: 0.4810995758
2023-11-22 17:28:38,852 - INFO - Epoch 61 : Training Loss: 6.2988867760, Validation Loss: 6.9610004425, Training R-squared: 0.5805130601, Validation R-squared: 0.4801966846
2023-11-22 17:28:49,026 - INFO - Epoch 62 : Training Loss: 6.2768344879, Validation Loss: 6.9534845352, Training R-squared: 0.5835252404, Validation R-squared: 0.4812789559
2023-11-22 17:28:59,479 - INFO - Epoch 63 : Training Loss: 6.2620019913, Validation Loss: 6.9595537186, Training R-squared: 0.5857122540, Validation R-squared: 0.4803641140
2023-11-22 17:29:09,746 - INFO - Epoch 64 : Training Loss: 6.2343850136, Validation Loss: 7.0289463997, Training R-squared: 0.5874986053, Validation R-squared: 0.4677784741
2023-11-22 17:29:20,345 - INFO - Epoch 65 : Training Loss: 6.2221250534, Validation Loss: 6.9519548416, Training R-squared: 0.5898479223, Validation R-squared: 0.4812934697
2023-11-22 17:29:30,605 - INFO - Epoch 66 : Training Loss: 6.2147727013, Validation Loss: 6.9707632065, Training R-squared: 0.5907683969, Validation R-squared: 0.4776284993
2023-11-22 17:29:40,914 - INFO - Epoch 67 : Training Loss: 6.1898589134, Validation Loss: 7.0094118118, Training R-squared: 0.5938349962, Validation R-squared: 0.4712980688
2023-11-22 17:29:51,128 - INFO - Epoch 68 : Training Loss: 6.1851701736, Validation Loss: 6.9908037186, Training R-squared: 0.5945113897, Validation R-squared: 0.4739725590
2023-11-22 17:30:01,669 - INFO - Epoch 69 : Training Loss: 6.1670670509, Validation Loss: 6.9211568832, Training R-squared: 0.5966448784, Validation R-squared: 0.4863531590
2023-11-22 17:30:11,979 - INFO - Epoch 70 : Training Loss: 6.1489028931, Validation Loss: 6.9495882988, Training R-squared: 0.5982193947, Validation R-squared: 0.4813849628
2023-11-22 17:30:22,659 - INFO - Epoch 71 : Training Loss: 6.1461744308, Validation Loss: 6.9504499435, Training R-squared: 0.5986128449, Validation R-squared: 0.4814729691
2023-11-22 17:30:32,904 - INFO - Epoch 72 : Training Loss: 6.1233305931, Validation Loss: 6.9586858749, Training R-squared: 0.6024432182, Validation R-squared: 0.4796161354
2023-11-22 17:30:43,182 - INFO - Epoch 73 : Training Loss: 6.1095328331, Validation Loss: 6.9870529175, Training R-squared: 0.6028829813, Validation R-squared: 0.4740992486
2023-11-22 17:30:53,579 - INFO - Epoch 74 : Training Loss: 6.1015515327, Validation Loss: 7.0009441376, Training R-squared: 0.6042284369, Validation R-squared: 0.4716837406
2023-11-22 17:31:08,729 - INFO - Model saved to models/portion_model/breakfast/512_512_200_64/sparsity_45_fold_1_model.keras
2023-11-22 17:31:14,793 - INFO - Avg Metrics: RMSE: 5.3465672257, R-squared: -0.6778956519, PCC: 0.7132557238
2023-11-22 17:31:14,794 - INFO - Agg Metrics: RMSE: 7.0811721090, R-squared: 0.4769472272, PCC: 0.6921365355
2023-11-22 17:31:21,256 - INFO - ================================================================== Fold 2 ===================================================================
2023-11-22 17:31:36,479 - INFO - Epoch 1  : Training Loss: 9.4267139435, Validation Loss: 9.0564594269, Training R-squared: 0.0694161505, Validation R-squared: 0.0997712165
2023-11-22 17:31:46,952 - INFO - Epoch 2  : Training Loss: 8.9121303558, Validation Loss: 8.4281063080, Training R-squared: 0.1661923379, Validation R-squared: 0.2209323347
2023-11-22 17:31:57,140 - INFO - Epoch 3  : Training Loss: 8.2050848007, Validation Loss: 7.6202030182, Training R-squared: 0.2971941829, Validation R-squared: 0.3619650006
2023-11-22 17:32:07,506 - INFO - Epoch 4  : Training Loss: 7.7910809517, Validation Loss: 7.5448851585, Training R-squared: 0.3659317195, Validation R-squared: 0.3746323586
2023-11-22 17:32:17,896 - INFO - Epoch 5  : Training Loss: 7.6872906685, Validation Loss: 7.4892334938, Training R-squared: 0.3832416832, Validation R-squared: 0.3836252689
2023-11-22 17:32:28,102 - INFO - Epoch 6  : Training Loss: 7.6194238663, Validation Loss: 7.4407749176, Training R-squared: 0.3953512907, Validation R-squared: 0.3924048841
2023-11-22 17:32:38,374 - INFO - Epoch 7  : Training Loss: 7.5904841423, Validation Loss: 7.4314842224, Training R-squared: 0.3976726830, Validation R-squared: 0.3936581314
2023-11-22 17:32:48,852 - INFO - Epoch 8  : Training Loss: 7.5624623299, Validation Loss: 7.4250884056, Training R-squared: 0.4041129053, Validation R-squared: 0.3947381973
2023-11-22 17:32:59,170 - INFO - Epoch 9  : Training Loss: 7.5371265411, Validation Loss: 7.4076499939, Training R-squared: 0.4057211280, Validation R-squared: 0.3980461955
2023-11-22 17:33:09,409 - INFO - Epoch 10 : Training Loss: 7.5118131638, Validation Loss: 7.4030914307, Training R-squared: 0.4119572937, Validation R-squared: 0.3981035650
2023-11-22 17:33:19,830 - INFO - Epoch 11 : Training Loss: 7.4839081764, Validation Loss: 7.3770189285, Training R-squared: 0.4157384038, Validation R-squared: 0.4029538631
2023-11-22 17:33:30,028 - INFO - Epoch 12 : Training Loss: 7.4243144989, Validation Loss: 7.3405146599, Training R-squared: 0.4242881536, Validation R-squared: 0.4095445573
2023-11-22 17:33:40,369 - INFO - Epoch 13 : Training Loss: 7.3827748299, Validation Loss: 7.3042430878, Training R-squared: 0.4314160645, Validation R-squared: 0.4152320325
2023-11-22 17:33:51,236 - INFO - Epoch 14 : Training Loss: 7.3170113564, Validation Loss: 7.2832031250, Training R-squared: 0.4411305785, Validation R-squared: 0.4178642929
2023-11-22 17:34:02,058 - INFO - Epoch 15 : Training Loss: 7.2722363472, Validation Loss: 7.2704701424, Training R-squared: 0.4468170106, Validation R-squared: 0.4199579358
2023-11-22 17:34:12,297 - INFO - Epoch 16 : Training Loss: 7.2481460571, Validation Loss: 7.2318720818, Training R-squared: 0.4531115890, Validation R-squared: 0.4263619483
2023-11-22 17:34:22,684 - INFO - Epoch 17 : Training Loss: 7.1950440407, Validation Loss: 7.1914458275, Training R-squared: 0.4596461952, Validation R-squared: 0.4335866570
2023-11-22 17:34:33,061 - INFO - Epoch 18 : Training Loss: 7.1445217133, Validation Loss: 7.1740422249, Training R-squared: 0.4671086669, Validation R-squared: 0.4359126687
2023-11-22 17:34:43,390 - INFO - Epoch 19 : Training Loss: 7.1269764900, Validation Loss: 7.1527948380, Training R-squared: 0.4703741372, Validation R-squared: 0.4392840266
2023-11-22 17:34:53,806 - INFO - Epoch 20 : Training Loss: 7.0751404762, Validation Loss: 7.1339802742, Training R-squared: 0.4765847027, Validation R-squared: 0.4424652755
2023-11-22 17:35:04,167 - INFO - Epoch 21 : Training Loss: 7.0519480705, Validation Loss: 7.1513533592, Training R-squared: 0.4810879827, Validation R-squared: 0.4386425614
2023-11-22 17:35:14,476 - INFO - Epoch 22 : Training Loss: 7.0220828056, Validation Loss: 7.1099143028, Training R-squared: 0.4846777916, Validation R-squared: 0.4460645318
2023-11-22 17:35:25,115 - INFO - Epoch 23 : Training Loss: 6.9979720116, Validation Loss: 7.1004157066, Training R-squared: 0.4884447455, Validation R-squared: 0.4479346275
2023-11-22 17:35:35,418 - INFO - Epoch 24 : Training Loss: 6.9647717476, Validation Loss: 7.0829215050, Training R-squared: 0.4929969311, Validation R-squared: 0.4504651427
2023-11-22 17:35:45,844 - INFO - Epoch 25 : Training Loss: 6.9417018890, Validation Loss: 7.0812640190, Training R-squared: 0.4958713055, Validation R-squared: 0.4505372345
2023-11-22 17:35:56,216 - INFO - Epoch 26 : Training Loss: 6.9434647560, Validation Loss: 7.0746154785, Training R-squared: 0.4971905649, Validation R-squared: 0.4517886639
2023-11-22 17:36:06,492 - INFO - Epoch 27 : Training Loss: 6.8975744247, Validation Loss: 7.0779166222, Training R-squared: 0.5022795200, Validation R-squared: 0.4513406754
2023-11-22 17:36:17,103 - INFO - Epoch 28 : Training Loss: 6.8875989914, Validation Loss: 7.0706810951, Training R-squared: 0.5053311586, Validation R-squared: 0.4524949491
2023-11-22 17:36:27,905 - INFO - Epoch 29 : Training Loss: 6.8673224449, Validation Loss: 7.0897774696, Training R-squared: 0.5064249635, Validation R-squared: 0.4488829076
2023-11-22 17:36:38,195 - INFO - Epoch 30 : Training Loss: 6.8498449326, Validation Loss: 7.0596051216, Training R-squared: 0.5096397996, Validation R-squared: 0.4541552663
2023-11-22 17:36:48,580 - INFO - Epoch 31 : Training Loss: 6.8377866745, Validation Loss: 7.0735559464, Training R-squared: 0.5110691190, Validation R-squared: 0.4517932236
2023-11-22 17:36:58,942 - INFO - Epoch 32 : Training Loss: 6.8042178154, Validation Loss: 7.0717272758, Training R-squared: 0.5154188871, Validation R-squared: 0.4516062737
2023-11-22 17:37:09,304 - INFO - Epoch 33 : Training Loss: 6.7801880836, Validation Loss: 7.0834665298, Training R-squared: 0.5190611482, Validation R-squared: 0.4492523372
2023-11-22 17:37:20,334 - INFO - Epoch 34 : Training Loss: 6.7769594193, Validation Loss: 7.0567321777, Training R-squared: 0.5203900337, Validation R-squared: 0.4537251294
2023-11-22 17:37:30,687 - INFO - Epoch 35 : Training Loss: 6.7488660812, Validation Loss: 7.0383834839, Training R-squared: 0.5233835578, Validation R-squared: 0.4572840333
2023-11-22 17:37:40,980 - INFO - Epoch 36 : Training Loss: 6.7254910469, Validation Loss: 7.0377497673, Training R-squared: 0.5260371566, Validation R-squared: 0.4569772780
2023-11-22 17:37:51,482 - INFO - Epoch 37 : Training Loss: 6.7058186531, Validation Loss: 7.0434937477, Training R-squared: 0.5284795165, Validation R-squared: 0.4559665024
2023-11-22 17:38:01,760 - INFO - Epoch 38 : Training Loss: 6.6809549332, Validation Loss: 7.0107798576, Training R-squared: 0.5321764350, Validation R-squared: 0.4612025321
2023-11-22 17:38:12,141 - INFO - Epoch 39 : Training Loss: 6.6540579796, Validation Loss: 7.0194969177, Training R-squared: 0.5354710817, Validation R-squared: 0.4593406618
2023-11-22 17:38:22,995 - INFO - Epoch 40 : Training Loss: 6.6434102058, Validation Loss: 7.0217037201, Training R-squared: 0.5375828743, Validation R-squared: 0.4589564204
2023-11-22 17:38:33,221 - INFO - Epoch 41 : Training Loss: 6.6209750175, Validation Loss: 7.0027775764, Training R-squared: 0.5404029489, Validation R-squared: 0.4619404376
2023-11-22 17:38:43,478 - INFO - Epoch 42 : Training Loss: 6.5882863998, Validation Loss: 7.0204706192, Training R-squared: 0.5449159145, Validation R-squared: 0.4589677453
2023-11-22 17:38:53,957 - INFO - Epoch 43 : Training Loss: 6.5637598038, Validation Loss: 7.0020165443, Training R-squared: 0.5481904149, Validation R-squared: 0.4616383016
2023-11-22 17:39:04,259 - INFO - Epoch 44 : Training Loss: 6.5425424576, Validation Loss: 6.9993271828, Training R-squared: 0.5503890514, Validation R-squared: 0.4620101154
2023-11-22 17:39:14,546 - INFO - Epoch 45 : Training Loss: 6.5149979591, Validation Loss: 6.9815063477, Training R-squared: 0.5533453822, Validation R-squared: 0.4652353823
2023-11-22 17:39:25,079 - INFO - Epoch 46 : Training Loss: 6.4936618805, Validation Loss: 6.9847741127, Training R-squared: 0.5581454635, Validation R-squared: 0.4644616246
2023-11-22 17:39:35,364 - INFO - Epoch 47 : Training Loss: 6.4774041176, Validation Loss: 6.9984393120, Training R-squared: 0.5587690473, Validation R-squared: 0.4619276524
2023-11-22 17:39:45,783 - INFO - Epoch 48 : Training Loss: 6.4407920837, Validation Loss: 6.9899601936, Training R-squared: 0.5636088848, Validation R-squared: 0.4628359973
2023-11-22 17:39:56,120 - INFO - Epoch 49 : Training Loss: 6.4263772964, Validation Loss: 6.9960489273, Training R-squared: 0.5657956600, Validation R-squared: 0.4618420899
2023-11-22 17:40:06,558 - INFO - Epoch 50 : Training Loss: 6.4063367844, Validation Loss: 6.9791302681, Training R-squared: 0.5684542060, Validation R-squared: 0.4649498463
2023-11-22 17:40:16,903 - INFO - Epoch 51 : Training Loss: 6.3963966370, Validation Loss: 6.9779672623, Training R-squared: 0.5694698095, Validation R-squared: 0.4646967053
2023-11-22 17:40:27,192 - INFO - Epoch 52 : Training Loss: 6.3713784218, Validation Loss: 6.9473252296, Training R-squared: 0.5729658008, Validation R-squared: 0.4699568450
2023-11-22 17:40:37,762 - INFO - Epoch 53 : Training Loss: 6.3531184196, Validation Loss: 7.0355110168, Training R-squared: 0.5741052032, Validation R-squared: 0.4538035393
2023-11-22 17:40:48,178 - INFO - Epoch 54 : Training Loss: 6.3312854767, Validation Loss: 6.9712219238, Training R-squared: 0.5762739778, Validation R-squared: 0.4652429521
2023-11-22 17:40:58,532 - INFO - Epoch 55 : Training Loss: 6.3041501045, Validation Loss: 7.0131549835, Training R-squared: 0.5796103477, Validation R-squared: 0.4578356147
2023-11-22 17:41:08,744 - INFO - Epoch 56 : Training Loss: 6.2991075516, Validation Loss: 6.9944224358, Training R-squared: 0.5811073780, Validation R-squared: 0.4609448016
2023-11-22 17:41:19,534 - INFO - Epoch 57 : Training Loss: 6.2807288170, Validation Loss: 7.0015916824, Training R-squared: 0.5834953189, Validation R-squared: 0.4595932364
2023-11-22 17:41:34,642 - INFO - Model saved to models/portion_model/breakfast/512_512_200_64/sparsity_45_fold_2_model.keras
2023-11-22 17:41:41,178 - INFO - Avg Metrics: RMSE: 5.3808303287, R-squared: -0.8011623924, PCC: 0.7020613502
2023-11-22 17:41:41,178 - INFO - Agg Metrics: RMSE: 7.0663323030, R-squared: 0.4613187393, PCC: 0.6801085364
2023-11-22 17:41:47,261 - INFO - ================================================================== Fold 3 ===================================================================
2023-11-22 17:42:01,943 - INFO - Epoch 1  : Training Loss: 9.3685770035, Validation Loss: 9.2533464432, Training R-squared: 0.0699768215, Validation R-squared: 0.1034022942
2023-11-22 17:42:12,264 - INFO - Epoch 2  : Training Loss: 8.8739175797, Validation Loss: 8.7085742950, Training R-squared: 0.1660935283, Validation R-squared: 0.2066114396
2023-11-22 17:42:23,305 - INFO - Epoch 3  : Training Loss: 8.4857797623, Validation Loss: 8.2191467285, Training R-squared: 0.2382892519, Validation R-squared: 0.2934626639
2023-11-22 17:42:33,482 - INFO - Epoch 4  : Training Loss: 7.8723978996, Validation Loss: 7.8062663078, Training R-squared: 0.3449555933, Validation R-squared: 0.3620267510
2023-11-22 17:42:43,653 - INFO - Epoch 5  : Training Loss: 7.7163543701, Validation Loss: 7.7577104568, Training R-squared: 0.3711575568, Validation R-squared: 0.3705680370
2023-11-22 17:42:54,066 - INFO - Epoch 6  : Training Loss: 7.6292943954, Validation Loss: 7.6919045448, Training R-squared: 0.3831794262, Validation R-squared: 0.3819098175
2023-11-22 17:43:04,203 - INFO - Epoch 7  : Training Loss: 7.5616164207, Validation Loss: 7.6448063850, Training R-squared: 0.3950274289, Validation R-squared: 0.3893599510
2023-11-22 17:43:14,449 - INFO - Epoch 8  : Training Loss: 7.5150408745, Validation Loss: 7.6342587471, Training R-squared: 0.4034002423, Validation R-squared: 0.3910163343
2023-11-22 17:43:25,012 - INFO - Epoch 9  : Training Loss: 7.4941463470, Validation Loss: 7.6308236122, Training R-squared: 0.4061255455, Validation R-squared: 0.3903107345
2023-11-22 17:43:35,133 - INFO - Epoch 10 : Training Loss: 7.4594388008, Validation Loss: 7.6109509468, Training R-squared: 0.4115291238, Validation R-squared: 0.3945027292
2023-11-22 17:43:45,660 - INFO - Epoch 11 : Training Loss: 7.4323749542, Validation Loss: 7.5973262787, Training R-squared: 0.4145158231, Validation R-squared: 0.3963689804
2023-11-22 17:43:56,775 - INFO - Epoch 12 : Training Loss: 7.3978281021, Validation Loss: 7.5913181305, Training R-squared: 0.4204291105, Validation R-squared: 0.3981225491
2023-11-22 17:44:07,004 - INFO - Epoch 13 : Training Loss: 7.3675122261, Validation Loss: 7.5585274696, Training R-squared: 0.4258600175, Validation R-squared: 0.4028861523
2023-11-22 17:44:17,397 - INFO - Epoch 14 : Training Loss: 7.3102650642, Validation Loss: 7.5314579010, Training R-squared: 0.4342701733, Validation R-squared: 0.4070470333
2023-11-22 17:44:27,675 - INFO - Epoch 15 : Training Loss: 7.2703361511, Validation Loss: 7.5094203949, Training R-squared: 0.4414511919, Validation R-squared: 0.4110158086
2023-11-22 17:44:38,175 - INFO - Epoch 16 : Training Loss: 7.2229685783, Validation Loss: 7.4878559113, Training R-squared: 0.4480137825, Validation R-squared: 0.4140012860
2023-11-22 17:44:48,367 - INFO - Epoch 17 : Training Loss: 7.1899361610, Validation Loss: 7.4656047821, Training R-squared: 0.4535842240, Validation R-squared: 0.4180362225
2023-11-22 17:44:58,639 - INFO - Epoch 18 : Training Loss: 7.1539549828, Validation Loss: 7.4540715218, Training R-squared: 0.4585084319, Validation R-squared: 0.4205138087
2023-11-22 17:45:08,899 - INFO - Epoch 19 : Training Loss: 7.1090135574, Validation Loss: 7.4394054413, Training R-squared: 0.4657692015, Validation R-squared: 0.4215373397
2023-11-22 17:45:19,427 - INFO - Epoch 20 : Training Loss: 7.0740389824, Validation Loss: 7.4038476944, Training R-squared: 0.4708939195, Validation R-squared: 0.4277947843
2023-11-22 17:45:29,587 - INFO - Epoch 21 : Training Loss: 7.0411281586, Validation Loss: 7.3851237297, Training R-squared: 0.4756252468, Validation R-squared: 0.4305356145
2023-11-22 17:45:39,860 - INFO - Epoch 22 : Training Loss: 6.9983177185, Validation Loss: 7.3771438599, Training R-squared: 0.4816926420, Validation R-squared: 0.4317856729
2023-11-22 17:45:50,082 - INFO - Epoch 23 : Training Loss: 6.9601011276, Validation Loss: 7.3542170525, Training R-squared: 0.4870603681, Validation R-squared: 0.4350451827
2023-11-22 17:46:00,482 - INFO - Epoch 24 : Training Loss: 6.9282307625, Validation Loss: 7.3500514030, Training R-squared: 0.4923276901, Validation R-squared: 0.4357107580
2023-11-22 17:46:10,733 - INFO - Epoch 25 : Training Loss: 6.9130630493, Validation Loss: 7.3337702751, Training R-squared: 0.4948621392, Validation R-squared: 0.4382892549
2023-11-22 17:46:21,627 - INFO - Epoch 26 : Training Loss: 6.8904886246, Validation Loss: 7.3357472420, Training R-squared: 0.4977119267, Validation R-squared: 0.4376840591
2023-11-22 17:46:31,877 - INFO - Epoch 27 : Training Loss: 6.8701057434, Validation Loss: 7.3270397186, Training R-squared: 0.5003329515, Validation R-squared: 0.4392531514
2023-11-22 17:46:42,042 - INFO - Epoch 28 : Training Loss: 6.8558368683, Validation Loss: 7.3192300797, Training R-squared: 0.5022817850, Validation R-squared: 0.4408598542
2023-11-22 17:46:52,418 - INFO - Epoch 29 : Training Loss: 6.8345732689, Validation Loss: 7.3242301941, Training R-squared: 0.5049275160, Validation R-squared: 0.4398113191
2023-11-22 17:47:02,695 - INFO - Epoch 30 : Training Loss: 6.8269000053, Validation Loss: 7.3183078766, Training R-squared: 0.5073472857, Validation R-squared: 0.4408501089
2023-11-22 17:47:13,060 - INFO - Epoch 31 : Training Loss: 6.7973880768, Validation Loss: 7.3152294159, Training R-squared: 0.5092615485, Validation R-squared: 0.4416669905
2023-11-22 17:47:23,674 - INFO - Epoch 32 : Training Loss: 6.7769989967, Validation Loss: 7.3023214340, Training R-squared: 0.5128147602, Validation R-squared: 0.4433303773
2023-11-22 17:47:33,835 - INFO - Epoch 33 : Training Loss: 6.7534584999, Validation Loss: 7.3087487221, Training R-squared: 0.5164350271, Validation R-squared: 0.4420376718
2023-11-22 17:47:44,094 - INFO - Epoch 34 : Training Loss: 6.7303071022, Validation Loss: 7.2906455994, Training R-squared: 0.5187870264, Validation R-squared: 0.4448151588
2023-11-22 17:47:54,463 - INFO - Epoch 35 : Training Loss: 6.7248358727, Validation Loss: 7.2968873978, Training R-squared: 0.5214557648, Validation R-squared: 0.4439386427
2023-11-22 17:48:04,665 - INFO - Epoch 36 : Training Loss: 6.7015371323, Validation Loss: 7.2735371590, Training R-squared: 0.5231161714, Validation R-squared: 0.4473775923
2023-11-22 17:48:15,083 - INFO - Epoch 37 : Training Loss: 6.6743426323, Validation Loss: 7.2591762543, Training R-squared: 0.5274034739, Validation R-squared: 0.4495657086
2023-11-22 17:48:25,846 - INFO - Epoch 38 : Training Loss: 6.6569147110, Validation Loss: 7.2570657730, Training R-squared: 0.5302356482, Validation R-squared: 0.4497639239
2023-11-22 17:48:35,978 - INFO - Epoch 39 : Training Loss: 6.6405086517, Validation Loss: 7.2545661926, Training R-squared: 0.5318527818, Validation R-squared: 0.4501404464
2023-11-22 17:48:46,239 - INFO - Epoch 40 : Training Loss: 6.6199011803, Validation Loss: 7.2782425880, Training R-squared: 0.5342556834, Validation R-squared: 0.4458585083
2023-11-22 17:48:56,548 - INFO - Epoch 41 : Training Loss: 6.5985078812, Validation Loss: 7.2631726265, Training R-squared: 0.5377172232, Validation R-squared: 0.4486934543
2023-11-22 17:49:06,879 - INFO - Epoch 42 : Training Loss: 6.5731554031, Validation Loss: 7.2413597107, Training R-squared: 0.5409134030, Validation R-squared: 0.4524605870
2023-11-22 17:49:17,216 - INFO - Epoch 43 : Training Loss: 6.5677309036, Validation Loss: 7.2445816994, Training R-squared: 0.5416163802, Validation R-squared: 0.4518896639
2023-11-22 17:49:27,831 - INFO - Epoch 44 : Training Loss: 6.5419754982, Validation Loss: 7.2226724625, Training R-squared: 0.5447393060, Validation R-squared: 0.4550183713
2023-11-22 17:49:38,124 - INFO - Epoch 45 : Training Loss: 6.5229539871, Validation Loss: 7.2155990601, Training R-squared: 0.5474107265, Validation R-squared: 0.4563601911
2023-11-22 17:49:48,496 - INFO - Epoch 46 : Training Loss: 6.5055446625, Validation Loss: 7.2047824860, Training R-squared: 0.5497418046, Validation R-squared: 0.4576520622
2023-11-22 17:49:59,368 - INFO - Epoch 47 : Training Loss: 6.4825196266, Validation Loss: 7.2465596199, Training R-squared: 0.5512684584, Validation R-squared: 0.4505719244
2023-11-22 17:50:09,630 - INFO - Epoch 48 : Training Loss: 6.4704680443, Validation Loss: 7.2252368927, Training R-squared: 0.5546469688, Validation R-squared: 0.4541108310
2023-11-22 17:50:20,076 - INFO - Epoch 49 : Training Loss: 6.4630556107, Validation Loss: 7.2253799438, Training R-squared: 0.5558390617, Validation R-squared: 0.4537120163
2023-11-22 17:50:30,279 - INFO - Epoch 50 : Training Loss: 6.4402880669, Validation Loss: 7.2057018280, Training R-squared: 0.5582526326, Validation R-squared: 0.4565833211
2023-11-22 17:50:40,753 - INFO - Epoch 51 : Training Loss: 6.4204568863, Validation Loss: 7.2020173073, Training R-squared: 0.5605036020, Validation R-squared: 0.4578375220
2023-11-22 17:50:50,910 - INFO - Epoch 52 : Training Loss: 6.4114499092, Validation Loss: 7.2218670845, Training R-squared: 0.5623157620, Validation R-squared: 0.4538534284
2023-11-22 17:51:01,193 - INFO - Epoch 53 : Training Loss: 6.3917798996, Validation Loss: 7.1952562332, Training R-squared: 0.5644787550, Validation R-squared: 0.4587670267
2023-11-22 17:51:11,399 - INFO - Epoch 54 : Training Loss: 6.3702182770, Validation Loss: 7.2157473564, Training R-squared: 0.5676352978, Validation R-squared: 0.4554542899
2023-11-22 17:51:21,919 - INFO - Epoch 55 : Training Loss: 6.3601298332, Validation Loss: 7.2407240868, Training R-squared: 0.5685840845, Validation R-squared: 0.4510817826
2023-11-22 17:51:32,145 - INFO - Epoch 56 : Training Loss: 6.3423166275, Validation Loss: 7.1949563026, Training R-squared: 0.5708788633, Validation R-squared: 0.4586391449
2023-11-22 17:51:42,340 - INFO - Epoch 57 : Training Loss: 6.3188285828, Validation Loss: 7.2176470757, Training R-squared: 0.5738108754, Validation R-squared: 0.4546101689
2023-11-22 17:51:52,756 - INFO - Epoch 58 : Training Loss: 6.2952857018, Validation Loss: 7.1971259117, Training R-squared: 0.5767682791, Validation R-squared: 0.4580888152
2023-11-22 17:52:02,986 - INFO - Epoch 59 : Training Loss: 6.2932753563, Validation Loss: 7.1949195862, Training R-squared: 0.5770138502, Validation R-squared: 0.4578889906
2023-11-22 17:52:13,308 - INFO - Epoch 60 : Training Loss: 6.2696900368, Validation Loss: 7.1685733795, Training R-squared: 0.5804702640, Validation R-squared: 0.4627346694
2023-11-22 17:52:23,988 - INFO - Epoch 61 : Training Loss: 6.2505288124, Validation Loss: 7.2063779831, Training R-squared: 0.5818572044, Validation R-squared: 0.4561092854
2023-11-22 17:52:34,156 - INFO - Epoch 62 : Training Loss: 6.2273125648, Validation Loss: 7.2277545929, Training R-squared: 0.5852334499, Validation R-squared: 0.4525154531
2023-11-22 17:52:44,380 - INFO - Epoch 63 : Training Loss: 6.2097239494, Validation Loss: 7.1786255836, Training R-squared: 0.5866449475, Validation R-squared: 0.4595190585
2023-11-22 17:52:54,599 - INFO - Epoch 64 : Training Loss: 6.2047796249, Validation Loss: 7.1765093803, Training R-squared: 0.5880448818, Validation R-squared: 0.4599807560
2023-11-22 17:53:04,871 - INFO - Epoch 65 : Training Loss: 6.1706743240, Validation Loss: 7.1691303253, Training R-squared: 0.5926138163, Validation R-squared: 0.4616521895
2023-11-22 17:53:20,253 - INFO - Model saved to models/portion_model/breakfast/512_512_200_64/sparsity_45_fold_3_model.keras
2023-11-22 17:53:26,662 - INFO - Avg Metrics: RMSE: 5.4321778704, R-squared: 0.0442842098, PCC: 0.7025442581
2023-11-22 17:53:26,662 - INFO - Agg Metrics: RMSE: 7.3532407081, R-squared: 0.4485833521, PCC: 0.6707386128
2023-11-22 17:53:32,807 - INFO - ================================================================== Fold 4 ===================================================================
2023-11-22 17:53:48,335 - INFO - Epoch 1  : Training Loss: 9.3944206238, Validation Loss: 9.1786804199, Training R-squared: 0.0706504434, Validation R-squared: 0.0942216739
2023-11-22 17:53:59,490 - INFO - Epoch 2  : Training Loss: 8.8848199844, Validation Loss: 8.5781021118, Training R-squared: 0.1702990979, Validation R-squared: 0.2105209380
2023-11-22 17:54:09,822 - INFO - Epoch 3  : Training Loss: 8.2346820831, Validation Loss: 7.8718347549, Training R-squared: 0.2883204520, Validation R-squared: 0.3356088698
2023-11-22 17:54:20,222 - INFO - Epoch 4  : Training Loss: 7.8250861168, Validation Loss: 7.6893315315, Training R-squared: 0.3585620224, Validation R-squared: 0.3659893572
2023-11-22 17:54:30,482 - INFO - Epoch 5  : Training Loss: 7.6898355484, Validation Loss: 7.6026320457, Training R-squared: 0.3797841072, Validation R-squared: 0.3803427517
2023-11-22 17:54:40,813 - INFO - Epoch 6  : Training Loss: 7.5937323570, Validation Loss: 7.5473284721, Training R-squared: 0.3941566944, Validation R-squared: 0.3898219168
2023-11-22 17:54:51,107 - INFO - Epoch 7  : Training Loss: 7.5326790810, Validation Loss: 7.5248556137, Training R-squared: 0.4045150876, Validation R-squared: 0.3933262825
2023-11-22 17:55:01,494 - INFO - Epoch 8  : Training Loss: 7.5067954063, Validation Loss: 7.5202012062, Training R-squared: 0.4069921374, Validation R-squared: 0.3943986595
2023-11-22 17:55:11,841 - INFO - Epoch 9  : Training Loss: 7.4907999039, Validation Loss: 7.5178647041, Training R-squared: 0.4105269313, Validation R-squared: 0.3943980634
2023-11-22 17:55:22,177 - INFO - Epoch 10 : Training Loss: 7.4692330360, Validation Loss: 7.4960579872, Training R-squared: 0.4143146574, Validation R-squared: 0.3984308541
2023-11-22 17:55:32,400 - INFO - Epoch 11 : Training Loss: 7.4310045242, Validation Loss: 7.4718785286, Training R-squared: 0.4201008677, Validation R-squared: 0.4021788538
2023-11-22 17:55:42,569 - INFO - Epoch 12 : Training Loss: 7.3787021637, Validation Loss: 7.4577684402, Training R-squared: 0.4284685552, Validation R-squared: 0.4045766294
2023-11-22 17:55:52,798 - INFO - Epoch 13 : Training Loss: 7.3266038895, Validation Loss: 7.4157042503, Training R-squared: 0.4359310865, Validation R-squared: 0.4117676616
2023-11-22 17:56:02,996 - INFO - Epoch 14 : Training Loss: 7.2852363586, Validation Loss: 7.3748321533, Training R-squared: 0.4439363480, Validation R-squared: 0.4181522429
2023-11-22 17:56:13,273 - INFO - Epoch 15 : Training Loss: 7.2287282944, Validation Loss: 7.3482465744, Training R-squared: 0.4527164102, Validation R-squared: 0.4227726758
2023-11-22 17:56:23,772 - INFO - Epoch 16 : Training Loss: 7.1721730232, Validation Loss: 7.3122138977, Training R-squared: 0.4593958259, Validation R-squared: 0.4285241961
2023-11-22 17:56:33,988 - INFO - Epoch 17 : Training Loss: 7.1327285767, Validation Loss: 7.2901401520, Training R-squared: 0.4659731686, Validation R-squared: 0.4314247966
2023-11-22 17:56:44,199 - INFO - Epoch 18 : Training Loss: 7.0826702118, Validation Loss: 7.2751927376, Training R-squared: 0.4733972251, Validation R-squared: 0.4343391061
2023-11-22 17:56:54,662 - INFO - Epoch 19 : Training Loss: 7.0726203918, Validation Loss: 7.2612767220, Training R-squared: 0.4745635390, Validation R-squared: 0.4363895953
2023-11-22 17:57:05,175 - INFO - Epoch 20 : Training Loss: 7.0459842682, Validation Loss: 7.2582445145, Training R-squared: 0.4802106023, Validation R-squared: 0.4368222654
2023-11-22 17:57:15,369 - INFO - Epoch 21 : Training Loss: 7.0090355873, Validation Loss: 7.2561450005, Training R-squared: 0.4849020243, Validation R-squared: 0.4367659390
2023-11-22 17:57:26,481 - INFO - Epoch 22 : Training Loss: 6.9771394730, Validation Loss: 7.2385630608, Training R-squared: 0.4893687665, Validation R-squared: 0.4402120113
2023-11-22 17:57:36,720 - INFO - Epoch 23 : Training Loss: 6.9563455582, Validation Loss: 7.2234477997, Training R-squared: 0.4919103682, Validation R-squared: 0.4420834184
2023-11-22 17:57:47,019 - INFO - Epoch 24 : Training Loss: 6.9283838272, Validation Loss: 7.2361350060, Training R-squared: 0.4957818389, Validation R-squared: 0.4399642646
2023-11-22 17:57:57,380 - INFO - Epoch 25 : Training Loss: 6.9141879082, Validation Loss: 7.2075505257, Training R-squared: 0.4977631867, Validation R-squared: 0.4450833797
2023-11-22 17:58:07,817 - INFO - Epoch 26 : Training Loss: 6.8933959007, Validation Loss: 7.2161650658, Training R-squared: 0.5021760464, Validation R-squared: 0.4429794848
2023-11-22 17:58:18,384 - INFO - Epoch 27 : Training Loss: 6.8768658638, Validation Loss: 7.2073030472, Training R-squared: 0.5033957362, Validation R-squared: 0.4450266063
2023-11-22 17:58:28,612 - INFO - Epoch 28 : Training Loss: 6.8595976830, Validation Loss: 7.1986813545, Training R-squared: 0.5053746104, Validation R-squared: 0.4460176826
2023-11-22 17:58:38,940 - INFO - Epoch 29 : Training Loss: 6.8423118591, Validation Loss: 7.1899290085, Training R-squared: 0.5079186559, Validation R-squared: 0.4473075867
2023-11-22 17:58:49,121 - INFO - Epoch 30 : Training Loss: 6.8289475441, Validation Loss: 7.1881217957, Training R-squared: 0.5108928084, Validation R-squared: 0.4477213919
2023-11-22 17:58:59,540 - INFO - Epoch 31 : Training Loss: 6.8011865616, Validation Loss: 7.1762738228, Training R-squared: 0.5144784451, Validation R-squared: 0.4491555393
2023-11-22 17:59:09,925 - INFO - Epoch 32 : Training Loss: 6.7890605927, Validation Loss: 7.1654577255, Training R-squared: 0.5145977139, Validation R-squared: 0.4508141875
2023-11-22 17:59:20,429 - INFO - Epoch 33 : Training Loss: 6.7711253166, Validation Loss: 7.1503968239, Training R-squared: 0.5177458525, Validation R-squared: 0.4529776573
2023-11-22 17:59:30,605 - INFO - Epoch 34 : Training Loss: 6.7509155273, Validation Loss: 7.1412611008, Training R-squared: 0.5207346678, Validation R-squared: 0.4545475543
2023-11-22 17:59:40,892 - INFO - Epoch 35 : Training Loss: 6.7328920364, Validation Loss: 7.1263122559, Training R-squared: 0.5230603814, Validation R-squared: 0.4569804966
2023-11-22 17:59:51,103 - INFO - Epoch 36 : Training Loss: 6.7048873901, Validation Loss: 7.1073632240, Training R-squared: 0.5271939039, Validation R-squared: 0.4599234164
2023-11-22 18:00:01,398 - INFO - Epoch 37 : Training Loss: 6.6632437706, Validation Loss: 7.0962610245, Training R-squared: 0.5326352715, Validation R-squared: 0.4614343047
2023-11-22 18:00:11,789 - INFO - Epoch 38 : Training Loss: 6.6468863487, Validation Loss: 7.0893883705, Training R-squared: 0.5352895856, Validation R-squared: 0.4622322023
2023-11-22 18:00:22,249 - INFO - Epoch 39 : Training Loss: 6.6324915886, Validation Loss: 7.0863761902, Training R-squared: 0.5379676819, Validation R-squared: 0.4627139568
2023-11-22 18:00:32,517 - INFO - Epoch 40 : Training Loss: 6.6162686348, Validation Loss: 7.0649852753, Training R-squared: 0.5408033729, Validation R-squared: 0.4660575092
2023-11-22 18:00:42,733 - INFO - Epoch 41 : Training Loss: 6.5622777939, Validation Loss: 7.0709872246, Training R-squared: 0.5457787514, Validation R-squared: 0.4653625488
2023-11-22 18:00:52,985 - INFO - Epoch 42 : Training Loss: 6.5583143234, Validation Loss: 7.0582771301, Training R-squared: 0.5466752052, Validation R-squared: 0.4667103589
2023-11-22 18:01:03,187 - INFO - Epoch 43 : Training Loss: 6.5336885452, Validation Loss: 7.0607910156, Training R-squared: 0.5490438938, Validation R-squared: 0.4660800993
2023-11-22 18:01:13,502 - INFO - Epoch 44 : Training Loss: 6.5207514763, Validation Loss: 7.0465478897, Training R-squared: 0.5528423190, Validation R-squared: 0.4685612023
2023-11-22 18:01:23,941 - INFO - Epoch 45 : Training Loss: 6.5122995377, Validation Loss: 7.0711102486, Training R-squared: 0.5538272858, Validation R-squared: 0.4643745422
2023-11-22 18:01:34,075 - INFO - Epoch 46 : Training Loss: 6.4859790802, Validation Loss: 7.0969777107, Training R-squared: 0.5558917522, Validation R-squared: 0.4601024091
2023-11-22 18:01:44,253 - INFO - Epoch 47 : Training Loss: 6.4741573334, Validation Loss: 7.0587077141, Training R-squared: 0.5596901774, Validation R-squared: 0.4660077393
2023-11-22 18:01:54,639 - INFO - Epoch 48 : Training Loss: 6.4503693581, Validation Loss: 7.0272269249, Training R-squared: 0.5607869625, Validation R-squared: 0.4713569283
2023-11-22 18:02:05,312 - INFO - Epoch 49 : Training Loss: 6.4420695305, Validation Loss: 7.0328044891, Training R-squared: 0.5626136661, Validation R-squared: 0.4699899852
2023-11-22 18:02:15,668 - INFO - Epoch 50 : Training Loss: 6.4260468483, Validation Loss: 7.0170774460, Training R-squared: 0.5644726157, Validation R-squared: 0.4728308320
2023-11-22 18:02:26,336 - INFO - Epoch 51 : Training Loss: 6.4140753746, Validation Loss: 7.0025768280, Training R-squared: 0.5663261414, Validation R-squared: 0.4750173986
2023-11-22 18:02:36,616 - INFO - Epoch 52 : Training Loss: 6.3895306587, Validation Loss: 7.0105938911, Training R-squared: 0.5685983300, Validation R-squared: 0.4733707309
2023-11-22 18:02:46,973 - INFO - Epoch 53 : Training Loss: 6.3730020523, Validation Loss: 7.0016679764, Training R-squared: 0.5709726214, Validation R-squared: 0.4748820364
2023-11-22 18:02:57,198 - INFO - Epoch 54 : Training Loss: 6.3437938690, Validation Loss: 6.9948945045, Training R-squared: 0.5747485161, Validation R-squared: 0.4758284092
2023-11-22 18:03:07,451 - INFO - Epoch 55 : Training Loss: 6.3286061287, Validation Loss: 7.0321063995, Training R-squared: 0.5771046877, Validation R-squared: 0.4694822729
2023-11-22 18:03:18,117 - INFO - Epoch 56 : Training Loss: 6.3204593658, Validation Loss: 6.9967889786, Training R-squared: 0.5787259340, Validation R-squared: 0.4749717116
2023-11-22 18:03:28,452 - INFO - Epoch 57 : Training Loss: 6.3168478012, Validation Loss: 6.9959092140, Training R-squared: 0.5790396929, Validation R-squared: 0.4752035439
2023-11-22 18:03:38,686 - INFO - Epoch 58 : Training Loss: 6.2924575806, Validation Loss: 6.9960103035, Training R-squared: 0.5815324783, Validation R-squared: 0.4752426445
2023-11-22 18:03:49,408 - INFO - Epoch 59 : Training Loss: 6.2789187431, Validation Loss: 7.0448288918, Training R-squared: 0.5830357075, Validation R-squared: 0.4667726457
2023-11-22 18:04:04,764 - INFO - Model saved to models/portion_model/breakfast/512_512_200_64/sparsity_45_fold_4_model.keras
2023-11-22 18:04:10,536 - INFO - Avg Metrics: RMSE: 5.3485965791, R-squared: -0.0453874381, PCC: 0.7068022520
2023-11-22 18:04:10,537 - INFO - Agg Metrics: RMSE: 7.1548288726, R-squared: 0.4617425847, PCC: 0.6807907522
2023-11-22 18:04:16,716 - INFO - ================================================================== Fold 5 ===================================================================
2023-11-22 18:04:31,220 - INFO - Epoch 1  : Training Loss: 9.3118009567, Validation Loss: 9.5109500885, Training R-squared: 0.0705694631, Validation R-squared: 0.0946294293
2023-11-22 18:04:41,697 - INFO - Epoch 2  : Training Loss: 8.8174142838, Validation Loss: 8.9629316330, Training R-squared: 0.1661504209, Validation R-squared: 0.1981570423
2023-11-22 18:04:51,947 - INFO - Epoch 3  : Training Loss: 8.3349943161, Validation Loss: 8.2524385452, Training R-squared: 0.2551046014, Validation R-squared: 0.3228079975
2023-11-22 18:05:02,155 - INFO - Epoch 4  : Training Loss: 7.7633962631, Validation Loss: 8.0253534317, Training R-squared: 0.3557913005, Validation R-squared: 0.3600620627
2023-11-22 18:05:12,538 - INFO - Epoch 5  : Training Loss: 7.6374497414, Validation Loss: 7.9287319183, Training R-squared: 0.3750429153, Validation R-squared: 0.3767526150
2023-11-22 18:05:23,092 - INFO - Epoch 6  : Training Loss: 7.5236911774, Validation Loss: 7.8593244553, Training R-squared: 0.3933960199, Validation R-squared: 0.3878088892
2023-11-22 18:05:33,374 - INFO - Epoch 7  : Training Loss: 7.4870748520, Validation Loss: 7.8431997299, Training R-squared: 0.3997603655, Validation R-squared: 0.3905169666
2023-11-22 18:05:43,636 - INFO - Epoch 8  : Training Loss: 7.4622807503, Validation Loss: 7.8210577965, Training R-squared: 0.4035507441, Validation R-squared: 0.3938600421
2023-11-22 18:05:53,923 - INFO - Epoch 9  : Training Loss: 7.4239931107, Validation Loss: 7.8202514648, Training R-squared: 0.4087135494, Validation R-squared: 0.3940076828
2023-11-22 18:06:04,075 - INFO - Epoch 10 : Training Loss: 7.3964762688, Validation Loss: 7.8041520119, Training R-squared: 0.4131035507, Validation R-squared: 0.3970131874
2023-11-22 18:06:14,378 - INFO - Epoch 11 : Training Loss: 7.3857688904, Validation Loss: 7.7840056419, Training R-squared: 0.4162404835, Validation R-squared: 0.3997819722
2023-11-22 18:06:24,800 - INFO - Epoch 12 : Training Loss: 7.3387885094, Validation Loss: 7.7706890106, Training R-squared: 0.4227390587, Validation R-squared: 0.4016828239
2023-11-22 18:06:35,022 - INFO - Epoch 13 : Training Loss: 7.2986855507, Validation Loss: 7.7424235344, Training R-squared: 0.4300015569, Validation R-squared: 0.4069600403
2023-11-22 18:06:45,346 - INFO - Epoch 14 : Training Loss: 7.2601075172, Validation Loss: 7.7043418884, Training R-squared: 0.4352366924, Validation R-squared: 0.4128391445
2023-11-22 18:06:55,558 - INFO - Epoch 15 : Training Loss: 7.2199511528, Validation Loss: 7.6803193092, Training R-squared: 0.4407545924, Validation R-squared: 0.4163780212
2023-11-22 18:07:05,873 - INFO - Epoch 16 : Training Loss: 7.1747398376, Validation Loss: 7.6514120102, Training R-squared: 0.4489735961, Validation R-squared: 0.4212045670
2023-11-22 18:07:16,096 - INFO - Epoch 17 : Training Loss: 7.1341147423, Validation Loss: 7.6228280067, Training R-squared: 0.4547835588, Validation R-squared: 0.4251610935
2023-11-22 18:07:26,516 - INFO - Epoch 18 : Training Loss: 7.1022124290, Validation Loss: 7.5872797966, Training R-squared: 0.4600190520, Validation R-squared: 0.4309057891
2023-11-22 18:07:36,690 - INFO - Epoch 19 : Training Loss: 7.0526795387, Validation Loss: 7.5628809929, Training R-squared: 0.4682427049, Validation R-squared: 0.4343556762
2023-11-22 18:07:46,954 - INFO - Epoch 20 : Training Loss: 7.0026021004, Validation Loss: 7.5675945282, Training R-squared: 0.4744188488, Validation R-squared: 0.4339953065
2023-11-22 18:07:57,205 - INFO - Epoch 21 : Training Loss: 6.9668030739, Validation Loss: 7.5287218094, Training R-squared: 0.4791564643, Validation R-squared: 0.4390276968
2023-11-22 18:08:07,452 - INFO - Epoch 22 : Training Loss: 6.9359374046, Validation Loss: 7.5145654678, Training R-squared: 0.4833462834, Validation R-squared: 0.4419688582
2023-11-22 18:08:18,083 - INFO - Epoch 23 : Training Loss: 6.9076948166, Validation Loss: 7.5049800873, Training R-squared: 0.4885694981, Validation R-squared: 0.4425734878
2023-11-22 18:08:28,393 - INFO - Epoch 24 : Training Loss: 6.8842329979, Validation Loss: 7.5039658546, Training R-squared: 0.4917304814, Validation R-squared: 0.4438664019
2023-11-22 18:08:38,642 - INFO - Epoch 25 : Training Loss: 6.8681173325, Validation Loss: 7.4854202271, Training R-squared: 0.4953239560, Validation R-squared: 0.4462471604
2023-11-22 18:08:49,139 - INFO - Epoch 26 : Training Loss: 6.8396487236, Validation Loss: 7.5023045540, Training R-squared: 0.4971942306, Validation R-squared: 0.4423927963
2023-11-22 18:08:59,435 - INFO - Epoch 27 : Training Loss: 6.8292565346, Validation Loss: 7.4883666039, Training R-squared: 0.5012525320, Validation R-squared: 0.4450581968
2023-11-22 18:09:09,607 - INFO - Epoch 28 : Training Loss: 6.8073186874, Validation Loss: 7.4730029106, Training R-squared: 0.5025330782, Validation R-squared: 0.4479340911
2023-11-22 18:09:20,257 - INFO - Epoch 29 : Training Loss: 6.7910938263, Validation Loss: 7.4770750999, Training R-squared: 0.5050717592, Validation R-squared: 0.4479028881
2023-11-22 18:09:30,531 - INFO - Epoch 30 : Training Loss: 6.7751154900, Validation Loss: 7.4693465233, Training R-squared: 0.5076109171, Validation R-squared: 0.4485723972
2023-11-22 18:09:40,807 - INFO - Epoch 31 : Training Loss: 6.7505168915, Validation Loss: 7.4609866142, Training R-squared: 0.5114767551, Validation R-squared: 0.4493284225
2023-11-22 18:09:51,096 - INFO - Epoch 32 : Training Loss: 6.7442021370, Validation Loss: 7.4577064514, Training R-squared: 0.5113328099, Validation R-squared: 0.4510671198
2023-11-22 18:10:01,349 - INFO - Epoch 33 : Training Loss: 6.7276029587, Validation Loss: 7.4566617012, Training R-squared: 0.5141599178, Validation R-squared: 0.4508666694
2023-11-22 18:10:11,640 - INFO - Epoch 34 : Training Loss: 6.7112431526, Validation Loss: 7.4900746346, Training R-squared: 0.5165226460, Validation R-squared: 0.4446322918
2023-11-22 18:10:22,286 - INFO - Epoch 35 : Training Loss: 6.7014613152, Validation Loss: 7.4394435883, Training R-squared: 0.5186204910, Validation R-squared: 0.4534330368
2023-11-22 18:10:32,699 - INFO - Epoch 36 : Training Loss: 6.6756358147, Validation Loss: 7.4386701584, Training R-squared: 0.5210447907, Validation R-squared: 0.4533694386
2023-11-22 18:10:42,940 - INFO - Epoch 37 : Training Loss: 6.6680111885, Validation Loss: 7.4382157326, Training R-squared: 0.5226783752, Validation R-squared: 0.4536939263
2023-11-22 18:10:53,160 - INFO - Epoch 38 : Training Loss: 6.6393308640, Validation Loss: 7.4287362099, Training R-squared: 0.5268982053, Validation R-squared: 0.4546559155
2023-11-22 18:11:03,356 - INFO - Epoch 39 : Training Loss: 6.6232290268, Validation Loss: 7.4084525108, Training R-squared: 0.5289501548, Validation R-squared: 0.4581649303
2023-11-22 18:11:13,553 - INFO - Epoch 40 : Training Loss: 6.6137571335, Validation Loss: 7.4107098579, Training R-squared: 0.5302183032, Validation R-squared: 0.4574110508
2023-11-22 18:11:24,049 - INFO - Epoch 41 : Training Loss: 6.5847687721, Validation Loss: 7.3931775093, Training R-squared: 0.5338211656, Validation R-squared: 0.4603543878
2023-11-22 18:11:34,186 - INFO - Epoch 42 : Training Loss: 6.5658431053, Validation Loss: 7.3955540657, Training R-squared: 0.5357851386, Validation R-squared: 0.4598386884
2023-11-22 18:11:44,484 - INFO - Epoch 43 : Training Loss: 6.5460639000, Validation Loss: 7.3988623619, Training R-squared: 0.5398616791, Validation R-squared: 0.4586658776
2023-11-22 18:11:54,657 - INFO - Epoch 44 : Training Loss: 6.5315947533, Validation Loss: 7.3932209015, Training R-squared: 0.5407962799, Validation R-squared: 0.4597858787
2023-11-22 18:12:04,811 - INFO - Epoch 45 : Training Loss: 6.5151124001, Validation Loss: 7.3720421791, Training R-squared: 0.5418827534, Validation R-squared: 0.4629163742
2023-11-22 18:12:15,157 - INFO - Epoch 46 : Training Loss: 6.4906916618, Validation Loss: 7.3785295486, Training R-squared: 0.5462700129, Validation R-squared: 0.4616480172
2023-11-22 18:12:25,792 - INFO - Epoch 47 : Training Loss: 6.4827394485, Validation Loss: 7.3493523598, Training R-squared: 0.5480811000, Validation R-squared: 0.4666347802
2023-11-22 18:12:35,953 - INFO - Epoch 48 : Training Loss: 6.4626221657, Validation Loss: 7.3632254601, Training R-squared: 0.5503222346, Validation R-squared: 0.4643224180
2023-11-22 18:12:46,272 - INFO - Epoch 49 : Training Loss: 6.4438614845, Validation Loss: 7.3425078392, Training R-squared: 0.5521628857, Validation R-squared: 0.4677332342
2023-11-22 18:12:56,681 - INFO - Epoch 50 : Training Loss: 6.4290599823, Validation Loss: 7.3221569061, Training R-squared: 0.5536791086, Validation R-squared: 0.4709407389
2023-11-22 18:13:06,918 - INFO - Epoch 51 : Training Loss: 6.4067511559, Validation Loss: 7.3260259628, Training R-squared: 0.5577635169, Validation R-squared: 0.4701268971
2023-11-22 18:13:17,237 - INFO - Epoch 52 : Training Loss: 6.3921227455, Validation Loss: 7.3326296806, Training R-squared: 0.5589158535, Validation R-squared: 0.4693055451
2023-11-22 18:13:27,699 - INFO - Epoch 53 : Training Loss: 6.3725781441, Validation Loss: 7.3252367973, Training R-squared: 0.5621403456, Validation R-squared: 0.4694610238
2023-11-22 18:13:37,994 - INFO - Epoch 54 : Training Loss: 6.3511986732, Validation Loss: 7.3051404953, Training R-squared: 0.5645043850, Validation R-squared: 0.4730635583
2023-11-22 18:13:48,872 - INFO - Epoch 55 : Training Loss: 6.3360238075, Validation Loss: 7.2914404869, Training R-squared: 0.5678730011, Validation R-squared: 0.4749202132
2023-11-22 18:13:59,847 - INFO - Epoch 56 : Training Loss: 6.3040647507, Validation Loss: 7.2986326218, Training R-squared: 0.5704881549, Validation R-squared: 0.4738739133
2023-11-22 18:14:10,121 - INFO - Epoch 57 : Training Loss: 6.3067708015, Validation Loss: 7.2772974968, Training R-squared: 0.5709317327, Validation R-squared: 0.4771343172
2023-11-22 18:14:20,828 - INFO - Epoch 58 : Training Loss: 6.2857985497, Validation Loss: 7.2875814438, Training R-squared: 0.5733219981, Validation R-squared: 0.4757564366
2023-11-22 18:14:31,187 - INFO - Epoch 59 : Training Loss: 6.2760486603, Validation Loss: 7.2572469711, Training R-squared: 0.5749896169, Validation R-squared: 0.4801883996
2023-11-22 18:14:41,569 - INFO - Epoch 60 : Training Loss: 6.2499923706, Validation Loss: 7.2550849915, Training R-squared: 0.5782544017, Validation R-squared: 0.4807713032
2023-11-22 18:14:51,820 - INFO - Epoch 61 : Training Loss: 6.2323651314, Validation Loss: 7.2373466492, Training R-squared: 0.5809810162, Validation R-squared: 0.4831530452
2023-11-22 18:15:02,616 - INFO - Epoch 62 : Training Loss: 6.2140512466, Validation Loss: 7.2546844482, Training R-squared: 0.5823789835, Validation R-squared: 0.4804104269
2023-11-22 18:15:13,682 - INFO - Epoch 63 : Training Loss: 6.1950492859, Validation Loss: 7.2680382729, Training R-squared: 0.5839266181, Validation R-squared: 0.4781650007
2023-11-22 18:15:25,255 - INFO - Epoch 64 : Training Loss: 6.1936697960, Validation Loss: 7.2694978714, Training R-squared: 0.5860069394, Validation R-squared: 0.4777587354
2023-11-22 18:15:35,794 - INFO - Epoch 65 : Training Loss: 6.1734552383, Validation Loss: 7.2494306564, Training R-squared: 0.5888383985, Validation R-squared: 0.4811279774
2023-11-22 18:15:46,148 - INFO - Epoch 66 : Training Loss: 6.1661572456, Validation Loss: 7.2478737831, Training R-squared: 0.5893806219, Validation R-squared: 0.4813008904
2023-11-22 18:16:01,075 - INFO - Model saved to models/portion_model/breakfast/512_512_200_64/sparsity_45_fold_5_model.keras
2023-11-22 18:16:07,684 - INFO - Avg Metrics: RMSE: 5.4416819922, R-squared: 0.0965805654, PCC: 0.7052270900
2023-11-22 18:16:07,685 - INFO - Agg Metrics: RMSE: 7.5854804597, R-squared: 0.4502109564, PCC: 0.6716123973
2023-11-22 18:16:22,160 - INFO - ================================================================== Results Summary ===================================================================
2023-11-22 18:16:22,161 - INFO - CrossVal Metrics (Avg.) - RMSE: 5.3899707992  0.0403354158, R2: -0.2767161414  0.0403354158, PCC: 0.7059781348  0.0403354158
2023-11-22 18:16:22,161 - INFO - Testing  Metrics (Avg.) - RMSE: 5.3511672256, R2: -0.1550712486, PCC: 0.7139847824
2023-11-22 18:16:22,161 - INFO - CrossVal Metrics (Agg.) - RMSE: 7.2482108905  0.0403354158, R2: 0.4597605719  0.0403354158, PCC: 0.6790773669  0.0403354158
2023-11-22 18:16:22,161 - INFO - Testing  Metrics (Agg.) - RMSE: 7.2573269961, R2: 0.4628553501, PCC: 0.6819817912
