2023-11-22 10:48:38,766 - INFO - Training model at 20% sparse columns removed...
2023-11-22 10:48:47,641 - INFO - ================================================================== Fold 1 ===================================================================
2023-11-22 10:49:11,417 - INFO - Epoch 1  : Training Loss: 7.7996392250, Validation Loss: 7.7460236549, Training R-squared: 0.0684724376, Validation R-squared: 0.0937135443
2023-11-22 10:49:29,128 - INFO - Epoch 2  : Training Loss: 7.4094519615, Validation Loss: 7.3010387421, Training R-squared: 0.1592211574, Validation R-squared: 0.1954013109
2023-11-22 10:49:46,861 - INFO - Epoch 3  : Training Loss: 7.1351261139, Validation Loss: 7.0629568100, Training R-squared: 0.2224927545, Validation R-squared: 0.2468487024
2023-11-22 10:50:03,909 - INFO - Epoch 4  : Training Loss: 6.8140625954, Validation Loss: 6.5759968758, Training R-squared: 0.2909009159, Validation R-squared: 0.3478907943
2023-11-22 10:50:21,127 - INFO - Epoch 5  : Training Loss: 6.4517617226, Validation Loss: 6.4983577728, Training R-squared: 0.3637732565, Validation R-squared: 0.3635151386
2023-11-22 10:50:37,721 - INFO - Epoch 6  : Training Loss: 6.3859858513, Validation Loss: 6.4545059204, Training R-squared: 0.3781949878, Validation R-squared: 0.3716252446
2023-11-22 10:50:54,157 - INFO - Epoch 7  : Training Loss: 6.3026027679, Validation Loss: 6.4098534584, Training R-squared: 0.3933210969, Validation R-squared: 0.3809863329
2023-11-22 10:51:10,188 - INFO - Epoch 8  : Training Loss: 6.2834115028, Validation Loss: 6.4202027321, Training R-squared: 0.3989017010, Validation R-squared: 0.3796622455
2023-11-22 10:51:26,795 - INFO - Epoch 9  : Training Loss: 6.2563395500, Validation Loss: 6.3982186317, Training R-squared: 0.4026044607, Validation R-squared: 0.3828332722
2023-11-22 10:51:41,755 - INFO - Epoch 10 : Training Loss: 6.2350635529, Validation Loss: 6.3939380646, Training R-squared: 0.4065597653, Validation R-squared: 0.3838809431
2023-11-22 10:51:57,915 - INFO - Epoch 11 : Training Loss: 6.2099204063, Validation Loss: 6.3960199356, Training R-squared: 0.4106264114, Validation R-squared: 0.3839347959
2023-11-22 10:52:14,258 - INFO - Epoch 12 : Training Loss: 6.1853122711, Validation Loss: 6.3856983185, Training R-squared: 0.4157356322, Validation R-squared: 0.3855886161
2023-11-22 10:52:30,172 - INFO - Epoch 13 : Training Loss: 6.1559305191, Validation Loss: 6.3743987083, Training R-squared: 0.4207935631, Validation R-squared: 0.3880840540
2023-11-22 10:52:45,018 - INFO - Epoch 14 : Training Loss: 6.1194567680, Validation Loss: 6.3648915291, Training R-squared: 0.4272499084, Validation R-squared: 0.3896196187
2023-11-22 10:52:59,823 - INFO - Epoch 15 : Training Loss: 6.1050248146, Validation Loss: 6.3445239067, Training R-squared: 0.4306247532, Validation R-squared: 0.3936240375
2023-11-22 10:53:14,859 - INFO - Epoch 16 : Training Loss: 6.0691008568, Validation Loss: 6.3238334656, Training R-squared: 0.4377691448, Validation R-squared: 0.3976980448
2023-11-22 10:53:31,248 - INFO - Epoch 17 : Training Loss: 6.0309305191, Validation Loss: 6.3005228043, Training R-squared: 0.4443804920, Validation R-squared: 0.4023402333
2023-11-22 10:53:47,389 - INFO - Epoch 18 : Training Loss: 5.9912743568, Validation Loss: 6.2972917557, Training R-squared: 0.4519810379, Validation R-squared: 0.4022225142
2023-11-22 10:54:03,184 - INFO - Epoch 19 : Training Loss: 5.9631085396, Validation Loss: 6.2714991570, Training R-squared: 0.4563075006, Validation R-squared: 0.4082385898
2023-11-22 10:54:18,874 - INFO - Epoch 20 : Training Loss: 5.9389185905, Validation Loss: 6.2582116127, Training R-squared: 0.4613508582, Validation R-squared: 0.4108080566
2023-11-22 10:54:33,506 - INFO - Epoch 21 : Training Loss: 5.9112486839, Validation Loss: 6.2496304512, Training R-squared: 0.4656189680, Validation R-squared: 0.4127760530
2023-11-22 10:54:48,274 - INFO - Epoch 22 : Training Loss: 5.8748598099, Validation Loss: 6.2304744720, Training R-squared: 0.4714932740, Validation R-squared: 0.4157041311
2023-11-22 10:55:02,960 - INFO - Epoch 23 : Training Loss: 5.8466286659, Validation Loss: 6.2088069916, Training R-squared: 0.4764831066, Validation R-squared: 0.4201358855
2023-11-22 10:55:20,234 - INFO - Epoch 24 : Training Loss: 5.8251252174, Validation Loss: 6.2029604912, Training R-squared: 0.4808158278, Validation R-squared: 0.4207891524
2023-11-22 10:55:36,710 - INFO - Epoch 25 : Training Loss: 5.8004159927, Validation Loss: 6.2005052567, Training R-squared: 0.4859321117, Validation R-squared: 0.4209925234
2023-11-22 10:55:53,567 - INFO - Epoch 26 : Training Loss: 5.7787027359, Validation Loss: 6.1792254448, Training R-squared: 0.4897481799, Validation R-squared: 0.4258787334
2023-11-22 10:56:10,160 - INFO - Epoch 27 : Training Loss: 5.7531075478, Validation Loss: 6.1807689667, Training R-squared: 0.4940086007, Validation R-squared: 0.4249095023
2023-11-22 10:56:27,648 - INFO - Epoch 28 : Training Loss: 5.7378716469, Validation Loss: 6.1665925980, Training R-squared: 0.4961130321, Validation R-squared: 0.4278475046
2023-11-22 10:56:43,441 - INFO - Epoch 29 : Training Loss: 5.7188682556, Validation Loss: 6.1530928612, Training R-squared: 0.5001739860, Validation R-squared: 0.4306378961
2023-11-22 10:57:00,060 - INFO - Epoch 30 : Training Loss: 5.7006998062, Validation Loss: 6.1718907356, Training R-squared: 0.5022366643, Validation R-squared: 0.4265216291
2023-11-22 10:57:17,507 - INFO - Epoch 31 : Training Loss: 5.6776609421, Validation Loss: 6.1528453827, Training R-squared: 0.5063642263, Validation R-squared: 0.4304305315
2023-11-22 10:57:33,056 - INFO - Epoch 32 : Training Loss: 5.6665120125, Validation Loss: 6.1490406990, Training R-squared: 0.5078536868, Validation R-squared: 0.4316187501
2023-11-22 10:57:50,242 - INFO - Epoch 33 : Training Loss: 5.6613907814, Validation Loss: 6.1429185867, Training R-squared: 0.5097046494, Validation R-squared: 0.4322250485
2023-11-22 10:58:07,267 - INFO - Epoch 34 : Training Loss: 5.6335282326, Validation Loss: 6.1495003700, Training R-squared: 0.5145818591, Validation R-squared: 0.4303330183
2023-11-22 10:58:24,759 - INFO - Epoch 35 : Training Loss: 5.6269364357, Validation Loss: 6.1384520531, Training R-squared: 0.5157653689, Validation R-squared: 0.4325385392
2023-11-22 10:58:41,728 - INFO - Epoch 36 : Training Loss: 5.6081132889, Validation Loss: 6.1275119781, Training R-squared: 0.5182070732, Validation R-squared: 0.4348422289
2023-11-22 10:58:58,005 - INFO - Epoch 37 : Training Loss: 5.5996189117, Validation Loss: 6.1671156883, Training R-squared: 0.5195590258, Validation R-squared: 0.4266577661
2023-11-22 10:59:13,536 - INFO - Epoch 38 : Training Loss: 5.5806570053, Validation Loss: 6.1126942635, Training R-squared: 0.5220306516, Validation R-squared: 0.4378696680
2023-11-22 10:59:29,372 - INFO - Epoch 39 : Training Loss: 5.5549092293, Validation Loss: 6.1235632896, Training R-squared: 0.5254003406, Validation R-squared: 0.4351740181
2023-11-22 10:59:44,938 - INFO - Epoch 40 : Training Loss: 5.5499176979, Validation Loss: 6.1101255417, Training R-squared: 0.5279237628, Validation R-squared: 0.4385322034
2023-11-22 11:00:01,501 - INFO - Epoch 41 : Training Loss: 5.5275588036, Validation Loss: 6.1124978065, Training R-squared: 0.5310031772, Validation R-squared: 0.4374037683
2023-11-22 11:00:16,832 - INFO - Epoch 42 : Training Loss: 5.5202527046, Validation Loss: 6.1000022888, Training R-squared: 0.5326670408, Validation R-squared: 0.4402770996
2023-11-22 11:00:31,760 - INFO - Epoch 43 : Training Loss: 5.5078606606, Validation Loss: 6.1064105034, Training R-squared: 0.5356897712, Validation R-squared: 0.4383223057
2023-11-22 11:00:47,304 - INFO - Epoch 44 : Training Loss: 5.4866576195, Validation Loss: 6.1218905449, Training R-squared: 0.5376470685, Validation R-squared: 0.4353529215
2023-11-22 11:01:02,737 - INFO - Epoch 45 : Training Loss: 5.4778532982, Validation Loss: 6.1067347527, Training R-squared: 0.5390067101, Validation R-squared: 0.4382506013
2023-11-22 11:01:18,817 - INFO - Epoch 46 : Training Loss: 5.4570202827, Validation Loss: 6.1043725014, Training R-squared: 0.5419487357, Validation R-squared: 0.4382720888
2023-11-22 11:01:34,782 - INFO - Epoch 47 : Training Loss: 5.4420475960, Validation Loss: 6.0927405357, Training R-squared: 0.5455953479, Validation R-squared: 0.4403582811
2023-11-22 11:01:49,183 - INFO - Epoch 48 : Training Loss: 5.4186539650, Validation Loss: 6.0891046524, Training R-squared: 0.5489946604, Validation R-squared: 0.4409815371
2023-11-22 11:02:03,614 - INFO - Epoch 49 : Training Loss: 5.4124579430, Validation Loss: 6.0704817772, Training R-squared: 0.5490481853, Validation R-squared: 0.4449074864
2023-11-22 11:02:18,597 - INFO - Epoch 50 : Training Loss: 5.3914670944, Validation Loss: 6.0928773880, Training R-squared: 0.5535557866, Validation R-squared: 0.4396963120
2023-11-22 11:02:32,864 - INFO - Epoch 51 : Training Loss: 5.3853921890, Validation Loss: 6.0614018440, Training R-squared: 0.5545960069, Validation R-squared: 0.4461610019
2023-11-22 11:02:47,434 - INFO - Epoch 52 : Training Loss: 5.3606600761, Validation Loss: 6.0691404343, Training R-squared: 0.5579893589, Validation R-squared: 0.4442896545
2023-11-22 11:03:01,701 - INFO - Epoch 53 : Training Loss: 5.3541631699, Validation Loss: 6.0991063118, Training R-squared: 0.5600181222, Validation R-squared: 0.4383587241
2023-11-22 11:03:16,108 - INFO - Epoch 54 : Training Loss: 5.3458981514, Validation Loss: 6.0582098961, Training R-squared: 0.5609208345, Validation R-squared: 0.4460492432
2023-11-22 11:03:30,517 - INFO - Epoch 55 : Training Loss: 5.3195524216, Validation Loss: 6.0800781250, Training R-squared: 0.5645786524, Validation R-squared: 0.4413880110
2023-11-22 11:03:45,208 - INFO - Epoch 56 : Training Loss: 5.3040161133, Validation Loss: 6.0612287521, Training R-squared: 0.5674700141, Validation R-squared: 0.4451256692
2023-11-22 11:04:00,487 - INFO - Epoch 57 : Training Loss: 5.2935838699, Validation Loss: 6.0621256828, Training R-squared: 0.5689925551, Validation R-squared: 0.4445104301
2023-11-22 11:04:14,791 - INFO - Epoch 58 : Training Loss: 5.2879672050, Validation Loss: 6.0432925224, Training R-squared: 0.5695961118, Validation R-squared: 0.4485562444
2023-11-22 11:04:29,395 - INFO - Epoch 59 : Training Loss: 5.2707691193, Validation Loss: 6.0780506134, Training R-squared: 0.5729671121, Validation R-squared: 0.4410569370
2023-11-22 11:04:43,738 - INFO - Epoch 60 : Training Loss: 5.2540750504, Validation Loss: 6.0751748085, Training R-squared: 0.5748593807, Validation R-squared: 0.4414765239
2023-11-22 11:04:58,041 - INFO - Epoch 61 : Training Loss: 5.2333545685, Validation Loss: 6.0887193680, Training R-squared: 0.5780207515, Validation R-squared: 0.4382547140
2023-11-22 11:05:12,839 - INFO - Epoch 62 : Training Loss: 5.2279658318, Validation Loss: 6.0466499329, Training R-squared: 0.5781704187, Validation R-squared: 0.4478484988
2023-11-22 11:05:27,421 - INFO - Epoch 63 : Training Loss: 5.2159709930, Validation Loss: 6.0287122726, Training R-squared: 0.5811161399, Validation R-squared: 0.4506341219
2023-11-22 11:05:41,847 - INFO - Epoch 64 : Training Loss: 5.2057056427, Validation Loss: 6.0274763107, Training R-squared: 0.5825116038, Validation R-squared: 0.4507334530
2023-11-22 11:05:56,044 - INFO - Epoch 65 : Training Loss: 5.1962571144, Validation Loss: 6.0372824669, Training R-squared: 0.5839632750, Validation R-squared: 0.4486171603
2023-11-22 11:06:10,390 - INFO - Epoch 66 : Training Loss: 5.1855106354, Validation Loss: 6.0710787773, Training R-squared: 0.5852221251, Validation R-squared: 0.4414632916
2023-11-22 11:06:24,973 - INFO - Epoch 67 : Training Loss: 5.1647729874, Validation Loss: 6.0668282509, Training R-squared: 0.5887980461, Validation R-squared: 0.4420671463
2023-11-22 11:06:39,323 - INFO - Epoch 68 : Training Loss: 5.1574363708, Validation Loss: 6.0303068161, Training R-squared: 0.5891644955, Validation R-squared: 0.4492336512
2023-11-22 11:06:53,678 - INFO - Epoch 69 : Training Loss: 5.1565752029, Validation Loss: 6.0656471252, Training R-squared: 0.5882365108, Validation R-squared: 0.4420293570
2023-11-22 11:07:11,134 - INFO - Model saved to models/portion_model/breakfast/512_512_200_64/sparsity_20_fold_1_model.keras
2023-11-22 11:07:17,095 - INFO - Avg Metrics: RMSE: 4.5680511089, R-squared: -0.0056819614, PCC: 0.6958601194
2023-11-22 11:07:17,095 - INFO - Agg Metrics: RMSE: 6.1820039042, R-squared: 0.4368780019, PCC: 0.6637170738
2023-11-22 11:07:23,116 - INFO - ================================================================== Fold 2 ===================================================================
2023-11-22 11:07:49,059 - INFO - Epoch 1  : Training Loss: 7.8253998756, Validation Loss: 7.6510024071, Training R-squared: 0.0696499124, Validation R-squared: 0.0977267995
2023-11-22 11:08:07,113 - INFO - Epoch 2  : Training Loss: 7.3976883888, Validation Loss: 7.2262563705, Training R-squared: 0.1686430275, Validation R-squared: 0.1958553344
2023-11-22 11:08:23,944 - INFO - Epoch 3  : Training Loss: 7.1109628677, Validation Loss: 6.9540624619, Training R-squared: 0.2306264192, Validation R-squared: 0.2551647425
2023-11-22 11:08:41,019 - INFO - Epoch 4  : Training Loss: 6.7467322350, Validation Loss: 6.5102906227, Training R-squared: 0.3059043586, Validation R-squared: 0.3471705914
2023-11-22 11:08:57,924 - INFO - Epoch 5  : Training Loss: 6.4598293304, Validation Loss: 6.4303216934, Training R-squared: 0.3638853133, Validation R-squared: 0.3631266654
2023-11-22 11:09:14,951 - INFO - Epoch 6  : Training Loss: 6.3901429176, Validation Loss: 6.3777136803, Training R-squared: 0.3778525889, Validation R-squared: 0.3737228513
2023-11-22 11:09:30,773 - INFO - Epoch 7  : Training Loss: 6.3208489418, Validation Loss: 6.3319416046, Training R-squared: 0.3919628561, Validation R-squared: 0.3824929893
2023-11-22 11:09:46,906 - INFO - Epoch 8  : Training Loss: 6.2851786613, Validation Loss: 6.3208947182, Training R-squared: 0.3995819986, Validation R-squared: 0.3846609294
2023-11-22 11:10:02,378 - INFO - Epoch 9  : Training Loss: 6.2635769844, Validation Loss: 6.3237051964, Training R-squared: 0.4038172066, Validation R-squared: 0.3850035071
2023-11-22 11:10:18,257 - INFO - Epoch 10 : Training Loss: 6.2364511490, Validation Loss: 6.3093013763, Training R-squared: 0.4082691371, Validation R-squared: 0.3875542879
2023-11-22 11:10:33,716 - INFO - Epoch 11 : Training Loss: 6.2187371254, Validation Loss: 6.3024134636, Training R-squared: 0.4122366011, Validation R-squared: 0.3887648284
2023-11-22 11:10:49,404 - INFO - Epoch 12 : Training Loss: 6.1973176003, Validation Loss: 6.2942066193, Training R-squared: 0.4158907831, Validation R-squared: 0.3904034197
2023-11-22 11:11:04,905 - INFO - Epoch 13 : Training Loss: 6.1636543274, Validation Loss: 6.2821025848, Training R-squared: 0.4205713868, Validation R-squared: 0.3923222721
2023-11-22 11:11:20,485 - INFO - Epoch 14 : Training Loss: 6.1469163895, Validation Loss: 6.2722630501, Training R-squared: 0.4251538217, Validation R-squared: 0.3943641484
2023-11-22 11:11:36,490 - INFO - Epoch 15 : Training Loss: 6.1150002480, Validation Loss: 6.2567477226, Training R-squared: 0.4304207861, Validation R-squared: 0.3978078067
2023-11-22 11:11:52,050 - INFO - Epoch 16 : Training Loss: 6.0934591293, Validation Loss: 6.2365484238, Training R-squared: 0.4348790050, Validation R-squared: 0.4012690187
2023-11-22 11:12:08,126 - INFO - Epoch 17 : Training Loss: 6.0542159081, Validation Loss: 6.2134170532, Training R-squared: 0.4418371916, Validation R-squared: 0.4061161578
2023-11-22 11:12:24,116 - INFO - Epoch 18 : Training Loss: 6.0260105133, Validation Loss: 6.2192583084, Training R-squared: 0.4471680820, Validation R-squared: 0.4039865732
2023-11-22 11:12:40,042 - INFO - Epoch 19 : Training Loss: 6.0040874481, Validation Loss: 6.1872692108, Training R-squared: 0.4513237476, Validation R-squared: 0.4109233618
2023-11-22 11:12:55,928 - INFO - Epoch 20 : Training Loss: 5.9741401672, Validation Loss: 6.1696119308, Training R-squared: 0.4577047229, Validation R-squared: 0.4143428504
2023-11-22 11:13:11,805 - INFO - Epoch 21 : Training Loss: 5.9495401382, Validation Loss: 6.1516833305, Training R-squared: 0.4609874189, Validation R-squared: 0.4175958335
2023-11-22 11:13:28,161 - INFO - Epoch 22 : Training Loss: 5.9184417725, Validation Loss: 6.1384377480, Training R-squared: 0.4685542285, Validation R-squared: 0.4201627374
2023-11-22 11:13:44,646 - INFO - Epoch 23 : Training Loss: 5.8843007088, Validation Loss: 6.1206459999, Training R-squared: 0.4729532897, Validation R-squared: 0.4229536653
2023-11-22 11:14:01,487 - INFO - Epoch 24 : Training Loss: 5.8466019630, Validation Loss: 6.1006298065, Training R-squared: 0.4793958962, Validation R-squared: 0.4271506369
2023-11-22 11:14:17,975 - INFO - Epoch 25 : Training Loss: 5.8327450752, Validation Loss: 6.0761165619, Training R-squared: 0.4826754034, Validation R-squared: 0.4319231212
2023-11-22 11:14:33,444 - INFO - Epoch 26 : Training Loss: 5.8057703972, Validation Loss: 6.0718479156, Training R-squared: 0.4870016873, Validation R-squared: 0.4328408837
2023-11-22 11:14:49,015 - INFO - Epoch 27 : Training Loss: 5.7869343758, Validation Loss: 6.0654454231, Training R-squared: 0.4909008741, Validation R-squared: 0.4337842464
2023-11-22 11:15:04,784 - INFO - Epoch 28 : Training Loss: 5.7678828239, Validation Loss: 6.0547103882, Training R-squared: 0.4940407574, Validation R-squared: 0.4360472262
2023-11-22 11:15:20,759 - INFO - Epoch 29 : Training Loss: 5.7553281784, Validation Loss: 6.0832448006, Training R-squared: 0.4952082038, Validation R-squared: 0.4296190739
2023-11-22 11:15:37,077 - INFO - Epoch 30 : Training Loss: 5.7329196930, Validation Loss: 6.0507574081, Training R-squared: 0.4999370575, Validation R-squared: 0.4368296564
2023-11-22 11:15:52,110 - INFO - Epoch 31 : Training Loss: 5.7176947594, Validation Loss: 6.0471296310, Training R-squared: 0.5016393661, Validation R-squared: 0.4371417463
2023-11-22 11:16:06,850 - INFO - Epoch 32 : Training Loss: 5.7108268738, Validation Loss: 6.0451145172, Training R-squared: 0.5025352240, Validation R-squared: 0.4377143681
2023-11-22 11:16:21,228 - INFO - Epoch 33 : Training Loss: 5.6988830566, Validation Loss: 6.0448431969, Training R-squared: 0.5052993298, Validation R-squared: 0.4379976988
2023-11-22 11:16:35,905 - INFO - Epoch 34 : Training Loss: 5.6881880760, Validation Loss: 6.0537948608, Training R-squared: 0.5073602796, Validation R-squared: 0.4356360137
2023-11-22 11:16:50,122 - INFO - Epoch 35 : Training Loss: 5.6647787094, Validation Loss: 6.0315794945, Training R-squared: 0.5100120902, Validation R-squared: 0.4404643476
2023-11-22 11:17:04,383 - INFO - Epoch 36 : Training Loss: 5.6486740112, Validation Loss: 6.0298404694, Training R-squared: 0.5123383403, Validation R-squared: 0.4404257834
2023-11-22 11:17:19,473 - INFO - Epoch 37 : Training Loss: 5.6402425766, Validation Loss: 6.0231146812, Training R-squared: 0.5138685703, Validation R-squared: 0.4415556490
2023-11-22 11:17:33,814 - INFO - Epoch 38 : Training Loss: 5.6251039505, Validation Loss: 6.0359134674, Training R-squared: 0.5169885159, Validation R-squared: 0.4389896989
2023-11-22 11:17:48,874 - INFO - Epoch 39 : Training Loss: 5.6166658401, Validation Loss: 6.0138525963, Training R-squared: 0.5193854570, Validation R-squared: 0.4435738623
2023-11-22 11:18:03,174 - INFO - Epoch 40 : Training Loss: 5.6017351151, Validation Loss: 6.0387277603, Training R-squared: 0.5213871002, Validation R-squared: 0.4382193685
2023-11-22 11:18:17,910 - INFO - Epoch 41 : Training Loss: 5.5770931244, Validation Loss: 6.0229134560, Training R-squared: 0.5252827406, Validation R-squared: 0.4411541224
2023-11-22 11:18:32,249 - INFO - Epoch 42 : Training Loss: 5.5533895493, Validation Loss: 6.0000219345, Training R-squared: 0.5290145874, Validation R-squared: 0.4463537037
2023-11-22 11:18:46,599 - INFO - Epoch 43 : Training Loss: 5.5546393394, Validation Loss: 5.9911870956, Training R-squared: 0.5288728476, Validation R-squared: 0.4478525519
2023-11-22 11:19:01,316 - INFO - Epoch 44 : Training Loss: 5.5303740501, Validation Loss: 5.9891128540, Training R-squared: 0.5335976481, Validation R-squared: 0.4482023418
2023-11-22 11:19:15,466 - INFO - Epoch 45 : Training Loss: 5.5019259453, Validation Loss: 5.9831385612, Training R-squared: 0.5368476510, Validation R-squared: 0.4491218626
2023-11-22 11:19:30,811 - INFO - Epoch 46 : Training Loss: 5.5008149147, Validation Loss: 5.9981031418, Training R-squared: 0.5374951363, Validation R-squared: 0.4459787011
2023-11-22 11:19:45,150 - INFO - Epoch 47 : Training Loss: 5.4920349121, Validation Loss: 6.0092906952, Training R-squared: 0.5383695960, Validation R-squared: 0.4435435236
2023-11-22 11:19:59,626 - INFO - Epoch 48 : Training Loss: 5.4697108269, Validation Loss: 5.9763875008, Training R-squared: 0.5418608785, Validation R-squared: 0.4501783252
2023-11-22 11:20:14,091 - INFO - Epoch 49 : Training Loss: 5.4600181580, Validation Loss: 5.9896802902, Training R-squared: 0.5447053313, Validation R-squared: 0.4475759566
2023-11-22 11:20:28,573 - INFO - Epoch 50 : Training Loss: 5.4435358047, Validation Loss: 5.9761257172, Training R-squared: 0.5463086367, Validation R-squared: 0.4500092864
2023-11-22 11:20:43,364 - INFO - Epoch 51 : Training Loss: 5.4345755577, Validation Loss: 5.9906497002, Training R-squared: 0.5478716493, Validation R-squared: 0.4468439817
2023-11-22 11:20:57,401 - INFO - Epoch 52 : Training Loss: 5.4084630013, Validation Loss: 5.9597196579, Training R-squared: 0.5521299243, Validation R-squared: 0.4530769885
2023-11-22 11:21:11,959 - INFO - Epoch 53 : Training Loss: 5.4003214836, Validation Loss: 5.9570198059, Training R-squared: 0.5546210408, Validation R-squared: 0.4535970986
2023-11-22 11:21:26,650 - INFO - Epoch 54 : Training Loss: 5.3835291862, Validation Loss: 5.9953126907, Training R-squared: 0.5557899475, Validation R-squared: 0.4460163713
2023-11-22 11:21:41,267 - INFO - Epoch 55 : Training Loss: 5.3682465553, Validation Loss: 5.9594035149, Training R-squared: 0.5577694178, Validation R-squared: 0.4534474015
2023-11-22 11:21:55,792 - INFO - Epoch 56 : Training Loss: 5.3556361198, Validation Loss: 5.9742317200, Training R-squared: 0.5600416064, Validation R-squared: 0.4502861798
2023-11-22 11:22:10,271 - INFO - Epoch 57 : Training Loss: 5.3418931961, Validation Loss: 5.9816765785, Training R-squared: 0.5626748800, Validation R-squared: 0.4484953582
2023-11-22 11:22:25,055 - INFO - Epoch 58 : Training Loss: 5.3243880272, Validation Loss: 5.9674258232, Training R-squared: 0.5659259558, Validation R-squared: 0.4512599707
2023-11-22 11:22:42,912 - INFO - Model saved to models/portion_model/breakfast/512_512_200_64/sparsity_20_fold_2_model.keras
2023-11-22 11:22:48,803 - INFO - Avg Metrics: RMSE: 4.6059524689, R-squared: -0.8709151581, PCC: 0.6805610096
2023-11-22 11:22:48,803 - INFO - Agg Metrics: RMSE: 6.0825465739, R-squared: 0.4436358755, PCC: 0.6686027379
2023-11-22 11:22:55,102 - INFO - ================================================================== Fold 3 ===================================================================
2023-11-22 11:23:18,641 - INFO - Epoch 1  : Training Loss: 7.8437452316, Validation Loss: 7.5669512749, Training R-squared: 0.0689800903, Validation R-squared: 0.1012510434
2023-11-22 11:23:36,252 - INFO - Epoch 2  : Training Loss: 7.4297504425, Validation Loss: 7.1361999512, Training R-squared: 0.1642114520, Validation R-squared: 0.2004747391
2023-11-22 11:23:54,669 - INFO - Epoch 3  : Training Loss: 7.1422572136, Validation Loss: 6.8552484512, Training R-squared: 0.2285102755, Validation R-squared: 0.2631628513
2023-11-22 11:24:11,013 - INFO - Epoch 4  : Training Loss: 6.7257728577, Validation Loss: 6.4044003487, Training R-squared: 0.3151570857, Validation R-squared: 0.3569383919
2023-11-22 11:24:26,826 - INFO - Epoch 5  : Training Loss: 6.4886240959, Validation Loss: 6.3487496376, Training R-squared: 0.3633225262, Validation R-squared: 0.3683868647
2023-11-22 11:24:42,728 - INFO - Epoch 6  : Training Loss: 6.4081406593, Validation Loss: 6.2958550453, Training R-squared: 0.3781034946, Validation R-squared: 0.3790184259
2023-11-22 11:24:58,003 - INFO - Epoch 7  : Training Loss: 6.3445820808, Validation Loss: 6.2463889122, Training R-squared: 0.3920916021, Validation R-squared: 0.3888476193
2023-11-22 11:25:14,161 - INFO - Epoch 8  : Training Loss: 6.3048057556, Validation Loss: 6.2433290482, Training R-squared: 0.3985007703, Validation R-squared: 0.3901618123
2023-11-22 11:25:29,780 - INFO - Epoch 9  : Training Loss: 6.2770500183, Validation Loss: 6.2336196899, Training R-squared: 0.4034363329, Validation R-squared: 0.3912383914
2023-11-22 11:25:45,734 - INFO - Epoch 10 : Training Loss: 6.2601242065, Validation Loss: 6.2313079834, Training R-squared: 0.4078574181, Validation R-squared: 0.3919143081
2023-11-22 11:26:01,030 - INFO - Epoch 11 : Training Loss: 6.2347197533, Validation Loss: 6.2297148705, Training R-squared: 0.4114874303, Validation R-squared: 0.3919417560
2023-11-22 11:26:16,627 - INFO - Epoch 12 : Training Loss: 6.2089405060, Validation Loss: 6.2246146202, Training R-squared: 0.4162176251, Validation R-squared: 0.3928615749
2023-11-22 11:26:32,272 - INFO - Epoch 13 : Training Loss: 6.1822752953, Validation Loss: 6.2053070068, Training R-squared: 0.4221626520, Validation R-squared: 0.3972870708
2023-11-22 11:26:47,773 - INFO - Epoch 14 : Training Loss: 6.1518864632, Validation Loss: 6.1889843941, Training R-squared: 0.4280910492, Validation R-squared: 0.4003229141
2023-11-22 11:27:03,718 - INFO - Epoch 15 : Training Loss: 6.1163883209, Validation Loss: 6.1681122780, Training R-squared: 0.4341839850, Validation R-squared: 0.4048730731
2023-11-22 11:27:19,422 - INFO - Epoch 16 : Training Loss: 6.0793633461, Validation Loss: 6.1552767754, Training R-squared: 0.4401771128, Validation R-squared: 0.4070597589
2023-11-22 11:27:35,196 - INFO - Epoch 17 : Training Loss: 6.0432534218, Validation Loss: 6.1446409225, Training R-squared: 0.4480633438, Validation R-squared: 0.4092304409
2023-11-22 11:27:50,837 - INFO - Epoch 18 : Training Loss: 6.0226817131, Validation Loss: 6.1378049850, Training R-squared: 0.4513406754, Validation R-squared: 0.4102969468
2023-11-22 11:28:06,640 - INFO - Epoch 19 : Training Loss: 5.9942908287, Validation Loss: 6.1229515076, Training R-squared: 0.4557638764, Validation R-squared: 0.4135140181
2023-11-22 11:28:22,338 - INFO - Epoch 20 : Training Loss: 5.9604873657, Validation Loss: 6.1098279953, Training R-squared: 0.4606761336, Validation R-squared: 0.4159775376
2023-11-22 11:28:38,164 - INFO - Epoch 21 : Training Loss: 5.9434328079, Validation Loss: 6.0905442238, Training R-squared: 0.4656886160, Validation R-squared: 0.4198254645
2023-11-22 11:28:54,291 - INFO - Epoch 22 : Training Loss: 5.9140429497, Validation Loss: 6.0950145721, Training R-squared: 0.4705387056, Validation R-squared: 0.4180653691
2023-11-22 11:29:09,838 - INFO - Epoch 23 : Training Loss: 5.8808383942, Validation Loss: 6.0767188072, Training R-squared: 0.4762822390, Validation R-squared: 0.4217886627
2023-11-22 11:29:25,827 - INFO - Epoch 24 : Training Loss: 5.8600258827, Validation Loss: 6.0740938187, Training R-squared: 0.4795558453, Validation R-squared: 0.4221459031
2023-11-22 11:29:41,336 - INFO - Epoch 25 : Training Loss: 5.8377137184, Validation Loss: 6.0369362831, Training R-squared: 0.4836383462, Validation R-squared: 0.4300347567
2023-11-22 11:29:57,224 - INFO - Epoch 26 : Training Loss: 5.8121123314, Validation Loss: 6.0368561745, Training R-squared: 0.4878790081, Validation R-squared: 0.4293594360
2023-11-22 11:30:12,759 - INFO - Epoch 27 : Training Loss: 5.7775540352, Validation Loss: 6.0159649849, Training R-squared: 0.4939335585, Validation R-squared: 0.4338285625
2023-11-22 11:30:29,326 - INFO - Epoch 28 : Training Loss: 5.7717237473, Validation Loss: 6.0136456490, Training R-squared: 0.4958847761, Validation R-squared: 0.4341684282
2023-11-22 11:30:45,881 - INFO - Epoch 29 : Training Loss: 5.7495322227, Validation Loss: 6.0095281601, Training R-squared: 0.4992350042, Validation R-squared: 0.4349559546
2023-11-22 11:31:04,051 - INFO - Epoch 30 : Training Loss: 5.7408208847, Validation Loss: 6.0030303001, Training R-squared: 0.4998250008, Validation R-squared: 0.4365189075
2023-11-22 11:31:19,275 - INFO - Epoch 31 : Training Loss: 5.7198753357, Validation Loss: 6.0114617348, Training R-squared: 0.5034782290, Validation R-squared: 0.4349738955
2023-11-22 11:31:35,563 - INFO - Epoch 32 : Training Loss: 5.7051053047, Validation Loss: 6.0025067329, Training R-squared: 0.5061111450, Validation R-squared: 0.4365272224
2023-11-22 11:31:53,367 - INFO - Epoch 33 : Training Loss: 5.6954159737, Validation Loss: 5.9986624718, Training R-squared: 0.5064853430, Validation R-squared: 0.4371777475
2023-11-22 11:32:10,156 - INFO - Epoch 34 : Training Loss: 5.6744971275, Validation Loss: 5.9920887947, Training R-squared: 0.5109925270, Validation R-squared: 0.4391556382
2023-11-22 11:32:26,610 - INFO - Epoch 35 : Training Loss: 5.6625914574, Validation Loss: 5.9921145439, Training R-squared: 0.5130680203, Validation R-squared: 0.4383099079
2023-11-22 11:32:42,521 - INFO - Epoch 36 : Training Loss: 5.6522583961, Validation Loss: 5.9850540161, Training R-squared: 0.5155362487, Validation R-squared: 0.4394681156
2023-11-22 11:32:58,018 - INFO - Epoch 37 : Training Loss: 5.6395826340, Validation Loss: 5.9786939621, Training R-squared: 0.5177598000, Validation R-squared: 0.4408174157
2023-11-22 11:33:15,865 - INFO - Epoch 38 : Training Loss: 5.6214838028, Validation Loss: 5.9650692940, Training R-squared: 0.5197092295, Validation R-squared: 0.4442067444
2023-11-22 11:33:31,528 - INFO - Epoch 39 : Training Loss: 5.5944724083, Validation Loss: 5.9594163895, Training R-squared: 0.5242562294, Validation R-squared: 0.4452542067
2023-11-22 11:33:48,145 - INFO - Epoch 40 : Training Loss: 5.5840234756, Validation Loss: 5.9507384300, Training R-squared: 0.5263058543, Validation R-squared: 0.4466278255
2023-11-22 11:34:04,764 - INFO - Epoch 41 : Training Loss: 5.5664677620, Validation Loss: 5.9399333000, Training R-squared: 0.5292176008, Validation R-squared: 0.4485163093
2023-11-22 11:34:20,502 - INFO - Epoch 42 : Training Loss: 5.5586304665, Validation Loss: 5.9433255196, Training R-squared: 0.5295510888, Validation R-squared: 0.4478572011
2023-11-22 11:34:36,522 - INFO - Epoch 43 : Training Loss: 5.5372815132, Validation Loss: 5.9396514893, Training R-squared: 0.5337601304, Validation R-squared: 0.4483503401
2023-11-22 11:34:52,870 - INFO - Epoch 44 : Training Loss: 5.5199327469, Validation Loss: 5.9120750427, Training R-squared: 0.5361931324, Validation R-squared: 0.4538127184
2023-11-22 11:35:09,887 - INFO - Epoch 45 : Training Loss: 5.5020489693, Validation Loss: 5.9158973694, Training R-squared: 0.5395248532, Validation R-squared: 0.4530181587
2023-11-22 11:35:25,686 - INFO - Epoch 46 : Training Loss: 5.4848017693, Validation Loss: 5.9060692787, Training R-squared: 0.5417988896, Validation R-squared: 0.4548109770
2023-11-22 11:35:40,766 - INFO - Epoch 47 : Training Loss: 5.4683876038, Validation Loss: 5.9045805931, Training R-squared: 0.5456732512, Validation R-squared: 0.4550622106
2023-11-22 11:35:55,554 - INFO - Epoch 48 : Training Loss: 5.4436321259, Validation Loss: 5.8981914520, Training R-squared: 0.5490527749, Validation R-squared: 0.4564179778
2023-11-22 11:36:10,362 - INFO - Epoch 49 : Training Loss: 5.4387288094, Validation Loss: 5.8972225189, Training R-squared: 0.5489329696, Validation R-squared: 0.4561980069
2023-11-22 11:36:25,559 - INFO - Epoch 50 : Training Loss: 5.4189205170, Validation Loss: 5.8907976151, Training R-squared: 0.5525174737, Validation R-squared: 0.4572912753
2023-11-22 11:36:40,251 - INFO - Epoch 51 : Training Loss: 5.4004702568, Validation Loss: 5.8759374619, Training R-squared: 0.5544663668, Validation R-squared: 0.4604018629
2023-11-22 11:36:55,431 - INFO - Epoch 52 : Training Loss: 5.3884377480, Validation Loss: 5.8783740997, Training R-squared: 0.5574982762, Validation R-squared: 0.4597963691
2023-11-22 11:37:10,212 - INFO - Epoch 53 : Training Loss: 5.3608283997, Validation Loss: 5.8667945862, Training R-squared: 0.5612392426, Validation R-squared: 0.4616648853
2023-11-22 11:37:25,161 - INFO - Epoch 54 : Training Loss: 5.3536629677, Validation Loss: 5.8760995865, Training R-squared: 0.5628242493, Validation R-squared: 0.4601977170
2023-11-22 11:37:40,105 - INFO - Epoch 55 : Training Loss: 5.3450851440, Validation Loss: 5.8695950508, Training R-squared: 0.5641038418, Validation R-squared: 0.4610798061
2023-11-22 11:37:54,812 - INFO - Epoch 56 : Training Loss: 5.3378219604, Validation Loss: 5.8623409271, Training R-squared: 0.5648943186, Validation R-squared: 0.4624503255
2023-11-22 11:38:09,803 - INFO - Epoch 57 : Training Loss: 5.3200006485, Validation Loss: 5.8509950638, Training R-squared: 0.5676686764, Validation R-squared: 0.4646717608
2023-11-22 11:38:25,034 - INFO - Epoch 58 : Training Loss: 5.3033070564, Validation Loss: 5.8831691742, Training R-squared: 0.5699512362, Validation R-squared: 0.4583579898
2023-11-22 11:38:39,611 - INFO - Epoch 59 : Training Loss: 5.2884197235, Validation Loss: 5.8629918098, Training R-squared: 0.5719385147, Validation R-squared: 0.4619721472
2023-11-22 11:38:54,871 - INFO - Epoch 60 : Training Loss: 5.2787137032, Validation Loss: 5.8734135628, Training R-squared: 0.5737410784, Validation R-squared: 0.4595831037
2023-11-22 11:39:10,206 - INFO - Epoch 61 : Training Loss: 5.2717866898, Validation Loss: 5.8418354988, Training R-squared: 0.5753909349, Validation R-squared: 0.4660702348
2023-11-22 11:39:26,301 - INFO - Epoch 62 : Training Loss: 5.2556228638, Validation Loss: 5.8192596436, Training R-squared: 0.5771077871, Validation R-squared: 0.4703604579
2023-11-22 11:39:42,013 - INFO - Epoch 63 : Training Loss: 5.2407741547, Validation Loss: 5.8264822960, Training R-squared: 0.5788632035, Validation R-squared: 0.4691312611
2023-11-22 11:39:57,043 - INFO - Epoch 64 : Training Loss: 5.2246389389, Validation Loss: 5.8198380470, Training R-squared: 0.5811501741, Validation R-squared: 0.4704284072
2023-11-22 11:40:11,975 - INFO - Epoch 65 : Training Loss: 5.2128596306, Validation Loss: 5.8510432243, Training R-squared: 0.5835075378, Validation R-squared: 0.4642882049
2023-11-22 11:40:27,348 - INFO - Epoch 66 : Training Loss: 5.1992936134, Validation Loss: 5.8335299492, Training R-squared: 0.5858753324, Validation R-squared: 0.4675905108
2023-11-22 11:40:43,853 - INFO - Epoch 67 : Training Loss: 5.1765542030, Validation Loss: 5.8329958916, Training R-squared: 0.5888646245, Validation R-squared: 0.4675483406
2023-11-22 11:41:03,683 - INFO - Model saved to models/portion_model/breakfast/512_512_200_64/sparsity_20_fold_3_model.keras
2023-11-22 11:41:08,886 - INFO - Avg Metrics: RMSE: 4.5181074959, R-squared: -0.1538069617, PCC: 0.6957369466
2023-11-22 11:41:08,886 - INFO - Agg Metrics: RMSE: 5.9567448907, R-squared: 0.4557369816, PCC: 0.6774692092
2023-11-22 11:41:16,406 - INFO - ================================================================== Fold 4 ===================================================================
2023-11-22 11:41:41,357 - INFO - Epoch 1  : Training Loss: 7.8142223358, Validation Loss: 7.6455845833, Training R-squared: 0.0680359975, Validation R-squared: 0.0997528881
2023-11-22 11:41:57,965 - INFO - Epoch 2  : Training Loss: 7.4126625061, Validation Loss: 7.2025604248, Training R-squared: 0.1628295481, Validation R-squared: 0.2013062388
2023-11-22 11:42:14,644 - INFO - Epoch 3  : Training Loss: 7.1250429153, Validation Loss: 6.8984928131, Training R-squared: 0.2275148630, Validation R-squared: 0.2677673101
2023-11-22 11:42:31,819 - INFO - Epoch 4  : Training Loss: 6.6737875938, Validation Loss: 6.4559216499, Training R-squared: 0.3220310509, Validation R-squared: 0.3585992455
2023-11-22 11:42:48,327 - INFO - Epoch 5  : Training Loss: 6.4776301384, Validation Loss: 6.3935146332, Training R-squared: 0.3619711697, Validation R-squared: 0.3708887100
2023-11-22 11:43:05,731 - INFO - Epoch 6  : Training Loss: 6.3797006607, Validation Loss: 6.3184151649, Training R-squared: 0.3815268874, Validation R-squared: 0.3862052262
2023-11-22 11:43:22,764 - INFO - Epoch 7  : Training Loss: 6.3212227821, Validation Loss: 6.3050298691, Training R-squared: 0.3918104172, Validation R-squared: 0.3884875476
2023-11-22 11:43:41,555 - INFO - Epoch 8  : Training Loss: 6.2947368622, Validation Loss: 6.2993955612, Training R-squared: 0.3962402940, Validation R-squared: 0.3898321986
2023-11-22 11:43:59,140 - INFO - Epoch 9  : Training Loss: 6.2712693214, Validation Loss: 6.2935385704, Training R-squared: 0.4026988745, Validation R-squared: 0.3904525936
2023-11-22 11:44:16,730 - INFO - Epoch 10 : Training Loss: 6.2470755577, Validation Loss: 6.2848124504, Training R-squared: 0.4064137638, Validation R-squared: 0.3929876387
2023-11-22 11:44:35,097 - INFO - Epoch 11 : Training Loss: 6.2342424393, Validation Loss: 6.2836904526, Training R-squared: 0.4097386599, Validation R-squared: 0.3930890560
2023-11-22 11:44:53,341 - INFO - Epoch 12 : Training Loss: 6.1987447739, Validation Loss: 6.2683706284, Training R-squared: 0.4159471691, Validation R-squared: 0.3961226940
2023-11-22 11:45:11,085 - INFO - Epoch 13 : Training Loss: 6.1659250259, Validation Loss: 6.2622137070, Training R-squared: 0.4221041799, Validation R-squared: 0.3975175023
2023-11-22 11:45:28,321 - INFO - Epoch 14 : Training Loss: 6.1234078407, Validation Loss: 6.2253465652, Training R-squared: 0.4284833670, Validation R-squared: 0.4044532478
2023-11-22 11:45:44,132 - INFO - Epoch 15 : Training Loss: 6.0895767212, Validation Loss: 6.2226982117, Training R-squared: 0.4356918931, Validation R-squared: 0.4041908979
2023-11-22 11:46:00,056 - INFO - Epoch 16 : Training Loss: 6.0647177696, Validation Loss: 6.1906924248, Training R-squared: 0.4404599369, Validation R-squared: 0.4113763273
2023-11-22 11:46:15,761 - INFO - Epoch 17 : Training Loss: 6.0261259079, Validation Loss: 6.1687655449, Training R-squared: 0.4495197535, Validation R-squared: 0.4153897166
2023-11-22 11:46:31,403 - INFO - Epoch 18 : Training Loss: 5.9777712822, Validation Loss: 6.1375465393, Training R-squared: 0.4549601674, Validation R-squared: 0.4215851426
2023-11-22 11:46:47,096 - INFO - Epoch 19 : Training Loss: 5.9392046928, Validation Loss: 6.1150307655, Training R-squared: 0.4634746909, Validation R-squared: 0.4258388877
2023-11-22 11:47:02,242 - INFO - Epoch 20 : Training Loss: 5.9197983742, Validation Loss: 6.1028718948, Training R-squared: 0.4680165648, Validation R-squared: 0.4282117188
2023-11-22 11:47:17,554 - INFO - Epoch 21 : Training Loss: 5.8787708282, Validation Loss: 6.0954389572, Training R-squared: 0.4731058776, Validation R-squared: 0.4293798506
2023-11-22 11:47:32,341 - INFO - Epoch 22 : Training Loss: 5.8686079979, Validation Loss: 6.0908670425, Training R-squared: 0.4755461514, Validation R-squared: 0.4307887554
2023-11-22 11:47:47,444 - INFO - Epoch 23 : Training Loss: 5.8426361084, Validation Loss: 6.0822849274, Training R-squared: 0.4806738794, Validation R-squared: 0.4319104254
2023-11-22 11:48:02,670 - INFO - Epoch 24 : Training Loss: 5.8158226013, Validation Loss: 6.0746932030, Training R-squared: 0.4855789542, Validation R-squared: 0.4333051443
2023-11-22 11:48:17,649 - INFO - Epoch 25 : Training Loss: 5.7874698639, Validation Loss: 6.0722727776, Training R-squared: 0.4900041819, Validation R-squared: 0.4336570203
2023-11-22 11:48:32,582 - INFO - Epoch 26 : Training Loss: 5.7701244354, Validation Loss: 6.0594029427, Training R-squared: 0.4928285480, Validation R-squared: 0.4362337291
2023-11-22 11:48:47,688 - INFO - Epoch 27 : Training Loss: 5.7443337440, Validation Loss: 6.0570526123, Training R-squared: 0.4981037676, Validation R-squared: 0.4364652932
2023-11-22 11:49:02,880 - INFO - Epoch 28 : Training Loss: 5.7262096405, Validation Loss: 6.0550866127, Training R-squared: 0.5010004044, Validation R-squared: 0.4366203845
2023-11-22 11:49:17,892 - INFO - Epoch 29 : Training Loss: 5.7137713432, Validation Loss: 6.0417485237, Training R-squared: 0.5020608902, Validation R-squared: 0.4400020540
2023-11-22 11:49:34,866 - INFO - Epoch 30 : Training Loss: 5.6929430962, Validation Loss: 6.0419993401, Training R-squared: 0.5064182878, Validation R-squared: 0.4396286905
2023-11-22 11:49:53,374 - INFO - Epoch 31 : Training Loss: 5.6752109528, Validation Loss: 6.0396819115, Training R-squared: 0.5079743862, Validation R-squared: 0.4404103458
2023-11-22 11:50:12,748 - INFO - Epoch 32 : Training Loss: 5.6599054337, Validation Loss: 6.0345773697, Training R-squared: 0.5116838217, Validation R-squared: 0.4408314228
2023-11-22 11:50:30,798 - INFO - Epoch 33 : Training Loss: 5.6439609528, Validation Loss: 6.0323066711, Training R-squared: 0.5139834881, Validation R-squared: 0.4409420490
2023-11-22 11:50:47,522 - INFO - Epoch 34 : Training Loss: 5.6303853989, Validation Loss: 6.0457835197, Training R-squared: 0.5167372823, Validation R-squared: 0.4375444353
2023-11-22 11:51:02,784 - INFO - Epoch 35 : Training Loss: 5.6122322083, Validation Loss: 6.0141191483, Training R-squared: 0.5196387172, Validation R-squared: 0.4448188543
2023-11-22 11:51:17,626 - INFO - Epoch 36 : Training Loss: 5.6000475883, Validation Loss: 6.0248084068, Training R-squared: 0.5217081904, Validation R-squared: 0.4419173002
2023-11-22 11:51:32,249 - INFO - Epoch 37 : Training Loss: 5.5705857277, Validation Loss: 6.0047936440, Training R-squared: 0.5265721679, Validation R-squared: 0.4459300339
2023-11-22 11:51:47,523 - INFO - Epoch 38 : Training Loss: 5.5673131943, Validation Loss: 6.0052824020, Training R-squared: 0.5269010067, Validation R-squared: 0.4456487298
2023-11-22 11:52:03,754 - INFO - Epoch 39 : Training Loss: 5.5540843010, Validation Loss: 6.0148835182, Training R-squared: 0.5306845903, Validation R-squared: 0.4436611533
2023-11-22 11:52:19,242 - INFO - Epoch 40 : Training Loss: 5.5355482101, Validation Loss: 6.0006232262, Training R-squared: 0.5321399570, Validation R-squared: 0.4470064640
2023-11-22 11:52:34,629 - INFO - Epoch 41 : Training Loss: 5.5147619247, Validation Loss: 5.9823522568, Training R-squared: 0.5354906917, Validation R-squared: 0.4498171508
2023-11-22 11:52:49,925 - INFO - Epoch 42 : Training Loss: 5.4948163033, Validation Loss: 5.9788928032, Training R-squared: 0.5390212536, Validation R-squared: 0.4507925212
2023-11-22 11:53:05,059 - INFO - Epoch 43 : Training Loss: 5.4749259949, Validation Loss: 5.9786291122, Training R-squared: 0.5409792662, Validation R-squared: 0.4502832890
2023-11-22 11:53:22,150 - INFO - Epoch 44 : Training Loss: 5.4594106674, Validation Loss: 5.9648990631, Training R-squared: 0.5452548265, Validation R-squared: 0.4532549381
2023-11-22 11:53:37,409 - INFO - Epoch 45 : Training Loss: 5.4345841408, Validation Loss: 5.9611916542, Training R-squared: 0.5477700830, Validation R-squared: 0.4536753595
2023-11-22 11:53:54,052 - INFO - Epoch 46 : Training Loss: 5.4211468697, Validation Loss: 5.9720354080, Training R-squared: 0.5502165556, Validation R-squared: 0.4518976212
2023-11-22 11:54:11,048 - INFO - Epoch 47 : Training Loss: 5.4050850868, Validation Loss: 5.9607133865, Training R-squared: 0.5526230931, Validation R-squared: 0.4537184834
2023-11-22 11:54:27,811 - INFO - Epoch 48 : Training Loss: 5.3840456009, Validation Loss: 5.9518976212, Training R-squared: 0.5561509132, Validation R-squared: 0.4559980631
2023-11-22 11:54:43,293 - INFO - Epoch 49 : Training Loss: 5.3717098236, Validation Loss: 5.9581589699, Training R-squared: 0.5574547648, Validation R-squared: 0.4536541998
2023-11-22 11:54:58,526 - INFO - Epoch 50 : Training Loss: 5.3668513298, Validation Loss: 5.9687657356, Training R-squared: 0.5591151118, Validation R-squared: 0.4512723386
2023-11-22 11:55:15,911 - INFO - Epoch 51 : Training Loss: 5.3478136063, Validation Loss: 5.9594082832, Training R-squared: 0.5629959106, Validation R-squared: 0.4534165859
2023-11-22 11:55:31,475 - INFO - Epoch 52 : Training Loss: 5.3326392174, Validation Loss: 5.9742512703, Training R-squared: 0.5639256835, Validation R-squared: 0.4499778748
2023-11-22 11:55:46,102 - INFO - Epoch 53 : Training Loss: 5.3169627190, Validation Loss: 5.9604825974, Training R-squared: 0.5664156079, Validation R-squared: 0.4527256787
2023-11-22 11:56:05,027 - INFO - Model saved to models/portion_model/breakfast/512_512_200_64/sparsity_20_fold_4_model.keras
2023-11-22 11:56:11,369 - INFO - Avg Metrics: RMSE: 4.5749812435, R-squared: -0.6232398212, PCC: 0.6840912127
2023-11-22 11:56:11,369 - INFO - Agg Metrics: RMSE: 6.0744268972, R-squared: 0.4458447424, PCC: 0.6681451591
2023-11-22 11:56:17,674 - INFO - ================================================================== Fold 5 ===================================================================
2023-11-22 11:56:38,656 - INFO - Epoch 1  : Training Loss: 7.7718329430, Validation Loss: 7.8401861191, Training R-squared: 0.0699338391, Validation R-squared: 0.0962150395
2023-11-22 11:56:53,806 - INFO - Epoch 2  : Training Loss: 7.3471145630, Validation Loss: 7.4002871513, Training R-squared: 0.1693921685, Validation R-squared: 0.1954181641
2023-11-22 11:57:08,798 - INFO - Epoch 3  : Training Loss: 7.0613927841, Validation Loss: 7.1324377060, Training R-squared: 0.2337698191, Validation R-squared: 0.2531186938
2023-11-22 11:57:23,995 - INFO - Epoch 4  : Training Loss: 6.7213363647, Validation Loss: 6.6752157211, Training R-squared: 0.3053448796, Validation R-squared: 0.3463480771
2023-11-22 11:57:40,473 - INFO - Epoch 5  : Training Loss: 6.3874740601, Validation Loss: 6.5940403938, Training R-squared: 0.3722800016, Validation R-squared: 0.3620027900
2023-11-22 11:57:57,282 - INFO - Epoch 6  : Training Loss: 6.3089666367, Validation Loss: 6.5383143425, Training R-squared: 0.3883888125, Validation R-squared: 0.3725806177
2023-11-22 11:58:13,216 - INFO - Epoch 7  : Training Loss: 6.2599053383, Validation Loss: 6.5210981369, Training R-squared: 0.3990821540, Validation R-squared: 0.3761580288
2023-11-22 11:58:29,415 - INFO - Epoch 8  : Training Loss: 6.2282061577, Validation Loss: 6.5105829239, Training R-squared: 0.4031457305, Validation R-squared: 0.3784628808
2023-11-22 11:58:44,744 - INFO - Epoch 9  : Training Loss: 6.1994271278, Validation Loss: 6.5044665337, Training R-squared: 0.4095523953, Validation R-squared: 0.3796266317
2023-11-22 11:59:00,040 - INFO - Epoch 10 : Training Loss: 6.1839756966, Validation Loss: 6.4936347008, Training R-squared: 0.4118892848, Validation R-squared: 0.3813005388
2023-11-22 11:59:14,441 - INFO - Epoch 11 : Training Loss: 6.1676254272, Validation Loss: 6.4977211952, Training R-squared: 0.4167336524, Validation R-squared: 0.3804978728
2023-11-22 11:59:28,795 - INFO - Epoch 12 : Training Loss: 6.1426296234, Validation Loss: 6.4839997292, Training R-squared: 0.4193068743, Validation R-squared: 0.3834806681
2023-11-22 11:59:43,168 - INFO - Epoch 13 : Training Loss: 6.1172156334, Validation Loss: 6.4603500366, Training R-squared: 0.4247101247, Validation R-squared: 0.3875559866
2023-11-22 11:59:57,534 - INFO - Epoch 14 : Training Loss: 6.0863413811, Validation Loss: 6.4481797218, Training R-squared: 0.4308330417, Validation R-squared: 0.3897688091
2023-11-22 12:00:11,953 - INFO - Epoch 15 : Training Loss: 6.0611710548, Validation Loss: 6.4361710548, Training R-squared: 0.4355388582, Validation R-squared: 0.3919129074
2023-11-22 12:00:26,525 - INFO - Epoch 16 : Training Loss: 6.0349483490, Validation Loss: 6.4168577194, Training R-squared: 0.4404401779, Validation R-squared: 0.3958110213
2023-11-22 12:00:41,166 - INFO - Epoch 17 : Training Loss: 6.0045275688, Validation Loss: 6.4030623436, Training R-squared: 0.4452273548, Validation R-squared: 0.3988552988
2023-11-22 12:00:55,733 - INFO - Epoch 18 : Training Loss: 5.9686765671, Validation Loss: 6.3852758408, Training R-squared: 0.4530048370, Validation R-squared: 0.4019162059
2023-11-22 12:01:10,080 - INFO - Epoch 19 : Training Loss: 5.9485301971, Validation Loss: 6.3692193031, Training R-squared: 0.4571855664, Validation R-squared: 0.4044910669
2023-11-22 12:01:24,728 - INFO - Epoch 20 : Training Loss: 5.9116969109, Validation Loss: 6.3418817520, Training R-squared: 0.4622367024, Validation R-squared: 0.4103036821
2023-11-22 12:01:39,403 - INFO - Epoch 21 : Training Loss: 5.8780989647, Validation Loss: 6.3157944679, Training R-squared: 0.4684816897, Validation R-squared: 0.4151346385
2023-11-22 12:01:53,883 - INFO - Epoch 22 : Training Loss: 5.8413248062, Validation Loss: 6.2949109077, Training R-squared: 0.4750258625, Validation R-squared: 0.4194380641
2023-11-22 12:02:08,322 - INFO - Epoch 23 : Training Loss: 5.8016648293, Validation Loss: 6.2762908936, Training R-squared: 0.4813351333, Validation R-squared: 0.4223753512
2023-11-22 12:02:22,884 - INFO - Epoch 24 : Training Loss: 5.7873682976, Validation Loss: 6.2718443871, Training R-squared: 0.4861983061, Validation R-squared: 0.4226956069
2023-11-22 12:02:37,518 - INFO - Epoch 25 : Training Loss: 5.7606258392, Validation Loss: 6.2603683472, Training R-squared: 0.4900725782, Validation R-squared: 0.4249998927
2023-11-22 12:02:51,838 - INFO - Epoch 26 : Training Loss: 5.7506756783, Validation Loss: 6.2558536530, Training R-squared: 0.4908798039, Validation R-squared: 0.4262949526
2023-11-22 12:03:06,177 - INFO - Epoch 27 : Training Loss: 5.7297077179, Validation Loss: 6.2550272942, Training R-squared: 0.4943642914, Validation R-squared: 0.4260474145
2023-11-22 12:03:21,129 - INFO - Epoch 28 : Training Loss: 5.7173314095, Validation Loss: 6.2441005707, Training R-squared: 0.4966275990, Validation R-squared: 0.4284719527
2023-11-22 12:03:35,567 - INFO - Epoch 29 : Training Loss: 5.7054281235, Validation Loss: 6.2523436546, Training R-squared: 0.4989323318, Validation R-squared: 0.4261035025
2023-11-22 12:03:50,697 - INFO - Epoch 30 : Training Loss: 5.6843423843, Validation Loss: 6.2362909317, Training R-squared: 0.5021800399, Validation R-squared: 0.4294342101
2023-11-22 12:04:05,591 - INFO - Epoch 31 : Training Loss: 5.6702060699, Validation Loss: 6.2295370102, Training R-squared: 0.5057270527, Validation R-squared: 0.4309062362
2023-11-22 12:04:20,703 - INFO - Epoch 32 : Training Loss: 5.6532106400, Validation Loss: 6.2256736755, Training R-squared: 0.5077363253, Validation R-squared: 0.4313868284
2023-11-22 12:04:35,192 - INFO - Epoch 33 : Training Loss: 5.6327638626, Validation Loss: 6.2168531418, Training R-squared: 0.5099844933, Validation R-squared: 0.4335260689
2023-11-22 12:04:50,036 - INFO - Epoch 34 : Training Loss: 5.6235346794, Validation Loss: 6.2277803421, Training R-squared: 0.5129908919, Validation R-squared: 0.4307922423
2023-11-22 12:05:05,133 - INFO - Epoch 35 : Training Loss: 5.6093406677, Validation Loss: 6.2019772530, Training R-squared: 0.5153933764, Validation R-squared: 0.4359761477
2023-11-22 12:05:22,122 - INFO - Epoch 36 : Training Loss: 5.5770945549, Validation Loss: 6.2106270790, Training R-squared: 0.5195435882, Validation R-squared: 0.4340282977
2023-11-22 12:05:39,696 - INFO - Epoch 37 : Training Loss: 5.5811328888, Validation Loss: 6.2090053558, Training R-squared: 0.5189411044, Validation R-squared: 0.4346775413
2023-11-22 12:05:54,992 - INFO - Epoch 38 : Training Loss: 5.5603871346, Validation Loss: 6.2017893791, Training R-squared: 0.5231256485, Validation R-squared: 0.4357525110
2023-11-22 12:06:09,710 - INFO - Epoch 39 : Training Loss: 5.5490369797, Validation Loss: 6.1819567680, Training R-squared: 0.5261580348, Validation R-squared: 0.4392818213
2023-11-22 12:06:24,525 - INFO - Epoch 40 : Training Loss: 5.5311560631, Validation Loss: 6.1902375221, Training R-squared: 0.5284183621, Validation R-squared: 0.4374473691
2023-11-22 12:06:38,949 - INFO - Epoch 41 : Training Loss: 5.5123696327, Validation Loss: 6.1860175133, Training R-squared: 0.5319107771, Validation R-squared: 0.4387611747
2023-11-22 12:06:54,079 - INFO - Epoch 42 : Training Loss: 5.5003080368, Validation Loss: 6.1639728546, Training R-squared: 0.5339983702, Validation R-squared: 0.4426181018
2023-11-22 12:07:08,910 - INFO - Epoch 43 : Training Loss: 5.4803204536, Validation Loss: 6.1773557663, Training R-squared: 0.5361157656, Validation R-squared: 0.4399437010
2023-11-22 12:07:24,109 - INFO - Epoch 44 : Training Loss: 5.4714741707, Validation Loss: 6.1662054062, Training R-squared: 0.5370550156, Validation R-squared: 0.4422263205
2023-11-22 12:07:39,384 - INFO - Epoch 45 : Training Loss: 5.4448885918, Validation Loss: 6.1568489075, Training R-squared: 0.5423974991, Validation R-squared: 0.4437566996
2023-11-22 12:07:55,813 - INFO - Epoch 46 : Training Loss: 5.4362297058, Validation Loss: 6.1455621719, Training R-squared: 0.5439672470, Validation R-squared: 0.4460244477
2023-11-22 12:08:12,130 - INFO - Epoch 47 : Training Loss: 5.4199948311, Validation Loss: 6.1768245697, Training R-squared: 0.5466115475, Validation R-squared: 0.4392369092
2023-11-22 12:08:29,907 - INFO - Epoch 48 : Training Loss: 5.4059967995, Validation Loss: 6.1675887108, Training R-squared: 0.5481814146, Validation R-squared: 0.4410830736
2023-11-22 12:08:47,219 - INFO - Epoch 49 : Training Loss: 5.3924679756, Validation Loss: 6.1596636772, Training R-squared: 0.5497327447, Validation R-squared: 0.4422982335
2023-11-22 12:09:04,547 - INFO - Epoch 50 : Training Loss: 5.3680772781, Validation Loss: 6.1350960732, Training R-squared: 0.5548362136, Validation R-squared: 0.4476071596
2023-11-22 12:09:19,709 - INFO - Epoch 51 : Training Loss: 5.3593039513, Validation Loss: 6.1570296288, Training R-squared: 0.5551064014, Validation R-squared: 0.4430682659
2023-11-22 12:09:36,197 - INFO - Epoch 52 : Training Loss: 5.3364229202, Validation Loss: 6.1355266571, Training R-squared: 0.5593180656, Validation R-squared: 0.4469936192
2023-11-22 12:09:50,978 - INFO - Epoch 53 : Training Loss: 5.3175282478, Validation Loss: 6.1350317001, Training R-squared: 0.5624705553, Validation R-squared: 0.4469139278
2023-11-22 12:10:06,236 - INFO - Epoch 54 : Training Loss: 5.3204565048, Validation Loss: 6.1268115044, Training R-squared: 0.5625541210, Validation R-squared: 0.4490118027
2023-11-22 12:10:22,769 - INFO - Epoch 55 : Training Loss: 5.2983064651, Validation Loss: 6.1201024055, Training R-squared: 0.5660207272, Validation R-squared: 0.4501556158
2023-11-22 12:10:39,058 - INFO - Epoch 56 : Training Loss: 5.2912540436, Validation Loss: 6.1211133003, Training R-squared: 0.5680975914, Validation R-squared: 0.4496348500
2023-11-22 12:10:55,394 - INFO - Epoch 57 : Training Loss: 5.2726736069, Validation Loss: 6.1232385635, Training R-squared: 0.5694387555, Validation R-squared: 0.4491134584
2023-11-22 12:11:12,485 - INFO - Epoch 58 : Training Loss: 5.2563591003, Validation Loss: 6.1170845032, Training R-squared: 0.5714259744, Validation R-squared: 0.4499619007
2023-11-22 12:11:28,211 - INFO - Epoch 59 : Training Loss: 5.2485404015, Validation Loss: 6.1218671799, Training R-squared: 0.5728981495, Validation R-squared: 0.4489217401
2023-11-22 12:11:42,731 - INFO - Epoch 60 : Training Loss: 5.2315649986, Validation Loss: 6.1257085800, Training R-squared: 0.5763107538, Validation R-squared: 0.4481713772
2023-11-22 12:11:57,085 - INFO - Epoch 61 : Training Loss: 5.2212767601, Validation Loss: 6.1272125244, Training R-squared: 0.5769809484, Validation R-squared: 0.4479139149
2023-11-22 12:12:11,750 - INFO - Epoch 62 : Training Loss: 5.2018275261, Validation Loss: 6.1159219742, Training R-squared: 0.5806964636, Validation R-squared: 0.4499121606
2023-11-22 12:12:27,168 - INFO - Epoch 63 : Training Loss: 5.2008595467, Validation Loss: 6.1128950119, Training R-squared: 0.5799978971, Validation R-squared: 0.4504592419
2023-11-22 12:12:43,555 - INFO - Epoch 64 : Training Loss: 5.1750936508, Validation Loss: 6.1060223579, Training R-squared: 0.5844699144, Validation R-squared: 0.4513137043
2023-11-22 12:12:59,689 - INFO - Epoch 65 : Training Loss: 5.1683764458, Validation Loss: 6.1038398743, Training R-squared: 0.5856317282, Validation R-squared: 0.4516214132
2023-11-22 12:13:15,660 - INFO - Epoch 66 : Training Loss: 5.1569695473, Validation Loss: 6.0959062576, Training R-squared: 0.5864937901, Validation R-squared: 0.4530279636
2023-11-22 12:13:31,853 - INFO - Epoch 67 : Training Loss: 5.1431589127, Validation Loss: 6.0970201492, Training R-squared: 0.5894629359, Validation R-squared: 0.4522037804
2023-11-22 12:13:48,289 - INFO - Epoch 68 : Training Loss: 5.1295857430, Validation Loss: 6.0977954865, Training R-squared: 0.5913109779, Validation R-squared: 0.4526500106
2023-11-22 12:14:07,186 - INFO - Epoch 69 : Training Loss: 5.1125011444, Validation Loss: 6.1002416611, Training R-squared: 0.5935874581, Validation R-squared: 0.4515759349
2023-11-22 12:14:23,056 - INFO - Epoch 70 : Training Loss: 5.0965237617, Validation Loss: 6.0857453346, Training R-squared: 0.5954224467, Validation R-squared: 0.4548109770
2023-11-22 12:14:38,483 - INFO - Epoch 71 : Training Loss: 5.0859580040, Validation Loss: 6.1145391464, Training R-squared: 0.5976994634, Validation R-squared: 0.4492072165
2023-11-22 12:14:53,273 - INFO - Epoch 72 : Training Loss: 5.0733828545, Validation Loss: 6.1207981110, Training R-squared: 0.5994803309, Validation R-squared: 0.4474166632
2023-11-22 12:15:08,729 - INFO - Epoch 73 : Training Loss: 5.0658726692, Validation Loss: 6.1099543571, Training R-squared: 0.5996740460, Validation R-squared: 0.4496683180
2023-11-22 12:15:25,186 - INFO - Epoch 74 : Training Loss: 5.0550675392, Validation Loss: 6.0965728760, Training R-squared: 0.6027723551, Validation R-squared: 0.4521312714
2023-11-22 12:15:42,262 - INFO - Epoch 75 : Training Loss: 5.0432333946, Validation Loss: 6.0830378532, Training R-squared: 0.6041716337, Validation R-squared: 0.4545996487
2023-11-22 12:15:58,809 - INFO - Epoch 76 : Training Loss: 5.0308694839, Validation Loss: 6.1074247360, Training R-squared: 0.6056569219, Validation R-squared: 0.4501493275
2023-11-22 12:16:15,707 - INFO - Epoch 77 : Training Loss: 5.0242867470, Validation Loss: 6.1168785095, Training R-squared: 0.6067206264, Validation R-squared: 0.4475240111
2023-11-22 12:16:33,059 - INFO - Epoch 78 : Training Loss: 5.0065650940, Validation Loss: 6.0987873077, Training R-squared: 0.6098962426, Validation R-squared: 0.4509796798
2023-11-22 12:16:47,972 - INFO - Epoch 79 : Training Loss: 4.9977130890, Validation Loss: 6.0724964142, Training R-squared: 0.6107401252, Validation R-squared: 0.4564176798
2023-11-22 12:17:03,280 - INFO - Epoch 80 : Training Loss: 4.9797096252, Validation Loss: 6.1143889427, Training R-squared: 0.6135096550, Validation R-squared: 0.4479265511
2023-11-22 12:17:19,464 - INFO - Epoch 81 : Training Loss: 4.9750423431, Validation Loss: 6.1275024414, Training R-squared: 0.6136530638, Validation R-squared: 0.4450365901
2023-11-22 12:17:35,568 - INFO - Epoch 82 : Training Loss: 4.9680919647, Validation Loss: 6.1207146645, Training R-squared: 0.6146371961, Validation R-squared: 0.4462713003
2023-11-22 12:17:51,588 - INFO - Epoch 83 : Training Loss: 4.9539823532, Validation Loss: 6.1006531715, Training R-squared: 0.6161700487, Validation R-squared: 0.4499177337
2023-11-22 12:18:06,709 - INFO - Epoch 84 : Training Loss: 4.9366736412, Validation Loss: 6.1825819016, Training R-squared: 0.6184806228, Validation R-squared: 0.4338274300
2023-11-22 12:18:25,571 - INFO - Model saved to models/portion_model/breakfast/512_512_200_64/sparsity_20_fold_5_model.keras
2023-11-22 12:18:31,950 - INFO - Avg Metrics: RMSE: 4.5822289829, R-squared: -0.0869808529, PCC: 0.7078755847
2023-11-22 12:18:31,950 - INFO - Agg Metrics: RMSE: 6.2174537552, R-squared: 0.4444839234, PCC: 0.6711911786
2023-11-22 12:18:49,732 - INFO - ================================================================== Results Summary ===================================================================
2023-11-22 12:18:49,733 - INFO - CrossVal Metrics (Avg.) - RMSE: 4.5698642600  0.0288564685, R2: -0.3481249511  0.0288564685, PCC: 0.6928249746  0.0288564685
2023-11-22 12:18:49,733 - INFO - Testing  Metrics (Avg.) - RMSE: 4.5764268743, R2: 0.0070631776, PCC: 0.6912549231
2023-11-22 12:18:49,733 - INFO - CrossVal Metrics (Agg.) - RMSE: 6.1026352042  0.0288564685, R2: 0.4453159050  0.0288564685, PCC: 0.6698250717  0.0288564685
2023-11-22 12:18:49,733 - INFO - Testing  Metrics (Agg.) - RMSE: 6.3448026964, R2: 0.4336322348, PCC: 0.6600943425
