2023-11-22 20:07:54,810 - INFO - Training model at 60% sparse columns removed...
2023-11-22 20:08:02,673 - INFO - ================================================================== Fold 1 ===================================================================
2023-11-22 20:08:14,663 - INFO - Epoch 1  : Training Loss: 10.9011068344, Validation Loss: 11.0324974060, Training R-squared: 0.0701755211, Validation R-squared: 0.0934632868
2023-11-22 20:08:22,684 - INFO - Epoch 2  : Training Loss: 10.3295583725, Validation Loss: 10.3245725632, Training R-squared: 0.1639093757, Validation R-squared: 0.2080672681
2023-11-22 20:08:32,456 - INFO - Epoch 3  : Training Loss: 9.5784463882, Validation Loss: 9.3761606216, Training R-squared: 0.2825415134, Validation R-squared: 0.3483587205
2023-11-22 20:08:40,555 - INFO - Epoch 4  : Training Loss: 9.0066146851, Validation Loss: 9.2186594009, Training R-squared: 0.3655494153, Validation R-squared: 0.3704238832
2023-11-22 20:08:49,673 - INFO - Epoch 5  : Training Loss: 8.8875503540, Validation Loss: 9.1200513840, Training R-squared: 0.3841426671, Validation R-squared: 0.3845290542
2023-11-22 20:08:57,703 - INFO - Epoch 6  : Training Loss: 8.7491798401, Validation Loss: 9.0545768738, Training R-squared: 0.4019545019, Validation R-squared: 0.3927747607
2023-11-22 20:09:05,880 - INFO - Epoch 7  : Training Loss: 8.6930885315, Validation Loss: 9.0333251953, Training R-squared: 0.4099506438, Validation R-squared: 0.3963336647
2023-11-22 20:09:14,969 - INFO - Epoch 8  : Training Loss: 8.6615734100, Validation Loss: 9.0325860977, Training R-squared: 0.4146366417, Validation R-squared: 0.3966001868
2023-11-22 20:09:23,560 - INFO - Epoch 9  : Training Loss: 8.6372251511, Validation Loss: 9.0204401016, Training R-squared: 0.4177977443, Validation R-squared: 0.3978408873
2023-11-22 20:09:31,327 - INFO - Epoch 10 : Training Loss: 8.6042499542, Validation Loss: 9.0106439590, Training R-squared: 0.4207126200, Validation R-squared: 0.3990816772
2023-11-22 20:09:40,904 - INFO - Epoch 11 : Training Loss: 8.5744504929, Validation Loss: 8.9903707504, Training R-squared: 0.4266452789, Validation R-squared: 0.4017093480
2023-11-22 20:09:50,629 - INFO - Epoch 12 : Training Loss: 8.5443496704, Validation Loss: 8.9813556671, Training R-squared: 0.4295912683, Validation R-squared: 0.4034942985
2023-11-22 20:09:59,242 - INFO - Epoch 13 : Training Loss: 8.5005998611, Validation Loss: 8.9524555206, Training R-squared: 0.4354588091, Validation R-squared: 0.4068216383
2023-11-22 20:10:08,383 - INFO - Epoch 14 : Training Loss: 8.4650659561, Validation Loss: 8.9356918335, Training R-squared: 0.4400326312, Validation R-squared: 0.4093111455
2023-11-22 20:10:18,068 - INFO - Epoch 15 : Training Loss: 8.4160976410, Validation Loss: 8.8995990753, Training R-squared: 0.4478937685, Validation R-squared: 0.4141435325
2023-11-22 20:10:26,295 - INFO - Epoch 16 : Training Loss: 8.3826465607, Validation Loss: 8.8693475723, Training R-squared: 0.4524562061, Validation R-squared: 0.4185553193
2023-11-22 20:10:34,979 - INFO - Epoch 17 : Training Loss: 8.3268394470, Validation Loss: 8.8383741379, Training R-squared: 0.4578477442, Validation R-squared: 0.4223920405
2023-11-22 20:10:44,994 - INFO - Epoch 18 : Training Loss: 8.2720603943, Validation Loss: 8.8321828842, Training R-squared: 0.4650349021, Validation R-squared: 0.4236915410
2023-11-22 20:10:52,896 - INFO - Epoch 19 : Training Loss: 8.2466030121, Validation Loss: 8.8153924942, Training R-squared: 0.4692755342, Validation R-squared: 0.4254022539
2023-11-22 20:11:00,687 - INFO - Epoch 20 : Training Loss: 8.2257137299, Validation Loss: 8.8198909760, Training R-squared: 0.4712107182, Validation R-squared: 0.4241348207
2023-11-22 20:11:08,927 - INFO - Epoch 21 : Training Loss: 8.1780176163, Validation Loss: 8.7978610992, Training R-squared: 0.4777614176, Validation R-squared: 0.4278769195
2023-11-22 20:11:17,180 - INFO - Epoch 22 : Training Loss: 8.1598138809, Validation Loss: 8.7878751755, Training R-squared: 0.4799320698, Validation R-squared: 0.4284926057
2023-11-22 20:11:25,074 - INFO - Epoch 23 : Training Loss: 8.1278696060, Validation Loss: 8.7623939514, Training R-squared: 0.4828018546, Validation R-squared: 0.4323053062
2023-11-22 20:11:32,720 - INFO - Epoch 24 : Training Loss: 8.1019248962, Validation Loss: 8.7313699722, Training R-squared: 0.4875702262, Validation R-squared: 0.4366416931
2023-11-22 20:11:40,406 - INFO - Epoch 25 : Training Loss: 8.0535411835, Validation Loss: 8.7029237747, Training R-squared: 0.4933716357, Validation R-squared: 0.4400343299
2023-11-22 20:11:48,088 - INFO - Epoch 26 : Training Loss: 8.0105791092, Validation Loss: 8.7080087662, Training R-squared: 0.4990203381, Validation R-squared: 0.4385573268
2023-11-22 20:11:55,765 - INFO - Epoch 27 : Training Loss: 7.9742050171, Validation Loss: 8.6838941574, Training R-squared: 0.5024437308, Validation R-squared: 0.4421249330
2023-11-22 20:12:03,448 - INFO - Epoch 28 : Training Loss: 7.9636049271, Validation Loss: 8.6684331894, Training R-squared: 0.5048301816, Validation R-squared: 0.4442375600
2023-11-22 20:12:11,227 - INFO - Epoch 29 : Training Loss: 7.9289846420, Validation Loss: 8.6550245285, Training R-squared: 0.5073555112, Validation R-squared: 0.4463030994
2023-11-22 20:12:19,245 - INFO - Epoch 30 : Training Loss: 7.9170422554, Validation Loss: 8.6548719406, Training R-squared: 0.5108537674, Validation R-squared: 0.4458643794
2023-11-22 20:12:26,933 - INFO - Epoch 31 : Training Loss: 7.8835597038, Validation Loss: 8.6705694199, Training R-squared: 0.5133615732, Validation R-squared: 0.4439616799
2023-11-22 20:12:34,972 - INFO - Epoch 32 : Training Loss: 7.8702878952, Validation Loss: 8.6461420059, Training R-squared: 0.5158299208, Validation R-squared: 0.4472106397
2023-11-22 20:12:42,665 - INFO - Epoch 33 : Training Loss: 7.8544011116, Validation Loss: 8.6461601257, Training R-squared: 0.5179203749, Validation R-squared: 0.4467834532
2023-11-22 20:12:50,491 - INFO - Epoch 34 : Training Loss: 7.8290996552, Validation Loss: 8.6460123062, Training R-squared: 0.5199099779, Validation R-squared: 0.4467903376
2023-11-22 20:12:58,370 - INFO - Epoch 35 : Training Loss: 7.8047089577, Validation Loss: 8.6347284317, Training R-squared: 0.5224263668, Validation R-squared: 0.4484719038
2023-11-22 20:13:06,175 - INFO - Epoch 36 : Training Loss: 7.7834682465, Validation Loss: 8.6352863312, Training R-squared: 0.5265040994, Validation R-squared: 0.4478172064
2023-11-22 20:13:13,949 - INFO - Epoch 37 : Training Loss: 7.7597565651, Validation Loss: 8.6208391190, Training R-squared: 0.5288572311, Validation R-squared: 0.4506263435
2023-11-22 20:13:21,707 - INFO - Epoch 38 : Training Loss: 7.7504467964, Validation Loss: 8.5944776535, Training R-squared: 0.5295329094, Validation R-squared: 0.4537554383
2023-11-22 20:13:29,592 - INFO - Epoch 39 : Training Loss: 7.7283368111, Validation Loss: 8.6027851105, Training R-squared: 0.5328714848, Validation R-squared: 0.4520499110
2023-11-22 20:13:37,156 - INFO - Epoch 40 : Training Loss: 7.7064332962, Validation Loss: 8.5800209045, Training R-squared: 0.5350319743, Validation R-squared: 0.4558593929
2023-11-22 20:13:45,216 - INFO - Epoch 41 : Training Loss: 7.6848444939, Validation Loss: 8.5846004486, Training R-squared: 0.5383713245, Validation R-squared: 0.4547065794
2023-11-22 20:13:53,663 - INFO - Epoch 42 : Training Loss: 7.6575613022, Validation Loss: 8.5834064484, Training R-squared: 0.5420426726, Validation R-squared: 0.4547657073
2023-11-22 20:14:01,564 - INFO - Epoch 43 : Training Loss: 7.6368021965, Validation Loss: 8.5654449463, Training R-squared: 0.5434302688, Validation R-squared: 0.4569906294
2023-11-22 20:14:09,505 - INFO - Epoch 44 : Training Loss: 7.6172451973, Validation Loss: 8.5703010559, Training R-squared: 0.5458919406, Validation R-squared: 0.4563387036
2023-11-22 20:14:17,178 - INFO - Epoch 45 : Training Loss: 7.5905508995, Validation Loss: 8.5778493881, Training R-squared: 0.5477072001, Validation R-squared: 0.4551132619
2023-11-22 20:14:25,193 - INFO - Epoch 46 : Training Loss: 7.5794553757, Validation Loss: 8.5406227112, Training R-squared: 0.5501519442, Validation R-squared: 0.4603907764
2023-11-22 20:14:32,896 - INFO - Epoch 47 : Training Loss: 7.5541124344, Validation Loss: 8.5620470047, Training R-squared: 0.5518528223, Validation R-squared: 0.4572095275
2023-11-22 20:14:40,754 - INFO - Epoch 48 : Training Loss: 7.5218048096, Validation Loss: 8.5429391861, Training R-squared: 0.5556439161, Validation R-squared: 0.4600842893
2023-11-22 20:14:48,636 - INFO - Epoch 49 : Training Loss: 7.5116257668, Validation Loss: 8.5441112518, Training R-squared: 0.5583759546, Validation R-squared: 0.4595150054
2023-11-22 20:14:56,402 - INFO - Epoch 50 : Training Loss: 7.4944357872, Validation Loss: 8.5277462006, Training R-squared: 0.5593726635, Validation R-squared: 0.4613585472
2023-11-22 20:15:04,181 - INFO - Epoch 51 : Training Loss: 7.4881896973, Validation Loss: 8.5314970016, Training R-squared: 0.5598602891, Validation R-squared: 0.4605802000
2023-11-22 20:15:11,941 - INFO - Epoch 52 : Training Loss: 7.4626507759, Validation Loss: 8.5309381485, Training R-squared: 0.5634478927, Validation R-squared: 0.4606752992
2023-11-22 20:15:20,226 - INFO - Epoch 53 : Training Loss: 7.4494695663, Validation Loss: 8.5226392746, Training R-squared: 0.5652676225, Validation R-squared: 0.4617531896
2023-11-22 20:15:28,577 - INFO - Epoch 54 : Training Loss: 7.4217019081, Validation Loss: 8.5066595078, Training R-squared: 0.5675563216, Validation R-squared: 0.4642363489
2023-11-22 20:15:36,374 - INFO - Epoch 55 : Training Loss: 7.3924603462, Validation Loss: 8.5089063644, Training R-squared: 0.5705739260, Validation R-squared: 0.4641270936
2023-11-22 20:15:44,179 - INFO - Epoch 56 : Training Loss: 7.3762807846, Validation Loss: 8.4950942993, Training R-squared: 0.5730742812, Validation R-squared: 0.4660347998
2023-11-22 20:15:51,874 - INFO - Epoch 57 : Training Loss: 7.3547668457, Validation Loss: 8.4819192886, Training R-squared: 0.5754529238, Validation R-squared: 0.4675834477
2023-11-22 20:15:59,704 - INFO - Epoch 58 : Training Loss: 7.3272204399, Validation Loss: 8.5655431747, Training R-squared: 0.5777977109, Validation R-squared: 0.4548653960
2023-11-22 20:16:07,270 - INFO - Epoch 59 : Training Loss: 7.3191165924, Validation Loss: 8.5117397308, Training R-squared: 0.5792546272, Validation R-squared: 0.4626661837
2023-11-22 20:16:15,180 - INFO - Epoch 60 : Training Loss: 7.2880349159, Validation Loss: 8.4634714127, Training R-squared: 0.5824943185, Validation R-squared: 0.4698503017
2023-11-22 20:16:23,700 - INFO - Epoch 61 : Training Loss: 7.2663397789, Validation Loss: 8.4839239120, Training R-squared: 0.5846750736, Validation R-squared: 0.4664360881
2023-11-22 20:16:31,420 - INFO - Epoch 62 : Training Loss: 7.2512035370, Validation Loss: 8.4660081863, Training R-squared: 0.5864427686, Validation R-squared: 0.4689714909
2023-11-22 20:16:39,100 - INFO - Epoch 63 : Training Loss: 7.2284951210, Validation Loss: 8.4750051498, Training R-squared: 0.5885244012, Validation R-squared: 0.4673437178
2023-11-22 20:16:46,968 - INFO - Epoch 64 : Training Loss: 7.2077574730, Validation Loss: 8.4800252914, Training R-squared: 0.5910113454, Validation R-squared: 0.4666305184
2023-11-22 20:16:54,881 - INFO - Epoch 65 : Training Loss: 7.1994891167, Validation Loss: 8.4706935883, Training R-squared: 0.5914235711, Validation R-squared: 0.4680146575
2023-11-22 20:17:08,306 - INFO - Model saved to models/portion_model/breakfast/512_512_200_64/sparsity_60_fold_1_model.keras
2023-11-22 20:17:12,761 - INFO - Avg Metrics: RMSE: 6.3582119895, R-squared: 0.0650616541, PCC: 0.7140154026
2023-11-22 20:17:12,762 - INFO - Agg Metrics: RMSE: 8.7246843117, R-squared: 0.4512223955, PCC: 0.6720279654
2023-11-22 20:17:19,285 - INFO - ================================================================== Fold 2 ===================================================================
2023-11-22 20:17:29,855 - INFO - Epoch 1  : Training Loss: 11.0460443497, Validation Loss: 10.4118299484, Training R-squared: 0.0707601234, Validation R-squared: 0.0942401364
2023-11-22 20:17:37,372 - INFO - Epoch 2  : Training Loss: 10.4628019333, Validation Loss: 9.6763067245, Training R-squared: 0.1677900702, Validation R-squared: 0.2170836627
2023-11-22 20:17:45,178 - INFO - Epoch 3  : Training Loss: 9.6619873047, Validation Loss: 8.7119293213, Training R-squared: 0.2908472121, Validation R-squared: 0.3647735119
2023-11-22 20:17:52,965 - INFO - Epoch 4  : Training Loss: 9.0933847427, Validation Loss: 8.5734596252, Training R-squared: 0.3732463419, Validation R-squared: 0.3852338493
2023-11-22 20:18:00,629 - INFO - Epoch 5  : Training Loss: 8.9623832703, Validation Loss: 8.4967947006, Training R-squared: 0.3905282617, Validation R-squared: 0.3961119354
2023-11-22 20:18:08,316 - INFO - Epoch 6  : Training Loss: 8.9124069214, Validation Loss: 8.4701862335, Training R-squared: 0.3982846737, Validation R-squared: 0.4004755914
2023-11-22 20:18:16,010 - INFO - Epoch 7  : Training Loss: 8.8676347733, Validation Loss: 8.4554901123, Training R-squared: 0.4046460986, Validation R-squared: 0.4020357728
2023-11-22 20:18:23,883 - INFO - Epoch 8  : Training Loss: 8.8292217255, Validation Loss: 8.4361171722, Training R-squared: 0.4085452855, Validation R-squared: 0.4049755037
2023-11-22 20:18:31,917 - INFO - Epoch 9  : Training Loss: 8.7999382019, Validation Loss: 8.4059314728, Training R-squared: 0.4129371643, Validation R-squared: 0.4093663692
2023-11-22 20:18:39,735 - INFO - Epoch 10 : Training Loss: 8.7641916275, Validation Loss: 8.3814258575, Training R-squared: 0.4178701043, Validation R-squared: 0.4131700099
2023-11-22 20:18:47,314 - INFO - Epoch 11 : Training Loss: 8.7112903595, Validation Loss: 8.3436870575, Training R-squared: 0.4249240160, Validation R-squared: 0.4181990623
2023-11-22 20:18:55,329 - INFO - Epoch 12 : Training Loss: 8.6535530090, Validation Loss: 8.3124303818, Training R-squared: 0.4336989820, Validation R-squared: 0.4225588739
2023-11-22 20:19:03,001 - INFO - Epoch 13 : Training Loss: 8.6087598801, Validation Loss: 8.2781782150, Training R-squared: 0.4375599623, Validation R-squared: 0.4273116291
2023-11-22 20:19:10,723 - INFO - Epoch 14 : Training Loss: 8.5648946762, Validation Loss: 8.2602396011, Training R-squared: 0.4440164268, Validation R-squared: 0.4298440218
2023-11-22 20:19:18,606 - INFO - Epoch 15 : Training Loss: 8.5283527374, Validation Loss: 8.2302513123, Training R-squared: 0.4482900798, Validation R-squared: 0.4337849617
2023-11-22 20:19:26,245 - INFO - Epoch 16 : Training Loss: 8.4587020874, Validation Loss: 8.1876697540, Training R-squared: 0.4573709965, Validation R-squared: 0.4396408796
2023-11-22 20:19:33,865 - INFO - Epoch 17 : Training Loss: 8.4193696976, Validation Loss: 8.1478233337, Training R-squared: 0.4625059962, Validation R-squared: 0.4453888535
2023-11-22 20:19:41,616 - INFO - Epoch 18 : Training Loss: 8.3934545517, Validation Loss: 8.1375160217, Training R-squared: 0.4667330980, Validation R-squared: 0.4462251067
2023-11-22 20:19:49,240 - INFO - Epoch 19 : Training Loss: 8.3207159042, Validation Loss: 8.1005544662, Training R-squared: 0.4747013450, Validation R-squared: 0.4518478215
2023-11-22 20:19:57,055 - INFO - Epoch 20 : Training Loss: 8.2947978973, Validation Loss: 8.0790338516, Training R-squared: 0.4781166911, Validation R-squared: 0.4542501867
2023-11-22 20:20:04,944 - INFO - Epoch 21 : Training Loss: 8.2612380981, Validation Loss: 8.0598640442, Training R-squared: 0.4834467471, Validation R-squared: 0.4569194019
2023-11-22 20:20:12,634 - INFO - Epoch 22 : Training Loss: 8.2275876999, Validation Loss: 8.0947103500, Training R-squared: 0.4869810045, Validation R-squared: 0.4514337182
2023-11-22 20:20:20,672 - INFO - Epoch 23 : Training Loss: 8.2003936768, Validation Loss: 8.0251989365, Training R-squared: 0.4911158979, Validation R-squared: 0.4614023268
2023-11-22 20:20:28,412 - INFO - Epoch 24 : Training Loss: 8.1684265137, Validation Loss: 8.0093622208, Training R-squared: 0.4949323535, Validation R-squared: 0.4636109471
2023-11-22 20:20:36,185 - INFO - Epoch 25 : Training Loss: 8.1512556076, Validation Loss: 7.9959115982, Training R-squared: 0.4970337451, Validation R-squared: 0.4656507969
2023-11-22 20:20:43,866 - INFO - Epoch 26 : Training Loss: 8.1021680832, Validation Loss: 7.9796648026, Training R-squared: 0.5020681620, Validation R-squared: 0.4679237604
2023-11-22 20:20:51,751 - INFO - Epoch 27 : Training Loss: 8.0988092422, Validation Loss: 8.0023269653, Training R-squared: 0.5015103221, Validation R-squared: 0.4642140269
2023-11-22 20:20:59,423 - INFO - Epoch 28 : Training Loss: 8.0804672241, Validation Loss: 7.9805498123, Training R-squared: 0.5052805543, Validation R-squared: 0.4673756063
2023-11-22 20:21:07,062 - INFO - Epoch 29 : Training Loss: 8.0548734665, Validation Loss: 7.9832220078, Training R-squared: 0.5076318383, Validation R-squared: 0.4677038789
2023-11-22 20:21:14,866 - INFO - Epoch 30 : Training Loss: 8.0192623138, Validation Loss: 7.9622969627, Training R-squared: 0.5115281343, Validation R-squared: 0.4699992836
2023-11-22 20:21:22,895 - INFO - Epoch 31 : Training Loss: 8.0201177597, Validation Loss: 7.9627027512, Training R-squared: 0.5125230551, Validation R-squared: 0.4696839452
2023-11-22 20:21:30,807 - INFO - Epoch 32 : Training Loss: 7.9797725677, Validation Loss: 7.9477300644, Training R-squared: 0.5166646242, Validation R-squared: 0.4718069732
2023-11-22 20:21:38,445 - INFO - Epoch 33 : Training Loss: 7.9597096443, Validation Loss: 7.9295368195, Training R-squared: 0.5197065473, Validation R-squared: 0.4746608734
2023-11-22 20:21:46,134 - INFO - Epoch 34 : Training Loss: 7.9276814461, Validation Loss: 7.9157171249, Training R-squared: 0.5230944753, Validation R-squared: 0.4767589271
2023-11-22 20:21:53,801 - INFO - Epoch 35 : Training Loss: 7.9055175781, Validation Loss: 7.9074101448, Training R-squared: 0.5248259306, Validation R-squared: 0.4771288633
2023-11-22 20:22:01,576 - INFO - Epoch 36 : Training Loss: 7.8697628975, Validation Loss: 7.9122810364, Training R-squared: 0.5297472477, Validation R-squared: 0.4762624800
2023-11-22 20:22:09,192 - INFO - Epoch 37 : Training Loss: 7.8493561745, Validation Loss: 7.8734583855, Training R-squared: 0.5316905379, Validation R-squared: 0.4819037914
2023-11-22 20:22:17,106 - INFO - Epoch 38 : Training Loss: 7.8226528168, Validation Loss: 7.8900170326, Training R-squared: 0.5356003642, Validation R-squared: 0.4791527987
2023-11-22 20:22:24,848 - INFO - Epoch 39 : Training Loss: 7.8081583977, Validation Loss: 7.8935079575, Training R-squared: 0.5352503657, Validation R-squared: 0.4789392352
2023-11-22 20:22:32,451 - INFO - Epoch 40 : Training Loss: 7.7937922478, Validation Loss: 7.8897252083, Training R-squared: 0.5379340649, Validation R-squared: 0.4791279137
2023-11-22 20:22:40,366 - INFO - Epoch 41 : Training Loss: 7.7629489899, Validation Loss: 7.8625340462, Training R-squared: 0.5405664444, Validation R-squared: 0.4829382598
2023-11-22 20:22:47,954 - INFO - Epoch 42 : Training Loss: 7.7444438934, Validation Loss: 7.8567938805, Training R-squared: 0.5443344712, Validation R-squared: 0.4835176766
2023-11-22 20:22:55,779 - INFO - Epoch 43 : Training Loss: 7.7223343849, Validation Loss: 7.8489766121, Training R-squared: 0.5462269783, Validation R-squared: 0.4845661521
2023-11-22 20:23:03,387 - INFO - Epoch 44 : Training Loss: 7.6979212761, Validation Loss: 7.8467268944, Training R-squared: 0.5480656624, Validation R-squared: 0.4847559929
2023-11-22 20:23:11,411 - INFO - Epoch 45 : Training Loss: 7.6712684631, Validation Loss: 7.8053293228, Training R-squared: 0.5526164174, Validation R-squared: 0.4907074571
2023-11-22 20:23:19,710 - INFO - Epoch 46 : Training Loss: 7.6444616318, Validation Loss: 7.8087983131, Training R-squared: 0.5548136234, Validation R-squared: 0.4898253679
2023-11-22 20:23:27,725 - INFO - Epoch 47 : Training Loss: 7.6188483238, Validation Loss: 7.7918295860, Training R-squared: 0.5577218533, Validation R-squared: 0.4923650324
2023-11-22 20:23:35,571 - INFO - Epoch 48 : Training Loss: 7.5944399834, Validation Loss: 7.8316364288, Training R-squared: 0.5604021549, Validation R-squared: 0.4864131212
2023-11-22 20:23:43,249 - INFO - Epoch 49 : Training Loss: 7.5835623741, Validation Loss: 7.7980561256, Training R-squared: 0.5615293384, Validation R-squared: 0.4909895658
2023-11-22 20:23:52,456 - INFO - Epoch 50 : Training Loss: 7.5523858070, Validation Loss: 7.8106431961, Training R-squared: 0.5641012192, Validation R-squared: 0.4892366230
2023-11-22 20:24:00,667 - INFO - Epoch 51 : Training Loss: 7.5395379066, Validation Loss: 7.8521952629, Training R-squared: 0.5670205951, Validation R-squared: 0.4833918214
2023-11-22 20:24:08,145 - INFO - Epoch 52 : Training Loss: 7.5328345299, Validation Loss: 7.7796325684, Training R-squared: 0.5669387579, Validation R-squared: 0.4934200346
2023-11-22 20:24:16,183 - INFO - Epoch 53 : Training Loss: 7.4964623451, Validation Loss: 7.8088440895, Training R-squared: 0.5718592405, Validation R-squared: 0.4890896082
2023-11-22 20:24:24,115 - INFO - Epoch 54 : Training Loss: 7.4682002068, Validation Loss: 7.7768497467, Training R-squared: 0.5738763213, Validation R-squared: 0.4936223030
2023-11-22 20:24:33,104 - INFO - Epoch 55 : Training Loss: 7.4516658783, Validation Loss: 7.7606735229, Training R-squared: 0.5755105019, Validation R-squared: 0.4960744679
2023-11-22 20:24:42,130 - INFO - Epoch 56 : Training Loss: 7.4251880646, Validation Loss: 7.8670592308, Training R-squared: 0.5784956217, Validation R-squared: 0.4802180529
2023-11-22 20:24:50,228 - INFO - Epoch 57 : Training Loss: 7.4195256233, Validation Loss: 7.7761316299, Training R-squared: 0.5781159401, Validation R-squared: 0.4933227897
2023-11-22 20:24:58,267 - INFO - Epoch 58 : Training Loss: 7.4056873322, Validation Loss: 7.7603569031, Training R-squared: 0.5804913044, Validation R-squared: 0.4957133830
2023-11-22 20:25:07,298 - INFO - Epoch 59 : Training Loss: 7.3773727417, Validation Loss: 7.7617540359, Training R-squared: 0.5842033029, Validation R-squared: 0.4950129986
2023-11-22 20:25:15,362 - INFO - Epoch 60 : Training Loss: 7.3457617760, Validation Loss: 7.7537083626, Training R-squared: 0.5866070390, Validation R-squared: 0.4959532619
2023-11-22 20:25:24,817 - INFO - Epoch 61 : Training Loss: 7.3482751846, Validation Loss: 7.7685785294, Training R-squared: 0.5870224833, Validation R-squared: 0.4939900041
2023-11-22 20:25:32,759 - INFO - Epoch 62 : Training Loss: 7.3129844666, Validation Loss: 7.7658600807, Training R-squared: 0.5891083479, Validation R-squared: 0.4940836430
2023-11-22 20:25:41,587 - INFO - Epoch 63 : Training Loss: 7.2932214737, Validation Loss: 7.7663550377, Training R-squared: 0.5916954875, Validation R-squared: 0.4940198958
2023-11-22 20:25:50,079 - INFO - Epoch 64 : Training Loss: 7.2692675591, Validation Loss: 7.7137017250, Training R-squared: 0.5948408842, Validation R-squared: 0.5011711717
2023-11-22 20:25:58,624 - INFO - Epoch 65 : Training Loss: 7.2613234520, Validation Loss: 7.7997107506, Training R-squared: 0.5951183438, Validation R-squared: 0.4889688790
2023-11-22 20:26:06,980 - INFO - Epoch 66 : Training Loss: 7.2343010902, Validation Loss: 7.7621741295, Training R-squared: 0.5978947282, Validation R-squared: 0.4941572547
2023-11-22 20:26:15,358 - INFO - Epoch 67 : Training Loss: 7.2159867287, Validation Loss: 7.7805929184, Training R-squared: 0.6010129452, Validation R-squared: 0.4916629195
2023-11-22 20:26:24,391 - INFO - Epoch 68 : Training Loss: 7.1971521378, Validation Loss: 7.7701191902, Training R-squared: 0.6025762558, Validation R-squared: 0.4928905964
2023-11-22 20:26:32,836 - INFO - Epoch 69 : Training Loss: 7.1809039116, Validation Loss: 7.7536368370, Training R-squared: 0.6037662625, Validation R-squared: 0.4951028228
2023-11-22 20:26:47,468 - INFO - Model saved to models/portion_model/breakfast/512_512_200_64/sparsity_60_fold_2_model.keras
2023-11-22 20:26:52,647 - INFO - Avg Metrics: RMSE: 6.0413530221, R-squared: 0.0115035242, PCC: 0.7291783179
2023-11-22 20:26:52,648 - INFO - Agg Metrics: RMSE: 7.8118882784, R-squared: 0.4976157330, PCC: 0.7081394870
2023-11-22 20:26:59,026 - INFO - ================================================================== Fold 3 ===================================================================
2023-11-22 20:27:09,241 - INFO - Epoch 1  : Training Loss: 10.9907341003, Validation Loss: 10.6284389496, Training R-squared: 0.0721919835, Validation R-squared: 0.0830772296
2023-11-22 20:27:17,339 - INFO - Epoch 2  : Training Loss: 10.4409456253, Validation Loss: 9.9853076935, Training R-squared: 0.1644668579, Validation R-squared: 0.1917608231
2023-11-22 20:27:25,426 - INFO - Epoch 3  : Training Loss: 9.7593812943, Validation Loss: 9.1643867493, Training R-squared: 0.2699035704, Validation R-squared: 0.3193200231
2023-11-22 20:27:33,233 - INFO - Epoch 4  : Training Loss: 9.1409339905, Validation Loss: 8.9214382172, Training R-squared: 0.3589333296, Validation R-squared: 0.3549605012
2023-11-22 20:27:41,812 - INFO - Epoch 5  : Training Loss: 8.9611816406, Validation Loss: 8.7684535980, Training R-squared: 0.3859646618, Validation R-squared: 0.3775313795
2023-11-22 20:27:51,247 - INFO - Epoch 6  : Training Loss: 8.8581781387, Validation Loss: 8.7521495819, Training R-squared: 0.3998459280, Validation R-squared: 0.3794411421
2023-11-22 20:27:59,955 - INFO - Epoch 7  : Training Loss: 8.8212881088, Validation Loss: 8.7265586853, Training R-squared: 0.4047479033, Validation R-squared: 0.3829623461
2023-11-22 20:28:09,592 - INFO - Epoch 8  : Training Loss: 8.7864761353, Validation Loss: 8.7154569626, Training R-squared: 0.4096657038, Validation R-squared: 0.3849048018
2023-11-22 20:28:19,312 - INFO - Epoch 9  : Training Loss: 8.7551193237, Validation Loss: 8.7041702271, Training R-squared: 0.4139425159, Validation R-squared: 0.3862181008
2023-11-22 20:28:28,531 - INFO - Epoch 10 : Training Loss: 8.7288370132, Validation Loss: 8.6958618164, Training R-squared: 0.4170159400, Validation R-squared: 0.3873438835
2023-11-22 20:28:36,699 - INFO - Epoch 11 : Training Loss: 8.6976184845, Validation Loss: 8.6645746231, Training R-squared: 0.4217084050, Validation R-squared: 0.3925956488
2023-11-22 20:28:46,179 - INFO - Epoch 12 : Training Loss: 8.6790208817, Validation Loss: 8.6527433395, Training R-squared: 0.4245256484, Validation R-squared: 0.3941655457
2023-11-22 20:28:54,586 - INFO - Epoch 13 : Training Loss: 8.6415672302, Validation Loss: 8.6319675446, Training R-squared: 0.4299987853, Validation R-squared: 0.3977112174
2023-11-22 20:29:03,277 - INFO - Epoch 14 : Training Loss: 8.5924196243, Validation Loss: 8.6021614075, Training R-squared: 0.4361625910, Validation R-squared: 0.4015657306
2023-11-22 20:29:11,696 - INFO - Epoch 15 : Training Loss: 8.5617799759, Validation Loss: 8.6244449615, Training R-squared: 0.4406983852, Validation R-squared: 0.3975345194
2023-11-22 20:29:20,073 - INFO - Epoch 16 : Training Loss: 8.5081262589, Validation Loss: 8.5686864853, Training R-squared: 0.4469555318, Validation R-squared: 0.4055798948
2023-11-22 20:29:28,150 - INFO - Epoch 17 : Training Loss: 8.4475784302, Validation Loss: 8.5029554367, Training R-squared: 0.4537181258, Validation R-squared: 0.4157675505
2023-11-22 20:29:36,230 - INFO - Epoch 18 : Training Loss: 8.3884973526, Validation Loss: 8.4650983810, Training R-squared: 0.4626056850, Validation R-squared: 0.4210517406
2023-11-22 20:29:43,904 - INFO - Epoch 19 : Training Loss: 8.3318433762, Validation Loss: 8.4333591461, Training R-squared: 0.4689505994, Validation R-squared: 0.4250711501
2023-11-22 20:29:51,735 - INFO - Epoch 20 : Training Loss: 8.2880640030, Validation Loss: 8.4343013763, Training R-squared: 0.4738129973, Validation R-squared: 0.4248722494
2023-11-22 20:29:59,341 - INFO - Epoch 21 : Training Loss: 8.2413911819, Validation Loss: 8.4048767090, Training R-squared: 0.4815670848, Validation R-squared: 0.4291146100
2023-11-22 20:30:07,028 - INFO - Epoch 22 : Training Loss: 8.2183942795, Validation Loss: 8.3793382645, Training R-squared: 0.4850923419, Validation R-squared: 0.4327869117
2023-11-22 20:30:14,779 - INFO - Epoch 23 : Training Loss: 8.1773500443, Validation Loss: 8.3638353348, Training R-squared: 0.4889298677, Validation R-squared: 0.4349933565
2023-11-22 20:30:22,755 - INFO - Epoch 24 : Training Loss: 8.1440973282, Validation Loss: 8.3598585129, Training R-squared: 0.4923920929, Validation R-squared: 0.4354169667
2023-11-22 20:30:30,609 - INFO - Epoch 25 : Training Loss: 8.1201210022, Validation Loss: 8.3431434631, Training R-squared: 0.4952020347, Validation R-squared: 0.4375225306
2023-11-22 20:30:38,286 - INFO - Epoch 26 : Training Loss: 8.0866355896, Validation Loss: 8.3175210953, Training R-squared: 0.4985919595, Validation R-squared: 0.4417203069
2023-11-22 20:30:46,304 - INFO - Epoch 27 : Training Loss: 8.0786972046, Validation Loss: 8.3338031769, Training R-squared: 0.5006344914, Validation R-squared: 0.4388263524
2023-11-22 20:30:53,894 - INFO - Epoch 28 : Training Loss: 8.0395755768, Validation Loss: 8.3382377625, Training R-squared: 0.5054291487, Validation R-squared: 0.4377264977
2023-11-22 20:31:01,868 - INFO - Epoch 29 : Training Loss: 8.0306024551, Validation Loss: 8.3212614059, Training R-squared: 0.5069278479, Validation R-squared: 0.4402230680
2023-11-22 20:31:09,493 - INFO - Epoch 30 : Training Loss: 8.0048503876, Validation Loss: 8.3547382355, Training R-squared: 0.5094489455, Validation R-squared: 0.4356498718
2023-11-22 20:31:17,847 - INFO - Epoch 31 : Training Loss: 7.9625430107, Validation Loss: 8.3180932999, Training R-squared: 0.5140837431, Validation R-squared: 0.4407391846
2023-11-22 20:31:31,279 - INFO - Model saved to models/portion_model/breakfast/512_512_200_64/sparsity_60_fold_3_model.keras
2023-11-22 20:31:36,111 - INFO - Avg Metrics: RMSE: 6.4378298266, R-squared: -0.1407914370, PCC: 0.6444523197
2023-11-22 20:31:36,112 - INFO - Agg Metrics: RMSE: 8.5211155197, R-squared: 0.4287426315, PCC: 0.6549591816
2023-11-22 20:31:42,476 - INFO - ================================================================== Fold 4 ===================================================================
2023-11-22 20:31:53,643 - INFO - Epoch 1  : Training Loss: 10.9133529663, Validation Loss: 11.0086393356, Training R-squared: 0.0686038733, Validation R-squared: 0.0940283462
2023-11-22 20:32:01,588 - INFO - Epoch 2  : Training Loss: 10.3700885773, Validation Loss: 10.2018775940, Training R-squared: 0.1609199494, Validation R-squared: 0.2224472165
2023-11-22 20:32:09,266 - INFO - Epoch 3  : Training Loss: 9.5373506546, Validation Loss: 9.2161741257, Training R-squared: 0.2910213768, Validation R-squared: 0.3661725819
2023-11-22 20:32:17,307 - INFO - Epoch 4  : Training Loss: 9.0039091110, Validation Loss: 9.0816640854, Training R-squared: 0.3681521416, Validation R-squared: 0.3845344782
2023-11-22 20:32:25,105 - INFO - Epoch 5  : Training Loss: 8.8691835403, Validation Loss: 8.9755964279, Training R-squared: 0.3876060545, Validation R-squared: 0.3987842500
2023-11-22 20:32:32,872 - INFO - Epoch 6  : Training Loss: 8.7941646576, Validation Loss: 8.9490203857, Training R-squared: 0.3986807168, Validation R-squared: 0.4025466442
2023-11-22 20:32:40,777 - INFO - Epoch 7  : Training Loss: 8.7691040039, Validation Loss: 8.9285707474, Training R-squared: 0.4007545710, Validation R-squared: 0.4053109288
2023-11-22 20:32:49,929 - INFO - Epoch 8  : Training Loss: 8.7315359116, Validation Loss: 8.9166336060, Training R-squared: 0.4066071808, Validation R-squared: 0.4071150124
2023-11-22 20:32:59,611 - INFO - Epoch 9  : Training Loss: 8.6913127899, Validation Loss: 8.8893156052, Training R-squared: 0.4112359583, Validation R-squared: 0.4105420411
2023-11-22 20:33:08,689 - INFO - Epoch 10 : Training Loss: 8.6758337021, Validation Loss: 8.8575630188, Training R-squared: 0.4136660993, Validation R-squared: 0.4144449532
2023-11-22 20:33:16,430 - INFO - Epoch 11 : Training Loss: 8.6281890869, Validation Loss: 8.8537569046, Training R-squared: 0.4206960201, Validation R-squared: 0.4154391289
2023-11-22 20:33:24,438 - INFO - Epoch 12 : Training Loss: 8.5822324753, Validation Loss: 8.8072443008, Training R-squared: 0.4252806604, Validation R-squared: 0.4213525951
2023-11-22 20:33:32,195 - INFO - Epoch 13 : Training Loss: 8.5321722031, Validation Loss: 8.7806091309, Training R-squared: 0.4335543215, Validation R-squared: 0.4248327315
2023-11-22 20:33:39,740 - INFO - Epoch 14 : Training Loss: 8.5073814392, Validation Loss: 8.7514829636, Training R-squared: 0.4375204444, Validation R-squared: 0.4290651679
2023-11-22 20:33:47,914 - INFO - Epoch 15 : Training Loss: 8.4398488998, Validation Loss: 8.7173452377, Training R-squared: 0.4457396865, Validation R-squared: 0.4332523644
2023-11-22 20:33:56,250 - INFO - Epoch 16 : Training Loss: 8.3997240067, Validation Loss: 8.7015914917, Training R-squared: 0.4502791762, Validation R-squared: 0.4351427257
2023-11-22 20:34:03,770 - INFO - Epoch 17 : Training Loss: 8.3559570312, Validation Loss: 8.6775951385, Training R-squared: 0.4565834999, Validation R-squared: 0.4384651482
2023-11-22 20:34:11,426 - INFO - Epoch 18 : Training Loss: 8.3269443512, Validation Loss: 8.6759147644, Training R-squared: 0.4616560042, Validation R-squared: 0.4392394722
2023-11-22 20:34:19,462 - INFO - Epoch 19 : Training Loss: 8.2750844955, Validation Loss: 8.6435203552, Training R-squared: 0.4670717418, Validation R-squared: 0.4433000684
2023-11-22 20:34:27,285 - INFO - Epoch 20 : Training Loss: 8.2343091965, Validation Loss: 8.6219787598, Training R-squared: 0.4726339877, Validation R-squared: 0.4454593658
2023-11-22 20:34:34,878 - INFO - Epoch 21 : Training Loss: 8.1737184525, Validation Loss: 8.5989208221, Training R-squared: 0.4786432385, Validation R-squared: 0.4489151835
2023-11-22 20:34:42,511 - INFO - Epoch 22 : Training Loss: 8.1574230194, Validation Loss: 8.5786724091, Training R-squared: 0.4825887084, Validation R-squared: 0.4513103664
2023-11-22 20:34:50,038 - INFO - Epoch 23 : Training Loss: 8.1183376312, Validation Loss: 8.5791606903, Training R-squared: 0.4880286753, Validation R-squared: 0.4518356621
2023-11-22 20:34:57,599 - INFO - Epoch 24 : Training Loss: 8.0808229446, Validation Loss: 8.5516529083, Training R-squared: 0.4907219708, Validation R-squared: 0.4552319944
2023-11-22 20:35:05,236 - INFO - Epoch 25 : Training Loss: 8.0458450317, Validation Loss: 8.5526857376, Training R-squared: 0.4958560765, Validation R-squared: 0.4552497268
2023-11-22 20:35:13,012 - INFO - Epoch 26 : Training Loss: 8.0141859055, Validation Loss: 8.5444078445, Training R-squared: 0.4995277822, Validation R-squared: 0.4563100636
2023-11-22 20:35:20,799 - INFO - Epoch 27 : Training Loss: 8.0099973679, Validation Loss: 8.5262775421, Training R-squared: 0.5005325675, Validation R-squared: 0.4583403766
2023-11-22 20:35:28,605 - INFO - Epoch 28 : Training Loss: 7.9916028976, Validation Loss: 8.5398931503, Training R-squared: 0.5021597147, Validation R-squared: 0.4561032653
2023-11-22 20:35:36,508 - INFO - Epoch 29 : Training Loss: 7.9696187973, Validation Loss: 8.5257596970, Training R-squared: 0.5061130524, Validation R-squared: 0.4579705000
2023-11-22 20:35:44,226 - INFO - Epoch 30 : Training Loss: 7.9521293640, Validation Loss: 8.5217933655, Training R-squared: 0.5075655580, Validation R-squared: 0.4588172436
2023-11-22 20:35:51,931 - INFO - Epoch 31 : Training Loss: 7.9288902283, Validation Loss: 8.5246124268, Training R-squared: 0.5097793937, Validation R-squared: 0.4584030509
2023-11-22 20:35:59,477 - INFO - Epoch 32 : Training Loss: 7.9063544273, Validation Loss: 8.5148105621, Training R-squared: 0.5135029554, Validation R-squared: 0.4595816135
2023-11-22 20:36:07,132 - INFO - Epoch 33 : Training Loss: 7.9068980217, Validation Loss: 8.5103969574, Training R-squared: 0.5134434104, Validation R-squared: 0.4600814283
2023-11-22 20:36:14,707 - INFO - Epoch 34 : Training Loss: 7.8826665878, Validation Loss: 8.5097713470, Training R-squared: 0.5158385634, Validation R-squared: 0.4603127241
2023-11-22 20:36:22,542 - INFO - Epoch 35 : Training Loss: 7.8661761284, Validation Loss: 8.5021371841, Training R-squared: 0.5186465383, Validation R-squared: 0.4611335993
2023-11-22 20:36:30,439 - INFO - Epoch 36 : Training Loss: 7.8263630867, Validation Loss: 8.4884471893, Training R-squared: 0.5222157240, Validation R-squared: 0.4633453786
2023-11-22 20:36:37,973 - INFO - Epoch 37 : Training Loss: 7.8086462021, Validation Loss: 8.4820261002, Training R-squared: 0.5258088708, Validation R-squared: 0.4642551839
2023-11-22 20:36:45,567 - INFO - Epoch 38 : Training Loss: 7.7817306519, Validation Loss: 8.4601593018, Training R-squared: 0.5273032784, Validation R-squared: 0.4668726325
2023-11-22 20:36:53,163 - INFO - Epoch 39 : Training Loss: 7.7625894547, Validation Loss: 8.4643030167, Training R-squared: 0.5295448899, Validation R-squared: 0.4658651948
2023-11-22 20:37:00,874 - INFO - Epoch 40 : Training Loss: 7.7269477844, Validation Loss: 8.4467086792, Training R-squared: 0.5340094566, Validation R-squared: 0.4684499800
2023-11-22 20:37:08,494 - INFO - Epoch 41 : Training Loss: 7.7174649239, Validation Loss: 8.4347095490, Training R-squared: 0.5349981785, Validation R-squared: 0.4696798623
2023-11-22 20:37:16,092 - INFO - Epoch 42 : Training Loss: 7.7027125359, Validation Loss: 8.4189710617, Training R-squared: 0.5366590023, Validation R-squared: 0.4718667865
2023-11-22 20:37:24,067 - INFO - Epoch 43 : Training Loss: 7.6788239479, Validation Loss: 8.4300813675, Training R-squared: 0.5395230055, Validation R-squared: 0.4702802598
2023-11-22 20:37:32,170 - INFO - Epoch 44 : Training Loss: 7.6374907494, Validation Loss: 8.4061203003, Training R-squared: 0.5444603562, Validation R-squared: 0.4732133150
2023-11-22 20:37:39,592 - INFO - Epoch 45 : Training Loss: 7.6238546371, Validation Loss: 8.4051895142, Training R-squared: 0.5467222929, Validation R-squared: 0.4736979902
2023-11-22 20:37:47,860 - INFO - Epoch 46 : Training Loss: 7.6160898209, Validation Loss: 8.3974819183, Training R-squared: 0.5463954806, Validation R-squared: 0.4746545255
2023-11-22 20:37:56,445 - INFO - Epoch 47 : Training Loss: 7.5959000587, Validation Loss: 8.3871688843, Training R-squared: 0.5493093729, Validation R-squared: 0.4759065807
2023-11-22 20:38:04,968 - INFO - Epoch 48 : Training Loss: 7.5681815147, Validation Loss: 8.4180622101, Training R-squared: 0.5527125001, Validation R-squared: 0.4723548591
2023-11-22 20:38:13,608 - INFO - Epoch 49 : Training Loss: 7.5586524010, Validation Loss: 8.3933486938, Training R-squared: 0.5548149943, Validation R-squared: 0.4750565588
2023-11-22 20:38:23,729 - INFO - Epoch 50 : Training Loss: 7.5311384201, Validation Loss: 8.3727207184, Training R-squared: 0.5564979911, Validation R-squared: 0.4780150056
2023-11-22 20:38:32,726 - INFO - Epoch 51 : Training Loss: 7.5120368004, Validation Loss: 8.3667993546, Training R-squared: 0.5594642758, Validation R-squared: 0.4783089459
2023-11-22 20:38:41,005 - INFO - Epoch 52 : Training Loss: 7.4762392044, Validation Loss: 8.3620471954, Training R-squared: 0.5613536239, Validation R-squared: 0.4794565737
2023-11-22 20:38:49,421 - INFO - Epoch 53 : Training Loss: 7.4666285515, Validation Loss: 8.3620119095, Training R-squared: 0.5642145872, Validation R-squared: 0.4789026678
2023-11-22 20:38:58,578 - INFO - Epoch 54 : Training Loss: 7.4545593262, Validation Loss: 8.3625011444, Training R-squared: 0.5656977296, Validation R-squared: 0.4790077507
2023-11-22 20:39:06,666 - INFO - Epoch 55 : Training Loss: 7.4283156395, Validation Loss: 8.3461503983, Training R-squared: 0.5670290589, Validation R-squared: 0.4813753664
2023-11-22 20:39:14,417 - INFO - Epoch 56 : Training Loss: 7.4025025368, Validation Loss: 8.3349151611, Training R-squared: 0.5707664490, Validation R-squared: 0.4825316966
2023-11-22 20:39:22,758 - INFO - Epoch 57 : Training Loss: 7.3844399452, Validation Loss: 8.3313865662, Training R-squared: 0.5736050606, Validation R-squared: 0.4832071960
2023-11-22 20:39:30,605 - INFO - Epoch 58 : Training Loss: 7.3739342690, Validation Loss: 8.3222656250, Training R-squared: 0.5740858316, Validation R-squared: 0.4840725660
2023-11-22 20:39:38,171 - INFO - Epoch 59 : Training Loss: 7.3373193741, Validation Loss: 8.2985315323, Training R-squared: 0.5791677833, Validation R-squared: 0.4873991907
2023-11-22 20:39:45,732 - INFO - Epoch 60 : Training Loss: 7.3387670517, Validation Loss: 8.3337173462, Training R-squared: 0.5793616176, Validation R-squared: 0.4827765226
2023-11-22 20:39:53,260 - INFO - Epoch 61 : Training Loss: 7.3034930229, Validation Loss: 8.3099870682, Training R-squared: 0.5824258924, Validation R-squared: 0.4857179821
2023-11-22 20:40:00,815 - INFO - Epoch 62 : Training Loss: 7.2824640274, Validation Loss: 8.2981147766, Training R-squared: 0.5846365690, Validation R-squared: 0.4871945679
2023-11-22 20:40:09,123 - INFO - Epoch 63 : Training Loss: 7.2715516090, Validation Loss: 8.2837533951, Training R-squared: 0.5847739577, Validation R-squared: 0.4888350368
2023-11-22 20:40:17,369 - INFO - Epoch 64 : Training Loss: 7.2345166206, Validation Loss: 8.2950973511, Training R-squared: 0.5889990330, Validation R-squared: 0.4878664911
2023-11-22 20:40:25,298 - INFO - Epoch 65 : Training Loss: 7.2346339226, Validation Loss: 8.2747535706, Training R-squared: 0.5899052024, Validation R-squared: 0.4900552034
2023-11-22 20:40:33,520 - INFO - Epoch 66 : Training Loss: 7.1995935440, Validation Loss: 8.3013677597, Training R-squared: 0.5935986042, Validation R-squared: 0.4867914319
2023-11-22 20:40:41,936 - INFO - Epoch 67 : Training Loss: 7.1857156754, Validation Loss: 8.2414073944, Training R-squared: 0.5944370627, Validation R-squared: 0.4945201278
2023-11-22 20:40:50,342 - INFO - Epoch 68 : Training Loss: 7.1665539742, Validation Loss: 8.2742795944, Training R-squared: 0.5974501371, Validation R-squared: 0.4901882112
2023-11-22 20:40:58,020 - INFO - Epoch 69 : Training Loss: 7.1456069946, Validation Loss: 8.2670269012, Training R-squared: 0.5992813706, Validation R-squared: 0.4907329977
2023-11-22 20:41:05,788 - INFO - Epoch 70 : Training Loss: 7.1281971931, Validation Loss: 8.2591285706, Training R-squared: 0.6016837358, Validation R-squared: 0.4919520020
2023-11-22 20:41:13,600 - INFO - Epoch 71 : Training Loss: 7.0965948105, Validation Loss: 8.2455625534, Training R-squared: 0.6048713326, Validation R-squared: 0.4933671653
2023-11-22 20:41:21,290 - INFO - Epoch 72 : Training Loss: 7.0903058052, Validation Loss: 8.2563219070, Training R-squared: 0.6042729616, Validation R-squared: 0.4917099476
2023-11-22 20:41:34,510 - INFO - Model saved to models/portion_model/breakfast/512_512_200_64/sparsity_60_fold_4_model.keras
2023-11-22 20:41:39,755 - INFO - Avg Metrics: RMSE: 6.2259810325, R-squared: -0.5855364977, PCC: 0.7197335362
2023-11-22 20:41:39,756 - INFO - Agg Metrics: RMSE: 8.4288156335, R-squared: 0.4792913097, PCC: 0.6924928258
2023-11-22 20:41:46,146 - INFO - ================================================================== Fold 5 ===================================================================
2023-11-22 20:41:58,096 - INFO - Epoch 1  : Training Loss: 10.8917112350, Validation Loss: 11.0816574097, Training R-squared: 0.0710835606, Validation R-squared: 0.0887268111
2023-11-22 20:42:05,572 - INFO - Epoch 2  : Training Loss: 10.3498497009, Validation Loss: 10.3716344833, Training R-squared: 0.1633150876, Validation R-squared: 0.2029794604
2023-11-22 20:42:13,009 - INFO - Epoch 3  : Training Loss: 9.6219272614, Validation Loss: 9.3836107254, Training R-squared: 0.2763807774, Validation R-squared: 0.3500625789
2023-11-22 20:42:20,559 - INFO - Epoch 4  : Training Loss: 8.9752321243, Validation Loss: 9.2286024094, Training R-squared: 0.3699410856, Validation R-squared: 0.3715113401
2023-11-22 20:42:28,193 - INFO - Epoch 5  : Training Loss: 8.8283710480, Validation Loss: 9.1195611954, Training R-squared: 0.3900101483, Validation R-squared: 0.3869633973
2023-11-22 20:42:35,680 - INFO - Epoch 6  : Training Loss: 8.7585363388, Validation Loss: 9.1113920212, Training R-squared: 0.4006727636, Validation R-squared: 0.3878565133
2023-11-22 20:42:43,218 - INFO - Epoch 7  : Training Loss: 8.7363519669, Validation Loss: 9.0722799301, Training R-squared: 0.4054124653, Validation R-squared: 0.3927290440
2023-11-22 20:42:50,735 - INFO - Epoch 8  : Training Loss: 8.6931772232, Validation Loss: 9.0679540634, Training R-squared: 0.4098698497, Validation R-squared: 0.3935893178
2023-11-22 20:42:58,294 - INFO - Epoch 9  : Training Loss: 8.6716604233, Validation Loss: 9.0485305786, Training R-squared: 0.4132956862, Validation R-squared: 0.3964742124
2023-11-22 20:43:05,812 - INFO - Epoch 10 : Training Loss: 8.6459436417, Validation Loss: 9.0363464355, Training R-squared: 0.4164979458, Validation R-squared: 0.3983134031
2023-11-22 20:43:13,404 - INFO - Epoch 11 : Training Loss: 8.6028232574, Validation Loss: 9.0098400116, Training R-squared: 0.4220114350, Validation R-squared: 0.4013915658
2023-11-22 20:43:22,215 - INFO - Epoch 12 : Training Loss: 8.5606756210, Validation Loss: 8.9762783051, Training R-squared: 0.4273149967, Validation R-squared: 0.4067340493
2023-11-22 20:43:30,415 - INFO - Epoch 13 : Training Loss: 8.5042209625, Validation Loss: 8.9285268784, Training R-squared: 0.4340461195, Validation R-squared: 0.4120862782
2023-11-22 20:43:40,451 - INFO - Epoch 14 : Training Loss: 8.4552431107, Validation Loss: 8.8926639557, Training R-squared: 0.4426703155, Validation R-squared: 0.4172431529
2023-11-22 20:43:50,667 - INFO - Epoch 15 : Training Loss: 8.4090270996, Validation Loss: 8.8650274277, Training R-squared: 0.4481581450, Validation R-squared: 0.4212482870
2023-11-22 20:43:59,499 - INFO - Epoch 16 : Training Loss: 8.3689088821, Validation Loss: 8.8485774994, Training R-squared: 0.4522251487, Validation R-squared: 0.4241248071
2023-11-22 20:44:08,816 - INFO - Epoch 17 : Training Loss: 8.3287916183, Validation Loss: 8.8115129471, Training R-squared: 0.4583607912, Validation R-squared: 0.4289574027
2023-11-22 20:44:18,826 - INFO - Epoch 18 : Training Loss: 8.2922439575, Validation Loss: 8.7786912918, Training R-squared: 0.4627848268, Validation R-squared: 0.4334104657
2023-11-22 20:44:27,831 - INFO - Epoch 19 : Training Loss: 8.2351922989, Validation Loss: 8.7661705017, Training R-squared: 0.4707044065, Validation R-squared: 0.4343139231
2023-11-22 20:44:38,118 - INFO - Epoch 20 : Training Loss: 8.2072906494, Validation Loss: 8.7206144333, Training R-squared: 0.4738277495, Validation R-squared: 0.4407510459
2023-11-22 20:44:47,209 - INFO - Epoch 21 : Training Loss: 8.1448936462, Validation Loss: 8.7030391693, Training R-squared: 0.4806208014, Validation R-squared: 0.4433088899
2023-11-22 20:44:55,983 - INFO - Epoch 22 : Training Loss: 8.1172723770, Validation Loss: 8.6831636429, Training R-squared: 0.4855937660, Validation R-squared: 0.4459978640
2023-11-22 20:45:05,104 - INFO - Epoch 23 : Training Loss: 8.0898122787, Validation Loss: 8.6717052460, Training R-squared: 0.4888939261, Validation R-squared: 0.4477574825
2023-11-22 20:45:14,700 - INFO - Epoch 24 : Training Loss: 8.0494956970, Validation Loss: 8.6503438950, Training R-squared: 0.4930041432, Validation R-squared: 0.4506439567
2023-11-22 20:45:24,398 - INFO - Epoch 25 : Training Loss: 8.0222043991, Validation Loss: 8.6392259598, Training R-squared: 0.4954935610, Validation R-squared: 0.4520007372
2023-11-22 20:45:33,546 - INFO - Epoch 26 : Training Loss: 8.0068016052, Validation Loss: 8.6310214996, Training R-squared: 0.4995096326, Validation R-squared: 0.4530469775
2023-11-22 20:45:43,125 - INFO - Epoch 27 : Training Loss: 7.9731206894, Validation Loss: 8.6279039383, Training R-squared: 0.5029455423, Validation R-squared: 0.4537537992
2023-11-22 20:45:52,630 - INFO - Epoch 28 : Training Loss: 7.9609379768, Validation Loss: 8.6315698624, Training R-squared: 0.5050065517, Validation R-squared: 0.4533313215
2023-11-22 20:46:01,148 - INFO - Epoch 29 : Training Loss: 7.9370431900, Validation Loss: 8.6135721207, Training R-squared: 0.5076544881, Validation R-squared: 0.4557348192
2023-11-22 20:46:10,022 - INFO - Epoch 30 : Training Loss: 7.9111919403, Validation Loss: 8.6120376587, Training R-squared: 0.5110252500, Validation R-squared: 0.4557670951
2023-11-22 20:46:19,029 - INFO - Epoch 31 : Training Loss: 7.8834114075, Validation Loss: 8.6059684753, Training R-squared: 0.5148487091, Validation R-squared: 0.4565219581
2023-11-22 20:46:27,799 - INFO - Epoch 32 : Training Loss: 7.8670182228, Validation Loss: 8.5911979675, Training R-squared: 0.5170359015, Validation R-squared: 0.4579227865
2023-11-22 20:46:36,693 - INFO - Epoch 33 : Training Loss: 7.8279657364, Validation Loss: 8.5792264938, Training R-squared: 0.5209721327, Validation R-squared: 0.4599611163
2023-11-22 20:46:45,156 - INFO - Epoch 34 : Training Loss: 7.8096122742, Validation Loss: 8.5706357956, Training R-squared: 0.5226833224, Validation R-squared: 0.4607462883
2023-11-22 20:46:54,269 - INFO - Epoch 35 : Training Loss: 7.7861695290, Validation Loss: 8.5718860626, Training R-squared: 0.5258131027, Validation R-squared: 0.4614268541
2023-11-22 20:47:03,375 - INFO - Epoch 36 : Training Loss: 7.7537307739, Validation Loss: 8.5549430847, Training R-squared: 0.5289809108, Validation R-squared: 0.4633804858
2023-11-22 20:47:11,670 - INFO - Epoch 37 : Training Loss: 7.7332878113, Validation Loss: 8.5405321121, Training R-squared: 0.5311391950, Validation R-squared: 0.4650284648
2023-11-22 20:47:21,084 - INFO - Epoch 38 : Training Loss: 7.7125244141, Validation Loss: 8.5336751938, Training R-squared: 0.5333929062, Validation R-squared: 0.4655772150
2023-11-22 20:47:32,221 - INFO - Epoch 39 : Training Loss: 7.6793236732, Validation Loss: 8.5203342438, Training R-squared: 0.5375940800, Validation R-squared: 0.4674537182
2023-11-22 20:47:42,984 - INFO - Epoch 40 : Training Loss: 7.6691842079, Validation Loss: 8.5113515854, Training R-squared: 0.5396949649, Validation R-squared: 0.4688541889
2023-11-22 20:47:51,125 - INFO - Epoch 41 : Training Loss: 7.6390619278, Validation Loss: 8.5044059753, Training R-squared: 0.5417028666, Validation R-squared: 0.4694001973
2023-11-22 20:47:59,521 - INFO - Epoch 42 : Training Loss: 7.6195240021, Validation Loss: 8.5119705200, Training R-squared: 0.5449216366, Validation R-squared: 0.4685618579
2023-11-22 20:48:07,531 - INFO - Epoch 43 : Training Loss: 7.5866618156, Validation Loss: 8.5019865036, Training R-squared: 0.5482021570, Validation R-squared: 0.4693686664
2023-11-22 20:48:15,262 - INFO - Epoch 44 : Training Loss: 7.5782060623, Validation Loss: 8.4920530319, Training R-squared: 0.5498301983, Validation R-squared: 0.4701560736
2023-11-22 20:48:23,625 - INFO - Epoch 45 : Training Loss: 7.5423307419, Validation Loss: 8.4761419296, Training R-squared: 0.5532022119, Validation R-squared: 0.4733787775
2023-11-22 20:48:31,511 - INFO - Epoch 46 : Training Loss: 7.5209617615, Validation Loss: 8.4590167999, Training R-squared: 0.5562667847, Validation R-squared: 0.4750491381
2023-11-22 20:48:39,405 - INFO - Epoch 47 : Training Loss: 7.5052523613, Validation Loss: 8.4590311050, Training R-squared: 0.5581037402, Validation R-squared: 0.4749827385
2023-11-22 20:48:47,793 - INFO - Epoch 48 : Training Loss: 7.4891891479, Validation Loss: 8.4370450974, Training R-squared: 0.5598391891, Validation R-squared: 0.4779279828
2023-11-22 20:48:56,723 - INFO - Epoch 49 : Training Loss: 7.4470381737, Validation Loss: 8.4518823624, Training R-squared: 0.5647824407, Validation R-squared: 0.4760523140
2023-11-22 20:49:05,587 - INFO - Epoch 50 : Training Loss: 7.4353418350, Validation Loss: 8.4516096115, Training R-squared: 0.5661787391, Validation R-squared: 0.4754047990
2023-11-22 20:49:14,254 - INFO - Epoch 51 : Training Loss: 7.4229793549, Validation Loss: 8.4208488464, Training R-squared: 0.5676162839, Validation R-squared: 0.4797210693
2023-11-22 20:49:22,801 - INFO - Epoch 52 : Training Loss: 7.3925366402, Validation Loss: 8.4122972488, Training R-squared: 0.5700684786, Validation R-squared: 0.4809116423
2023-11-22 20:49:31,059 - INFO - Epoch 53 : Training Loss: 7.3748478889, Validation Loss: 8.4042282104, Training R-squared: 0.5732433796, Validation R-squared: 0.4819332361
2023-11-22 20:49:40,041 - INFO - Epoch 54 : Training Loss: 7.3373403549, Validation Loss: 8.4059600830, Training R-squared: 0.5766996741, Validation R-squared: 0.4814123809
2023-11-22 20:49:48,358 - INFO - Epoch 55 : Training Loss: 7.3256635666, Validation Loss: 8.3920850754, Training R-squared: 0.5786261559, Validation R-squared: 0.4833488166
2023-11-22 20:49:57,012 - INFO - Epoch 56 : Training Loss: 7.3149471283, Validation Loss: 8.3847303391, Training R-squared: 0.5802262425, Validation R-squared: 0.4839709997
2023-11-22 20:50:05,828 - INFO - Epoch 57 : Training Loss: 7.2859945297, Validation Loss: 8.3760251999, Training R-squared: 0.5833284855, Validation R-squared: 0.4851098657
2023-11-22 20:50:14,277 - INFO - Epoch 58 : Training Loss: 7.2878422737, Validation Loss: 8.3832073212, Training R-squared: 0.5826390982, Validation R-squared: 0.4844864905
2023-11-22 20:50:23,399 - INFO - Epoch 59 : Training Loss: 7.2635517120, Validation Loss: 8.3650588989, Training R-squared: 0.5851373076, Validation R-squared: 0.4865844548
2023-11-22 20:50:32,130 - INFO - Epoch 60 : Training Loss: 7.2502050400, Validation Loss: 8.3658370972, Training R-squared: 0.5872676373, Validation R-squared: 0.4860387146
2023-11-22 20:50:40,507 - INFO - Epoch 61 : Training Loss: 7.2292962074, Validation Loss: 8.3719568253, Training R-squared: 0.5888766646, Validation R-squared: 0.4848965704
2023-11-22 20:50:49,120 - INFO - Epoch 62 : Training Loss: 7.1967515945, Validation Loss: 8.3495407104, Training R-squared: 0.5915547013, Validation R-squared: 0.4884468913
2023-11-22 20:50:58,293 - INFO - Epoch 63 : Training Loss: 7.1871743202, Validation Loss: 8.3619184494, Training R-squared: 0.5935807824, Validation R-squared: 0.4866386056
2023-11-22 20:51:06,989 - INFO - Epoch 64 : Training Loss: 7.1614079475, Validation Loss: 8.3453063965, Training R-squared: 0.5962846875, Validation R-squared: 0.4891315997
2023-11-22 20:51:16,046 - INFO - Epoch 65 : Training Loss: 7.1577925682, Validation Loss: 8.3682870865, Training R-squared: 0.5967965126, Validation R-squared: 0.4848905504
2023-11-22 20:51:25,384 - INFO - Epoch 66 : Training Loss: 7.1367793083, Validation Loss: 8.3455514908, Training R-squared: 0.5989072919, Validation R-squared: 0.4888780713
2023-11-22 20:51:34,023 - INFO - Epoch 67 : Training Loss: 7.1143712997, Validation Loss: 8.3511657715, Training R-squared: 0.6008307338, Validation R-squared: 0.4874014258
2023-11-22 20:51:42,768 - INFO - Epoch 68 : Training Loss: 7.1127099991, Validation Loss: 8.3825330734, Training R-squared: 0.6013424397, Validation R-squared: 0.4824913740
2023-11-22 20:51:51,669 - INFO - Epoch 69 : Training Loss: 7.0778360367, Validation Loss: 8.3234100342, Training R-squared: 0.6045147777, Validation R-squared: 0.4912906885
2023-11-22 20:51:59,915 - INFO - Epoch 70 : Training Loss: 7.0688958168, Validation Loss: 8.3283901215, Training R-squared: 0.6061665416, Validation R-squared: 0.4901904464
2023-11-22 20:52:08,695 - INFO - Epoch 71 : Training Loss: 7.0572948456, Validation Loss: 8.3102951050, Training R-squared: 0.6073580384, Validation R-squared: 0.4926750362
2023-11-22 20:52:17,349 - INFO - Epoch 72 : Training Loss: 7.0360264778, Validation Loss: 8.2858209610, Training R-squared: 0.6085867286, Validation R-squared: 0.4958142638
2023-11-22 20:52:25,590 - INFO - Epoch 73 : Training Loss: 7.0094499588, Validation Loss: 8.3116931915, Training R-squared: 0.6119893789, Validation R-squared: 0.4919044971
2023-11-22 20:52:33,990 - INFO - Epoch 74 : Training Loss: 6.9937949181, Validation Loss: 8.3208494186, Training R-squared: 0.6139169335, Validation R-squared: 0.4907153547
2023-11-22 20:52:42,423 - INFO - Epoch 75 : Training Loss: 6.9745907784, Validation Loss: 8.3421049118, Training R-squared: 0.6150084734, Validation R-squared: 0.4874872565
2023-11-22 20:52:51,173 - INFO - Epoch 76 : Training Loss: 6.9562139511, Validation Loss: 8.3227958679, Training R-squared: 0.6176570058, Validation R-squared: 0.4903008044
2023-11-22 20:52:59,769 - INFO - Epoch 77 : Training Loss: 6.9401378632, Validation Loss: 8.2886142731, Training R-squared: 0.6200277805, Validation R-squared: 0.4949170351
2023-11-22 20:53:14,602 - INFO - Model saved to models/portion_model/breakfast/512_512_200_64/sparsity_60_fold_5_model.keras
2023-11-22 20:53:21,294 - INFO - Avg Metrics: RMSE: 6.1629551786, R-squared: -0.8692804250, PCC: 0.7374488257
2023-11-22 20:53:21,294 - INFO - Agg Metrics: RMSE: 8.6506211048, R-squared: 0.4669382396, PCC: 0.6837477757
2023-11-22 20:53:34,449 - INFO - ================================================================== Results Summary ===================================================================
2023-11-22 20:53:34,449 - INFO - CrossVal Metrics (Avg.) - RMSE: 6.2452662098  0.1404030681, R2: -0.3038086363  0.1404030681, PCC: 0.7089656804  0.1404030681
2023-11-22 20:53:34,450 - INFO - Testing  Metrics (Avg.) - RMSE: 6.2535705641, R2: -0.0419001886, PCC: 0.7167175382
2023-11-22 20:53:34,450 - INFO - CrossVal Metrics (Agg.) - RMSE: 8.4274249696  0.1404030681, R2: 0.4647620619  0.1404030681, PCC: 0.6822734471  0.1404030681
2023-11-22 20:53:34,450 - INFO - Testing  Metrics (Agg.) - RMSE: 8.4477156949, R2: 0.4643168811, PCC: 0.6817334801
