2023-11-22 12:18:57,727 - INFO - Training model at 25% sparse columns removed...
2023-11-22 12:19:05,588 - INFO - ================================================================== Fold 1 ===================================================================
2023-11-22 12:19:25,574 - INFO - Epoch 1  : Training Loss: 8.1091051102, Validation Loss: 7.8503804207, Training R-squared: 0.0688491315, Validation R-squared: 0.0948032588
2023-11-22 12:19:39,937 - INFO - Epoch 2  : Training Loss: 7.7089195251, Validation Loss: 7.3829188347, Training R-squared: 0.1589692533, Validation R-squared: 0.1991556138
2023-11-22 12:19:53,876 - INFO - Epoch 3  : Training Loss: 7.4315319061, Validation Loss: 7.1155905724, Training R-squared: 0.2188409567, Validation R-squared: 0.2570949495
2023-11-22 12:20:07,788 - INFO - Epoch 4  : Training Loss: 7.0296506882, Validation Loss: 6.6418042183, Training R-squared: 0.3022988737, Validation R-squared: 0.3530836105
2023-11-22 12:20:22,825 - INFO - Epoch 5  : Training Loss: 6.7317900658, Validation Loss: 6.5488920212, Training R-squared: 0.3607283533, Validation R-squared: 0.3716181517
2023-11-22 12:20:38,123 - INFO - Epoch 6  : Training Loss: 6.6294760704, Validation Loss: 6.4782714844, Training R-squared: 0.3793258667, Validation R-squared: 0.3848428726
2023-11-22 12:20:51,921 - INFO - Epoch 7  : Training Loss: 6.5717654228, Validation Loss: 6.4473533630, Training R-squared: 0.3916775286, Validation R-squared: 0.3912682235
2023-11-22 12:21:06,241 - INFO - Epoch 8  : Training Loss: 6.5392603874, Validation Loss: 6.4311337471, Training R-squared: 0.3982879817, Validation R-squared: 0.3939446509
2023-11-22 12:21:20,799 - INFO - Epoch 9  : Training Loss: 6.5121374130, Validation Loss: 6.4358797073, Training R-squared: 0.4006563127, Validation R-squared: 0.3934890032
2023-11-22 12:21:35,080 - INFO - Epoch 10 : Training Loss: 6.4927835464, Validation Loss: 6.4229960442, Training R-squared: 0.4050790668, Validation R-squared: 0.3954508305
2023-11-22 12:21:49,563 - INFO - Epoch 11 : Training Loss: 6.4614148140, Validation Loss: 6.4149913788, Training R-squared: 0.4097187221, Validation R-squared: 0.3970730007
2023-11-22 12:22:03,320 - INFO - Epoch 12 : Training Loss: 6.4568715096, Validation Loss: 6.4100747108, Training R-squared: 0.4124388397, Validation R-squared: 0.3977211118
2023-11-22 12:22:19,296 - INFO - Epoch 13 : Training Loss: 6.4241008759, Validation Loss: 6.3941922188, Training R-squared: 0.4183590412, Validation R-squared: 0.4010639787
2023-11-22 12:22:34,940 - INFO - Epoch 14 : Training Loss: 6.3840208054, Validation Loss: 6.3772516251, Training R-squared: 0.4254933894, Validation R-squared: 0.4041732550
2023-11-22 12:22:50,076 - INFO - Epoch 15 : Training Loss: 6.3554534912, Validation Loss: 6.3569717407, Training R-squared: 0.4310013950, Validation R-squared: 0.4077004790
2023-11-22 12:23:04,632 - INFO - Epoch 16 : Training Loss: 6.3117413521, Validation Loss: 6.3328762054, Training R-squared: 0.4369052052, Validation R-squared: 0.4123080671
2023-11-22 12:23:19,875 - INFO - Epoch 17 : Training Loss: 6.2692375183, Validation Loss: 6.3224220276, Training R-squared: 0.4440259933, Validation R-squared: 0.4141227901
2023-11-22 12:23:34,462 - INFO - Epoch 18 : Training Loss: 6.2353029251, Validation Loss: 6.2889118195, Training R-squared: 0.4502206445, Validation R-squared: 0.4206618667
2023-11-22 12:23:49,206 - INFO - Epoch 19 : Training Loss: 6.2011251450, Validation Loss: 6.2653579712, Training R-squared: 0.4573526084, Validation R-squared: 0.4247707725
2023-11-22 12:24:03,804 - INFO - Epoch 20 : Training Loss: 6.1627445221, Validation Loss: 6.2448668480, Training R-squared: 0.4651654065, Validation R-squared: 0.4287993908
2023-11-22 12:24:18,285 - INFO - Epoch 21 : Training Loss: 6.1377010345, Validation Loss: 6.2262501717, Training R-squared: 0.4692506790, Validation R-squared: 0.4325382411
2023-11-22 12:24:32,659 - INFO - Epoch 22 : Training Loss: 6.0935912132, Validation Loss: 6.2100825310, Training R-squared: 0.4750907719, Validation R-squared: 0.4352935553
2023-11-22 12:24:46,860 - INFO - Epoch 23 : Training Loss: 6.0654773712, Validation Loss: 6.2103843689, Training R-squared: 0.4810027182, Validation R-squared: 0.4343335927
2023-11-22 12:25:01,332 - INFO - Epoch 24 : Training Loss: 6.0432219505, Validation Loss: 6.2007141113, Training R-squared: 0.4846470356, Validation R-squared: 0.4373528659
2023-11-22 12:25:15,532 - INFO - Epoch 25 : Training Loss: 6.0314636230, Validation Loss: 6.1827774048, Training R-squared: 0.4882437289, Validation R-squared: 0.4397878647
2023-11-22 12:25:29,690 - INFO - Epoch 26 : Training Loss: 6.0062675476, Validation Loss: 6.1760578156, Training R-squared: 0.4900628030, Validation R-squared: 0.4414604306
2023-11-22 12:25:44,065 - INFO - Epoch 27 : Training Loss: 5.9852457047, Validation Loss: 6.1752858162, Training R-squared: 0.4929670990, Validation R-squared: 0.4412048161
2023-11-22 12:25:59,528 - INFO - Epoch 28 : Training Loss: 5.9696846008, Validation Loss: 6.1812577248, Training R-squared: 0.4976303279, Validation R-squared: 0.4400133193
2023-11-22 12:26:15,356 - INFO - Epoch 29 : Training Loss: 5.9470672607, Validation Loss: 6.1800312996, Training R-squared: 0.5017659068, Validation R-squared: 0.4402320087
2023-11-22 12:26:31,014 - INFO - Epoch 30 : Training Loss: 5.9431490898, Validation Loss: 6.1770443916, Training R-squared: 0.5014173388, Validation R-squared: 0.4406655431
2023-11-22 12:26:48,875 - INFO - Epoch 31 : Training Loss: 5.9349770546, Validation Loss: 6.1770210266, Training R-squared: 0.5039950013, Validation R-squared: 0.4405916333
2023-11-22 12:27:08,744 - INFO - Epoch 32 : Training Loss: 5.9208445549, Validation Loss: 6.1657233238, Training R-squared: 0.5049474239, Validation R-squared: 0.4433581531
2023-11-22 12:27:27,193 - INFO - Epoch 33 : Training Loss: 5.8974118233, Validation Loss: 6.1546139717, Training R-squared: 0.5086448789, Validation R-squared: 0.4451264441
2023-11-22 12:27:42,567 - INFO - Epoch 34 : Training Loss: 5.8798055649, Validation Loss: 6.1637063026, Training R-squared: 0.5095620751, Validation R-squared: 0.4429963231
2023-11-22 12:27:57,104 - INFO - Epoch 35 : Training Loss: 5.8630180359, Validation Loss: 6.1583867073, Training R-squared: 0.5136278868, Validation R-squared: 0.4440447092
2023-11-22 12:28:11,173 - INFO - Epoch 36 : Training Loss: 5.8484029770, Validation Loss: 6.1508822441, Training R-squared: 0.5152400136, Validation R-squared: 0.4458402097
2023-11-22 12:28:25,559 - INFO - Epoch 37 : Training Loss: 5.8373990059, Validation Loss: 6.1402125359, Training R-squared: 0.5192636251, Validation R-squared: 0.4475372434
2023-11-22 12:28:39,446 - INFO - Epoch 38 : Training Loss: 5.8169846535, Validation Loss: 6.1377987862, Training R-squared: 0.5210738778, Validation R-squared: 0.4486371279
2023-11-22 12:28:54,076 - INFO - Epoch 39 : Training Loss: 5.7949380875, Validation Loss: 6.1314935684, Training R-squared: 0.5261103511, Validation R-squared: 0.4488028586
2023-11-22 12:29:10,096 - INFO - Epoch 40 : Training Loss: 5.7812609673, Validation Loss: 6.1183028221, Training R-squared: 0.5277452469, Validation R-squared: 0.4514453709
2023-11-22 12:29:26,844 - INFO - Epoch 41 : Training Loss: 5.7635641098, Validation Loss: 6.1246962547, Training R-squared: 0.5295515656, Validation R-squared: 0.4502482116
2023-11-22 12:29:43,435 - INFO - Epoch 42 : Training Loss: 5.7435889244, Validation Loss: 6.1295742989, Training R-squared: 0.5335124135, Validation R-squared: 0.4489486217
2023-11-22 12:29:57,913 - INFO - Epoch 43 : Training Loss: 5.7322058678, Validation Loss: 6.1239352226, Training R-squared: 0.5344183445, Validation R-squared: 0.4506426454
2023-11-22 12:30:12,329 - INFO - Epoch 44 : Training Loss: 5.7199907303, Validation Loss: 6.1209130287, Training R-squared: 0.5363578200, Validation R-squared: 0.4506401718
2023-11-22 12:30:26,738 - INFO - Epoch 45 : Training Loss: 5.7016630173, Validation Loss: 6.1183156967, Training R-squared: 0.5393999815, Validation R-squared: 0.4510645270
2023-11-22 12:30:45,042 - INFO - Model saved to models/portion_model/breakfast/512_512_200_64/sparsity_25_fold_1_model.keras
2023-11-22 12:30:49,997 - INFO - Avg Metrics: RMSE: 4.7714171392, R-squared: -0.1360260697, PCC: 0.6605130516
2023-11-22 12:30:49,998 - INFO - Agg Metrics: RMSE: 6.2223717575, R-squared: 0.4431607378, PCC: 0.6670521395
2023-11-22 12:30:56,902 - INFO - ================================================================== Fold 2 ===================================================================
2023-11-22 12:31:18,730 - INFO - Epoch 1  : Training Loss: 8.1142234802, Validation Loss: 7.7780137062, Training R-squared: 0.0699335709, Validation R-squared: 0.1033554152
2023-11-22 12:31:33,566 - INFO - Epoch 2  : Training Loss: 7.6909575462, Validation Loss: 7.3364596367, Training R-squared: 0.1664977074, Validation R-squared: 0.2021064460
2023-11-22 12:31:47,232 - INFO - Epoch 3  : Training Loss: 7.3815383911, Validation Loss: 6.9520306587, Training R-squared: 0.2334486693, Validation R-squared: 0.2840760946
2023-11-22 12:32:00,826 - INFO - Epoch 4  : Training Loss: 6.8600382805, Validation Loss: 6.5764527321, Training R-squared: 0.3369669318, Validation R-squared: 0.3593617380
2023-11-22 12:32:14,398 - INFO - Epoch 5  : Training Loss: 6.6903028488, Validation Loss: 6.4773006439, Training R-squared: 0.3693470955, Validation R-squared: 0.3786999583
2023-11-22 12:32:27,941 - INFO - Epoch 6  : Training Loss: 6.5964183807, Validation Loss: 6.4242520332, Training R-squared: 0.3862054050, Validation R-squared: 0.3891982138
2023-11-22 12:32:41,759 - INFO - Epoch 7  : Training Loss: 6.5487632751, Validation Loss: 6.4243707657, Training R-squared: 0.3951207399, Validation R-squared: 0.3887134492
2023-11-22 12:32:55,851 - INFO - Epoch 8  : Training Loss: 6.5354690552, Validation Loss: 6.4105362892, Training R-squared: 0.3992989957, Validation R-squared: 0.3921340108
2023-11-22 12:33:09,648 - INFO - Epoch 9  : Training Loss: 6.4964733124, Validation Loss: 6.4033260345, Training R-squared: 0.4058572352, Validation R-squared: 0.3931121230
2023-11-22 12:33:23,838 - INFO - Epoch 10 : Training Loss: 6.4772543907, Validation Loss: 6.3961663246, Training R-squared: 0.4094638526, Validation R-squared: 0.3947190046
2023-11-22 12:33:41,581 - INFO - Epoch 11 : Training Loss: 6.4580597878, Validation Loss: 6.3937110901, Training R-squared: 0.4133828878, Validation R-squared: 0.3949876428
2023-11-22 12:34:00,331 - INFO - Epoch 12 : Training Loss: 6.4311013222, Validation Loss: 6.3822293282, Training R-squared: 0.4172458053, Validation R-squared: 0.3977154493
2023-11-22 12:34:13,963 - INFO - Epoch 13 : Training Loss: 6.4043321609, Validation Loss: 6.3858904839, Training R-squared: 0.4231421351, Validation R-squared: 0.3961422145
2023-11-22 12:34:28,594 - INFO - Epoch 14 : Training Loss: 6.3857445717, Validation Loss: 6.3536653519, Training R-squared: 0.4266699553, Validation R-squared: 0.4027819037
2023-11-22 12:34:42,716 - INFO - Epoch 15 : Training Loss: 6.3395514488, Validation Loss: 6.3422541618, Training R-squared: 0.4336639643, Validation R-squared: 0.4056165814
2023-11-22 12:34:56,719 - INFO - Epoch 16 : Training Loss: 6.3031954765, Validation Loss: 6.3210649490, Training R-squared: 0.4396346509, Validation R-squared: 0.4096906185
2023-11-22 12:35:10,946 - INFO - Epoch 17 : Training Loss: 6.2715091705, Validation Loss: 6.3001089096, Training R-squared: 0.4467577040, Validation R-squared: 0.4129972160
2023-11-22 12:35:25,190 - INFO - Epoch 18 : Training Loss: 6.2252559662, Validation Loss: 6.2660279274, Training R-squared: 0.4546402991, Validation R-squared: 0.4199936986
2023-11-22 12:35:38,645 - INFO - Epoch 19 : Training Loss: 6.1906938553, Validation Loss: 6.2352547646, Training R-squared: 0.4586693048, Validation R-squared: 0.4253708422
2023-11-22 12:35:52,196 - INFO - Epoch 20 : Training Loss: 6.1577062607, Validation Loss: 6.2303748131, Training R-squared: 0.4671976268, Validation R-squared: 0.4257652760
2023-11-22 12:36:05,968 - INFO - Epoch 21 : Training Loss: 6.1227574348, Validation Loss: 6.2043404579, Training R-squared: 0.4722560644, Validation R-squared: 0.4315447509
2023-11-22 12:36:19,860 - INFO - Epoch 22 : Training Loss: 6.1024227142, Validation Loss: 6.1906490326, Training R-squared: 0.4744742513, Validation R-squared: 0.4340358377
2023-11-22 12:36:33,319 - INFO - Epoch 23 : Training Loss: 6.0714321136, Validation Loss: 6.1811780930, Training R-squared: 0.4806807637, Validation R-squared: 0.4354462028
2023-11-22 12:36:47,230 - INFO - Epoch 24 : Training Loss: 6.0420136452, Validation Loss: 6.1709232330, Training R-squared: 0.4862129986, Validation R-squared: 0.4373763800
2023-11-22 12:37:01,220 - INFO - Epoch 25 : Training Loss: 6.0321769714, Validation Loss: 6.1695375443, Training R-squared: 0.4880118966, Validation R-squared: 0.4375097752
2023-11-22 12:37:14,996 - INFO - Epoch 26 : Training Loss: 6.0046634674, Validation Loss: 6.1530609131, Training R-squared: 0.4929443598, Validation R-squared: 0.4408282340
2023-11-22 12:37:29,177 - INFO - Epoch 27 : Training Loss: 5.9856715202, Validation Loss: 6.1464772224, Training R-squared: 0.4955420494, Validation R-squared: 0.4421651661
2023-11-22 12:37:44,104 - INFO - Epoch 28 : Training Loss: 5.9533648491, Validation Loss: 6.1358280182, Training R-squared: 0.5001796484, Validation R-squared: 0.4438417256
2023-11-22 12:37:59,266 - INFO - Epoch 29 : Training Loss: 5.9359159470, Validation Loss: 6.1235632896, Training R-squared: 0.5037471056, Validation R-squared: 0.4465170205
2023-11-22 12:38:14,689 - INFO - Epoch 30 : Training Loss: 5.9246654510, Validation Loss: 6.1415467262, Training R-squared: 0.5055044889, Validation R-squared: 0.4427255094
2023-11-22 12:38:30,605 - INFO - Epoch 31 : Training Loss: 5.8928637505, Validation Loss: 6.1289176941, Training R-squared: 0.5100078583, Validation R-squared: 0.4450512528
2023-11-22 12:38:46,462 - INFO - Epoch 32 : Training Loss: 5.8894329071, Validation Loss: 6.1256904602, Training R-squared: 0.5114213228, Validation R-squared: 0.4461171627
2023-11-22 12:39:00,439 - INFO - Epoch 33 : Training Loss: 5.8664979935, Validation Loss: 6.1389966011, Training R-squared: 0.5136243701, Validation R-squared: 0.4432073236
2023-11-22 12:39:14,223 - INFO - Epoch 34 : Training Loss: 5.8536229134, Validation Loss: 6.1228346825, Training R-squared: 0.5156430602, Validation R-squared: 0.4458680749
2023-11-22 12:39:28,426 - INFO - Epoch 35 : Training Loss: 5.8407659531, Validation Loss: 6.1558022499, Training R-squared: 0.5177361369, Validation R-squared: 0.4391816556
2023-11-22 12:39:42,427 - INFO - Epoch 36 : Training Loss: 5.8288979530, Validation Loss: 6.1250972748, Training R-squared: 0.5220734477, Validation R-squared: 0.4454987049
2023-11-22 12:39:56,509 - INFO - Epoch 37 : Training Loss: 5.8078513145, Validation Loss: 6.0963907242, Training R-squared: 0.5240783095, Validation R-squared: 0.4510976076
2023-11-22 12:40:10,661 - INFO - Epoch 38 : Training Loss: 5.7949638367, Validation Loss: 6.1067948341, Training R-squared: 0.5250169635, Validation R-squared: 0.4493971169
2023-11-22 12:40:26,705 - INFO - Epoch 39 : Training Loss: 5.7836155891, Validation Loss: 6.1140632629, Training R-squared: 0.5261271596, Validation R-squared: 0.4478487074
2023-11-22 12:40:42,842 - INFO - Epoch 40 : Training Loss: 5.7666854858, Validation Loss: 6.1046338081, Training R-squared: 0.5303601027, Validation R-squared: 0.4492229521
2023-11-22 12:40:59,528 - INFO - Epoch 41 : Training Loss: 5.7513008118, Validation Loss: 6.0808429718, Training R-squared: 0.5335704684, Validation R-squared: 0.4540525973
2023-11-22 12:41:15,065 - INFO - Epoch 42 : Training Loss: 5.7332525253, Validation Loss: 6.0933461189, Training R-squared: 0.5347404480, Validation R-squared: 0.4515172243
2023-11-22 12:41:29,902 - INFO - Epoch 43 : Training Loss: 5.7132959366, Validation Loss: 6.0833888054, Training R-squared: 0.5391879678, Validation R-squared: 0.4531749189
2023-11-22 12:41:43,971 - INFO - Epoch 44 : Training Loss: 5.6989355087, Validation Loss: 6.1071805954, Training R-squared: 0.5398506522, Validation R-squared: 0.4485639632
2023-11-22 12:41:58,201 - INFO - Epoch 45 : Training Loss: 5.6885342598, Validation Loss: 6.0958652496, Training R-squared: 0.5412946939, Validation R-squared: 0.4507619143
2023-11-22 12:42:12,037 - INFO - Epoch 46 : Training Loss: 5.6725759506, Validation Loss: 6.0727434158, Training R-squared: 0.5446550846, Validation R-squared: 0.4553114176
2023-11-22 12:42:26,445 - INFO - Epoch 47 : Training Loss: 5.6599912643, Validation Loss: 6.1124176979, Training R-squared: 0.5470954180, Validation R-squared: 0.4478605986
2023-11-22 12:42:40,877 - INFO - Epoch 48 : Training Loss: 5.6381478310, Validation Loss: 6.0986876488, Training R-squared: 0.5501218438, Validation R-squared: 0.4504619837
2023-11-22 12:42:55,855 - INFO - Epoch 49 : Training Loss: 5.6266193390, Validation Loss: 6.0754165649, Training R-squared: 0.5508926511, Validation R-squared: 0.4546911418
2023-11-22 12:43:10,737 - INFO - Epoch 50 : Training Loss: 5.6087813377, Validation Loss: 6.0756754875, Training R-squared: 0.5543221235, Validation R-squared: 0.4546229541
2023-11-22 12:43:26,079 - INFO - Epoch 51 : Training Loss: 5.5931773186, Validation Loss: 6.0726647377, Training R-squared: 0.5576915145, Validation R-squared: 0.4550133944
2023-11-22 12:43:41,292 - INFO - Epoch 52 : Training Loss: 5.5880908966, Validation Loss: 6.0857715607, Training R-squared: 0.5583707094, Validation R-squared: 0.4525385797
2023-11-22 12:43:56,904 - INFO - Epoch 53 : Training Loss: 5.5617828369, Validation Loss: 6.1034607887, Training R-squared: 0.5612819195, Validation R-squared: 0.4490521252
2023-11-22 12:44:11,192 - INFO - Epoch 54 : Training Loss: 5.5557489395, Validation Loss: 6.0536146164, Training R-squared: 0.5622115731, Validation R-squared: 0.4588160813
2023-11-22 12:44:25,793 - INFO - Epoch 55 : Training Loss: 5.5340275764, Validation Loss: 6.0982837677, Training R-squared: 0.5643510222, Validation R-squared: 0.4500761926
2023-11-22 12:44:40,852 - INFO - Epoch 56 : Training Loss: 5.5209932327, Validation Loss: 6.0822701454, Training R-squared: 0.5678935647, Validation R-squared: 0.4531656504
2023-11-22 12:44:55,358 - INFO - Epoch 57 : Training Loss: 5.5037407875, Validation Loss: 6.0928120613, Training R-squared: 0.5681512952, Validation R-squared: 0.4509186447
2023-11-22 12:45:09,674 - INFO - Epoch 58 : Training Loss: 5.4888010025, Validation Loss: 6.0569758415, Training R-squared: 0.5715641379, Validation R-squared: 0.4576715827
2023-11-22 12:45:24,116 - INFO - Epoch 59 : Training Loss: 5.4679369926, Validation Loss: 6.0641388893, Training R-squared: 0.5723310709, Validation R-squared: 0.4563172758
2023-11-22 12:45:43,759 - INFO - Model saved to models/portion_model/breakfast/512_512_200_64/sparsity_25_fold_2_model.keras
2023-11-22 12:45:49,970 - INFO - Avg Metrics: RMSE: 4.7233400393, R-squared: -0.0525657079, PCC: 0.6827933194
2023-11-22 12:45:49,970 - INFO - Agg Metrics: RMSE: 6.1382782546, R-squared: 0.4511256630, PCC: 0.6733254561
2023-11-22 12:45:56,626 - INFO - ================================================================== Fold 3 ===================================================================
2023-11-22 12:46:16,792 - INFO - Epoch 1  : Training Loss: 8.0323209763, Validation Loss: 8.0888881683, Training R-squared: 0.0696552247, Validation R-squared: 0.1046973094
2023-11-22 12:46:30,621 - INFO - Epoch 2  : Training Loss: 7.5983653069, Validation Loss: 7.6363601685, Training R-squared: 0.1689353436, Validation R-squared: 0.2031026930
2023-11-22 12:46:44,205 - INFO - Epoch 3  : Training Loss: 7.2750267982, Validation Loss: 7.3362593651, Training R-squared: 0.2397359610, Validation R-squared: 0.2652805448
2023-11-22 12:46:57,889 - INFO - Epoch 4  : Training Loss: 6.9076766968, Validation Loss: 6.9116139412, Training R-squared: 0.3143819571, Validation R-squared: 0.3487432599
2023-11-22 12:47:11,654 - INFO - Epoch 5  : Training Loss: 6.6366696358, Validation Loss: 6.8011512756, Training R-squared: 0.3667101860, Validation R-squared: 0.3698142469
2023-11-22 12:47:25,135 - INFO - Epoch 6  : Training Loss: 6.5475282669, Validation Loss: 6.7426180840, Training R-squared: 0.3846037984, Validation R-squared: 0.3804055452
2023-11-22 12:47:38,640 - INFO - Epoch 7  : Training Loss: 6.4985952377, Validation Loss: 6.7281832695, Training R-squared: 0.3947421610, Validation R-squared: 0.3836647570
2023-11-22 12:47:52,212 - INFO - Epoch 8  : Training Loss: 6.4692354202, Validation Loss: 6.7143998146, Training R-squared: 0.3995403945, Validation R-squared: 0.3857567906
2023-11-22 12:48:06,608 - INFO - Epoch 9  : Training Loss: 6.4505991936, Validation Loss: 6.7086219788, Training R-squared: 0.4032093287, Validation R-squared: 0.3868633807
2023-11-22 12:48:20,269 - INFO - Epoch 10 : Training Loss: 6.4239301682, Validation Loss: 6.7079148293, Training R-squared: 0.4073762000, Validation R-squared: 0.3870140612
2023-11-22 12:48:33,968 - INFO - Epoch 11 : Training Loss: 6.4048843384, Validation Loss: 6.7234473228, Training R-squared: 0.4111026227, Validation R-squared: 0.3832617998
2023-11-22 12:48:48,952 - INFO - Epoch 12 : Training Loss: 6.3757467270, Validation Loss: 6.7115163803, Training R-squared: 0.4151567519, Validation R-squared: 0.3857031763
2023-11-22 12:49:03,146 - INFO - Epoch 13 : Training Loss: 6.3576984406, Validation Loss: 6.6911659241, Training R-squared: 0.4195973575, Validation R-squared: 0.3903456032
2023-11-22 12:49:17,339 - INFO - Epoch 14 : Training Loss: 6.3435387611, Validation Loss: 6.6771340370, Training R-squared: 0.4218762517, Validation R-squared: 0.3927491307
2023-11-22 12:49:32,490 - INFO - Epoch 15 : Training Loss: 6.3035039902, Validation Loss: 6.6560425758, Training R-squared: 0.4291112423, Validation R-squared: 0.3967090547
2023-11-22 12:49:46,527 - INFO - Epoch 16 : Training Loss: 6.2696409225, Validation Loss: 6.6486945152, Training R-squared: 0.4341170490, Validation R-squared: 0.3989026248
2023-11-22 12:50:01,216 - INFO - Epoch 17 : Training Loss: 6.2492733002, Validation Loss: 6.6417574883, Training R-squared: 0.4386490881, Validation R-squared: 0.3988737464
2023-11-22 12:50:15,031 - INFO - Epoch 18 : Training Loss: 6.2151288986, Validation Loss: 6.6135792732, Training R-squared: 0.4443361461, Validation R-squared: 0.4047525525
2023-11-22 12:50:29,004 - INFO - Epoch 19 : Training Loss: 6.1705508232, Validation Loss: 6.5846548080, Training R-squared: 0.4534204006, Validation R-squared: 0.4094562232
2023-11-22 12:50:42,687 - INFO - Epoch 20 : Training Loss: 6.1216726303, Validation Loss: 6.5654911995, Training R-squared: 0.4620525837, Validation R-squared: 0.4131282568
2023-11-22 12:50:56,501 - INFO - Epoch 21 : Training Loss: 6.0964813232, Validation Loss: 6.5339717865, Training R-squared: 0.4653534293, Validation R-squared: 0.4196531475
2023-11-22 12:51:12,502 - INFO - Epoch 22 : Training Loss: 6.0772004128, Validation Loss: 6.5205044746, Training R-squared: 0.4695010781, Validation R-squared: 0.4222021699
2023-11-22 12:51:27,863 - INFO - Epoch 23 : Training Loss: 6.0399713516, Validation Loss: 6.5080027580, Training R-squared: 0.4754815698, Validation R-squared: 0.4244884253
2023-11-22 12:51:42,850 - INFO - Epoch 24 : Training Loss: 6.0175256729, Validation Loss: 6.4902858734, Training R-squared: 0.4796412289, Validation R-squared: 0.4276433289
2023-11-22 12:51:56,263 - INFO - Epoch 25 : Training Loss: 5.9923663139, Validation Loss: 6.4767112732, Training R-squared: 0.4838265777, Validation R-squared: 0.4299938381
2023-11-22 12:52:09,675 - INFO - Epoch 26 : Training Loss: 5.9650497437, Validation Loss: 6.4634261131, Training R-squared: 0.4880605042, Validation R-squared: 0.4322693050
2023-11-22 12:52:23,440 - INFO - Epoch 27 : Training Loss: 5.9363150597, Validation Loss: 6.4648718834, Training R-squared: 0.4917926192, Validation R-squared: 0.4315321743
2023-11-22 12:52:36,930 - INFO - Epoch 28 : Training Loss: 5.9204330444, Validation Loss: 6.4513449669, Training R-squared: 0.4957203269, Validation R-squared: 0.4336934388
2023-11-22 12:52:50,341 - INFO - Epoch 29 : Training Loss: 5.9035468102, Validation Loss: 6.4326171875, Training R-squared: 0.4983815551, Validation R-squared: 0.4376705289
2023-11-22 12:53:04,092 - INFO - Epoch 30 : Training Loss: 5.8921036720, Validation Loss: 6.4353108406, Training R-squared: 0.5008483529, Validation R-squared: 0.4368234575
2023-11-22 12:53:18,031 - INFO - Epoch 31 : Training Loss: 5.8759598732, Validation Loss: 6.4292821884, Training R-squared: 0.5022791028, Validation R-squared: 0.4381476045
2023-11-22 12:53:31,578 - INFO - Epoch 32 : Training Loss: 5.8547520638, Validation Loss: 6.4194145203, Training R-squared: 0.5066837072, Validation R-squared: 0.4398062825
2023-11-22 12:53:45,822 - INFO - Epoch 33 : Training Loss: 5.8414673805, Validation Loss: 6.4097757339, Training R-squared: 0.5097865462, Validation R-squared: 0.4413577914
2023-11-22 12:54:00,481 - INFO - Epoch 34 : Training Loss: 5.8309044838, Validation Loss: 6.4110112190, Training R-squared: 0.5110929608, Validation R-squared: 0.4416602254
2023-11-22 12:54:14,181 - INFO - Epoch 35 : Training Loss: 5.8119435310, Validation Loss: 6.4056143761, Training R-squared: 0.5144962072, Validation R-squared: 0.4419066310
2023-11-22 12:54:28,020 - INFO - Epoch 36 : Training Loss: 5.7989387512, Validation Loss: 6.3942732811, Training R-squared: 0.5166014433, Validation R-squared: 0.4441296160
2023-11-22 12:54:41,654 - INFO - Epoch 37 : Training Loss: 5.7798871994, Validation Loss: 6.3993477821, Training R-squared: 0.5194599628, Validation R-squared: 0.4428777695
2023-11-22 12:54:55,091 - INFO - Epoch 38 : Training Loss: 5.7676663399, Validation Loss: 6.3957209587, Training R-squared: 0.5195752382, Validation R-squared: 0.4437730610
2023-11-22 12:55:08,668 - INFO - Epoch 39 : Training Loss: 5.7499141693, Validation Loss: 6.3842821121, Training R-squared: 0.5243702531, Validation R-squared: 0.4457045794
2023-11-22 12:55:22,452 - INFO - Epoch 40 : Training Loss: 5.7360200882, Validation Loss: 6.3827586174, Training R-squared: 0.5262544751, Validation R-squared: 0.4458515346
2023-11-22 12:55:35,928 - INFO - Epoch 41 : Training Loss: 5.7225022316, Validation Loss: 6.3825612068, Training R-squared: 0.5288612843, Validation R-squared: 0.4463426471
2023-11-22 12:55:49,378 - INFO - Epoch 42 : Training Loss: 5.7117104530, Validation Loss: 6.3668794632, Training R-squared: 0.5310789943, Validation R-squared: 0.4488977790
2023-11-22 12:56:02,999 - INFO - Epoch 43 : Training Loss: 5.6946964264, Validation Loss: 6.3669819832, Training R-squared: 0.5321626067, Validation R-squared: 0.4488497674
2023-11-22 12:56:16,779 - INFO - Epoch 44 : Training Loss: 5.6784787178, Validation Loss: 6.3732643127, Training R-squared: 0.5350624919, Validation R-squared: 0.4472407103
2023-11-22 12:56:30,270 - INFO - Epoch 45 : Training Loss: 5.6546139717, Validation Loss: 6.3861989975, Training R-squared: 0.5393720269, Validation R-squared: 0.4437327981
2023-11-22 12:56:43,856 - INFO - Epoch 46 : Training Loss: 5.6368856430, Validation Loss: 6.3544750214, Training R-squared: 0.5413652062, Validation R-squared: 0.4503998160
2023-11-22 12:56:57,477 - INFO - Epoch 47 : Training Loss: 5.6318907738, Validation Loss: 6.3457970619, Training R-squared: 0.5423333049, Validation R-squared: 0.4520517588
2023-11-22 12:57:10,941 - INFO - Epoch 48 : Training Loss: 5.6073298454, Validation Loss: 6.3759055138, Training R-squared: 0.5453375578, Validation R-squared: 0.4457939863
2023-11-22 12:57:24,723 - INFO - Epoch 49 : Training Loss: 5.5980896950, Validation Loss: 6.3737440109, Training R-squared: 0.5485167503, Validation R-squared: 0.4458653033
2023-11-22 12:57:38,409 - INFO - Epoch 50 : Training Loss: 5.5786495209, Validation Loss: 6.3539624214, Training R-squared: 0.5516277552, Validation R-squared: 0.4499290287
2023-11-22 12:57:52,076 - INFO - Epoch 51 : Training Loss: 5.5658788681, Validation Loss: 6.3198895454, Training R-squared: 0.5520334244, Validation R-squared: 0.4568863809
2023-11-22 12:58:05,777 - INFO - Epoch 52 : Training Loss: 5.5436215401, Validation Loss: 6.3284115791, Training R-squared: 0.5559002161, Validation R-squared: 0.4543020725
2023-11-22 12:58:19,752 - INFO - Epoch 53 : Training Loss: 5.5401959419, Validation Loss: 6.3195524216, Training R-squared: 0.5570697188, Validation R-squared: 0.4563607275
2023-11-22 12:58:33,384 - INFO - Epoch 54 : Training Loss: 5.5312757492, Validation Loss: 6.3239517212, Training R-squared: 0.5583432317, Validation R-squared: 0.4549576938
2023-11-22 12:58:46,879 - INFO - Epoch 55 : Training Loss: 5.5106229782, Validation Loss: 6.3218793869, Training R-squared: 0.5605322123, Validation R-squared: 0.4555263519
2023-11-22 12:59:00,828 - INFO - Epoch 56 : Training Loss: 5.4934883118, Validation Loss: 6.3156409264, Training R-squared: 0.5629600286, Validation R-squared: 0.4564299285
2023-11-22 12:59:14,459 - INFO - Epoch 57 : Training Loss: 5.4801654816, Validation Loss: 6.3071475029, Training R-squared: 0.5662807226, Validation R-squared: 0.4579946697
2023-11-22 12:59:28,417 - INFO - Epoch 58 : Training Loss: 5.4623188972, Validation Loss: 6.3095297813, Training R-squared: 0.5690950751, Validation R-squared: 0.4571635723
2023-11-22 12:59:41,830 - INFO - Epoch 59 : Training Loss: 5.4564266205, Validation Loss: 6.3076982498, Training R-squared: 0.5692257285, Validation R-squared: 0.4575636983
2023-11-22 12:59:55,195 - INFO - Epoch 60 : Training Loss: 5.4383449554, Validation Loss: 6.3118538857, Training R-squared: 0.5723950863, Validation R-squared: 0.4569988251
2023-11-22 13:00:08,795 - INFO - Epoch 61 : Training Loss: 5.4357008934, Validation Loss: 6.2950530052, Training R-squared: 0.5723513365, Validation R-squared: 0.4599935710
2023-11-22 13:00:22,763 - INFO - Epoch 62 : Training Loss: 5.4188976288, Validation Loss: 6.3162322044, Training R-squared: 0.5754079819, Validation R-squared: 0.4559110701
2023-11-22 13:00:36,036 - INFO - Epoch 63 : Training Loss: 5.3937172890, Validation Loss: 6.3086719513, Training R-squared: 0.5785417557, Validation R-squared: 0.4570222497
2023-11-22 13:00:49,501 - INFO - Epoch 64 : Training Loss: 5.3863558769, Validation Loss: 6.2943091393, Training R-squared: 0.5800349712, Validation R-squared: 0.4595857561
2023-11-22 13:01:03,155 - INFO - Epoch 65 : Training Loss: 5.3863935471, Validation Loss: 6.3260893822, Training R-squared: 0.5791886449, Validation R-squared: 0.4528170228
2023-11-22 13:01:16,772 - INFO - Epoch 66 : Training Loss: 5.3544311523, Validation Loss: 6.3002634048, Training R-squared: 0.5832149386, Validation R-squared: 0.4582383633
2023-11-22 13:01:30,629 - INFO - Epoch 67 : Training Loss: 5.3497114182, Validation Loss: 6.3184089661, Training R-squared: 0.5853920579, Validation R-squared: 0.4540767372
2023-11-22 13:01:46,942 - INFO - Epoch 68 : Training Loss: 5.3288536072, Validation Loss: 6.3056430817, Training R-squared: 0.5885691047, Validation R-squared: 0.4564052224
2023-11-22 13:02:03,211 - INFO - Epoch 69 : Training Loss: 5.3136491776, Validation Loss: 6.2905192375, Training R-squared: 0.5899076462, Validation R-squared: 0.4590620100
2023-11-22 13:02:23,073 - INFO - Epoch 70 : Training Loss: 5.2927274704, Validation Loss: 6.2697949409, Training R-squared: 0.5925062895, Validation R-squared: 0.4632346332
2023-11-22 13:02:38,986 - INFO - Epoch 71 : Training Loss: 5.2897171974, Validation Loss: 6.2866172791, Training R-squared: 0.5949411988, Validation R-squared: 0.4594299495
2023-11-22 13:02:55,285 - INFO - Epoch 72 : Training Loss: 5.2874784470, Validation Loss: 6.2835059166, Training R-squared: 0.5952234864, Validation R-squared: 0.4596801102
2023-11-22 13:03:10,788 - INFO - Epoch 73 : Training Loss: 5.2735266685, Validation Loss: 6.2870812416, Training R-squared: 0.5964177847, Validation R-squared: 0.4590595961
2023-11-22 13:03:26,002 - INFO - Epoch 74 : Training Loss: 5.2545518875, Validation Loss: 6.2668604851, Training R-squared: 0.5990891457, Validation R-squared: 0.4633633196
2023-11-22 13:03:41,760 - INFO - Epoch 75 : Training Loss: 5.2487306595, Validation Loss: 6.2630348206, Training R-squared: 0.6000169516, Validation R-squared: 0.4641623795
2023-11-22 13:04:01,457 - INFO - Epoch 76 : Training Loss: 5.2316269875, Validation Loss: 6.2813425064, Training R-squared: 0.6022251844, Validation R-squared: 0.4603478014
2023-11-22 13:04:18,196 - INFO - Epoch 77 : Training Loss: 5.2263002396, Validation Loss: 6.2854590416, Training R-squared: 0.6033837199, Validation R-squared: 0.4598238468
2023-11-22 13:04:36,070 - INFO - Epoch 78 : Training Loss: 5.2007093430, Validation Loss: 6.2503805161, Training R-squared: 0.6062042713, Validation R-squared: 0.4656026959
2023-11-22 13:04:51,565 - INFO - Epoch 79 : Training Loss: 5.1975297928, Validation Loss: 6.2743277550, Training R-squared: 0.6072142720, Validation R-squared: 0.4610728621
2023-11-22 13:05:08,461 - INFO - Epoch 80 : Training Loss: 5.1916627884, Validation Loss: 6.2576417923, Training R-squared: 0.6077264547, Validation R-squared: 0.4643760324
2023-11-22 13:05:29,360 - INFO - Epoch 81 : Training Loss: 5.1782660484, Validation Loss: 6.3359298706, Training R-squared: 0.6103451848, Validation R-squared: 0.4484398961
2023-11-22 13:05:46,296 - INFO - Epoch 82 : Training Loss: 5.1615815163, Validation Loss: 6.2872142792, Training R-squared: 0.6129755378, Validation R-squared: 0.4575691223
2023-11-22 13:06:02,451 - INFO - Epoch 83 : Training Loss: 5.1668286324, Validation Loss: 6.2684469223, Training R-squared: 0.6118921638, Validation R-squared: 0.4623576999
2023-11-22 13:06:24,943 - INFO - Model saved to models/portion_model/breakfast/512_512_200_64/sparsity_25_fold_3_model.keras
2023-11-22 13:06:31,514 - INFO - Avg Metrics: RMSE: 4.7014808350, R-squared: -0.9721549460, PCC: 0.7195415582
2023-11-22 13:06:31,514 - INFO - Agg Metrics: RMSE: 6.4145362651, R-squared: 0.4537868003, PCC: 0.6768566576
2023-11-22 13:06:38,828 - INFO - ================================================================== Fold 4 ===================================================================
2023-11-22 13:07:00,395 - INFO - Epoch 1  : Training Loss: 8.1070775986, Validation Loss: 7.8734574318, Training R-squared: 0.0698776096, Validation R-squared: 0.0949500352
2023-11-22 13:07:16,712 - INFO - Epoch 2  : Training Loss: 7.6791577339, Validation Loss: 7.4470243454, Training R-squared: 0.1643371582, Validation R-squared: 0.1899062097
2023-11-22 13:07:33,614 - INFO - Epoch 3  : Training Loss: 7.3773646355, Validation Loss: 7.1417326927, Training R-squared: 0.2304497212, Validation R-squared: 0.2548485994
2023-11-22 13:07:50,522 - INFO - Epoch 4  : Training Loss: 6.9609098434, Validation Loss: 6.6920328140, Training R-squared: 0.3165093660, Validation R-squared: 0.3456282914
2023-11-22 13:08:05,698 - INFO - Epoch 5  : Training Loss: 6.6722807884, Validation Loss: 6.5655102730, Training R-squared: 0.3718438447, Validation R-squared: 0.3705870509
2023-11-22 13:08:21,416 - INFO - Epoch 6  : Training Loss: 6.5735301971, Validation Loss: 6.5309271812, Training R-squared: 0.3898427188, Validation R-squared: 0.3772000968
2023-11-22 13:08:37,163 - INFO - Epoch 7  : Training Loss: 6.5355558395, Validation Loss: 6.5205521584, Training R-squared: 0.3968902826, Validation R-squared: 0.3796950281
2023-11-22 13:08:51,651 - INFO - Epoch 8  : Training Loss: 6.5140743256, Validation Loss: 6.5194244385, Training R-squared: 0.4018062949, Validation R-squared: 0.3789266050
2023-11-22 13:09:05,639 - INFO - Epoch 9  : Training Loss: 6.4906258583, Validation Loss: 6.5125074387, Training R-squared: 0.4050329924, Validation R-squared: 0.3809911907
2023-11-22 13:09:20,161 - INFO - Epoch 10 : Training Loss: 6.4620685577, Validation Loss: 6.5236539841, Training R-squared: 0.4113692343, Validation R-squared: 0.3786840141
2023-11-22 13:09:34,597 - INFO - Epoch 11 : Training Loss: 6.4483890533, Validation Loss: 6.5015592575, Training R-squared: 0.4123468399, Validation R-squared: 0.3831674457
2023-11-22 13:09:48,733 - INFO - Epoch 12 : Training Loss: 6.4322481155, Validation Loss: 6.5234394073, Training R-squared: 0.4148406088, Validation R-squared: 0.3777971268
2023-11-22 13:10:02,684 - INFO - Epoch 13 : Training Loss: 6.4043331146, Validation Loss: 6.4840431213, Training R-squared: 0.4207818508, Validation R-squared: 0.3864432275
2023-11-22 13:10:17,098 - INFO - Epoch 14 : Training Loss: 6.3645515442, Validation Loss: 6.4734454155, Training R-squared: 0.4271838963, Validation R-squared: 0.3882879019
2023-11-22 13:10:31,417 - INFO - Epoch 15 : Training Loss: 6.3415198326, Validation Loss: 6.4710621834, Training R-squared: 0.4321408272, Validation R-squared: 0.3887418807
2023-11-22 13:10:46,898 - INFO - Epoch 16 : Training Loss: 6.3172001839, Validation Loss: 6.4525661469, Training R-squared: 0.4357329607, Validation R-squared: 0.3922199309
2023-11-22 13:11:02,596 - INFO - Epoch 17 : Training Loss: 6.2808008194, Validation Loss: 6.4306015968, Training R-squared: 0.4415146112, Validation R-squared: 0.3969343901
2023-11-22 13:11:17,997 - INFO - Epoch 18 : Training Loss: 6.2430567741, Validation Loss: 6.4157910347, Training R-squared: 0.4486404061, Validation R-squared: 0.3999045491
2023-11-22 13:11:32,504 - INFO - Epoch 19 : Training Loss: 6.2246665955, Validation Loss: 6.4021611214, Training R-squared: 0.4534507096, Validation R-squared: 0.4016960263
2023-11-22 13:11:46,242 - INFO - Epoch 20 : Training Loss: 6.1829314232, Validation Loss: 6.3768162727, Training R-squared: 0.4595091641, Validation R-squared: 0.4071664810
2023-11-22 13:11:59,881 - INFO - Epoch 21 : Training Loss: 6.1418614388, Validation Loss: 6.3587598801, Training R-squared: 0.4652133882, Validation R-squared: 0.4107927680
2023-11-22 13:12:13,324 - INFO - Epoch 22 : Training Loss: 6.1065640450, Validation Loss: 6.3357248306, Training R-squared: 0.4718300104, Validation R-squared: 0.4148682952
2023-11-22 13:12:27,184 - INFO - Epoch 23 : Training Loss: 6.0825028419, Validation Loss: 6.3328971863, Training R-squared: 0.4765273035, Validation R-squared: 0.4148895144
2023-11-22 13:12:40,880 - INFO - Epoch 24 : Training Loss: 6.0492720604, Validation Loss: 6.3075737953, Training R-squared: 0.4812715948, Validation R-squared: 0.4204525352
2023-11-22 13:12:54,880 - INFO - Epoch 25 : Training Loss: 6.0362701416, Validation Loss: 6.3027796745, Training R-squared: 0.4857556820, Validation R-squared: 0.4208540022
2023-11-22 13:13:08,898 - INFO - Epoch 26 : Training Loss: 6.0055599213, Validation Loss: 6.2925710678, Training R-squared: 0.4894400835, Validation R-squared: 0.4231855571
2023-11-22 13:13:25,197 - INFO - Epoch 27 : Training Loss: 5.9834737778, Validation Loss: 6.2911939621, Training R-squared: 0.4939226508, Validation R-squared: 0.4232311845
2023-11-22 13:13:39,199 - INFO - Epoch 28 : Training Loss: 5.9747900963, Validation Loss: 6.2868518829, Training R-squared: 0.4944886267, Validation R-squared: 0.4239266217
2023-11-22 13:13:53,699 - INFO - Epoch 29 : Training Loss: 5.9485244751, Validation Loss: 6.2905750275, Training R-squared: 0.4995204806, Validation R-squared: 0.4231832623
2023-11-22 13:14:08,164 - INFO - Epoch 30 : Training Loss: 5.9380369186, Validation Loss: 6.2746701241, Training R-squared: 0.5007359982, Validation R-squared: 0.4268031716
2023-11-22 13:14:22,038 - INFO - Epoch 31 : Training Loss: 5.9214191437, Validation Loss: 6.2863049507, Training R-squared: 0.5048686862, Validation R-squared: 0.4240499735
2023-11-22 13:14:35,818 - INFO - Epoch 32 : Training Loss: 5.9118847847, Validation Loss: 6.2696452141, Training R-squared: 0.5041794777, Validation R-squared: 0.4278967083
2023-11-22 13:14:49,911 - INFO - Epoch 33 : Training Loss: 5.8967838287, Validation Loss: 6.2729563713, Training R-squared: 0.5071514845, Validation R-squared: 0.4267810881
2023-11-22 13:15:03,552 - INFO - Epoch 34 : Training Loss: 5.8821158409, Validation Loss: 6.2610793114, Training R-squared: 0.5082980990, Validation R-squared: 0.4292985797
2023-11-22 13:15:20,431 - INFO - Epoch 35 : Training Loss: 5.8727245331, Validation Loss: 6.2597451210, Training R-squared: 0.5099638104, Validation R-squared: 0.4290530384
2023-11-22 13:15:37,559 - INFO - Epoch 36 : Training Loss: 5.8432130814, Validation Loss: 6.2556591034, Training R-squared: 0.5144789219, Validation R-squared: 0.4298037291
2023-11-22 13:15:54,239 - INFO - Epoch 37 : Training Loss: 5.8293991089, Validation Loss: 6.2435450554, Training R-squared: 0.5166981816, Validation R-squared: 0.4324104190
2023-11-22 13:16:09,618 - INFO - Epoch 38 : Training Loss: 5.8258891106, Validation Loss: 6.2315173149, Training R-squared: 0.5196213722, Validation R-squared: 0.4344294667
2023-11-22 13:16:25,491 - INFO - Epoch 39 : Training Loss: 5.8180484772, Validation Loss: 6.2571134567, Training R-squared: 0.5201590657, Validation R-squared: 0.4292119443
2023-11-22 13:16:42,350 - INFO - Epoch 40 : Training Loss: 5.7964487076, Validation Loss: 6.2375540733, Training R-squared: 0.5220428705, Validation R-squared: 0.4331111610
2023-11-22 13:16:57,148 - INFO - Epoch 41 : Training Loss: 5.7845005989, Validation Loss: 6.2305002213, Training R-squared: 0.5276792049, Validation R-squared: 0.4344729483
2023-11-22 13:17:12,132 - INFO - Epoch 42 : Training Loss: 5.7620291710, Validation Loss: 6.2255587578, Training R-squared: 0.5284438729, Validation R-squared: 0.4352532029
2023-11-22 13:17:29,663 - INFO - Epoch 43 : Training Loss: 5.7647409439, Validation Loss: 6.2116646767, Training R-squared: 0.5298013091, Validation R-squared: 0.4385415912
2023-11-22 13:17:46,416 - INFO - Epoch 44 : Training Loss: 5.7415552139, Validation Loss: 6.2188496590, Training R-squared: 0.5319668055, Validation R-squared: 0.4365231693
2023-11-22 13:18:03,109 - INFO - Epoch 45 : Training Loss: 5.7261795998, Validation Loss: 6.2170538902, Training R-squared: 0.5342001915, Validation R-squared: 0.4370858371
2023-11-22 13:18:18,521 - INFO - Epoch 46 : Training Loss: 5.7095222473, Validation Loss: 6.2001075745, Training R-squared: 0.5370885730, Validation R-squared: 0.4401202798
2023-11-22 13:18:33,682 - INFO - Epoch 47 : Training Loss: 5.6958956718, Validation Loss: 6.2228541374, Training R-squared: 0.5388041735, Validation R-squared: 0.4349581599
2023-11-22 13:18:48,658 - INFO - Epoch 48 : Training Loss: 5.6904020309, Validation Loss: 6.1834177971, Training R-squared: 0.5411394238, Validation R-squared: 0.4428962469
2023-11-22 13:19:03,768 - INFO - Epoch 49 : Training Loss: 5.6711387634, Validation Loss: 6.2095975876, Training R-squared: 0.5404998064, Validation R-squared: 0.4375360310
2023-11-22 13:19:18,932 - INFO - Epoch 50 : Training Loss: 5.6538562775, Validation Loss: 6.1911616325, Training R-squared: 0.5454130173, Validation R-squared: 0.4410525560
2023-11-22 13:19:34,284 - INFO - Epoch 51 : Training Loss: 5.6316699982, Validation Loss: 6.1769251823, Training R-squared: 0.5501613021, Validation R-squared: 0.4444688261
2023-11-22 13:19:49,099 - INFO - Epoch 52 : Training Loss: 5.6173253059, Validation Loss: 6.1565489769, Training R-squared: 0.5521480441, Validation R-squared: 0.4479591548
2023-11-22 13:20:04,474 - INFO - Epoch 53 : Training Loss: 5.5925855637, Validation Loss: 6.1784377098, Training R-squared: 0.5550454259, Validation R-squared: 0.4431023896
2023-11-22 13:20:20,745 - INFO - Epoch 54 : Training Loss: 5.5802974701, Validation Loss: 6.1483740807, Training R-squared: 0.5565044880, Validation R-squared: 0.4497566819
2023-11-22 13:20:35,969 - INFO - Epoch 55 : Training Loss: 5.5680603981, Validation Loss: 6.1375517845, Training R-squared: 0.5589745045, Validation R-squared: 0.4513436258
2023-11-22 13:20:51,844 - INFO - Epoch 56 : Training Loss: 5.5524272919, Validation Loss: 6.2001357079, Training R-squared: 0.5617732406, Validation R-squared: 0.4385316670
2023-11-22 13:21:07,204 - INFO - Epoch 57 : Training Loss: 5.5459313393, Validation Loss: 6.1342921257, Training R-squared: 0.5617456436, Validation R-squared: 0.4517914057
2023-11-22 13:21:23,086 - INFO - Epoch 58 : Training Loss: 5.5219449997, Validation Loss: 6.1337056160, Training R-squared: 0.5660725236, Validation R-squared: 0.4517463744
2023-11-22 13:21:39,388 - INFO - Epoch 59 : Training Loss: 5.5183606148, Validation Loss: 6.1483035088, Training R-squared: 0.5663996935, Validation R-squared: 0.4486454129
2023-11-22 13:21:54,964 - INFO - Epoch 60 : Training Loss: 5.4919986725, Validation Loss: 6.1412591934, Training R-squared: 0.5692749023, Validation R-squared: 0.4501509368
2023-11-22 13:22:09,203 - INFO - Epoch 61 : Training Loss: 5.4846367836, Validation Loss: 6.1075916290, Training R-squared: 0.5723103285, Validation R-squared: 0.4564009607
2023-11-22 13:22:23,152 - INFO - Epoch 62 : Training Loss: 5.4614033699, Validation Loss: 6.1491913795, Training R-squared: 0.5742093325, Validation R-squared: 0.4483174384
2023-11-22 13:22:37,317 - INFO - Epoch 63 : Training Loss: 5.4580984116, Validation Loss: 6.1240062714, Training R-squared: 0.5746152401, Validation R-squared: 0.4532613158
2023-11-22 13:22:52,102 - INFO - Epoch 64 : Training Loss: 5.4446439743, Validation Loss: 6.1107587814, Training R-squared: 0.5773904920, Validation R-squared: 0.4558528662
2023-11-22 13:23:05,967 - INFO - Epoch 65 : Training Loss: 5.4296026230, Validation Loss: 6.1202216148, Training R-squared: 0.5788939595, Validation R-squared: 0.4537294507
2023-11-22 13:23:20,456 - INFO - Epoch 66 : Training Loss: 5.4250288010, Validation Loss: 6.0917787552, Training R-squared: 0.5795287490, Validation R-squared: 0.4592346847
2023-11-22 13:23:34,066 - INFO - Epoch 67 : Training Loss: 5.3959288597, Validation Loss: 6.1215438843, Training R-squared: 0.5846737027, Validation R-squared: 0.4532048702
2023-11-22 13:23:49,592 - INFO - Epoch 68 : Training Loss: 5.3817515373, Validation Loss: 6.1093878746, Training R-squared: 0.5857757330, Validation R-squared: 0.4554023743
2023-11-22 13:24:04,606 - INFO - Epoch 69 : Training Loss: 5.3735451698, Validation Loss: 6.1038498878, Training R-squared: 0.5876230597, Validation R-squared: 0.4566840529
2023-11-22 13:24:18,807 - INFO - Epoch 70 : Training Loss: 5.3596758842, Validation Loss: 6.0791616440, Training R-squared: 0.5892698765, Validation R-squared: 0.4612456560
2023-11-22 13:24:33,048 - INFO - Epoch 71 : Training Loss: 5.3485240936, Validation Loss: 6.1105642319, Training R-squared: 0.5914497972, Validation R-squared: 0.4552996755
2023-11-22 13:24:47,269 - INFO - Epoch 72 : Training Loss: 5.3363204002, Validation Loss: 6.1133980751, Training R-squared: 0.5933135748, Validation R-squared: 0.4545833766
2023-11-22 13:25:02,279 - INFO - Epoch 73 : Training Loss: 5.3120641708, Validation Loss: 6.0955700874, Training R-squared: 0.5968369842, Validation R-squared: 0.4577842653
2023-11-22 13:25:17,039 - INFO - Epoch 74 : Training Loss: 5.3103227615, Validation Loss: 6.1606645584, Training R-squared: 0.5959355831, Validation R-squared: 0.4446966946
2023-11-22 13:25:31,913 - INFO - Epoch 75 : Training Loss: 5.2911953926, Validation Loss: 6.1041183472, Training R-squared: 0.5990107059, Validation R-squared: 0.4560919106
2023-11-22 13:25:50,085 - INFO - Model saved to models/portion_model/breakfast/512_512_200_64/sparsity_25_fold_4_model.keras
2023-11-22 13:25:55,388 - INFO - Avg Metrics: RMSE: 4.6660750206, R-squared: -0.0040127300, PCC: 0.7017041924
2023-11-22 13:25:55,389 - INFO - Agg Metrics: RMSE: 6.1827399090, R-squared: 0.4534890080, PCC: 0.6769872598
2023-11-22 13:26:01,808 - INFO - ================================================================== Fold 5 ===================================================================
2023-11-22 13:26:21,784 - INFO - Epoch 1  : Training Loss: 8.0261945724, Validation Loss: 8.1785421371, Training R-squared: 0.0689825267, Validation R-squared: 0.0942146778
2023-11-22 13:26:37,173 - INFO - Epoch 2  : Training Loss: 7.6106610298, Validation Loss: 7.7311558723, Training R-squared: 0.1633739620, Validation R-squared: 0.1918611228
2023-11-22 13:26:51,524 - INFO - Epoch 3  : Training Loss: 7.3275880814, Validation Loss: 7.4036574364, Training R-squared: 0.2244063765, Validation R-squared: 0.2610428333
2023-11-22 13:27:05,401 - INFO - Epoch 4  : Training Loss: 6.8359990120, Validation Loss: 6.9608035088, Training R-squared: 0.3259994984, Validation R-squared: 0.3487002254
2023-11-22 13:27:19,206 - INFO - Epoch 5  : Training Loss: 6.6311063766, Validation Loss: 6.9229516983, Training R-squared: 0.3663926423, Validation R-squared: 0.3555326462
2023-11-22 13:27:33,017 - INFO - Epoch 6  : Training Loss: 6.5726947784, Validation Loss: 6.8580074310, Training R-squared: 0.3782593608, Validation R-squared: 0.3679509461
2023-11-22 13:27:47,234 - INFO - Epoch 7  : Training Loss: 6.5012497902, Validation Loss: 6.8199009895, Training R-squared: 0.3917587101, Validation R-squared: 0.3742859066
2023-11-22 13:28:01,285 - INFO - Epoch 8  : Training Loss: 6.4523859024, Validation Loss: 6.7886242867, Training R-squared: 0.4006878734, Validation R-squared: 0.3804203272
2023-11-22 13:28:15,370 - INFO - Epoch 9  : Training Loss: 6.4347271919, Validation Loss: 6.7880210876, Training R-squared: 0.4050199091, Validation R-squared: 0.3811031282
2023-11-22 13:28:29,630 - INFO - Epoch 10 : Training Loss: 6.4103727341, Validation Loss: 6.7868680954, Training R-squared: 0.4075007141, Validation R-squared: 0.3816022873
2023-11-22 13:28:43,404 - INFO - Epoch 11 : Training Loss: 6.3846969604, Validation Loss: 6.7746119499, Training R-squared: 0.4124624133, Validation R-squared: 0.3832387626
2023-11-22 13:28:57,190 - INFO - Epoch 12 : Training Loss: 6.3776330948, Validation Loss: 6.7670493126, Training R-squared: 0.4130696952, Validation R-squared: 0.3844111562
2023-11-22 13:29:11,457 - INFO - Epoch 13 : Training Loss: 6.3528347015, Validation Loss: 6.7697887421, Training R-squared: 0.4172104597, Validation R-squared: 0.3835649788
2023-11-22 13:29:26,064 - INFO - Epoch 14 : Training Loss: 6.3295998573, Validation Loss: 6.7548303604, Training R-squared: 0.4217945039, Validation R-squared: 0.3871054053
2023-11-22 13:29:39,813 - INFO - Epoch 15 : Training Loss: 6.3021574020, Validation Loss: 6.7347860336, Training R-squared: 0.4263276458, Validation R-squared: 0.3903465867
2023-11-22 13:29:54,300 - INFO - Epoch 16 : Training Loss: 6.2600688934, Validation Loss: 6.7104592323, Training R-squared: 0.4343076646, Validation R-squared: 0.3953230083
2023-11-22 13:30:07,784 - INFO - Epoch 17 : Training Loss: 6.2163438797, Validation Loss: 6.6754169464, Training R-squared: 0.4409731328, Validation R-squared: 0.4013560116
2023-11-22 13:30:21,970 - INFO - Epoch 18 : Training Loss: 6.1809825897, Validation Loss: 6.6449060440, Training R-squared: 0.4496540129, Validation R-squared: 0.4067250192
2023-11-22 13:30:36,103 - INFO - Epoch 19 : Training Loss: 6.1320676804, Validation Loss: 6.6203031540, Training R-squared: 0.4573639035, Validation R-squared: 0.4113209248
2023-11-22 13:30:49,886 - INFO - Epoch 20 : Training Loss: 6.0953364372, Validation Loss: 6.5983891487, Training R-squared: 0.4636339545, Validation R-squared: 0.4157432914
2023-11-22 13:31:03,697 - INFO - Epoch 21 : Training Loss: 6.0611567497, Validation Loss: 6.5956068039, Training R-squared: 0.4691069722, Validation R-squared: 0.4156219959
2023-11-22 13:31:17,614 - INFO - Epoch 22 : Training Loss: 6.0446476936, Validation Loss: 6.5713605881, Training R-squared: 0.4732634723, Validation R-squared: 0.4199270010
2023-11-22 13:31:31,691 - INFO - Epoch 23 : Training Loss: 6.0057554245, Validation Loss: 6.5653009415, Training R-squared: 0.4789938033, Validation R-squared: 0.4207016826
2023-11-22 13:31:45,303 - INFO - Epoch 24 : Training Loss: 5.9849934578, Validation Loss: 6.5394539833, Training R-squared: 0.4826867580, Validation R-squared: 0.4257034957
2023-11-22 13:31:58,955 - INFO - Epoch 25 : Training Loss: 5.9680447578, Validation Loss: 6.5266337395, Training R-squared: 0.4870174527, Validation R-squared: 0.4280299544
2023-11-22 13:32:12,700 - INFO - Epoch 26 : Training Loss: 5.9431581497, Validation Loss: 6.5203938484, Training R-squared: 0.4912860692, Validation R-squared: 0.4290989935
2023-11-22 13:32:26,761 - INFO - Epoch 27 : Training Loss: 5.9167871475, Validation Loss: 6.5140128136, Training R-squared: 0.4936027229, Validation R-squared: 0.4307073057
2023-11-22 13:32:40,687 - INFO - Epoch 28 : Training Loss: 5.8982892036, Validation Loss: 6.5076060295, Training R-squared: 0.4971466959, Validation R-squared: 0.4312412143
2023-11-22 13:32:54,106 - INFO - Epoch 29 : Training Loss: 5.8804326057, Validation Loss: 6.5032477379, Training R-squared: 0.5006437302, Validation R-squared: 0.4318539202
2023-11-22 13:33:07,986 - INFO - Epoch 30 : Training Loss: 5.8672862053, Validation Loss: 6.4844536781, Training R-squared: 0.5034456253, Validation R-squared: 0.4353258908
2023-11-22 13:33:21,738 - INFO - Epoch 31 : Training Loss: 5.8472876549, Validation Loss: 6.4925222397, Training R-squared: 0.5065253973, Validation R-squared: 0.4331224263
2023-11-22 13:33:35,754 - INFO - Epoch 32 : Training Loss: 5.8332099915, Validation Loss: 6.4839634895, Training R-squared: 0.5081505179, Validation R-squared: 0.4350636005
2023-11-22 13:33:49,891 - INFO - Epoch 33 : Training Loss: 5.8264737129, Validation Loss: 6.4758143425, Training R-squared: 0.5099807978, Validation R-squared: 0.4367631376
2023-11-22 13:34:04,111 - INFO - Epoch 34 : Training Loss: 5.8045358658, Validation Loss: 6.4807686806, Training R-squared: 0.5135353804, Validation R-squared: 0.4348717928
2023-11-22 13:34:18,404 - INFO - Epoch 35 : Training Loss: 5.7913784981, Validation Loss: 6.4623017311, Training R-squared: 0.5154262781, Validation R-squared: 0.4390283227
2023-11-22 13:34:32,059 - INFO - Epoch 36 : Training Loss: 5.7905206680, Validation Loss: 6.4629697800, Training R-squared: 0.5164722800, Validation R-squared: 0.4388270974
2023-11-22 13:34:45,905 - INFO - Epoch 37 : Training Loss: 5.7644686699, Validation Loss: 6.4512085915, Training R-squared: 0.5191462636, Validation R-squared: 0.4409323931
2023-11-22 13:34:59,664 - INFO - Epoch 38 : Training Loss: 5.7466659546, Validation Loss: 6.4571881294, Training R-squared: 0.5224932432, Validation R-squared: 0.4393718243
2023-11-22 13:35:13,391 - INFO - Epoch 39 : Training Loss: 5.7291355133, Validation Loss: 6.4525361061, Training R-squared: 0.5253801346, Validation R-squared: 0.4397816062
2023-11-22 13:35:27,566 - INFO - Epoch 40 : Training Loss: 5.7190856934, Validation Loss: 6.4241628647, Training R-squared: 0.5269345641, Validation R-squared: 0.4454605579
2023-11-22 13:35:41,589 - INFO - Epoch 41 : Training Loss: 5.6946191788, Validation Loss: 6.4332599640, Training R-squared: 0.5298762918, Validation R-squared: 0.4435147047
2023-11-22 13:35:55,155 - INFO - Epoch 42 : Training Loss: 5.6883673668, Validation Loss: 6.4259662628, Training R-squared: 0.5320659280, Validation R-squared: 0.4445401430
2023-11-22 13:36:08,677 - INFO - Epoch 43 : Training Loss: 5.6740808487, Validation Loss: 6.4159154892, Training R-squared: 0.5325421691, Validation R-squared: 0.4463856816
2023-11-22 13:36:23,050 - INFO - Epoch 44 : Training Loss: 5.6557374001, Validation Loss: 6.4057879448, Training R-squared: 0.5361449122, Validation R-squared: 0.4482341111
2023-11-22 13:36:36,663 - INFO - Epoch 45 : Training Loss: 5.6411867142, Validation Loss: 6.4099888802, Training R-squared: 0.5391981602, Validation R-squared: 0.4477230608
2023-11-22 13:36:50,092 - INFO - Epoch 46 : Training Loss: 5.6202707291, Validation Loss: 6.4038257599, Training R-squared: 0.5416657925, Validation R-squared: 0.4490894079
2023-11-22 13:37:04,040 - INFO - Epoch 47 : Training Loss: 5.5986433029, Validation Loss: 6.3940167427, Training R-squared: 0.5461578369, Validation R-squared: 0.4509091973
2023-11-22 13:37:18,034 - INFO - Epoch 48 : Training Loss: 5.5942530632, Validation Loss: 6.4131407738, Training R-squared: 0.5476121902, Validation R-squared: 0.4460653067
2023-11-22 13:37:31,626 - INFO - Epoch 49 : Training Loss: 5.5886740685, Validation Loss: 6.3649911880, Training R-squared: 0.5486608148, Validation R-squared: 0.4559248984
2023-11-22 13:37:45,554 - INFO - Epoch 50 : Training Loss: 5.5562963486, Validation Loss: 6.3769936562, Training R-squared: 0.5514664650, Validation R-squared: 0.4533988237
2023-11-22 13:37:59,475 - INFO - Epoch 51 : Training Loss: 5.5451469421, Validation Loss: 6.3935208321, Training R-squared: 0.5527970195, Validation R-squared: 0.4499524534
2023-11-22 13:38:13,437 - INFO - Epoch 52 : Training Loss: 5.5349712372, Validation Loss: 6.3843073845, Training R-squared: 0.5563405752, Validation R-squared: 0.4521485269
2023-11-22 13:38:27,171 - INFO - Epoch 53 : Training Loss: 5.5220198631, Validation Loss: 6.3751435280, Training R-squared: 0.5574196577, Validation R-squared: 0.4530180097
2023-11-22 13:38:41,233 - INFO - Epoch 54 : Training Loss: 5.5027146339, Validation Loss: 6.3788490295, Training R-squared: 0.5609403253, Validation R-squared: 0.4516735375
2023-11-22 13:38:58,366 - INFO - Model saved to models/portion_model/breakfast/512_512_200_64/sparsity_25_fold_5_model.keras
2023-11-22 13:39:04,014 - INFO - Avg Metrics: RMSE: 4.8084308042, R-squared: -0.4348235339, PCC: 0.6787030199
2023-11-22 13:39:04,014 - INFO - Agg Metrics: RMSE: 6.6375254906, R-squared: 0.4296338221, PCC: 0.6556647942
2023-11-22 13:39:22,299 - INFO - ================================================================== Results Summary ===================================================================
2023-11-22 13:39:22,300 - INFO - CrossVal Metrics (Avg.) - RMSE: 4.7341487677  0.0504476163, R2: -0.3199165975  0.0504476163, PCC: 0.6886510283  0.0504476163
2023-11-22 13:39:22,300 - INFO - Testing  Metrics (Avg.) - RMSE: 4.8050317669, R2: 0.0799737348, PCC: 0.6692444759
2023-11-22 13:39:22,301 - INFO - CrossVal Metrics (Agg.) - RMSE: 6.3190903354  0.0504476163, R2: 0.4462392062  0.0504476163, PCC: 0.6699772614  0.0504476163
2023-11-22 13:39:22,301 - INFO - Testing  Metrics (Agg.) - RMSE: 6.4383345293, R2: 0.4260984389, PCC: 0.6543220202
