2023-11-22 06:27:54,211 - INFO - Training model at 5% sparse columns removed...
2023-11-22 06:28:02,268 - INFO - ================================================================== Fold 1 ===================================================================
2023-11-22 06:28:27,050 - INFO - Epoch 1  : Training Loss: 7.2724575996, Validation Loss: 6.9568595886, Training R-squared: 0.0683834106, Validation R-squared: 0.1000236645
2023-11-22 06:28:44,163 - INFO - Epoch 2  : Training Loss: 6.8979816437, Validation Loss: 6.5749559402, Training R-squared: 0.1620948166, Validation R-squared: 0.1967191547
2023-11-22 06:29:01,220 - INFO - Epoch 3  : Training Loss: 6.6547060013, Validation Loss: 6.3142008781, Training R-squared: 0.2208762616, Validation R-squared: 0.2595093548
2023-11-22 06:29:18,412 - INFO - Epoch 4  : Training Loss: 6.2979059219, Validation Loss: 5.9020881653, Training R-squared: 0.3032858372, Validation R-squared: 0.3527388275
2023-11-22 06:29:35,413 - INFO - Epoch 5  : Training Loss: 6.0387964249, Validation Loss: 5.8640933037, Training R-squared: 0.3587542176, Validation R-squared: 0.3607189953
2023-11-22 06:29:52,461 - INFO - Epoch 6  : Training Loss: 5.9820518494, Validation Loss: 5.8044772148, Training R-squared: 0.3710255027, Validation R-squared: 0.3741470277
2023-11-22 06:30:09,333 - INFO - Epoch 7  : Training Loss: 5.9218955040, Validation Loss: 5.7609157562, Training R-squared: 0.3821836114, Validation R-squared: 0.3835057914
2023-11-22 06:30:27,073 - INFO - Epoch 8  : Training Loss: 5.8712062836, Validation Loss: 5.7281794548, Training R-squared: 0.3946343064, Validation R-squared: 0.3907635808
2023-11-22 06:30:44,356 - INFO - Epoch 9  : Training Loss: 5.8448977470, Validation Loss: 5.7284693718, Training R-squared: 0.4002148509, Validation R-squared: 0.3907022178
2023-11-22 06:31:01,700 - INFO - Epoch 10 : Training Loss: 5.8314847946, Validation Loss: 5.7346963882, Training R-squared: 0.4037959278, Validation R-squared: 0.3886714876
2023-11-22 06:31:18,812 - INFO - Epoch 11 : Training Loss: 5.8017854691, Validation Loss: 5.7280483246, Training R-squared: 0.4087648690, Validation R-squared: 0.3907486498
2023-11-22 06:31:35,733 - INFO - Epoch 12 : Training Loss: 5.7837095261, Validation Loss: 5.7165069580, Training R-squared: 0.4119826555, Validation R-squared: 0.3930517733
2023-11-22 06:31:52,896 - INFO - Epoch 13 : Training Loss: 5.7591729164, Validation Loss: 5.7189106941, Training R-squared: 0.4172444046, Validation R-squared: 0.3927537501
2023-11-22 06:32:09,837 - INFO - Epoch 14 : Training Loss: 5.7336983681, Validation Loss: 5.6969914436, Training R-squared: 0.4216861129, Validation R-squared: 0.3974660039
2023-11-22 06:32:27,612 - INFO - Epoch 15 : Training Loss: 5.7091536522, Validation Loss: 5.6991767883, Training R-squared: 0.4280878901, Validation R-squared: 0.3961555362
2023-11-22 06:32:45,175 - INFO - Epoch 16 : Training Loss: 5.6786327362, Validation Loss: 5.6761574745, Training R-squared: 0.4322760105, Validation R-squared: 0.4015250206
2023-11-22 06:33:02,381 - INFO - Epoch 17 : Training Loss: 5.6560564041, Validation Loss: 5.6689000130, Training R-squared: 0.4369428456, Validation R-squared: 0.4031522572
2023-11-22 06:33:19,468 - INFO - Epoch 18 : Training Loss: 5.6312141418, Validation Loss: 5.6547708511, Training R-squared: 0.4423963428, Validation R-squared: 0.4061626792
2023-11-22 06:33:36,543 - INFO - Epoch 19 : Training Loss: 5.5966067314, Validation Loss: 5.6445889473, Training R-squared: 0.4471280575, Validation R-squared: 0.4082947075
2023-11-22 06:33:54,468 - INFO - Epoch 20 : Training Loss: 5.5729742050, Validation Loss: 5.6159906387, Training R-squared: 0.4540620744, Validation R-squared: 0.4140655994
2023-11-22 06:34:11,633 - INFO - Epoch 21 : Training Loss: 5.5351753235, Validation Loss: 5.5968914032, Training R-squared: 0.4608398378, Validation R-squared: 0.4181143343
2023-11-22 06:34:28,827 - INFO - Epoch 22 : Training Loss: 5.5068283081, Validation Loss: 5.5788016319, Training R-squared: 0.4657344818, Validation R-squared: 0.4219006598
2023-11-22 06:34:45,771 - INFO - Epoch 23 : Training Loss: 5.4717531204, Validation Loss: 5.5569267273, Training R-squared: 0.4727967680, Validation R-squared: 0.4266954660
2023-11-22 06:35:03,025 - INFO - Epoch 24 : Training Loss: 5.4426941872, Validation Loss: 5.5522332191, Training R-squared: 0.4780586958, Validation R-squared: 0.4278793633
2023-11-22 06:35:20,092 - INFO - Epoch 25 : Training Loss: 5.4224920273, Validation Loss: 5.5402283669, Training R-squared: 0.4816685021, Validation R-squared: 0.4302470982
2023-11-22 06:35:37,347 - INFO - Epoch 26 : Training Loss: 5.4023332596, Validation Loss: 5.5591888428, Training R-squared: 0.4865846038, Validation R-squared: 0.4255123436
2023-11-22 06:35:54,597 - INFO - Epoch 27 : Training Loss: 5.3931345940, Validation Loss: 5.5239567757, Training R-squared: 0.4889446795, Validation R-squared: 0.4337143600
2023-11-22 06:36:11,710 - INFO - Epoch 28 : Training Loss: 5.3677506447, Validation Loss: 5.5256714821, Training R-squared: 0.4914774597, Validation R-squared: 0.4331362247
2023-11-22 06:36:29,092 - INFO - Epoch 29 : Training Loss: 5.3656873703, Validation Loss: 5.5181226730, Training R-squared: 0.4938123226, Validation R-squared: 0.4348895252
2023-11-22 06:36:46,352 - INFO - Epoch 30 : Training Loss: 5.3454308510, Validation Loss: 5.5446286201, Training R-squared: 0.4970511496, Validation R-squared: 0.4283593297
2023-11-22 06:37:03,514 - INFO - Epoch 31 : Training Loss: 5.3350763321, Validation Loss: 5.5122103691, Training R-squared: 0.4981735051, Validation R-squared: 0.4359873533
2023-11-22 06:37:20,835 - INFO - Epoch 32 : Training Loss: 5.3128943443, Validation Loss: 5.5743875504, Training R-squared: 0.5025801659, Validation R-squared: 0.4217793643
2023-11-22 06:37:38,044 - INFO - Epoch 33 : Training Loss: 5.3075876236, Validation Loss: 5.5167665482, Training R-squared: 0.5032727122, Validation R-squared: 0.4351428747
2023-11-22 06:37:55,237 - INFO - Epoch 34 : Training Loss: 5.2944684029, Validation Loss: 5.5138154030, Training R-squared: 0.5058595538, Validation R-squared: 0.4355909824
2023-11-22 06:38:12,526 - INFO - Epoch 35 : Training Loss: 5.2833800316, Validation Loss: 5.5166373253, Training R-squared: 0.5073750019, Validation R-squared: 0.4350807071
2023-11-22 06:38:30,038 - INFO - Epoch 36 : Training Loss: 5.2618918419, Validation Loss: 5.4979586601, Training R-squared: 0.5118150711, Validation R-squared: 0.4390777946
2023-11-22 06:38:47,397 - INFO - Epoch 37 : Training Loss: 5.2476506233, Validation Loss: 5.5066347122, Training R-squared: 0.5151905417, Validation R-squared: 0.4374758005
2023-11-22 06:39:04,438 - INFO - Epoch 38 : Training Loss: 5.2366456985, Validation Loss: 5.5260233879, Training R-squared: 0.5173366070, Validation R-squared: 0.4326826334
2023-11-22 06:39:21,718 - INFO - Epoch 39 : Training Loss: 5.2196636200, Validation Loss: 5.5033621788, Training R-squared: 0.5194845200, Validation R-squared: 0.4377253950
2023-11-22 06:39:38,848 - INFO - Epoch 40 : Training Loss: 5.1981368065, Validation Loss: 5.4859466553, Training R-squared: 0.5229048729, Validation R-squared: 0.4412630498
2023-11-22 06:39:55,862 - INFO - Epoch 41 : Training Loss: 5.1954393387, Validation Loss: 5.5072531700, Training R-squared: 0.5237233043, Validation R-squared: 0.4363897741
2023-11-22 06:40:13,083 - INFO - Epoch 42 : Training Loss: 5.1769924164, Validation Loss: 5.5108132362, Training R-squared: 0.5263961554, Validation R-squared: 0.4353504777
2023-11-22 06:40:30,196 - INFO - Epoch 43 : Training Loss: 5.1583881378, Validation Loss: 5.4993305206, Training R-squared: 0.5306469798, Validation R-squared: 0.4386661053
2023-11-22 06:40:48,055 - INFO - Epoch 44 : Training Loss: 5.1534390450, Validation Loss: 5.4994134903, Training R-squared: 0.5320173502, Validation R-squared: 0.4381336570
2023-11-22 06:41:05,226 - INFO - Epoch 45 : Training Loss: 5.1352047920, Validation Loss: 5.4881305695, Training R-squared: 0.5326824784, Validation R-squared: 0.4402995408
2023-11-22 06:41:23,847 - INFO - Model saved to models/portion_model/breakfast/512_512_200_64/sparsity_5_fold_1_model.keras
2023-11-22 06:41:30,950 - INFO - Avg Metrics: RMSE: 4.3215471527, R-squared: -0.0228386854, PCC: 0.6515430924
2023-11-22 06:41:30,950 - INFO - Agg Metrics: RMSE: 5.5664790896, R-squared: 0.4332742780, PCC: 0.6603387513
2023-11-22 06:41:37,020 - INFO - ================================================================== Fold 2 ===================================================================
2023-11-22 06:42:01,212 - INFO - Epoch 1  : Training Loss: 7.1810488701, Validation Loss: 7.2959423065, Training R-squared: 0.0679262877, Validation R-squared: 0.0983142108
2023-11-22 06:42:18,416 - INFO - Epoch 2  : Training Loss: 6.8086538315, Validation Loss: 6.8852257729, Training R-squared: 0.1622854322, Validation R-squared: 0.1975828111
2023-11-22 06:42:35,620 - INFO - Epoch 3  : Training Loss: 6.5449280739, Validation Loss: 6.5872073174, Training R-squared: 0.2297899276, Validation R-squared: 0.2668842077
2023-11-22 06:42:53,140 - INFO - Epoch 4  : Training Loss: 6.1517572403, Validation Loss: 6.2034673691, Training R-squared: 0.3193031549, Validation R-squared: 0.3507794738
2023-11-22 06:43:10,208 - INFO - Epoch 5  : Training Loss: 5.9649000168, Validation Loss: 6.1181678772, Training R-squared: 0.3605122566, Validation R-squared: 0.3684473634
2023-11-22 06:43:27,549 - INFO - Epoch 6  : Training Loss: 5.8917937279, Validation Loss: 6.0556712151, Training R-squared: 0.3754726648, Validation R-squared: 0.3814938068
2023-11-22 06:43:44,563 - INFO - Epoch 7  : Training Loss: 5.8180747032, Validation Loss: 6.0219435692, Training R-squared: 0.3913292587, Validation R-squared: 0.3880850375
2023-11-22 06:44:02,682 - INFO - Epoch 8  : Training Loss: 5.7953596115, Validation Loss: 6.0221652985, Training R-squared: 0.3976379931, Validation R-squared: 0.3884941339
2023-11-22 06:44:20,012 - INFO - Epoch 9  : Training Loss: 5.7721142769, Validation Loss: 6.0174307823, Training R-squared: 0.4016197026, Validation R-squared: 0.3894726932
2023-11-22 06:44:37,055 - INFO - Epoch 10 : Training Loss: 5.7370195389, Validation Loss: 6.0100512505, Training R-squared: 0.4073416293, Validation R-squared: 0.3908771574
2023-11-22 06:44:54,046 - INFO - Epoch 11 : Training Loss: 5.7254834175, Validation Loss: 6.0136270523, Training R-squared: 0.4103558064, Validation R-squared: 0.3899451494
2023-11-22 06:45:11,073 - INFO - Epoch 12 : Training Loss: 5.7074341774, Validation Loss: 5.9986095428, Training R-squared: 0.4133010507, Validation R-squared: 0.3927447796
2023-11-22 06:45:28,342 - INFO - Epoch 13 : Training Loss: 5.6784706116, Validation Loss: 5.9988265038, Training R-squared: 0.4193449318, Validation R-squared: 0.3925223947
2023-11-22 06:45:45,381 - INFO - Epoch 14 : Training Loss: 5.6671562195, Validation Loss: 5.9832468033, Training R-squared: 0.4233966172, Validation R-squared: 0.3961580992
2023-11-22 06:46:02,851 - INFO - Epoch 15 : Training Loss: 5.6253948212, Validation Loss: 5.9654946327, Training R-squared: 0.4304915071, Validation R-squared: 0.3999897540
2023-11-22 06:46:19,802 - INFO - Epoch 16 : Training Loss: 5.5956187248, Validation Loss: 5.9465332031, Training R-squared: 0.4364005923, Validation R-squared: 0.4034547210
2023-11-22 06:46:36,887 - INFO - Epoch 17 : Training Loss: 5.5667910576, Validation Loss: 5.9371008873, Training R-squared: 0.4419732690, Validation R-squared: 0.4054316580
2023-11-22 06:46:53,909 - INFO - Epoch 18 : Training Loss: 5.5552644730, Validation Loss: 5.9345979691, Training R-squared: 0.4447510242, Validation R-squared: 0.4057520330
2023-11-22 06:47:10,950 - INFO - Epoch 19 : Training Loss: 5.5293011665, Validation Loss: 5.9161043167, Training R-squared: 0.4487060308, Validation R-squared: 0.4093989432
2023-11-22 06:47:28,711 - INFO - Epoch 20 : Training Loss: 5.5003085136, Validation Loss: 5.9059562683, Training R-squared: 0.4554480016, Validation R-squared: 0.4118926823
2023-11-22 06:47:45,777 - INFO - Epoch 21 : Training Loss: 5.4727206230, Validation Loss: 5.8900208473, Training R-squared: 0.4606160223, Validation R-squared: 0.4148299694
2023-11-22 06:48:03,147 - INFO - Epoch 22 : Training Loss: 5.4392957687, Validation Loss: 5.8758802414, Training R-squared: 0.4673876166, Validation R-squared: 0.4178486168
2023-11-22 06:48:20,330 - INFO - Epoch 23 : Training Loss: 5.4207434654, Validation Loss: 5.8618073463, Training R-squared: 0.4711521566, Validation R-squared: 0.4204103649
2023-11-22 06:48:37,465 - INFO - Epoch 24 : Training Loss: 5.3863716125, Validation Loss: 5.8495101929, Training R-squared: 0.4761523604, Validation R-squared: 0.4231207967
2023-11-22 06:48:54,595 - INFO - Epoch 25 : Training Loss: 5.3530826569, Validation Loss: 5.8292536736, Training R-squared: 0.4839003980, Validation R-squared: 0.4268310070
2023-11-22 06:49:11,616 - INFO - Epoch 26 : Training Loss: 5.3314127922, Validation Loss: 5.8177809715, Training R-squared: 0.4874689579, Validation R-squared: 0.4287255406
2023-11-22 06:49:29,427 - INFO - Epoch 27 : Training Loss: 5.3139128685, Validation Loss: 5.8031167984, Training R-squared: 0.4906837344, Validation R-squared: 0.4319340289
2023-11-22 06:49:46,466 - INFO - Epoch 28 : Training Loss: 5.3025522232, Validation Loss: 5.7955827713, Training R-squared: 0.4929075837, Validation R-squared: 0.4330780506
2023-11-22 06:50:03,726 - INFO - Epoch 29 : Training Loss: 5.2787151337, Validation Loss: 5.8030343056, Training R-squared: 0.4968234301, Validation R-squared: 0.4321124256
2023-11-22 06:50:20,787 - INFO - Epoch 30 : Training Loss: 5.2711343765, Validation Loss: 5.7867155075, Training R-squared: 0.4981803298, Validation R-squared: 0.4347592592
2023-11-22 06:50:38,421 - INFO - Epoch 31 : Training Loss: 5.2550053596, Validation Loss: 5.7874183655, Training R-squared: 0.5020045042, Validation R-squared: 0.4349846244
2023-11-22 06:50:55,386 - INFO - Epoch 32 : Training Loss: 5.2327260971, Validation Loss: 5.7779002190, Training R-squared: 0.5063883662, Validation R-squared: 0.4363716841
2023-11-22 06:51:12,529 - INFO - Epoch 33 : Training Loss: 5.2184882164, Validation Loss: 5.7847356796, Training R-squared: 0.5088069439, Validation R-squared: 0.4349272251
2023-11-22 06:51:29,751 - INFO - Epoch 34 : Training Loss: 5.1960539818, Validation Loss: 5.7810225487, Training R-squared: 0.5123679042, Validation R-squared: 0.4364510179
2023-11-22 06:51:46,782 - INFO - Epoch 35 : Training Loss: 5.1869497299, Validation Loss: 5.7689795494, Training R-squared: 0.5146431327, Validation R-squared: 0.4385656118
2023-11-22 06:52:03,895 - INFO - Epoch 36 : Training Loss: 5.1730012894, Validation Loss: 5.7560472488, Training R-squared: 0.5168817043, Validation R-squared: 0.4407427013
2023-11-22 06:52:21,069 - INFO - Epoch 37 : Training Loss: 5.1561861038, Validation Loss: 5.7550883293, Training R-squared: 0.5200501084, Validation R-squared: 0.4413114190
2023-11-22 06:52:38,450 - INFO - Epoch 38 : Training Loss: 5.1414160728, Validation Loss: 5.7467393875, Training R-squared: 0.5220391750, Validation R-squared: 0.4434020817
2023-11-22 06:52:55,534 - INFO - Epoch 39 : Training Loss: 5.1260490417, Validation Loss: 5.7525405884, Training R-squared: 0.5247356892, Validation R-squared: 0.4411277175
2023-11-22 06:53:12,829 - INFO - Epoch 40 : Training Loss: 5.1220793724, Validation Loss: 5.7418828011, Training R-squared: 0.5263991952, Validation R-squared: 0.4442508817
2023-11-22 06:53:29,944 - INFO - Epoch 41 : Training Loss: 5.1064763069, Validation Loss: 5.7408180237, Training R-squared: 0.5295702219, Validation R-squared: 0.4440532923
2023-11-22 06:53:48,017 - INFO - Epoch 42 : Training Loss: 5.0882344246, Validation Loss: 5.7352643013, Training R-squared: 0.5331261754, Validation R-squared: 0.4448390901
2023-11-22 06:54:05,883 - INFO - Epoch 43 : Training Loss: 5.0791401863, Validation Loss: 5.7327809334, Training R-squared: 0.5340539217, Validation R-squared: 0.4456588626
2023-11-22 06:54:23,230 - INFO - Epoch 44 : Training Loss: 5.0698752403, Validation Loss: 5.7384710312, Training R-squared: 0.5358412266, Validation R-squared: 0.4441321790
2023-11-22 06:54:40,351 - INFO - Epoch 45 : Training Loss: 5.0519084930, Validation Loss: 5.7368249893, Training R-squared: 0.5381872654, Validation R-squared: 0.4443722963
2023-11-22 06:54:57,352 - INFO - Epoch 46 : Training Loss: 5.0358843803, Validation Loss: 5.7298221588, Training R-squared: 0.5408865809, Validation R-squared: 0.4459741414
2023-11-22 06:55:14,807 - INFO - Epoch 47 : Training Loss: 5.0262136459, Validation Loss: 5.7461314201, Training R-squared: 0.5435869694, Validation R-squared: 0.4425167441
2023-11-22 06:55:31,884 - INFO - Epoch 48 : Training Loss: 5.0072469711, Validation Loss: 5.7288823128, Training R-squared: 0.5459042192, Validation R-squared: 0.4459604919
2023-11-22 06:55:49,147 - INFO - Epoch 49 : Training Loss: 4.9974389076, Validation Loss: 5.7253289223, Training R-squared: 0.5481958985, Validation R-squared: 0.4470328689
2023-11-22 06:56:06,133 - INFO - Epoch 50 : Training Loss: 4.9925642014, Validation Loss: 5.7342185974, Training R-squared: 0.5486827493, Validation R-squared: 0.4443644881
2023-11-22 06:56:23,350 - INFO - Epoch 51 : Training Loss: 4.9688744545, Validation Loss: 5.7214746475, Training R-squared: 0.5529807210, Validation R-squared: 0.4473959208
2023-11-22 06:56:40,443 - INFO - Epoch 52 : Training Loss: 4.9551343918, Validation Loss: 5.7221851349, Training R-squared: 0.5553738475, Validation R-squared: 0.4470005929
2023-11-22 06:56:57,419 - INFO - Epoch 53 : Training Loss: 4.9437904358, Validation Loss: 5.7031817436, Training R-squared: 0.5566111207, Validation R-squared: 0.4510338008
2023-11-22 06:57:14,698 - INFO - Epoch 54 : Training Loss: 4.9239912033, Validation Loss: 5.7197995186, Training R-squared: 0.5608660579, Validation R-squared: 0.4472480416
2023-11-22 06:57:31,752 - INFO - Epoch 55 : Training Loss: 4.9091172218, Validation Loss: 5.7139220238, Training R-squared: 0.5629359484, Validation R-squared: 0.4486451745
2023-11-22 06:57:49,083 - INFO - Epoch 56 : Training Loss: 4.8950629234, Validation Loss: 5.7109537125, Training R-squared: 0.5640457273, Validation R-squared: 0.4492619634
2023-11-22 06:58:06,079 - INFO - Epoch 57 : Training Loss: 4.8822731972, Validation Loss: 5.7503504753, Training R-squared: 0.5679403543, Validation R-squared: 0.4401610494
2023-11-22 06:58:23,777 - INFO - Epoch 58 : Training Loss: 4.8760685921, Validation Loss: 5.6970314980, Training R-squared: 0.5682135820, Validation R-squared: 0.4521124065
2023-11-22 06:58:40,891 - INFO - Epoch 59 : Training Loss: 4.8603425026, Validation Loss: 5.6880712509, Training R-squared: 0.5707141757, Validation R-squared: 0.4536075890
2023-11-22 06:58:58,027 - INFO - Epoch 60 : Training Loss: 4.8404159546, Validation Loss: 5.6915521622, Training R-squared: 0.5746169686, Validation R-squared: 0.4525309801
2023-11-22 06:59:15,363 - INFO - Epoch 61 : Training Loss: 4.8351697922, Validation Loss: 5.7148270607, Training R-squared: 0.5765309930, Validation R-squared: 0.4478793740
2023-11-22 06:59:32,496 - INFO - Epoch 62 : Training Loss: 4.8183269501, Validation Loss: 5.7204437256, Training R-squared: 0.5792985559, Validation R-squared: 0.4462940097
2023-11-22 06:59:49,682 - INFO - Epoch 63 : Training Loss: 4.8127326965, Validation Loss: 5.7159800529, Training R-squared: 0.5794145465, Validation R-squared: 0.4472749233
2023-11-22 07:00:06,679 - INFO - Epoch 64 : Training Loss: 4.7962970734, Validation Loss: 5.7183508873, Training R-squared: 0.5835750699, Validation R-squared: 0.4470098913
2023-11-22 07:00:25,591 - INFO - Model saved to models/portion_model/breakfast/512_512_200_64/sparsity_5_fold_2_model.keras
2023-11-22 07:00:32,030 - INFO - Avg Metrics: RMSE: 4.2828830317, R-squared: -0.1938821308, PCC: 0.6860250746
2023-11-22 07:00:32,031 - INFO - Agg Metrics: RMSE: 5.8329173925, R-squared: 0.4368032707, PCC: 0.6631136655
2023-11-22 07:00:38,985 - INFO - ================================================================== Fold 3 ===================================================================
2023-11-22 07:01:05,423 - INFO - Epoch 1  : Training Loss: 7.2380361557, Validation Loss: 7.1049585342, Training R-squared: 0.0683464035, Validation R-squared: 0.0961700678
2023-11-22 07:01:24,137 - INFO - Epoch 2  : Training Loss: 6.8748850822, Validation Loss: 6.7179927826, Training R-squared: 0.1591168195, Validation R-squared: 0.1928286999
2023-11-22 07:01:42,321 - INFO - Epoch 3  : Training Loss: 6.6015005112, Validation Loss: 6.4885759354, Training R-squared: 0.2237720490, Validation R-squared: 0.2474976778
2023-11-22 07:02:00,630 - INFO - Epoch 4  : Training Loss: 6.2830715179, Validation Loss: 6.0966153145, Training R-squared: 0.2976129055, Validation R-squared: 0.3358806372
2023-11-22 07:02:19,267 - INFO - Epoch 5  : Training Loss: 5.9979910851, Validation Loss: 6.0055108070, Training R-squared: 0.3600691259, Validation R-squared: 0.3561733365
2023-11-22 07:02:37,691 - INFO - Epoch 6  : Training Loss: 5.9275641441, Validation Loss: 5.9694271088, Training R-squared: 0.3758354187, Validation R-squared: 0.3638330698
2023-11-22 07:02:56,212 - INFO - Epoch 7  : Training Loss: 5.8822126389, Validation Loss: 5.9369888306, Training R-squared: 0.3839409351, Validation R-squared: 0.3707239926
2023-11-22 07:03:14,794 - INFO - Epoch 8  : Training Loss: 5.8288054466, Validation Loss: 5.8974933624, Training R-squared: 0.3950967789, Validation R-squared: 0.3794146478
2023-11-22 07:03:33,215 - INFO - Epoch 9  : Training Loss: 5.7981066704, Validation Loss: 5.8924527168, Training R-squared: 0.4033431709, Validation R-squared: 0.3802299500
2023-11-22 07:03:52,419 - INFO - Epoch 10 : Training Loss: 5.7793107033, Validation Loss: 5.8998279572, Training R-squared: 0.4079403281, Validation R-squared: 0.3785187304
2023-11-22 07:04:11,143 - INFO - Epoch 11 : Training Loss: 5.7659721375, Validation Loss: 5.8930482864, Training R-squared: 0.4089640677, Validation R-squared: 0.3799644113
2023-11-22 07:04:29,768 - INFO - Epoch 12 : Training Loss: 5.7460575104, Validation Loss: 5.8773894310, Training R-squared: 0.4142793119, Validation R-squared: 0.3834905326
2023-11-22 07:04:48,015 - INFO - Epoch 13 : Training Loss: 5.7226610184, Validation Loss: 5.8776264191, Training R-squared: 0.4188738465, Validation R-squared: 0.3835377395
2023-11-22 07:05:06,569 - INFO - Epoch 14 : Training Loss: 5.7070670128, Validation Loss: 5.8810286522, Training R-squared: 0.4212642908, Validation R-squared: 0.3823790848
2023-11-22 07:05:25,452 - INFO - Epoch 15 : Training Loss: 5.6717967987, Validation Loss: 5.8551411629, Training R-squared: 0.4285543859, Validation R-squared: 0.3886156380
2023-11-22 07:05:43,834 - INFO - Epoch 16 : Training Loss: 5.6430158615, Validation Loss: 5.8378949165, Training R-squared: 0.4346032739, Validation R-squared: 0.3919496238
2023-11-22 07:06:02,522 - INFO - Epoch 17 : Training Loss: 5.6201429367, Validation Loss: 5.8199481964, Training R-squared: 0.4389648438, Validation R-squared: 0.3958880007
2023-11-22 07:06:21,150 - INFO - Epoch 18 : Training Loss: 5.5869083405, Validation Loss: 5.8146514893, Training R-squared: 0.4452939332, Validation R-squared: 0.3966102600
2023-11-22 07:06:39,843 - INFO - Epoch 19 : Training Loss: 5.5521473885, Validation Loss: 5.7937388420, Training R-squared: 0.4510635138, Validation R-squared: 0.4011334181
2023-11-22 07:06:58,121 - INFO - Epoch 20 : Training Loss: 5.5303773880, Validation Loss: 5.7665357590, Training R-squared: 0.4563130140, Validation R-squared: 0.4072847664
2023-11-22 07:07:16,867 - INFO - Epoch 21 : Training Loss: 5.4979634285, Validation Loss: 5.7599205971, Training R-squared: 0.4628847539, Validation R-squared: 0.4083487689
2023-11-22 07:07:35,596 - INFO - Epoch 22 : Training Loss: 5.4786810875, Validation Loss: 5.7372188568, Training R-squared: 0.4660710394, Validation R-squared: 0.4133705497
2023-11-22 07:07:54,399 - INFO - Epoch 23 : Training Loss: 5.4365577698, Validation Loss: 5.7274785042, Training R-squared: 0.4727954566, Validation R-squared: 0.4151310921
2023-11-22 07:08:12,847 - INFO - Epoch 24 : Training Loss: 5.4160337448, Validation Loss: 5.7067384720, Training R-squared: 0.4786879718, Validation R-squared: 0.4198662937
2023-11-22 07:08:31,406 - INFO - Epoch 25 : Training Loss: 5.3911385536, Validation Loss: 5.7157416344, Training R-squared: 0.4831885695, Validation R-squared: 0.4175975919
2023-11-22 07:08:50,032 - INFO - Epoch 26 : Training Loss: 5.3748140335, Validation Loss: 5.6901206970, Training R-squared: 0.4859055281, Validation R-squared: 0.4231939912
2023-11-22 07:09:08,342 - INFO - Epoch 27 : Training Loss: 5.3572459221, Validation Loss: 5.6983723640, Training R-squared: 0.4893217981, Validation R-squared: 0.4213089645
2023-11-22 07:09:27,326 - INFO - Epoch 28 : Training Loss: 5.3433704376, Validation Loss: 5.6839857101, Training R-squared: 0.4926071465, Validation R-squared: 0.4241685569
2023-11-22 07:09:45,941 - INFO - Epoch 29 : Training Loss: 5.3327260017, Validation Loss: 5.6849894524, Training R-squared: 0.4932493865, Validation R-squared: 0.4240379035
2023-11-22 07:10:04,496 - INFO - Epoch 30 : Training Loss: 5.3131194115, Validation Loss: 5.6836056709, Training R-squared: 0.4981141388, Validation R-squared: 0.4241130054
2023-11-22 07:10:23,635 - INFO - Epoch 31 : Training Loss: 5.3016171455, Validation Loss: 5.6823992729, Training R-squared: 0.4994580746, Validation R-squared: 0.4244965911
2023-11-22 07:10:42,234 - INFO - Epoch 32 : Training Loss: 5.2862138748, Validation Loss: 5.6773300171, Training R-squared: 0.5023807883, Validation R-squared: 0.4252914190
2023-11-22 07:11:00,819 - INFO - Epoch 33 : Training Loss: 5.2805171013, Validation Loss: 5.6865277290, Training R-squared: 0.5037984252, Validation R-squared: 0.4233623147
2023-11-22 07:11:19,777 - INFO - Epoch 34 : Training Loss: 5.2627754211, Validation Loss: 5.6844377518, Training R-squared: 0.5064159036, Validation R-squared: 0.4235753417
2023-11-22 07:11:38,262 - INFO - Epoch 35 : Training Loss: 5.2476601601, Validation Loss: 5.6731863022, Training R-squared: 0.5090113878, Validation R-squared: 0.4262916148
2023-11-22 07:11:56,713 - INFO - Epoch 36 : Training Loss: 5.2300271988, Validation Loss: 5.6732940674, Training R-squared: 0.5113151073, Validation R-squared: 0.4260928631
2023-11-22 07:12:15,225 - INFO - Epoch 37 : Training Loss: 5.2247037888, Validation Loss: 5.6703443527, Training R-squared: 0.5125555992, Validation R-squared: 0.4265369773
2023-11-22 07:12:34,017 - INFO - Epoch 38 : Training Loss: 5.1994690895, Validation Loss: 5.6579728127, Training R-squared: 0.5175638795, Validation R-squared: 0.4291304946
2023-11-22 07:12:52,718 - INFO - Epoch 39 : Training Loss: 5.1990809441, Validation Loss: 5.6537160873, Training R-squared: 0.5185545087, Validation R-squared: 0.4301899970
2023-11-22 07:13:12,312 - INFO - Epoch 40 : Training Loss: 5.1740403175, Validation Loss: 5.6695084572, Training R-squared: 0.5221994519, Validation R-squared: 0.4262875319
2023-11-22 07:13:31,963 - INFO - Epoch 41 : Training Loss: 5.1507053375, Validation Loss: 5.6506199837, Training R-squared: 0.5259284973, Validation R-squared: 0.4302802384
2023-11-22 07:13:51,198 - INFO - Epoch 42 : Training Loss: 5.1470193863, Validation Loss: 5.6532864571, Training R-squared: 0.5272446871, Validation R-squared: 0.4294105768
2023-11-22 07:14:10,152 - INFO - Epoch 43 : Training Loss: 5.1320657730, Validation Loss: 5.6261343956, Training R-squared: 0.5294873714, Validation R-squared: 0.4352948964
2023-11-22 07:14:28,700 - INFO - Epoch 44 : Training Loss: 5.1149678230, Validation Loss: 5.6357030869, Training R-squared: 0.5331516266, Validation R-squared: 0.4330285788
2023-11-22 07:14:47,409 - INFO - Epoch 45 : Training Loss: 5.0937595367, Validation Loss: 5.6283006668, Training R-squared: 0.5360290408, Validation R-squared: 0.4345091879
2023-11-22 07:15:05,941 - INFO - Epoch 46 : Training Loss: 5.0827536583, Validation Loss: 5.6145782471, Training R-squared: 0.5385469198, Validation R-squared: 0.4372440875
2023-11-22 07:15:24,484 - INFO - Epoch 47 : Training Loss: 5.0753045082, Validation Loss: 5.6224770546, Training R-squared: 0.5395596027, Validation R-squared: 0.4352622330
2023-11-22 07:15:43,066 - INFO - Epoch 48 : Training Loss: 5.0575251579, Validation Loss: 5.6096415520, Training R-squared: 0.5428388119, Validation R-squared: 0.4380034506
2023-11-22 07:16:01,767 - INFO - Epoch 49 : Training Loss: 5.0304508209, Validation Loss: 5.6169948578, Training R-squared: 0.5473014712, Validation R-squared: 0.4361875355
2023-11-22 07:16:20,957 - INFO - Epoch 50 : Training Loss: 5.0137143135, Validation Loss: 5.6412143707, Training R-squared: 0.5493810773, Validation R-squared: 0.4306187630
2023-11-22 07:16:39,577 - INFO - Epoch 51 : Training Loss: 5.0113773346, Validation Loss: 5.6068658829, Training R-squared: 0.5510097146, Validation R-squared: 0.4377312660
2023-11-22 07:16:58,060 - INFO - Epoch 52 : Training Loss: 4.9929833412, Validation Loss: 5.6153774261, Training R-squared: 0.5531611443, Validation R-squared: 0.4357020855
2023-11-22 07:17:16,754 - INFO - Epoch 53 : Training Loss: 4.9777464867, Validation Loss: 5.6224951744, Training R-squared: 0.5568116903, Validation R-squared: 0.4339518845
2023-11-22 07:17:35,484 - INFO - Epoch 54 : Training Loss: 4.9630179405, Validation Loss: 5.6255574226, Training R-squared: 0.5587120056, Validation R-squared: 0.4332813919
2023-11-22 07:17:54,144 - INFO - Epoch 55 : Training Loss: 4.9507465363, Validation Loss: 5.6238951683, Training R-squared: 0.5612217784, Validation R-squared: 0.4333206415
2023-11-22 07:18:12,786 - INFO - Epoch 56 : Training Loss: 4.9405899048, Validation Loss: 5.6087174416, Training R-squared: 0.5622715950, Validation R-squared: 0.4363709390
2023-11-22 07:18:33,894 - INFO - Model saved to models/portion_model/breakfast/512_512_200_64/sparsity_5_fold_3_model.keras
2023-11-22 07:18:40,491 - INFO - Avg Metrics: RMSE: 4.3267946385, R-squared: 0.0056943036, PCC: 0.6814507953
2023-11-22 07:18:40,491 - INFO - Agg Metrics: RMSE: 5.7339971000, R-squared: 0.4271092600, PCC: 0.6596354444
2023-11-22 07:18:47,432 - INFO - ================================================================== Fold 4 ===================================================================
2023-11-22 07:19:16,646 - INFO - Epoch 1  : Training Loss: 7.2205653191, Validation Loss: 7.1666717529, Training R-squared: 0.0680312961, Validation R-squared: 0.0985865816
2023-11-22 07:19:35,500 - INFO - Epoch 2  : Training Loss: 6.8607273102, Validation Loss: 6.7716875076, Training R-squared: 0.1590885520, Validation R-squared: 0.1971699297
2023-11-22 07:19:54,444 - INFO - Epoch 3  : Training Loss: 6.5909314156, Validation Loss: 6.4818077087, Training R-squared: 0.2242125124, Validation R-squared: 0.2655750811
2023-11-22 07:20:13,133 - INFO - Epoch 4  : Training Loss: 6.1656813622, Validation Loss: 6.1291909218, Training R-squared: 0.3217501342, Validation R-squared: 0.3438577354
2023-11-22 07:20:35,956 - INFO - Epoch 5  : Training Loss: 5.9954533577, Validation Loss: 6.0771479607, Training R-squared: 0.3575925529, Validation R-squared: 0.3556595147
2023-11-22 07:20:53,713 - INFO - Epoch 6  : Training Loss: 5.9381513596, Validation Loss: 6.0412712097, Training R-squared: 0.3700350225, Validation R-squared: 0.3634032309
2023-11-22 07:21:16,984 - INFO - Epoch 7  : Training Loss: 5.8873386383, Validation Loss: 6.0004148483, Training R-squared: 0.3805490732, Validation R-squared: 0.3720068336
2023-11-22 07:21:38,331 - INFO - Epoch 8  : Training Loss: 5.8316736221, Validation Loss: 5.9604463577, Training R-squared: 0.3936388791, Validation R-squared: 0.3805806637
2023-11-22 07:21:58,538 - INFO - Epoch 9  : Training Loss: 5.7919554710, Validation Loss: 5.9531140327, Training R-squared: 0.3998411000, Validation R-squared: 0.3820767403
2023-11-22 07:22:16,828 - INFO - Epoch 10 : Training Loss: 5.7775793076, Validation Loss: 5.9571890831, Training R-squared: 0.4040748775, Validation R-squared: 0.3813612163
2023-11-22 07:22:36,396 - INFO - Epoch 11 : Training Loss: 5.7596473694, Validation Loss: 5.9457483292, Training R-squared: 0.4090482891, Validation R-squared: 0.3837487996
2023-11-22 07:22:57,840 - INFO - Epoch 12 : Training Loss: 5.7336325645, Validation Loss: 5.9413485527, Training R-squared: 0.4137209058, Validation R-squared: 0.3845049143
2023-11-22 07:23:19,210 - INFO - Epoch 13 : Training Loss: 5.7105240822, Validation Loss: 5.9338445663, Training R-squared: 0.4176878035, Validation R-squared: 0.3856957555
2023-11-22 07:23:39,391 - INFO - Epoch 14 : Training Loss: 5.6894769669, Validation Loss: 5.9210758209, Training R-squared: 0.4220800400, Validation R-squared: 0.3886806667
2023-11-22 07:23:59,650 - INFO - Epoch 15 : Training Loss: 5.6594591141, Validation Loss: 5.9090662003, Training R-squared: 0.4282534719, Validation R-squared: 0.3908075094
2023-11-22 07:24:19,993 - INFO - Epoch 16 : Training Loss: 5.6343851089, Validation Loss: 5.9098925591, Training R-squared: 0.4333307147, Validation R-squared: 0.3905845582
2023-11-22 07:24:42,001 - INFO - Epoch 17 : Training Loss: 5.6073827744, Validation Loss: 5.8764505386, Training R-squared: 0.4384185970, Validation R-squared: 0.3978658319
2023-11-22 07:25:01,986 - INFO - Epoch 18 : Training Loss: 5.5712928772, Validation Loss: 5.8584756851, Training R-squared: 0.4437818825, Validation R-squared: 0.4015635252
2023-11-22 07:25:20,406 - INFO - Epoch 19 : Training Loss: 5.5389671326, Validation Loss: 5.8431978226, Training R-squared: 0.4526002109, Validation R-squared: 0.4048756957
2023-11-22 07:25:38,884 - INFO - Epoch 20 : Training Loss: 5.4974722862, Validation Loss: 5.8280477524, Training R-squared: 0.4597503841, Validation R-squared: 0.4082886875
2023-11-22 07:25:59,844 - INFO - Epoch 21 : Training Loss: 5.4740839005, Validation Loss: 5.8206381798, Training R-squared: 0.4642408192, Validation R-squared: 0.4097786844
2023-11-22 07:26:18,448 - INFO - Epoch 22 : Training Loss: 5.4506325722, Validation Loss: 5.8087196350, Training R-squared: 0.4692790508, Validation R-squared: 0.4116013348
2023-11-22 07:26:38,734 - INFO - Epoch 23 : Training Loss: 5.4240126610, Validation Loss: 5.7923092842, Training R-squared: 0.4756141901, Validation R-squared: 0.4154087901
2023-11-22 07:26:59,158 - INFO - Epoch 24 : Training Loss: 5.3848972321, Validation Loss: 5.7790579796, Training R-squared: 0.4808732569, Validation R-squared: 0.4178413451
2023-11-22 07:27:17,237 - INFO - Epoch 25 : Training Loss: 5.3673181534, Validation Loss: 5.7582859993, Training R-squared: 0.4854172766, Validation R-squared: 0.4221757650
2023-11-22 07:27:35,581 - INFO - Epoch 26 : Training Loss: 5.3434581757, Validation Loss: 5.7528653145, Training R-squared: 0.4898874164, Validation R-squared: 0.4233443439
2023-11-22 07:27:54,658 - INFO - Epoch 27 : Training Loss: 5.3192811012, Validation Loss: 5.7487378120, Training R-squared: 0.4938669205, Validation R-squared: 0.4244088233
2023-11-22 07:28:11,946 - INFO - Epoch 28 : Training Loss: 5.3002061844, Validation Loss: 5.7514305115, Training R-squared: 0.4955814481, Validation R-squared: 0.4229230583
2023-11-22 07:28:29,055 - INFO - Epoch 29 : Training Loss: 5.2812633514, Validation Loss: 5.7420639992, Training R-squared: 0.4995341599, Validation R-squared: 0.4252601862
2023-11-22 07:28:46,562 - INFO - Epoch 30 : Training Loss: 5.2683982849, Validation Loss: 5.7339410782, Training R-squared: 0.5023807287, Validation R-squared: 0.4270018637
2023-11-22 07:29:03,490 - INFO - Epoch 31 : Training Loss: 5.2525825500, Validation Loss: 5.7519569397, Training R-squared: 0.5057069659, Validation R-squared: 0.4228207171
2023-11-22 07:29:22,115 - INFO - Epoch 32 : Training Loss: 5.2458720207, Validation Loss: 5.7358050346, Training R-squared: 0.5068179369, Validation R-squared: 0.4265315831
2023-11-22 07:29:40,157 - INFO - Epoch 33 : Training Loss: 5.2361946106, Validation Loss: 5.7200827599, Training R-squared: 0.5081245899, Validation R-squared: 0.4296626449
2023-11-22 07:29:58,010 - INFO - Epoch 34 : Training Loss: 5.2186627388, Validation Loss: 5.7308001518, Training R-squared: 0.5127317309, Validation R-squared: 0.4274479747
2023-11-22 07:30:19,070 - INFO - Epoch 35 : Training Loss: 5.2088751793, Validation Loss: 5.7406330109, Training R-squared: 0.5137509704, Validation R-squared: 0.4247781932
2023-11-22 07:30:37,979 - INFO - Epoch 36 : Training Loss: 5.1980576515, Validation Loss: 5.7325596809, Training R-squared: 0.5163235664, Validation R-squared: 0.4265837073
2023-11-22 07:30:55,280 - INFO - Epoch 37 : Training Loss: 5.1829471588, Validation Loss: 5.7474284172, Training R-squared: 0.5190743208, Validation R-squared: 0.4230373800
2023-11-22 07:31:12,736 - INFO - Epoch 38 : Training Loss: 5.1591515541, Validation Loss: 5.7258505821, Training R-squared: 0.5218557119, Validation R-squared: 0.4278981686
2023-11-22 07:31:32,020 - INFO - Model saved to models/portion_model/breakfast/512_512_200_64/sparsity_5_fold_4_model.keras
2023-11-22 07:31:37,621 - INFO - Avg Metrics: RMSE: 4.3250880366, R-squared: -0.0877591944, PCC: 0.6420283844
2023-11-22 07:31:37,622 - INFO - Agg Metrics: RMSE: 5.9388753379, R-squared: 0.4064405645, PCC: 0.6382048080
2023-11-22 07:31:43,625 - INFO - ================================================================== Fold 5 ===================================================================
2023-11-22 07:32:10,666 - INFO - Epoch 1  : Training Loss: 7.2427191734, Validation Loss: 7.0791373253, Training R-squared: 0.0693242028, Validation R-squared: 0.0989620313
2023-11-22 07:32:30,334 - INFO - Epoch 2  : Training Loss: 6.8478708267, Validation Loss: 6.7173194885, Training R-squared: 0.1673425436, Validation R-squared: 0.1902029365
2023-11-22 07:32:47,838 - INFO - Epoch 3  : Training Loss: 6.5948858261, Validation Loss: 6.4583687782, Training R-squared: 0.2284223437, Validation R-squared: 0.2514305115
2023-11-22 07:33:04,723 - INFO - Epoch 4  : Training Loss: 6.2565293312, Validation Loss: 6.0469560623, Training R-squared: 0.3065944314, Validation R-squared: 0.3437258601
2023-11-22 07:33:22,377 - INFO - Epoch 5  : Training Loss: 5.9886665344, Validation Loss: 6.0011038780, Training R-squared: 0.3646538258, Validation R-squared: 0.3534422517
2023-11-22 07:33:39,492 - INFO - Epoch 6  : Training Loss: 5.9289054871, Validation Loss: 5.9564142227, Training R-squared: 0.3777859807, Validation R-squared: 0.3628710806
2023-11-22 07:33:57,918 - INFO - Epoch 7  : Training Loss: 5.8668036461, Validation Loss: 5.8984365463, Training R-squared: 0.3911604285, Validation R-squared: 0.3762111962
2023-11-22 07:34:14,916 - INFO - Epoch 8  : Training Loss: 5.8054809570, Validation Loss: 5.8902482986, Training R-squared: 0.4025683105, Validation R-squared: 0.3780530691
2023-11-22 07:34:32,382 - INFO - Epoch 9  : Training Loss: 5.7772765160, Validation Loss: 5.8914070129, Training R-squared: 0.4081077874, Validation R-squared: 0.3770632148
2023-11-22 07:34:49,421 - INFO - Epoch 10 : Training Loss: 5.7609114647, Validation Loss: 5.8881740570, Training R-squared: 0.4109728932, Validation R-squared: 0.3777487874
2023-11-22 07:35:06,447 - INFO - Epoch 11 : Training Loss: 5.7444524765, Validation Loss: 5.8814654350, Training R-squared: 0.4151939154, Validation R-squared: 0.3797652721
2023-11-22 07:35:23,660 - INFO - Epoch 12 : Training Loss: 5.7223777771, Validation Loss: 5.8767523766, Training R-squared: 0.4193057418, Validation R-squared: 0.3807736337
2023-11-22 07:35:40,722 - INFO - Epoch 13 : Training Loss: 5.7014217377, Validation Loss: 5.8716592789, Training R-squared: 0.4239311218, Validation R-squared: 0.3815191686
2023-11-22 07:35:58,134 - INFO - Epoch 14 : Training Loss: 5.6774091721, Validation Loss: 5.8579831123, Training R-squared: 0.4293608367, Validation R-squared: 0.3844553828
2023-11-22 07:36:15,213 - INFO - Epoch 15 : Training Loss: 5.6475443840, Validation Loss: 5.8457422256, Training R-squared: 0.4347424507, Validation R-squared: 0.3873997927
2023-11-22 07:36:32,442 - INFO - Epoch 16 : Training Loss: 5.6134037971, Validation Loss: 5.8414378166, Training R-squared: 0.4407086670, Validation R-squared: 0.3883548975
2023-11-22 07:36:49,423 - INFO - Epoch 17 : Training Loss: 5.6013431549, Validation Loss: 5.8270072937, Training R-squared: 0.4441865981, Validation R-squared: 0.3908384144
2023-11-22 07:37:06,353 - INFO - Epoch 18 : Training Loss: 5.5724825859, Validation Loss: 5.8098449707, Training R-squared: 0.4493704140, Validation R-squared: 0.3944646120
2023-11-22 07:37:23,827 - INFO - Epoch 19 : Training Loss: 5.5316734314, Validation Loss: 5.7947001457, Training R-squared: 0.4565593898, Validation R-squared: 0.3977565169
2023-11-22 07:37:40,881 - INFO - Epoch 20 : Training Loss: 5.4967045784, Validation Loss: 5.7605972290, Training R-squared: 0.4639677703, Validation R-squared: 0.4053550363
2023-11-22 07:37:58,125 - INFO - Epoch 21 : Training Loss: 5.4666261673, Validation Loss: 5.7447013855, Training R-squared: 0.4707941711, Validation R-squared: 0.4084667861
2023-11-22 07:38:15,132 - INFO - Epoch 22 : Training Loss: 5.4390258789, Validation Loss: 5.7225379944, Training R-squared: 0.4757449627, Validation R-squared: 0.4131731391
2023-11-22 07:38:32,987 - INFO - Epoch 23 : Training Loss: 5.4046568871, Validation Loss: 5.7142915726, Training R-squared: 0.4814006686, Validation R-squared: 0.4145187438
2023-11-22 07:38:49,876 - INFO - Epoch 24 : Training Loss: 5.3914227486, Validation Loss: 5.7091641426, Training R-squared: 0.4857107401, Validation R-squared: 0.4156720340
2023-11-22 07:39:06,971 - INFO - Epoch 25 : Training Loss: 5.3637933731, Validation Loss: 5.7042608261, Training R-squared: 0.4892694950, Validation R-squared: 0.4165131748
2023-11-22 07:39:24,202 - INFO - Epoch 26 : Training Loss: 5.3485331535, Validation Loss: 5.7048602104, Training R-squared: 0.4920999110, Validation R-squared: 0.4166043103
2023-11-22 07:39:41,168 - INFO - Epoch 27 : Training Loss: 5.3266687393, Validation Loss: 5.6955814362, Training R-squared: 0.4958775938, Validation R-squared: 0.4184713960
2023-11-22 07:39:58,431 - INFO - Epoch 28 : Training Loss: 5.3242783546, Validation Loss: 5.6911134720, Training R-squared: 0.4971704185, Validation R-squared: 0.4193485975
2023-11-22 07:40:15,275 - INFO - Epoch 29 : Training Loss: 5.3082528114, Validation Loss: 5.6899695396, Training R-squared: 0.4995513856, Validation R-squared: 0.4202268422
2023-11-22 07:40:32,926 - INFO - Epoch 30 : Training Loss: 5.2955245972, Validation Loss: 5.6875023842, Training R-squared: 0.5013126731, Validation R-squared: 0.4201307595
2023-11-22 07:40:49,922 - INFO - Epoch 31 : Training Loss: 5.2719879150, Validation Loss: 5.6889948845, Training R-squared: 0.5057680607, Validation R-squared: 0.4199338555
2023-11-22 07:41:06,867 - INFO - Epoch 32 : Training Loss: 5.2734107971, Validation Loss: 5.6716594696, Training R-squared: 0.5057745576, Validation R-squared: 0.4234842658
2023-11-22 07:41:24,117 - INFO - Epoch 33 : Training Loss: 5.2448029518, Validation Loss: 5.6717772484, Training R-squared: 0.5108606815, Validation R-squared: 0.4233970344
2023-11-22 07:41:41,136 - INFO - Epoch 34 : Training Loss: 5.2265453339, Validation Loss: 5.6635842323, Training R-squared: 0.5129780769, Validation R-squared: 0.4246876538
2023-11-22 07:41:58,366 - INFO - Epoch 35 : Training Loss: 5.2322816849, Validation Loss: 5.6687421799, Training R-squared: 0.5135767460, Validation R-squared: 0.4239212275
2023-11-22 07:42:15,294 - INFO - Epoch 36 : Training Loss: 5.2198171616, Validation Loss: 5.6701788902, Training R-squared: 0.5163302422, Validation R-squared: 0.4230721593
2023-11-22 07:42:32,603 - INFO - Epoch 37 : Training Loss: 5.1924743652, Validation Loss: 5.6504564285, Training R-squared: 0.5198161006, Validation R-squared: 0.4270941317
2023-11-22 07:42:49,705 - INFO - Epoch 38 : Training Loss: 5.1848282814, Validation Loss: 5.6461186409, Training R-squared: 0.5218728781, Validation R-squared: 0.4282364547
2023-11-22 07:43:06,906 - INFO - Epoch 39 : Training Loss: 5.1639261246, Validation Loss: 5.6555652618, Training R-squared: 0.5246846080, Validation R-squared: 0.4260337949
2023-11-22 07:43:24,296 - INFO - Epoch 40 : Training Loss: 5.1474075317, Validation Loss: 5.6327848434, Training R-squared: 0.5287551880, Validation R-squared: 0.4311508536
2023-11-22 07:43:41,252 - INFO - Epoch 41 : Training Loss: 5.1415481567, Validation Loss: 5.6430516243, Training R-squared: 0.5288453102, Validation R-squared: 0.4288765788
2023-11-22 07:43:59,544 - INFO - Epoch 42 : Training Loss: 5.1302824020, Validation Loss: 5.6166200638, Training R-squared: 0.5314134955, Validation R-squared: 0.4344786406
2023-11-22 07:44:16,689 - INFO - Epoch 43 : Training Loss: 5.1089377403, Validation Loss: 5.6197109222, Training R-squared: 0.5352522135, Validation R-squared: 0.4337246120
2023-11-22 07:44:34,196 - INFO - Epoch 44 : Training Loss: 5.0960340500, Validation Loss: 5.6119809151, Training R-squared: 0.5375353098, Validation R-squared: 0.4355828762
2023-11-22 07:44:51,255 - INFO - Epoch 45 : Training Loss: 5.0948991776, Validation Loss: 5.6195960045, Training R-squared: 0.5380514860, Validation R-squared: 0.4334634244
2023-11-22 07:45:08,824 - INFO - Epoch 46 : Training Loss: 5.0703058243, Validation Loss: 5.6036696434, Training R-squared: 0.5422080159, Validation R-squared: 0.4366378486
2023-11-22 07:45:25,836 - INFO - Epoch 47 : Training Loss: 5.0531053543, Validation Loss: 5.5931324959, Training R-squared: 0.5448701382, Validation R-squared: 0.4390294552
2023-11-22 07:45:43,008 - INFO - Epoch 48 : Training Loss: 5.0335774422, Validation Loss: 5.6010684967, Training R-squared: 0.5483731031, Validation R-squared: 0.4371216297
2023-11-22 07:46:00,124 - INFO - Epoch 49 : Training Loss: 5.0240554810, Validation Loss: 5.6026191711, Training R-squared: 0.5486664176, Validation R-squared: 0.4365555048
2023-11-22 07:46:17,210 - INFO - Epoch 50 : Training Loss: 5.0117082596, Validation Loss: 5.6211609840, Training R-squared: 0.5519638658, Validation R-squared: 0.4323374331
2023-11-22 07:46:34,374 - INFO - Epoch 51 : Training Loss: 4.9999790192, Validation Loss: 5.5691504478, Training R-squared: 0.5546317101, Validation R-squared: 0.4435796440
2023-11-22 07:46:51,399 - INFO - Epoch 52 : Training Loss: 4.9930839539, Validation Loss: 5.5756669044, Training R-squared: 0.5550352931, Validation R-squared: 0.4415490627
2023-11-22 07:47:08,717 - INFO - Epoch 53 : Training Loss: 4.9836926460, Validation Loss: 5.5708627701, Training R-squared: 0.5566747189, Validation R-squared: 0.4430558681
2023-11-22 07:47:25,776 - INFO - Epoch 54 : Training Loss: 4.9592890739, Validation Loss: 5.5704503059, Training R-squared: 0.5618955493, Validation R-squared: 0.4427731633
2023-11-22 07:47:43,025 - INFO - Epoch 55 : Training Loss: 4.9506983757, Validation Loss: 5.5634417534, Training R-squared: 0.5626470447, Validation R-squared: 0.4440508187
2023-11-22 07:48:00,174 - INFO - Epoch 56 : Training Loss: 4.9374208450, Validation Loss: 5.5889487267, Training R-squared: 0.5638121367, Validation R-squared: 0.4392096698
2023-11-22 07:48:17,631 - INFO - Epoch 57 : Training Loss: 4.9238238335, Validation Loss: 5.5836544037, Training R-squared: 0.5670843124, Validation R-squared: 0.4396934807
2023-11-22 07:48:35,033 - INFO - Epoch 58 : Training Loss: 4.8984923363, Validation Loss: 5.5348839760, Training R-squared: 0.5717252493, Validation R-squared: 0.4503016174
2023-11-22 07:48:52,160 - INFO - Epoch 59 : Training Loss: 4.8913598061, Validation Loss: 5.5807151794, Training R-squared: 0.5728105307, Validation R-squared: 0.4399581552
2023-11-22 07:49:09,405 - INFO - Epoch 60 : Training Loss: 4.8789715767, Validation Loss: 5.5438065529, Training R-squared: 0.5738347769, Validation R-squared: 0.4481948614
2023-11-22 07:49:26,847 - INFO - Epoch 61 : Training Loss: 4.8705477715, Validation Loss: 5.5724329948, Training R-squared: 0.5763962269, Validation R-squared: 0.4412911832
2023-11-22 07:49:44,087 - INFO - Epoch 62 : Training Loss: 4.8525538445, Validation Loss: 5.6120042801, Training R-squared: 0.5788487196, Validation R-squared: 0.4322398901
2023-11-22 07:50:01,109 - INFO - Epoch 63 : Training Loss: 4.8447670937, Validation Loss: 5.5184187889, Training R-squared: 0.5793212652, Validation R-squared: 0.4531059265
2023-11-22 07:50:18,639 - INFO - Epoch 64 : Training Loss: 4.8261117935, Validation Loss: 5.5410175323, Training R-squared: 0.5825116038, Validation R-squared: 0.4475238621
2023-11-22 07:50:35,665 - INFO - Epoch 65 : Training Loss: 4.8183155060, Validation Loss: 5.5728750229, Training R-squared: 0.5841479301, Validation R-squared: 0.4404321909
2023-11-22 07:50:52,680 - INFO - Epoch 66 : Training Loss: 4.8033380508, Validation Loss: 5.5967779160, Training R-squared: 0.5863808990, Validation R-squared: 0.4351752102
2023-11-22 07:51:09,834 - INFO - Epoch 67 : Training Loss: 4.8017554283, Validation Loss: 5.5369520187, Training R-squared: 0.5861858130, Validation R-squared: 0.4485793114
2023-11-22 07:51:27,349 - INFO - Epoch 68 : Training Loss: 4.7793607712, Validation Loss: 5.5437865257, Training R-squared: 0.5893192887, Validation R-squared: 0.4467640519
2023-11-22 07:51:46,435 - INFO - Model saved to models/portion_model/breakfast/512_512_200_64/sparsity_5_fold_5_model.keras
2023-11-22 07:51:52,870 - INFO - Avg Metrics: RMSE: 4.1913318040, R-squared: -1.3994358688, PCC: 0.6957064012
2023-11-22 07:51:52,870 - INFO - Agg Metrics: RMSE: 5.6276994684, R-squared: 0.4421347060, PCC: 0.6673163766
2023-11-22 07:52:11,636 - INFO - ================================================================== Results Summary ===================================================================
2023-11-22 07:52:11,636 - INFO - CrossVal Metrics (Avg.) - RMSE: 4.2895289327 ± 0.0517014375, R2: -0.3396443151 ± 0.0517014375, PCC: 0.6713507496 ± 0.0517014375
2023-11-22 07:52:11,636 - INFO - Testing  Metrics (Avg.) - RMSE: 4.3052333174, R2: -0.0776886552, PCC: 0.6588826354
2023-11-22 07:52:11,636 - INFO - CrossVal Metrics (Agg.) - RMSE: 5.7399936776 ± 0.0517014375, R2: 0.4291524158 ± 0.0517014375, PCC: 0.6577218092 ± 0.0517014375
2023-11-22 07:52:11,637 - INFO - Testing  Metrics (Agg.) - RMSE: 5.5794349960, R2: 0.4321932869, PCC: 0.6599936002
