2023-11-22 05:06:21,522 - INFO - Training model at 0% sparse columns removed...
2023-11-22 05:06:31,373 - INFO - ================================================================== Fold 1 ===================================================================
2023-11-22 05:06:59,760 - INFO - Epoch 1  : Training Loss: 7.0308413506, Validation Loss: 6.8903656006, Training R-squared: 0.0693927780, Validation R-squared: 0.1052891091
2023-11-22 05:07:19,482 - INFO - Epoch 2  : Training Loss: 6.6407794952, Validation Loss: 6.5316066742, Training R-squared: 0.1684148610, Validation R-squared: 0.1964966059
2023-11-22 05:07:39,321 - INFO - Epoch 3  : Training Loss: 6.4132494926, Validation Loss: 6.3140811920, Training R-squared: 0.2246558219, Validation R-squared: 0.2491726130
2023-11-22 05:08:00,579 - INFO - Epoch 4  : Training Loss: 6.1673307419, Validation Loss: 5.9850673676, Training R-squared: 0.2830897570, Validation R-squared: 0.3251789808
2023-11-22 05:08:18,996 - INFO - Epoch 5  : Training Loss: 5.8562006950, Validation Loss: 5.8478789330, Training R-squared: 0.3532080054, Validation R-squared: 0.3554546833
2023-11-22 05:08:37,441 - INFO - Epoch 6  : Training Loss: 5.7791547775, Validation Loss: 5.8158521652, Training R-squared: 0.3716009259, Validation R-squared: 0.3629253209
2023-11-22 05:08:56,733 - INFO - Epoch 7  : Training Loss: 5.7179164886, Validation Loss: 5.7717046738, Training R-squared: 0.3838637173, Validation R-squared: 0.3724486828
2023-11-22 05:09:14,614 - INFO - Epoch 8  : Training Loss: 5.6538147926, Validation Loss: 5.7468833923, Training R-squared: 0.3969864249, Validation R-squared: 0.3776654899
2023-11-22 05:09:32,381 - INFO - Epoch 9  : Training Loss: 5.6404457092, Validation Loss: 5.7489027977, Training R-squared: 0.4013190269, Validation R-squared: 0.3776675165
2023-11-22 05:09:50,580 - INFO - Epoch 10 : Training Loss: 5.6113176346, Validation Loss: 5.7453660965, Training R-squared: 0.4060407579, Validation R-squared: 0.3774037063
2023-11-22 05:10:08,518 - INFO - Epoch 11 : Training Loss: 5.5926628113, Validation Loss: 5.7387409210, Training R-squared: 0.4109485447, Validation R-squared: 0.3797506094
2023-11-22 05:10:27,485 - INFO - Epoch 12 : Training Loss: 5.5716247559, Validation Loss: 5.7368354797, Training R-squared: 0.4154926538, Validation R-squared: 0.3799272180
2023-11-22 05:10:45,495 - INFO - Epoch 13 : Training Loss: 5.5517854691, Validation Loss: 5.7246332169, Training R-squared: 0.4194968045, Validation R-squared: 0.3824270964
2023-11-22 05:11:04,171 - INFO - Epoch 14 : Training Loss: 5.5297641754, Validation Loss: 5.7131681442, Training R-squared: 0.4233561456, Validation R-squared: 0.3852624297
2023-11-22 05:11:22,166 - INFO - Epoch 15 : Training Loss: 5.5055685043, Validation Loss: 5.7116074562, Training R-squared: 0.4288194776, Validation R-squared: 0.3854096532
2023-11-22 05:11:39,928 - INFO - Epoch 16 : Training Loss: 5.4825181961, Validation Loss: 5.6980276108, Training R-squared: 0.4328016639, Validation R-squared: 0.3882513940
2023-11-22 05:11:57,871 - INFO - Epoch 17 : Training Loss: 5.4599905014, Validation Loss: 5.6917166710, Training R-squared: 0.4380202293, Validation R-squared: 0.3898842037
2023-11-22 05:12:15,894 - INFO - Epoch 18 : Training Loss: 5.4356946945, Validation Loss: 5.6793951988, Training R-squared: 0.4431129694, Validation R-squared: 0.3922528923
2023-11-22 05:12:34,217 - INFO - Epoch 19 : Training Loss: 5.4127388000, Validation Loss: 5.6681642532, Training R-squared: 0.4484880865, Validation R-squared: 0.3947955072
2023-11-22 05:12:52,111 - INFO - Epoch 20 : Training Loss: 5.3825516701, Validation Loss: 5.6513805389, Training R-squared: 0.4535040259, Validation R-squared: 0.3982196152
2023-11-22 05:13:10,003 - INFO - Epoch 21 : Training Loss: 5.3508157730, Validation Loss: 5.6363668442, Training R-squared: 0.4608913064, Validation R-squared: 0.4016732574
2023-11-22 05:13:27,984 - INFO - Epoch 22 : Training Loss: 5.3215274811, Validation Loss: 5.6166315079, Training R-squared: 0.4652829468, Validation R-squared: 0.4059194028
2023-11-22 05:13:48,025 - INFO - Epoch 23 : Training Loss: 5.2920808792, Validation Loss: 5.6074147224, Training R-squared: 0.4718780518, Validation R-squared: 0.4075575173
2023-11-22 05:14:07,566 - INFO - Epoch 24 : Training Loss: 5.2572846413, Validation Loss: 5.5924811363, Training R-squared: 0.4782326519, Validation R-squared: 0.4111845791
2023-11-22 05:14:25,744 - INFO - Epoch 25 : Training Loss: 5.2460284233, Validation Loss: 5.6129779816, Training R-squared: 0.4803294837, Validation R-squared: 0.4055668712
2023-11-22 05:14:43,145 - INFO - Epoch 26 : Training Loss: 5.2176671028, Validation Loss: 5.5826568604, Training R-squared: 0.4869145155, Validation R-squared: 0.4125463665
2023-11-22 05:15:01,635 - INFO - Epoch 27 : Training Loss: 5.1949167252, Validation Loss: 5.5679130554, Training R-squared: 0.4891304672, Validation R-squared: 0.4163779914
2023-11-22 05:15:22,331 - INFO - Epoch 28 : Training Loss: 5.1870598793, Validation Loss: 5.5650939941, Training R-squared: 0.4919446111, Validation R-squared: 0.4169696867
2023-11-22 05:15:44,676 - INFO - Epoch 29 : Training Loss: 5.1730532646, Validation Loss: 5.5610613823, Training R-squared: 0.4952990413, Validation R-squared: 0.4177584052
2023-11-22 05:16:04,692 - INFO - Epoch 30 : Training Loss: 5.1530261040, Validation Loss: 5.5787162781, Training R-squared: 0.4976570606, Validation R-squared: 0.4129648507
2023-11-22 05:16:24,427 - INFO - Epoch 31 : Training Loss: 5.1500968933, Validation Loss: 5.5556039810, Training R-squared: 0.4993648231, Validation R-squared: 0.4187165201
2023-11-22 05:16:43,863 - INFO - Epoch 32 : Training Loss: 5.1319780350, Validation Loss: 5.5542860031, Training R-squared: 0.5023816228, Validation R-squared: 0.4193249047
2023-11-22 05:17:02,160 - INFO - Epoch 33 : Training Loss: 5.1126356125, Validation Loss: 5.5580697060, Training R-squared: 0.5060222149, Validation R-squared: 0.4180480540
2023-11-22 05:17:19,929 - INFO - Epoch 34 : Training Loss: 5.0969700813, Validation Loss: 5.5572142601, Training R-squared: 0.5071288943, Validation R-squared: 0.4179298878
2023-11-22 05:17:37,684 - INFO - Epoch 35 : Training Loss: 5.0870337486, Validation Loss: 5.5512967110, Training R-squared: 0.5091616511, Validation R-squared: 0.4193794727
2023-11-22 05:17:55,357 - INFO - Epoch 36 : Training Loss: 5.0730228424, Validation Loss: 5.5445823669, Training R-squared: 0.5119454265, Validation R-squared: 0.4210734665
2023-11-22 05:18:12,815 - INFO - Epoch 37 : Training Loss: 5.0612201691, Validation Loss: 5.5461726189, Training R-squared: 0.5156259537, Validation R-squared: 0.4206153154
2023-11-22 05:18:30,661 - INFO - Epoch 38 : Training Loss: 5.0529570580, Validation Loss: 5.5592522621, Training R-squared: 0.5163018703, Validation R-squared: 0.4171132445
2023-11-22 05:18:48,323 - INFO - Epoch 39 : Training Loss: 5.0377411842, Validation Loss: 5.5493254662, Training R-squared: 0.5175434351, Validation R-squared: 0.4192221165
2023-11-22 05:19:05,823 - INFO - Epoch 40 : Training Loss: 5.0281481743, Validation Loss: 5.5582337379, Training R-squared: 0.5201852918, Validation R-squared: 0.4175640941
2023-11-22 05:19:23,452 - INFO - Epoch 41 : Training Loss: 5.0141339302, Validation Loss: 5.5546245575, Training R-squared: 0.5234656930, Validation R-squared: 0.4179675579
2023-11-22 05:19:42,479 - INFO - Model saved to models/portion_model/breakfast/512_512_200_64/sparsity_0_fold_1_model.keras
2023-11-22 05:19:50,421 - INFO - Avg Metrics: RMSE: 4.2901961576, R-squared: 0.0503490153, PCC: 0.6424197241
2023-11-22 05:19:50,421 - INFO - Agg Metrics: RMSE: 5.6328686380, R-squared: 0.4130365520, PCC: 0.6434696116
2023-11-22 05:19:57,112 - INFO - ================================================================== Fold 2 ===================================================================
2023-11-22 05:20:22,728 - INFO - Epoch 1  : Training Loss: 6.9938836098, Validation Loss: 7.0456385612, Training R-squared: 0.0673658252, Validation R-squared: 0.0984448791
2023-11-22 05:20:40,631 - INFO - Epoch 2  : Training Loss: 6.6457581520, Validation Loss: 6.6674818993, Training R-squared: 0.1595782191, Validation R-squared: 0.1940811127
2023-11-22 05:20:58,330 - INFO - Epoch 3  : Training Loss: 6.3226246834, Validation Loss: 6.1814222336, Training R-squared: 0.2397677302, Validation R-squared: 0.3081928194
2023-11-22 05:21:16,218 - INFO - Epoch 4  : Training Loss: 5.9201869965, Validation Loss: 6.0554976463, Training R-squared: 0.3320014477, Validation R-squared: 0.3351125419
2023-11-22 05:21:35,610 - INFO - Epoch 5  : Training Loss: 5.8103971481, Validation Loss: 5.9751358032, Training R-squared: 0.3574448228, Validation R-squared: 0.3532669842
2023-11-22 05:21:53,488 - INFO - Epoch 6  : Training Loss: 5.7456893921, Validation Loss: 5.9230465889, Training R-squared: 0.3725269735, Validation R-squared: 0.3649435341
2023-11-22 05:22:11,340 - INFO - Epoch 7  : Training Loss: 5.6800704002, Validation Loss: 5.8822813034, Training R-squared: 0.3870680630, Validation R-squared: 0.3738949895
2023-11-22 05:22:29,577 - INFO - Epoch 8  : Training Loss: 5.6428604126, Validation Loss: 5.8632907867, Training R-squared: 0.3948789835, Validation R-squared: 0.3783168197
2023-11-22 05:22:47,726 - INFO - Epoch 9  : Training Loss: 5.6205487251, Validation Loss: 5.8651361465, Training R-squared: 0.3991438448, Validation R-squared: 0.3775619268
2023-11-22 05:23:05,516 - INFO - Epoch 10 : Training Loss: 5.6023612022, Validation Loss: 5.8657336235, Training R-squared: 0.4023343325, Validation R-squared: 0.3770802915
2023-11-22 05:23:24,167 - INFO - Epoch 11 : Training Loss: 5.5837655067, Validation Loss: 5.8555183411, Training R-squared: 0.4065234363, Validation R-squared: 0.3796158731
2023-11-22 05:23:42,706 - INFO - Epoch 12 : Training Loss: 5.5508704185, Validation Loss: 5.8569417000, Training R-squared: 0.4133868814, Validation R-squared: 0.3792712986
2023-11-22 05:24:03,993 - INFO - Epoch 13 : Training Loss: 5.5440793037, Validation Loss: 5.8452672958, Training R-squared: 0.4160491228, Validation R-squared: 0.3816383481
2023-11-22 05:24:24,386 - INFO - Epoch 14 : Training Loss: 5.5176162720, Validation Loss: 5.8297185898, Training R-squared: 0.4195840359, Validation R-squared: 0.3855618834
2023-11-22 05:24:43,689 - INFO - Epoch 15 : Training Loss: 5.4918231964, Validation Loss: 5.8198294640, Training R-squared: 0.4265321493, Validation R-squared: 0.3874691427
2023-11-22 05:25:02,568 - INFO - Epoch 16 : Training Loss: 5.4629640579, Validation Loss: 5.8194112778, Training R-squared: 0.4328703880, Validation R-squared: 0.3882398009
2023-11-22 05:25:21,341 - INFO - Epoch 17 : Training Loss: 5.4324378967, Validation Loss: 5.7903256416, Training R-squared: 0.4387580752, Validation R-squared: 0.3940177262
2023-11-22 05:25:40,345 - INFO - Epoch 18 : Training Loss: 5.3968954086, Validation Loss: 5.7725715637, Training R-squared: 0.4465999007, Validation R-squared: 0.3979588151
2023-11-22 05:25:58,376 - INFO - Epoch 19 : Training Loss: 5.3632931709, Validation Loss: 5.7509360313, Training R-squared: 0.4521682262, Validation R-squared: 0.4021572769
2023-11-22 05:26:16,065 - INFO - Epoch 20 : Training Loss: 5.3245029449, Validation Loss: 5.7397456169, Training R-squared: 0.4602821767, Validation R-squared: 0.4051521420
2023-11-22 05:26:34,394 - INFO - Epoch 21 : Training Loss: 5.2938303947, Validation Loss: 5.7235083580, Training R-squared: 0.4664831161, Validation R-squared: 0.4080584645
2023-11-22 05:26:52,852 - INFO - Epoch 22 : Training Loss: 5.2654509544, Validation Loss: 5.7024617195, Training R-squared: 0.4710367024, Validation R-squared: 0.4126967490
2023-11-22 05:27:11,020 - INFO - Epoch 23 : Training Loss: 5.2387084961, Validation Loss: 5.6958465576, Training R-squared: 0.4779209793, Validation R-squared: 0.4143565893
2023-11-22 05:27:28,947 - INFO - Epoch 24 : Training Loss: 5.2158703804, Validation Loss: 5.6732382774, Training R-squared: 0.4810366035, Validation R-squared: 0.4189850092
2023-11-22 05:27:47,417 - INFO - Epoch 25 : Training Loss: 5.1977562904, Validation Loss: 5.6661672592, Training R-squared: 0.4858875573, Validation R-squared: 0.4206151664
2023-11-22 05:28:05,123 - INFO - Epoch 26 : Training Loss: 5.1799592972, Validation Loss: 5.6538443565, Training R-squared: 0.4881956875, Validation R-squared: 0.4228599966
2023-11-22 05:28:23,462 - INFO - Epoch 27 : Training Loss: 5.1657094955, Validation Loss: 5.6582674980, Training R-squared: 0.4924291670, Validation R-squared: 0.4221528471
2023-11-22 05:28:41,306 - INFO - Epoch 28 : Training Loss: 5.1412386894, Validation Loss: 5.6480307579, Training R-squared: 0.4965935946, Validation R-squared: 0.4241828024
2023-11-22 05:28:59,039 - INFO - Epoch 29 : Training Loss: 5.1300253868, Validation Loss: 5.6497039795, Training R-squared: 0.4979882240, Validation R-squared: 0.4242523611
2023-11-22 05:29:16,901 - INFO - Epoch 30 : Training Loss: 5.1113944054, Validation Loss: 5.6448030472, Training R-squared: 0.5010078549, Validation R-squared: 0.4246780276
2023-11-22 05:29:35,670 - INFO - Epoch 31 : Training Loss: 5.0962195396, Validation Loss: 5.6333627701, Training R-squared: 0.5047305226, Validation R-squared: 0.4270542562
2023-11-22 05:29:53,337 - INFO - Epoch 32 : Training Loss: 5.0736136436, Validation Loss: 5.6275453568, Training R-squared: 0.5081740618, Validation R-squared: 0.4286796153
2023-11-22 05:30:11,347 - INFO - Epoch 33 : Training Loss: 5.0654115677, Validation Loss: 5.6299676895, Training R-squared: 0.5110425949, Validation R-squared: 0.4279417396
2023-11-22 05:30:29,719 - INFO - Epoch 34 : Training Loss: 5.0511946678, Validation Loss: 5.6305646896, Training R-squared: 0.5126695633, Validation R-squared: 0.4285711944
2023-11-22 05:30:47,848 - INFO - Epoch 35 : Training Loss: 5.0423164368, Validation Loss: 5.6323127747, Training R-squared: 0.5158401728, Validation R-squared: 0.4266477823
2023-11-22 05:31:06,209 - INFO - Epoch 36 : Training Loss: 5.0238184929, Validation Loss: 5.6186389923, Training R-squared: 0.5182592869, Validation R-squared: 0.4303854704
2023-11-22 05:31:24,348 - INFO - Epoch 37 : Training Loss: 5.0045681000, Validation Loss: 5.6297321320, Training R-squared: 0.5222095251, Validation R-squared: 0.4279827476
2023-11-22 05:31:43,059 - INFO - Epoch 38 : Training Loss: 4.9950079918, Validation Loss: 5.6155757904, Training R-squared: 0.5247999430, Validation R-squared: 0.4302811325
2023-11-22 05:32:00,727 - INFO - Epoch 39 : Training Loss: 4.9714345932, Validation Loss: 5.6089987755, Training R-squared: 0.5282357931, Validation R-squared: 0.4320272207
2023-11-22 05:32:18,998 - INFO - Epoch 40 : Training Loss: 4.9583330154, Validation Loss: 5.5839996338, Training R-squared: 0.5301557779, Validation R-squared: 0.4374293983
2023-11-22 05:32:36,962 - INFO - Epoch 41 : Training Loss: 4.9439764023, Validation Loss: 5.5941576958, Training R-squared: 0.5326338410, Validation R-squared: 0.4348018467
2023-11-22 05:32:55,202 - INFO - Epoch 42 : Training Loss: 4.9288668633, Validation Loss: 5.5798897743, Training R-squared: 0.5366009474, Validation R-squared: 0.4380756319
2023-11-22 05:33:12,972 - INFO - Epoch 43 : Training Loss: 4.9230813980, Validation Loss: 5.5800199509, Training R-squared: 0.5371271372, Validation R-squared: 0.4386488199
2023-11-22 05:33:31,235 - INFO - Epoch 44 : Training Loss: 4.9042339325, Validation Loss: 5.5629773140, Training R-squared: 0.5409373641, Validation R-squared: 0.4419082999
2023-11-22 05:33:50,570 - INFO - Epoch 45 : Training Loss: 4.8853397369, Validation Loss: 5.5822849274, Training R-squared: 0.5444055200, Validation R-squared: 0.4378306866
2023-11-22 05:34:11,798 - INFO - Epoch 46 : Training Loss: 4.8771619797, Validation Loss: 5.5621514320, Training R-squared: 0.5445314050, Validation R-squared: 0.4419668019
2023-11-22 05:34:30,160 - INFO - Epoch 47 : Training Loss: 4.8615107536, Validation Loss: 5.5522375107, Training R-squared: 0.5480899811, Validation R-squared: 0.4440585971
2023-11-22 05:34:51,783 - INFO - Epoch 48 : Training Loss: 4.8408989906, Validation Loss: 5.5694561005, Training R-squared: 0.5512446761, Validation R-squared: 0.4405982196
2023-11-22 05:35:11,467 - INFO - Epoch 49 : Training Loss: 4.8315000534, Validation Loss: 5.5553808212, Training R-squared: 0.5536327958, Validation R-squared: 0.4434049428
2023-11-22 05:35:30,229 - INFO - Epoch 50 : Training Loss: 4.8113121986, Validation Loss: 5.5566587448, Training R-squared: 0.5563218594, Validation R-squared: 0.4422904849
2023-11-22 05:35:49,311 - INFO - Epoch 51 : Training Loss: 4.8025231361, Validation Loss: 5.5432028770, Training R-squared: 0.5580918193, Validation R-squared: 0.4454506934
2023-11-22 05:36:07,975 - INFO - Epoch 52 : Training Loss: 4.7842621803, Validation Loss: 5.5484013557, Training R-squared: 0.5617797375, Validation R-squared: 0.4444422126
2023-11-22 05:36:27,147 - INFO - Epoch 53 : Training Loss: 4.7712612152, Validation Loss: 5.5447778702, Training R-squared: 0.5635301471, Validation R-squared: 0.4451839328
2023-11-22 05:36:45,929 - INFO - Epoch 54 : Training Loss: 4.7672467232, Validation Loss: 5.5374250412, Training R-squared: 0.5650749803, Validation R-squared: 0.4464792609
2023-11-22 05:37:04,831 - INFO - Epoch 55 : Training Loss: 4.7477579117, Validation Loss: 5.5457777977, Training R-squared: 0.5677484274, Validation R-squared: 0.4452349246
2023-11-22 05:37:23,991 - INFO - Epoch 56 : Training Loss: 4.7351169586, Validation Loss: 5.5694584846, Training R-squared: 0.5706127286, Validation R-squared: 0.4391136765
2023-11-22 05:37:43,044 - INFO - Epoch 57 : Training Loss: 4.7234606743, Validation Loss: 5.5386266708, Training R-squared: 0.5712439418, Validation R-squared: 0.4458874762
2023-11-22 05:38:01,653 - INFO - Epoch 58 : Training Loss: 4.7115926743, Validation Loss: 5.5277032852, Training R-squared: 0.5743525624, Validation R-squared: 0.4486142695
2023-11-22 05:38:20,473 - INFO - Epoch 59 : Training Loss: 4.7000474930, Validation Loss: 5.5325479507, Training R-squared: 0.5762299299, Validation R-squared: 0.4472991228
2023-11-22 05:38:39,672 - INFO - Epoch 60 : Training Loss: 4.6851668358, Validation Loss: 5.5267968178, Training R-squared: 0.5790104866, Validation R-squared: 0.4487850666
2023-11-22 05:38:58,681 - INFO - Epoch 61 : Training Loss: 4.6700091362, Validation Loss: 5.5411257744, Training R-squared: 0.5808881521, Validation R-squared: 0.4449668825
2023-11-22 05:39:17,395 - INFO - Epoch 62 : Training Loss: 4.6595582962, Validation Loss: 5.5198650360, Training R-squared: 0.5825375915, Validation R-squared: 0.4500378370
2023-11-22 05:39:36,140 - INFO - Epoch 63 : Training Loss: 4.6463093758, Validation Loss: 5.5217609406, Training R-squared: 0.5853996277, Validation R-squared: 0.4495488405
2023-11-22 05:39:54,647 - INFO - Epoch 64 : Training Loss: 4.6363821030, Validation Loss: 5.5165591240, Training R-squared: 0.5867673159, Validation R-squared: 0.4508511722
2023-11-22 05:40:13,573 - INFO - Epoch 65 : Training Loss: 4.6276512146, Validation Loss: 5.5143322945, Training R-squared: 0.5883460045, Validation R-squared: 0.4514654875
2023-11-22 05:40:33,346 - INFO - Epoch 66 : Training Loss: 4.6124525070, Validation Loss: 5.5269260406, Training R-squared: 0.5901848078, Validation R-squared: 0.4480487704
2023-11-22 05:40:52,229 - INFO - Epoch 67 : Training Loss: 4.6043953896, Validation Loss: 5.5194826126, Training R-squared: 0.5926496983, Validation R-squared: 0.4500286281
2023-11-22 05:41:10,552 - INFO - Epoch 68 : Training Loss: 4.5966677666, Validation Loss: 5.5138430595, Training R-squared: 0.5948774815, Validation R-squared: 0.4510863721
2023-11-22 05:41:29,467 - INFO - Epoch 69 : Training Loss: 4.5864987373, Validation Loss: 5.5575284958, Training R-squared: 0.5956340432, Validation R-squared: 0.4408436120
2023-11-22 05:41:48,833 - INFO - Epoch 70 : Training Loss: 4.5720400810, Validation Loss: 5.5027976036, Training R-squared: 0.5983374119, Validation R-squared: 0.4532724917
2023-11-22 05:42:07,713 - INFO - Epoch 71 : Training Loss: 4.5583391190, Validation Loss: 5.5164608955, Training R-squared: 0.6006752849, Validation R-squared: 0.4504950047
2023-11-22 05:42:26,179 - INFO - Epoch 72 : Training Loss: 4.5527405739, Validation Loss: 5.5651726723, Training R-squared: 0.6018339992, Validation R-squared: 0.4395271838
2023-11-22 05:42:45,147 - INFO - Epoch 73 : Training Loss: 4.5430531502, Validation Loss: 5.5398063660, Training R-squared: 0.6028863788, Validation R-squared: 0.4450408518
2023-11-22 05:43:04,043 - INFO - Epoch 74 : Training Loss: 4.5285434723, Validation Loss: 5.5355563164, Training R-squared: 0.6056103110, Validation R-squared: 0.4459993839
2023-11-22 05:43:23,503 - INFO - Epoch 75 : Training Loss: 4.5307712555, Validation Loss: 5.5332789421, Training R-squared: 0.6041460633, Validation R-squared: 0.4464527369
2023-11-22 05:43:43,522 - INFO - Model saved to models/portion_model/breakfast/512_512_200_64/sparsity_0_fold_2_model.keras
2023-11-22 05:43:48,990 - INFO - Avg Metrics: RMSE: 4.1227282989, R-squared: -0.0961981687, PCC: 0.7057833942
2023-11-22 05:43:48,990 - INFO - Agg Metrics: RMSE: 5.6759574297, R-squared: 0.4319154295, PCC: 0.6593485358
2023-11-22 05:43:55,273 - INFO - ================================================================== Fold 3 ===================================================================
2023-11-22 05:44:22,110 - INFO - Epoch 1  : Training Loss: 7.0002894402, Validation Loss: 7.0292439461, Training R-squared: 0.0684321299, Validation R-squared: 0.0977947786
2023-11-22 05:44:41,176 - INFO - Epoch 2  : Training Loss: 6.6344604492, Validation Loss: 6.6361126900, Training R-squared: 0.1628337353, Validation R-squared: 0.1966341734
2023-11-22 05:45:00,164 - INFO - Epoch 3  : Training Loss: 6.3826308250, Validation Loss: 6.3868703842, Training R-squared: 0.2266540229, Validation R-squared: 0.2562408745
2023-11-22 05:45:19,876 - INFO - Epoch 4  : Training Loss: 6.0976891518, Validation Loss: 6.0133767128, Training R-squared: 0.2926908731, Validation R-squared: 0.3399162292
2023-11-22 05:45:37,989 - INFO - Epoch 5  : Training Loss: 5.8353209496, Validation Loss: 5.9006404877, Training R-squared: 0.3539215028, Validation R-squared: 0.3652135432
2023-11-22 05:45:56,284 - INFO - Epoch 6  : Training Loss: 5.7291150093, Validation Loss: 5.8290166855, Training R-squared: 0.3770837784, Validation R-squared: 0.3811539114
2023-11-22 05:46:14,680 - INFO - Epoch 7  : Training Loss: 5.6717910767, Validation Loss: 5.8093166351, Training R-squared: 0.3904505968, Validation R-squared: 0.3858330846
2023-11-22 05:46:32,829 - INFO - Epoch 8  : Training Loss: 5.6348199844, Validation Loss: 5.8014073372, Training R-squared: 0.3971723616, Validation R-squared: 0.3874290287
2023-11-22 05:46:50,704 - INFO - Epoch 9  : Training Loss: 5.6096587181, Validation Loss: 5.7998399734, Training R-squared: 0.4017105997, Validation R-squared: 0.3874346316
2023-11-22 05:47:09,297 - INFO - Epoch 10 : Training Loss: 5.5951938629, Validation Loss: 5.7945880890, Training R-squared: 0.4044049382, Validation R-squared: 0.3879987895
2023-11-22 05:47:27,702 - INFO - Epoch 11 : Training Loss: 5.5799713135, Validation Loss: 5.7919878960, Training R-squared: 0.4092629850, Validation R-squared: 0.3888804018
2023-11-22 05:47:45,738 - INFO - Epoch 12 : Training Loss: 5.5619297028, Validation Loss: 5.7902379036, Training R-squared: 0.4109254181, Validation R-squared: 0.3895977437
2023-11-22 05:48:04,248 - INFO - Epoch 13 : Training Loss: 5.5414843559, Validation Loss: 5.7797517776, Training R-squared: 0.4158858955, Validation R-squared: 0.3916123509
2023-11-22 05:48:23,179 - INFO - Epoch 14 : Training Loss: 5.5184421539, Validation Loss: 5.7732553482, Training R-squared: 0.4217308462, Validation R-squared: 0.3933709860
2023-11-22 05:48:41,070 - INFO - Epoch 15 : Training Loss: 5.4899997711, Validation Loss: 5.7599434853, Training R-squared: 0.4269831181, Validation R-squared: 0.3963572979
2023-11-22 05:48:59,218 - INFO - Epoch 16 : Training Loss: 5.4555616379, Validation Loss: 5.7331614494, Training R-squared: 0.4330267310, Validation R-squared: 0.4018395245
2023-11-22 05:49:17,211 - INFO - Epoch 17 : Training Loss: 5.4244308472, Validation Loss: 5.7154355049, Training R-squared: 0.4407041371, Validation R-squared: 0.4048616886
2023-11-22 05:49:35,794 - INFO - Epoch 18 : Training Loss: 5.3912105560, Validation Loss: 5.6965379715, Training R-squared: 0.4475489557, Validation R-squared: 0.4087667167
2023-11-22 05:49:54,383 - INFO - Epoch 19 : Training Loss: 5.3660988808, Validation Loss: 5.6695613861, Training R-squared: 0.4536180496, Validation R-squared: 0.4143231213
2023-11-22 05:50:13,208 - INFO - Epoch 20 : Training Loss: 5.3180475235, Validation Loss: 5.6428966522, Training R-squared: 0.4619484246, Validation R-squared: 0.4201359451
2023-11-22 05:50:31,927 - INFO - Epoch 21 : Training Loss: 5.2883276939, Validation Loss: 5.6333107948, Training R-squared: 0.4676486552, Validation R-squared: 0.4224174023
2023-11-22 05:50:50,416 - INFO - Epoch 22 : Training Loss: 5.2692055702, Validation Loss: 5.6206550598, Training R-squared: 0.4726519287, Validation R-squared: 0.4249858558
2023-11-22 05:51:09,091 - INFO - Epoch 23 : Training Loss: 5.2427854538, Validation Loss: 5.6345133781, Training R-squared: 0.4768618047, Validation R-squared: 0.4220060706
2023-11-22 05:51:28,062 - INFO - Epoch 24 : Training Loss: 5.2315950394, Validation Loss: 5.6091160774, Training R-squared: 0.4788517058, Validation R-squared: 0.4273160696
2023-11-22 05:51:46,627 - INFO - Epoch 25 : Training Loss: 5.2159719467, Validation Loss: 5.6207251549, Training R-squared: 0.4822634459, Validation R-squared: 0.4241464436
2023-11-22 05:52:05,198 - INFO - Epoch 26 : Training Loss: 5.1909580231, Validation Loss: 5.6047420502, Training R-squared: 0.4853161275, Validation R-squared: 0.4290527701
2023-11-22 05:52:24,021 - INFO - Epoch 27 : Training Loss: 5.1742153168, Validation Loss: 5.5927219391, Training R-squared: 0.4904331267, Validation R-squared: 0.4306237698
2023-11-22 05:52:42,733 - INFO - Epoch 28 : Training Loss: 5.1585102081, Validation Loss: 5.5910530090, Training R-squared: 0.4929084480, Validation R-squared: 0.4316119552
2023-11-22 05:53:01,253 - INFO - Epoch 29 : Training Loss: 5.1465177536, Validation Loss: 5.5786590576, Training R-squared: 0.4950209260, Validation R-squared: 0.4335039556
2023-11-22 05:53:20,199 - INFO - Epoch 30 : Training Loss: 5.1287212372, Validation Loss: 5.5966506004, Training R-squared: 0.4994719625, Validation R-squared: 0.4288367927
2023-11-22 05:53:38,947 - INFO - Epoch 31 : Training Loss: 5.1119418144, Validation Loss: 5.5735688210, Training R-squared: 0.5018905401, Validation R-squared: 0.4342242181
2023-11-22 05:53:58,904 - INFO - Epoch 32 : Training Loss: 5.1060099602, Validation Loss: 5.5799589157, Training R-squared: 0.5032743812, Validation R-squared: 0.4328148365
2023-11-22 05:54:18,326 - INFO - Epoch 33 : Training Loss: 5.0877165794, Validation Loss: 5.5816569328, Training R-squared: 0.5076423287, Validation R-squared: 0.4324055910
2023-11-22 05:54:36,653 - INFO - Epoch 34 : Training Loss: 5.0733461380, Validation Loss: 5.5669960976, Training R-squared: 0.5103609562, Validation R-squared: 0.4354864359
2023-11-22 05:54:55,388 - INFO - Epoch 35 : Training Loss: 5.0584273338, Validation Loss: 5.5653176308, Training R-squared: 0.5117821693, Validation R-squared: 0.4360684752
2023-11-22 05:55:13,955 - INFO - Epoch 36 : Training Loss: 5.0498824120, Validation Loss: 5.5697097778, Training R-squared: 0.5119757652, Validation R-squared: 0.4346987009
2023-11-22 05:55:32,985 - INFO - Epoch 37 : Training Loss: 5.0264763832, Validation Loss: 5.5443730354, Training R-squared: 0.5172071457, Validation R-squared: 0.4401427209
2023-11-22 05:55:51,346 - INFO - Epoch 38 : Training Loss: 5.0150036812, Validation Loss: 5.5422358513, Training R-squared: 0.5195774436, Validation R-squared: 0.4408827126
2023-11-22 05:56:10,159 - INFO - Epoch 39 : Training Loss: 4.9991369247, Validation Loss: 5.5272016525, Training R-squared: 0.5234504342, Validation R-squared: 0.4440194368
2023-11-22 05:56:28,893 - INFO - Epoch 40 : Training Loss: 4.9973726273, Validation Loss: 5.5421061516, Training R-squared: 0.5234328508, Validation R-squared: 0.4399870932
2023-11-22 05:56:47,169 - INFO - Epoch 41 : Training Loss: 4.9730019569, Validation Loss: 5.5263485909, Training R-squared: 0.5285372138, Validation R-squared: 0.4438718557
2023-11-22 05:57:06,013 - INFO - Epoch 42 : Training Loss: 4.9554729462, Validation Loss: 5.5311441422, Training R-squared: 0.5303153396, Validation R-squared: 0.4422634244
2023-11-22 05:57:24,569 - INFO - Epoch 43 : Training Loss: 4.9508171082, Validation Loss: 5.5131025314, Training R-squared: 0.5317236781, Validation R-squared: 0.4459854364
2023-11-22 05:57:43,828 - INFO - Epoch 44 : Training Loss: 4.9337749481, Validation Loss: 5.5175838470, Training R-squared: 0.5356557369, Validation R-squared: 0.4458493292
2023-11-22 05:58:02,128 - INFO - Epoch 45 : Training Loss: 4.9225673676, Validation Loss: 5.5295863152, Training R-squared: 0.5366777182, Validation R-squared: 0.4420670867
2023-11-22 05:58:21,020 - INFO - Epoch 46 : Training Loss: 4.9164476395, Validation Loss: 5.5162305832, Training R-squared: 0.5380086303, Validation R-squared: 0.4446868598
2023-11-22 05:58:39,478 - INFO - Epoch 47 : Training Loss: 4.8969998360, Validation Loss: 5.5037050247, Training R-squared: 0.5409416556, Validation R-squared: 0.4481947422
2023-11-22 05:58:58,042 - INFO - Epoch 48 : Training Loss: 4.8798522949, Validation Loss: 5.4942049980, Training R-squared: 0.5440953374, Validation R-squared: 0.4497340918
2023-11-22 05:59:16,521 - INFO - Epoch 49 : Training Loss: 4.8636221886, Validation Loss: 5.5083427429, Training R-squared: 0.5481071472, Validation R-squared: 0.4458347857
2023-11-22 05:59:35,458 - INFO - Epoch 50 : Training Loss: 4.8459558487, Validation Loss: 5.4897651672, Training R-squared: 0.5503757000, Validation R-squared: 0.4500721991
2023-11-22 05:59:54,058 - INFO - Epoch 51 : Training Loss: 4.8325915337, Validation Loss: 5.4971957207, Training R-squared: 0.5524518490, Validation R-squared: 0.4485917389
2023-11-22 06:00:12,611 - INFO - Epoch 52 : Training Loss: 4.8161969185, Validation Loss: 5.4809856415, Training R-squared: 0.5548260212, Validation R-squared: 0.4517773986
2023-11-22 06:00:31,392 - INFO - Epoch 53 : Training Loss: 4.8078293800, Validation Loss: 5.4820032120, Training R-squared: 0.5571461320, Validation R-squared: 0.4516302347
2023-11-22 06:00:49,873 - INFO - Epoch 54 : Training Loss: 4.7932953835, Validation Loss: 5.4634113312, Training R-squared: 0.5594423413, Validation R-squared: 0.4551426768
2023-11-22 06:01:08,520 - INFO - Epoch 55 : Training Loss: 4.7768917084, Validation Loss: 5.4775466919, Training R-squared: 0.5620224476, Validation R-squared: 0.4523261189
2023-11-22 06:01:27,276 - INFO - Epoch 56 : Training Loss: 4.7702922821, Validation Loss: 5.4931998253, Training R-squared: 0.5634046197, Validation R-squared: 0.4482386708
2023-11-22 06:01:46,466 - INFO - Epoch 57 : Training Loss: 4.7575583458, Validation Loss: 5.4726409912, Training R-squared: 0.5665759444, Validation R-squared: 0.4529860020
2023-11-22 06:02:04,850 - INFO - Epoch 58 : Training Loss: 4.7449455261, Validation Loss: 5.5170402527, Training R-squared: 0.5676730275, Validation R-squared: 0.4425850213
2023-11-22 06:02:23,918 - INFO - Epoch 59 : Training Loss: 4.7349700928, Validation Loss: 5.4755430222, Training R-squared: 0.5695079565, Validation R-squared: 0.4519059360
2023-11-22 06:02:43,984 - INFO - Model saved to models/portion_model/breakfast/512_512_200_64/sparsity_0_fold_3_model.keras
2023-11-22 06:02:49,225 - INFO - Avg Metrics: RMSE: 4.1390324043, R-squared: -0.6875459553, PCC: 0.6891504142
2023-11-22 06:02:49,226 - INFO - Agg Metrics: RMSE: 5.5968128745, R-squared: 0.4431109460, PCC: 0.6673987294
2023-11-22 06:02:55,797 - INFO - ================================================================== Fold 4 ===================================================================
2023-11-22 06:03:21,768 - INFO - Epoch 1  : Training Loss: 7.0511226654, Validation Loss: 6.8113303185, Training R-squared: 0.0686003938, Validation R-squared: 0.0953896865
2023-11-22 06:03:40,689 - INFO - Epoch 2  : Training Loss: 6.6925864220, Validation Loss: 6.4392533302, Training R-squared: 0.1628260463, Validation R-squared: 0.1924054027
2023-11-22 06:04:00,608 - INFO - Epoch 3  : Training Loss: 6.4488115311, Validation Loss: 6.2374334335, Training R-squared: 0.2216812223, Validation R-squared: 0.2419918478
2023-11-22 06:04:19,895 - INFO - Epoch 4  : Training Loss: 6.2551889420, Validation Loss: 6.0285854340, Training R-squared: 0.2687227428, Validation R-squared: 0.2928500175
2023-11-22 06:04:38,362 - INFO - Epoch 5  : Training Loss: 5.9122705460, Validation Loss: 5.7680211067, Training R-squared: 0.3461832404, Validation R-squared: 0.3519966602
2023-11-22 06:04:56,877 - INFO - Epoch 6  : Training Loss: 5.8029890060, Validation Loss: 5.7267470360, Training R-squared: 0.3727990985, Validation R-squared: 0.3611095846
2023-11-22 06:05:15,508 - INFO - Epoch 7  : Training Loss: 5.7426795959, Validation Loss: 5.6818022728, Training R-squared: 0.3840754032, Validation R-squared: 0.3717476726
2023-11-22 06:05:35,725 - INFO - Epoch 8  : Training Loss: 5.6847500801, Validation Loss: 5.6536874771, Training R-squared: 0.3963255584, Validation R-squared: 0.3777618408
2023-11-22 06:05:59,432 - INFO - Epoch 9  : Training Loss: 5.6546154022, Validation Loss: 5.6491551399, Training R-squared: 0.4016571939, Validation R-squared: 0.3784989119
2023-11-22 06:06:20,836 - INFO - Epoch 10 : Training Loss: 5.6407370567, Validation Loss: 5.6487045288, Training R-squared: 0.4055422544, Validation R-squared: 0.3786362708
2023-11-22 06:06:40,074 - INFO - Epoch 11 : Training Loss: 5.6304683685, Validation Loss: 5.6429696083, Training R-squared: 0.4089204371, Validation R-squared: 0.3799799383
2023-11-22 06:06:59,479 - INFO - Epoch 12 : Training Loss: 5.6003727913, Validation Loss: 5.6326737404, Training R-squared: 0.4135668874, Validation R-squared: 0.3823451698
2023-11-22 06:07:18,816 - INFO - Epoch 13 : Training Loss: 5.5832519531, Validation Loss: 5.6350960732, Training R-squared: 0.4174174666, Validation R-squared: 0.3812221587
2023-11-22 06:07:38,478 - INFO - Epoch 14 : Training Loss: 5.5588831902, Validation Loss: 5.6172862053, Training R-squared: 0.4225757420, Validation R-squared: 0.3854714632
2023-11-22 06:07:57,703 - INFO - Epoch 15 : Training Loss: 5.5244412422, Validation Loss: 5.6050333977, Training R-squared: 0.4292710721, Validation R-squared: 0.3887850940
2023-11-22 06:08:16,434 - INFO - Epoch 16 : Training Loss: 5.5068840981, Validation Loss: 5.5934028625, Training R-squared: 0.4324982464, Validation R-squared: 0.3910893202
2023-11-22 06:08:35,379 - INFO - Epoch 17 : Training Loss: 5.4884395599, Validation Loss: 5.5830235481, Training R-squared: 0.4375766516, Validation R-squared: 0.3933373094
2023-11-22 06:08:54,396 - INFO - Epoch 18 : Training Loss: 5.4649486542, Validation Loss: 5.5738615990, Training R-squared: 0.4418198764, Validation R-squared: 0.3951337636
2023-11-22 06:09:13,153 - INFO - Epoch 19 : Training Loss: 5.4326472282, Validation Loss: 5.5596919060, Training R-squared: 0.4495083988, Validation R-squared: 0.3982121050
2023-11-22 06:09:32,469 - INFO - Epoch 20 : Training Loss: 5.4106492996, Validation Loss: 5.5625290871, Training R-squared: 0.4539246559, Validation R-squared: 0.3972002566
2023-11-22 06:09:51,408 - INFO - Epoch 21 : Training Loss: 5.3927297592, Validation Loss: 5.5447673798, Training R-squared: 0.4555660784, Validation R-squared: 0.4013458192
2023-11-22 06:10:10,108 - INFO - Epoch 22 : Training Loss: 5.3641333580, Validation Loss: 5.5367555618, Training R-squared: 0.4611689150, Validation R-squared: 0.4029082954
2023-11-22 06:10:29,574 - INFO - Epoch 23 : Training Loss: 5.3368506432, Validation Loss: 5.5160856247, Training R-squared: 0.4667960405, Validation R-squared: 0.4076701701
2023-11-22 06:10:48,193 - INFO - Epoch 24 : Training Loss: 5.3115239143, Validation Loss: 5.4929814339, Training R-squared: 0.4712906182, Validation R-squared: 0.4130876362
2023-11-22 06:11:07,854 - INFO - Epoch 25 : Training Loss: 5.2994604111, Validation Loss: 5.4857616425, Training R-squared: 0.4750321507, Validation R-squared: 0.4143241644
2023-11-22 06:11:28,884 - INFO - Epoch 26 : Training Loss: 5.2689681053, Validation Loss: 5.4914145470, Training R-squared: 0.4797673821, Validation R-squared: 0.4126338959
2023-11-22 06:11:49,388 - INFO - Epoch 27 : Training Loss: 5.2434115410, Validation Loss: 5.4638257027, Training R-squared: 0.4848209321, Validation R-squared: 0.4189938307
2023-11-22 06:12:09,483 - INFO - Epoch 28 : Training Loss: 5.2305054665, Validation Loss: 5.4665365219, Training R-squared: 0.4878176451, Validation R-squared: 0.4181400239
2023-11-22 06:12:30,220 - INFO - Epoch 29 : Training Loss: 5.2030310631, Validation Loss: 5.4453516006, Training R-squared: 0.4931100309, Validation R-squared: 0.4229972661
2023-11-22 06:12:48,120 - INFO - Epoch 30 : Training Loss: 5.1868858337, Validation Loss: 5.4482631683, Training R-squared: 0.4953023791, Validation R-squared: 0.4223631918
2023-11-22 06:13:05,655 - INFO - Epoch 31 : Training Loss: 5.1732797623, Validation Loss: 5.4575247765, Training R-squared: 0.4980674982, Validation R-squared: 0.4204047918
2023-11-22 06:13:23,625 - INFO - Epoch 32 : Training Loss: 5.1670470238, Validation Loss: 5.4231319427, Training R-squared: 0.4992878437, Validation R-squared: 0.4278895259
2023-11-22 06:13:44,041 - INFO - Epoch 33 : Training Loss: 5.1567978859, Validation Loss: 5.4344048500, Training R-squared: 0.5023216009, Validation R-squared: 0.4253591001
2023-11-22 06:14:04,440 - INFO - Epoch 34 : Training Loss: 5.1440534592, Validation Loss: 5.4537839890, Training R-squared: 0.5039273500, Validation R-squared: 0.4206603467
2023-11-22 06:14:23,142 - INFO - Epoch 35 : Training Loss: 5.1332526207, Validation Loss: 5.4379277229, Training R-squared: 0.5066793561, Validation R-squared: 0.4244488180
2023-11-22 06:14:41,589 - INFO - Epoch 36 : Training Loss: 5.1127696037, Validation Loss: 5.4291658401, Training R-squared: 0.5091328025, Validation R-squared: 0.4262238145
2023-11-22 06:15:00,009 - INFO - Epoch 37 : Training Loss: 5.1027884483, Validation Loss: 5.4408555031, Training R-squared: 0.5117390156, Validation R-squared: 0.4234040976
2023-11-22 06:15:20,239 - INFO - Model saved to models/portion_model/breakfast/512_512_200_64/sparsity_0_fold_4_model.keras
2023-11-22 06:15:25,605 - INFO - Avg Metrics: RMSE: 4.2272721498, R-squared: -0.0396070849, PCC: 0.6344867646
2023-11-22 06:15:25,605 - INFO - Agg Metrics: RMSE: 5.5132427476, R-squared: 0.4186724157, PCC: 0.6480783443
2023-11-22 06:15:32,372 - INFO - ================================================================== Fold 5 ===================================================================
2023-11-22 06:15:59,316 - INFO - Epoch 1  : Training Loss: 7.0702333450, Validation Loss: 6.8114166260, Training R-squared: 0.0682683066, Validation R-squared: 0.0938921943
2023-11-22 06:16:17,990 - INFO - Epoch 2  : Training Loss: 6.7113409042, Validation Loss: 6.4283356667, Training R-squared: 0.1590738297, Validation R-squared: 0.1934722811
2023-11-22 06:16:36,356 - INFO - Epoch 3  : Training Loss: 6.4736628532, Validation Loss: 6.2097072601, Training R-squared: 0.2177574933, Validation R-squared: 0.2474475056
2023-11-22 06:16:54,510 - INFO - Epoch 4  : Training Loss: 6.2186427116, Validation Loss: 5.8827886581, Training R-squared: 0.2798945904, Validation R-squared: 0.3256568611
2023-11-22 06:17:12,689 - INFO - Epoch 5  : Training Loss: 5.8615541458, Validation Loss: 5.6994838715, Training R-squared: 0.3583340347, Validation R-squared: 0.3667815328
2023-11-22 06:17:31,227 - INFO - Epoch 6  : Training Loss: 5.7692785263, Validation Loss: 5.6457719803, Training R-squared: 0.3782404065, Validation R-squared: 0.3792687654
2023-11-22 06:17:49,779 - INFO - Epoch 7  : Training Loss: 5.7219767570, Validation Loss: 5.6160726547, Training R-squared: 0.3890604079, Validation R-squared: 0.3860764802
2023-11-22 06:18:08,001 - INFO - Epoch 8  : Training Loss: 5.6809554100, Validation Loss: 5.6080665588, Training R-squared: 0.3988323510, Validation R-squared: 0.3875888288
2023-11-22 06:18:26,243 - INFO - Epoch 9  : Training Loss: 5.6568875313, Validation Loss: 5.6090588570, Training R-squared: 0.4021673501, Validation R-squared: 0.3869057000
2023-11-22 06:18:44,789 - INFO - Epoch 10 : Training Loss: 5.6413626671, Validation Loss: 5.5963468552, Training R-squared: 0.4061953425, Validation R-squared: 0.3900752962
2023-11-22 06:19:03,011 - INFO - Epoch 11 : Training Loss: 5.6261234283, Validation Loss: 5.5976920128, Training R-squared: 0.4103374779, Validation R-squared: 0.3893397152
2023-11-22 06:19:21,432 - INFO - Epoch 12 : Training Loss: 5.5918178558, Validation Loss: 5.5934920311, Training R-squared: 0.4164474308, Validation R-squared: 0.3906967044
2023-11-22 06:19:39,624 - INFO - Epoch 13 : Training Loss: 5.5747876167, Validation Loss: 5.5772657394, Training R-squared: 0.4199509323, Validation R-squared: 0.3945167661
2023-11-22 06:19:57,841 - INFO - Epoch 14 : Training Loss: 5.5528826714, Validation Loss: 5.5721230507, Training R-squared: 0.4243499041, Validation R-squared: 0.3949087560
2023-11-22 06:20:16,029 - INFO - Epoch 15 : Training Loss: 5.5166797638, Validation Loss: 5.5498995781, Training R-squared: 0.4314930141, Validation R-squared: 0.4004874229
2023-11-22 06:20:34,249 - INFO - Epoch 16 : Training Loss: 5.4967103004, Validation Loss: 5.5388393402, Training R-squared: 0.4359742105, Validation R-squared: 0.4024761319
2023-11-22 06:20:52,854 - INFO - Epoch 17 : Training Loss: 5.4643774033, Validation Loss: 5.5177741051, Training R-squared: 0.4411449730, Validation R-squared: 0.4071440399
2023-11-22 06:21:11,115 - INFO - Epoch 18 : Training Loss: 5.4435729980, Validation Loss: 5.5158915520, Training R-squared: 0.4452479780, Validation R-squared: 0.4071668983
2023-11-22 06:21:29,768 - INFO - Epoch 19 : Training Loss: 5.4144592285, Validation Loss: 5.4972476959, Training R-squared: 0.4521919191, Validation R-squared: 0.4118300974
2023-11-22 06:21:48,212 - INFO - Epoch 20 : Training Loss: 5.3734612465, Validation Loss: 5.4663839340, Training R-squared: 0.4588147700, Validation R-squared: 0.4184869528
2023-11-22 06:22:06,507 - INFO - Epoch 21 : Training Loss: 5.3451642990, Validation Loss: 5.4606900215, Training R-squared: 0.4660606384, Validation R-squared: 0.4192875624
2023-11-22 06:22:25,152 - INFO - Epoch 22 : Training Loss: 5.3121829033, Validation Loss: 5.4420270920, Training R-squared: 0.4729104340, Validation R-squared: 0.4233721793
2023-11-22 06:22:43,512 - INFO - Epoch 23 : Training Loss: 5.2919130325, Validation Loss: 5.4317102432, Training R-squared: 0.4760787487, Validation R-squared: 0.4260111749
2023-11-22 06:23:01,922 - INFO - Epoch 24 : Training Loss: 5.2761917114, Validation Loss: 5.4159345627, Training R-squared: 0.4798366427, Validation R-squared: 0.4293434620
2023-11-22 06:23:20,170 - INFO - Epoch 25 : Training Loss: 5.2557415962, Validation Loss: 5.4179382324, Training R-squared: 0.4833066761, Validation R-squared: 0.4288566411
2023-11-22 06:23:38,763 - INFO - Epoch 26 : Training Loss: 5.2496376038, Validation Loss: 5.4371185303, Training R-squared: 0.4848074317, Validation R-squared: 0.4241232276
2023-11-22 06:23:58,538 - INFO - Epoch 27 : Training Loss: 5.2375459671, Validation Loss: 5.4206519127, Training R-squared: 0.4879570007, Validation R-squared: 0.4278176129
2023-11-22 06:24:16,804 - INFO - Epoch 28 : Training Loss: 5.2110285759, Validation Loss: 5.4188251495, Training R-squared: 0.4921107590, Validation R-squared: 0.4281807840
2023-11-22 06:24:35,116 - INFO - Epoch 29 : Training Loss: 5.2014389038, Validation Loss: 5.3932847977, Training R-squared: 0.4933871925, Validation R-squared: 0.4341968894
2023-11-22 06:24:53,429 - INFO - Epoch 30 : Training Loss: 5.1833796501, Validation Loss: 5.3882927895, Training R-squared: 0.4971171021, Validation R-squared: 0.4351363182
2023-11-22 06:25:11,745 - INFO - Epoch 31 : Training Loss: 5.1614794731, Validation Loss: 5.3863806725, Training R-squared: 0.4993556738, Validation R-squared: 0.4355338216
2023-11-22 06:25:30,018 - INFO - Epoch 32 : Training Loss: 5.1617579460, Validation Loss: 5.3711667061, Training R-squared: 0.5011556149, Validation R-squared: 0.4388819337
2023-11-22 06:25:48,584 - INFO - Epoch 33 : Training Loss: 5.1405229568, Validation Loss: 5.3801560402, Training R-squared: 0.5043994188, Validation R-squared: 0.4368634820
2023-11-22 06:26:07,045 - INFO - Epoch 34 : Training Loss: 5.1247944832, Validation Loss: 5.3879919052, Training R-squared: 0.5076288581, Validation R-squared: 0.4349351525
2023-11-22 06:26:25,298 - INFO - Epoch 35 : Training Loss: 5.1171436310, Validation Loss: 5.3832912445, Training R-squared: 0.5098831654, Validation R-squared: 0.4357109368
2023-11-22 06:26:43,453 - INFO - Epoch 36 : Training Loss: 5.1001286507, Validation Loss: 5.3844480515, Training R-squared: 0.5131624937, Validation R-squared: 0.4352795780
2023-11-22 06:27:01,156 - INFO - Epoch 37 : Training Loss: 5.0851449966, Validation Loss: 5.3725700378, Training R-squared: 0.5157649517, Validation R-squared: 0.4381146729
2023-11-22 06:27:19,940 - INFO - Model saved to models/portion_model/breakfast/512_512_200_64/sparsity_0_fold_5_model.keras
2023-11-22 06:27:26,175 - INFO - Avg Metrics: RMSE: 4.2045268757, R-squared: -0.8142325067, PCC: 0.6447325545
2023-11-22 06:27:26,175 - INFO - Agg Metrics: RMSE: 5.4721435104, R-squared: 0.4279732472, PCC: 0.6550528126
2023-11-22 06:27:45,674 - INFO - ================================================================== Results Summary ===================================================================
2023-11-22 06:27:45,674 - INFO - CrossVal Metrics (Avg.) - RMSE: 4.1967511773 ± 0.0608848074, R2: -0.3174469400 ± 0.0608848074, PCC: 0.6633145703 ± 0.0608848074
2023-11-22 06:27:45,675 - INFO - Testing  Metrics (Avg.) - RMSE: 4.2362563324, R2: 0.0277169460, PCC: 0.6409775197
2023-11-22 06:27:45,675 - INFO - CrossVal Metrics (Agg.) - RMSE: 5.5782050400 ± 0.0608848074, R2: 0.4269417181 ± 0.0608848074, PCC: 0.6546696067 ± 0.0608848074
2023-11-22 06:27:45,675 - INFO - Testing  Metrics (Agg.) - RMSE: 5.7013569916, R2: 0.4102232203, PCC: 0.6407922589
