2023-11-22 20:53:37,509 - INFO - Training model at 65% sparse columns removed...
2023-11-22 20:53:45,908 - INFO - ================================================================== Fold 1 ===================================================================
2023-11-22 20:53:57,311 - INFO - Epoch 1  : Training Loss: 11.7311944962, Validation Loss: 11.4767169952, Training R-squared: 0.0707499012, Validation R-squared: 0.0884395018
2023-11-22 20:54:04,682 - INFO - Epoch 2  : Training Loss: 11.1222248077, Validation Loss: 10.6484441757, Training R-squared: 0.1646306962, Validation R-squared: 0.2159320563
2023-11-22 20:54:12,152 - INFO - Epoch 3  : Training Loss: 10.2900800705, Validation Loss: 9.7801103592, Training R-squared: 0.2851224542, Validation R-squared: 0.3385432363
2023-11-22 20:54:19,694 - INFO - Epoch 4  : Training Loss: 9.6809082031, Validation Loss: 9.5241641998, Training R-squared: 0.3681519330, Validation R-squared: 0.3729791641
2023-11-22 20:54:27,053 - INFO - Epoch 5  : Training Loss: 9.5055675507, Validation Loss: 9.4115123749, Training R-squared: 0.3905666471, Validation R-squared: 0.3884590566
2023-11-22 20:54:34,594 - INFO - Epoch 6  : Training Loss: 9.4348106384, Validation Loss: 9.3799095154, Training R-squared: 0.4007972181, Validation R-squared: 0.3920547068
2023-11-22 20:54:41,891 - INFO - Epoch 7  : Training Loss: 9.3769502640, Validation Loss: 9.3633985519, Training R-squared: 0.4075084925, Validation R-squared: 0.3947136700
2023-11-22 20:54:49,047 - INFO - Epoch 8  : Training Loss: 9.3357963562, Validation Loss: 9.3342132568, Training R-squared: 0.4126972854, Validation R-squared: 0.3984147608
2023-11-22 20:54:56,432 - INFO - Epoch 9  : Training Loss: 9.2992963791, Validation Loss: 9.3144521713, Training R-squared: 0.4167428315, Validation R-squared: 0.4010319710
2023-11-22 20:55:03,952 - INFO - Epoch 10 : Training Loss: 9.2763614655, Validation Loss: 9.2862901688, Training R-squared: 0.4208614528, Validation R-squared: 0.4051201940
2023-11-22 20:55:11,155 - INFO - Epoch 11 : Training Loss: 9.2227859497, Validation Loss: 9.2434158325, Training R-squared: 0.4276399314, Validation R-squared: 0.4102425575
2023-11-22 20:55:18,576 - INFO - Epoch 12 : Training Loss: 9.1670818329, Validation Loss: 9.2211513519, Training R-squared: 0.4340849221, Validation R-squared: 0.4127664268
2023-11-22 20:55:25,547 - INFO - Epoch 13 : Training Loss: 9.1177577972, Validation Loss: 9.1585359573, Training R-squared: 0.4406132698, Validation R-squared: 0.4215296209
2023-11-22 20:55:32,614 - INFO - Epoch 14 : Training Loss: 9.0518951416, Validation Loss: 9.1259298325, Training R-squared: 0.4482972622, Validation R-squared: 0.4254233241
2023-11-22 20:55:39,651 - INFO - Epoch 15 : Training Loss: 9.0029726028, Validation Loss: 9.0827922821, Training R-squared: 0.4550362527, Validation R-squared: 0.4310406446
2023-11-22 20:55:46,968 - INFO - Epoch 16 : Training Loss: 8.9441757202, Validation Loss: 9.0483303070, Training R-squared: 0.4617067277, Validation R-squared: 0.4354372621
2023-11-22 20:55:54,553 - INFO - Epoch 17 : Training Loss: 8.8787889481, Validation Loss: 9.0026311874, Training R-squared: 0.4690460563, Validation R-squared: 0.4413252473
2023-11-22 20:56:01,677 - INFO - Epoch 18 : Training Loss: 8.8431243896, Validation Loss: 8.9763402939, Training R-squared: 0.4732325971, Validation R-squared: 0.4442996979
2023-11-22 20:56:09,292 - INFO - Epoch 19 : Training Loss: 8.7819070816, Validation Loss: 8.9554901123, Training R-squared: 0.4801383018, Validation R-squared: 0.4468979537
2023-11-22 20:56:17,495 - INFO - Epoch 20 : Training Loss: 8.7681369781, Validation Loss: 8.9359321594, Training R-squared: 0.4831729233, Validation R-squared: 0.4492349327
2023-11-22 20:56:25,753 - INFO - Epoch 21 : Training Loss: 8.7107200623, Validation Loss: 8.9092168808, Training R-squared: 0.4889754653, Validation R-squared: 0.4532971382
2023-11-22 20:56:33,582 - INFO - Epoch 22 : Training Loss: 8.6838550568, Validation Loss: 8.8858652115, Training R-squared: 0.4923967719, Validation R-squared: 0.4558858573
2023-11-22 20:56:40,900 - INFO - Epoch 23 : Training Loss: 8.6442708969, Validation Loss: 8.8750085831, Training R-squared: 0.4970951378, Validation R-squared: 0.4571976066
2023-11-22 20:56:49,028 - INFO - Epoch 24 : Training Loss: 8.6108121872, Validation Loss: 8.8584957123, Training R-squared: 0.5002378821, Validation R-squared: 0.4594717324
2023-11-22 20:56:56,712 - INFO - Epoch 25 : Training Loss: 8.5936164856, Validation Loss: 8.8435173035, Training R-squared: 0.5019876957, Validation R-squared: 0.4611926377
2023-11-22 20:57:04,781 - INFO - Epoch 26 : Training Loss: 8.5741224289, Validation Loss: 8.8652486801, Training R-squared: 0.5053526163, Validation R-squared: 0.4577231705
2023-11-22 20:57:11,997 - INFO - Epoch 27 : Training Loss: 8.5383062363, Validation Loss: 8.8403329849, Training R-squared: 0.5092617273, Validation R-squared: 0.4615701437
2023-11-22 20:57:19,230 - INFO - Epoch 28 : Training Loss: 8.5183629990, Validation Loss: 8.8321313858, Training R-squared: 0.5110869408, Validation R-squared: 0.4624177814
2023-11-22 20:57:26,288 - INFO - Epoch 29 : Training Loss: 8.4822769165, Validation Loss: 8.8327589035, Training R-squared: 0.5146400332, Validation R-squared: 0.4625628591
2023-11-22 20:57:33,182 - INFO - Epoch 30 : Training Loss: 8.4481773376, Validation Loss: 8.8228778839, Training R-squared: 0.5176963210, Validation R-squared: 0.4638541341
2023-11-22 20:57:40,185 - INFO - Epoch 31 : Training Loss: 8.4293613434, Validation Loss: 8.8124685287, Training R-squared: 0.5203594565, Validation R-squared: 0.4646185338
2023-11-22 20:57:47,289 - INFO - Epoch 32 : Training Loss: 8.4050025940, Validation Loss: 8.8050680161, Training R-squared: 0.5233842134, Validation R-squared: 0.4654466212
2023-11-22 20:57:54,115 - INFO - Epoch 33 : Training Loss: 8.3883495331, Validation Loss: 8.7979431152, Training R-squared: 0.5254338980, Validation R-squared: 0.4664294124
2023-11-22 20:58:00,767 - INFO - Epoch 34 : Training Loss: 8.3548536301, Validation Loss: 8.8072767258, Training R-squared: 0.5288001895, Validation R-squared: 0.4651573002
2023-11-22 20:58:07,763 - INFO - Epoch 35 : Training Loss: 8.3324775696, Validation Loss: 8.7836828232, Training R-squared: 0.5315921307, Validation R-squared: 0.4679907262
2023-11-22 20:58:14,714 - INFO - Epoch 36 : Training Loss: 8.3158111572, Validation Loss: 8.8248386383, Training R-squared: 0.5337157845, Validation R-squared: 0.4636072814
2023-11-22 20:58:21,607 - INFO - Epoch 37 : Training Loss: 8.3000650406, Validation Loss: 8.7753486633, Training R-squared: 0.5350543261, Validation R-squared: 0.4690707624
2023-11-22 20:58:28,539 - INFO - Epoch 38 : Training Loss: 8.2817468643, Validation Loss: 8.8177566528, Training R-squared: 0.5367412567, Validation R-squared: 0.4626497626
2023-11-22 20:58:35,234 - INFO - Epoch 39 : Training Loss: 8.2431097031, Validation Loss: 8.7509546280, Training R-squared: 0.5413343310, Validation R-squared: 0.4715698063
2023-11-22 20:58:42,052 - INFO - Epoch 40 : Training Loss: 8.2112293243, Validation Loss: 8.7520809174, Training R-squared: 0.5433923602, Validation R-squared: 0.4712898433
2023-11-22 20:58:48,966 - INFO - Epoch 41 : Training Loss: 8.1935634613, Validation Loss: 8.7545909882, Training R-squared: 0.5456820726, Validation R-squared: 0.4705208242
2023-11-22 20:58:55,921 - INFO - Epoch 42 : Training Loss: 8.1906967163, Validation Loss: 8.7238550186, Training R-squared: 0.5471816659, Validation R-squared: 0.4745871723
2023-11-22 20:59:02,762 - INFO - Epoch 43 : Training Loss: 8.1354103088, Validation Loss: 8.7303104401, Training R-squared: 0.5511324406, Validation R-squared: 0.4735927880
2023-11-22 20:59:10,099 - INFO - Epoch 44 : Training Loss: 8.1191225052, Validation Loss: 8.7332115173, Training R-squared: 0.5536805987, Validation R-squared: 0.4729914069
2023-11-22 20:59:17,545 - INFO - Epoch 45 : Training Loss: 8.1108531952, Validation Loss: 8.6987829208, Training R-squared: 0.5546424985, Validation R-squared: 0.4770800769
2023-11-22 20:59:25,059 - INFO - Epoch 46 : Training Loss: 8.0868034363, Validation Loss: 8.7015714645, Training R-squared: 0.5585497022, Validation R-squared: 0.4766284525
2023-11-22 20:59:32,620 - INFO - Epoch 47 : Training Loss: 8.0378694534, Validation Loss: 8.6815671921, Training R-squared: 0.5624610782, Validation R-squared: 0.4790990055
2023-11-22 20:59:40,352 - INFO - Epoch 48 : Training Loss: 8.0271301270, Validation Loss: 8.6769638062, Training R-squared: 0.5633813739, Validation R-squared: 0.4794393778
2023-11-22 20:59:47,573 - INFO - Epoch 49 : Training Loss: 8.0100784302, Validation Loss: 8.7033700943, Training R-squared: 0.5652270913, Validation R-squared: 0.4753689170
2023-11-22 20:59:54,915 - INFO - Epoch 50 : Training Loss: 7.9764194489, Validation Loss: 8.6756172180, Training R-squared: 0.5678544044, Validation R-squared: 0.4790142477
2023-11-22 21:00:01,929 - INFO - Epoch 51 : Training Loss: 7.9517998695, Validation Loss: 8.6709680557, Training R-squared: 0.5712791085, Validation R-squared: 0.4791518450
2023-11-22 21:00:08,891 - INFO - Epoch 52 : Training Loss: 7.9420967102, Validation Loss: 8.6589384079, Training R-squared: 0.5733268261, Validation R-squared: 0.4802544713
2023-11-22 21:00:15,613 - INFO - Epoch 53 : Training Loss: 7.9201388359, Validation Loss: 8.6296358109, Training R-squared: 0.5746099353, Validation R-squared: 0.4839033782
2023-11-22 21:00:23,132 - INFO - Epoch 54 : Training Loss: 7.9091968536, Validation Loss: 8.6382627487, Training R-squared: 0.5755482912, Validation R-squared: 0.4820354879
2023-11-22 21:00:29,939 - INFO - Epoch 55 : Training Loss: 7.8903608322, Validation Loss: 8.6793508530, Training R-squared: 0.5777518153, Validation R-squared: 0.4762776196
2023-11-22 21:00:36,589 - INFO - Epoch 56 : Training Loss: 7.8662233353, Validation Loss: 8.6889820099, Training R-squared: 0.5799233913, Validation R-squared: 0.4747102857
2023-11-22 21:00:43,733 - INFO - Epoch 57 : Training Loss: 7.8499450684, Validation Loss: 8.6296873093, Training R-squared: 0.5814475417, Validation R-squared: 0.4823917747
2023-11-22 21:00:50,827 - INFO - Epoch 58 : Training Loss: 7.8267679214, Validation Loss: 8.6684026718, Training R-squared: 0.5830983520, Validation R-squared: 0.4766069949
2023-11-22 21:01:03,709 - INFO - Model saved to models/portion_model/breakfast/512_512_200_64/sparsity_65_fold_1_model.keras
2023-11-22 21:01:08,884 - INFO - Avg Metrics: RMSE: 6.5566162071, R-squared: -0.0357824983, PCC: 0.7125238888
2023-11-22 21:01:08,884 - INFO - Agg Metrics: RMSE: 8.8319932442, R-squared: 0.4717327489, PCC: 0.6877196707
2023-11-22 21:01:15,572 - INFO - ================================================================== Fold 2 ===================================================================
2023-11-22 21:01:25,545 - INFO - Epoch 1  : Training Loss: 11.7530927658, Validation Loss: 11.4051809311, Training R-squared: 0.0697243512, Validation R-squared: 0.0917612016
2023-11-22 21:01:32,557 - INFO - Epoch 2  : Training Loss: 11.1606016159, Validation Loss: 10.6048727036, Training R-squared: 0.1618923545, Validation R-squared: 0.2155722529
2023-11-22 21:01:39,197 - INFO - Epoch 3  : Training Loss: 10.3082952499, Validation Loss: 9.6052799225, Training R-squared: 0.2851773798, Validation R-squared: 0.3557569385
2023-11-22 21:01:46,067 - INFO - Epoch 4  : Training Loss: 9.7060766220, Validation Loss: 9.4308671951, Training R-squared: 0.3661656380, Validation R-squared: 0.3786669970
2023-11-22 21:01:53,897 - INFO - Epoch 5  : Training Loss: 9.5920886993, Validation Loss: 9.3262147903, Training R-squared: 0.3822731078, Validation R-squared: 0.3925163150
2023-11-22 21:02:02,189 - INFO - Epoch 6  : Training Loss: 9.4866218567, Validation Loss: 9.2700548172, Training R-squared: 0.3967659175, Validation R-squared: 0.3998694718
2023-11-22 21:02:10,069 - INFO - Epoch 7  : Training Loss: 9.4638233185, Validation Loss: 9.2432069778, Training R-squared: 0.4004586041, Validation R-squared: 0.4031502306
2023-11-22 21:02:17,593 - INFO - Epoch 8  : Training Loss: 9.4188032150, Validation Loss: 9.2263050079, Training R-squared: 0.4039336741, Validation R-squared: 0.4054613411
2023-11-22 21:02:24,637 - INFO - Epoch 9  : Training Loss: 9.3784837723, Validation Loss: 9.2117080688, Training R-squared: 0.4083165824, Validation R-squared: 0.4074227214
2023-11-22 21:02:33,222 - INFO - Epoch 10 : Training Loss: 9.3551492691, Validation Loss: 9.1858396530, Training R-squared: 0.4124314189, Validation R-squared: 0.4106239676
2023-11-22 21:02:41,954 - INFO - Epoch 11 : Training Loss: 9.2987556458, Validation Loss: 9.1521654129, Training R-squared: 0.4203993082, Validation R-squared: 0.4143431485
2023-11-22 21:02:50,950 - INFO - Epoch 12 : Training Loss: 9.2499303818, Validation Loss: 9.0905628204, Training R-squared: 0.4255291820, Validation R-squared: 0.4228130877
2023-11-22 21:03:00,709 - INFO - Epoch 13 : Training Loss: 9.1847944260, Validation Loss: 9.0494575500, Training R-squared: 0.4345540702, Validation R-squared: 0.4283261597
2023-11-22 21:03:10,048 - INFO - Epoch 14 : Training Loss: 9.1190795898, Validation Loss: 9.0188102722, Training R-squared: 0.4394069314, Validation R-squared: 0.4325100780
2023-11-22 21:03:18,283 - INFO - Epoch 15 : Training Loss: 9.0814809799, Validation Loss: 8.9820442200, Training R-squared: 0.4492901564, Validation R-squared: 0.4370276630
2023-11-22 21:03:25,695 - INFO - Epoch 16 : Training Loss: 9.0297212601, Validation Loss: 8.9686956406, Training R-squared: 0.4547720253, Validation R-squared: 0.4388035238
2023-11-22 21:03:33,404 - INFO - Epoch 17 : Training Loss: 8.9869890213, Validation Loss: 8.9337263107, Training R-squared: 0.4586363733, Validation R-squared: 0.4432110190
2023-11-22 21:03:40,939 - INFO - Epoch 18 : Training Loss: 8.9327993393, Validation Loss: 8.9074144363, Training R-squared: 0.4595198929, Validation R-squared: 0.4461210966
2023-11-22 21:03:49,894 - INFO - Epoch 19 : Training Loss: 8.9088478088, Validation Loss: 8.8914785385, Training R-squared: 0.4701576531, Validation R-squared: 0.4482285082
2023-11-22 21:03:57,931 - INFO - Epoch 20 : Training Loss: 8.8494071960, Validation Loss: 8.8710107803, Training R-squared: 0.4711186886, Validation R-squared: 0.4511056244
2023-11-22 21:04:05,883 - INFO - Epoch 21 : Training Loss: 8.8179054260, Validation Loss: 8.8547019958, Training R-squared: 0.4798634946, Validation R-squared: 0.4526623487
2023-11-22 21:04:13,138 - INFO - Epoch 22 : Training Loss: 8.7653198242, Validation Loss: 8.8340520859, Training R-squared: 0.4838629365, Validation R-squared: 0.4557120204
2023-11-22 21:04:20,563 - INFO - Epoch 23 : Training Loss: 8.7440490723, Validation Loss: 8.8181562424, Training R-squared: 0.4865561128, Validation R-squared: 0.4573998153
2023-11-22 21:04:28,186 - INFO - Epoch 24 : Training Loss: 8.6903028488, Validation Loss: 8.8086900711, Training R-squared: 0.4910503626, Validation R-squared: 0.4584406614
2023-11-22 21:04:35,688 - INFO - Epoch 25 : Training Loss: 8.6768484116, Validation Loss: 8.8076200485, Training R-squared: 0.4959337413, Validation R-squared: 0.4586148858
2023-11-22 21:04:42,993 - INFO - Epoch 26 : Training Loss: 8.6335916519, Validation Loss: 8.8135623932, Training R-squared: 0.4997474849, Validation R-squared: 0.4579658508
2023-11-22 21:04:50,153 - INFO - Epoch 27 : Training Loss: 8.5947408676, Validation Loss: 8.7898950577, Training R-squared: 0.5004109740, Validation R-squared: 0.4606626332
2023-11-22 21:04:58,068 - INFO - Epoch 28 : Training Loss: 8.6048765182, Validation Loss: 8.7937431335, Training R-squared: 0.5038354397, Validation R-squared: 0.4602707326
2023-11-22 21:05:06,045 - INFO - Epoch 29 : Training Loss: 8.5974559784, Validation Loss: 8.7767314911, Training R-squared: 0.5008980036, Validation R-squared: 0.4623650312
2023-11-22 21:05:14,105 - INFO - Epoch 30 : Training Loss: 8.5570993423, Validation Loss: 8.7944030762, Training R-squared: 0.5082173347, Validation R-squared: 0.4596605301
2023-11-22 21:05:24,276 - INFO - Epoch 31 : Training Loss: 8.5319261551, Validation Loss: 8.7762346268, Training R-squared: 0.5112942457, Validation R-squared: 0.4623726308
2023-11-22 21:05:33,068 - INFO - Epoch 32 : Training Loss: 8.5104103088, Validation Loss: 8.7627115250, Training R-squared: 0.5123605728, Validation R-squared: 0.4640179276
2023-11-22 21:05:41,177 - INFO - Epoch 33 : Training Loss: 8.4858589172, Validation Loss: 8.7583169937, Training R-squared: 0.5091330409, Validation R-squared: 0.4645839930
2023-11-22 21:05:49,319 - INFO - Epoch 34 : Training Loss: 8.4671134949, Validation Loss: 8.7554740906, Training R-squared: 0.5195239782, Validation R-squared: 0.4651886523
2023-11-22 21:05:56,616 - INFO - Epoch 35 : Training Loss: 8.4557819366, Validation Loss: 8.7480106354, Training R-squared: 0.5207258463, Validation R-squared: 0.4656269252
2023-11-22 21:06:04,089 - INFO - Epoch 36 : Training Loss: 8.4079017639, Validation Loss: 8.7339544296, Training R-squared: 0.5233986378, Validation R-squared: 0.4672823250
2023-11-22 21:06:11,513 - INFO - Epoch 37 : Training Loss: 8.4195203781, Validation Loss: 8.7201938629, Training R-squared: 0.5236018896, Validation R-squared: 0.4689770341
2023-11-22 21:06:19,368 - INFO - Epoch 38 : Training Loss: 8.3946952820, Validation Loss: 8.7224426270, Training R-squared: 0.5274586082, Validation R-squared: 0.4684538841
2023-11-22 21:06:26,593 - INFO - Epoch 39 : Training Loss: 8.3559865952, Validation Loss: 8.7175798416, Training R-squared: 0.5299579501, Validation R-squared: 0.4691920280
2023-11-22 21:06:34,035 - INFO - Epoch 40 : Training Loss: 8.3502054214, Validation Loss: 8.7106914520, Training R-squared: 0.5324602127, Validation R-squared: 0.4697505236
2023-11-22 21:06:41,326 - INFO - Epoch 41 : Training Loss: 8.3187389374, Validation Loss: 8.6977891922, Training R-squared: 0.5345173478, Validation R-squared: 0.4714384675
2023-11-22 21:06:48,642 - INFO - Epoch 42 : Training Loss: 8.3032464981, Validation Loss: 8.6861467361, Training R-squared: 0.5361928344, Validation R-squared: 0.4731908441
2023-11-22 21:06:56,033 - INFO - Epoch 43 : Training Loss: 8.2868499756, Validation Loss: 8.7210626602, Training R-squared: 0.5393514037, Validation R-squared: 0.4682123959
2023-11-22 21:07:03,484 - INFO - Epoch 44 : Training Loss: 8.2728090286, Validation Loss: 8.6867752075, Training R-squared: 0.5382081270, Validation R-squared: 0.4730990529
2023-11-22 21:07:11,005 - INFO - Epoch 45 : Training Loss: 8.2524938583, Validation Loss: 8.6650085449, Training R-squared: 0.5420696139, Validation R-squared: 0.4757840335
2023-11-22 21:07:18,402 - INFO - Epoch 46 : Training Loss: 8.2211837769, Validation Loss: 8.6682987213, Training R-squared: 0.5459731221, Validation R-squared: 0.4749758542
2023-11-22 21:07:25,793 - INFO - Epoch 47 : Training Loss: 8.2124176025, Validation Loss: 8.6518764496, Training R-squared: 0.5443496108, Validation R-squared: 0.4771992564
2023-11-22 21:07:33,101 - INFO - Epoch 48 : Training Loss: 8.1811218262, Validation Loss: 8.6780338287, Training R-squared: 0.5477607250, Validation R-squared: 0.4731714129
2023-11-22 21:07:40,541 - INFO - Epoch 49 : Training Loss: 8.1542882919, Validation Loss: 8.6685228348, Training R-squared: 0.5514326692, Validation R-squared: 0.4747349024
2023-11-22 21:07:47,669 - INFO - Epoch 50 : Training Loss: 8.1384124756, Validation Loss: 8.6701984406, Training R-squared: 0.5552346706, Validation R-squared: 0.4747165442
2023-11-22 21:07:54,989 - INFO - Epoch 51 : Training Loss: 8.1103773117, Validation Loss: 8.6397275925, Training R-squared: 0.5582262278, Validation R-squared: 0.4781753421
2023-11-22 21:08:02,073 - INFO - Epoch 52 : Training Loss: 8.0908002853, Validation Loss: 8.6677055359, Training R-squared: 0.5565775037, Validation R-squared: 0.4742066562
2023-11-22 21:08:09,608 - INFO - Epoch 53 : Training Loss: 8.0687189102, Validation Loss: 8.6183691025, Training R-squared: 0.5613356233, Validation R-squared: 0.4809178114
2023-11-22 21:08:17,006 - INFO - Epoch 54 : Training Loss: 8.0663042068, Validation Loss: 8.6200599670, Training R-squared: 0.5630713105, Validation R-squared: 0.4804626703
2023-11-22 21:08:24,513 - INFO - Epoch 55 : Training Loss: 8.0206041336, Validation Loss: 8.6061086655, Training R-squared: 0.5630158782, Validation R-squared: 0.4823732078
2023-11-22 21:08:31,498 - INFO - Epoch 56 : Training Loss: 8.0014705658, Validation Loss: 8.6277484894, Training R-squared: 0.5681470037, Validation R-squared: 0.4791517258
2023-11-22 21:08:38,819 - INFO - Epoch 57 : Training Loss: 8.0094461441, Validation Loss: 8.6059846878, Training R-squared: 0.5675278902, Validation R-squared: 0.4821995497
2023-11-22 21:08:46,148 - INFO - Epoch 58 : Training Loss: 7.9714870453, Validation Loss: 8.6122465134, Training R-squared: 0.5719379783, Validation R-squared: 0.4813694954
2023-11-22 21:08:53,434 - INFO - Epoch 59 : Training Loss: 7.9567055702, Validation Loss: 8.5964899063, Training R-squared: 0.5672150850, Validation R-squared: 0.4830433428
2023-11-22 21:09:00,858 - INFO - Epoch 60 : Training Loss: 7.9302773476, Validation Loss: 8.5905818939, Training R-squared: 0.5734699965, Validation R-squared: 0.4840223491
2023-11-22 21:09:08,084 - INFO - Epoch 61 : Training Loss: 7.9109554291, Validation Loss: 8.5715084076, Training R-squared: 0.5753049850, Validation R-squared: 0.4864568710
2023-11-22 21:09:15,415 - INFO - Epoch 62 : Training Loss: 7.8927583694, Validation Loss: 8.5668039322, Training R-squared: 0.5687091947, Validation R-squared: 0.4865055382
2023-11-22 21:09:22,935 - INFO - Epoch 63 : Training Loss: 7.8794898987, Validation Loss: 8.5610227585, Training R-squared: 0.5739907026, Validation R-squared: 0.4875087738
2023-11-22 21:09:31,458 - INFO - Epoch 64 : Training Loss: 7.8452177048, Validation Loss: 8.5454206467, Training R-squared: 0.5831614137, Validation R-squared: 0.4893679023
2023-11-22 21:09:40,494 - INFO - Epoch 65 : Training Loss: 7.8349046707, Validation Loss: 8.5753469467, Training R-squared: 0.5852805376, Validation R-squared: 0.4856048226
2023-11-22 21:09:48,921 - INFO - Epoch 66 : Training Loss: 7.8135209084, Validation Loss: 8.5448293686, Training R-squared: 0.5845080018, Validation R-squared: 0.4897636175
2023-11-22 21:09:56,988 - INFO - Epoch 67 : Training Loss: 7.7971444130, Validation Loss: 8.5548295975, Training R-squared: 0.5894379020, Validation R-squared: 0.4878090322
2023-11-22 21:10:05,532 - INFO - Epoch 68 : Training Loss: 7.7712159157, Validation Loss: 8.5575408936, Training R-squared: 0.5906674862, Validation R-squared: 0.4877327085
2023-11-22 21:10:13,281 - INFO - Epoch 69 : Training Loss: 7.7461676598, Validation Loss: 8.5263271332, Training R-squared: 0.5933173299, Validation R-squared: 0.4915801883
2023-11-22 21:10:21,028 - INFO - Epoch 70 : Training Loss: 7.7176928520, Validation Loss: 8.5241861343, Training R-squared: 0.5951954722, Validation R-squared: 0.4918119609
2023-11-22 21:10:28,387 - INFO - Epoch 71 : Training Loss: 7.7054414749, Validation Loss: 8.5130949020, Training R-squared: 0.5841228366, Validation R-squared: 0.4936390519
2023-11-22 21:10:35,627 - INFO - Epoch 72 : Training Loss: 7.6858220100, Validation Loss: 8.5489845276, Training R-squared: 0.5998186469, Validation R-squared: 0.4881386757
2023-11-22 21:10:42,973 - INFO - Epoch 73 : Training Loss: 7.6636795998, Validation Loss: 8.5402202606, Training R-squared: 0.5996775031, Validation R-squared: 0.4891602397
2023-11-22 21:10:49,975 - INFO - Epoch 74 : Training Loss: 7.6563625336, Validation Loss: 8.5001192093, Training R-squared: 0.6032989621, Validation R-squared: 0.4942355752
2023-11-22 21:10:56,532 - INFO - Epoch 75 : Training Loss: 7.6245756149, Validation Loss: 8.5405912399, Training R-squared: 0.6024020314, Validation R-squared: 0.4888933599
2023-11-22 21:11:03,867 - INFO - Epoch 76 : Training Loss: 7.6218061447, Validation Loss: 8.5565853119, Training R-squared: 0.6063388586, Validation R-squared: 0.4865607917
2023-11-22 21:11:13,006 - INFO - Epoch 77 : Training Loss: 7.6090612411, Validation Loss: 8.5235691071, Training R-squared: 0.6061213613, Validation R-squared: 0.4910175204
2023-11-22 21:11:22,075 - INFO - Epoch 78 : Training Loss: 7.5824604034, Validation Loss: 8.5371131897, Training R-squared: 0.6101273298, Validation R-squared: 0.4891813099
2023-11-22 21:11:32,178 - INFO - Epoch 79 : Training Loss: 7.5608234406, Validation Loss: 8.5006361008, Training R-squared: 0.6094480157, Validation R-squared: 0.4940911829
2023-11-22 21:11:47,593 - INFO - Model saved to models/portion_model/breakfast/512_512_200_64/sparsity_65_fold_2_model.keras
2023-11-22 21:11:53,567 - INFO - Avg Metrics: RMSE: 6.5139041093, R-squared: -0.0416387305, PCC: 0.7311497043
2023-11-22 21:11:53,567 - INFO - Agg Metrics: RMSE: 8.6164198736, R-squared: 0.4881699565, PCC: 0.7015549377
2023-11-22 21:11:59,806 - INFO - ================================================================== Fold 3 ===================================================================
2023-11-22 21:12:09,183 - INFO - Epoch 1  : Training Loss: 11.6104269028, Validation Loss: 11.9361286163, Training R-squared: 0.0700961575, Validation R-squared: 0.0911405832
2023-11-22 21:12:18,006 - INFO - Epoch 2  : Training Loss: 11.0215520859, Validation Loss: 11.0075902939, Training R-squared: 0.1643897593, Validation R-squared: 0.2285664231
2023-11-22 21:12:26,581 - INFO - Epoch 3  : Training Loss: 10.1256551743, Validation Loss: 10.2474832535, Training R-squared: 0.2508251965, Validation R-squared: 0.3324635625
2023-11-22 21:12:35,174 - INFO - Epoch 4  : Training Loss: 9.5905170441, Validation Loss: 9.9931507111, Training R-squared: 0.3683149815, Validation R-squared: 0.3652834296
2023-11-22 21:12:42,924 - INFO - Epoch 5  : Training Loss: 9.4068870544, Validation Loss: 9.8731756210, Training R-squared: 0.3917962313, Validation R-squared: 0.3814757764
2023-11-22 21:12:50,105 - INFO - Epoch 6  : Training Loss: 9.3118743896, Validation Loss: 9.8351354599, Training R-squared: 0.4012182951, Validation R-squared: 0.3857116103
2023-11-22 21:12:58,056 - INFO - Epoch 7  : Training Loss: 9.2826623917, Validation Loss: 9.8137578964, Training R-squared: 0.4069148600, Validation R-squared: 0.3889684677
2023-11-22 21:13:06,919 - INFO - Epoch 8  : Training Loss: 9.2279386520, Validation Loss: 9.7956781387, Training R-squared: 0.4128238559, Validation R-squared: 0.3911997974
2023-11-22 21:13:14,863 - INFO - Epoch 9  : Training Loss: 9.2133750916, Validation Loss: 9.7813529968, Training R-squared: 0.4171932042, Validation R-squared: 0.3920842707
2023-11-22 21:13:23,654 - INFO - Epoch 10 : Training Loss: 9.1620197296, Validation Loss: 9.7559843063, Training R-squared: 0.4180459976, Validation R-squared: 0.3963513970
2023-11-22 21:13:31,410 - INFO - Epoch 11 : Training Loss: 9.1271448135, Validation Loss: 9.7343139648, Training R-squared: 0.4251489639, Validation R-squared: 0.3982127905
2023-11-22 21:13:39,182 - INFO - Epoch 12 : Training Loss: 9.0702486038, Validation Loss: 9.6865243912, Training R-squared: 0.4331685603, Validation R-squared: 0.4049573243
2023-11-22 21:13:47,359 - INFO - Epoch 13 : Training Loss: 9.0179128647, Validation Loss: 9.6435432434, Training R-squared: 0.4411008954, Validation R-squared: 0.4102949798
2023-11-22 21:13:56,582 - INFO - Epoch 14 : Training Loss: 8.9602565765, Validation Loss: 9.6173419952, Training R-squared: 0.4483451545, Validation R-squared: 0.4137946963
2023-11-22 21:14:04,654 - INFO - Epoch 15 : Training Loss: 8.9340476990, Validation Loss: 9.5873174667, Training R-squared: 0.4522092938, Validation R-squared: 0.4177601933
2023-11-22 21:14:12,560 - INFO - Epoch 16 : Training Loss: 8.8677501678, Validation Loss: 9.5405416489, Training R-squared: 0.4584773481, Validation R-squared: 0.4233787954
2023-11-22 21:14:21,303 - INFO - Epoch 17 : Training Loss: 8.8071622849, Validation Loss: 9.4921531677, Training R-squared: 0.4657673240, Validation R-squared: 0.4286304116
2023-11-22 21:14:28,676 - INFO - Epoch 18 : Training Loss: 8.7497301102, Validation Loss: 9.4548988342, Training R-squared: 0.4719373584, Validation R-squared: 0.4331519008
2023-11-22 21:14:35,476 - INFO - Epoch 19 : Training Loss: 8.6958055496, Validation Loss: 9.4348382950, Training R-squared: 0.4779770076, Validation R-squared: 0.4358490407
2023-11-22 21:14:43,301 - INFO - Epoch 20 : Training Loss: 8.6740884781, Validation Loss: 9.4106979370, Training R-squared: 0.4820830226, Validation R-squared: 0.4386492372
2023-11-22 21:14:51,158 - INFO - Epoch 21 : Training Loss: 8.6249303818, Validation Loss: 9.4035778046, Training R-squared: 0.4899099469, Validation R-squared: 0.4396849871
2023-11-22 21:14:59,030 - INFO - Epoch 22 : Training Loss: 8.6072196960, Validation Loss: 9.3876447678, Training R-squared: 0.4904552102, Validation R-squared: 0.4413482547
2023-11-22 21:15:06,156 - INFO - Epoch 23 : Training Loss: 8.5760784149, Validation Loss: 9.3891468048, Training R-squared: 0.4943185449, Validation R-squared: 0.4405589402
2023-11-22 21:15:13,943 - INFO - Epoch 24 : Training Loss: 8.5471620560, Validation Loss: 9.3625411987, Training R-squared: 0.4964143038, Validation R-squared: 0.4442080855
2023-11-22 21:15:22,824 - INFO - Epoch 25 : Training Loss: 8.5118427277, Validation Loss: 9.3577022552, Training R-squared: 0.5000648499, Validation R-squared: 0.4456444085
2023-11-22 21:15:33,010 - INFO - Epoch 26 : Training Loss: 8.4987506866, Validation Loss: 9.3352842331, Training R-squared: 0.5017682314, Validation R-squared: 0.4483758509
2023-11-22 21:15:43,681 - INFO - Epoch 27 : Training Loss: 8.4777364731, Validation Loss: 9.3301630020, Training R-squared: 0.5060850382, Validation R-squared: 0.4493345022
2023-11-22 21:15:52,298 - INFO - Epoch 28 : Training Loss: 8.4596080780, Validation Loss: 9.3191413879, Training R-squared: 0.5079636574, Validation R-squared: 0.4503132403
2023-11-22 21:16:01,153 - INFO - Epoch 29 : Training Loss: 8.4292964935, Validation Loss: 9.3475189209, Training R-squared: 0.5113413930, Validation R-squared: 0.4460378885
2023-11-22 21:16:08,777 - INFO - Epoch 30 : Training Loss: 8.4133605957, Validation Loss: 9.3154659271, Training R-squared: 0.5147573352, Validation R-squared: 0.4510380030
2023-11-22 21:16:17,175 - INFO - Epoch 31 : Training Loss: 8.3904352188, Validation Loss: 9.2954826355, Training R-squared: 0.5139923096, Validation R-squared: 0.4532942772
2023-11-22 21:16:24,907 - INFO - Epoch 32 : Training Loss: 8.3589801788, Validation Loss: 9.2846326828, Training R-squared: 0.5191014409, Validation R-squared: 0.4541587830
2023-11-22 21:16:32,027 - INFO - Epoch 33 : Training Loss: 8.3173923492, Validation Loss: 9.2610683441, Training R-squared: 0.5227864385, Validation R-squared: 0.4570340514
2023-11-22 21:16:40,343 - INFO - Epoch 34 : Training Loss: 8.2880325317, Validation Loss: 9.2726812363, Training R-squared: 0.5263665318, Validation R-squared: 0.4559960663
2023-11-22 21:16:47,733 - INFO - Epoch 35 : Training Loss: 8.2683897018, Validation Loss: 9.2333507538, Training R-squared: 0.5284687281, Validation R-squared: 0.4605631530
2023-11-22 21:16:54,690 - INFO - Epoch 36 : Training Loss: 8.2413120270, Validation Loss: 9.2474632263, Training R-squared: 0.5313540697, Validation R-squared: 0.4580952823
2023-11-22 21:17:01,702 - INFO - Epoch 37 : Training Loss: 8.1948432922, Validation Loss: 9.2165174484, Training R-squared: 0.5359044671, Validation R-squared: 0.4625933468
2023-11-22 21:17:08,744 - INFO - Epoch 38 : Training Loss: 8.1746091843, Validation Loss: 9.2294826508, Training R-squared: 0.5392370224, Validation R-squared: 0.4610802233
2023-11-22 21:17:15,607 - INFO - Epoch 39 : Training Loss: 8.1685466766, Validation Loss: 9.2098312378, Training R-squared: 0.5394570827, Validation R-squared: 0.4624518156
2023-11-22 21:17:22,552 - INFO - Epoch 40 : Training Loss: 8.1432657242, Validation Loss: 9.1858243942, Training R-squared: 0.5435348153, Validation R-squared: 0.4658434093
2023-11-22 21:17:29,703 - INFO - Epoch 41 : Training Loss: 8.1156091690, Validation Loss: 9.1804151535, Training R-squared: 0.5456833243, Validation R-squared: 0.4666042626
2023-11-22 21:17:36,717 - INFO - Epoch 42 : Training Loss: 8.0963182449, Validation Loss: 9.2176170349, Training R-squared: 0.5439193845, Validation R-squared: 0.4618296921
2023-11-22 21:17:43,541 - INFO - Epoch 43 : Training Loss: 8.0639371872, Validation Loss: 9.1847143173, Training R-squared: 0.5509133935, Validation R-squared: 0.4661111832
2023-11-22 21:17:53,571 - INFO - Epoch 44 : Training Loss: 8.0449762344, Validation Loss: 9.1540212631, Training R-squared: 0.5548241138, Validation R-squared: 0.4692444503
2023-11-22 21:18:02,146 - INFO - Epoch 45 : Training Loss: 8.0276851654, Validation Loss: 9.1382827759, Training R-squared: 0.5573883653, Validation R-squared: 0.4715946317
2023-11-22 21:18:09,837 - INFO - Epoch 46 : Training Loss: 8.0006265640, Validation Loss: 9.1345663071, Training R-squared: 0.5552114844, Validation R-squared: 0.4723189771
2023-11-22 21:18:17,352 - INFO - Epoch 47 : Training Loss: 7.9707159996, Validation Loss: 9.1263742447, Training R-squared: 0.5609709024, Validation R-squared: 0.4722664654
2023-11-22 21:18:24,331 - INFO - Epoch 48 : Training Loss: 7.9343304634, Validation Loss: 9.1156511307, Training R-squared: 0.5634376407, Validation R-squared: 0.4739397466
2023-11-22 21:18:31,579 - INFO - Epoch 49 : Training Loss: 7.9081420898, Validation Loss: 9.0989494324, Training R-squared: 0.5669700503, Validation R-squared: 0.4762300253
2023-11-22 21:18:38,497 - INFO - Epoch 50 : Training Loss: 7.8943176270, Validation Loss: 9.0974626541, Training R-squared: 0.5694502592, Validation R-squared: 0.4759483933
2023-11-22 21:18:45,436 - INFO - Epoch 51 : Training Loss: 7.8638148308, Validation Loss: 9.0877485275, Training R-squared: 0.5698442459, Validation R-squared: 0.4772607982
2023-11-22 21:18:52,302 - INFO - Epoch 52 : Training Loss: 7.8468604088, Validation Loss: 9.1291484833, Training R-squared: 0.5711489916, Validation R-squared: 0.4715868235
2023-11-22 21:18:59,758 - INFO - Epoch 53 : Training Loss: 7.8401441574, Validation Loss: 9.0922622681, Training R-squared: 0.5733532906, Validation R-squared: 0.4764489830
2023-11-22 21:19:07,038 - INFO - Epoch 54 : Training Loss: 7.7953948975, Validation Loss: 9.0788602829, Training R-squared: 0.5805787444, Validation R-squared: 0.4781629443
2023-11-22 21:19:13,832 - INFO - Epoch 55 : Training Loss: 7.7815728188, Validation Loss: 9.0612907410, Training R-squared: 0.5785154700, Validation R-squared: 0.4806902111
2023-11-22 21:19:21,235 - INFO - Epoch 56 : Training Loss: 7.7561416626, Validation Loss: 9.0553874969, Training R-squared: 0.5836632848, Validation R-squared: 0.4816290438
2023-11-22 21:19:28,450 - INFO - Epoch 57 : Training Loss: 7.7420425415, Validation Loss: 9.0738258362, Training R-squared: 0.5831581354, Validation R-squared: 0.4784129262
2023-11-22 21:19:36,941 - INFO - Epoch 58 : Training Loss: 7.7256059647, Validation Loss: 9.0468311310, Training R-squared: 0.5860505700, Validation R-squared: 0.4824349582
2023-11-22 21:19:44,498 - INFO - Epoch 59 : Training Loss: 7.7045598030, Validation Loss: 9.0534057617, Training R-squared: 0.5892571807, Validation R-squared: 0.4810382128
2023-11-22 21:19:51,753 - INFO - Epoch 60 : Training Loss: 7.6791510582, Validation Loss: 9.0538692474, Training R-squared: 0.5912068486, Validation R-squared: 0.4808891118
2023-11-22 21:20:00,400 - INFO - Epoch 61 : Training Loss: 7.6601099968, Validation Loss: 9.0541734695, Training R-squared: 0.5943543315, Validation R-squared: 0.4812003672
2023-11-22 21:20:08,944 - INFO - Epoch 62 : Training Loss: 7.6445760727, Validation Loss: 9.0573101044, Training R-squared: 0.5950666666, Validation R-squared: 0.4808703065
2023-11-22 21:20:17,525 - INFO - Epoch 63 : Training Loss: 7.6224451065, Validation Loss: 9.0389099121, Training R-squared: 0.5958523154, Validation R-squared: 0.4829500914
2023-11-22 21:20:26,345 - INFO - Epoch 64 : Training Loss: 7.5994176865, Validation Loss: 9.0502481461, Training R-squared: 0.5977850556, Validation R-squared: 0.4814393818
2023-11-22 21:20:35,746 - INFO - Epoch 65 : Training Loss: 7.5742964745, Validation Loss: 9.0543069839, Training R-squared: 0.6017834544, Validation R-squared: 0.4809205830
2023-11-22 21:20:43,812 - INFO - Epoch 66 : Training Loss: 7.5643858910, Validation Loss: 9.0315980911, Training R-squared: 0.6013401151, Validation R-squared: 0.4838109016
2023-11-22 21:20:51,955 - INFO - Epoch 67 : Training Loss: 7.5433149338, Validation Loss: 9.0069818497, Training R-squared: 0.6036252975, Validation R-squared: 0.4871954322
2023-11-22 21:20:59,749 - INFO - Epoch 68 : Training Loss: 7.5231399536, Validation Loss: 9.0553340912, Training R-squared: 0.6071820259, Validation R-squared: 0.4803383946
2023-11-22 21:21:06,895 - INFO - Epoch 69 : Training Loss: 7.5184736252, Validation Loss: 9.0633926392, Training R-squared: 0.6064671874, Validation R-squared: 0.4801970720
2023-11-22 21:21:14,283 - INFO - Epoch 70 : Training Loss: 7.4966473579, Validation Loss: 9.0240325928, Training R-squared: 0.6090496182, Validation R-squared: 0.4844300449
2023-11-22 21:21:22,065 - INFO - Epoch 71 : Training Loss: 7.4746799469, Validation Loss: 9.0472965240, Training R-squared: 0.6118566990, Validation R-squared: 0.4818997979
2023-11-22 21:21:29,357 - INFO - Epoch 72 : Training Loss: 7.4587674141, Validation Loss: 9.0495243073, Training R-squared: 0.6115136743, Validation R-squared: 0.4819582105
2023-11-22 21:21:42,464 - INFO - Model saved to models/portion_model/breakfast/512_512_200_64/sparsity_65_fold_3_model.keras
2023-11-22 21:21:46,827 - INFO - Avg Metrics: RMSE: 6.6549963945, R-squared: -1.6157846784, PCC: 0.7327325016
2023-11-22 21:21:46,827 - INFO - Agg Metrics: RMSE: 9.3998773446, R-squared: 0.4594869038, PCC: 0.6780937282
2023-11-22 21:21:53,250 - INFO - ================================================================== Fold 4 ===================================================================
2023-11-22 21:22:02,952 - INFO - Epoch 1  : Training Loss: 11.6558408737, Validation Loss: 11.7217226028, Training R-squared: 0.0698798522, Validation R-squared: 0.0893048570
2023-11-22 21:22:10,044 - INFO - Epoch 2  : Training Loss: 11.0689983368, Validation Loss: 10.9291563034, Training R-squared: 0.1633492559, Validation R-squared: 0.2112173438
2023-11-22 21:22:18,058 - INFO - Epoch 3  : Training Loss: 10.1669044495, Validation Loss: 9.9450864792, Training R-squared: 0.2939272821, Validation R-squared: 0.3481662571
2023-11-22 21:22:26,878 - INFO - Epoch 4  : Training Loss: 9.5974588394, Validation Loss: 9.8099737167, Training R-squared: 0.3698889613, Validation R-squared: 0.3662253618
2023-11-22 21:22:36,164 - INFO - Epoch 5  : Training Loss: 9.4844350815, Validation Loss: 9.7102050781, Training R-squared: 0.3853074908, Validation R-squared: 0.3786129653
2023-11-22 21:22:45,154 - INFO - Epoch 6  : Training Loss: 9.3853864670, Validation Loss: 9.6522731781, Training R-squared: 0.3980702162, Validation R-squared: 0.3869349062
2023-11-22 21:22:53,451 - INFO - Epoch 7  : Training Loss: 9.3495769501, Validation Loss: 9.6343154907, Training R-squared: 0.4042500556, Validation R-squared: 0.3895000815
2023-11-22 21:23:01,768 - INFO - Epoch 8  : Training Loss: 9.3019514084, Validation Loss: 9.6178474426, Training R-squared: 0.4108076990, Validation R-squared: 0.3911524117
2023-11-22 21:23:09,516 - INFO - Epoch 9  : Training Loss: 9.2629823685, Validation Loss: 9.6030063629, Training R-squared: 0.4150988460, Validation R-squared: 0.3936317265
2023-11-22 21:23:17,585 - INFO - Epoch 10 : Training Loss: 9.2450551987, Validation Loss: 9.5904664993, Training R-squared: 0.4141375422, Validation R-squared: 0.3954643011
2023-11-22 21:23:25,191 - INFO - Epoch 11 : Training Loss: 9.2037944794, Validation Loss: 9.5667371750, Training R-squared: 0.4215832651, Validation R-squared: 0.3977999091
2023-11-22 21:23:32,828 - INFO - Epoch 12 : Training Loss: 9.1599836349, Validation Loss: 9.5346746445, Training R-squared: 0.4265334606, Validation R-squared: 0.4024001658
2023-11-22 21:23:40,270 - INFO - Epoch 13 : Training Loss: 9.1195764542, Validation Loss: 9.5031461716, Training R-squared: 0.4333387315, Validation R-squared: 0.4062558711
2023-11-22 21:23:50,577 - INFO - Epoch 14 : Training Loss: 9.0536994934, Validation Loss: 9.4526529312, Training R-squared: 0.4413340092, Validation R-squared: 0.4124994576
2023-11-22 21:23:59,745 - INFO - Epoch 15 : Training Loss: 9.0107336044, Validation Loss: 9.4104709625, Training R-squared: 0.4457551837, Validation R-squared: 0.4184641838
2023-11-22 21:24:07,938 - INFO - Epoch 16 : Training Loss: 8.9686546326, Validation Loss: 9.3858518600, Training R-squared: 0.4431783557, Validation R-squared: 0.4216750562
2023-11-22 21:24:18,039 - INFO - Epoch 17 : Training Loss: 8.9191341400, Validation Loss: 9.3681135178, Training R-squared: 0.4593974650, Validation R-squared: 0.4246279001
2023-11-22 21:24:27,957 - INFO - Epoch 18 : Training Loss: 8.8683004379, Validation Loss: 9.3195524216, Training R-squared: 0.4617404044, Validation R-squared: 0.4300666451
2023-11-22 21:24:36,726 - INFO - Epoch 19 : Training Loss: 8.8301057816, Validation Loss: 9.2992181778, Training R-squared: 0.4688532650, Validation R-squared: 0.4327632785
2023-11-22 21:24:45,216 - INFO - Epoch 20 : Training Loss: 8.7880144119, Validation Loss: 9.2728834152, Training R-squared: 0.4713894129, Validation R-squared: 0.4359647334
2023-11-22 21:24:53,723 - INFO - Epoch 21 : Training Loss: 8.7511796951, Validation Loss: 9.2624311447, Training R-squared: 0.4759396613, Validation R-squared: 0.4369696975
2023-11-22 21:25:02,083 - INFO - Epoch 22 : Training Loss: 8.7094135284, Validation Loss: 9.2311687469, Training R-squared: 0.4805058539, Validation R-squared: 0.4414557219
2023-11-22 21:25:11,009 - INFO - Epoch 23 : Training Loss: 8.6886034012, Validation Loss: 9.2109088898, Training R-squared: 0.4856384695, Validation R-squared: 0.4449428916
2023-11-22 21:25:19,727 - INFO - Epoch 24 : Training Loss: 8.6493091583, Validation Loss: 9.2119150162, Training R-squared: 0.4896322787, Validation R-squared: 0.4434533119
2023-11-22 21:25:30,121 - INFO - Epoch 25 : Training Loss: 8.6078329086, Validation Loss: 9.1676464081, Training R-squared: 0.4936095774, Validation R-squared: 0.4501395226
2023-11-22 21:25:38,359 - INFO - Epoch 26 : Training Loss: 8.5662565231, Validation Loss: 9.1535644531, Training R-squared: 0.4982582927, Validation R-squared: 0.4526400268
2023-11-22 21:25:46,342 - INFO - Epoch 27 : Training Loss: 8.5323715210, Validation Loss: 9.1469202042, Training R-squared: 0.5013939142, Validation R-squared: 0.4532315433
2023-11-22 21:25:54,378 - INFO - Epoch 28 : Training Loss: 8.5191497803, Validation Loss: 9.1748495102, Training R-squared: 0.5039167404, Validation R-squared: 0.4485058784
2023-11-22 21:26:02,693 - INFO - Epoch 29 : Training Loss: 8.4924268723, Validation Loss: 9.1268529892, Training R-squared: 0.5069860220, Validation R-squared: 0.4556384087
2023-11-22 21:26:10,650 - INFO - Epoch 30 : Training Loss: 8.4802846909, Validation Loss: 9.1301679611, Training R-squared: 0.5088126659, Validation R-squared: 0.4550883174
2023-11-22 21:26:18,239 - INFO - Epoch 31 : Training Loss: 8.4529838562, Validation Loss: 9.1239862442, Training R-squared: 0.5124303699, Validation R-squared: 0.4558506012
2023-11-22 21:26:25,630 - INFO - Epoch 32 : Training Loss: 8.4309940338, Validation Loss: 9.1239728928, Training R-squared: 0.5151846409, Validation R-squared: 0.4554746747
2023-11-22 21:26:33,758 - INFO - Epoch 33 : Training Loss: 8.4253673553, Validation Loss: 9.1144943237, Training R-squared: 0.5147348046, Validation R-squared: 0.4570728540
2023-11-22 21:26:42,827 - INFO - Epoch 34 : Training Loss: 8.4066572189, Validation Loss: 9.1025247574, Training R-squared: 0.5184317827, Validation R-squared: 0.4583993256
2023-11-22 21:26:51,295 - INFO - Epoch 35 : Training Loss: 8.3655338287, Validation Loss: 9.1005392075, Training R-squared: 0.5196836591, Validation R-squared: 0.4586550593
2023-11-22 21:26:59,158 - INFO - Epoch 36 : Training Loss: 8.3409013748, Validation Loss: 9.0922565460, Training R-squared: 0.5231578946, Validation R-squared: 0.4600412250
2023-11-22 21:27:07,538 - INFO - Epoch 37 : Training Loss: 8.3307447433, Validation Loss: 9.0780553818, Training R-squared: 0.5240261555, Validation R-squared: 0.4608388245
2023-11-22 21:27:15,956 - INFO - Epoch 38 : Training Loss: 8.2905454636, Validation Loss: 9.0791854858, Training R-squared: 0.5297407508, Validation R-squared: 0.4608565569
2023-11-22 21:27:23,979 - INFO - Epoch 39 : Training Loss: 8.2809391022, Validation Loss: 9.1000013351, Training R-squared: 0.5299922228, Validation R-squared: 0.4572858512
2023-11-22 21:27:31,368 - INFO - Epoch 40 : Training Loss: 8.2557687759, Validation Loss: 9.0562782288, Training R-squared: 0.5350323319, Validation R-squared: 0.4634055495
2023-11-22 21:27:38,599 - INFO - Epoch 41 : Training Loss: 8.2056026459, Validation Loss: 9.0309324265, Training R-squared: 0.5392574072, Validation R-squared: 0.4670421183
2023-11-22 21:27:47,392 - INFO - Epoch 42 : Training Loss: 8.1890182495, Validation Loss: 9.0186328888, Training R-squared: 0.5390349030, Validation R-squared: 0.4679105580
2023-11-22 21:27:55,975 - INFO - Epoch 43 : Training Loss: 8.1549263000, Validation Loss: 9.0187501907, Training R-squared: 0.5449678898, Validation R-squared: 0.4679886401
2023-11-22 21:28:03,269 - INFO - Epoch 44 : Training Loss: 8.1521215439, Validation Loss: 9.0200157166, Training R-squared: 0.5446639657, Validation R-squared: 0.4673458636
2023-11-22 21:28:10,422 - INFO - Epoch 45 : Training Loss: 8.1273593903, Validation Loss: 9.0104217529, Training R-squared: 0.5145079494, Validation R-squared: 0.4687580764
2023-11-22 21:28:18,779 - INFO - Epoch 46 : Training Loss: 8.1049108505, Validation Loss: 9.0095548630, Training R-squared: 0.5489710569, Validation R-squared: 0.4682382941
2023-11-22 21:28:27,346 - INFO - Epoch 47 : Training Loss: 8.0718240738, Validation Loss: 8.9686546326, Training R-squared: 0.5544808507, Validation R-squared: 0.4739198685
2023-11-22 21:28:34,780 - INFO - Epoch 48 : Training Loss: 8.0492839813, Validation Loss: 8.9649314880, Training R-squared: 0.5578714013, Validation R-squared: 0.4744319320
2023-11-22 21:28:42,855 - INFO - Epoch 49 : Training Loss: 8.0125484467, Validation Loss: 8.9605808258, Training R-squared: 0.5592752099, Validation R-squared: 0.4739548564
2023-11-22 21:28:50,934 - INFO - Epoch 50 : Training Loss: 8.0037059784, Validation Loss: 8.9514408112, Training R-squared: 0.5617856979, Validation R-squared: 0.4762623012
2023-11-22 21:28:59,075 - INFO - Epoch 51 : Training Loss: 7.9744086266, Validation Loss: 8.9588613510, Training R-squared: 0.5660839081, Validation R-squared: 0.4747367501
2023-11-22 21:29:07,451 - INFO - Epoch 52 : Training Loss: 7.9405331612, Validation Loss: 8.9315156937, Training R-squared: 0.5673116446, Validation R-squared: 0.4780325294
2023-11-22 21:29:15,254 - INFO - Epoch 53 : Training Loss: 7.9243359566, Validation Loss: 8.9210605621, Training R-squared: 0.5638352036, Validation R-squared: 0.4788821042
2023-11-22 21:29:22,645 - INFO - Epoch 54 : Training Loss: 7.9081792831, Validation Loss: 8.9343996048, Training R-squared: 0.5691411495, Validation R-squared: 0.4770439863
2023-11-22 21:29:29,828 - INFO - Epoch 55 : Training Loss: 7.8748669624, Validation Loss: 8.9038858414, Training R-squared: 0.5744410753, Validation R-squared: 0.4816198945
2023-11-22 21:29:38,715 - INFO - Epoch 56 : Training Loss: 7.8637552261, Validation Loss: 8.9362440109, Training R-squared: 0.5754066706, Validation R-squared: 0.4764978290
2023-11-22 21:29:46,802 - INFO - Epoch 57 : Training Loss: 7.8448901176, Validation Loss: 8.9407958984, Training R-squared: 0.5739445090, Validation R-squared: 0.4760479927
2023-11-22 21:29:54,676 - INFO - Epoch 58 : Training Loss: 7.8025770187, Validation Loss: 8.8940935135, Training R-squared: 0.5827120543, Validation R-squared: 0.4822090268
2023-11-22 21:30:02,210 - INFO - Epoch 59 : Training Loss: 7.7993507385, Validation Loss: 8.9054632187, Training R-squared: 0.5825098753, Validation R-squared: 0.4807035029
2023-11-22 21:30:09,651 - INFO - Epoch 60 : Training Loss: 7.7775278091, Validation Loss: 8.9541931152, Training R-squared: 0.5827810168, Validation R-squared: 0.4737408757
2023-11-22 21:30:18,136 - INFO - Epoch 61 : Training Loss: 7.7509593964, Validation Loss: 8.9044294357, Training R-squared: 0.5882304311, Validation R-squared: 0.4801628292
2023-11-22 21:30:26,852 - INFO - Epoch 62 : Training Loss: 7.7239189148, Validation Loss: 8.8928794861, Training R-squared: 0.5903529525, Validation R-squared: 0.4817863107
2023-11-22 21:30:35,242 - INFO - Epoch 63 : Training Loss: 7.7238054276, Validation Loss: 8.8942880630, Training R-squared: 0.5917155743, Validation R-squared: 0.4810471833
2023-11-22 21:30:44,483 - INFO - Epoch 64 : Training Loss: 7.7067303658, Validation Loss: 8.8888349533, Training R-squared: 0.5908958912, Validation R-squared: 0.4817147553
2023-11-22 21:30:52,862 - INFO - Epoch 65 : Training Loss: 7.6745381355, Validation Loss: 8.8769493103, Training R-squared: 0.5961616039, Validation R-squared: 0.4837657809
2023-11-22 21:31:01,468 - INFO - Epoch 66 : Training Loss: 7.6568403244, Validation Loss: 8.8991432190, Training R-squared: 0.5948457718, Validation R-squared: 0.4797177315
2023-11-22 21:31:09,806 - INFO - Epoch 67 : Training Loss: 7.6399345398, Validation Loss: 8.8785915375, Training R-squared: 0.5980579257, Validation R-squared: 0.4834160507
2023-11-22 21:31:18,114 - INFO - Epoch 68 : Training Loss: 7.6150279045, Validation Loss: 8.9046678543, Training R-squared: 0.6009955406, Validation R-squared: 0.4791718125
2023-11-22 21:31:27,164 - INFO - Epoch 69 : Training Loss: 7.6072177887, Validation Loss: 8.8803176880, Training R-squared: 0.6022360325, Validation R-squared: 0.4816116989
2023-11-22 21:31:35,502 - INFO - Epoch 70 : Training Loss: 7.5774664879, Validation Loss: 8.8854570389, Training R-squared: 0.6050769687, Validation R-squared: 0.4809360802
2023-11-22 21:31:50,410 - INFO - Model saved to models/portion_model/breakfast/512_512_200_64/sparsity_65_fold_4_model.keras
2023-11-22 21:31:55,489 - INFO - Avg Metrics: RMSE: 6.6201555969, R-squared: 0.0588147934, PCC: 0.7282481099
2023-11-22 21:31:55,490 - INFO - Agg Metrics: RMSE: 9.2609858330, R-squared: 0.4540186001, PCC: 0.6748725964
2023-11-22 21:32:03,240 - INFO - ================================================================== Fold 5 ===================================================================
2023-11-22 21:32:14,271 - INFO - Epoch 1  : Training Loss: 11.7492904663, Validation Loss: 11.3543291092, Training R-squared: 0.0691684261, Validation R-squared: 0.0956132859
2023-11-22 21:32:23,684 - INFO - Epoch 2  : Training Loss: 11.1888818741, Validation Loss: 10.5921669006, Training R-squared: 0.1586625725, Validation R-squared: 0.2131002992
2023-11-22 21:32:31,698 - INFO - Epoch 3  : Training Loss: 10.5187883377, Validation Loss: 9.6094160080, Training R-squared: 0.2560497522, Validation R-squared: 0.3539123237
2023-11-22 21:32:40,017 - INFO - Epoch 4  : Training Loss: 9.7591762543, Validation Loss: 9.3377389908, Training R-squared: 0.3601699173, Validation R-squared: 0.3895357251
2023-11-22 21:32:48,769 - INFO - Epoch 5  : Training Loss: 9.5975103378, Validation Loss: 9.2142047882, Training R-squared: 0.3812141716, Validation R-squared: 0.4059662223
2023-11-22 21:32:57,017 - INFO - Epoch 6  : Training Loss: 9.4846458435, Validation Loss: 9.1722679138, Training R-squared: 0.3955941200, Validation R-squared: 0.4116802216
2023-11-22 21:33:04,216 - INFO - Epoch 7  : Training Loss: 9.4344968796, Validation Loss: 9.1526832581, Training R-squared: 0.4020140171, Validation R-squared: 0.4141872823
2023-11-22 21:33:12,983 - INFO - Epoch 8  : Training Loss: 9.4134798050, Validation Loss: 9.1310129166, Training R-squared: 0.4066144824, Validation R-squared: 0.4166589081
2023-11-22 21:33:21,526 - INFO - Epoch 9  : Training Loss: 9.3790712357, Validation Loss: 9.1175804138, Training R-squared: 0.4109102786, Validation R-squared: 0.4184338152
2023-11-22 21:33:28,923 - INFO - Epoch 10 : Training Loss: 9.3705940247, Validation Loss: 9.0983333588, Training R-squared: 0.4116451740, Validation R-squared: 0.4209434390
2023-11-22 21:33:36,786 - INFO - Epoch 11 : Training Loss: 9.3218793869, Validation Loss: 9.0849418640, Training R-squared: 0.4150573909, Validation R-squared: 0.4223599434
2023-11-22 21:33:45,087 - INFO - Epoch 12 : Training Loss: 9.2854251862, Validation Loss: 9.0502147675, Training R-squared: 0.4222650826, Validation R-squared: 0.4271323383
2023-11-22 21:33:54,044 - INFO - Epoch 13 : Training Loss: 9.2473535538, Validation Loss: 9.0292968750, Training R-squared: 0.4261957407, Validation R-squared: 0.4296710789
2023-11-22 21:34:02,360 - INFO - Epoch 14 : Training Loss: 9.1740913391, Validation Loss: 8.9873142242, Training R-squared: 0.4345066845, Validation R-squared: 0.4350776672
2023-11-22 21:34:10,128 - INFO - Epoch 15 : Training Loss: 9.1135044098, Validation Loss: 8.9371700287, Training R-squared: 0.4433187842, Validation R-squared: 0.4412817955
2023-11-22 21:34:18,290 - INFO - Epoch 16 : Training Loss: 9.0593557358, Validation Loss: 8.9160976410, Training R-squared: 0.4496792555, Validation R-squared: 0.4437858462
2023-11-22 21:34:26,276 - INFO - Epoch 17 : Training Loss: 9.0342035294, Validation Loss: 8.8787221909, Training R-squared: 0.4529756308, Validation R-squared: 0.4484891891
2023-11-22 21:34:34,447 - INFO - Epoch 18 : Training Loss: 8.9741296768, Validation Loss: 8.8664827347, Training R-squared: 0.4598807395, Validation R-squared: 0.4501605630
2023-11-22 21:34:42,634 - INFO - Epoch 19 : Training Loss: 8.9104042053, Validation Loss: 8.8310823441, Training R-squared: 0.4652355015, Validation R-squared: 0.4541985691
2023-11-22 21:34:50,262 - INFO - Epoch 20 : Training Loss: 8.8859128952, Validation Loss: 8.8113079071, Training R-squared: 0.4656122327, Validation R-squared: 0.4568440318
2023-11-22 21:34:58,423 - INFO - Epoch 21 : Training Loss: 8.8429613113, Validation Loss: 8.7770242691, Training R-squared: 0.4719669819, Validation R-squared: 0.4611999393
2023-11-22 21:35:06,367 - INFO - Epoch 22 : Training Loss: 8.8184185028, Validation Loss: 8.7711420059, Training R-squared: 0.4780136347, Validation R-squared: 0.4618954659
2023-11-22 21:35:14,620 - INFO - Epoch 23 : Training Loss: 8.7733163834, Validation Loss: 8.7544441223, Training R-squared: 0.4840761721, Validation R-squared: 0.4639781713
2023-11-22 21:35:22,258 - INFO - Epoch 24 : Training Loss: 8.7255678177, Validation Loss: 8.7345190048, Training R-squared: 0.4905475974, Validation R-squared: 0.4665240645
2023-11-22 21:35:29,427 - INFO - Epoch 25 : Training Loss: 8.6828670502, Validation Loss: 8.7356777191, Training R-squared: 0.4924161136, Validation R-squared: 0.4662131071
2023-11-22 21:35:36,786 - INFO - Epoch 26 : Training Loss: 8.6702709198, Validation Loss: 8.7241249084, Training R-squared: 0.4960801005, Validation R-squared: 0.4673508406
2023-11-22 21:35:44,418 - INFO - Epoch 27 : Training Loss: 8.6439056396, Validation Loss: 8.7380952835, Training R-squared: 0.4986396432, Validation R-squared: 0.4658043683
2023-11-22 21:35:52,840 - INFO - Epoch 28 : Training Loss: 8.6437826157, Validation Loss: 8.7255620956, Training R-squared: 0.4997946620, Validation R-squared: 0.4675660431
2023-11-22 21:36:00,579 - INFO - Epoch 29 : Training Loss: 8.6142387390, Validation Loss: 8.7211608887, Training R-squared: 0.5029913187, Validation R-squared: 0.4679889679
2023-11-22 21:36:08,814 - INFO - Epoch 30 : Training Loss: 8.5926027298, Validation Loss: 8.7419939041, Training R-squared: 0.5057596564, Validation R-squared: 0.4648741484
2023-11-22 21:36:16,242 - INFO - Epoch 31 : Training Loss: 8.5804634094, Validation Loss: 8.7006225586, Training R-squared: 0.5045979619, Validation R-squared: 0.4705479741
2023-11-22 21:36:24,378 - INFO - Epoch 32 : Training Loss: 8.5607347488, Validation Loss: 8.6937274933, Training R-squared: 0.5090873241, Validation R-squared: 0.4714112878
2023-11-22 21:36:32,647 - INFO - Epoch 33 : Training Loss: 8.5272541046, Validation Loss: 8.6881837845, Training R-squared: 0.5099269748, Validation R-squared: 0.4721755385
2023-11-22 21:36:40,399 - INFO - Epoch 34 : Training Loss: 8.5259952545, Validation Loss: 8.6876020432, Training R-squared: 0.5133569837, Validation R-squared: 0.4720521569
2023-11-22 21:36:48,722 - INFO - Epoch 35 : Training Loss: 8.4930267334, Validation Loss: 8.6864290237, Training R-squared: 0.5167858601, Validation R-squared: 0.4721985459
2023-11-22 21:36:56,434 - INFO - Epoch 36 : Training Loss: 8.4580736160, Validation Loss: 8.6720046997, Training R-squared: 0.5176998973, Validation R-squared: 0.4740363657
2023-11-22 21:37:03,822 - INFO - Epoch 37 : Training Loss: 8.4356117249, Validation Loss: 8.6582593918, Training R-squared: 0.5219906569, Validation R-squared: 0.4756267369
2023-11-22 21:37:10,917 - INFO - Epoch 38 : Training Loss: 8.4216470718, Validation Loss: 8.6544160843, Training R-squared: 0.5237453580, Validation R-squared: 0.4761833847
2023-11-22 21:37:18,470 - INFO - Epoch 39 : Training Loss: 8.3870496750, Validation Loss: 8.6444025040, Training R-squared: 0.5262867212, Validation R-squared: 0.4773822427
2023-11-22 21:37:25,605 - INFO - Epoch 40 : Training Loss: 8.3686666489, Validation Loss: 8.6209220886, Training R-squared: 0.5289373398, Validation R-squared: 0.4804581404
2023-11-22 21:37:32,684 - INFO - Epoch 41 : Training Loss: 8.3525056839, Validation Loss: 8.6264801025, Training R-squared: 0.5301414728, Validation R-squared: 0.4794899821
2023-11-22 21:37:39,416 - INFO - Epoch 42 : Training Loss: 8.3161563873, Validation Loss: 8.6143922806, Training R-squared: 0.5352293253, Validation R-squared: 0.4806563258
2023-11-22 21:37:46,297 - INFO - Epoch 43 : Training Loss: 8.2938041687, Validation Loss: 8.5823602676, Training R-squared: 0.5341100097, Validation R-squared: 0.4851268530
2023-11-22 21:37:53,290 - INFO - Epoch 44 : Training Loss: 8.2647180557, Validation Loss: 8.5885362625, Training R-squared: 0.5364772677, Validation R-squared: 0.4842447639
2023-11-22 21:38:00,015 - INFO - Epoch 45 : Training Loss: 8.2281351089, Validation Loss: 8.5824394226, Training R-squared: 0.5441208482, Validation R-squared: 0.4844377935
2023-11-22 21:38:06,898 - INFO - Epoch 46 : Training Loss: 8.2193431854, Validation Loss: 8.5615720749, Training R-squared: 0.5450982451, Validation R-squared: 0.4874526560
2023-11-22 21:38:14,845 - INFO - Epoch 47 : Training Loss: 8.2037544250, Validation Loss: 8.5653095245, Training R-squared: 0.5465312600, Validation R-squared: 0.4866524041
2023-11-22 21:38:24,860 - INFO - Epoch 48 : Training Loss: 8.1731719971, Validation Loss: 8.5683736801, Training R-squared: 0.5498256683, Validation R-squared: 0.4861280620
2023-11-22 21:38:33,616 - INFO - Epoch 49 : Training Loss: 8.1583995819, Validation Loss: 8.5337362289, Training R-squared: 0.5500523448, Validation R-squared: 0.4906313717
2023-11-22 21:38:41,996 - INFO - Epoch 50 : Training Loss: 8.1406965256, Validation Loss: 8.5566358566, Training R-squared: 0.5546817780, Validation R-squared: 0.4874928892
2023-11-22 21:38:50,327 - INFO - Epoch 51 : Training Loss: 8.1127405167, Validation Loss: 8.5165386200, Training R-squared: 0.5544191003, Validation R-squared: 0.4924151599
2023-11-22 21:38:59,017 - INFO - Epoch 52 : Training Loss: 8.0892047882, Validation Loss: 8.5110397339, Training R-squared: 0.5563760400, Validation R-squared: 0.4933033586
2023-11-22 21:39:08,602 - INFO - Epoch 53 : Training Loss: 8.0727548599, Validation Loss: 8.5162849426, Training R-squared: 0.5605078936, Validation R-squared: 0.4924540818
2023-11-22 21:39:17,645 - INFO - Epoch 54 : Training Loss: 8.0515727997, Validation Loss: 8.4903764725, Training R-squared: 0.5634646416, Validation R-squared: 0.4957877398
2023-11-22 21:39:25,046 - INFO - Epoch 55 : Training Loss: 8.0138940811, Validation Loss: 8.5202751160, Training R-squared: 0.5660552382, Validation R-squared: 0.4919710457
2023-11-22 21:39:34,240 - INFO - Epoch 56 : Training Loss: 7.9953336716, Validation Loss: 8.5103340149, Training R-squared: 0.5682290196, Validation R-squared: 0.4933479726
2023-11-22 21:39:42,906 - INFO - Epoch 57 : Training Loss: 7.9904766083, Validation Loss: 8.5405836105, Training R-squared: 0.5684503317, Validation R-squared: 0.4895282984
2023-11-22 21:39:50,058 - INFO - Epoch 58 : Training Loss: 7.9658794403, Validation Loss: 8.4980077744, Training R-squared: 0.5693123341, Validation R-squared: 0.4945943058
2023-11-22 21:39:58,852 - INFO - Epoch 59 : Training Loss: 7.9313635826, Validation Loss: 8.4736518860, Training R-squared: 0.5730652213, Validation R-squared: 0.4974731207
2023-11-22 21:40:07,269 - INFO - Epoch 60 : Training Loss: 7.9067287445, Validation Loss: 8.4894561768, Training R-squared: 0.5763927698, Validation R-squared: 0.4955479801
2023-11-22 21:40:15,939 - INFO - Epoch 61 : Training Loss: 7.8845629692, Validation Loss: 8.4710922241, Training R-squared: 0.5767240524, Validation R-squared: 0.4979130328
2023-11-22 21:40:25,644 - INFO - Epoch 62 : Training Loss: 7.8757381439, Validation Loss: 8.5491323471, Training R-squared: 0.5785084367, Validation R-squared: 0.4876974225
2023-11-22 21:40:35,254 - INFO - Epoch 63 : Training Loss: 7.8484692574, Validation Loss: 8.4719495773, Training R-squared: 0.5834836960, Validation R-squared: 0.4976523817
2023-11-22 21:40:43,907 - INFO - Epoch 64 : Training Loss: 7.8222942352, Validation Loss: 8.4680309296, Training R-squared: 0.5857527852, Validation R-squared: 0.4977957010
2023-11-22 21:40:52,645 - INFO - Epoch 65 : Training Loss: 7.8196778297, Validation Loss: 8.4836568832, Training R-squared: 0.5880050063, Validation R-squared: 0.4958979785
2023-11-22 21:41:00,560 - INFO - Epoch 66 : Training Loss: 7.7760701180, Validation Loss: 8.4461364746, Training R-squared: 0.5888741016, Validation R-squared: 0.5004398823
2023-11-22 21:41:09,728 - INFO - Epoch 67 : Training Loss: 7.7770233154, Validation Loss: 8.4777450562, Training R-squared: 0.5899304748, Validation R-squared: 0.4965229630
2023-11-22 21:41:18,749 - INFO - Epoch 68 : Training Loss: 7.7363157272, Validation Loss: 8.4449396133, Training R-squared: 0.5930433869, Validation R-squared: 0.5008357763
2023-11-22 21:41:27,333 - INFO - Epoch 69 : Training Loss: 7.7310166359, Validation Loss: 8.4631681442, Training R-squared: 0.5955788493, Validation R-squared: 0.4980272055
2023-11-22 21:41:35,308 - INFO - Epoch 70 : Training Loss: 7.7104258537, Validation Loss: 8.4215574265, Training R-squared: 0.5976306200, Validation R-squared: 0.5035361052
2023-11-22 21:41:42,798 - INFO - Epoch 71 : Training Loss: 7.6823878288, Validation Loss: 8.4193677902, Training R-squared: 0.5983653069, Validation R-squared: 0.5039069653
2023-11-22 21:41:50,411 - INFO - Epoch 72 : Training Loss: 7.6671342850, Validation Loss: 8.5225296021, Training R-squared: 0.6008756161, Validation R-squared: 0.4900416136
2023-11-22 21:41:58,273 - INFO - Epoch 73 : Training Loss: 7.6324067116, Validation Loss: 8.3749160767, Training R-squared: 0.6037788391, Validation R-squared: 0.5090484023
2023-11-22 21:42:05,486 - INFO - Epoch 74 : Training Loss: 7.6184048653, Validation Loss: 8.4380359650, Training R-squared: 0.6003709435, Validation R-squared: 0.5007644296
2023-11-22 21:42:12,942 - INFO - Epoch 75 : Training Loss: 7.5921516418, Validation Loss: 8.4316568375, Training R-squared: 0.6092910171, Validation R-squared: 0.5014644861
2023-11-22 21:42:21,762 - INFO - Epoch 76 : Training Loss: 7.5711951256, Validation Loss: 8.4077768326, Training R-squared: 0.6086221337, Validation R-squared: 0.5045578480
2023-11-22 21:42:30,519 - INFO - Epoch 77 : Training Loss: 7.5563731194, Validation Loss: 8.4706697464, Training R-squared: 0.6111175418, Validation R-squared: 0.4963802695
2023-11-22 21:42:39,202 - INFO - Epoch 78 : Training Loss: 7.5601720810, Validation Loss: 8.4548826218, Training R-squared: 0.6116646528, Validation R-squared: 0.4978445172
2023-11-22 21:42:54,071 - INFO - Model saved to models/portion_model/breakfast/512_512_200_64/sparsity_65_fold_5_model.keras
2023-11-22 21:43:00,326 - INFO - Avg Metrics: RMSE: 6.4840023431, R-squared: -0.2490768789, PCC: 0.7408501110
2023-11-22 21:43:00,326 - INFO - Agg Metrics: RMSE: 8.5233855338, R-squared: 0.4984032421, PCC: 0.7070247354
2023-11-22 21:43:13,759 - INFO - ================================================================== Results Summary ===================================================================
2023-11-22 21:43:13,760 - INFO - CrossVal Metrics (Avg.) - RMSE: 6.5659349302  0.0638417087, R2: -0.3766935986  0.0638417087, PCC: 0.7291008631  0.0638417087
2023-11-22 21:43:13,760 - INFO - Testing  Metrics (Avg.) - RMSE: 6.5566617560, R2: 0.1070421312, PCC: 0.7177780363
2023-11-22 21:43:13,760 - INFO - CrossVal Metrics (Agg.) - RMSE: 8.9265323658  0.0638417087, R2: 0.4743622903  0.0638417087, PCC: 0.6898531337  0.0638417087
2023-11-22 21:43:13,760 - INFO - Testing  Metrics (Agg.) - RMSE: 8.8036788732, R2: 0.4783128911, PCC: 0.6924699369
