2023-11-22 23:04:36,064 - INFO - Training model at 80% sparse columns removed...
2023-11-22 23:04:42,125 - INFO - ================================================================== Fold 1 ===================================================================
2023-11-22 23:04:48,479 - INFO - Epoch 1  : Training Loss: 15.3556632996, Validation Loss: 14.9445924759, Training R-squared: 0.0713758171, Validation R-squared: 0.0903476700
2023-11-22 23:04:53,066 - INFO - Epoch 2  : Training Loss: 14.7130775452, Validation Loss: 13.7472620010, Training R-squared: 0.1486028284, Validation R-squared: 0.2330007702
2023-11-22 23:04:57,106 - INFO - Epoch 3  : Training Loss: 13.2401638031, Validation Loss: 12.3178567886, Training R-squared: 0.3116435111, Validation R-squared: 0.3844847679
2023-11-22 23:05:01,149 - INFO - Epoch 4  : Training Loss: 12.4638862610, Validation Loss: 12.1370105743, Training R-squared: 0.3899907172, Validation R-squared: 0.4022989869
2023-11-22 23:05:06,022 - INFO - Epoch 5  : Training Loss: 12.3375587463, Validation Loss: 12.0732526779, Training R-squared: 0.4035284519, Validation R-squared: 0.4094615877
2023-11-22 23:05:10,015 - INFO - Epoch 6  : Training Loss: 12.2615642548, Validation Loss: 12.0491285324, Training R-squared: 0.4098755121, Validation R-squared: 0.4108756483
2023-11-22 23:05:13,878 - INFO - Epoch 7  : Training Loss: 12.2138023376, Validation Loss: 11.9940328598, Training R-squared: 0.4146977365, Validation R-squared: 0.4168431461
2023-11-22 23:05:19,093 - INFO - Epoch 8  : Training Loss: 12.1656017303, Validation Loss: 11.9589347839, Training R-squared: 0.4189374447, Validation R-squared: 0.4198747277
2023-11-22 23:05:23,675 - INFO - Epoch 9  : Training Loss: 12.1068849564, Validation Loss: 11.9059076309, Training R-squared: 0.4253395498, Validation R-squared: 0.4263350666
2023-11-22 23:05:28,348 - INFO - Epoch 10 : Training Loss: 12.0250921249, Validation Loss: 11.8303003311, Training R-squared: 0.4341072142, Validation R-squared: 0.4327128828
2023-11-22 23:05:32,791 - INFO - Epoch 11 : Training Loss: 11.9351367950, Validation Loss: 11.7670192719, Training R-squared: 0.4424327016, Validation R-squared: 0.4395482242
2023-11-22 23:05:37,461 - INFO - Epoch 12 : Training Loss: 11.8507728577, Validation Loss: 11.7058477402, Training R-squared: 0.4496973753, Validation R-squared: 0.4455718994
2023-11-22 23:05:42,271 - INFO - Epoch 13 : Training Loss: 11.7459363937, Validation Loss: 11.6570425034, Training R-squared: 0.4594107568, Validation R-squared: 0.4496607184
2023-11-22 23:05:46,998 - INFO - Epoch 14 : Training Loss: 11.7308340073, Validation Loss: 11.5976963043, Training R-squared: 0.4618646502, Validation R-squared: 0.4550626576
2023-11-22 23:05:51,197 - INFO - Epoch 15 : Training Loss: 11.6882619858, Validation Loss: 11.5565223694, Training R-squared: 0.4659845233, Validation R-squared: 0.4593781829
2023-11-22 23:05:55,737 - INFO - Epoch 16 : Training Loss: 11.6239414215, Validation Loss: 11.5227642059, Training R-squared: 0.4707042873, Validation R-squared: 0.4623917043
2023-11-22 23:05:59,689 - INFO - Epoch 17 : Training Loss: 11.5845060349, Validation Loss: 11.4757633209, Training R-squared: 0.4754026234, Validation R-squared: 0.4675446451
2023-11-22 23:06:03,810 - INFO - Epoch 18 : Training Loss: 11.5363998413, Validation Loss: 11.4448022842, Training R-squared: 0.4794028997, Validation R-squared: 0.4698478580
2023-11-22 23:06:07,968 - INFO - Epoch 19 : Training Loss: 11.5026664734, Validation Loss: 11.4105777740, Training R-squared: 0.4828769565, Validation R-squared: 0.4738689959
2023-11-22 23:06:11,975 - INFO - Epoch 20 : Training Loss: 11.4311523438, Validation Loss: 11.3766927719, Training R-squared: 0.4876751304, Validation R-squared: 0.4765702188
2023-11-22 23:06:16,245 - INFO - Epoch 21 : Training Loss: 11.4128274918, Validation Loss: 11.3582859039, Training R-squared: 0.4899928868, Validation R-squared: 0.4784585834
2023-11-22 23:06:21,004 - INFO - Epoch 22 : Training Loss: 11.3856010437, Validation Loss: 11.3495321274, Training R-squared: 0.4933518171, Validation R-squared: 0.4785436392
2023-11-22 23:06:25,439 - INFO - Epoch 23 : Training Loss: 11.3401556015, Validation Loss: 11.3188858032, Training R-squared: 0.4969672561, Validation R-squared: 0.4819703400
2023-11-22 23:06:29,485 - INFO - Epoch 24 : Training Loss: 11.3035650253, Validation Loss: 11.3006343842, Training R-squared: 0.4993288815, Validation R-squared: 0.4840105772
2023-11-22 23:06:33,588 - INFO - Epoch 25 : Training Loss: 11.2748870850, Validation Loss: 11.3313217163, Training R-squared: 0.5022122860, Validation R-squared: 0.4796949625
2023-11-22 23:06:37,499 - INFO - Epoch 26 : Training Loss: 11.2472763062, Validation Loss: 11.2608118057, Training R-squared: 0.5053961277, Validation R-squared: 0.4876474142
2023-11-22 23:06:41,626 - INFO - Epoch 27 : Training Loss: 11.2142887115, Validation Loss: 11.2338066101, Training R-squared: 0.5080595016, Validation R-squared: 0.4901299477
2023-11-22 23:06:45,886 - INFO - Epoch 28 : Training Loss: 11.1740531921, Validation Loss: 11.2336215973, Training R-squared: 0.5113648772, Validation R-squared: 0.4893767536
2023-11-22 23:06:49,586 - INFO - Epoch 29 : Training Loss: 11.1213636398, Validation Loss: 11.2094888687, Training R-squared: 0.5145083070, Validation R-squared: 0.4919877350
2023-11-22 23:06:53,574 - INFO - Epoch 30 : Training Loss: 11.1101245880, Validation Loss: 11.1787738800, Training R-squared: 0.5174455643, Validation R-squared: 0.4945176840
2023-11-22 23:06:57,529 - INFO - Epoch 31 : Training Loss: 11.0725545883, Validation Loss: 11.1576118469, Training R-squared: 0.5211800337, Validation R-squared: 0.4976381063
2023-11-22 23:07:01,628 - INFO - Epoch 32 : Training Loss: 11.0442457199, Validation Loss: 11.1423749924, Training R-squared: 0.5230178237, Validation R-squared: 0.4980457723
2023-11-22 23:07:05,578 - INFO - Epoch 33 : Training Loss: 10.9950590134, Validation Loss: 11.1536035538, Training R-squared: 0.5269228816, Validation R-squared: 0.4962535501
2023-11-22 23:07:09,126 - INFO - Epoch 34 : Training Loss: 10.9714412689, Validation Loss: 11.0927925110, Training R-squared: 0.5295640826, Validation R-squared: 0.5032792091
2023-11-22 23:07:13,189 - INFO - Epoch 35 : Training Loss: 10.9534463882, Validation Loss: 11.0707397461, Training R-squared: 0.5317230821, Validation R-squared: 0.5054450035
2023-11-22 23:07:17,354 - INFO - Epoch 36 : Training Loss: 10.9026451111, Validation Loss: 11.0593633652, Training R-squared: 0.5341211557, Validation R-squared: 0.5068408251
2023-11-22 23:07:21,435 - INFO - Epoch 37 : Training Loss: 10.8682899475, Validation Loss: 11.0431852341, Training R-squared: 0.5375051498, Validation R-squared: 0.5069260597
2023-11-22 23:07:25,385 - INFO - Epoch 38 : Training Loss: 10.8209352493, Validation Loss: 11.0057067871, Training R-squared: 0.5420120955, Validation R-squared: 0.5111786127
2023-11-22 23:07:29,125 - INFO - Epoch 39 : Training Loss: 10.7929706573, Validation Loss: 11.0043382645, Training R-squared: 0.5439769030, Validation R-squared: 0.5115608573
2023-11-22 23:07:33,062 - INFO - Epoch 40 : Training Loss: 10.7817296982, Validation Loss: 10.9710845947, Training R-squared: 0.5449839234, Validation R-squared: 0.5138022900
2023-11-22 23:07:36,950 - INFO - Epoch 41 : Training Loss: 10.7599468231, Validation Loss: 11.0122261047, Training R-squared: 0.5472289324, Validation R-squared: 0.5090181231
2023-11-22 23:07:41,304 - INFO - Epoch 42 : Training Loss: 10.7140731812, Validation Loss: 10.9488468170, Training R-squared: 0.5504089594, Validation R-squared: 0.5159896612
2023-11-22 23:07:45,971 - INFO - Epoch 43 : Training Loss: 10.6843900681, Validation Loss: 10.9596681595, Training R-squared: 0.5531870723, Validation R-squared: 0.5145308375
2023-11-22 23:07:49,933 - INFO - Epoch 44 : Training Loss: 10.6646966934, Validation Loss: 10.9652233124, Training R-squared: 0.5554507971, Validation R-squared: 0.5137535334
2023-11-22 23:07:54,119 - INFO - Epoch 45 : Training Loss: 10.6376552582, Validation Loss: 10.9289073944, Training R-squared: 0.5562682152, Validation R-squared: 0.5174464583
2023-11-22 23:08:00,059 - INFO - Epoch 46 : Training Loss: 10.5832328796, Validation Loss: 10.9092159271, Training R-squared: 0.5611894131, Validation R-squared: 0.5193904638
2023-11-22 23:08:05,809 - INFO - Epoch 47 : Training Loss: 10.5841341019, Validation Loss: 10.9491348267, Training R-squared: 0.5613005757, Validation R-squared: 0.5148354769
2023-11-22 23:08:10,677 - INFO - Epoch 48 : Training Loss: 10.5532007217, Validation Loss: 10.8977327347, Training R-squared: 0.5628390312, Validation R-squared: 0.5202369094
2023-11-22 23:08:15,275 - INFO - Epoch 49 : Training Loss: 10.5142135620, Validation Loss: 10.9034652710, Training R-squared: 0.5659461617, Validation R-squared: 0.5192270279
2023-11-22 23:08:20,686 - INFO - Epoch 50 : Training Loss: 10.5259819031, Validation Loss: 10.9100093842, Training R-squared: 0.5675140619, Validation R-squared: 0.5190930367
2023-11-22 23:08:24,962 - INFO - Epoch 51 : Training Loss: 10.4719629288, Validation Loss: 10.8637123108, Training R-squared: 0.5701682568, Validation R-squared: 0.5237308741
2023-11-22 23:08:29,181 - INFO - Epoch 52 : Training Loss: 10.4954996109, Validation Loss: 10.8690958023, Training R-squared: 0.5692506433, Validation R-squared: 0.5223160386
2023-11-22 23:08:33,545 - INFO - Epoch 53 : Training Loss: 10.3997278214, Validation Loss: 10.8608379364, Training R-squared: 0.5748699903, Validation R-squared: 0.5232058764
2023-11-22 23:08:38,315 - INFO - Epoch 54 : Training Loss: 10.4205884933, Validation Loss: 10.8620605469, Training R-squared: 0.5756989717, Validation R-squared: 0.5228582621
2023-11-22 23:08:42,828 - INFO - Epoch 55 : Training Loss: 10.3559303284, Validation Loss: 10.8603820801, Training R-squared: 0.5801675916, Validation R-squared: 0.5228112936
2023-11-22 23:08:47,797 - INFO - Epoch 56 : Training Loss: 10.3631439209, Validation Loss: 10.8239040375, Training R-squared: 0.5795562863, Validation R-squared: 0.5269839168
2023-11-22 23:08:52,635 - INFO - Epoch 57 : Training Loss: 10.3153228760, Validation Loss: 10.8255147934, Training R-squared: 0.5822464824, Validation R-squared: 0.5264928341
2023-11-22 23:08:57,408 - INFO - Epoch 58 : Training Loss: 10.3156547546, Validation Loss: 10.8171768188, Training R-squared: 0.5821449757, Validation R-squared: 0.5274921060
2023-11-22 23:09:01,945 - INFO - Epoch 59 : Training Loss: 10.2860794067, Validation Loss: 10.8052396774, Training R-squared: 0.5859529972, Validation R-squared: 0.5278517604
2023-11-22 23:09:06,682 - INFO - Epoch 60 : Training Loss: 10.2383213043, Validation Loss: 10.8053159714, Training R-squared: 0.5892032385, Validation R-squared: 0.5280668139
2023-11-22 23:09:11,576 - INFO - Epoch 61 : Training Loss: 10.2099828720, Validation Loss: 10.8015604019, Training R-squared: 0.5914390683, Validation R-squared: 0.5285514593
2023-11-22 23:09:16,572 - INFO - Epoch 62 : Training Loss: 10.1980514526, Validation Loss: 10.7964763641, Training R-squared: 0.5936421156, Validation R-squared: 0.5288500190
2023-11-22 23:09:21,269 - INFO - Epoch 63 : Training Loss: 10.1877374649, Validation Loss: 10.7819728851, Training R-squared: 0.5920251012, Validation R-squared: 0.5304496884
2023-11-22 23:09:25,810 - INFO - Epoch 64 : Training Loss: 10.1589183807, Validation Loss: 10.7754831314, Training R-squared: 0.5957089663, Validation R-squared: 0.5311122537
2023-11-22 23:09:30,359 - INFO - Epoch 65 : Training Loss: 10.1278352737, Validation Loss: 10.7721633911, Training R-squared: 0.5983904004, Validation R-squared: 0.5314326882
2023-11-22 23:09:35,646 - INFO - Epoch 66 : Training Loss: 10.0958738327, Validation Loss: 10.7889909744, Training R-squared: 0.5997552276, Validation R-squared: 0.5301594138
2023-11-22 23:09:40,059 - INFO - Epoch 67 : Training Loss: 10.0582218170, Validation Loss: 10.7716684341, Training R-squared: 0.6030789018, Validation R-squared: 0.5312575698
2023-11-22 23:09:44,950 - INFO - Epoch 68 : Training Loss: 10.0543384552, Validation Loss: 10.7710342407, Training R-squared: 0.6036165953, Validation R-squared: 0.5307681561
2023-11-22 23:09:49,568 - INFO - Epoch 69 : Training Loss: 10.0326766968, Validation Loss: 10.7571716309, Training R-squared: 0.6050308347, Validation R-squared: 0.5319118500
2023-11-22 23:09:54,328 - INFO - Epoch 70 : Training Loss: 10.0041313171, Validation Loss: 10.7962656021, Training R-squared: 0.6075431108, Validation R-squared: 0.5280555487
2023-11-22 23:09:58,872 - INFO - Epoch 71 : Training Loss: 9.9593095779, Validation Loss: 10.7351531982, Training R-squared: 0.6104482412, Validation R-squared: 0.5347669125
2023-11-22 23:10:03,501 - INFO - Epoch 72 : Training Loss: 9.9482107162, Validation Loss: 10.7274656296, Training R-squared: 0.6111161709, Validation R-squared: 0.5348371863
2023-11-22 23:10:07,995 - INFO - Epoch 73 : Training Loss: 9.9352359772, Validation Loss: 10.7810459137, Training R-squared: 0.6116433144, Validation R-squared: 0.5297817588
2023-11-22 23:10:13,096 - INFO - Epoch 74 : Training Loss: 9.9160108566, Validation Loss: 10.7669982910, Training R-squared: 0.6141879559, Validation R-squared: 0.5307434797
2023-11-22 23:10:18,287 - INFO - Epoch 75 : Training Loss: 9.8607463837, Validation Loss: 10.7392749786, Training R-squared: 0.6173536777, Validation R-squared: 0.5339126587
2023-11-22 23:10:22,844 - INFO - Epoch 76 : Training Loss: 9.8571023941, Validation Loss: 10.7057666779, Training R-squared: 0.6188459992, Validation R-squared: 0.5372157693
2023-11-22 23:10:27,560 - INFO - Epoch 77 : Training Loss: 9.8328456879, Validation Loss: 10.7497272491, Training R-squared: 0.6202171445, Validation R-squared: 0.5325930119
2023-11-22 23:10:32,354 - INFO - Epoch 78 : Training Loss: 9.8030624390, Validation Loss: 10.7641754150, Training R-squared: 0.6214523315, Validation R-squared: 0.5311576128
2023-11-22 23:10:37,706 - INFO - Epoch 79 : Training Loss: 9.7432203293, Validation Loss: 10.7251148224, Training R-squared: 0.6258919239, Validation R-squared: 0.5349922776
2023-11-22 23:10:42,136 - INFO - Epoch 80 : Training Loss: 9.7471094131, Validation Loss: 10.7059240341, Training R-squared: 0.6265944839, Validation R-squared: 0.5370497108
2023-11-22 23:10:46,855 - INFO - Epoch 81 : Training Loss: 9.7250900269, Validation Loss: 10.7090845108, Training R-squared: 0.6274719834, Validation R-squared: 0.5365056992
2023-11-22 23:10:58,206 - INFO - Model saved to models/portion_model/breakfast/512_512_200_64/sparsity_80_fold_1_model.keras
2023-11-22 23:11:02,352 - INFO - Avg Metrics: RMSE: 8.2098724874, R-squared: -0.8979144562, PCC: 0.7713206325
2023-11-22 23:11:02,352 - INFO - Agg Metrics: RMSE: 10.9915008319, R-squared: 0.5202624518, PCC: 0.7224561689
2023-11-22 23:11:09,222 - INFO - ================================================================== Fold 2 ===================================================================
2023-11-22 23:11:16,235 - INFO - Epoch 1  : Training Loss: 15.3391485214, Validation Loss: 14.9546146393, Training R-squared: 0.0718225688, Validation R-squared: 0.0857643262
2023-11-22 23:11:20,755 - INFO - Epoch 2  : Training Loss: 14.7240753174, Validation Loss: 13.8044166565, Training R-squared: 0.1487579048, Validation R-squared: 0.2219962180
2023-11-22 23:11:24,898 - INFO - Epoch 3  : Training Loss: 13.2193384171, Validation Loss: 12.3818187714, Training R-squared: 0.3140873313, Validation R-squared: 0.3732388020
2023-11-22 23:11:29,328 - INFO - Epoch 4  : Training Loss: 12.4561996460, Validation Loss: 12.1362333298, Training R-squared: 0.3916417062, Validation R-squared: 0.3976290524
2023-11-22 23:11:33,767 - INFO - Epoch 5  : Training Loss: 12.3345050812, Validation Loss: 12.0896205902, Training R-squared: 0.4035845697, Validation R-squared: 0.4026255608
2023-11-22 23:11:38,212 - INFO - Epoch 6  : Training Loss: 12.2833719254, Validation Loss: 12.0214204788, Training R-squared: 0.4112395942, Validation R-squared: 0.4090049863
2023-11-22 23:11:42,660 - INFO - Epoch 7  : Training Loss: 12.2291851044, Validation Loss: 11.9722442627, Training R-squared: 0.4153829217, Validation R-squared: 0.4137277007
2023-11-22 23:11:47,322 - INFO - Epoch 8  : Training Loss: 12.1325635910, Validation Loss: 11.9077367783, Training R-squared: 0.4241767824, Validation R-squared: 0.4197698236
2023-11-22 23:11:51,994 - INFO - Epoch 9  : Training Loss: 12.0560951233, Validation Loss: 11.8353433609, Training R-squared: 0.4307202399, Validation R-squared: 0.4274334013
2023-11-22 23:11:56,312 - INFO - Epoch 10 : Training Loss: 12.0240669250, Validation Loss: 11.8023395538, Training R-squared: 0.4351289868, Validation R-squared: 0.4312326610
2023-11-22 23:12:00,741 - INFO - Epoch 11 : Training Loss: 11.9350614548, Validation Loss: 11.7315921783, Training R-squared: 0.4426771700, Validation R-squared: 0.4379254282
2023-11-22 23:12:04,829 - INFO - Epoch 12 : Training Loss: 11.8786735535, Validation Loss: 11.6516923904, Training R-squared: 0.4495959580, Validation R-squared: 0.4455329776
2023-11-22 23:12:09,394 - INFO - Epoch 13 : Training Loss: 11.8029241562, Validation Loss: 11.6064596176, Training R-squared: 0.4550423026, Validation R-squared: 0.4498701692
2023-11-22 23:12:13,794 - INFO - Epoch 14 : Training Loss: 11.7361783981, Validation Loss: 11.5613260269, Training R-squared: 0.4633155167, Validation R-squared: 0.4537038207
2023-11-22 23:12:19,072 - INFO - Epoch 15 : Training Loss: 11.7012186050, Validation Loss: 11.5111331940, Training R-squared: 0.4657328129, Validation R-squared: 0.4586052299
2023-11-22 23:12:24,266 - INFO - Epoch 16 : Training Loss: 11.6418266296, Validation Loss: 11.4861984253, Training R-squared: 0.4701171219, Validation R-squared: 0.4619778991
2023-11-22 23:12:29,530 - INFO - Epoch 17 : Training Loss: 11.5917787552, Validation Loss: 11.4426250458, Training R-squared: 0.4750727415, Validation R-squared: 0.4651677310
2023-11-22 23:12:34,244 - INFO - Epoch 18 : Training Loss: 11.5703153610, Validation Loss: 11.4020595551, Training R-squared: 0.4775718749, Validation R-squared: 0.4690491855
2023-11-22 23:12:38,999 - INFO - Epoch 19 : Training Loss: 11.4822654724, Validation Loss: 11.3461275101, Training R-squared: 0.4847894311, Validation R-squared: 0.4745711088
2023-11-22 23:12:43,617 - INFO - Epoch 20 : Training Loss: 11.4402389526, Validation Loss: 11.3092241287, Training R-squared: 0.4882504642, Validation R-squared: 0.4776450694
2023-11-22 23:12:48,360 - INFO - Epoch 21 : Training Loss: 11.3805999756, Validation Loss: 11.2721576691, Training R-squared: 0.4944790006, Validation R-squared: 0.4813658297
2023-11-22 23:12:53,495 - INFO - Epoch 22 : Training Loss: 11.3560237885, Validation Loss: 11.2487440109, Training R-squared: 0.4980534613, Validation R-squared: 0.4836089313
2023-11-22 23:12:58,383 - INFO - Epoch 23 : Training Loss: 11.3122110367, Validation Loss: 11.2474040985, Training R-squared: 0.5008858442, Validation R-squared: 0.4829200208
2023-11-22 23:13:02,874 - INFO - Epoch 24 : Training Loss: 11.2735319138, Validation Loss: 11.2086563110, Training R-squared: 0.5034635067, Validation R-squared: 0.4874213338
2023-11-22 23:13:08,245 - INFO - Epoch 25 : Training Loss: 11.2347993851, Validation Loss: 11.1785984039, Training R-squared: 0.5059127212, Validation R-squared: 0.4897987843
2023-11-22 23:13:12,839 - INFO - Epoch 26 : Training Loss: 11.2127103806, Validation Loss: 11.1634998322, Training R-squared: 0.5091468096, Validation R-squared: 0.4909436107
2023-11-22 23:13:17,494 - INFO - Epoch 27 : Training Loss: 11.1525135040, Validation Loss: 11.1481628418, Training R-squared: 0.5131596327, Validation R-squared: 0.4923839867
2023-11-22 23:13:22,147 - INFO - Epoch 28 : Training Loss: 11.1490230560, Validation Loss: 11.1245346069, Training R-squared: 0.5147886872, Validation R-squared: 0.4942723513
2023-11-22 23:13:26,707 - INFO - Epoch 29 : Training Loss: 11.1181745529, Validation Loss: 11.1159200668, Training R-squared: 0.5175540447, Validation R-squared: 0.4946885705
2023-11-22 23:13:31,139 - INFO - Epoch 30 : Training Loss: 11.0855627060, Validation Loss: 11.0875625610, Training R-squared: 0.5200493932, Validation R-squared: 0.4974552989
2023-11-22 23:13:36,139 - INFO - Epoch 31 : Training Loss: 11.0468158722, Validation Loss: 11.0765237808, Training R-squared: 0.5237777829, Validation R-squared: 0.4985772967
2023-11-22 23:13:40,463 - INFO - Epoch 32 : Training Loss: 11.0020275116, Validation Loss: 11.0666542053, Training R-squared: 0.5260614753, Validation R-squared: 0.4993363619
2023-11-22 23:13:45,683 - INFO - Epoch 33 : Training Loss: 10.9856348038, Validation Loss: 11.0364980698, Training R-squared: 0.5292664170, Validation R-squared: 0.5018147230
2023-11-22 23:13:51,415 - INFO - Epoch 34 : Training Loss: 10.9495029449, Validation Loss: 11.0224542618, Training R-squared: 0.5308551788, Validation R-squared: 0.5034276247
2023-11-22 23:13:56,891 - INFO - Epoch 35 : Training Loss: 10.9143877029, Validation Loss: 11.0291442871, Training R-squared: 0.5336222649, Validation R-squared: 0.5018349290
2023-11-22 23:14:01,605 - INFO - Epoch 36 : Training Loss: 10.8994379044, Validation Loss: 10.9795923233, Training R-squared: 0.5359655619, Validation R-squared: 0.5070589781
2023-11-22 23:14:06,527 - INFO - Epoch 37 : Training Loss: 10.8630189896, Validation Loss: 11.0222387314, Training R-squared: 0.5396241546, Validation R-squared: 0.5018113852
2023-11-22 23:14:11,145 - INFO - Epoch 38 : Training Loss: 10.8209257126, Validation Loss: 10.9732513428, Training R-squared: 0.5414477587, Validation R-squared: 0.5071752071
2023-11-22 23:14:15,275 - INFO - Epoch 39 : Training Loss: 10.7916021347, Validation Loss: 10.9513349533, Training R-squared: 0.5446964502, Validation R-squared: 0.5093779564
2023-11-22 23:14:19,971 - INFO - Epoch 40 : Training Loss: 10.7822961807, Validation Loss: 10.9386873245, Training R-squared: 0.5463373661, Validation R-squared: 0.5100736022
2023-11-22 23:14:24,140 - INFO - Epoch 41 : Training Loss: 10.7302742004, Validation Loss: 10.9304714203, Training R-squared: 0.5500625372, Validation R-squared: 0.5109102130
2023-11-22 23:14:28,153 - INFO - Epoch 42 : Training Loss: 10.7267284393, Validation Loss: 10.9202070236, Training R-squared: 0.5508766770, Validation R-squared: 0.5114827752
2023-11-22 23:14:32,351 - INFO - Epoch 43 : Training Loss: 10.6744117737, Validation Loss: 10.9107265472, Training R-squared: 0.5541415215, Validation R-squared: 0.5121495128
2023-11-22 23:14:36,827 - INFO - Epoch 44 : Training Loss: 10.6452779770, Validation Loss: 10.8799591064, Training R-squared: 0.5568744540, Validation R-squared: 0.5158109665
2023-11-22 23:14:40,887 - INFO - Epoch 45 : Training Loss: 10.6324634552, Validation Loss: 10.8617334366, Training R-squared: 0.5578470826, Validation R-squared: 0.5175645351
2023-11-22 23:14:44,976 - INFO - Epoch 46 : Training Loss: 10.5831842422, Validation Loss: 10.8865718842, Training R-squared: 0.5618656874, Validation R-squared: 0.5141971707
2023-11-22 23:14:49,327 - INFO - Epoch 47 : Training Loss: 10.5649747849, Validation Loss: 10.8496417999, Training R-squared: 0.5625144243, Validation R-squared: 0.5184820890
2023-11-22 23:14:53,439 - INFO - Epoch 48 : Training Loss: 10.5284948349, Validation Loss: 10.8303565979, Training R-squared: 0.5678272247, Validation R-squared: 0.5201911926
2023-11-22 23:14:57,390 - INFO - Epoch 49 : Training Loss: 10.5378370285, Validation Loss: 10.8210363388, Training R-squared: 0.5656772852, Validation R-squared: 0.5205382705
2023-11-22 23:15:01,531 - INFO - Epoch 50 : Training Loss: 10.4772462845, Validation Loss: 10.8093643188, Training R-squared: 0.5698280334, Validation R-squared: 0.5218747854
2023-11-22 23:15:05,468 - INFO - Epoch 51 : Training Loss: 10.4722623825, Validation Loss: 10.8339290619, Training R-squared: 0.5702412724, Validation R-squared: 0.5188133121
2023-11-22 23:15:09,485 - INFO - Epoch 52 : Training Loss: 10.4420051575, Validation Loss: 10.7925786972, Training R-squared: 0.5733962655, Validation R-squared: 0.5235278010
2023-11-22 23:15:13,480 - INFO - Epoch 53 : Training Loss: 10.4355325699, Validation Loss: 10.8006820679, Training R-squared: 0.5747489929, Validation R-squared: 0.5219366550
2023-11-22 23:15:17,811 - INFO - Epoch 54 : Training Loss: 10.4009313583, Validation Loss: 10.7716932297, Training R-squared: 0.5771452785, Validation R-squared: 0.5249493122
2023-11-22 23:15:22,022 - INFO - Epoch 55 : Training Loss: 10.3780307770, Validation Loss: 10.7774114609, Training R-squared: 0.5784527063, Validation R-squared: 0.5240646601
2023-11-22 23:15:26,608 - INFO - Epoch 56 : Training Loss: 10.3375968933, Validation Loss: 10.7623319626, Training R-squared: 0.5819532275, Validation R-squared: 0.5259771347
2023-11-22 23:15:30,441 - INFO - Epoch 57 : Training Loss: 10.3254394531, Validation Loss: 10.7619581223, Training R-squared: 0.5824412107, Validation R-squared: 0.5254199505
2023-11-22 23:15:34,692 - INFO - Epoch 58 : Training Loss: 10.2859048843, Validation Loss: 10.7410917282, Training R-squared: 0.5848355889, Validation R-squared: 0.5277995467
2023-11-22 23:15:39,053 - INFO - Epoch 59 : Training Loss: 10.2821645737, Validation Loss: 10.7605609894, Training R-squared: 0.5861725807, Validation R-squared: 0.5253280401
2023-11-22 23:15:43,196 - INFO - Epoch 60 : Training Loss: 10.2475910187, Validation Loss: 10.7342805862, Training R-squared: 0.5886071324, Validation R-squared: 0.5280612111
2023-11-22 23:15:47,306 - INFO - Epoch 61 : Training Loss: 10.2218914032, Validation Loss: 10.7000770569, Training R-squared: 0.5910751820, Validation R-squared: 0.5315018296
2023-11-22 23:15:51,373 - INFO - Epoch 62 : Training Loss: 10.2007493973, Validation Loss: 10.7088022232, Training R-squared: 0.5925130844, Validation R-squared: 0.5305526257
2023-11-22 23:15:54,992 - INFO - Epoch 63 : Training Loss: 10.1926250458, Validation Loss: 10.7052946091, Training R-squared: 0.5942191482, Validation R-squared: 0.5303205848
2023-11-22 23:15:59,012 - INFO - Epoch 64 : Training Loss: 10.1379184723, Validation Loss: 10.6978855133, Training R-squared: 0.5978523493, Validation R-squared: 0.5305841565
2023-11-22 23:16:02,982 - INFO - Epoch 65 : Training Loss: 10.1220779419, Validation Loss: 10.6626262665, Training R-squared: 0.5987010002, Validation R-squared: 0.5343411565
2023-11-22 23:16:07,176 - INFO - Epoch 66 : Training Loss: 10.1021785736, Validation Loss: 10.7032470703, Training R-squared: 0.6003434062, Validation R-squared: 0.5297921896
2023-11-22 23:16:11,414 - INFO - Epoch 67 : Training Loss: 10.0733146667, Validation Loss: 10.6697187424, Training R-squared: 0.6022005677, Validation R-squared: 0.5342953801
2023-11-22 23:16:15,538 - INFO - Epoch 68 : Training Loss: 10.0361242294, Validation Loss: 10.6184520721, Training R-squared: 0.6048347950, Validation R-squared: 0.5387521386
2023-11-22 23:16:20,465 - INFO - Epoch 69 : Training Loss: 10.0151596069, Validation Loss: 10.6903915405, Training R-squared: 0.6054874063, Validation R-squared: 0.5306196213
2023-11-22 23:16:25,162 - INFO - Epoch 70 : Training Loss: 10.0095396042, Validation Loss: 10.6403894424, Training R-squared: 0.6071788073, Validation R-squared: 0.5356903672
2023-11-22 23:16:29,521 - INFO - Epoch 71 : Training Loss: 9.9635763168, Validation Loss: 10.6488943100, Training R-squared: 0.6096092463, Validation R-squared: 0.5350169539
2023-11-22 23:16:34,298 - INFO - Epoch 72 : Training Loss: 9.9263639450, Validation Loss: 10.6159133911, Training R-squared: 0.6126447916, Validation R-squared: 0.5383417606
2023-11-22 23:16:38,930 - INFO - Epoch 73 : Training Loss: 9.9283275604, Validation Loss: 10.6315479279, Training R-squared: 0.6133815646, Validation R-squared: 0.5363816619
2023-11-22 23:16:43,453 - INFO - Epoch 74 : Training Loss: 9.8829011917, Validation Loss: 10.5870246887, Training R-squared: 0.6157183647, Validation R-squared: 0.5409305692
2023-11-22 23:16:47,753 - INFO - Epoch 75 : Training Loss: 9.8606786728, Validation Loss: 10.6006593704, Training R-squared: 0.6178332567, Validation R-squared: 0.5391188860
2023-11-22 23:16:52,441 - INFO - Epoch 76 : Training Loss: 9.8290662766, Validation Loss: 10.5786895752, Training R-squared: 0.6206910610, Validation R-squared: 0.5412465930
2023-11-22 23:16:56,714 - INFO - Epoch 77 : Training Loss: 9.8314924240, Validation Loss: 10.5624895096, Training R-squared: 0.6193269491, Validation R-squared: 0.5429754853
2023-11-22 23:17:01,532 - INFO - Epoch 78 : Training Loss: 9.7954559326, Validation Loss: 10.5603570938, Training R-squared: 0.6236822605, Validation R-squared: 0.5426030159
2023-11-22 23:17:05,829 - INFO - Epoch 79 : Training Loss: 9.7842569351, Validation Loss: 10.5657997131, Training R-squared: 0.6234101057, Validation R-squared: 0.5421164036
2023-11-22 23:17:10,954 - INFO - Epoch 80 : Training Loss: 9.7412862778, Validation Loss: 10.5825090408, Training R-squared: 0.6277314425, Validation R-squared: 0.5405780673
2023-11-22 23:17:16,104 - INFO - Epoch 81 : Training Loss: 9.7135848999, Validation Loss: 10.5668106079, Training R-squared: 0.6285880804, Validation R-squared: 0.5421921015
2023-11-22 23:17:21,742 - INFO - Epoch 82 : Training Loss: 9.6959562302, Validation Loss: 10.5468473434, Training R-squared: 0.6291504502, Validation R-squared: 0.5438292027
2023-11-22 23:17:26,107 - INFO - Epoch 83 : Training Loss: 9.6788454056, Validation Loss: 10.5823183060, Training R-squared: 0.6319966912, Validation R-squared: 0.5400505662
2023-11-22 23:17:30,644 - INFO - Epoch 84 : Training Loss: 9.6652450562, Validation Loss: 10.5416908264, Training R-squared: 0.6330023408, Validation R-squared: 0.5440118313
2023-11-22 23:17:35,141 - INFO - Epoch 85 : Training Loss: 9.6203126907, Validation Loss: 10.5524158478, Training R-squared: 0.6338585019, Validation R-squared: 0.5424677134
2023-11-22 23:17:39,907 - INFO - Epoch 86 : Training Loss: 9.6242418289, Validation Loss: 10.5201225281, Training R-squared: 0.6363261938, Validation R-squared: 0.5457851887
2023-11-22 23:17:44,581 - INFO - Epoch 87 : Training Loss: 9.5767297745, Validation Loss: 10.5104207993, Training R-squared: 0.6402223706, Validation R-squared: 0.5474091172
2023-11-22 23:17:48,692 - INFO - Epoch 88 : Training Loss: 9.5433206558, Validation Loss: 10.5265922546, Training R-squared: 0.6406195164, Validation R-squared: 0.5448324680
2023-11-22 23:17:53,275 - INFO - Epoch 89 : Training Loss: 9.5588645935, Validation Loss: 10.4709739685, Training R-squared: 0.6397735476, Validation R-squared: 0.5503460765
2023-11-22 23:17:57,640 - INFO - Epoch 90 : Training Loss: 9.5217981339, Validation Loss: 10.4894990921, Training R-squared: 0.6432705522, Validation R-squared: 0.5485139489
2023-11-22 23:18:02,457 - INFO - Epoch 91 : Training Loss: 9.4917964935, Validation Loss: 10.4848585129, Training R-squared: 0.6438239813, Validation R-squared: 0.5492214561
2023-11-22 23:18:06,988 - INFO - Epoch 92 : Training Loss: 9.4661369324, Validation Loss: 10.5072154999, Training R-squared: 0.6454962492, Validation R-squared: 0.5465251207
2023-11-22 23:18:10,957 - INFO - Epoch 93 : Training Loss: 9.4431476593, Validation Loss: 10.4803104401, Training R-squared: 0.6480631828, Validation R-squared: 0.5493240952
2023-11-22 23:18:15,479 - INFO - Epoch 94 : Training Loss: 9.4126806259, Validation Loss: 10.5195398331, Training R-squared: 0.6487720609, Validation R-squared: 0.5458684564
2023-11-22 23:18:27,070 - INFO - Model saved to models/portion_model/breakfast/512_512_200_64/sparsity_80_fold_2_model.keras
2023-11-22 23:18:31,646 - INFO - Avg Metrics: RMSE: 7.9883971082, R-squared: -0.1996977608, PCC: 0.7895632641
2023-11-22 23:18:31,646 - INFO - Agg Metrics: RMSE: 10.7045523569, R-squared: 0.5417037917, PCC: 0.7372014884
2023-11-22 23:18:38,861 - INFO - ================================================================== Fold 3 ===================================================================
2023-11-22 23:18:45,157 - INFO - Epoch 1  : Training Loss: 15.2712087631, Validation Loss: 15.3168945312, Training R-squared: 0.0715178400, Validation R-squared: 0.0848937780
2023-11-22 23:18:49,372 - INFO - Epoch 2  : Training Loss: 14.6121416092, Validation Loss: 14.0639705658, Training R-squared: 0.1502122283, Validation R-squared: 0.2294321060
2023-11-22 23:18:53,666 - INFO - Epoch 3  : Training Loss: 13.0639553070, Validation Loss: 12.7834310532, Training R-squared: 0.3224429786, Validation R-squared: 0.3634915948
2023-11-22 23:18:57,910 - INFO - Epoch 4  : Training Loss: 12.3749494553, Validation Loss: 12.5778799057, Training R-squared: 0.3930881619, Validation R-squared: 0.3850149512
2023-11-22 23:19:02,370 - INFO - Epoch 5  : Training Loss: 12.2358741760, Validation Loss: 12.5260248184, Training R-squared: 0.4059200883, Validation R-squared: 0.3891419172
2023-11-22 23:19:06,821 - INFO - Epoch 6  : Training Loss: 12.1709394455, Validation Loss: 12.4734735489, Training R-squared: 0.4132310748, Validation R-squared: 0.3946194649
2023-11-22 23:19:10,770 - INFO - Epoch 7  : Training Loss: 12.1182889938, Validation Loss: 12.4317674637, Training R-squared: 0.4171083570, Validation R-squared: 0.3990045786
2023-11-22 23:19:15,080 - INFO - Epoch 8  : Training Loss: 12.0815773010, Validation Loss: 12.4114131927, Training R-squared: 0.4219675660, Validation R-squared: 0.4012773633
2023-11-22 23:19:19,466 - INFO - Epoch 9  : Training Loss: 11.9930982590, Validation Loss: 12.3554620743, Training R-squared: 0.4294371903, Validation R-squared: 0.4068755209
2023-11-22 23:19:23,628 - INFO - Epoch 10 : Training Loss: 11.9413967133, Validation Loss: 12.2728643417, Training R-squared: 0.4362050593, Validation R-squared: 0.4148459435
2023-11-22 23:19:27,886 - INFO - Epoch 11 : Training Loss: 11.8409633636, Validation Loss: 12.1917829514, Training R-squared: 0.4446801841, Validation R-squared: 0.4220895171
2023-11-22 23:19:32,202 - INFO - Epoch 12 : Training Loss: 11.7745828629, Validation Loss: 12.1373033524, Training R-squared: 0.4513011575, Validation R-squared: 0.4282206595
2023-11-22 23:19:36,449 - INFO - Epoch 13 : Training Loss: 11.7028636932, Validation Loss: 12.0868091583, Training R-squared: 0.4577749968, Validation R-squared: 0.4328840971
2023-11-22 23:19:40,757 - INFO - Epoch 14 : Training Loss: 11.6295509338, Validation Loss: 12.0268554688, Training R-squared: 0.4647550285, Validation R-squared: 0.4394490123
2023-11-22 23:19:45,022 - INFO - Epoch 15 : Training Loss: 11.5421810150, Validation Loss: 11.9836540222, Training R-squared: 0.4725685120, Validation R-squared: 0.4435146749
2023-11-22 23:19:49,405 - INFO - Epoch 16 : Training Loss: 11.5002231598, Validation Loss: 11.9494714737, Training R-squared: 0.4766443372, Validation R-squared: 0.4471300244
2023-11-22 23:19:53,662 - INFO - Epoch 17 : Training Loss: 11.4444494247, Validation Loss: 11.9379367828, Training R-squared: 0.4821841419, Validation R-squared: 0.4468895793
2023-11-22 23:19:57,739 - INFO - Epoch 18 : Training Loss: 11.4177322388, Validation Loss: 11.8874120712, Training R-squared: 0.4846741855, Validation R-squared: 0.4529905915
2023-11-22 23:20:01,914 - INFO - Epoch 19 : Training Loss: 11.3713998795, Validation Loss: 11.8609075546, Training R-squared: 0.4893244505, Validation R-squared: 0.4553117454
2023-11-22 23:20:05,803 - INFO - Epoch 20 : Training Loss: 11.3226652145, Validation Loss: 11.8459224701, Training R-squared: 0.4935109019, Validation R-squared: 0.4567769468
2023-11-22 23:20:09,850 - INFO - Epoch 21 : Training Loss: 11.2880859375, Validation Loss: 11.8429565430, Training R-squared: 0.4967981875, Validation R-squared: 0.4572260082
2023-11-22 23:20:13,944 - INFO - Epoch 22 : Training Loss: 11.2833395004, Validation Loss: 11.8226957321, Training R-squared: 0.4965351820, Validation R-squared: 0.4588607252
2023-11-22 23:20:18,682 - INFO - Epoch 23 : Training Loss: 11.2469100952, Validation Loss: 11.8203649521, Training R-squared: 0.4994509816, Validation R-squared: 0.4589225650
2023-11-22 23:20:23,095 - INFO - Epoch 24 : Training Loss: 11.2022809982, Validation Loss: 11.7981271744, Training R-squared: 0.5042027235, Validation R-squared: 0.4615904391
2023-11-22 23:20:27,768 - INFO - Epoch 25 : Training Loss: 11.1748962402, Validation Loss: 11.7768459320, Training R-squared: 0.5063316822, Validation R-squared: 0.4637046456
2023-11-22 23:20:32,279 - INFO - Epoch 26 : Training Loss: 11.1275091171, Validation Loss: 11.7475595474, Training R-squared: 0.5104017258, Validation R-squared: 0.4658114612
2023-11-22 23:20:37,246 - INFO - Epoch 27 : Training Loss: 11.0896196365, Validation Loss: 11.7325782776, Training R-squared: 0.5139700770, Validation R-squared: 0.4674480557
2023-11-22 23:20:41,236 - INFO - Epoch 28 : Training Loss: 11.0662746429, Validation Loss: 11.7175598145, Training R-squared: 0.5168856382, Validation R-squared: 0.4684707224
2023-11-22 23:20:45,522 - INFO - Epoch 29 : Training Loss: 10.9885883331, Validation Loss: 11.7096004486, Training R-squared: 0.5225059986, Validation R-squared: 0.4691943228
2023-11-22 23:20:49,749 - INFO - Epoch 30 : Training Loss: 10.9737195969, Validation Loss: 11.6845197678, Training R-squared: 0.5240480304, Validation R-squared: 0.4716379941
2023-11-22 23:20:54,493 - INFO - Epoch 31 : Training Loss: 10.9513740540, Validation Loss: 11.6774435043, Training R-squared: 0.5267065763, Validation R-squared: 0.4726391137
2023-11-22 23:20:59,437 - INFO - Epoch 32 : Training Loss: 10.9172992706, Validation Loss: 11.6706924438, Training R-squared: 0.5280272365, Validation R-squared: 0.4732114673
2023-11-22 23:21:03,735 - INFO - Epoch 33 : Training Loss: 10.9026956558, Validation Loss: 11.6616258621, Training R-squared: 0.5314593315, Validation R-squared: 0.4743819237
2023-11-22 23:21:08,238 - INFO - Epoch 34 : Training Loss: 10.8420305252, Validation Loss: 11.6435985565, Training R-squared: 0.5348511934, Validation R-squared: 0.4750426114
2023-11-22 23:21:12,652 - INFO - Epoch 35 : Training Loss: 10.8357944489, Validation Loss: 11.6316127777, Training R-squared: 0.5356402397, Validation R-squared: 0.4767387807
2023-11-22 23:21:16,960 - INFO - Epoch 36 : Training Loss: 10.8045835495, Validation Loss: 11.6187610626, Training R-squared: 0.5384714007, Validation R-squared: 0.4774502218
2023-11-22 23:21:21,417 - INFO - Epoch 37 : Training Loss: 10.7760257721, Validation Loss: 11.6224718094, Training R-squared: 0.5405550003, Validation R-squared: 0.4782761335
2023-11-22 23:21:25,636 - INFO - Epoch 38 : Training Loss: 10.7630233765, Validation Loss: 11.5855503082, Training R-squared: 0.5411676168, Validation R-squared: 0.4811425209
2023-11-22 23:21:29,710 - INFO - Epoch 39 : Training Loss: 10.7207355499, Validation Loss: 11.5801868439, Training R-squared: 0.5464318395, Validation R-squared: 0.4816035330
2023-11-22 23:21:34,219 - INFO - Epoch 40 : Training Loss: 10.6974124908, Validation Loss: 11.5812921524, Training R-squared: 0.5468448400, Validation R-squared: 0.4805613160
2023-11-22 23:21:38,854 - INFO - Epoch 41 : Training Loss: 10.6712274551, Validation Loss: 11.5708341599, Training R-squared: 0.5492449999, Validation R-squared: 0.4814571440
2023-11-22 23:21:43,181 - INFO - Epoch 42 : Training Loss: 10.6643686295, Validation Loss: 11.5536270142, Training R-squared: 0.5497732759, Validation R-squared: 0.4832120240
2023-11-22 23:21:47,523 - INFO - Epoch 43 : Training Loss: 10.6076383591, Validation Loss: 11.5447492599, Training R-squared: 0.5542309284, Validation R-squared: 0.4842665792
2023-11-22 23:21:51,984 - INFO - Epoch 44 : Training Loss: 10.6123523712, Validation Loss: 11.5221214294, Training R-squared: 0.5547392368, Validation R-squared: 0.4866317213
2023-11-22 23:21:55,953 - INFO - Epoch 45 : Training Loss: 10.5634012222, Validation Loss: 11.5204524994, Training R-squared: 0.5584063530, Validation R-squared: 0.4869733155
2023-11-22 23:22:00,178 - INFO - Epoch 46 : Training Loss: 10.5505237579, Validation Loss: 11.5039463043, Training R-squared: 0.5601704717, Validation R-squared: 0.4879553616
2023-11-22 23:22:04,282 - INFO - Epoch 47 : Training Loss: 10.5201320648, Validation Loss: 11.4963455200, Training R-squared: 0.5609822869, Validation R-squared: 0.4890486002
2023-11-22 23:22:08,480 - INFO - Epoch 48 : Training Loss: 10.4817790985, Validation Loss: 11.4901733398, Training R-squared: 0.5648983121, Validation R-squared: 0.4893170297
2023-11-22 23:22:12,660 - INFO - Epoch 49 : Training Loss: 10.4944944382, Validation Loss: 11.4849519730, Training R-squared: 0.5651063323, Validation R-squared: 0.4893673062
2023-11-22 23:22:16,969 - INFO - Epoch 50 : Training Loss: 10.4168319702, Validation Loss: 11.4663200378, Training R-squared: 0.5696110129, Validation R-squared: 0.4913091063
2023-11-22 23:22:20,983 - INFO - Epoch 51 : Training Loss: 10.4202203751, Validation Loss: 11.4893827438, Training R-squared: 0.5704586506, Validation R-squared: 0.4884332120
2023-11-22 23:22:25,102 - INFO - Epoch 52 : Training Loss: 10.3869495392, Validation Loss: 11.4593582153, Training R-squared: 0.5718702674, Validation R-squared: 0.4916168749
2023-11-22 23:22:29,172 - INFO - Epoch 53 : Training Loss: 10.3567113876, Validation Loss: 11.4659366608, Training R-squared: 0.5751675367, Validation R-squared: 0.4910578728
2023-11-22 23:22:33,231 - INFO - Epoch 54 : Training Loss: 10.3449277878, Validation Loss: 11.4346752167, Training R-squared: 0.5767431855, Validation R-squared: 0.4942376316
2023-11-22 23:22:37,375 - INFO - Epoch 55 : Training Loss: 10.3407478333, Validation Loss: 11.4216051102, Training R-squared: 0.5772438049, Validation R-squared: 0.4954000115
2023-11-22 23:22:41,483 - INFO - Epoch 56 : Training Loss: 10.3062543869, Validation Loss: 11.4098367691, Training R-squared: 0.5795848370, Validation R-squared: 0.4970465004
2023-11-22 23:22:45,472 - INFO - Epoch 57 : Training Loss: 10.2660894394, Validation Loss: 11.4375429153, Training R-squared: 0.5827271938, Validation R-squared: 0.4933450520
2023-11-22 23:22:49,607 - INFO - Epoch 58 : Training Loss: 10.2208185196, Validation Loss: 11.3964786530, Training R-squared: 0.5852102637, Validation R-squared: 0.4971890450
2023-11-22 23:22:53,672 - INFO - Epoch 59 : Training Loss: 10.1974487305, Validation Loss: 11.3737478256, Training R-squared: 0.5882094502, Validation R-squared: 0.4996538460
2023-11-22 23:22:57,824 - INFO - Epoch 60 : Training Loss: 10.1772603989, Validation Loss: 11.3620653152, Training R-squared: 0.5894291401, Validation R-squared: 0.5009563565
2023-11-22 23:23:02,431 - INFO - Epoch 61 : Training Loss: 10.1519355774, Validation Loss: 11.3549928665, Training R-squared: 0.5904207826, Validation R-squared: 0.5018449426
2023-11-22 23:23:07,047 - INFO - Epoch 62 : Training Loss: 10.1339654922, Validation Loss: 11.3628664017, Training R-squared: 0.5937764049, Validation R-squared: 0.5006557703
2023-11-22 23:23:11,189 - INFO - Epoch 63 : Training Loss: 10.0766544342, Validation Loss: 11.3765363693, Training R-squared: 0.5967803597, Validation R-squared: 0.4987710714
2023-11-22 23:23:15,709 - INFO - Epoch 64 : Training Loss: 10.0727005005, Validation Loss: 11.3494853973, Training R-squared: 0.5984888673, Validation R-squared: 0.5013512373
2023-11-22 23:23:20,406 - INFO - Epoch 65 : Training Loss: 10.0490684509, Validation Loss: 11.3278026581, Training R-squared: 0.6007323265, Validation R-squared: 0.5043519735
2023-11-22 23:23:24,982 - INFO - Epoch 66 : Training Loss: 10.0379743576, Validation Loss: 11.3313827515, Training R-squared: 0.6006782651, Validation R-squared: 0.5029605627
2023-11-22 23:23:29,599 - INFO - Epoch 67 : Training Loss: 10.0074787140, Validation Loss: 11.3437929153, Training R-squared: 0.6014456749, Validation R-squared: 0.5034106970
2023-11-22 23:23:34,151 - INFO - Epoch 68 : Training Loss: 9.9610691071, Validation Loss: 11.3114862442, Training R-squared: 0.6059231162, Validation R-squared: 0.5051485300
2023-11-22 23:23:38,894 - INFO - Epoch 69 : Training Loss: 9.9424381256, Validation Loss: 11.3015956879, Training R-squared: 0.6081421375, Validation R-squared: 0.5062730312
2023-11-22 23:23:43,575 - INFO - Epoch 70 : Training Loss: 9.9061498642, Validation Loss: 11.2992553711, Training R-squared: 0.6111212969, Validation R-squared: 0.5066114068
2023-11-22 23:23:49,088 - INFO - Epoch 71 : Training Loss: 9.8693847656, Validation Loss: 11.3133926392, Training R-squared: 0.6133711934, Validation R-squared: 0.5045456886
2023-11-22 23:23:54,460 - INFO - Epoch 72 : Training Loss: 9.8411359787, Validation Loss: 11.2605066299, Training R-squared: 0.6154996753, Validation R-squared: 0.5101010203
2023-11-22 23:24:00,212 - INFO - Epoch 73 : Training Loss: 9.8450241089, Validation Loss: 11.3031902313, Training R-squared: 0.6155545712, Validation R-squared: 0.5055323243
2023-11-22 23:24:05,193 - INFO - Epoch 74 : Training Loss: 9.8067073822, Validation Loss: 11.2461423874, Training R-squared: 0.6191413999, Validation R-squared: 0.5115974545
2023-11-22 23:24:10,330 - INFO - Epoch 75 : Training Loss: 9.7956180573, Validation Loss: 11.2903442383, Training R-squared: 0.6198387742, Validation R-squared: 0.5070644021
2023-11-22 23:24:14,985 - INFO - Epoch 76 : Training Loss: 9.7695388794, Validation Loss: 11.2809438705, Training R-squared: 0.6212779880, Validation R-squared: 0.5081515908
2023-11-22 23:24:19,542 - INFO - Epoch 77 : Training Loss: 9.7266731262, Validation Loss: 11.2763452530, Training R-squared: 0.6226322651, Validation R-squared: 0.5079810023
2023-11-22 23:24:23,725 - INFO - Epoch 78 : Training Loss: 9.7198696136, Validation Loss: 11.2510051727, Training R-squared: 0.6246078014, Validation R-squared: 0.5106686354
2023-11-22 23:24:28,255 - INFO - Epoch 79 : Training Loss: 9.6992387772, Validation Loss: 11.2635135651, Training R-squared: 0.6265901327, Validation R-squared: 0.5094204545
2023-11-22 23:24:39,800 - INFO - Model saved to models/portion_model/breakfast/512_512_200_64/sparsity_80_fold_3_model.keras
2023-11-22 23:24:44,899 - INFO - Avg Metrics: RMSE: 8.3230455160, R-squared: 0.1155459395, PCC: 0.7602332150
2023-11-22 23:24:44,899 - INFO - Agg Metrics: RMSE: 11.6181077107, R-squared: 0.4902792223, PCC: 0.7007420523
2023-11-22 23:24:52,355 - INFO - ================================================================== Fold 4 ===================================================================
2023-11-22 23:24:58,972 - INFO - Epoch 1  : Training Loss: 15.2736272812, Validation Loss: 15.3617773056, Training R-squared: 0.0710054785, Validation R-squared: 0.0869141370
2023-11-22 23:25:03,914 - INFO - Epoch 2  : Training Loss: 14.6501150131, Validation Loss: 14.2863340378, Training R-squared: 0.1454399526, Validation R-squared: 0.2126331329
2023-11-22 23:25:08,357 - INFO - Epoch 3  : Training Loss: 13.2847976685, Validation Loss: 12.7420721054, Training R-squared: 0.2990166545, Validation R-squared: 0.3758183718
2023-11-22 23:25:12,803 - INFO - Epoch 4  : Training Loss: 12.4740076065, Validation Loss: 12.5378189087, Training R-squared: 0.3817685843, Validation R-squared: 0.3959047198
2023-11-22 23:25:16,920 - INFO - Epoch 5  : Training Loss: 12.2931604385, Validation Loss: 12.4012289047, Training R-squared: 0.4021220505, Validation R-squared: 0.4084270000
2023-11-22 23:25:21,263 - INFO - Epoch 6  : Training Loss: 12.1918458939, Validation Loss: 12.3580303192, Training R-squared: 0.4111618400, Validation R-squared: 0.4127433896
2023-11-22 23:25:26,254 - INFO - Epoch 7  : Training Loss: 12.1166248322, Validation Loss: 12.3160848618, Training R-squared: 0.4168975055, Validation R-squared: 0.4168801308
2023-11-22 23:25:30,895 - INFO - Epoch 8  : Training Loss: 12.1082229614, Validation Loss: 12.2788352966, Training R-squared: 0.4193901718, Validation R-squared: 0.4203896821
2023-11-22 23:25:35,702 - INFO - Epoch 9  : Training Loss: 12.0381870270, Validation Loss: 12.2591476440, Training R-squared: 0.4253129661, Validation R-squared: 0.4225892425
2023-11-22 23:25:39,895 - INFO - Epoch 10 : Training Loss: 11.9472007751, Validation Loss: 12.1746740341, Training R-squared: 0.4331772029, Validation R-squared: 0.4301467836
2023-11-22 23:25:43,923 - INFO - Epoch 11 : Training Loss: 11.8811101913, Validation Loss: 12.0867557526, Training R-squared: 0.4411940873, Validation R-squared: 0.4392228723
2023-11-22 23:25:48,037 - INFO - Epoch 12 : Training Loss: 11.7933864594, Validation Loss: 12.0180044174, Training R-squared: 0.4486400187, Validation R-squared: 0.4452612698
2023-11-22 23:25:52,473 - INFO - Epoch 13 : Training Loss: 11.7327785492, Validation Loss: 11.9613332748, Training R-squared: 0.4552926123, Validation R-squared: 0.4509145617
2023-11-22 23:25:56,284 - INFO - Epoch 14 : Training Loss: 11.6530265808, Validation Loss: 11.9093971252, Training R-squared: 0.4626428485, Validation R-squared: 0.4558784366
2023-11-22 23:26:00,621 - INFO - Epoch 15 : Training Loss: 11.5878553391, Validation Loss: 11.8470010757, Training R-squared: 0.4687344432, Validation R-squared: 0.4617576301
2023-11-22 23:26:04,746 - INFO - Epoch 16 : Training Loss: 11.4987983704, Validation Loss: 11.7964477539, Training R-squared: 0.4760950804, Validation R-squared: 0.4661448300
2023-11-22 23:26:08,785 - INFO - Epoch 17 : Training Loss: 11.4593362808, Validation Loss: 11.7500848770, Training R-squared: 0.4800916016, Validation R-squared: 0.4702610075
2023-11-22 23:26:13,024 - INFO - Epoch 18 : Training Loss: 11.3817510605, Validation Loss: 11.7097949982, Training R-squared: 0.4871243536, Validation R-squared: 0.4742322564
2023-11-22 23:26:17,297 - INFO - Epoch 19 : Training Loss: 11.3464374542, Validation Loss: 11.6920328140, Training R-squared: 0.4897103310, Validation R-squared: 0.4758364856
2023-11-22 23:26:21,152 - INFO - Epoch 20 : Training Loss: 11.3004951477, Validation Loss: 11.6975088120, Training R-squared: 0.4943935573, Validation R-squared: 0.4753446877
2023-11-22 23:26:25,240 - INFO - Epoch 21 : Training Loss: 11.2818584442, Validation Loss: 11.6595392227, Training R-squared: 0.4962569475, Validation R-squared: 0.4780652821
2023-11-22 23:26:29,365 - INFO - Epoch 22 : Training Loss: 11.2567682266, Validation Loss: 11.6421747208, Training R-squared: 0.4986088574, Validation R-squared: 0.4800061584
2023-11-22 23:26:33,773 - INFO - Epoch 23 : Training Loss: 11.2153882980, Validation Loss: 11.6314153671, Training R-squared: 0.5022569895, Validation R-squared: 0.4804203510
2023-11-22 23:26:37,870 - INFO - Epoch 24 : Training Loss: 11.2019872665, Validation Loss: 11.6190137863, Training R-squared: 0.5037015676, Validation R-squared: 0.4822634459
2023-11-22 23:26:41,742 - INFO - Epoch 25 : Training Loss: 11.1683216095, Validation Loss: 11.5902614594, Training R-squared: 0.5070587993, Validation R-squared: 0.4847186506
2023-11-22 23:26:45,698 - INFO - Epoch 26 : Training Loss: 11.1291379929, Validation Loss: 11.5745782852, Training R-squared: 0.5101299286, Validation R-squared: 0.4861234128
2023-11-22 23:26:49,709 - INFO - Epoch 27 : Training Loss: 11.0878877640, Validation Loss: 11.5592365265, Training R-squared: 0.5135279894, Validation R-squared: 0.4876571596
2023-11-22 23:26:53,810 - INFO - Epoch 28 : Training Loss: 11.0485839844, Validation Loss: 11.5477743149, Training R-squared: 0.5162162185, Validation R-squared: 0.4880657494
2023-11-22 23:26:58,005 - INFO - Epoch 29 : Training Loss: 11.0079755783, Validation Loss: 11.5302495956, Training R-squared: 0.5195214748, Validation R-squared: 0.4896546602
2023-11-22 23:27:02,278 - INFO - Epoch 30 : Training Loss: 10.9599418640, Validation Loss: 11.4977149963, Training R-squared: 0.5237191916, Validation R-squared: 0.4925844967
2023-11-22 23:27:06,318 - INFO - Epoch 31 : Training Loss: 10.9651088715, Validation Loss: 11.4881801605, Training R-squared: 0.5244451761, Validation R-squared: 0.4936027527
2023-11-22 23:27:10,375 - INFO - Epoch 32 : Training Loss: 10.9198236465, Validation Loss: 11.4879703522, Training R-squared: 0.5273078680, Validation R-squared: 0.4937340915
2023-11-22 23:27:14,636 - INFO - Epoch 33 : Training Loss: 10.8407497406, Validation Loss: 11.4536447525, Training R-squared: 0.5330172777, Validation R-squared: 0.4964122474
2023-11-22 23:27:18,892 - INFO - Epoch 34 : Training Loss: 10.8570289612, Validation Loss: 11.4319429398, Training R-squared: 0.5332453251, Validation R-squared: 0.4983877838
2023-11-22 23:27:23,137 - INFO - Epoch 35 : Training Loss: 10.8108358383, Validation Loss: 11.4391317368, Training R-squared: 0.5371046662, Validation R-squared: 0.4983144999
2023-11-22 23:27:27,411 - INFO - Epoch 36 : Training Loss: 10.7714490891, Validation Loss: 11.3947858810, Training R-squared: 0.5406143069, Validation R-squared: 0.5016637444
2023-11-22 23:27:31,829 - INFO - Epoch 37 : Training Loss: 10.7543573380, Validation Loss: 11.3869447708, Training R-squared: 0.5422484875, Validation R-squared: 0.5025408268
2023-11-22 23:27:35,844 - INFO - Epoch 38 : Training Loss: 10.7312994003, Validation Loss: 11.3663129807, Training R-squared: 0.5437977910, Validation R-squared: 0.5041462779
2023-11-22 23:27:40,079 - INFO - Epoch 39 : Training Loss: 10.6842584610, Validation Loss: 11.3478441238, Training R-squared: 0.5478148460, Validation R-squared: 0.5054684877
2023-11-22 23:27:44,279 - INFO - Epoch 40 : Training Loss: 10.6627540588, Validation Loss: 11.3406982422, Training R-squared: 0.5484197140, Validation R-squared: 0.5064817071
2023-11-22 23:27:48,572 - INFO - Epoch 41 : Training Loss: 10.6585178375, Validation Loss: 11.3327169418, Training R-squared: 0.5498216748, Validation R-squared: 0.5071192980
2023-11-22 23:27:52,991 - INFO - Epoch 42 : Training Loss: 10.6121492386, Validation Loss: 11.3037061691, Training R-squared: 0.5540643930, Validation R-squared: 0.5093996525
2023-11-22 23:27:57,115 - INFO - Epoch 43 : Training Loss: 10.6081829071, Validation Loss: 11.2866067886, Training R-squared: 0.5547127128, Validation R-squared: 0.5110807419
2023-11-22 23:28:01,234 - INFO - Epoch 44 : Training Loss: 10.5467071533, Validation Loss: 11.2829866409, Training R-squared: 0.5588086843, Validation R-squared: 0.5109401345
2023-11-22 23:28:05,517 - INFO - Epoch 45 : Training Loss: 10.5492973328, Validation Loss: 11.2818260193, Training R-squared: 0.5591301322, Validation R-squared: 0.5117741227
2023-11-22 23:28:09,679 - INFO - Epoch 46 : Training Loss: 10.5068264008, Validation Loss: 11.2543601990, Training R-squared: 0.5626043081, Validation R-squared: 0.5140426159
2023-11-22 23:28:14,018 - INFO - Epoch 47 : Training Loss: 10.4714012146, Validation Loss: 11.2374229431, Training R-squared: 0.5648013949, Validation R-squared: 0.5149320960
2023-11-22 23:28:18,649 - INFO - Epoch 48 : Training Loss: 10.4717311859, Validation Loss: 11.2197532654, Training R-squared: 0.5657859445, Validation R-squared: 0.5168011785
2023-11-22 23:28:23,129 - INFO - Epoch 49 : Training Loss: 10.4424867630, Validation Loss: 11.1994142532, Training R-squared: 0.5678861141, Validation R-squared: 0.5184296370
2023-11-22 23:28:27,378 - INFO - Epoch 50 : Training Loss: 10.4076404572, Validation Loss: 11.1886215210, Training R-squared: 0.5710417032, Validation R-squared: 0.5198694468
2023-11-22 23:28:31,163 - INFO - Epoch 51 : Training Loss: 10.3825235367, Validation Loss: 11.1823072433, Training R-squared: 0.5720837116, Validation R-squared: 0.5198767185
2023-11-22 23:28:35,526 - INFO - Epoch 52 : Training Loss: 10.3623647690, Validation Loss: 11.1576671600, Training R-squared: 0.5745355487, Validation R-squared: 0.5222007036
2023-11-22 23:28:39,664 - INFO - Epoch 53 : Training Loss: 10.3421907425, Validation Loss: 11.1500749588, Training R-squared: 0.5763943195, Validation R-squared: 0.5232607722
2023-11-22 23:28:44,188 - INFO - Epoch 54 : Training Loss: 10.3040208817, Validation Loss: 11.1262931824, Training R-squared: 0.5798260570, Validation R-squared: 0.5248058438
2023-11-22 23:28:48,850 - INFO - Epoch 55 : Training Loss: 10.2974586487, Validation Loss: 11.1279468536, Training R-squared: 0.5800735354, Validation R-squared: 0.5251651406
2023-11-22 23:28:53,249 - INFO - Epoch 56 : Training Loss: 10.2646017075, Validation Loss: 11.1111450195, Training R-squared: 0.5817805529, Validation R-squared: 0.5265728235
2023-11-22 23:28:57,475 - INFO - Epoch 57 : Training Loss: 10.2198810577, Validation Loss: 11.0972185135, Training R-squared: 0.5859250426, Validation R-squared: 0.5276391506
2023-11-22 23:29:01,376 - INFO - Epoch 58 : Training Loss: 10.2014732361, Validation Loss: 11.0722160339, Training R-squared: 0.5862514973, Validation R-squared: 0.5295518041
2023-11-22 23:29:05,558 - INFO - Epoch 59 : Training Loss: 10.1930837631, Validation Loss: 11.0780267715, Training R-squared: 0.5881289244, Validation R-squared: 0.5292665958
2023-11-22 23:29:09,771 - INFO - Epoch 60 : Training Loss: 10.1768159866, Validation Loss: 11.0561351776, Training R-squared: 0.5894480348, Validation R-squared: 0.5314475298
2023-11-22 23:29:13,989 - INFO - Epoch 61 : Training Loss: 10.1421918869, Validation Loss: 11.0403900146, Training R-squared: 0.5926803350, Validation R-squared: 0.5324925184
2023-11-22 23:29:18,426 - INFO - Epoch 62 : Training Loss: 10.1318330765, Validation Loss: 11.0322990417, Training R-squared: 0.5931028724, Validation R-squared: 0.5331835151
2023-11-22 23:29:22,976 - INFO - Epoch 63 : Training Loss: 10.1050548553, Validation Loss: 11.0405540466, Training R-squared: 0.5954189897, Validation R-squared: 0.5317360163
2023-11-22 23:29:26,846 - INFO - Epoch 64 : Training Loss: 10.0876760483, Validation Loss: 11.0031671524, Training R-squared: 0.5961673856, Validation R-squared: 0.5352722406
2023-11-22 23:29:30,984 - INFO - Epoch 65 : Training Loss: 10.0399246216, Validation Loss: 10.9949913025, Training R-squared: 0.6001024246, Validation R-squared: 0.5364909172
2023-11-22 23:29:35,300 - INFO - Epoch 66 : Training Loss: 10.0227718353, Validation Loss: 11.0284252167, Training R-squared: 0.6015223861, Validation R-squared: 0.5325394273
2023-11-22 23:29:39,447 - INFO - Epoch 67 : Training Loss: 10.0204353333, Validation Loss: 10.9891710281, Training R-squared: 0.6017826796, Validation R-squared: 0.5363679528
2023-11-22 23:29:43,608 - INFO - Epoch 68 : Training Loss: 9.9957885742, Validation Loss: 10.9779396057, Training R-squared: 0.6047281027, Validation R-squared: 0.5371792316
2023-11-22 23:29:47,778 - INFO - Epoch 69 : Training Loss: 9.9466476440, Validation Loss: 10.9586992264, Training R-squared: 0.6084569693, Validation R-squared: 0.5392673612
2023-11-22 23:29:51,677 - INFO - Epoch 70 : Training Loss: 9.9290962219, Validation Loss: 10.9725065231, Training R-squared: 0.6076263785, Validation R-squared: 0.5373481512
2023-11-22 23:29:55,927 - INFO - Epoch 71 : Training Loss: 9.9188270569, Validation Loss: 10.9329576492, Training R-squared: 0.6091589928, Validation R-squared: 0.5412110686
2023-11-22 23:30:00,146 - INFO - Epoch 72 : Training Loss: 9.8818092346, Validation Loss: 10.9189262390, Training R-squared: 0.6123431325, Validation R-squared: 0.5423510075
2023-11-22 23:30:04,423 - INFO - Epoch 73 : Training Loss: 9.8658409119, Validation Loss: 10.9292974472, Training R-squared: 0.6125678420, Validation R-squared: 0.5418364406
2023-11-22 23:30:08,727 - INFO - Epoch 74 : Training Loss: 9.8527698517, Validation Loss: 10.9051332474, Training R-squared: 0.6148826480, Validation R-squared: 0.5437572598
2023-11-22 23:30:12,992 - INFO - Epoch 75 : Training Loss: 9.7960586548, Validation Loss: 10.9058303833, Training R-squared: 0.6183148623, Validation R-squared: 0.5441681147
2023-11-22 23:30:17,336 - INFO - Epoch 76 : Training Loss: 9.7645883560, Validation Loss: 10.9036207199, Training R-squared: 0.6212133765, Validation R-squared: 0.5433501601
2023-11-22 23:30:21,309 - INFO - Epoch 77 : Training Loss: 9.7742080688, Validation Loss: 10.8667697906, Training R-squared: 0.6198558807, Validation R-squared: 0.5467618108
2023-11-22 23:30:25,422 - INFO - Epoch 78 : Training Loss: 9.7473163605, Validation Loss: 10.8705492020, Training R-squared: 0.6229839325, Validation R-squared: 0.5467700362
2023-11-22 23:30:29,556 - INFO - Epoch 79 : Training Loss: 9.7456274033, Validation Loss: 10.8623266220, Training R-squared: 0.6224892735, Validation R-squared: 0.5473466516
2023-11-22 23:30:34,122 - INFO - Epoch 80 : Training Loss: 9.7021903992, Validation Loss: 10.8641347885, Training R-squared: 0.6264948845, Validation R-squared: 0.5470880270
2023-11-22 23:30:38,394 - INFO - Epoch 81 : Training Loss: 9.6896190643, Validation Loss: 10.8638963699, Training R-squared: 0.6261174679, Validation R-squared: 0.5469583273
2023-11-22 23:30:42,460 - INFO - Epoch 82 : Training Loss: 9.6689796448, Validation Loss: 10.8585948944, Training R-squared: 0.6285978556, Validation R-squared: 0.5475373268
2023-11-22 23:30:46,560 - INFO - Epoch 83 : Training Loss: 9.6135854721, Validation Loss: 10.8323478699, Training R-squared: 0.6321482062, Validation R-squared: 0.5498735905
2023-11-22 23:30:50,814 - INFO - Epoch 84 : Training Loss: 9.5981903076, Validation Loss: 10.8216323853, Training R-squared: 0.6322643161, Validation R-squared: 0.5506983995
2023-11-22 23:30:55,162 - INFO - Epoch 85 : Training Loss: 9.5624313354, Validation Loss: 10.8495674133, Training R-squared: 0.6361969113, Validation R-squared: 0.5481227040
2023-11-22 23:30:59,323 - INFO - Epoch 86 : Training Loss: 9.5395612717, Validation Loss: 10.8473052979, Training R-squared: 0.6368752122, Validation R-squared: 0.5477725863
2023-11-22 23:31:03,877 - INFO - Epoch 87 : Training Loss: 9.5492982864, Validation Loss: 10.8379259109, Training R-squared: 0.6370026469, Validation R-squared: 0.5487836003
2023-11-22 23:31:08,144 - INFO - Epoch 88 : Training Loss: 9.5356273651, Validation Loss: 10.8005714417, Training R-squared: 0.6381160021, Validation R-squared: 0.5524920225
2023-11-22 23:31:12,368 - INFO - Epoch 89 : Training Loss: 9.5015363693, Validation Loss: 10.8171043396, Training R-squared: 0.6404112577, Validation R-squared: 0.5508947968
2023-11-22 23:31:16,599 - INFO - Epoch 90 : Training Loss: 9.4596223831, Validation Loss: 10.7913579941, Training R-squared: 0.6427392960, Validation R-squared: 0.5531278253
2023-11-22 23:31:20,979 - INFO - Epoch 91 : Training Loss: 9.4329166412, Validation Loss: 10.7938413620, Training R-squared: 0.6450934410, Validation R-squared: 0.5531184673
2023-11-22 23:31:25,206 - INFO - Epoch 92 : Training Loss: 9.4256134033, Validation Loss: 10.7726316452, Training R-squared: 0.6445684433, Validation R-squared: 0.5546102524
2023-11-22 23:31:29,363 - INFO - Epoch 93 : Training Loss: 9.3915166855, Validation Loss: 10.7823925018, Training R-squared: 0.6486793160, Validation R-squared: 0.5536515713
2023-11-22 23:31:33,895 - INFO - Epoch 94 : Training Loss: 9.3848676682, Validation Loss: 10.7934885025, Training R-squared: 0.6488972902, Validation R-squared: 0.5527697802
2023-11-22 23:31:38,443 - INFO - Epoch 95 : Training Loss: 9.3571367264, Validation Loss: 10.7780065536, Training R-squared: 0.6502749920, Validation R-squared: 0.5539125800
2023-11-22 23:31:43,062 - INFO - Epoch 96 : Training Loss: 9.3433589935, Validation Loss: 10.7882823944, Training R-squared: 0.6506189704, Validation R-squared: 0.5529037118
2023-11-22 23:31:47,394 - INFO - Epoch 97 : Training Loss: 9.3120470047, Validation Loss: 10.7765054703, Training R-squared: 0.6542969346, Validation R-squared: 0.5543702245
2023-11-22 23:31:57,896 - INFO - Model saved to models/portion_model/breakfast/512_512_200_64/sparsity_80_fold_4_model.keras
2023-11-22 23:32:03,037 - INFO - Avg Metrics: RMSE: 8.0540128475, R-squared: -0.8289480626, PCC: 0.7877262551
2023-11-22 23:32:03,038 - INFO - Agg Metrics: RMSE: 11.1356188172, R-squared: 0.5355767322, PCC: 0.7319436545
2023-11-22 23:32:10,063 - INFO - ================================================================== Fold 5 ===================================================================
2023-11-22 23:32:16,362 - INFO - Epoch 1  : Training Loss: 15.2681579590, Validation Loss: 15.2950487137, Training R-squared: 0.0721235722, Validation R-squared: 0.0883449465
2023-11-22 23:32:20,755 - INFO - Epoch 2  : Training Loss: 14.5805969238, Validation Loss: 14.0541553497, Training R-squared: 0.1552295238, Validation R-squared: 0.2320130616
2023-11-22 23:32:24,932 - INFO - Epoch 3  : Training Loss: 13.0019378662, Validation Loss: 12.6642332077, Training R-squared: 0.3296623230, Validation R-squared: 0.3775534630
2023-11-22 23:32:29,139 - INFO - Epoch 4  : Training Loss: 12.4186019897, Validation Loss: 12.5044317245, Training R-squared: 0.3867273927, Validation R-squared: 0.3940303922
2023-11-22 23:32:33,631 - INFO - Epoch 5  : Training Loss: 12.2650117874, Validation Loss: 12.4085416794, Training R-squared: 0.4023083746, Validation R-squared: 0.4028559029
2023-11-22 23:32:37,983 - INFO - Epoch 6  : Training Loss: 12.1812839508, Validation Loss: 12.3573217392, Training R-squared: 0.4106126130, Validation R-squared: 0.4085236788
2023-11-22 23:32:42,311 - INFO - Epoch 7  : Training Loss: 12.1307468414, Validation Loss: 12.3006429672, Training R-squared: 0.4170829356, Validation R-squared: 0.4141063690
2023-11-22 23:32:46,435 - INFO - Epoch 8  : Training Loss: 12.0535564423, Validation Loss: 12.2520589828, Training R-squared: 0.4240937531, Validation R-squared: 0.4184179902
2023-11-22 23:32:50,594 - INFO - Epoch 9  : Training Loss: 11.9821310043, Validation Loss: 12.1958980560, Training R-squared: 0.4302940369, Validation R-squared: 0.4237735271
2023-11-22 23:32:54,826 - INFO - Epoch 10 : Training Loss: 11.9305257797, Validation Loss: 12.1310319901, Training R-squared: 0.4356512427, Validation R-squared: 0.4303447008
2023-11-22 23:32:59,527 - INFO - Epoch 11 : Training Loss: 11.8619585037, Validation Loss: 12.0675964355, Training R-squared: 0.4434870481, Validation R-squared: 0.4365539849
2023-11-22 23:33:04,476 - INFO - Epoch 12 : Training Loss: 11.7555246353, Validation Loss: 12.0247306824, Training R-squared: 0.4515930116, Validation R-squared: 0.4401733875
2023-11-22 23:33:08,867 - INFO - Epoch 13 : Training Loss: 11.6716175079, Validation Loss: 11.9811182022, Training R-squared: 0.4592258632, Validation R-squared: 0.4442237020
2023-11-22 23:33:13,326 - INFO - Epoch 14 : Training Loss: 11.6194877625, Validation Loss: 11.8979120255, Training R-squared: 0.4650188684, Validation R-squared: 0.4528631568
2023-11-22 23:33:18,320 - INFO - Epoch 15 : Training Loss: 11.5522155762, Validation Loss: 11.8447284698, Training R-squared: 0.4713884592, Validation R-squared: 0.4578012228
2023-11-22 23:33:23,238 - INFO - Epoch 16 : Training Loss: 11.5039920807, Validation Loss: 11.7993679047, Training R-squared: 0.4767246544, Validation R-squared: 0.4619040191
2023-11-22 23:33:27,744 - INFO - Epoch 17 : Training Loss: 11.4293937683, Validation Loss: 11.7601852417, Training R-squared: 0.4822889566, Validation R-squared: 0.4655451179
2023-11-22 23:33:32,382 - INFO - Epoch 18 : Training Loss: 11.3952846527, Validation Loss: 11.7362918854, Training R-squared: 0.4873175025, Validation R-squared: 0.4680892825
2023-11-22 23:33:36,819 - INFO - Epoch 19 : Training Loss: 11.3546323776, Validation Loss: 11.7597570419, Training R-squared: 0.4892865717, Validation R-squared: 0.4650570750
2023-11-22 23:33:41,328 - INFO - Epoch 20 : Training Loss: 11.3237657547, Validation Loss: 11.7439680099, Training R-squared: 0.4922595620, Validation R-squared: 0.4664596915
2023-11-22 23:33:46,369 - INFO - Epoch 21 : Training Loss: 11.2841300964, Validation Loss: 11.6991529465, Training R-squared: 0.4941347241, Validation R-squared: 0.4712891579
2023-11-22 23:33:51,997 - INFO - Epoch 22 : Training Loss: 11.2632303238, Validation Loss: 11.6993436813, Training R-squared: 0.4980458021, Validation R-squared: 0.4707719088
2023-11-22 23:33:57,425 - INFO - Epoch 23 : Training Loss: 11.2477178574, Validation Loss: 11.6698236465, Training R-squared: 0.4986844659, Validation R-squared: 0.4740317166
2023-11-22 23:34:02,492 - INFO - Epoch 24 : Training Loss: 11.1812438965, Validation Loss: 11.6482982635, Training R-squared: 0.5038854480, Validation R-squared: 0.4762699604
2023-11-22 23:34:07,413 - INFO - Epoch 25 : Training Loss: 11.1631031036, Validation Loss: 11.6427145004, Training R-squared: 0.5054693818, Validation R-squared: 0.4762920439
2023-11-22 23:34:11,767 - INFO - Epoch 26 : Training Loss: 11.1435413361, Validation Loss: 11.6073226929, Training R-squared: 0.5076624155, Validation R-squared: 0.4798125923
2023-11-22 23:34:16,197 - INFO - Epoch 27 : Training Loss: 11.1152706146, Validation Loss: 11.5941190720, Training R-squared: 0.5111908317, Validation R-squared: 0.4811583757
2023-11-22 23:34:20,755 - INFO - Epoch 28 : Training Loss: 11.0906124115, Validation Loss: 11.5660152435, Training R-squared: 0.5124257803, Validation R-squared: 0.4835154712
2023-11-22 23:34:25,853 - INFO - Epoch 29 : Training Loss: 11.0547018051, Validation Loss: 11.5386934280, Training R-squared: 0.5157032609, Validation R-squared: 0.4862565696
2023-11-22 23:34:30,225 - INFO - Epoch 30 : Training Loss: 10.9969406128, Validation Loss: 11.5128107071, Training R-squared: 0.5205612183, Validation R-squared: 0.4889012277
2023-11-22 23:34:34,781 - INFO - Epoch 31 : Training Loss: 10.9618635178, Validation Loss: 11.5127296448, Training R-squared: 0.5247030258, Validation R-squared: 0.4880585968
2023-11-22 23:34:39,265 - INFO - Epoch 32 : Training Loss: 10.9284238815, Validation Loss: 11.4500741959, Training R-squared: 0.5273360610, Validation R-squared: 0.4945954680
2023-11-22 23:34:43,973 - INFO - Epoch 33 : Training Loss: 10.8654356003, Validation Loss: 11.4281749725, Training R-squared: 0.5326963663, Validation R-squared: 0.4963181913
2023-11-22 23:34:48,574 - INFO - Epoch 34 : Training Loss: 10.8219337463, Validation Loss: 11.4030056000, Training R-squared: 0.5353750587, Validation R-squared: 0.4987002015
2023-11-22 23:34:53,115 - INFO - Epoch 35 : Training Loss: 10.8063220978, Validation Loss: 11.4000310898, Training R-squared: 0.5369728804, Validation R-squared: 0.4984309375
2023-11-22 23:34:57,493 - INFO - Epoch 36 : Training Loss: 10.7751073837, Validation Loss: 11.3770227432, Training R-squared: 0.5400111675, Validation R-squared: 0.5005949140
2023-11-22 23:35:01,995 - INFO - Epoch 37 : Training Loss: 10.7387886047, Validation Loss: 11.3544368744, Training R-squared: 0.5424330831, Validation R-squared: 0.5026696920
2023-11-22 23:35:06,406 - INFO - Epoch 38 : Training Loss: 10.7259149551, Validation Loss: 11.3302211761, Training R-squared: 0.5436850786, Validation R-squared: 0.5051611066
2023-11-22 23:35:11,201 - INFO - Epoch 39 : Training Loss: 10.6821947098, Validation Loss: 11.3208923340, Training R-squared: 0.5475262403, Validation R-squared: 0.5057664514
2023-11-22 23:35:15,873 - INFO - Epoch 40 : Training Loss: 10.6741132736, Validation Loss: 11.3003635406, Training R-squared: 0.5488886237, Validation R-squared: 0.5078168511
2023-11-22 23:35:20,554 - INFO - Epoch 41 : Training Loss: 10.6259498596, Validation Loss: 11.3017301559, Training R-squared: 0.5521035790, Validation R-squared: 0.5080941319
2023-11-22 23:35:25,529 - INFO - Epoch 42 : Training Loss: 10.6045503616, Validation Loss: 11.2919454575, Training R-squared: 0.5541831851, Validation R-squared: 0.5081177354
2023-11-22 23:35:30,331 - INFO - Epoch 43 : Training Loss: 10.5993032455, Validation Loss: 11.2889690399, Training R-squared: 0.5553075671, Validation R-squared: 0.5083592534
2023-11-22 23:35:36,130 - INFO - Epoch 44 : Training Loss: 10.5515737534, Validation Loss: 11.2603769302, Training R-squared: 0.5588405132, Validation R-squared: 0.5112514496
2023-11-22 23:35:41,175 - INFO - Epoch 45 : Training Loss: 10.5111627579, Validation Loss: 11.2567100525, Training R-squared: 0.5617057085, Validation R-squared: 0.5116405487
2023-11-22 23:35:46,140 - INFO - Epoch 46 : Training Loss: 10.5020055771, Validation Loss: 11.2469158173, Training R-squared: 0.5621708632, Validation R-squared: 0.5122945309
2023-11-22 23:35:51,214 - INFO - Epoch 47 : Training Loss: 10.4630670547, Validation Loss: 11.2282066345, Training R-squared: 0.5656884313, Validation R-squared: 0.5141877532
2023-11-22 23:35:55,721 - INFO - Epoch 48 : Training Loss: 10.4540605545, Validation Loss: 11.2217864990, Training R-squared: 0.5671245456, Validation R-squared: 0.5145635605
2023-11-22 23:35:59,717 - INFO - Epoch 49 : Training Loss: 10.4301824570, Validation Loss: 11.2160749435, Training R-squared: 0.5684091449, Validation R-squared: 0.5153484941
2023-11-22 23:36:04,102 - INFO - Epoch 50 : Training Loss: 10.4023981094, Validation Loss: 11.1985549927, Training R-squared: 0.5704160929, Validation R-squared: 0.5172681808
2023-11-22 23:36:08,717 - INFO - Epoch 51 : Training Loss: 10.3886108398, Validation Loss: 11.1864681244, Training R-squared: 0.5726349950, Validation R-squared: 0.5180624127
2023-11-22 23:36:13,423 - INFO - Epoch 52 : Training Loss: 10.3555660248, Validation Loss: 11.1603126526, Training R-squared: 0.5748745799, Validation R-squared: 0.5203654766
2023-11-22 23:36:18,340 - INFO - Epoch 53 : Training Loss: 10.3141803741, Validation Loss: 11.1760091782, Training R-squared: 0.5769664049, Validation R-squared: 0.5184704065
2023-11-22 23:36:23,207 - INFO - Epoch 54 : Training Loss: 10.2987623215, Validation Loss: 11.1571378708, Training R-squared: 0.5783563852, Validation R-squared: 0.5205702186
2023-11-22 23:36:28,180 - INFO - Epoch 55 : Training Loss: 10.2466630936, Validation Loss: 11.1314172745, Training R-squared: 0.5820058584, Validation R-squared: 0.5227824450
2023-11-22 23:36:33,088 - INFO - Epoch 56 : Training Loss: 10.2334518433, Validation Loss: 11.1200952530, Training R-squared: 0.5836026669, Validation R-squared: 0.5240380764
2023-11-22 23:36:37,576 - INFO - Epoch 57 : Training Loss: 10.2011661530, Validation Loss: 11.1401157379, Training R-squared: 0.5862215757, Validation R-squared: 0.5218927264
2023-11-22 23:36:41,572 - INFO - Epoch 58 : Training Loss: 10.1855716705, Validation Loss: 11.1276311874, Training R-squared: 0.5879822969, Validation R-squared: 0.5227134824
2023-11-22 23:36:45,978 - INFO - Epoch 59 : Training Loss: 10.1269159317, Validation Loss: 11.1135091782, Training R-squared: 0.5920778513, Validation R-squared: 0.5238117576
2023-11-22 23:36:50,185 - INFO - Epoch 60 : Training Loss: 10.1378154755, Validation Loss: 11.0865077972, Training R-squared: 0.5922173262, Validation R-squared: 0.5265052319
2023-11-22 23:36:54,407 - INFO - Epoch 61 : Training Loss: 10.1032609940, Validation Loss: 11.0590982437, Training R-squared: 0.5940615535, Validation R-squared: 0.5288704038
2023-11-22 23:36:59,017 - INFO - Epoch 62 : Training Loss: 10.0897893906, Validation Loss: 11.0617904663, Training R-squared: 0.5958142877, Validation R-squared: 0.5291764140
2023-11-22 23:37:02,998 - INFO - Epoch 63 : Training Loss: 10.0504264832, Validation Loss: 11.0619201660, Training R-squared: 0.5989598036, Validation R-squared: 0.5285869241
2023-11-22 23:37:07,316 - INFO - Epoch 64 : Training Loss: 10.0254745483, Validation Loss: 11.0693397522, Training R-squared: 0.6006538272, Validation R-squared: 0.5282594562
2023-11-22 23:37:11,820 - INFO - Epoch 65 : Training Loss: 10.0215148926, Validation Loss: 11.0304489136, Training R-squared: 0.6014561653, Validation R-squared: 0.5317164063
2023-11-22 23:37:16,238 - INFO - Epoch 66 : Training Loss: 9.9710226059, Validation Loss: 11.0448989868, Training R-squared: 0.6045866609, Validation R-squared: 0.5301533341
2023-11-22 23:37:20,964 - INFO - Epoch 67 : Training Loss: 9.9569206238, Validation Loss: 11.0522947311, Training R-squared: 0.6064357162, Validation R-squared: 0.5292947292
2023-11-22 23:37:26,039 - INFO - Epoch 68 : Training Loss: 9.9163064957, Validation Loss: 11.0102777481, Training R-squared: 0.6087405682, Validation R-squared: 0.5332875848
2023-11-22 23:37:30,737 - INFO - Epoch 69 : Training Loss: 9.9014186859, Validation Loss: 11.0345163345, Training R-squared: 0.6098466516, Validation R-squared: 0.5311635733
2023-11-22 23:37:36,500 - INFO - Epoch 70 : Training Loss: 9.8809099197, Validation Loss: 11.0198860168, Training R-squared: 0.6118887067, Validation R-squared: 0.5328277946
2023-11-22 23:37:42,081 - INFO - Epoch 71 : Training Loss: 9.8584814072, Validation Loss: 10.9958591461, Training R-squared: 0.6131890416, Validation R-squared: 0.5346106291
2023-11-22 23:37:47,954 - INFO - Epoch 72 : Training Loss: 9.8505887985, Validation Loss: 10.9988679886, Training R-squared: 0.6137844920, Validation R-squared: 0.5341423750
2023-11-22 23:37:53,372 - INFO - Epoch 73 : Training Loss: 9.8004474640, Validation Loss: 11.0569925308, Training R-squared: 0.6169273853, Validation R-squared: 0.5289257169
2023-11-22 23:37:58,666 - INFO - Epoch 74 : Training Loss: 9.7779254913, Validation Loss: 10.9753952026, Training R-squared: 0.6184917688, Validation R-squared: 0.5363351107
2023-11-22 23:38:04,621 - INFO - Epoch 75 : Training Loss: 9.7409524918, Validation Loss: 10.9857921600, Training R-squared: 0.6218135357, Validation R-squared: 0.5350964665
2023-11-22 23:38:09,813 - INFO - Epoch 76 : Training Loss: 9.7220878601, Validation Loss: 11.0130567551, Training R-squared: 0.6225225329, Validation R-squared: 0.5325925350
2023-11-22 23:38:14,998 - INFO - Epoch 77 : Training Loss: 9.7014102936, Validation Loss: 10.9550237656, Training R-squared: 0.6238101721, Validation R-squared: 0.5384465456
2023-11-22 23:38:20,594 - INFO - Epoch 78 : Training Loss: 9.6795024872, Validation Loss: 10.9598340988, Training R-squared: 0.6268274784, Validation R-squared: 0.5378133655
2023-11-22 23:38:25,188 - INFO - Epoch 79 : Training Loss: 9.6395492554, Validation Loss: 10.9591026306, Training R-squared: 0.6292583942, Validation R-squared: 0.5376581550
2023-11-22 23:38:30,160 - INFO - Epoch 80 : Training Loss: 9.6255340576, Validation Loss: 10.9437818527, Training R-squared: 0.6303073168, Validation R-squared: 0.5388873816
2023-11-22 23:38:35,171 - INFO - Epoch 81 : Training Loss: 9.6032171249, Validation Loss: 10.9341878891, Training R-squared: 0.6318663955, Validation R-squared: 0.5399208069
2023-11-22 23:38:39,874 - INFO - Epoch 82 : Training Loss: 9.5715675354, Validation Loss: 10.9179477692, Training R-squared: 0.6338921189, Validation R-squared: 0.5413959026
2023-11-22 23:38:44,869 - INFO - Epoch 83 : Training Loss: 9.5676956177, Validation Loss: 10.9814672470, Training R-squared: 0.6346250176, Validation R-squared: 0.5354163051
2023-11-22 23:38:49,447 - INFO - Epoch 84 : Training Loss: 9.5319557190, Validation Loss: 10.9608211517, Training R-squared: 0.6359177828, Validation R-squared: 0.5372768641
2023-11-22 23:38:54,318 - INFO - Epoch 85 : Training Loss: 9.5105342865, Validation Loss: 10.9545621872, Training R-squared: 0.6393276453, Validation R-squared: 0.5381254554
2023-11-22 23:39:00,398 - INFO - Epoch 86 : Training Loss: 9.4680109024, Validation Loss: 10.9310665131, Training R-squared: 0.6417877674, Validation R-squared: 0.5404319167
2023-11-22 23:39:06,242 - INFO - Epoch 87 : Training Loss: 9.4551305771, Validation Loss: 10.8976984024, Training R-squared: 0.6422624588, Validation R-squared: 0.5433982611
2023-11-22 23:39:11,699 - INFO - Epoch 88 : Training Loss: 9.4429101944, Validation Loss: 10.9223232269, Training R-squared: 0.6443774700, Validation R-squared: 0.5408817530
2023-11-22 23:39:16,912 - INFO - Epoch 89 : Training Loss: 9.4183645248, Validation Loss: 10.9016847610, Training R-squared: 0.6452696919, Validation R-squared: 0.5428326726
2023-11-22 23:39:22,200 - INFO - Epoch 90 : Training Loss: 9.3977394104, Validation Loss: 10.8617935181, Training R-squared: 0.6471533179, Validation R-squared: 0.5464940667
2023-11-22 23:39:27,596 - INFO - Epoch 91 : Training Loss: 9.3524465561, Validation Loss: 10.8600006104, Training R-squared: 0.6492052078, Validation R-squared: 0.5466106534
2023-11-22 23:39:32,368 - INFO - Epoch 92 : Training Loss: 9.3411531448, Validation Loss: 10.8619661331, Training R-squared: 0.6514803171, Validation R-squared: 0.5466240644
2023-11-22 23:39:36,975 - INFO - Epoch 93 : Training Loss: 9.3043060303, Validation Loss: 10.9460248947, Training R-squared: 0.6524373293, Validation R-squared: 0.5386777520
2023-11-22 23:39:41,952 - INFO - Epoch 94 : Training Loss: 9.2858800888, Validation Loss: 10.8699235916, Training R-squared: 0.6536231637, Validation R-squared: 0.5455703139
2023-11-22 23:39:46,492 - INFO - Epoch 95 : Training Loss: 9.2529010773, Validation Loss: 10.8826875687, Training R-squared: 0.6569658518, Validation R-squared: 0.5443198681
2023-11-22 23:39:51,398 - INFO - Epoch 96 : Training Loss: 9.2301578522, Validation Loss: 10.8988571167, Training R-squared: 0.6567621231, Validation R-squared: 0.5429307818
2023-11-22 23:40:03,846 - INFO - Model saved to models/portion_model/breakfast/512_512_200_64/sparsity_80_fold_5_model.keras
2023-11-22 23:40:09,470 - INFO - Avg Metrics: RMSE: 8.0688317750, R-squared: 0.0163178897, PCC: 0.7984573179
2023-11-22 23:40:09,471 - INFO - Agg Metrics: RMSE: 11.4537584467, R-squared: 0.5111930595, PCC: 0.7157572295
2023-11-22 23:40:20,462 - INFO - ================================================================== Results Summary ===================================================================
2023-11-22 23:40:20,462 - INFO - CrossVal Metrics (Avg.) - RMSE: 8.1288319468  0.1210011089, R2: -0.3589392901  0.1210011089, PCC: 0.7814601369  0.1210011089
2023-11-22 23:40:20,462 - INFO - Testing  Metrics (Avg.) - RMSE: 8.1609517113, R2: 0.0580492684, PCC: 0.7705752877
2023-11-22 23:40:20,463 - INFO - CrossVal Metrics (Agg.) - RMSE: 11.1807076327  0.1210011089, R2: 0.5198030515  0.1210011089, PCC: 0.7216201187  0.1210011089
2023-11-22 23:40:20,463 - INFO - Testing  Metrics (Agg.) - RMSE: 10.9064647091, R2: 0.5229428880, PCC: 0.7245326826
