2023-12-05 08:29:50,135 - INFO - Creating dataset...
2023-12-05 08:29:50,139 - INFO - File exists, loading discontinued ID mapping
2023-12-05 08:29:53,507 - INFO - Processed a total of 44440 breakfast meals, 41628 lunch meals, and 48389 dinner meals
2023-12-05 08:29:53,517 - INFO - Processed unique food codes: 6762
2023-12-05 08:29:53,567 - INFO - Preprocessing for meal type: breakfast
2023-12-05 08:29:53,569 - INFO - data/processed/meals/dataframes/breakfast_outliers_removed.pkl exists, using cached results.
2023-12-05 08:29:58,177 - INFO - data/processed/meals/dataframes/breakfast_bci_filtered.pkl exists, using cached results.
2023-12-05 08:30:02,677 - INFO - data/processed/meals/dataframes/breakfast_sparsity_filtered.pkl exists, using cached results.
2023-12-05 08:30:02,683 - INFO - Preprocessing for meal type: lunch
2023-12-05 08:30:02,684 - INFO - data/processed/meals/dataframes/lunch_outliers_removed.pkl exists, using cached results.
2023-12-05 08:30:08,633 - INFO - data/processed/meals/dataframes/lunch_bci_filtered.pkl exists, using cached results.
2023-12-05 08:30:28,465 - INFO - Training model at 0% sparse columns removed...
2023-12-05 08:30:38,886 - INFO - Training model at 5% sparse columns removed...
2023-12-05 08:30:50,937 - INFO - Training model at 10% sparse columns removed...
2023-12-05 08:30:59,468 - INFO - Training model at 15% sparse columns removed...
2023-12-05 08:31:11,512 - INFO - Training model at 20% sparse columns removed...
2023-12-05 08:31:19,048 - INFO - Training model at 25% sparse columns removed...
2023-12-05 08:31:33,198 - INFO - Training model at 30% sparse columns removed...
2023-12-05 08:31:39,764 - INFO - Training model at 35% sparse columns removed...
2023-12-05 08:31:45,496 - INFO - Training model at 40% sparse columns removed...
2023-12-05 08:31:57,351 - INFO - Training model at 45% sparse columns removed...
2023-12-05 08:32:01,894 - INFO - Training model at 50% sparse columns removed...
2023-12-05 08:32:06,042 - INFO - Training model at 55% sparse columns removed...
2023-12-05 08:32:09,957 - INFO - Training model at 60% sparse columns removed...
2023-12-05 08:32:13,537 - INFO - Training model at 65% sparse columns removed...
2023-12-05 08:32:16,439 - INFO - Training model at 70% sparse columns removed...
2023-12-05 08:32:19,486 - INFO - Training model at 75% sparse columns removed...
2023-12-05 08:32:21,622 - INFO - Training model at 80% sparse columns removed...
2023-12-05 08:32:23,592 - INFO - Training model at 85% sparse columns removed...
2023-12-05 08:32:24,886 - INFO - Training model at 90% sparse columns removed...
2023-12-05 08:32:25,904 - INFO - Training model at 95% sparse columns removed...
2023-12-05 08:32:26,073 - INFO - Visualizing and extracting ideal sparsity level...
2023-12-05 08:32:26,360 - INFO - Lunch intersection plot saved to results/portion_model/lunch/512_512_200_64/sparsity_visualization.svg
2023-12-05 08:32:27,654 - INFO - Sparsity filtered dataset has 19674 meals and 804 foods
2023-12-05 08:32:28,979 - INFO - Preprocessing for meal type: dinner
2023-12-05 08:32:28,981 - INFO - data/processed/meals/dataframes/dinner_outliers_removed.pkl exists, using cached results.
2023-12-05 08:32:53,123 - INFO - data/processed/meals/dataframes/dinner_bci_filtered.pkl exists, using cached results.
2023-12-05 08:33:23,351 - INFO - Training model at 0% sparse columns removed...
2023-12-05 08:33:36,061 - INFO - Training model at 5% sparse columns removed...
2023-12-05 08:33:56,154 - INFO - Training model at 10% sparse columns removed...
2023-12-05 08:34:09,438 - INFO - Training model at 15% sparse columns removed...
2023-12-05 08:34:24,875 - INFO - Training model at 20% sparse columns removed...
2023-12-05 08:34:37,122 - INFO - Training model at 25% sparse columns removed...
2023-12-05 08:34:46,339 - INFO - Training model at 30% sparse columns removed...
2023-12-05 08:35:00,140 - INFO - Training model at 35% sparse columns removed...
2023-12-05 08:35:07,202 - INFO - Training model at 40% sparse columns removed...
2023-12-05 08:35:13,896 - INFO - Training model at 45% sparse columns removed...
2023-12-05 08:35:19,714 - INFO - Training model at 50% sparse columns removed...
2023-12-05 08:35:25,116 - INFO - Training model at 55% sparse columns removed...
2023-12-05 08:35:34,284 - INFO - Training model at 60% sparse columns removed...
2023-12-05 08:35:38,347 - INFO - Training model at 65% sparse columns removed...
2023-12-05 08:35:42,085 - INFO - Training model at 70% sparse columns removed...
2023-12-05 08:35:45,058 - INFO - Training model at 75% sparse columns removed...
2023-12-05 08:35:48,099 - INFO - Training model at 80% sparse columns removed...
2023-12-05 08:35:50,187 - INFO - Training model at 85% sparse columns removed...
2023-12-05 08:35:52,343 - INFO - Training model at 90% sparse columns removed...
2023-12-05 08:35:54,310 - INFO - Training model at 95% sparse columns removed...
2023-12-05 08:35:54,368 - INFO - Visualizing and extracting ideal sparsity level...
2023-12-05 08:35:54,696 - INFO - Dinner intersection plot saved to results/portion_model/dinner/512_512_200_64/sparsity_visualization.svg
2023-12-05 08:35:55,873 - INFO - Sparsity filtered dataset has 19853 meals and 869 foods
2023-12-05 08:35:57,186 - INFO - ================================================================== Preprocessing Summary ===================================================================
2023-12-05 08:37:42,002 - INFO - +-------------------------+-----------------+-------------+--------------+--------------+-----------------+-------------+--------------+
2023-12-05 08:37:42,002 - INFO - |     Processing Step     | Breakfast Meals | Lunch Meals | Dinner Meals | Unique Foods | Breakfast Foods | Lunch Foods | Dinner Foods |
2023-12-05 08:37:42,002 - INFO - +-------------------------+-----------------+-------------+--------------+--------------+-----------------+-------------+--------------+
2023-12-05 08:37:42,003 - INFO - |           raw           |      44781      |    41958    |    48752     |     7679     |       4346      |     6063    |     6633     |
2023-12-05 08:37:42,003 - INFO - | food_codes_standardized |      44440      |    41628    |    48389     |     6599     |       3881      |     5361    |     5804     |
2023-12-05 08:37:42,003 - INFO - |     outliers_removed    |      44306      |    41503    |    48243     |     6599     |       3881      |     5361    |     5804     |
2023-12-05 08:37:42,003 - INFO - |       bci_filtered      |      44306      |    41503    |    48243     |     6591     |       3872      |     5356    |     5788     |
2023-12-05 08:37:42,003 - INFO - |    sparsity_filtered    |      25675      |    19674    |    19853     |     1210     |       388       |     804     |     869      |
2023-12-05 08:37:42,003 - INFO - +-------------------------+-----------------+-------------+--------------+--------------+-----------------+-------------+--------------+
