2023-12-04 16:43:41,873 - INFO - Training presence model...
2023-12-04 16:43:41,874 - INFO - Model parameters - 4 encoder layers of size [512, 256, 128, 64]
2023-12-04 16:43:41,874 - INFO - Model parameters - 4 decoder layers of size [64, 128, 256, 512]
2023-12-04 16:43:41,874 - INFO - Model parameters - Dropout rate: 0.1
2023-12-04 16:43:41,874 - INFO - Model parameters - Epochs: 200
2023-12-04 16:43:41,874 - INFO - Model parameters - Batch size: 64
2023-12-04 16:43:51,053 - INFO - ================================================================== Fold 1 ===================================================================
2023-12-04 16:43:57,149 - INFO - Epoch 1  : Training Loss:  23.3882064819, Validation Loss:  14.4635877609, Training KL Loss:   8.8459005356, Validation KL Loss:   5.5227847099
2023-12-04 16:43:59,580 - INFO - Epoch 2  : Training Loss:  13.8350038528, Validation Loss:  12.4902648926, Training KL Loss:  12.7336978912, Validation KL Loss:  23.7043781281
2023-12-04 16:44:02,158 - INFO - Epoch 3  : Training Loss:  12.0747470856, Validation Loss:  11.0705804825, Training KL Loss:  44.1900749207, Validation KL Loss:  61.0475082397
2023-12-04 16:44:04,586 - INFO - Epoch 4  : Training Loss:  10.7834577560, Validation Loss:   9.7620248795, Training KL Loss:  86.5459289551, Validation KL Loss: 103.0559005737
2023-12-04 16:44:07,275 - INFO - Epoch 5  : Training Loss:   9.6119079590, Validation Loss:   8.9090366364, Training KL Loss: 121.4994583130, Validation KL Loss: 127.4387054443
2023-12-04 16:44:09,816 - INFO - Epoch 6  : Training Loss:   8.8192710876, Validation Loss:   8.1171340942, Training KL Loss: 150.8783111572, Validation KL Loss: 154.0436096191
2023-12-04 16:44:12,510 - INFO - Epoch 7  : Training Loss:   8.1150417328, Validation Loss:   7.5826487541, Training KL Loss: 179.9653930664, Validation KL Loss: 190.6008148193
2023-12-04 16:44:14,930 - INFO - Epoch 8  : Training Loss:   7.5940685272, Validation Loss:   7.1759963036, Training KL Loss: 214.4403533936, Validation KL Loss: 213.5285339355
2023-12-04 16:44:17,722 - INFO - Epoch 9  : Training Loss:   7.2201867104, Validation Loss:   6.9364943504, Training KL Loss: 252.1265258789, Validation KL Loss: 255.6262359619
2023-12-04 16:44:20,234 - INFO - Epoch 10 : Training Loss:   6.9072570801, Validation Loss:   6.7550306320, Training KL Loss: 288.9513244629, Validation KL Loss: 293.5482482910
2023-12-04 16:44:22,771 - INFO - Epoch 11 : Training Loss:   6.6720967293, Validation Loss:   6.5800347328, Training KL Loss: 319.9836425781, Validation KL Loss: 309.0610351562
2023-12-04 16:44:25,762 - INFO - Epoch 12 : Training Loss:   6.4506707191, Validation Loss:   6.4302358627, Training KL Loss: 357.3874816895, Validation KL Loss: 330.2138366699
2023-12-04 16:44:28,362 - INFO - Epoch 13 : Training Loss:   6.2870144844, Validation Loss:   6.3656439781, Training KL Loss: 382.6147460938, Validation KL Loss: 363.0514221191
2023-12-04 16:44:30,827 - INFO - Epoch 14 : Training Loss:   6.0889673233, Validation Loss:   6.2546806335, Training KL Loss: 420.6506042480, Validation KL Loss: 410.1393432617
2023-12-04 16:44:33,433 - INFO - Epoch 15 : Training Loss:   5.9591746330, Validation Loss:   6.1435017586, Training KL Loss: 439.8390502930, Validation KL Loss: 405.1492309570
2023-12-04 16:44:36,315 - INFO - Epoch 16 : Training Loss:   5.8031554222, Validation Loss:   6.1732282639, Training KL Loss: 451.6887817383, Validation KL Loss: 425.4605102539
2023-12-04 16:44:38,888 - INFO - Epoch 17 : Training Loss:   6.7339625359, Validation Loss:   6.5858230591, Training KL Loss:  68.0421905518, Validation KL Loss:  43.7566833496
2023-12-04 16:44:41,280 - INFO - Epoch 18 : Training Loss:   6.6612901688, Validation Loss:   6.7253017426, Training KL Loss:  33.5498352051, Validation KL Loss:  28.6367492676
2023-12-04 16:44:43,749 - INFO - Epoch 19 : Training Loss:   6.7131905556, Validation Loss:   6.8528871536, Training KL Loss:  25.4304447174, Validation KL Loss:  22.5816040039
2023-12-04 16:44:46,232 - INFO - Epoch 20 : Training Loss:   6.7780909538, Validation Loss:   6.9228610992, Training KL Loss:  21.7340507507, Validation KL Loss:  19.4037437439
2023-12-04 16:44:48,664 - INFO - Epoch 21 : Training Loss:   6.8330650330, Validation Loss:   6.9999556541, Training KL Loss:  19.2049732208, Validation KL Loss:  17.1164550781
2023-12-04 16:44:51,037 - INFO - Epoch 22 : Training Loss:   6.8665423393, Validation Loss:   7.1071348190, Training KL Loss:  17.4410438538, Validation KL Loss:  15.0168762207
2023-12-04 16:44:53,496 - INFO - Epoch 23 : Training Loss:   6.9336547852, Validation Loss:   7.1503105164, Training KL Loss:  16.1146602631, Validation KL Loss:  14.2072944641
2023-12-04 16:44:55,865 - INFO - Epoch 24 : Training Loss:   6.9439411163, Validation Loss:   7.2542071342, Training KL Loss:  15.0078973770, Validation KL Loss:  13.6390180588
2023-12-04 16:44:58,319 - INFO - Epoch 25 : Training Loss:   7.0178503990, Validation Loss:   7.3615498543, Training KL Loss:  14.1062116623, Validation KL Loss:  12.7697849274
2023-12-04 16:45:00,712 - INFO - Epoch 26 : Training Loss:   7.0478687286, Validation Loss:   7.4565782547, Training KL Loss:  13.3688468933, Validation KL Loss:  12.0048265457
2023-12-04 16:45:03,201 - INFO - Epoch 27 : Training Loss:   7.0347089767, Validation Loss:   7.4905438423, Training KL Loss:  12.5695219040, Validation KL Loss:  11.3995227814
2023-12-04 16:45:05,590 - INFO - Epoch 28 : Training Loss:   7.0845079422, Validation Loss:   7.5577669144, Training KL Loss:  12.1270494461, Validation KL Loss:  11.1312303543
2023-12-04 16:45:08,033 - INFO - Epoch 29 : Training Loss:   7.1209583282, Validation Loss:   7.5440392494, Training KL Loss:  11.6929483414, Validation KL Loss:  10.1977224350
2023-12-04 16:45:10,372 - INFO - Epoch 30 : Training Loss:   7.1290974617, Validation Loss:   7.6744308472, Training KL Loss:  11.1488046646, Validation KL Loss:  10.3279333115
2023-12-04 16:45:12,816 - INFO - Epoch 31 : Training Loss:   7.1503186226, Validation Loss:   7.6520061493, Training KL Loss:  10.7647676468, Validation KL Loss:   9.9833688736
2023-12-04 16:45:15,135 - INFO - Epoch 32 : Training Loss:   7.1868419647, Validation Loss:   7.7388439178, Training KL Loss:  10.4645433426, Validation KL Loss:   9.5215368271
2023-12-04 16:45:17,627 - INFO - Epoch 33 : Training Loss:   7.1970582008, Validation Loss:   7.7745738029, Training KL Loss:  10.1104583740, Validation KL Loss:   9.2558994293
2023-12-04 16:45:19,897 - INFO - Epoch 34 : Training Loss:   7.2339501381, Validation Loss:   7.8811397552, Training KL Loss:   9.8304967880, Validation KL Loss:   9.0831203461
2023-12-04 16:45:22,439 - INFO - Epoch 35 : Training Loss:   7.2454428673, Validation Loss:   7.9243397713, Training KL Loss:   9.5883569717, Validation KL Loss:   8.5726099014
2023-12-04 16:45:24,815 - INFO - Epoch 36 : Training Loss:   7.3038682938, Validation Loss:   7.9963059425, Training KL Loss:   9.3594551086, Validation KL Loss:   8.4155559540
2023-12-04 16:45:27,411 - INFO - Epoch 37 : Training Loss:   7.3344373703, Validation Loss:   8.0663223267, Training KL Loss:   9.1576318741, Validation KL Loss:   8.3607263565
2023-12-04 16:45:29,763 - INFO - Epoch 38 : Training Loss:   7.3751912117, Validation Loss:   8.1085557938, Training KL Loss:   8.9470281601, Validation KL Loss:   8.1055097580
2023-12-04 16:45:32,258 - INFO - Epoch 39 : Training Loss:   7.3982129097, Validation Loss:   8.1730279922, Training KL Loss:   8.7375926971, Validation KL Loss:   8.3329286575
2023-12-04 16:45:34,680 - INFO - Epoch 40 : Training Loss:   7.4129748344, Validation Loss:   8.2307052612, Training KL Loss:   8.5478458405, Validation KL Loss:   7.9593534470
2023-12-04 16:45:37,259 - INFO - Epoch 41 : Training Loss:   7.4558424950, Validation Loss:   8.2973518372, Training KL Loss:   8.3778123856, Validation KL Loss:   7.7017798424
2023-12-04 16:45:39,965 - INFO - Epoch 42 : Training Loss:   7.4682364464, Validation Loss:   8.3700370789, Training KL Loss:   8.2279062271, Validation KL Loss:   7.4226999283
2023-12-04 16:45:42,473 - INFO - Epoch 43 : Training Loss:   7.5100340843, Validation Loss:   8.3967790604, Training KL Loss:   8.0679216385, Validation KL Loss:   7.3975148201
2023-12-04 16:45:44,817 - INFO - Epoch 44 : Training Loss:   7.5407485962, Validation Loss:   8.4889755249, Training KL Loss:   7.9118394852, Validation KL Loss:   7.2291579247
2023-12-04 16:45:47,492 - INFO - Epoch 45 : Training Loss:   7.5254049301, Validation Loss:   8.5348339081, Training KL Loss:   7.8082370758, Validation KL Loss:   7.3166041374
2023-12-04 16:45:49,963 - INFO - Epoch 46 : Training Loss:   7.5885400772, Validation Loss:   8.5829372406, Training KL Loss:   7.6735234261, Validation KL Loss:   7.0523543358
2023-12-04 16:45:52,682 - INFO - Epoch 47 : Training Loss:   7.6439909935, Validation Loss:   8.6480503082, Training KL Loss:   7.5309824944, Validation KL Loss:   6.9791588783
2023-12-04 16:45:55,015 - INFO - Epoch 48 : Training Loss:   7.6668395996, Validation Loss:   8.6908817291, Training KL Loss:   7.4390377998, Validation KL Loss:   6.8214936256
2023-12-04 16:45:57,947 - INFO - Epoch 49 : Training Loss:   7.7506728172, Validation Loss:   8.8646039963, Training KL Loss:   7.3670496941, Validation KL Loss:   6.8541874886
2023-12-04 16:46:00,674 - INFO - Epoch 50 : Training Loss:   7.7856397629, Validation Loss:   8.8436851501, Training KL Loss:   7.2626509666, Validation KL Loss:   6.7981410027
2023-12-04 16:46:03,760 - INFO - Epoch 51 : Training Loss:   7.8264102936, Validation Loss:   8.9073724747, Training KL Loss:   7.1451954842, Validation KL Loss:   6.4528613091
2023-12-04 16:46:06,359 - INFO - Epoch 52 : Training Loss:   7.8465261459, Validation Loss:   8.9612684250, Training KL Loss:   7.0527744293, Validation KL Loss:   6.5834922791
2023-12-04 16:46:09,132 - INFO - Epoch 53 : Training Loss:   7.8937134743, Validation Loss:   9.0480527878, Training KL Loss:   6.9446153641, Validation KL Loss:   6.3181500435
2023-12-04 16:46:11,527 - INFO - Epoch 54 : Training Loss:   7.9412312508, Validation Loss:   9.0831451416, Training KL Loss:   6.9059066772, Validation KL Loss:   6.4109406471
2023-12-04 16:46:14,115 - INFO - Epoch 55 : Training Loss:   7.9922304153, Validation Loss:   9.1278781891, Training KL Loss:   6.8170189857, Validation KL Loss:   6.1762123108
2023-12-04 16:46:16,530 - INFO - Epoch 56 : Training Loss:   8.0079097748, Validation Loss:   9.2247858047, Training KL Loss:   6.7275619507, Validation KL Loss:   6.3551030159
2023-12-04 16:46:19,171 - INFO - Epoch 57 : Training Loss:   8.0594530106, Validation Loss:   9.2611808777, Training KL Loss:   6.6563105583, Validation KL Loss:   6.0956463814
2023-12-04 16:46:22,008 - INFO - Epoch 58 : Training Loss:   8.1112957001, Validation Loss:   9.3665828705, Training KL Loss:   6.5448641777, Validation KL Loss:   6.0537776947
2023-12-04 16:46:24,528 - INFO - Epoch 59 : Training Loss:   8.1866903305, Validation Loss:   9.3204746246, Training KL Loss:   6.5293140411, Validation KL Loss:   6.0672483444
2023-12-04 16:46:27,031 - INFO - Epoch 60 : Training Loss:   8.1934461594, Validation Loss:   9.3413982391, Training KL Loss:   6.4516773224, Validation KL Loss:   5.7504124641
2023-12-04 16:46:29,601 - INFO - Epoch 61 : Training Loss:   8.2166881561, Validation Loss:   9.4941091537, Training KL Loss:   6.3178052902, Validation KL Loss:   5.9538168907
2023-12-04 16:46:32,673 - INFO - Epoch 62 : Training Loss:   8.3083038330, Validation Loss:   9.5280466080, Training KL Loss:   6.2913370132, Validation KL Loss:   5.7948808670
2023-12-04 16:46:35,467 - INFO - Epoch 63 : Training Loss:   8.3377714157, Validation Loss:   9.5980072021, Training KL Loss:   6.1883473396, Validation KL Loss:   5.5613899231
2023-12-04 16:46:38,189 - INFO - Epoch 64 : Training Loss:   8.3898677826, Validation Loss:   9.6347036362, Training KL Loss:   6.1552143097, Validation KL Loss:   5.6866397858
2023-12-04 16:46:40,703 - INFO - Epoch 65 : Training Loss:   8.4348468781, Validation Loss:   9.7537212372, Training KL Loss:   6.0596437454, Validation KL Loss:   5.5355525017
2023-12-04 16:46:43,220 - INFO - Epoch 66 : Training Loss:   8.4588527679, Validation Loss:   9.7707004547, Training KL Loss:   6.0343923569, Validation KL Loss:   5.5397691727
2023-12-04 16:46:45,655 - INFO - Epoch 67 : Training Loss:   8.4927120209, Validation Loss:   9.8719167709, Training KL Loss:   5.9460668564, Validation KL Loss:   5.7032628059
2023-12-04 16:46:48,232 - INFO - Epoch 68 : Training Loss:   8.5501899719, Validation Loss:   9.8432922363, Training KL Loss:   5.9227695465, Validation KL Loss:   5.3292522430
2023-12-04 16:46:50,774 - INFO - Epoch 69 : Training Loss:   8.6289157867, Validation Loss:   9.8597621918, Training KL Loss:   5.8438038826, Validation KL Loss:   5.3684282303
2023-12-04 16:46:53,340 - INFO - Epoch 70 : Training Loss:   8.6441001892, Validation Loss:   9.9786729813, Training KL Loss:   5.7647666931, Validation KL Loss:   5.4542288780
2023-12-04 16:46:55,820 - INFO - Epoch 71 : Training Loss:   8.6781377792, Validation Loss:   9.9388208389, Training KL Loss:   5.7375230789, Validation KL Loss:   5.2354130745
2023-12-04 16:46:58,426 - INFO - Epoch 72 : Training Loss:   8.7316141129, Validation Loss:  10.0303802490, Training KL Loss:   5.7040686607, Validation KL Loss:   5.1610717773
2023-12-04 16:47:00,986 - INFO - Epoch 73 : Training Loss:   8.7686195374, Validation Loss:  10.0807609558, Training KL Loss:   5.6267018318, Validation KL Loss:   5.0727567673
2023-12-04 16:47:03,793 - INFO - Epoch 74 : Training Loss:   8.7870149612, Validation Loss:  10.1793603897, Training KL Loss:   5.5475096703, Validation KL Loss:   4.9666242599
2023-12-04 16:47:06,531 - INFO - Epoch 75 : Training Loss:   8.8874168396, Validation Loss:  10.2485485077, Training KL Loss:   5.5199069977, Validation KL Loss:   5.0716896057
2023-12-04 16:47:09,428 - INFO - Epoch 76 : Training Loss:   8.9134435654, Validation Loss:  10.2831449509, Training KL Loss:   5.4636960030, Validation KL Loss:   5.1066198349
2023-12-04 16:47:12,643 - INFO - Epoch 77 : Training Loss:   8.9778842926, Validation Loss:  10.2798767090, Training KL Loss:   5.4400358200, Validation KL Loss:   5.0172142982
2023-12-04 16:47:15,261 - INFO - Epoch 78 : Training Loss:   8.9656419754, Validation Loss:  10.3958950043, Training KL Loss:   5.3345923424, Validation KL Loss:   4.8721451759
2023-12-04 16:47:18,504 - INFO - Epoch 79 : Training Loss:   8.9797286987, Validation Loss:  10.4430046082, Training KL Loss:   5.3093705177, Validation KL Loss:   4.8308253288
2023-12-04 16:47:21,539 - INFO - Epoch 80 : Training Loss:   9.0585565567, Validation Loss:  10.4616365433, Training KL Loss:   5.2210779190, Validation KL Loss:   4.7585568428
2023-12-04 16:47:25,148 - INFO - Epoch 81 : Training Loss:   9.0934867859, Validation Loss:  10.4627666473, Training KL Loss:   5.2084150314, Validation KL Loss:   4.7861151695
2023-12-04 16:47:27,790 - INFO - Epoch 82 : Training Loss:   9.1559953690, Validation Loss:  10.4941844940, Training KL Loss:   5.1452288628, Validation KL Loss:   4.7242045403
2023-12-04 16:47:30,269 - INFO - Epoch 83 : Training Loss:   9.2105579376, Validation Loss:  10.6244001389, Training KL Loss:   5.1355967522, Validation KL Loss:   4.6812705994
2023-12-04 16:47:32,950 - INFO - Epoch 84 : Training Loss:   9.2166395187, Validation Loss:  10.6535043716, Training KL Loss:   5.0508394241, Validation KL Loss:   4.5594501495
2023-12-04 16:47:35,436 - INFO - Epoch 85 : Training Loss:   9.3172321320, Validation Loss:  10.6280889511, Training KL Loss:   5.0479116440, Validation KL Loss:   4.5933170319
2023-12-04 16:47:38,057 - INFO - Epoch 86 : Training Loss:   9.3033065796, Validation Loss:  10.7423686981, Training KL Loss:   4.9934597015, Validation KL Loss:   4.5139231682
2023-12-04 16:47:40,460 - INFO - Epoch 87 : Training Loss:   9.3403987885, Validation Loss:  10.7314891815, Training KL Loss:   4.9588899612, Validation KL Loss:   4.5333666801
2023-12-04 16:47:43,154 - INFO - Epoch 88 : Training Loss:   9.3808698654, Validation Loss:  10.8467330933, Training KL Loss:   4.8875484467, Validation KL Loss:   4.5526671410
2023-12-04 16:47:45,876 - INFO - Epoch 89 : Training Loss:   9.4157161713, Validation Loss:  10.8447608948, Training KL Loss:   4.8551783562, Validation KL Loss:   4.3004269600
2023-12-04 16:47:48,743 - INFO - Epoch 90 : Training Loss:   9.4597597122, Validation Loss:  10.8401975632, Training KL Loss:   4.7906570435, Validation KL Loss:   4.3507719040
2023-12-04 16:47:51,295 - INFO - Epoch 91 : Training Loss:   9.4799852371, Validation Loss:  10.9631948471, Training KL Loss:   4.7603664398, Validation KL Loss:   4.2439012527
2023-12-04 16:47:53,923 - INFO - Epoch 92 : Training Loss:   9.5824756622, Validation Loss:  11.0231943130, Training KL Loss:   4.7574529648, Validation KL Loss:   4.4304342270
2023-12-04 16:47:56,342 - INFO - Epoch 93 : Training Loss:   9.5866403580, Validation Loss:  10.9685230255, Training KL Loss:   4.6996450424, Validation KL Loss:   4.2654461861
2023-12-04 16:47:59,009 - INFO - Epoch 94 : Training Loss:   9.6640300751, Validation Loss:  10.9925947189, Training KL Loss:   4.6397423744, Validation KL Loss:   4.2610182762
2023-12-04 16:48:01,425 - INFO - Epoch 95 : Training Loss:   9.6570262909, Validation Loss:  10.9853162766, Training KL Loss:   4.6224780083, Validation KL Loss:   4.2022891045
2023-12-04 16:48:04,142 - INFO - Epoch 96 : Training Loss:   9.6925573349, Validation Loss:  11.0883054733, Training KL Loss:   4.5794329643, Validation KL Loss:   4.1597719193
2023-12-04 16:48:06,537 - INFO - Epoch 97 : Training Loss:   9.7733030319, Validation Loss:  11.1144809723, Training KL Loss:   4.5523023605, Validation KL Loss:   4.2768068314
2023-12-04 16:48:09,185 - INFO - Epoch 98 : Training Loss:   9.7671594620, Validation Loss:  11.1946887970, Training KL Loss:   4.4946737289, Validation KL Loss:   4.0688257217
2023-12-04 16:48:11,579 - INFO - Epoch 99 : Training Loss:   9.8403911591, Validation Loss:  11.2001266479, Training KL Loss:   4.4588241577, Validation KL Loss:   3.9821655750
2023-12-04 16:48:14,161 - INFO - Epoch 100: Training Loss:   9.8835821152, Validation Loss:  11.2625122070, Training KL Loss:   4.4028129578, Validation KL Loss:   3.9596748352
2023-12-04 16:48:16,521 - INFO - Epoch 101: Training Loss:   9.9514455795, Validation Loss:  11.2213335037, Training KL Loss:   4.3928208351, Validation KL Loss:   3.9860372543
2023-12-04 16:48:19,030 - INFO - Epoch 102: Training Loss:   9.9327402115, Validation Loss:  11.2509307861, Training KL Loss:   4.3490390778, Validation KL Loss:   3.9027340412
2023-12-04 16:48:21,456 - INFO - Epoch 103: Training Loss:  10.0048990250, Validation Loss:  11.3200674057, Training KL Loss:   4.3297805786, Validation KL Loss:   3.9470360279
2023-12-04 16:48:24,002 - INFO - Epoch 104: Training Loss:  10.0189838409, Validation Loss:  11.3634958267, Training KL Loss:   4.2818717957, Validation KL Loss:   3.8870780468
2023-12-04 16:48:26,508 - INFO - Epoch 105: Training Loss:  10.0388717651, Validation Loss:  11.4250335693, Training KL Loss:   4.2745432854, Validation KL Loss:   3.7832491398
2023-12-04 16:48:29,048 - INFO - Epoch 106: Training Loss:  10.0902242661, Validation Loss:  11.4579725266, Training KL Loss:   4.2184686661, Validation KL Loss:   3.7098009586
2023-12-04 16:48:31,536 - INFO - Epoch 107: Training Loss:  10.1457176208, Validation Loss:  11.4542789459, Training KL Loss:   4.1836037636, Validation KL Loss:   3.8265540600
2023-12-04 16:48:34,006 - INFO - Epoch 108: Training Loss:  10.1611909866, Validation Loss:  11.5725345612, Training KL Loss:   4.1436662674, Validation KL Loss:   3.7891726494
2023-12-04 16:48:36,529 - INFO - Epoch 109: Training Loss:  10.2347688675, Validation Loss:  11.5162410736, Training KL Loss:   4.1142935753, Validation KL Loss:   3.7924005985
2023-12-04 16:48:39,077 - INFO - Epoch 110: Training Loss:  10.2826271057, Validation Loss:  11.6025114059, Training KL Loss:   4.1023125648, Validation KL Loss:   3.6531507969
2023-12-04 16:48:41,580 - INFO - Epoch 111: Training Loss:  10.2578105927, Validation Loss:  11.5424461365, Training KL Loss:   4.0327315331, Validation KL Loss:   3.7226727009
2023-12-04 16:48:44,051 - INFO - Epoch 112: Training Loss:  10.3348760605, Validation Loss:  11.5562925339, Training KL Loss:   4.0071620941, Validation KL Loss:   3.5542485714
2023-12-04 16:48:46,504 - INFO - Epoch 113: Training Loss:  10.3694791794, Validation Loss:  11.6915998459, Training KL Loss:   4.0023159981, Validation KL Loss:   3.4628226757
2023-12-04 16:48:49,008 - INFO - Epoch 114: Training Loss:  10.4318475723, Validation Loss:  11.7026100159, Training KL Loss:   3.9608283043, Validation KL Loss:   3.4908421040
2023-12-04 16:48:51,370 - INFO - Epoch 115: Training Loss:  10.4512252808, Validation Loss:  11.7021703720, Training KL Loss:   3.8976848125, Validation KL Loss:   3.4576492310
2023-12-04 16:49:01,348 - INFO - Fold 0 Metrics (Macro) - Precision: 0.4079458398, Recall: 0.1463946567, F1: 0.1958634300, Roc_auc: 0.0000000000, Auprc: 0.0000000000
2023-12-04 16:49:01,349 - INFO - Fold 0 Metrics (Micro) - Precision: 0.8149826713, Recall: 0.4432683245, F1: 0.5742193003, Roc_auc: 0.9655885976, Auprc: 0.6182400737
2023-12-04 16:49:01,572 - INFO - Model saved to models/presence_model/breakfast/0.001_20_200_64/model.keras
2023-12-04 16:49:07,008 - INFO - ================================================================== Fold 2 ===================================================================
2023-12-04 16:49:13,358 - INFO - Epoch 1  : Training Loss:  24.4249038696, Validation Loss:  15.4227895737, Training KL Loss:   1.8409258127, Validation KL Loss:   0.4787004292
2023-12-04 16:49:16,058 - INFO - Epoch 2  : Training Loss:  14.5704956055, Validation Loss:  13.6881313324, Training KL Loss:   5.2452974319, Validation KL Loss:  12.8335618973
2023-12-04 16:49:18,947 - INFO - Epoch 3  : Training Loss:  12.7853097916, Validation Loss:  11.8541212082, Training KL Loss:  33.1064224243, Validation KL Loss:  56.4983901978
2023-12-04 16:49:21,313 - INFO - Epoch 4  : Training Loss:  11.4688863754, Validation Loss:  10.7012834549, Training KL Loss:  78.3959121704, Validation KL Loss:  89.8438415527
2023-12-04 16:49:24,046 - INFO - Epoch 5  : Training Loss:  10.2878704071, Validation Loss:   9.5906562805, Training KL Loss: 102.5464019775, Validation KL Loss: 119.7398834229
2023-12-04 16:49:26,393 - INFO - Epoch 6  : Training Loss:   9.3595161438, Validation Loss:   8.8854494095, Training KL Loss: 135.2464599609, Validation KL Loss: 148.1287994385
2023-12-04 16:49:29,064 - INFO - Epoch 7  : Training Loss:   8.7750978470, Validation Loss:   8.3393907547, Training KL Loss: 166.0335083008, Validation KL Loss: 173.8833923340
2023-12-04 16:49:31,530 - INFO - Epoch 8  : Training Loss:   8.2083730698, Validation Loss:   7.8457503319, Training KL Loss: 184.0013122559, Validation KL Loss: 178.6039733887
2023-12-04 16:49:34,231 - INFO - Epoch 9  : Training Loss:   7.7211818695, Validation Loss:   7.4263806343, Training KL Loss: 202.6750946045, Validation KL Loss: 205.1662445068
2023-12-04 16:49:36,675 - INFO - Epoch 10 : Training Loss:   7.3033041954, Validation Loss:   7.0827407837, Training KL Loss: 234.6519775391, Validation KL Loss: 234.9304809570
2023-12-04 16:49:40,009 - INFO - Epoch 11 : Training Loss:   6.9677009583, Validation Loss:   6.9572906494, Training KL Loss: 267.0775756836, Validation KL Loss: 266.1348266602
2023-12-04 16:49:42,928 - INFO - Epoch 12 : Training Loss:   6.7126717567, Validation Loss:   6.6444783211, Training KL Loss: 295.8309020996, Validation KL Loss: 291.9895629883
2023-12-04 16:49:45,849 - INFO - Epoch 13 : Training Loss:   6.4988179207, Validation Loss:   6.6008982658, Training KL Loss: 324.9300537109, Validation KL Loss: 310.4974365234
2023-12-04 16:49:49,023 - INFO - Epoch 14 : Training Loss:   6.2738714218, Validation Loss:   6.3627700806, Training KL Loss: 350.4828186035, Validation KL Loss: 350.9317932129
2023-12-04 16:49:51,663 - INFO - Epoch 15 : Training Loss:   6.1324601173, Validation Loss:   6.2682394981, Training KL Loss: 379.1233520508, Validation KL Loss: 354.1125793457
2023-12-04 16:49:54,342 - INFO - Epoch 16 : Training Loss:   5.9261889458, Validation Loss:   6.1037936211, Training KL Loss: 388.1993408203, Validation KL Loss: 376.4053955078
2023-12-04 16:49:56,872 - INFO - Epoch 17 : Training Loss:   6.7551164627, Validation Loss:   6.7746129036, Training KL Loss:  64.7904205322, Validation KL Loss:  42.8311233521
2023-12-04 16:49:59,564 - INFO - Epoch 18 : Training Loss:   6.7127223015, Validation Loss:   6.8562078476, Training KL Loss:  33.0070877075, Validation KL Loss:  29.2098331451
