2024-04-30 14:24:42,002 - INFO - Dataset reduced to 39436 meals and 3750 foods
2024-04-30 14:24:42,002 - INFO - Model parameters - 4 encoder layers of size [512, 256, 128, 64]
2024-04-30 14:24:42,003 - INFO - Model parameters - 4 decoder layers of size [64, 128, 256, 512]
2024-04-30 14:24:42,003 - INFO - Model parameters - Dropout rate: 0.1
2024-04-30 14:24:42,003 - INFO - Model parameters - Epochs: 200
2024-04-30 14:24:42,003 - INFO - Model parameters - Batch size: 64
2024-04-30 14:24:49,912 - INFO - Model parameters - 4 encoder layers of size [512, 256, 128, 64]
2024-04-30 14:24:49,912 - INFO - Model parameters - 4 decoder layers of size [64, 128, 256, 512]
2024-04-30 14:24:49,912 - INFO - Model parameters - Dropout rate: 0.1
2024-04-30 14:24:49,912 - INFO - Model parameters - Epochs: 200
2024-04-30 14:24:49,912 - INFO - Model parameters - Batch size: 64
2024-04-30 14:25:20,013 - INFO - ================================================================== Fold 1 ===================================================================
2024-04-30 14:25:52,628 - INFO - Epoch 1  : Training Loss:  82.1463775635, Validation Loss:  27.1555385590, Training KL Loss:   1.3099792004, Validation KL Loss:   3.2959315777
2024-04-30 14:26:13,961 - INFO - Epoch 2  : Training Loss:  26.5929012299, Validation Loss:  25.9158611298, Training KL Loss:  10.3172407150, Validation KL Loss:  17.0077266693
2024-04-30 14:26:34,921 - INFO - Epoch 3  : Training Loss:  25.1704139709, Validation Loss:  24.3852233887, Training KL Loss:  26.0663108826, Validation KL Loss:  38.6490554810
2024-04-30 14:26:55,747 - INFO - Epoch 4  : Training Loss:  24.0105133057, Validation Loss:  23.3698043823, Training KL Loss:  52.4250831604, Validation KL Loss:  66.4888610840
2024-04-30 14:27:16,592 - INFO - Epoch 5  : Training Loss:  22.6234207153, Validation Loss:  22.0030574799, Training KL Loss:  78.9455566406, Validation KL Loss:  87.3338394165
2024-04-30 14:27:37,704 - INFO - Epoch 6  : Training Loss:  21.2982616425, Validation Loss:  20.6570720673, Training KL Loss:  96.6548690796, Validation KL Loss:  97.6480865479
2024-04-30 14:27:58,988 - INFO - Epoch 7  : Training Loss:  19.9298381805, Validation Loss:  19.6002597809, Training KL Loss: 121.5235671997, Validation KL Loss: 120.9440689087
2024-04-30 14:28:19,962 - INFO - Epoch 8  : Training Loss:  18.9185314178, Validation Loss:  18.8945693970, Training KL Loss: 145.7036437988, Validation KL Loss: 150.8749389648
2024-04-30 14:28:40,981 - INFO - Epoch 9  : Training Loss:  18.0471153259, Validation Loss:  18.1853179932, Training KL Loss: 168.3545837402, Validation KL Loss: 168.5060729980
2024-04-30 14:29:02,010 - INFO - Epoch 10 : Training Loss:  17.2419376373, Validation Loss:  17.6892814636, Training KL Loss: 188.1886749268, Validation KL Loss: 182.9428100586
2024-04-30 14:29:23,014 - INFO - Epoch 11 : Training Loss:  16.6108474731, Validation Loss:  17.4272232056, Training KL Loss: 211.1658782959, Validation KL Loss: 195.7109222412
2024-04-30 14:29:44,331 - INFO - Epoch 12 : Training Loss:  16.0974922180, Validation Loss:  17.2667045593, Training KL Loss: 236.2054443359, Validation KL Loss: 216.7040252686
2024-04-30 14:30:05,302 - INFO - Epoch 13 : Training Loss:  15.6515779495, Validation Loss:  17.1528835297, Training KL Loss: 262.2233276367, Validation KL Loss: 251.0176391602
2024-04-30 14:30:26,739 - INFO - Epoch 14 : Training Loss:  15.2582340240, Validation Loss:  17.2067298889, Training KL Loss: 287.3173522949, Validation KL Loss: 266.5078430176
2024-04-30 14:30:49,534 - INFO - Epoch 15 : Training Loss:  14.8651294708, Validation Loss:  16.9650516510, Training KL Loss: 314.2637939453, Validation KL Loss: 279.5486145020
2024-04-30 14:31:10,930 - INFO - Epoch 16 : Training Loss:  14.4636850357, Validation Loss:  16.8117580414, Training KL Loss: 341.5924072266, Validation KL Loss: 312.0397949219
2024-04-30 14:31:33,586 - INFO - Epoch 17 : Training Loss:  15.0284986496, Validation Loss:  17.3188724518, Training KL Loss:  62.2357444763, Validation KL Loss:  42.1940498352
2024-04-30 14:31:54,556 - INFO - Epoch 18 : Training Loss:  14.8659906387, Validation Loss:  17.4368610382, Training KL Loss:  34.3571929932, Validation KL Loss:  28.2836685181
2024-04-30 14:32:15,580 - INFO - Epoch 19 : Training Loss:  14.7647886276, Validation Loss:  17.7370128632, Training KL Loss:  27.3676052094, Validation KL Loss:  24.4381122589
2024-04-30 14:32:36,409 - INFO - Epoch 20 : Training Loss:  14.7102479935, Validation Loss:  17.9070358276, Training KL Loss:  23.6303024292, Validation KL Loss:  20.7974929810
2024-04-30 14:32:57,243 - INFO - Epoch 21 : Training Loss:  14.6341981888, Validation Loss:  18.0849514008, Training KL Loss:  21.1969890594, Validation KL Loss:  18.8405437469
2024-04-30 14:33:25,818 - INFO - Epoch 22 : Training Loss:  14.5565414429, Validation Loss:  18.2098846436, Training KL Loss:  19.2609233856, Validation KL Loss:  17.4830226898
2024-04-30 14:33:48,409 - INFO - Epoch 23 : Training Loss:  14.4074430466, Validation Loss:  18.2855777740, Training KL Loss:  17.8211803436, Validation KL Loss:  15.7510671616
2024-04-30 14:34:11,027 - INFO - Epoch 24 : Training Loss:  14.3038625717, Validation Loss:  18.4431896210, Training KL Loss:  16.7533893585, Validation KL Loss:  14.7014608383
2024-04-30 14:34:33,708 - INFO - Epoch 25 : Training Loss:  14.1773805618, Validation Loss:  18.6280517578, Training KL Loss:  15.7671203613, Validation KL Loss:  13.6262407303
2024-04-30 14:34:55,411 - INFO - Epoch 26 : Training Loss:  14.0619363785, Validation Loss:  18.7473773956, Training KL Loss:  14.9350900650, Validation KL Loss:  13.0434398651
2024-04-30 14:35:16,633 - INFO - Epoch 27 : Training Loss:  13.9894828796, Validation Loss:  18.8918151855, Training KL Loss:  14.3312330246, Validation KL Loss:  12.5589771271
2024-04-30 14:35:37,717 - INFO - Epoch 28 : Training Loss:  13.8262920380, Validation Loss:  19.1801719666, Training KL Loss:  13.7420816422, Validation KL Loss:  12.2957677841
2024-04-30 14:35:58,535 - INFO - Epoch 29 : Training Loss:  13.7832927704, Validation Loss:  19.2282104492, Training KL Loss:  13.2937126160, Validation KL Loss:  11.5870943069
2024-04-30 14:36:19,481 - INFO - Epoch 30 : Training Loss:  13.6772937775, Validation Loss:  19.5973529816, Training KL Loss:  12.8930788040, Validation KL Loss:  11.2249574661
2024-04-30 14:36:40,801 - INFO - Epoch 31 : Training Loss:  13.6075534821, Validation Loss:  19.7434539795, Training KL Loss:  12.5300226212, Validation KL Loss:  10.8927040100
2024-04-30 14:37:01,765 - INFO - Epoch 32 : Training Loss:  13.5152511597, Validation Loss:  19.8817596436, Training KL Loss:  12.2099084854, Validation KL Loss:  11.0052289963
2024-04-30 14:37:22,684 - INFO - Epoch 33 : Training Loss:  13.4854230881, Validation Loss:  20.2615089417, Training KL Loss:  11.9370756149, Validation KL Loss:  10.7110805511
2024-04-30 14:37:43,887 - INFO - Epoch 34 : Training Loss:  13.3709144592, Validation Loss:  20.2022418976, Training KL Loss:  11.6927833557, Validation KL Loss:  10.4097204208
2024-04-30 14:38:04,746 - INFO - Epoch 35 : Training Loss:  13.3789100647, Validation Loss:  20.3851222992, Training KL Loss:  11.5271806717, Validation KL Loss:  10.3118267059
2024-04-30 14:38:25,674 - INFO - Epoch 36 : Training Loss:  13.3101329803, Validation Loss:  20.4910182953, Training KL Loss:  11.2292737961, Validation KL Loss:   9.9591741562
2024-04-30 14:38:46,718 - INFO - Epoch 37 : Training Loss:  13.2649793625, Validation Loss:  20.9600696564, Training KL Loss:  11.0269098282, Validation KL Loss:  10.1573934555
2024-04-30 14:39:07,461 - INFO - Epoch 38 : Training Loss:  13.2605237961, Validation Loss:  21.1820392609, Training KL Loss:  10.9122810364, Validation KL Loss:   9.4368505478
2024-04-30 14:39:28,501 - INFO - Epoch 39 : Training Loss:  13.2963428497, Validation Loss:  21.1908817291, Training KL Loss:  10.8098030090, Validation KL Loss:   9.7069597244
2024-04-30 14:39:49,775 - INFO - Epoch 40 : Training Loss:  13.2732229233, Validation Loss:  21.7450656891, Training KL Loss:  10.6645183563, Validation KL Loss:   9.6196069717
2024-04-30 14:40:10,895 - INFO - Epoch 41 : Training Loss:  13.2218837738, Validation Loss:  21.5995788574, Training KL Loss:  10.4782991409, Validation KL Loss:   9.4227447510
2024-04-30 14:40:32,944 - INFO - Epoch 42 : Training Loss:  13.2476091385, Validation Loss:  21.9771118164, Training KL Loss:  10.3847379684, Validation KL Loss:   9.3066005707
2024-04-30 14:40:54,209 - INFO - Epoch 43 : Training Loss:  13.2934675217, Validation Loss:  22.0183734894, Training KL Loss:  10.2164325714, Validation KL Loss:   9.2937650681
2024-04-30 14:41:15,510 - INFO - Epoch 44 : Training Loss:  13.2685651779, Validation Loss:  22.2535800934, Training KL Loss:  10.1048069000, Validation KL Loss:   9.1965160370
2024-04-30 14:41:36,498 - INFO - Epoch 45 : Training Loss:  13.3409919739, Validation Loss:  22.4975090027, Training KL Loss:   9.9896821976, Validation KL Loss:   9.0348014832
2024-04-30 14:41:57,516 - INFO - Epoch 46 : Training Loss:  13.3438911438, Validation Loss:  22.2842140198, Training KL Loss:   9.8555650711, Validation KL Loss:   9.0359878540
2024-04-30 14:42:18,475 - INFO - Epoch 47 : Training Loss:  13.3775691986, Validation Loss:  22.8958663940, Training KL Loss:   9.7661256790, Validation KL Loss:   8.9720230103
2024-04-30 14:42:39,724 - INFO - Epoch 48 : Training Loss:  13.3969888687, Validation Loss:  23.1154117584, Training KL Loss:   9.6745376587, Validation KL Loss:   8.4575080872
2024-04-30 14:43:00,770 - INFO - Epoch 49 : Training Loss:  13.4029512405, Validation Loss:  23.1948280334, Training KL Loss:   9.5155792236, Validation KL Loss:   8.7146787643
2024-04-30 14:43:21,642 - INFO - Epoch 50 : Training Loss:  13.4484376907, Validation Loss:  23.1178913116, Training KL Loss:   9.4905710220, Validation KL Loss:   8.2355880737
2024-04-30 14:43:42,708 - INFO - Epoch 51 : Training Loss:  13.5233230591, Validation Loss:  23.4797096252, Training KL Loss:   9.3384428024, Validation KL Loss:   8.5220785141
2024-04-30 14:44:03,489 - INFO - Epoch 52 : Training Loss:  13.5043754578, Validation Loss:  23.6189022064, Training KL Loss:   9.2646255493, Validation KL Loss:   8.2849130630
2024-04-30 14:44:24,257 - INFO - Epoch 53 : Training Loss:  13.5874528885, Validation Loss:  24.0940608978, Training KL Loss:   9.1616516113, Validation KL Loss:   8.0572204590
2024-04-30 14:44:45,519 - INFO - Epoch 54 : Training Loss:  13.5893955231, Validation Loss:  23.9354038239, Training KL Loss:   9.0332365036, Validation KL Loss:   8.2490177155
2024-04-30 14:45:06,672 - INFO - Epoch 55 : Training Loss:  13.6242523193, Validation Loss:  24.1177749634, Training KL Loss:   8.9836091995, Validation KL Loss:   8.0930585861
2024-04-30 14:45:27,538 - INFO - Epoch 56 : Training Loss:  13.7143926620, Validation Loss:  24.2370223999, Training KL Loss:   8.8914709091, Validation KL Loss:   7.8671226501
2024-04-30 14:45:48,645 - INFO - Epoch 57 : Training Loss:  13.7091674805, Validation Loss:  24.2399196625, Training KL Loss:   8.8161048889, Validation KL Loss:   7.9922161102
2024-04-30 14:46:09,495 - INFO - Epoch 58 : Training Loss:  13.7623004913, Validation Loss:  24.5628528595, Training KL Loss:   8.7475900650, Validation KL Loss:   8.0764703751
2024-04-30 14:46:30,813 - INFO - Epoch 59 : Training Loss:  13.8289709091, Validation Loss:  24.7297878265, Training KL Loss:   8.6608600616, Validation KL Loss:   7.8691301346
2024-04-30 14:46:51,907 - INFO - Epoch 60 : Training Loss:  13.8898181915, Validation Loss:  24.9021682739, Training KL Loss:   8.6019048691, Validation KL Loss:   7.8798437119
2024-04-30 14:47:12,771 - INFO - Epoch 61 : Training Loss:  13.9445972443, Validation Loss:  24.6653308868, Training KL Loss:   8.5373764038, Validation KL Loss:   7.4134793282
2024-04-30 14:47:33,735 - INFO - Epoch 62 : Training Loss:  13.9498138428, Validation Loss:  24.9937534332, Training KL Loss:   8.4260635376, Validation KL Loss:   7.6128301620
2024-04-30 14:47:54,807 - INFO - Epoch 63 : Training Loss:  13.9933862686, Validation Loss:  24.9929828644, Training KL Loss:   8.3335504532, Validation KL Loss:   7.4934449196
2024-04-30 14:48:15,718 - INFO - Epoch 64 : Training Loss:  14.0642051697, Validation Loss:  25.0553073883, Training KL Loss:   8.2549419403, Validation KL Loss:   7.5431718826
2024-04-30 14:48:37,034 - INFO - Epoch 65 : Training Loss:  14.0776348114, Validation Loss:  25.0750789642, Training KL Loss:   8.2095556259, Validation KL Loss:   7.3112344742
2024-04-30 14:48:58,102 - INFO - Epoch 66 : Training Loss:  14.1415605545, Validation Loss:  25.5741119385, Training KL Loss:   8.1475276947, Validation KL Loss:   7.2322163582
2024-04-30 14:49:18,966 - INFO - Epoch 67 : Training Loss:  14.2437047958, Validation Loss:  25.4117126465, Training KL Loss:   8.0611677170, Validation KL Loss:   7.4332022667
2024-04-30 14:49:39,755 - INFO - Epoch 68 : Training Loss:  14.2700242996, Validation Loss:  25.4988574982, Training KL Loss:   8.0180969238, Validation KL Loss:   7.2735872269
2024-04-30 14:50:01,143 - INFO - Epoch 69 : Training Loss:  14.3194284439, Validation Loss:  25.6924381256, Training KL Loss:   7.9701042175, Validation KL Loss:   7.0145354271
2024-04-30 14:50:22,308 - INFO - Epoch 70 : Training Loss:  14.2965316772, Validation Loss:  25.8273410797, Training KL Loss:   7.8671970367, Validation KL Loss:   7.0232448578
2024-04-30 14:50:44,703 - INFO - Epoch 71 : Training Loss:  14.3999710083, Validation Loss:  25.8135700226, Training KL Loss:   7.8183183670, Validation KL Loss:   7.1136665344
2024-04-30 14:51:05,621 - INFO - Epoch 72 : Training Loss:  14.5144481659, Validation Loss:  26.1108589172, Training KL Loss:   7.7395672798, Validation KL Loss:   6.9163861275
2024-04-30 14:51:26,988 - INFO - Epoch 73 : Training Loss:  14.5258226395, Validation Loss:  25.7873630524, Training KL Loss:   7.7063884735, Validation KL Loss:   6.8071756363
2024-04-30 14:51:48,129 - INFO - Epoch 74 : Training Loss:  14.5445547104, Validation Loss:  26.0275955200, Training KL Loss:   7.6097273827, Validation KL Loss:   6.9408349991
2024-04-30 14:52:09,125 - INFO - Epoch 75 : Training Loss:  14.6066942215, Validation Loss:  26.3276500702, Training KL Loss:   7.5626831055, Validation KL Loss:   6.8928871155
2024-04-30 14:52:30,044 - INFO - Epoch 76 : Training Loss:  14.6409969330, Validation Loss:  26.3763141632, Training KL Loss:   7.4977235794, Validation KL Loss:   6.6340732574
2024-04-30 14:52:51,904 - INFO - Epoch 77 : Training Loss:  14.7555866241, Validation Loss:  26.5464687347, Training KL Loss:   7.4412984848, Validation KL Loss:   6.8966240883
2024-04-30 14:53:14,045 - INFO - Epoch 78 : Training Loss:  14.7963008881, Validation Loss:  26.3036994934, Training KL Loss:   7.3771533966, Validation KL Loss:   6.6534385681
2024-04-30 14:53:32,344 - INFO - Epoch 79 : Training Loss:  14.8340835571, Validation Loss:  26.4098663330, Training KL Loss:   7.3613705635, Validation KL Loss:   6.5882310867
2024-04-30 14:53:48,810 - INFO - Epoch 80 : Training Loss:  14.9612770081, Validation Loss:  26.2182979584, Training KL Loss:   7.2601695061, Validation KL Loss:   6.4995841980
2024-04-30 14:54:05,097 - INFO - Epoch 81 : Training Loss:  14.9530820847, Validation Loss:  26.7567405701, Training KL Loss:   7.2237386703, Validation KL Loss:   6.3599953651
2024-04-30 14:54:21,552 - INFO - Epoch 82 : Training Loss:  15.0450143814, Validation Loss:  26.3998641968, Training KL Loss:   7.1682686806, Validation KL Loss:   6.2835092545
2024-04-30 14:54:38,181 - INFO - Epoch 83 : Training Loss:  15.0668792725, Validation Loss:  26.7947654724, Training KL Loss:   7.1330380440, Validation KL Loss:   6.3107705116
2024-04-30 14:54:56,886 - INFO - Epoch 84 : Training Loss:  15.0615587234, Validation Loss:  26.8989181519, Training KL Loss:   7.0434088707, Validation KL Loss:   6.4548215866
2024-04-30 14:55:15,743 - INFO - Epoch 85 : Training Loss:  15.1707983017, Validation Loss:  26.4211807251, Training KL Loss:   6.9969701767, Validation KL Loss:   6.1052851677
2024-04-30 14:55:33,275 - INFO - Epoch 86 : Training Loss:  15.2085571289, Validation Loss:  26.7301292419, Training KL Loss:   6.9498281479, Validation KL Loss:   6.1775536537
2024-04-30 14:55:48,835 - INFO - Epoch 87 : Training Loss:  15.3337945938, Validation Loss:  26.7470149994, Training KL Loss:   6.9014148712, Validation KL Loss:   6.3515539169
2024-04-30 14:56:04,579 - INFO - Epoch 88 : Training Loss:  15.3421888351, Validation Loss:  26.8796482086, Training KL Loss:   6.8193159103, Validation KL Loss:   6.1803016663
2024-04-30 14:56:20,876 - INFO - Epoch 89 : Training Loss:  15.3862819672, Validation Loss:  26.8638305664, Training KL Loss:   6.8197302818, Validation KL Loss:   6.1335573196
2024-04-30 14:56:37,957 - INFO - Epoch 90 : Training Loss:  15.4073982239, Validation Loss:  27.0676307678, Training KL Loss:   6.7471499443, Validation KL Loss:   6.0250039101
2024-04-30 14:56:55,134 - INFO - Epoch 91 : Training Loss:  15.4514913559, Validation Loss:  27.2106552124, Training KL Loss:   6.6848092079, Validation KL Loss:   5.9713783264
2024-04-30 14:57:10,816 - INFO - Epoch 92 : Training Loss:  15.5462865829, Validation Loss:  26.8953914642, Training KL Loss:   6.6709079742, Validation KL Loss:   5.8272485733
2024-04-30 14:57:27,171 - INFO - Epoch 93 : Training Loss:  15.6195802689, Validation Loss:  27.2499828339, Training KL Loss:   6.6189231873, Validation KL Loss:   5.9625544548
2024-04-30 14:57:42,937 - INFO - Epoch 94 : Training Loss:  15.6933069229, Validation Loss:  27.0187873840, Training KL Loss:   6.5720081329, Validation KL Loss:   5.9028897285
2024-04-30 14:58:00,373 - INFO - Epoch 95 : Training Loss:  15.6905221939, Validation Loss:  27.0416374207, Training KL Loss:   6.5130753517, Validation KL Loss:   5.5060324669
2024-04-30 14:58:17,225 - INFO - Epoch 96 : Training Loss:  15.7433805466, Validation Loss:  27.1279010773, Training KL Loss:   6.4315719604, Validation KL Loss:   5.7532048225
2024-04-30 14:58:33,151 - INFO - Epoch 97 : Training Loss:  15.8353824615, Validation Loss:  27.3284797668, Training KL Loss:   6.4241614342, Validation KL Loss:   5.8194828033
2024-04-30 14:58:52,164 - INFO - Epoch 98 : Training Loss:  15.8923006058, Validation Loss:  27.3390884399, Training KL Loss:   6.3744301796, Validation KL Loss:   5.6032376289
2024-04-30 14:59:08,762 - INFO - Epoch 99 : Training Loss:  15.9349479675, Validation Loss:  27.3506908417, Training KL Loss:   6.3240399361, Validation KL Loss:   5.4607987404
2024-04-30 14:59:26,015 - INFO - Epoch 100: Training Loss:  16.0200347900, Validation Loss:  27.3253326416, Training KL Loss:   6.2663669586, Validation KL Loss:   5.7463483810
2024-04-30 14:59:42,975 - INFO - Epoch 101: Training Loss:  16.0538253784, Validation Loss:  27.4999294281, Training KL Loss:   6.2560124397, Validation KL Loss:   5.4930396080
2024-04-30 14:59:59,101 - INFO - Epoch 102: Training Loss:  16.1342620850, Validation Loss:  27.1050491333, Training KL Loss:   6.1676559448, Validation KL Loss:   5.4305467606
2024-04-30 15:00:15,589 - INFO - Epoch 103: Training Loss:  16.1337108612, Validation Loss:  27.3995857239, Training KL Loss:   6.1419644356, Validation KL Loss:   5.4674377441
2024-04-30 15:00:32,927 - INFO - Epoch 104: Training Loss:  16.1707801819, Validation Loss:  27.6347541809, Training KL Loss:   6.1170196533, Validation KL Loss:   5.4298453331
2024-04-30 15:00:49,911 - INFO - Epoch 105: Training Loss:  16.2357597351, Validation Loss:  27.4962272644, Training KL Loss:   6.0380592346, Validation KL Loss:   5.2599043846
2024-04-30 15:01:06,217 - INFO - Epoch 106: Training Loss:  16.2609901428, Validation Loss:  27.5782890320, Training KL Loss:   5.9795341492, Validation KL Loss:   5.2745680809
2024-04-30 15:01:21,824 - INFO - Epoch 107: Training Loss:  16.3687343597, Validation Loss:  27.4079742432, Training KL Loss:   5.9635629654, Validation KL Loss:   5.2604169846
2024-04-30 15:01:38,419 - INFO - Epoch 108: Training Loss:  16.3825111389, Validation Loss:  27.4769687653, Training KL Loss:   5.9211339951, Validation KL Loss:   5.1821422577
2024-04-30 15:01:54,573 - INFO - Epoch 109: Training Loss:  16.5026226044, Validation Loss:  27.5700283051, Training KL Loss:   5.8754200935, Validation KL Loss:   5.1690692902
2024-04-30 15:02:10,665 - INFO - Epoch 110: Training Loss:  16.4784851074, Validation Loss:  27.5943870544, Training KL Loss:   5.8466525078, Validation KL Loss:   5.0350823402
2024-04-30 15:02:26,519 - INFO - Epoch 111: Training Loss:  16.4805850983, Validation Loss:  27.6888351440, Training KL Loss:   5.8093104362, Validation KL Loss:   5.0855636597
