2024-04-19 16:50:08,171 - INFO - Training presence model...
2024-04-19 16:50:08,172 - INFO - Model parameters - 4 encoder layers of size [512, 256, 128, 64]
2024-04-19 16:50:08,172 - INFO - Model parameters - 4 decoder layers of size [64, 128, 256, 512]
2024-04-19 16:50:08,172 - INFO - Model parameters - Dropout rate: 0.2
2024-04-19 16:50:08,172 - INFO - Model parameters - Epochs: 100
2024-04-19 16:50:08,172 - INFO - Model parameters - Batch size: 256
2024-04-19 16:50:11,532 - INFO - ================================================================== Fold 1 ===================================================================
2024-04-19 16:50:15,830 - INFO - Epoch 1  : Training Loss:  50.0296478271, Validation Loss:  15.8263158798, Training KL Loss:   5.1494054794, Validation KL Loss:   0.7397489548
2024-04-19 16:50:17,065 - INFO - Epoch 2  : Training Loss:  15.6616878510, Validation Loss:  15.6572914124, Training KL Loss:   0.8822206259, Validation KL Loss:   0.6768153310
2024-04-19 16:50:18,201 - INFO - Epoch 3  : Training Loss:  15.4962091446, Validation Loss:  15.4989404678, Training KL Loss:   0.8292766213, Validation KL Loss:   0.6683823466
2024-04-19 16:50:19,361 - INFO - Epoch 4  : Training Loss:  15.3338670731, Validation Loss:  15.3239870071, Training KL Loss:   0.8590344191, Validation KL Loss:   0.7511793375
2024-04-19 16:50:20,464 - INFO - Epoch 5  : Training Loss:  15.1179208755, Validation Loss:  14.9171628952, Training KL Loss:   1.3794369698, Validation KL Loss:   2.2139437199
2024-04-19 16:50:21,861 - INFO - Epoch 6  : Training Loss:  14.4900207520, Validation Loss:  14.2031297684, Training KL Loss:   6.0271773338, Validation KL Loss:   9.0521554947
2024-04-19 16:50:23,136 - INFO - Epoch 7  : Training Loss:  13.9819641113, Validation Loss:  13.8868894577, Training KL Loss:  15.0937461853, Validation KL Loss:  18.3222045898
2024-04-19 16:50:24,774 - INFO - Epoch 8  : Training Loss:  13.7398195267, Validation Loss:  13.6652069092, Training KL Loss:  25.0882968903, Validation KL Loss:  27.5776958466
2024-04-19 16:50:25,875 - INFO - Epoch 9  : Training Loss:  13.3692617416, Validation Loss:  12.8666963577, Training KL Loss:  35.1060409546, Validation KL Loss:  37.4306411743
2024-04-19 16:50:27,380 - INFO - Epoch 10 : Training Loss:  12.6155071259, Validation Loss:  12.1950845718, Training KL Loss:  45.7474975586, Validation KL Loss:  47.8814353943
2024-04-19 16:50:28,817 - INFO - Epoch 11 : Training Loss:  12.0908927917, Validation Loss:  11.6799192429, Training KL Loss:  61.2258071899, Validation KL Loss:  62.6386184692
2024-04-19 16:50:30,299 - INFO - Epoch 12 : Training Loss:  11.6214733124, Validation Loss:  11.2404403687, Training KL Loss:  80.1448593140, Validation KL Loss:  84.3597106934
2024-04-19 16:50:31,886 - INFO - Epoch 13 : Training Loss:  11.2226572037, Validation Loss:  10.8364534378, Training KL Loss: 100.5376815796, Validation KL Loss: 100.3843154907
2024-04-19 16:50:33,022 - INFO - Epoch 14 : Training Loss:  10.8678359985, Validation Loss:  10.5337858200, Training KL Loss: 113.6247100830, Validation KL Loss: 110.9672241211
2024-04-19 16:50:34,198 - INFO - Epoch 15 : Training Loss:  10.5440788269, Validation Loss:  10.1580018997, Training KL Loss: 130.6987762451, Validation KL Loss: 131.5985870361
2024-04-19 16:50:35,326 - INFO - Epoch 16 : Training Loss:  10.2352075577, Validation Loss:   9.8535289764, Training KL Loss: 149.0188293457, Validation KL Loss: 146.3703918457
2024-04-19 16:50:36,510 - INFO - Epoch 17 : Training Loss:  10.6710672379, Validation Loss:  10.1177415848, Training KL Loss:  46.3536262512, Validation KL Loss:  29.0765533447
2024-04-19 16:50:37,686 - INFO - Epoch 18 : Training Loss:  10.5201940536, Validation Loss:  10.1672363281, Training KL Loss:  21.7694015503, Validation KL Loss:  17.1748332977
2024-04-19 16:50:38,988 - INFO - Epoch 19 : Training Loss:  10.4561758041, Validation Loss:  10.0565395355, Training KL Loss:  16.0754566193, Validation KL Loss:  13.6160163879
2024-04-19 16:50:40,179 - INFO - Epoch 20 : Training Loss:  10.4147443771, Validation Loss:  10.0049133301, Training KL Loss:  13.4847707748, Validation KL Loss:  12.0292625427
2024-04-19 16:50:42,217 - INFO - Epoch 21 : Training Loss:  10.3880910873, Validation Loss:   9.9383573532, Training KL Loss:  12.0609321594, Validation KL Loss:  10.3190889359
2024-04-19 16:50:44,143 - INFO - Epoch 22 : Training Loss:  10.3409481049, Validation Loss:   9.8798274994, Training KL Loss:  10.8978519440, Validation KL Loss:   9.7345867157
2024-04-19 16:50:45,941 - INFO - Epoch 23 : Training Loss:  10.2943172455, Validation Loss:   9.8521595001, Training KL Loss:  10.1388187408, Validation KL Loss:   9.2450704575
2024-04-19 16:50:47,607 - INFO - Epoch 24 : Training Loss:  10.2475996017, Validation Loss:   9.7920198441, Training KL Loss:   9.4380254745, Validation KL Loss:   8.4185743332
2024-04-19 16:50:49,190 - INFO - Epoch 25 : Training Loss:  10.2278385162, Validation Loss:   9.7478046417, Training KL Loss:   8.8587942123, Validation KL Loss:   7.8172903061
2024-04-19 16:50:50,524 - INFO - Epoch 26 : Training Loss:  10.2157230377, Validation Loss:   9.7446384430, Training KL Loss:   8.4973878860, Validation KL Loss:   7.4932293892
2024-04-19 16:50:52,260 - INFO - Epoch 27 : Training Loss:  10.1711273193, Validation Loss:   9.7295722961, Training KL Loss:   8.0263433456, Validation KL Loss:   7.2058196068
2024-04-19 16:50:54,011 - INFO - Epoch 28 : Training Loss:  10.1450967789, Validation Loss:   9.6840286255, Training KL Loss:   7.8175845146, Validation KL Loss:   6.7941088676
2024-04-19 16:50:55,927 - INFO - Epoch 29 : Training Loss:  10.1283426285, Validation Loss:   9.6731586456, Training KL Loss:   7.4735069275, Validation KL Loss:   6.5310988426
2024-04-19 16:50:57,859 - INFO - Epoch 30 : Training Loss:  10.0815362930, Validation Loss:   9.6410512924, Training KL Loss:   7.2273697853, Validation KL Loss:   6.4177613258
2024-04-19 16:50:59,468 - INFO - Epoch 31 : Training Loss:  10.0779886246, Validation Loss:   9.6786060333, Training KL Loss:   6.9884896278, Validation KL Loss:   6.1168222427
2024-04-19 16:51:00,939 - INFO - Epoch 32 : Training Loss:  10.0577116013, Validation Loss:   9.6360845566, Training KL Loss:   6.7837629318, Validation KL Loss:   5.9384694099
2024-04-19 16:51:02,538 - INFO - Epoch 33 : Training Loss:  10.0298042297, Validation Loss:   9.6540117264, Training KL Loss:   6.6186156273, Validation KL Loss:   5.8446297646
2024-04-19 16:51:04,105 - INFO - Epoch 34 : Training Loss:  10.0237026215, Validation Loss:   9.6095018387, Training KL Loss:   6.4800462723, Validation KL Loss:   5.6732378006
2024-04-19 16:51:05,360 - INFO - Epoch 35 : Training Loss:   9.9938945770, Validation Loss:   9.6316871643, Training KL Loss:   6.3608412743, Validation KL Loss:   5.6693115234
2024-04-19 16:51:06,739 - INFO - Epoch 36 : Training Loss:   9.9715595245, Validation Loss:   9.5303316116, Training KL Loss:   6.1947298050, Validation KL Loss:   5.4492659569
2024-04-19 16:51:07,917 - INFO - Epoch 37 : Training Loss:   9.9825086594, Validation Loss:   9.5819625854, Training KL Loss:   6.0837445259, Validation KL Loss:   5.3733239174
2024-04-19 16:51:09,388 - INFO - Epoch 38 : Training Loss:   9.9732513428, Validation Loss:   9.5495834351, Training KL Loss:   5.9343242645, Validation KL Loss:   5.2995581627
2024-04-19 16:51:10,728 - INFO - Epoch 39 : Training Loss:   9.9721193314, Validation Loss:   9.5540885925, Training KL Loss:   5.8231053352, Validation KL Loss:   5.1804552078
2024-04-19 16:51:12,134 - INFO - Epoch 40 : Training Loss:   9.9649839401, Validation Loss:   9.5841341019, Training KL Loss:   5.7527337074, Validation KL Loss:   5.0856695175
2024-04-19 16:51:13,239 - INFO - Epoch 41 : Training Loss:   9.9558401108, Validation Loss:   9.6333818436, Training KL Loss:   5.6626067162, Validation KL Loss:   4.9806303978
2024-04-19 16:51:14,460 - INFO - Epoch 42 : Training Loss:   9.9515228271, Validation Loss:   9.6005821228, Training KL Loss:   5.5063748360, Validation KL Loss:   5.0271954536
2024-04-19 16:51:15,525 - INFO - Epoch 43 : Training Loss:   9.9376525879, Validation Loss:   9.5877838135, Training KL Loss:   5.4204788208, Validation KL Loss:   4.7942209244
2024-04-19 16:51:16,702 - INFO - Epoch 44 : Training Loss:   9.9705467224, Validation Loss:   9.6446075439, Training KL Loss:   5.3278770447, Validation KL Loss:   4.8576145172
2024-04-19 16:51:17,817 - INFO - Epoch 45 : Training Loss:   9.9959774017, Validation Loss:   9.6442537308, Training KL Loss:   5.3026809692, Validation KL Loss:   4.7783584595
2024-04-19 16:51:18,983 - INFO - Epoch 46 : Training Loss:  10.0073413849, Validation Loss:   9.6963090897, Training KL Loss:   5.2521715164, Validation KL Loss:   4.6798291206
2024-04-19 16:51:20,031 - INFO - Epoch 47 : Training Loss:  10.0153121948, Validation Loss:   9.7478141785, Training KL Loss:   5.1483645439, Validation KL Loss:   4.5530743599
2024-04-19 16:51:21,098 - INFO - Epoch 48 : Training Loss:  10.0082120895, Validation Loss:   9.7559680939, Training KL Loss:   5.0742626190, Validation KL Loss:   4.4650516510
2024-04-19 16:51:22,304 - INFO - Epoch 49 : Training Loss:  10.0404930115, Validation Loss:   9.7598094940, Training KL Loss:   4.9896225929, Validation KL Loss:   4.5366430283
2024-04-19 16:51:23,402 - INFO - Epoch 50 : Training Loss:  10.0597848892, Validation Loss:   9.7774600983, Training KL Loss:   4.9384851456, Validation KL Loss:   4.4177899361
2024-04-19 16:51:24,670 - INFO - Epoch 51 : Training Loss:  10.0731821060, Validation Loss:   9.8047809601, Training KL Loss:   4.8736181259, Validation KL Loss:   4.3954038620
2024-04-19 16:51:25,707 - INFO - Epoch 52 : Training Loss:  10.0656347275, Validation Loss:   9.8222866058, Training KL Loss:   4.8408174515, Validation KL Loss:   4.3286600113
2024-04-19 16:51:26,911 - INFO - Epoch 53 : Training Loss:  10.0745010376, Validation Loss:   9.7870368958, Training KL Loss:   4.7398047447, Validation KL Loss:   4.2981939316
2024-04-19 16:51:28,080 - INFO - Epoch 54 : Training Loss:  10.0720005035, Validation Loss:   9.8833007812, Training KL Loss:   4.7382621765, Validation KL Loss:   4.2721562386
2024-04-19 16:51:29,541 - INFO - Epoch 55 : Training Loss:  10.1216974258, Validation Loss:   9.8666601181, Training KL Loss:   4.6677055359, Validation KL Loss:   4.1828517914
2024-04-19 16:51:30,681 - INFO - Epoch 56 : Training Loss:  10.1395187378, Validation Loss:   9.8941679001, Training KL Loss:   4.6140427589, Validation KL Loss:   4.1552686691
2024-04-19 16:51:32,087 - INFO - Epoch 57 : Training Loss:  10.1423683167, Validation Loss:   9.9493999481, Training KL Loss:   4.5919723511, Validation KL Loss:   4.1483798027
2024-04-19 16:51:33,225 - INFO - Epoch 58 : Training Loss:  10.1594581604, Validation Loss:   9.9562559128, Training KL Loss:   4.5294232368, Validation KL Loss:   4.1294212341
2024-04-19 16:51:34,373 - INFO - Epoch 59 : Training Loss:  10.1687259674, Validation Loss:  10.0176239014, Training KL Loss:   4.4832239151, Validation KL Loss:   4.0844979286
2024-04-19 16:51:35,500 - INFO - Epoch 60 : Training Loss:  10.1717796326, Validation Loss:   9.9904155731, Training KL Loss:   4.4319524765, Validation KL Loss:   4.0426044464
2024-04-19 16:51:36,969 - INFO - Epoch 61 : Training Loss:  10.2205057144, Validation Loss:   9.9896965027, Training KL Loss:   4.4176731110, Validation KL Loss:   3.9472682476
2024-04-19 16:51:38,434 - INFO - Epoch 62 : Training Loss:  10.2397680283, Validation Loss:  10.1008110046, Training KL Loss:   4.3426289558, Validation KL Loss:   3.9992156029
2024-04-19 16:51:39,940 - INFO - Epoch 63 : Training Loss:  10.2632112503, Validation Loss:  10.0424489975, Training KL Loss:   4.3279309273, Validation KL Loss:   3.9095039368
2024-04-19 16:51:41,217 - INFO - Epoch 64 : Training Loss:  10.2660284042, Validation Loss:  10.1091127396, Training KL Loss:   4.2680034637, Validation KL Loss:   3.8610825539
2024-04-19 16:51:42,677 - INFO - Epoch 65 : Training Loss:  10.3068475723, Validation Loss:  10.1252040863, Training KL Loss:   4.2273297310, Validation KL Loss:   3.8287115097
2024-04-19 16:51:44,123 - INFO - Epoch 66 : Training Loss:  10.3230829239, Validation Loss:  10.1518220901, Training KL Loss:   4.1952390671, Validation KL Loss:   3.7350993156
2024-04-19 16:51:45,413 - INFO - Epoch 67 : Training Loss:  10.3675498962, Validation Loss:  10.1884222031, Training KL Loss:   4.1430726051, Validation KL Loss:   3.8118865490
2024-04-19 16:51:47,216 - INFO - Epoch 68 : Training Loss:  10.3864202499, Validation Loss:  10.2206087112, Training KL Loss:   4.1240792274, Validation KL Loss:   3.7998895645
2024-04-19 16:51:48,524 - INFO - Epoch 69 : Training Loss:  10.3877105713, Validation Loss:  10.2293081284, Training KL Loss:   4.0862832069, Validation KL Loss:   3.7174553871
2024-04-19 16:51:49,913 - INFO - Epoch 70 : Training Loss:  10.3919286728, Validation Loss:  10.2850551605, Training KL Loss:   4.0349392891, Validation KL Loss:   3.6622178555
2024-04-19 16:51:51,636 - INFO - Epoch 71 : Training Loss:  10.4482526779, Validation Loss:  10.3257837296, Training KL Loss:   3.9893763065, Validation KL Loss:   3.6471457481
2024-04-19 16:51:53,046 - INFO - Epoch 72 : Training Loss:  10.4605541229, Validation Loss:  10.3357667923, Training KL Loss:   3.9651856422, Validation KL Loss:   3.5895142555
2024-04-19 16:51:54,437 - INFO - Epoch 73 : Training Loss:  10.4705209732, Validation Loss:  10.4005126953, Training KL Loss:   3.9439427853, Validation KL Loss:   3.5518600941
2024-04-19 16:51:55,810 - INFO - Epoch 74 : Training Loss:  10.5336837769, Validation Loss:  10.4177598953, Training KL Loss:   3.9095668793, Validation KL Loss:   3.5196018219
2024-04-19 16:51:57,391 - INFO - Epoch 75 : Training Loss:  10.5524291992, Validation Loss:  10.4634723663, Training KL Loss:   3.8416721821, Validation KL Loss:   3.4816031456
2024-04-19 16:51:58,694 - INFO - Epoch 76 : Training Loss:  10.5496511459, Validation Loss:  10.5050325394, Training KL Loss:   3.8230211735, Validation KL Loss:   3.4672009945
2024-04-19 16:52:00,144 - INFO - Epoch 77 : Training Loss:  10.6239118576, Validation Loss:  10.5352764130, Training KL Loss:   3.7940216064, Validation KL Loss:   3.5589725971
2024-04-19 16:52:01,472 - INFO - Epoch 78 : Training Loss:  10.6544523239, Validation Loss:  10.5317764282, Training KL Loss:   3.7891881466, Validation KL Loss:   3.4657959938
2024-04-19 16:52:02,882 - INFO - Epoch 79 : Training Loss:  10.6663408279, Validation Loss:  10.5671129227, Training KL Loss:   3.7534360886, Validation KL Loss:   3.3450949192
2024-04-19 16:52:04,277 - INFO - Epoch 80 : Training Loss:  10.6959276199, Validation Loss:  10.6035547256, Training KL Loss:   3.6911296844, Validation KL Loss:   3.3944208622
2024-04-19 16:52:05,539 - INFO - Epoch 81 : Training Loss:  10.7279624939, Validation Loss:  10.6675376892, Training KL Loss:   3.6920471191, Validation KL Loss:   3.3734195232
2024-04-19 16:52:07,041 - INFO - Epoch 82 : Training Loss:  10.7471666336, Validation Loss:  10.6742382050, Training KL Loss:   3.6611509323, Validation KL Loss:   3.3634774685
2024-04-19 16:52:08,233 - INFO - Epoch 83 : Training Loss:  10.7718172073, Validation Loss:  10.7368154526, Training KL Loss:   3.6168723106, Validation KL Loss:   3.2429943085
2024-04-19 16:52:09,477 - INFO - Epoch 84 : Training Loss:  10.7653350830, Validation Loss:  10.7398843765, Training KL Loss:   3.5709044933, Validation KL Loss:   3.1998341084
2024-04-19 16:52:10,761 - INFO - Epoch 85 : Training Loss:  10.7763977051, Validation Loss:  10.7581081390, Training KL Loss:   3.5133454800, Validation KL Loss:   3.1175558567
2024-04-19 16:52:12,092 - INFO - Epoch 86 : Training Loss:  10.8504352570, Validation Loss:  10.8455104828, Training KL Loss:   3.5201270580, Validation KL Loss:   3.1984376907
2024-04-19 16:52:13,248 - INFO - Epoch 87 : Training Loss:  10.8517732620, Validation Loss:  10.8258523941, Training KL Loss:   3.4810338020, Validation KL Loss:   3.1532931328
2024-04-19 16:52:14,445 - INFO - Epoch 88 : Training Loss:  10.9083509445, Validation Loss:  10.8789148331, Training KL Loss:   3.4782862663, Validation KL Loss:   3.2067532539
2024-04-19 16:52:15,490 - INFO - Epoch 89 : Training Loss:  10.9040746689, Validation Loss:  10.8724031448, Training KL Loss:   3.4340043068, Validation KL Loss:   3.1162497997
2024-04-19 16:52:16,663 - INFO - Epoch 90 : Training Loss:  10.9594182968, Validation Loss:  10.8961505890, Training KL Loss:   3.4191868305, Validation KL Loss:   3.0891523361
2024-04-19 16:52:17,844 - INFO - Epoch 91 : Training Loss:  10.9600763321, Validation Loss:  10.9658088684, Training KL Loss:   3.3875806332, Validation KL Loss:   3.1382076740
2024-04-19 16:52:18,955 - INFO - Epoch 92 : Training Loss:  10.9999780655, Validation Loss:  10.9908285141, Training KL Loss:   3.3644356728, Validation KL Loss:   3.1052999496
2024-04-19 16:52:20,000 - INFO - Epoch 93 : Training Loss:  10.9940834045, Validation Loss:  11.0238103867, Training KL Loss:   3.3408238888, Validation KL Loss:   2.9825358391
2024-04-19 16:52:21,063 - INFO - Epoch 94 : Training Loss:  11.0382022858, Validation Loss:  11.0810165405, Training KL Loss:   3.2883310318, Validation KL Loss:   3.0074639320
2024-04-19 16:52:22,317 - INFO - Epoch 95 : Training Loss:  11.0631599426, Validation Loss:  11.0933351517, Training KL Loss:   3.2907905579, Validation KL Loss:   2.9411470890
2024-04-19 16:52:23,371 - INFO - Epoch 96 : Training Loss:  11.0867013931, Validation Loss:  11.1433916092, Training KL Loss:   3.2464320660, Validation KL Loss:   2.9215705395
2024-04-19 16:52:24,530 - INFO - Epoch 97 : Training Loss:  11.1313276291, Validation Loss:  11.1641101837, Training KL Loss:   3.2212815285, Validation KL Loss:   2.8795869350
2024-04-19 16:52:25,622 - INFO - Epoch 98 : Training Loss:  11.1104679108, Validation Loss:  11.1412296295, Training KL Loss:   3.2016687393, Validation KL Loss:   2.9138720036
2024-04-19 16:52:26,790 - INFO - Epoch 99 : Training Loss:  11.1890363693, Validation Loss:  11.1212530136, Training KL Loss:   3.1916954517, Validation KL Loss:   2.9427824020
2024-04-19 16:52:27,888 - INFO - Epoch 100: Training Loss:  11.1797838211, Validation Loss:  11.2125473022, Training KL Loss:   3.1479477882, Validation KL Loss:   2.8558883667
2024-04-19 16:52:30,717 - INFO - Fold 0 Metrics (Macro) - Precision: 0.2256168611, Recall: 0.0736823964, F1: 0.0978114836, Roc_auc: 0.0000000000, Auprc: 0.0000000000
2024-04-19 16:52:30,717 - INFO - Fold 0 Metrics (Micro) - Precision: 0.8771548117, Recall: 0.3745711835, F1: 0.5249661942, Roc_auc: 0.9575096778, Auprc: 0.5712047973
2024-04-19 16:52:30,746 - INFO - ================================================================== Fold 2 ===================================================================
2024-04-19 16:52:35,009 - INFO - Epoch 1  : Training Loss:  49.0524520874, Validation Loss:  15.5889930725, Training KL Loss:   6.4967427254, Validation KL Loss:   0.8717784882
2024-04-19 16:52:36,255 - INFO - Epoch 2  : Training Loss:  15.6824436188, Validation Loss:  15.3658914566, Training KL Loss:   1.0022101402, Validation KL Loss:   0.6820082664
2024-04-19 16:52:37,548 - INFO - Epoch 3  : Training Loss:  15.4901008606, Validation Loss:  15.1869792938, Training KL Loss:   0.8506532311, Validation KL Loss:   0.6202579141
2024-04-19 16:52:38,994 - INFO - Epoch 4  : Training Loss:  15.2403373718, Validation Loss:  14.7556180954, Training KL Loss:   0.8473439217, Validation KL Loss:   0.9239752889
2024-04-19 16:52:40,105 - INFO - Epoch 5  : Training Loss:  14.5224428177, Validation Loss:  13.8938446045, Training KL Loss:   2.7218804359, Validation KL Loss:   3.7765791416
2024-04-19 16:52:41,417 - INFO - Epoch 6  : Training Loss:  13.9303169250, Validation Loss:  13.4782686234, Training KL Loss:   7.3347120285, Validation KL Loss:   9.7646245956
2024-04-19 16:52:42,678 - INFO - Epoch 7  : Training Loss:  13.5077934265, Validation Loss:  13.0465049744, Training KL Loss:  17.4340076447, Validation KL Loss:  21.0722503662
2024-04-19 16:52:43,919 - INFO - Epoch 8  : Training Loss:  12.9881086349, Validation Loss:  12.3434638977, Training KL Loss:  32.3848571777, Validation KL Loss:  37.4048423767
2024-04-19 16:52:45,294 - INFO - Epoch 9  : Training Loss:  12.4034357071, Validation Loss:  11.7593383789, Training KL Loss:  50.5914573669, Validation KL Loss:  53.8880233765
2024-04-19 16:52:46,918 - INFO - Epoch 10 : Training Loss:  11.8513755798, Validation Loss:  11.2219657898, Training KL Loss:  71.9957962036, Validation KL Loss:  77.8597030640
2024-04-19 16:52:48,314 - INFO - Epoch 11 : Training Loss:  11.4300575256, Validation Loss:  10.9324922562, Training KL Loss:  91.8994979858, Validation KL Loss:  88.7960510254
2024-04-19 16:52:49,557 - INFO - Epoch 12 : Training Loss:  11.0827875137, Validation Loss:  10.5597162247, Training KL Loss: 108.6477355957, Validation KL Loss: 102.7645492554
2024-04-19 16:52:50,776 - INFO - Epoch 13 : Training Loss:  10.7533578873, Validation Loss:  10.2314434052, Training KL Loss: 121.7636337280, Validation KL Loss: 114.6260147095
2024-04-19 16:52:52,078 - INFO - Epoch 14 : Training Loss:  10.4057817459, Validation Loss:   9.8451423645, Training KL Loss: 131.1400146484, Validation KL Loss: 130.1929779053
2024-04-19 16:52:53,602 - INFO - Epoch 15 : Training Loss:  10.0719137192, Validation Loss:   9.4470119476, Training KL Loss: 144.2062835693, Validation KL Loss: 136.6301269531
2024-04-19 16:52:54,809 - INFO - Epoch 16 : Training Loss:   9.7464122772, Validation Loss:   9.1904830933, Training KL Loss: 157.9894104004, Validation KL Loss: 148.9351501465
2024-04-19 16:52:55,936 - INFO - Epoch 17 : Training Loss:  10.2071876526, Validation Loss:   9.3892660141, Training KL Loss:  51.1356582642, Validation KL Loss:  30.6977958679
2024-04-19 16:52:57,265 - INFO - Epoch 18 : Training Loss:  10.0291042328, Validation Loss:   9.2607135773, Training KL Loss:  25.5570602417, Validation KL Loss:  19.6708641052
2024-04-19 16:52:58,328 - INFO - Epoch 19 : Training Loss:   9.9441518784, Validation Loss:   9.2507772446, Training KL Loss:  18.7278976440, Validation KL Loss:  14.7504262924
2024-04-19 16:52:59,613 - INFO - Epoch 20 : Training Loss:   9.8847427368, Validation Loss:   9.1871776581, Training KL Loss:  15.5920886993, Validation KL Loss:  13.0899620056
2024-04-19 16:53:00,748 - INFO - Epoch 21 : Training Loss:   9.8351440430, Validation Loss:   9.0976419449, Training KL Loss:  13.6717834473, Validation KL Loss:  11.4164381027
2024-04-19 16:53:01,920 - INFO - Epoch 22 : Training Loss:   9.7843332291, Validation Loss:   9.0809354782, Training KL Loss:  12.4132671356, Validation KL Loss:  10.2116899490
2024-04-19 16:53:03,016 - INFO - Epoch 23 : Training Loss:   9.7829208374, Validation Loss:   9.0848855972, Training KL Loss:  11.4006795883, Validation KL Loss:   9.6439161301
2024-04-19 16:53:04,209 - INFO - Epoch 24 : Training Loss:   9.7656679153, Validation Loss:   9.1021423340, Training KL Loss:  10.6877317429, Validation KL Loss:   8.9314050674
2024-04-19 16:53:05,650 - INFO - Epoch 25 : Training Loss:   9.7323293686, Validation Loss:   9.0904970169, Training KL Loss:   9.9819345474, Validation KL Loss:   8.4259700775
2024-04-19 16:53:06,885 - INFO - Epoch 26 : Training Loss:   9.7575283051, Validation Loss:   9.1146726608, Training KL Loss:   9.4400520325, Validation KL Loss:   7.8915815353
2024-04-19 16:53:07,998 - INFO - Epoch 27 : Training Loss:   9.7426710129, Validation Loss:   9.1081867218, Training KL Loss:   8.9964132309, Validation KL Loss:   7.9036698341
2024-04-19 16:53:09,213 - INFO - Epoch 28 : Training Loss:   9.7247877121, Validation Loss:   9.0870180130, Training KL Loss:   8.5842399597, Validation KL Loss:   7.3815827370
2024-04-19 16:53:10,249 - INFO - Epoch 29 : Training Loss:   9.7246723175, Validation Loss:   9.1368074417, Training KL Loss:   8.2432985306, Validation KL Loss:   7.1321320534
2024-04-19 16:53:11,524 - INFO - Epoch 30 : Training Loss:   9.7469959259, Validation Loss:   9.1114482880, Training KL Loss:   7.8492488861, Validation KL Loss:   6.6838054657
2024-04-19 16:53:12,708 - INFO - Epoch 31 : Training Loss:   9.7521476746, Validation Loss:   9.1257066727, Training KL Loss:   7.5873847008, Validation KL Loss:   6.5604004860
2024-04-19 16:53:13,800 - INFO - Epoch 32 : Training Loss:   9.7441368103, Validation Loss:   9.1204738617, Training KL Loss:   7.3339161873, Validation KL Loss:   6.3254542351
2024-04-19 16:53:14,863 - INFO - Epoch 33 : Training Loss:   9.7493867874, Validation Loss:   9.1698207855, Training KL Loss:   7.1649312973, Validation KL Loss:   6.1974854469
2024-04-19 16:53:15,914 - INFO - Epoch 34 : Training Loss:   9.7503366470, Validation Loss:   9.1341390610, Training KL Loss:   6.9177756310, Validation KL Loss:   6.1283807755
2024-04-19 16:53:17,111 - INFO - Epoch 35 : Training Loss:   9.7447004318, Validation Loss:   9.1920528412, Training KL Loss:   6.6630377769, Validation KL Loss:   5.9221692085
2024-04-19 16:53:18,347 - INFO - Epoch 36 : Training Loss:   9.7720870972, Validation Loss:   9.1875047684, Training KL Loss:   6.5570955276, Validation KL Loss:   5.7392058372
2024-04-19 16:53:19,465 - INFO - Epoch 37 : Training Loss:   9.7745809555, Validation Loss:   9.1925983429, Training KL Loss:   6.4331517220, Validation KL Loss:   5.5944762230
2024-04-19 16:53:20,520 - INFO - Epoch 38 : Training Loss:   9.7974224091, Validation Loss:   9.2173089981, Training KL Loss:   6.2097125053, Validation KL Loss:   5.4504203796
2024-04-19 16:53:21,645 - INFO - Epoch 39 : Training Loss:   9.8036165237, Validation Loss:   9.2790088654, Training KL Loss:   6.0862340927, Validation KL Loss:   5.2340288162
2024-04-19 16:53:22,779 - INFO - Epoch 40 : Training Loss:   9.8357286453, Validation Loss:   9.3518028259, Training KL Loss:   5.9611835480, Validation KL Loss:   5.2097344398
2024-04-19 16:53:23,914 - INFO - Epoch 41 : Training Loss:   9.8750467300, Validation Loss:   9.3041248322, Training KL Loss:   5.8502755165, Validation KL Loss:   5.1009984016
2024-04-19 16:53:24,994 - INFO - Epoch 42 : Training Loss:   9.8610439301, Validation Loss:   9.3603477478, Training KL Loss:   5.7218089104, Validation KL Loss:   5.0715994835
2024-04-19 16:53:26,093 - INFO - Epoch 43 : Training Loss:   9.8894166946, Validation Loss:   9.3416223526, Training KL Loss:   5.6378860474, Validation KL Loss:   4.9307503700
2024-04-19 16:53:27,318 - INFO - Epoch 44 : Training Loss:   9.8923292160, Validation Loss:   9.4027709961, Training KL Loss:   5.5104784966, Validation KL Loss:   4.9455847740
2024-04-19 16:53:28,405 - INFO - Epoch 45 : Training Loss:   9.9213256836, Validation Loss:   9.4020166397, Training KL Loss:   5.4646983147, Validation KL Loss:   4.7994627953
2024-04-19 16:53:29,531 - INFO - Epoch 46 : Training Loss:   9.9510993958, Validation Loss:   9.4614877701, Training KL Loss:   5.3585882187, Validation KL Loss:   4.6421484947
2024-04-19 16:53:30,590 - INFO - Epoch 47 : Training Loss:   9.9567022324, Validation Loss:   9.4823112488, Training KL Loss:   5.3000893593, Validation KL Loss:   4.6230206490
2024-04-19 16:53:31,776 - INFO - Epoch 48 : Training Loss:  10.0038776398, Validation Loss:   9.5310401917, Training KL Loss:   5.2136120796, Validation KL Loss:   4.6260704994
2024-04-19 16:53:32,927 - INFO - Epoch 49 : Training Loss:  10.0068302155, Validation Loss:   9.5113716125, Training KL Loss:   5.0847959518, Validation KL Loss:   4.5524621010
2024-04-19 16:53:34,148 - INFO - Epoch 50 : Training Loss:  10.0571756363, Validation Loss:   9.5630159378, Training KL Loss:   5.0631451607, Validation KL Loss:   4.5647706985
2024-04-19 16:53:35,331 - INFO - Epoch 51 : Training Loss:  10.0494461060, Validation Loss:   9.5734109879, Training KL Loss:   4.9873199463, Validation KL Loss:   4.3830027580
2024-04-19 16:53:36,497 - INFO - Epoch 52 : Training Loss:  10.0646104813, Validation Loss:   9.6207036972, Training KL Loss:   4.9235196114, Validation KL Loss:   4.2777695656
2024-04-19 16:53:37,675 - INFO - Epoch 53 : Training Loss:  10.1112394333, Validation Loss:   9.6274032593, Training KL Loss:   4.8619089127, Validation KL Loss:   4.2044110298
2024-04-19 16:53:38,927 - INFO - Epoch 54 : Training Loss:  10.1125745773, Validation Loss:   9.7092227936, Training KL Loss:   4.7845797539, Validation KL Loss:   4.2498998642
2024-04-19 16:53:39,943 - INFO - Epoch 55 : Training Loss:  10.1320114136, Validation Loss:   9.7360210419, Training KL Loss:   4.7248477936, Validation KL Loss:   4.1458063126
2024-04-19 16:53:40,975 - INFO - Epoch 56 : Training Loss:  10.1559886932, Validation Loss:   9.7407569885, Training KL Loss:   4.6801476479, Validation KL Loss:   4.1365103722
2024-04-19 16:53:42,160 - INFO - Epoch 57 : Training Loss:  10.1663990021, Validation Loss:   9.7620124817, Training KL Loss:   4.6209173203, Validation KL Loss:   4.0755538940
2024-04-19 16:53:43,179 - INFO - Epoch 58 : Training Loss:  10.1763010025, Validation Loss:   9.7795858383, Training KL Loss:   4.5433597565, Validation KL Loss:   4.0732140541
2024-04-19 16:53:44,282 - INFO - Epoch 59 : Training Loss:  10.1975994110, Validation Loss:   9.7928571701, Training KL Loss:   4.5340456963, Validation KL Loss:   4.0629730225
2024-04-19 16:53:45,429 - INFO - Epoch 60 : Training Loss:  10.2331552505, Validation Loss:   9.8795681000, Training KL Loss:   4.4661245346, Validation KL Loss:   4.0252079964
2024-04-19 16:53:46,647 - INFO - Epoch 61 : Training Loss:  10.2594890594, Validation Loss:   9.8219890594, Training KL Loss:   4.4433836937, Validation KL Loss:   3.8613877296
2024-04-19 16:53:48,241 - INFO - Epoch 62 : Training Loss:  10.2578630447, Validation Loss:   9.8647918701, Training KL Loss:   4.3838405609, Validation KL Loss:   3.9211359024
2024-04-19 16:53:49,545 - INFO - Epoch 63 : Training Loss:  10.2787122726, Validation Loss:   9.8975811005, Training KL Loss:   4.3298563957, Validation KL Loss:   3.9000582695
2024-04-19 16:53:50,773 - INFO - Epoch 64 : Training Loss:  10.2831687927, Validation Loss:   9.9359655380, Training KL Loss:   4.3128247261, Validation KL Loss:   3.8677468300
2024-04-19 16:53:52,114 - INFO - Epoch 65 : Training Loss:  10.3089637756, Validation Loss:   9.9265336990, Training KL Loss:   4.2645850182, Validation KL Loss:   3.7934417725
2024-04-19 16:53:53,344 - INFO - Epoch 66 : Training Loss:  10.3496789932, Validation Loss:   9.9359207153, Training KL Loss:   4.2141780853, Validation KL Loss:   3.7891814709
2024-04-19 16:53:54,589 - INFO - Epoch 67 : Training Loss:  10.3921308517, Validation Loss:   9.9930143356, Training KL Loss:   4.1794233322, Validation KL Loss:   3.6932771206
2024-04-19 16:53:55,718 - INFO - Epoch 68 : Training Loss:  10.3911581039, Validation Loss:  10.0404348373, Training KL Loss:   4.1477570534, Validation KL Loss:   3.6897499561
2024-04-19 16:53:57,116 - INFO - Epoch 69 : Training Loss:  10.4033689499, Validation Loss:  10.0637960434, Training KL Loss:   4.0930180550, Validation KL Loss:   3.7054471970
2024-04-19 16:53:58,209 - INFO - Epoch 70 : Training Loss:  10.4623517990, Validation Loss:  10.1036453247, Training KL Loss:   4.0840287209, Validation KL Loss:   3.6655547619
2024-04-19 16:53:59,377 - INFO - Epoch 71 : Training Loss:  10.4650220871, Validation Loss:  10.1825866699, Training KL Loss:   4.0538148880, Validation KL Loss:   3.6023032665
2024-04-19 16:54:00,456 - INFO - Epoch 72 : Training Loss:  10.5035915375, Validation Loss:  10.1428871155, Training KL Loss:   4.0095930099, Validation KL Loss:   3.5768415928
2024-04-19 16:54:01,669 - INFO - Epoch 73 : Training Loss:  10.5006446838, Validation Loss:  10.1884832382, Training KL Loss:   3.9487149715, Validation KL Loss:   3.4864666462
2024-04-19 16:54:02,816 - INFO - Epoch 74 : Training Loss:  10.5710468292, Validation Loss:  10.3038959503, Training KL Loss:   3.9176135063, Validation KL Loss:   3.5388789177
2024-04-19 16:54:04,042 - INFO - Epoch 75 : Training Loss:  10.5593080521, Validation Loss:  10.3146276474, Training KL Loss:   3.8548212051, Validation KL Loss:   3.5060193539
2024-04-19 16:54:05,085 - INFO - Epoch 76 : Training Loss:  10.5903215408, Validation Loss:  10.2928314209, Training KL Loss:   3.8460032940, Validation KL Loss:   3.4806721210
2024-04-19 16:54:06,148 - INFO - Epoch 77 : Training Loss:  10.6482000351, Validation Loss:  10.3856048584, Training KL Loss:   3.8130939007, Validation KL Loss:   3.4330270290
2024-04-19 16:54:07,545 - INFO - Epoch 78 : Training Loss:  10.6412773132, Validation Loss:  10.4452972412, Training KL Loss:   3.7593779564, Validation KL Loss:   3.3691930771
2024-04-19 16:54:08,590 - INFO - Epoch 79 : Training Loss:  10.6823358536, Validation Loss:  10.4097261429, Training KL Loss:   3.7439482212, Validation KL Loss:   3.3548727036
2024-04-19 16:54:09,712 - INFO - Epoch 80 : Training Loss:  10.7198181152, Validation Loss:  10.4322881699, Training KL Loss:   3.7002885342, Validation KL Loss:   3.3855617046
2024-04-19 16:54:11,026 - INFO - Epoch 81 : Training Loss:  10.7295503616, Validation Loss:  10.4338855743, Training KL Loss:   3.6772964001, Validation KL Loss:   3.2854526043
2024-04-19 16:54:12,280 - INFO - Epoch 82 : Training Loss:  10.7246456146, Validation Loss:  10.4974813461, Training KL Loss:   3.6116361618, Validation KL Loss:   3.3459811211
2024-04-19 16:54:13,326 - INFO - Epoch 83 : Training Loss:  10.7761173248, Validation Loss:  10.5105504990, Training KL Loss:   3.6137964725, Validation KL Loss:   3.2504878044
2024-04-19 16:54:14,483 - INFO - Epoch 84 : Training Loss:  10.8236103058, Validation Loss:  10.5629901886, Training KL Loss:   3.5668063164, Validation KL Loss:   3.2336108685
2024-04-19 16:54:15,522 - INFO - Epoch 85 : Training Loss:  10.8353061676, Validation Loss:  10.5818777084, Training KL Loss:   3.5502252579, Validation KL Loss:   3.2272269726
2024-04-19 16:54:16,622 - INFO - Epoch 86 : Training Loss:  10.8608789444, Validation Loss:  10.6136379242, Training KL Loss:   3.5194547176, Validation KL Loss:   3.2297649384
2024-04-19 16:54:18,105 - INFO - Epoch 87 : Training Loss:  10.8970985413, Validation Loss:  10.6721515656, Training KL Loss:   3.5030126572, Validation KL Loss:   3.1317214966
2024-04-19 16:54:19,442 - INFO - Epoch 88 : Training Loss:  10.9088115692, Validation Loss:  10.7270126343, Training KL Loss:   3.4558818340, Validation KL Loss:   3.1203415394
2024-04-19 16:54:20,489 - INFO - Epoch 89 : Training Loss:  10.9557514191, Validation Loss:  10.7850666046, Training KL Loss:   3.4189479351, Validation KL Loss:   3.1347284317
2024-04-19 16:54:21,584 - INFO - Epoch 90 : Training Loss:  10.9711380005, Validation Loss:  10.7787599564, Training KL Loss:   3.4049692154, Validation KL Loss:   3.0479989052
2024-04-19 16:54:22,780 - INFO - Epoch 91 : Training Loss:  10.9837436676, Validation Loss:  10.8102293015, Training KL Loss:   3.3792200089, Validation KL Loss:   3.0441370010
2024-04-19 16:54:23,863 - INFO - Epoch 92 : Training Loss:  11.0279150009, Validation Loss:  10.7836875916, Training KL Loss:   3.3528103828, Validation KL Loss:   3.0582470894
2024-04-19 16:54:25,015 - INFO - Epoch 93 : Training Loss:  11.0625753403, Validation Loss:  10.8629407883, Training KL Loss:   3.3331921101, Validation KL Loss:   3.0114591122
2024-04-19 16:54:26,113 - INFO - Epoch 94 : Training Loss:  11.0820875168, Validation Loss:  10.8795309067, Training KL Loss:   3.2930989265, Validation KL Loss:   2.9462094307
2024-04-19 16:54:27,354 - INFO - Epoch 95 : Training Loss:  11.1202201843, Validation Loss:  10.8891353607, Training KL Loss:   3.2818977833, Validation KL Loss:   2.9458580017
2024-04-19 16:54:28,602 - INFO - Epoch 96 : Training Loss:  11.1230335236, Validation Loss:  10.8855772018, Training KL Loss:   3.2483975887, Validation KL Loss:   2.8870296478
2024-04-19 16:54:29,752 - INFO - Epoch 97 : Training Loss:  11.1505050659, Validation Loss:  10.9540567398, Training KL Loss:   3.2116520405, Validation KL Loss:   2.8652884960
2024-04-19 16:54:30,835 - INFO - Epoch 98 : Training Loss:  11.1653757095, Validation Loss:  11.0346899033, Training KL Loss:   3.1851353645, Validation KL Loss:   2.8543627262
2024-04-19 16:54:32,320 - INFO - Epoch 99 : Training Loss:  11.2390775681, Validation Loss:  11.0528964996, Training KL Loss:   3.1805205345, Validation KL Loss:   2.8627138138
2024-04-19 16:54:33,392 - INFO - Epoch 100: Training Loss:  11.2195510864, Validation Loss:  11.0746202469, Training KL Loss:   3.1560909748, Validation KL Loss:   2.8366601467
2024-04-19 16:54:36,103 - INFO - Fold 1 Metrics (Macro) - Precision: 0.2272424574, Recall: 0.0791944906, F1: 0.1026527222, Roc_auc: 0.0000000000, Auprc: 0.0000000000
2024-04-19 16:54:36,103 - INFO - Fold 1 Metrics (Micro) - Precision: 0.8606339649, Recall: 0.3547963206, F1: 0.5024554148, Roc_auc: 0.9616166634, Auprc: 0.5606886263
2024-04-19 16:54:36,117 - INFO - ================================================================== Fold 3 ===================================================================
2024-04-19 16:54:40,128 - INFO - Epoch 1  : Training Loss:  50.0628700256, Validation Loss:  15.7843389511, Training KL Loss:   5.2319183350, Validation KL Loss:   0.4556816816
2024-04-19 16:54:41,276 - INFO - Epoch 2  : Training Loss:  15.6464834213, Validation Loss:  15.5418777466, Training KL Loss:   0.5571315885, Validation KL Loss:   0.3786713481
2024-04-19 16:54:42,506 - INFO - Epoch 3  : Training Loss:  15.5059518814, Validation Loss:  15.4320249557, Training KL Loss:   0.4832716882, Validation KL Loss:   0.3350154757
2024-04-19 16:54:43,600 - INFO - Epoch 4  : Training Loss:  15.3795309067, Validation Loss:  15.2901153564, Training KL Loss:   0.4487185478, Validation KL Loss:   0.3287057877
2024-04-19 16:54:44,721 - INFO - Epoch 5  : Training Loss:  15.2176275253, Validation Loss:  15.0664052963, Training KL Loss:   0.4738909602, Validation KL Loss:   0.4356330037
2024-04-19 16:54:45,827 - INFO - Epoch 6  : Training Loss:  14.6459054947, Validation Loss:  14.0676193237, Training KL Loss:   2.3091745377, Validation KL Loss:   3.6678583622
2024-04-19 16:54:47,009 - INFO - Epoch 7  : Training Loss:  13.9953079224, Validation Loss:  13.5987091064, Training KL Loss:   7.8925948143, Validation KL Loss:  11.6854352951
2024-04-19 16:54:48,109 - INFO - Epoch 8  : Training Loss:  13.4133567810, Validation Loss:  12.8357028961, Training KL Loss:  20.1257743835, Validation KL Loss:  25.5720462799
2024-04-19 16:54:49,253 - INFO - Epoch 9  : Training Loss:  12.8109197617, Validation Loss:  12.3603620529, Training KL Loss:  37.7360610962, Validation KL Loss:  40.6923027039
2024-04-19 16:54:50,305 - INFO - Epoch 10 : Training Loss:  12.4108047485, Validation Loss:  11.9728431702, Training KL Loss:  52.7352294922, Validation KL Loss:  53.8121986389
2024-04-19 16:54:51,344 - INFO - Epoch 11 : Training Loss:  12.0208215714, Validation Loss:  11.5875120163, Training KL Loss:  67.7446441650, Validation KL Loss:  70.0981674194
2024-04-19 16:54:52,731 - INFO - Epoch 12 : Training Loss:  11.6396312714, Validation Loss:  11.1408605576, Training KL Loss:  84.1429061890, Validation KL Loss:  82.8888702393
2024-04-19 16:54:53,852 - INFO - Epoch 13 : Training Loss:  11.2008247375, Validation Loss:  10.6492853165, Training KL Loss: 100.0135955811, Validation KL Loss:  98.9800491333
2024-04-19 16:54:54,949 - INFO - Epoch 14 : Training Loss:  10.7951660156, Validation Loss:  10.2493648529, Training KL Loss: 114.5142135620, Validation KL Loss: 112.9966583252
2024-04-19 16:54:56,010 - INFO - Epoch 15 : Training Loss:  10.4407663345, Validation Loss:   9.9208087921, Training KL Loss: 130.2404479980, Validation KL Loss: 127.6314849854
2024-04-19 16:54:57,223 - INFO - Epoch 16 : Training Loss:  10.1424942017, Validation Loss:   9.6059408188, Training KL Loss: 148.2260437012, Validation KL Loss: 146.6433715820
2024-04-19 16:54:58,293 - INFO - Epoch 17 : Training Loss:  10.5589065552, Validation Loss:   9.8573179245, Training KL Loss:  47.0893135071, Validation KL Loss:  28.9944820404
2024-04-19 16:54:59,902 - INFO - Epoch 18 : Training Loss:  10.3828849792, Validation Loss:   9.6815376282, Training KL Loss:  23.1214637756, Validation KL Loss:  18.5691890717
2024-04-19 16:55:00,997 - INFO - Epoch 19 : Training Loss:  10.2525463104, Validation Loss:   9.5723609924, Training KL Loss:  17.5353107452, Validation KL Loss:  14.5689258575
2024-04-19 16:55:02,285 - INFO - Epoch 20 : Training Loss:  10.1520690918, Validation Loss:   9.4819803238, Training KL Loss:  14.7718229294, Validation KL Loss:  12.2180366516
2024-04-19 16:55:03,344 - INFO - Epoch 21 : Training Loss:  10.0961723328, Validation Loss:   9.4304218292, Training KL Loss:  13.0446996689, Validation KL Loss:  11.3781557083
2024-04-19 16:55:04,509 - INFO - Epoch 22 : Training Loss:  10.0429086685, Validation Loss:   9.3456945419, Training KL Loss:  11.9448385239, Validation KL Loss:  10.3102264404
2024-04-19 16:55:05,584 - INFO - Epoch 23 : Training Loss:   9.9988708496, Validation Loss:   9.2856960297, Training KL Loss:  10.9649314880, Validation KL Loss:   9.6710138321
2024-04-19 16:55:06,739 - INFO - Epoch 24 : Training Loss:   9.9290380478, Validation Loss:   9.1905937195, Training KL Loss:  10.4227380753, Validation KL Loss:   8.9162626266
2024-04-19 16:55:07,911 - INFO - Epoch 25 : Training Loss:   9.8845272064, Validation Loss:   9.2158641815, Training KL Loss:   9.6073856354, Validation KL Loss:   8.6225481033
2024-04-19 16:55:09,053 - INFO - Epoch 26 : Training Loss:   9.8486557007, Validation Loss:   9.1635160446, Training KL Loss:   9.1831359863, Validation KL Loss:   8.0696649551
2024-04-19 16:55:10,123 - INFO - Epoch 27 : Training Loss:   9.8064670563, Validation Loss:   9.0906953812, Training KL Loss:   8.8256969452, Validation KL Loss:   7.5560922623
2024-04-19 16:55:11,386 - INFO - Epoch 28 : Training Loss:   9.7947902679, Validation Loss:   9.0989732742, Training KL Loss:   8.3584604263, Validation KL Loss:   7.3380208015
2024-04-19 16:55:12,615 - INFO - Epoch 29 : Training Loss:   9.7827310562, Validation Loss:   9.0988578796, Training KL Loss:   8.0632343292, Validation KL Loss:   7.2902798653
2024-04-19 16:55:13,698 - INFO - Epoch 30 : Training Loss:   9.7595891953, Validation Loss:   9.0998373032, Training KL Loss:   7.7573738098, Validation KL Loss:   6.7566542625
2024-04-19 16:55:14,837 - INFO - Epoch 31 : Training Loss:   9.7319679260, Validation Loss:   9.1124887466, Training KL Loss:   7.5542721748, Validation KL Loss:   6.6334757805
2024-04-19 16:55:15,912 - INFO - Epoch 32 : Training Loss:   9.7313318253, Validation Loss:   9.0608186722, Training KL Loss:   7.2242283821, Validation KL Loss:   6.3368172646
2024-04-19 16:55:17,106 - INFO - Epoch 33 : Training Loss:   9.7269468307, Validation Loss:   9.0823163986, Training KL Loss:   7.0403294563, Validation KL Loss:   6.2155132294
2024-04-19 16:55:18,230 - INFO - Epoch 34 : Training Loss:   9.6840829849, Validation Loss:   9.1058979034, Training KL Loss:   6.8138670921, Validation KL Loss:   5.8612747192
2024-04-19 16:55:19,357 - INFO - Epoch 35 : Training Loss:   9.7357721329, Validation Loss:   9.0584678650, Training KL Loss:   6.6734795570, Validation KL Loss:   5.9173784256
2024-04-19 16:55:20,401 - INFO - Epoch 36 : Training Loss:   9.7509222031, Validation Loss:   9.0928964615, Training KL Loss:   6.5322804451, Validation KL Loss:   5.8278045654
2024-04-19 16:55:21,479 - INFO - Epoch 37 : Training Loss:   9.7144517899, Validation Loss:   9.0795116425, Training KL Loss:   6.3559660912, Validation KL Loss:   5.7662734985
2024-04-19 16:55:22,736 - INFO - Epoch 38 : Training Loss:   9.7047986984, Validation Loss:   9.1480255127, Training KL Loss:   6.2135744095, Validation KL Loss:   5.4888892174
2024-04-19 16:55:23,841 - INFO - Epoch 39 : Training Loss:   9.7234840393, Validation Loss:   9.1162576675, Training KL Loss:   6.1282191277, Validation KL Loss:   5.3475308418
2024-04-19 16:55:24,971 - INFO - Epoch 40 : Training Loss:   9.7022132874, Validation Loss:   9.2469520569, Training KL Loss:   5.9564576149, Validation KL Loss:   5.2214655876
2024-04-19 16:55:26,037 - INFO - Epoch 41 : Training Loss:   9.7348718643, Validation Loss:   9.1864385605, Training KL Loss:   5.8808040619, Validation KL Loss:   5.0172462463
2024-04-19 16:55:27,269 - INFO - Epoch 42 : Training Loss:   9.7402954102, Validation Loss:   9.1775007248, Training KL Loss:   5.7475743294, Validation KL Loss:   5.1618847847
2024-04-19 16:55:28,374 - INFO - Epoch 43 : Training Loss:   9.7510995865, Validation Loss:   9.2013931274, Training KL Loss:   5.6942286491, Validation KL Loss:   5.0022654533
2024-04-19 16:55:29,664 - INFO - Epoch 44 : Training Loss:   9.7697172165, Validation Loss:   9.2559862137, Training KL Loss:   5.6018238068, Validation KL Loss:   4.9779787064
2024-04-19 16:55:30,712 - INFO - Epoch 45 : Training Loss:   9.8213567734, Validation Loss:   9.2658042908, Training KL Loss:   5.5278253555, Validation KL Loss:   4.9386649132
2024-04-19 16:55:31,906 - INFO - Epoch 46 : Training Loss:   9.7797870636, Validation Loss:   9.2714805603, Training KL Loss:   5.4541397095, Validation KL Loss:   4.9644117355
2024-04-19 16:55:33,047 - INFO - Epoch 47 : Training Loss:   9.8303689957, Validation Loss:   9.3024978638, Training KL Loss:   5.3695645332, Validation KL Loss:   4.8150620461
2024-04-19 16:55:34,211 - INFO - Epoch 48 : Training Loss:   9.8241338730, Validation Loss:   9.3077688217, Training KL Loss:   5.3176255226, Validation KL Loss:   4.7079811096
2024-04-19 16:55:35,280 - INFO - Epoch 49 : Training Loss:   9.8423738480, Validation Loss:   9.3888034821, Training KL Loss:   5.2108898163, Validation KL Loss:   4.6203494072
2024-04-19 16:55:36,397 - INFO - Epoch 50 : Training Loss:   9.9197311401, Validation Loss:   9.4125003815, Training KL Loss:   5.1863374710, Validation KL Loss:   4.6763286591
2024-04-19 16:55:37,745 - INFO - Epoch 51 : Training Loss:   9.8898916245, Validation Loss:   9.4481744766, Training KL Loss:   5.0816087723, Validation KL Loss:   4.4684743881
2024-04-19 16:55:39,056 - INFO - Epoch 52 : Training Loss:   9.9321126938, Validation Loss:   9.4732208252, Training KL Loss:   5.0513744354, Validation KL Loss:   4.4967408180
2024-04-19 16:55:40,130 - INFO - Epoch 53 : Training Loss:   9.9209308624, Validation Loss:   9.4629192352, Training KL Loss:   4.9743566513, Validation KL Loss:   4.4862279892
2024-04-19 16:55:41,184 - INFO - Epoch 54 : Training Loss:   9.9915914536, Validation Loss:   9.5158309937, Training KL Loss:   4.9491939545, Validation KL Loss:   4.4703068733
2024-04-19 16:55:42,413 - INFO - Epoch 55 : Training Loss:   9.9981565475, Validation Loss:   9.5577201843, Training KL Loss:   4.8947458267, Validation KL Loss:   4.3141908646
2024-04-19 16:55:43,448 - INFO - Epoch 56 : Training Loss:  10.0014028549, Validation Loss:   9.5542917252, Training KL Loss:   4.8088388443, Validation KL Loss:   4.2934184074
2024-04-19 16:55:44,574 - INFO - Epoch 57 : Training Loss:  10.0447978973, Validation Loss:   9.6373996735, Training KL Loss:   4.7553706169, Validation KL Loss:   4.2477602959
2024-04-19 16:55:45,784 - INFO - Epoch 58 : Training Loss:  10.0595588684, Validation Loss:   9.6643028259, Training KL Loss:   4.7019934654, Validation KL Loss:   4.2779302597
2024-04-19 16:55:46,938 - INFO - Epoch 59 : Training Loss:  10.0700206757, Validation Loss:   9.6511640549, Training KL Loss:   4.6243972778, Validation KL Loss:   4.1879596710
2024-04-19 16:55:48,064 - INFO - Epoch 60 : Training Loss:  10.1303339005, Validation Loss:   9.7246236801, Training KL Loss:   4.6081323624, Validation KL Loss:   4.1384921074
2024-04-19 16:55:49,192 - INFO - Epoch 61 : Training Loss:  10.1256542206, Validation Loss:   9.7564296722, Training KL Loss:   4.5528335571, Validation KL Loss:   4.1261315346
2024-04-19 16:55:50,280 - INFO - Epoch 62 : Training Loss:  10.1616878510, Validation Loss:   9.8003578186, Training KL Loss:   4.5037088394, Validation KL Loss:   4.0927457809
2024-04-19 16:55:51,339 - INFO - Epoch 63 : Training Loss:  10.1783151627, Validation Loss:   9.8323345184, Training KL Loss:   4.4352412224, Validation KL Loss:   4.0287303925
2024-04-19 16:55:52,606 - INFO - Epoch 64 : Training Loss:  10.2370014191, Validation Loss:   9.8804063797, Training KL Loss:   4.4302959442, Validation KL Loss:   3.9049057961
2024-04-19 16:55:53,654 - INFO - Epoch 65 : Training Loss:  10.2509517670, Validation Loss:   9.8848123550, Training KL Loss:   4.3857913017, Validation KL Loss:   3.9507124424
2024-04-19 16:55:54,792 - INFO - Epoch 66 : Training Loss:  10.3001556396, Validation Loss:   9.9288587570, Training KL Loss:   4.3435330391, Validation KL Loss:   3.9265575409
2024-04-19 16:55:55,852 - INFO - Epoch 67 : Training Loss:  10.2955198288, Validation Loss:   9.9538097382, Training KL Loss:   4.2702183723, Validation KL Loss:   3.7904741764
2024-04-19 16:55:57,005 - INFO - Epoch 68 : Training Loss:  10.3332939148, Validation Loss:   9.9859590530, Training KL Loss:   4.2314052582, Validation KL Loss:   3.8102300167
2024-04-19 16:55:58,122 - INFO - Epoch 69 : Training Loss:  10.3422441483, Validation Loss:  10.0445585251, Training KL Loss:   4.1743574142, Validation KL Loss:   3.7683057785
2024-04-19 16:55:59,280 - INFO - Epoch 70 : Training Loss:  10.3918714523, Validation Loss:  10.0141401291, Training KL Loss:   4.1460881233, Validation KL Loss:   3.7325963974
2024-04-19 16:56:00,354 - INFO - Epoch 71 : Training Loss:  10.3936014175, Validation Loss:  10.1616058350, Training KL Loss:   4.1100196838, Validation KL Loss:   3.6446814537
2024-04-19 16:56:01,407 - INFO - Epoch 72 : Training Loss:  10.4590167999, Validation Loss:  10.1124916077, Training KL Loss:   4.0780749321, Validation KL Loss:   3.7197053432
2024-04-19 16:56:02,741 - INFO - Epoch 73 : Training Loss:  10.4521713257, Validation Loss:  10.1738023758, Training KL Loss:   4.0285205841, Validation KL Loss:   3.6213235855
2024-04-19 16:56:03,808 - INFO - Epoch 74 : Training Loss:  10.4908294678, Validation Loss:  10.1841573715, Training KL Loss:   4.0142035484, Validation KL Loss:   3.5724101067
2024-04-19 16:56:04,937 - INFO - Epoch 75 : Training Loss:  10.5170583725, Validation Loss:  10.2566366196, Training KL Loss:   3.9668977261, Validation KL Loss:   3.6056103706
2024-04-19 16:56:06,009 - INFO - Epoch 76 : Training Loss:  10.5419683456, Validation Loss:  10.3206605911, Training KL Loss:   3.9249866009, Validation KL Loss:   3.5544993877
2024-04-19 16:56:07,292 - INFO - Epoch 77 : Training Loss:  10.5756025314, Validation Loss:  10.3048181534, Training KL Loss:   3.8947603703, Validation KL Loss:   3.5036320686
2024-04-19 16:56:08,574 - INFO - Epoch 78 : Training Loss:  10.6081972122, Validation Loss:  10.4023447037, Training KL Loss:   3.8316392899, Validation KL Loss:   3.4904379845
2024-04-19 16:56:10,189 - INFO - Epoch 79 : Training Loss:  10.6331443787, Validation Loss:  10.4625387192, Training KL Loss:   3.8366315365, Validation KL Loss:   3.4442410469
2024-04-19 16:56:11,592 - INFO - Epoch 80 : Training Loss:  10.6527538300, Validation Loss:  10.4505386353, Training KL Loss:   3.7744188309, Validation KL Loss:   3.4105737209
2024-04-19 16:56:13,089 - INFO - Epoch 81 : Training Loss:  10.6881008148, Validation Loss:  10.4690523148, Training KL Loss:   3.7550683022, Validation KL Loss:   3.3626298904
2024-04-19 16:56:14,398 - INFO - Epoch 82 : Training Loss:  10.7006034851, Validation Loss:  10.5045146942, Training KL Loss:   3.7088186741, Validation KL Loss:   3.2983603477
2024-04-19 16:56:15,642 - INFO - Epoch 83 : Training Loss:  10.7628822327, Validation Loss:  10.5325202942, Training KL Loss:   3.7036468983, Validation KL Loss:   3.3490881920
2024-04-19 16:56:16,844 - INFO - Epoch 84 : Training Loss:  10.7723045349, Validation Loss:  10.5448150635, Training KL Loss:   3.6541278362, Validation KL Loss:   3.2958519459
2024-04-19 16:56:18,193 - INFO - Epoch 85 : Training Loss:  10.8350677490, Validation Loss:  10.6036024094, Training KL Loss:   3.6138925552, Validation KL Loss:   3.2903745174
2024-04-19 16:56:19,379 - INFO - Epoch 86 : Training Loss:  10.8275585175, Validation Loss:  10.5920209885, Training KL Loss:   3.5971558094, Validation KL Loss:   3.1972746849
2024-04-19 16:56:20,596 - INFO - Epoch 87 : Training Loss:  10.8692932129, Validation Loss:  10.6865491867, Training KL Loss:   3.5373773575, Validation KL Loss:   3.2665247917
2024-04-19 16:56:21,811 - INFO - Epoch 88 : Training Loss:  10.8877830505, Validation Loss:  10.7128467560, Training KL Loss:   3.5379052162, Validation KL Loss:   3.2095041275
2024-04-19 16:56:23,132 - INFO - Epoch 89 : Training Loss:  10.9240694046, Validation Loss:  10.7008543015, Training KL Loss:   3.5022220612, Validation KL Loss:   3.1725223064
2024-04-19 16:56:24,434 - INFO - Epoch 90 : Training Loss:  10.9517793655, Validation Loss:  10.7759971619, Training KL Loss:   3.4712240696, Validation KL Loss:   3.1706588268
2024-04-19 16:56:25,951 - INFO - Epoch 91 : Training Loss:  10.9784975052, Validation Loss:  10.8229751587, Training KL Loss:   3.4577674866, Validation KL Loss:   3.0722088814
2024-04-19 16:56:27,216 - INFO - Epoch 92 : Training Loss:  10.9787139893, Validation Loss:  10.8243818283, Training KL Loss:   3.4114725590, Validation KL Loss:   3.0653088093
2024-04-19 16:56:28,470 - INFO - Epoch 93 : Training Loss:  11.0259180069, Validation Loss:  10.8551998138, Training KL Loss:   3.3997855186, Validation KL Loss:   3.0485203266
2024-04-19 16:56:29,752 - INFO - Epoch 94 : Training Loss:  11.0133152008, Validation Loss:  10.8746585846, Training KL Loss:   3.3495757580, Validation KL Loss:   2.9816880226
2024-04-19 16:56:30,954 - INFO - Epoch 95 : Training Loss:  11.0602340698, Validation Loss:  10.9012060165, Training KL Loss:   3.3210611343, Validation KL Loss:   3.0574605465
2024-04-19 16:56:32,587 - INFO - Epoch 96 : Training Loss:  11.0897207260, Validation Loss:  10.9779157639, Training KL Loss:   3.3212985992, Validation KL Loss:   2.9600899220
2024-04-19 16:56:33,818 - INFO - Epoch 97 : Training Loss:  11.1086177826, Validation Loss:  10.9702167511, Training KL Loss:   3.2593221664, Validation KL Loss:   2.9137232304
2024-04-19 16:56:35,041 - INFO - Epoch 98 : Training Loss:  11.1738862991, Validation Loss:  11.0704212189, Training KL Loss:   3.2511999607, Validation KL Loss:   2.9545412064
2024-04-19 16:56:36,291 - INFO - Epoch 99 : Training Loss:  11.1884307861, Validation Loss:  10.9942131042, Training KL Loss:   3.2349882126, Validation KL Loss:   2.9480443001
2024-04-19 16:56:37,543 - INFO - Epoch 100: Training Loss:  11.2054510117, Validation Loss:  11.0960893631, Training KL Loss:   3.2096323967, Validation KL Loss:   2.9068596363
2024-04-19 16:56:40,318 - INFO - Fold 2 Metrics (Macro) - Precision: 0.2538459997, Recall: 0.0946510289, F1: 0.1236956596, Roc_auc: 0.0000000000, Auprc: 0.0000000000
2024-04-19 16:56:40,319 - INFO - Fold 2 Metrics (Micro) - Precision: 0.8504168710, Recall: 0.3771751740, F1: 0.5225777287, Roc_auc: 0.9624654938, Auprc: 0.5690429212
2024-04-19 16:56:40,331 - INFO - ================================================================== Fold 4 ===================================================================
2024-04-19 16:56:44,518 - INFO - Epoch 1  : Training Loss:  50.5741233826, Validation Loss:  15.8382825851, Training KL Loss:   4.6952891350, Validation KL Loss:   0.6475818157
2024-04-19 16:56:45,784 - INFO - Epoch 2  : Training Loss:  15.6667318344, Validation Loss:  15.5954666138, Training KL Loss:   0.7447402477, Validation KL Loss:   0.5338778496
2024-04-19 16:56:46,950 - INFO - Epoch 3  : Training Loss:  15.5183715820, Validation Loss:  15.4510536194, Training KL Loss:   0.6685631275, Validation KL Loss:   0.5158770680
2024-04-19 16:56:48,164 - INFO - Epoch 4  : Training Loss:  15.3526620865, Validation Loss:  15.2459630966, Training KL Loss:   0.6870535016, Validation KL Loss:   0.5895745754
2024-04-19 16:56:49,340 - INFO - Epoch 5  : Training Loss:  14.9566555023, Validation Loss:  14.4723625183, Training KL Loss:   1.2957878113, Validation KL Loss:   2.0699191093
2024-04-19 16:56:50,436 - INFO - Epoch 6  : Training Loss:  14.2132377625, Validation Loss:  13.8956842422, Training KL Loss:   4.4858675003, Validation KL Loss:   5.8176274300
2024-04-19 16:56:51,565 - INFO - Epoch 7  : Training Loss:  13.6680641174, Validation Loss:  12.9753332138, Training KL Loss:  12.2668924332, Validation KL Loss:  17.9377021790
2024-04-19 16:56:52,895 - INFO - Epoch 8  : Training Loss:  12.8846321106, Validation Loss:  12.4567327499, Training KL Loss:  30.8166923523, Validation KL Loss:  38.6951408386
2024-04-19 16:56:54,009 - INFO - Epoch 9  : Training Loss:  12.4778995514, Validation Loss:  12.1014375687, Training KL Loss:  51.1187286377, Validation KL Loss:  55.7726554871
2024-04-19 16:56:55,137 - INFO - Epoch 10 : Training Loss:  12.1657581329, Validation Loss:  11.8700332642, Training KL Loss:  71.3711471558, Validation KL Loss:  76.3993988037
2024-04-19 16:56:56,213 - INFO - Epoch 11 : Training Loss:  11.9299087524, Validation Loss:  11.6521167755, Training KL Loss:  90.4989776611, Validation KL Loss:  89.6114349365
2024-04-19 16:56:57,490 - INFO - Epoch 12 : Training Loss:  11.6904802322, Validation Loss:  11.3298654556, Training KL Loss: 106.4901733398, Validation KL Loss: 107.3181228638
2024-04-19 16:56:58,584 - INFO - Epoch 13 : Training Loss:  11.3661108017, Validation Loss:  10.9646606445, Training KL Loss: 126.4922256470, Validation KL Loss: 125.0718688965
2024-04-19 16:56:59,818 - INFO - Epoch 14 : Training Loss:  11.0074405670, Validation Loss:  10.5797700882, Training KL Loss: 144.9947814941, Validation KL Loss: 137.2719268799
2024-04-19 16:57:00,921 - INFO - Epoch 15 : Training Loss:  10.6535425186, Validation Loss:  10.2218999863, Training KL Loss: 167.4344635010, Validation KL Loss: 172.5178527832
2024-04-19 16:57:02,107 - INFO - Epoch 16 : Training Loss:  10.3868532181, Validation Loss:   9.9811420441, Training KL Loss: 193.5818023682, Validation KL Loss: 176.5965881348
2024-04-19 16:57:03,351 - INFO - Epoch 17 : Training Loss:  10.9104871750, Validation Loss:  10.2825345993, Training KL Loss:  48.4095344543, Validation KL Loss:  28.9631633759
2024-04-19 16:57:04,605 - INFO - Epoch 18 : Training Loss:  10.7005729675, Validation Loss:  10.1937561035, Training KL Loss:  21.7987174988, Validation KL Loss:  17.3052024841
2024-04-19 16:57:05,690 - INFO - Epoch 19 : Training Loss:  10.6118783951, Validation Loss:  10.1034507751, Training KL Loss:  15.7557458878, Validation KL Loss:  13.3347148895
2024-04-19 16:57:06,873 - INFO - Epoch 20 : Training Loss:  10.5630788803, Validation Loss:  10.0823621750, Training KL Loss:  13.1219301224, Validation KL Loss:  11.4870176315
2024-04-19 16:57:08,086 - INFO - Epoch 21 : Training Loss:  10.4863386154, Validation Loss:  10.0618228912, Training KL Loss:  11.5645408630, Validation KL Loss:   9.8915138245
2024-04-19 16:57:09,236 - INFO - Epoch 22 : Training Loss:  10.4773979187, Validation Loss:  10.0474939346, Training KL Loss:  10.3405094147, Validation KL Loss:   9.1343183517
2024-04-19 16:57:10,386 - INFO - Epoch 23 : Training Loss:  10.4455490112, Validation Loss:   9.9839801788, Training KL Loss:   9.5987348557, Validation KL Loss:   8.2560262680
2024-04-19 16:57:11,712 - INFO - Epoch 24 : Training Loss:  10.4039773941, Validation Loss:   9.9695062637, Training KL Loss:   8.8660173416, Validation KL Loss:   7.6736803055
2024-04-19 16:57:12,940 - INFO - Epoch 25 : Training Loss:  10.3663244247, Validation Loss:   9.9817848206, Training KL Loss:   8.3228816986, Validation KL Loss:   7.2228331566
2024-04-19 16:57:14,119 - INFO - Epoch 26 : Training Loss:  10.3485002518, Validation Loss:   9.9039754868, Training KL Loss:   7.8922386169, Validation KL Loss:   6.6684889793
2024-04-19 16:57:15,247 - INFO - Epoch 27 : Training Loss:  10.3123540878, Validation Loss:   9.9070434570, Training KL Loss:   7.4784026146, Validation KL Loss:   6.4099082947
2024-04-19 16:57:16,345 - INFO - Epoch 28 : Training Loss:  10.2874403000, Validation Loss:   9.8269424438, Training KL Loss:   7.2121634483, Validation KL Loss:   6.3906464577
2024-04-19 16:57:17,697 - INFO - Epoch 29 : Training Loss:  10.2567577362, Validation Loss:   9.7792749405, Training KL Loss:   6.9824695587, Validation KL Loss:   6.0417990685
2024-04-19 16:57:18,793 - INFO - Epoch 30 : Training Loss:  10.2032146454, Validation Loss:   9.7579669952, Training KL Loss:   6.6985487938, Validation KL Loss:   5.9674005508
2024-04-19 16:57:19,958 - INFO - Epoch 31 : Training Loss:  10.1809911728, Validation Loss:   9.7276620865, Training KL Loss:   6.4675631523, Validation KL Loss:   5.7669901848
2024-04-19 16:57:21,046 - INFO - Epoch 32 : Training Loss:  10.1725482941, Validation Loss:   9.7493953705, Training KL Loss:   6.2919492722, Validation KL Loss:   5.7308216095
2024-04-19 16:57:22,302 - INFO - Epoch 33 : Training Loss:  10.1366205215, Validation Loss:   9.6976900101, Training KL Loss:   6.2065057755, Validation KL Loss:   5.3199000359
2024-04-19 16:57:23,429 - INFO - Epoch 34 : Training Loss:  10.1428270340, Validation Loss:   9.6960887909, Training KL Loss:   6.0351586342, Validation KL Loss:   5.3762559891
2024-04-19 16:57:24,771 - INFO - Epoch 35 : Training Loss:  10.1211328506, Validation Loss:   9.7364883423, Training KL Loss:   5.9360837936, Validation KL Loss:   5.1978678703
2024-04-19 16:57:25,853 - INFO - Epoch 36 : Training Loss:  10.0952787399, Validation Loss:   9.6822900772, Training KL Loss:   5.8353519440, Validation KL Loss:   5.2049479485
2024-04-19 16:57:27,026 - INFO - Epoch 37 : Training Loss:  10.1123733521, Validation Loss:   9.6946086884, Training KL Loss:   5.6864242554, Validation KL Loss:   5.1784110069
2024-04-19 16:57:28,226 - INFO - Epoch 38 : Training Loss:  10.0988321304, Validation Loss:   9.6867284775, Training KL Loss:   5.6903996468, Validation KL Loss:   5.0406517982
2024-04-19 16:57:29,419 - INFO - Epoch 39 : Training Loss:  10.0947532654, Validation Loss:   9.6572008133, Training KL Loss:   5.5014667511, Validation KL Loss:   5.0888714790
2024-04-19 16:57:30,528 - INFO - Epoch 40 : Training Loss:  10.1036777496, Validation Loss:   9.6819210052, Training KL Loss:   5.5035400391, Validation KL Loss:   4.9809365273
2024-04-19 16:57:31,692 - INFO - Epoch 41 : Training Loss:  10.1065053940, Validation Loss:   9.6815176010, Training KL Loss:   5.4304685593, Validation KL Loss:   4.9078125954
2024-04-19 16:57:33,098 - INFO - Epoch 42 : Training Loss:  10.1132898331, Validation Loss:   9.7133827209, Training KL Loss:   5.3281545639, Validation KL Loss:   4.8383574486
2024-04-19 16:57:34,259 - INFO - Epoch 43 : Training Loss:  10.1370000839, Validation Loss:   9.7411623001, Training KL Loss:   5.3111715317, Validation KL Loss:   4.6008400917
2024-04-19 16:57:35,523 - INFO - Epoch 44 : Training Loss:  10.1260852814, Validation Loss:   9.7231683731, Training KL Loss:   5.1995754242, Validation KL Loss:   4.7225518227
2024-04-19 16:57:36,687 - INFO - Epoch 45 : Training Loss:  10.1684789658, Validation Loss:   9.7395124435, Training KL Loss:   5.1449217796, Validation KL Loss:   4.6285367012
2024-04-19 16:57:37,939 - INFO - Epoch 46 : Training Loss:  10.1763801575, Validation Loss:   9.7846593857, Training KL Loss:   5.0886435509, Validation KL Loss:   4.5037155151
2024-04-19 16:57:39,097 - INFO - Epoch 47 : Training Loss:  10.1637411118, Validation Loss:   9.8681755066, Training KL Loss:   4.9944005013, Validation KL Loss:   4.5198111534
2024-04-19 16:57:40,235 - INFO - Epoch 48 : Training Loss:  10.1907634735, Validation Loss:   9.8411722183, Training KL Loss:   4.9231142998, Validation KL Loss:   4.4252295494
2024-04-19 16:57:41,314 - INFO - Epoch 49 : Training Loss:  10.2015600204, Validation Loss:   9.9092588425, Training KL Loss:   4.8980054855, Validation KL Loss:   4.3638005257
2024-04-19 16:57:42,589 - INFO - Epoch 50 : Training Loss:  10.1938447952, Validation Loss:   9.8548145294, Training KL Loss:   4.7842135429, Validation KL Loss:   4.3529982567
2024-04-19 16:57:43,698 - INFO - Epoch 51 : Training Loss:  10.2544612885, Validation Loss:   9.8881416321, Training KL Loss:   4.7932620049, Validation KL Loss:   4.3340501785
2024-04-19 16:57:44,854 - INFO - Epoch 52 : Training Loss:  10.2677307129, Validation Loss:   9.9745550156, Training KL Loss:   4.6945629120, Validation KL Loss:   4.3224077225
2024-04-19 16:57:45,991 - INFO - Epoch 53 : Training Loss:  10.2473630905, Validation Loss:   9.9112224579, Training KL Loss:   4.6083102226, Validation KL Loss:   4.2544708252
2024-04-19 16:57:47,175 - INFO - Epoch 54 : Training Loss:  10.2847318649, Validation Loss:  10.0043601990, Training KL Loss:   4.6104907990, Validation KL Loss:   4.2136220932
2024-04-19 16:57:48,329 - INFO - Epoch 55 : Training Loss:  10.3200740814, Validation Loss:  10.0262374878, Training KL Loss:   4.5636191368, Validation KL Loss:   4.1337237358
2024-04-19 16:57:49,502 - INFO - Epoch 56 : Training Loss:  10.3204231262, Validation Loss:  10.0187749863, Training KL Loss:   4.4888629913, Validation KL Loss:   4.0757107735
2024-04-19 16:57:50,609 - INFO - Epoch 57 : Training Loss:  10.3509187698, Validation Loss:  10.0665445328, Training KL Loss:   4.4334855080, Validation KL Loss:   4.0322036743
2024-04-19 16:57:51,738 - INFO - Epoch 58 : Training Loss:  10.3959665298, Validation Loss:  10.1377372742, Training KL Loss:   4.4110713005, Validation KL Loss:   3.9266502857
2024-04-19 16:57:53,001 - INFO - Epoch 59 : Training Loss:  10.3743619919, Validation Loss:  10.1467876434, Training KL Loss:   4.3234629631, Validation KL Loss:   3.9826903343
2024-04-19 16:57:54,105 - INFO - Epoch 60 : Training Loss:  10.4186582565, Validation Loss:  10.1687383652, Training KL Loss:   4.3137607574, Validation KL Loss:   3.9490697384
2024-04-19 16:57:55,240 - INFO - Epoch 61 : Training Loss:  10.4052639008, Validation Loss:  10.2012529373, Training KL Loss:   4.2731704712, Validation KL Loss:   3.8962166309
2024-04-19 16:57:56,341 - INFO - Epoch 62 : Training Loss:  10.4271697998, Validation Loss:  10.2125720978, Training KL Loss:   4.2170133591, Validation KL Loss:   3.7930462360
2024-04-19 16:57:57,581 - INFO - Epoch 63 : Training Loss:  10.4745092392, Validation Loss:  10.2659873962, Training KL Loss:   4.1678414345, Validation KL Loss:   3.8570709229
2024-04-19 16:57:58,722 - INFO - Epoch 64 : Training Loss:  10.4835348129, Validation Loss:  10.3167686462, Training KL Loss:   4.1575078964, Validation KL Loss:   3.7629544735
2024-04-19 16:57:59,970 - INFO - Epoch 65 : Training Loss:  10.5172643661, Validation Loss:  10.3650569916, Training KL Loss:   4.1001782417, Validation KL Loss:   3.7400681973
2024-04-19 16:58:01,225 - INFO - Epoch 66 : Training Loss:  10.5495967865, Validation Loss:  10.3201541901, Training KL Loss:   4.0606603622, Validation KL Loss:   3.7351701260
2024-04-19 16:58:02,469 - INFO - Epoch 67 : Training Loss:  10.5772676468, Validation Loss:  10.3963842392, Training KL Loss:   4.0282816887, Validation KL Loss:   3.6671357155
2024-04-19 16:58:03,626 - INFO - Epoch 68 : Training Loss:  10.5900802612, Validation Loss:  10.4080085754, Training KL Loss:   3.9896533489, Validation KL Loss:   3.6144552231
2024-04-19 16:58:04,798 - INFO - Epoch 69 : Training Loss:  10.5994968414, Validation Loss:  10.4156799316, Training KL Loss:   3.9452118874, Validation KL Loss:   3.5463180542
2024-04-19 16:58:05,860 - INFO - Epoch 70 : Training Loss:  10.6229190826, Validation Loss:  10.4681148529, Training KL Loss:   3.8885266781, Validation KL Loss:   3.5937426090
2024-04-19 16:58:07,011 - INFO - Epoch 71 : Training Loss:  10.6447563171, Validation Loss:  10.4664402008, Training KL Loss:   3.8685379028, Validation KL Loss:   3.6393442154
2024-04-19 16:58:08,204 - INFO - Epoch 72 : Training Loss:  10.6975965500, Validation Loss:  10.5476837158, Training KL Loss:   3.8328943253, Validation KL Loss:   3.5057728291
2024-04-19 16:58:09,393 - INFO - Epoch 73 : Training Loss:  10.6943101883, Validation Loss:  10.5759363174, Training KL Loss:   3.8166637421, Validation KL Loss:   3.5191981792
2024-04-19 16:58:10,678 - INFO - Epoch 74 : Training Loss:  10.7356595993, Validation Loss:  10.6138391495, Training KL Loss:   3.7745194435, Validation KL Loss:   3.3871989250
2024-04-19 16:58:12,027 - INFO - Epoch 75 : Training Loss:  10.7614459991, Validation Loss:  10.6602401733, Training KL Loss:   3.7405624390, Validation KL Loss:   3.4349770546
2024-04-19 16:58:13,247 - INFO - Epoch 76 : Training Loss:  10.7756805420, Validation Loss:  10.6730785370, Training KL Loss:   3.6963775158, Validation KL Loss:   3.3458437920
2024-04-19 16:58:14,407 - INFO - Epoch 77 : Training Loss:  10.7897367477, Validation Loss:  10.7145843506, Training KL Loss:   3.6789901257, Validation KL Loss:   3.3687067032
2024-04-19 16:58:15,478 - INFO - Epoch 78 : Training Loss:  10.8359050751, Validation Loss:  10.7796649933, Training KL Loss:   3.6312961578, Validation KL Loss:   3.3008637428
2024-04-19 16:58:16,545 - INFO - Epoch 79 : Training Loss:  10.8774852753, Validation Loss:  10.7737264633, Training KL Loss:   3.6204192638, Validation KL Loss:   3.3431954384
2024-04-19 16:58:18,069 - INFO - Epoch 80 : Training Loss:  10.8864173889, Validation Loss:  10.8482265472, Training KL Loss:   3.5771274567, Validation KL Loss:   3.2077770233
2024-04-19 16:58:19,209 - INFO - Epoch 81 : Training Loss:  10.9002695084, Validation Loss:  10.8381776810, Training KL Loss:   3.5343124866, Validation KL Loss:   3.2818369865
2024-04-19 16:58:20,343 - INFO - Epoch 82 : Training Loss:  10.9369115829, Validation Loss:  10.8669300079, Training KL Loss:   3.5369815826, Validation KL Loss:   3.2298521996
2024-04-19 16:58:21,463 - INFO - Epoch 83 : Training Loss:  10.9712285995, Validation Loss:  10.8976984024, Training KL Loss:   3.4901573658, Validation KL Loss:   3.1780321598
2024-04-19 16:58:22,709 - INFO - Epoch 84 : Training Loss:  10.9871387482, Validation Loss:  10.8952608109, Training KL Loss:   3.4550015926, Validation KL Loss:   3.1301121712
2024-04-19 16:58:23,785 - INFO - Epoch 85 : Training Loss:  11.0037202835, Validation Loss:  10.9600267410, Training KL Loss:   3.4220154285, Validation KL Loss:   3.1171634197
2024-04-19 16:58:25,419 - INFO - Epoch 86 : Training Loss:  11.0427265167, Validation Loss:  10.9953060150, Training KL Loss:   3.4005537033, Validation KL Loss:   3.1514410973
2024-04-19 16:58:26,505 - INFO - Epoch 87 : Training Loss:  11.0462265015, Validation Loss:  11.0253696442, Training KL Loss:   3.3874328136, Validation KL Loss:   3.0807018280
2024-04-19 16:58:27,762 - INFO - Epoch 88 : Training Loss:  11.0948009491, Validation Loss:  11.0447893143, Training KL Loss:   3.3419752121, Validation KL Loss:   3.0807795525
2024-04-19 16:58:28,832 - INFO - Epoch 89 : Training Loss:  11.1533899307, Validation Loss:  11.0735702515, Training KL Loss:   3.3136548996, Validation KL Loss:   3.0387706757
2024-04-19 16:58:30,016 - INFO - Epoch 90 : Training Loss:  11.1014595032, Validation Loss:  11.1093864441, Training KL Loss:   3.2797782421, Validation KL Loss:   3.0089802742
2024-04-19 16:58:31,117 - INFO - Epoch 91 : Training Loss:  11.2016324997, Validation Loss:  11.1771583557, Training KL Loss:   3.2707440853, Validation KL Loss:   2.9416987896
2024-04-19 16:58:32,384 - INFO - Epoch 92 : Training Loss:  11.2067861557, Validation Loss:  11.1618890762, Training KL Loss:   3.2250456810, Validation KL Loss:   2.9640223980
2024-04-19 16:58:33,533 - INFO - Epoch 93 : Training Loss:  11.1957340240, Validation Loss:  11.2108812332, Training KL Loss:   3.1956942081, Validation KL Loss:   2.9401824474
2024-04-19 16:58:34,681 - INFO - Epoch 94 : Training Loss:  11.2313632965, Validation Loss:  11.1642971039, Training KL Loss:   3.1897490025, Validation KL Loss:   2.9489016533
2024-04-19 16:58:35,756 - INFO - Epoch 95 : Training Loss:  11.2420320511, Validation Loss:  11.2783746719, Training KL Loss:   3.1532881260, Validation KL Loss:   2.8987874985
2024-04-19 16:58:36,839 - INFO - Epoch 96 : Training Loss:  11.3164672852, Validation Loss:  11.2712726593, Training KL Loss:   3.1520731449, Validation KL Loss:   2.8682498932
2024-04-19 16:58:38,090 - INFO - Epoch 97 : Training Loss:  11.3037061691, Validation Loss:  11.3079252243, Training KL Loss:   3.0901772976, Validation KL Loss:   2.7938520908
2024-04-19 16:58:39,290 - INFO - Epoch 98 : Training Loss:  11.3516159058, Validation Loss:  11.4363088608, Training KL Loss:   3.0987861156, Validation KL Loss:   2.8250799179
2024-04-19 16:58:40,400 - INFO - Epoch 99 : Training Loss:  11.3736448288, Validation Loss:  11.3782482147, Training KL Loss:   3.0553913116, Validation KL Loss:   2.7976901531
2024-04-19 16:58:41,482 - INFO - Epoch 100: Training Loss:  11.4136981964, Validation Loss:  11.3914785385, Training KL Loss:   3.0429613590, Validation KL Loss:   2.7737300396
2024-04-19 16:58:44,360 - INFO - Fold 3 Metrics (Macro) - Precision: 0.2075573384, Recall: 0.0787523918, F1: 0.1012813854, Roc_auc: 0.0000000000, Auprc: 0.0000000000
2024-04-19 16:58:44,360 - INFO - Fold 3 Metrics (Micro) - Precision: 0.8615111111, Recall: 0.3493619782, F1: 0.4971276159, Roc_auc: 0.9569576049, Auprc: 0.5433818161
2024-04-19 16:58:44,372 - INFO - ================================================================== Fold 5 ===================================================================
2024-04-19 16:58:49,075 - INFO - Epoch 1  : Training Loss:  49.0870704651, Validation Loss:  15.7203769684, Training KL Loss:  11.8067064285, Validation KL Loss:   2.4478480816
2024-04-19 16:58:50,375 - INFO - Epoch 2  : Training Loss:  15.5975227356, Validation Loss:  15.5469303131, Training KL Loss:   2.6239581108, Validation KL Loss:   1.9095531702
2024-04-19 16:58:51,641 - INFO - Epoch 3  : Training Loss:  15.3197326660, Validation Loss:  15.1961774826, Training KL Loss:   2.5126712322, Validation KL Loss:   2.3446924686
2024-04-19 16:58:53,057 - INFO - Epoch 4  : Training Loss:  14.8196182251, Validation Loss:  14.3607673645, Training KL Loss:   4.1349101067, Validation KL Loss:   5.7661333084
2024-04-19 16:58:54,428 - INFO - Epoch 5  : Training Loss:  14.1380844116, Validation Loss:  13.9300613403, Training KL Loss:   9.4210824966, Validation KL Loss:  11.0781431198
2024-04-19 16:58:55,615 - INFO - Epoch 6  : Training Loss:  13.8383064270, Validation Loss:  13.7035789490, Training KL Loss:  16.1668167114, Validation KL Loss:  18.2574310303
2024-04-19 16:58:56,742 - INFO - Epoch 7  : Training Loss:  13.4971761703, Validation Loss:  13.0756921768, Training KL Loss:  25.1003341675, Validation KL Loss:  27.9957695007
2024-04-19 16:58:58,132 - INFO - Epoch 8  : Training Loss:  12.8901634216, Validation Loss:  12.5879077911, Training KL Loss:  38.9922866821, Validation KL Loss:  41.2794761658
2024-04-19 16:58:59,361 - INFO - Epoch 9  : Training Loss:  12.4821891785, Validation Loss:  12.2155227661, Training KL Loss:  54.0877304077, Validation KL Loss:  55.1189308167
2024-04-19 16:59:00,767 - INFO - Epoch 10 : Training Loss:  12.1660213470, Validation Loss:  11.9220628738, Training KL Loss:  69.1357269287, Validation KL Loss:  70.6482162476
2024-04-19 16:59:02,097 - INFO - Epoch 11 : Training Loss:  11.8784465790, Validation Loss:  11.6541862488, Training KL Loss:  84.5772933960, Validation KL Loss:  86.2674484253
2024-04-19 16:59:03,439 - INFO - Epoch 12 : Training Loss:  11.5715494156, Validation Loss:  11.2340469360, Training KL Loss:  98.9977874756, Validation KL Loss:  95.0831604004
2024-04-19 16:59:04,748 - INFO - Epoch 13 : Training Loss:  11.2033042908, Validation Loss:  10.9591932297, Training KL Loss: 112.8893585205, Validation KL Loss: 107.4855117798
2024-04-19 16:59:05,816 - INFO - Epoch 14 : Training Loss:  10.8752861023, Validation Loss:  10.6380310059, Training KL Loss: 127.8267517090, Validation KL Loss: 118.1209030151
2024-04-19 16:59:07,243 - INFO - Epoch 15 : Training Loss:  10.5647230148, Validation Loss:  10.2155218124, Training KL Loss: 139.5287628174, Validation KL Loss: 135.0089416504
2024-04-19 16:59:08,587 - INFO - Epoch 16 : Training Loss:  10.2268066406, Validation Loss:   9.8557014465, Training KL Loss: 159.1407318115, Validation KL Loss: 146.7883758545
2024-04-19 16:59:10,092 - INFO - Epoch 17 : Training Loss:  10.6960954666, Validation Loss:  10.1329069138, Training KL Loss:  52.8770179749, Validation KL Loss:  29.8063678741
2024-04-19 16:59:12,072 - INFO - Epoch 18 : Training Loss:  10.5353431702, Validation Loss:  10.1094532013, Training KL Loss:  23.3723545074, Validation KL Loss:  17.1598320007
2024-04-19 16:59:13,915 - INFO - Epoch 19 : Training Loss:  10.4413509369, Validation Loss:   9.9214391708, Training KL Loss:  16.5743999481, Validation KL Loss:  13.5802755356
2024-04-19 16:59:15,417 - INFO - Epoch 20 : Training Loss:  10.3544979095, Validation Loss:   9.8925848007, Training KL Loss:  13.8981742859, Validation KL Loss:  11.2721233368
2024-04-19 16:59:16,567 - INFO - Epoch 21 : Training Loss:  10.3098220825, Validation Loss:   9.8552131653, Training KL Loss:  12.1241531372, Validation KL Loss:   9.9699640274
2024-04-19 16:59:17,999 - INFO - Epoch 22 : Training Loss:  10.2888374329, Validation Loss:   9.9008817673, Training KL Loss:  11.0457296371, Validation KL Loss:   9.2840499878
2024-04-19 16:59:19,220 - INFO - Epoch 23 : Training Loss:  10.2527465820, Validation Loss:   9.8478384018, Training KL Loss:  10.0806713104, Validation KL Loss:   8.7372531891
2024-04-19 16:59:20,485 - INFO - Epoch 24 : Training Loss:  10.1859979630, Validation Loss:   9.7969064713, Training KL Loss:   9.4932117462, Validation KL Loss:   8.0073518753
2024-04-19 16:59:21,719 - INFO - Epoch 25 : Training Loss:  10.1665506363, Validation Loss:   9.7557163239, Training KL Loss:   8.7777252197, Validation KL Loss:   7.6943330765
2024-04-19 16:59:23,067 - INFO - Epoch 26 : Training Loss:  10.1601781845, Validation Loss:   9.6699142456, Training KL Loss:   8.4376955032, Validation KL Loss:   7.2050027847
2024-04-19 16:59:24,235 - INFO - Epoch 27 : Training Loss:  10.1123580933, Validation Loss:   9.7095394135, Training KL Loss:   7.9832134247, Validation KL Loss:   6.9124865532
2024-04-19 16:59:25,395 - INFO - Epoch 28 : Training Loss:  10.0787687302, Validation Loss:   9.6062135696, Training KL Loss:   7.6368627548, Validation KL Loss:   6.4791746140
2024-04-19 16:59:26,464 - INFO - Epoch 29 : Training Loss:  10.0256633759, Validation Loss:   9.6008768082, Training KL Loss:   7.3211283684, Validation KL Loss:   6.5388092995
2024-04-19 16:59:27,751 - INFO - Epoch 30 : Training Loss:  10.0291509628, Validation Loss:   9.5908327103, Training KL Loss:   7.0374512672, Validation KL Loss:   6.3490915298
2024-04-19 16:59:28,849 - INFO - Epoch 31 : Training Loss:  10.0209798813, Validation Loss:   9.5901231766, Training KL Loss:   6.8069543839, Validation KL Loss:   6.0318112373
2024-04-19 16:59:29,997 - INFO - Epoch 32 : Training Loss:  10.0022468567, Validation Loss:   9.6210479736, Training KL Loss:   6.6657772064, Validation KL Loss:   5.6982460022
2024-04-19 16:59:31,077 - INFO - Epoch 33 : Training Loss:   9.9725151062, Validation Loss:   9.5518379211, Training KL Loss:   6.4607133865, Validation KL Loss:   5.6516499519
2024-04-19 16:59:32,253 - INFO - Epoch 34 : Training Loss:   9.9773626328, Validation Loss:   9.5314779282, Training KL Loss:   6.3457341194, Validation KL Loss:   5.7355060577
2024-04-19 16:59:33,459 - INFO - Epoch 35 : Training Loss:   9.9650011063, Validation Loss:   9.5393781662, Training KL Loss:   6.2158851624, Validation KL Loss:   5.5303869247
2024-04-19 16:59:34,614 - INFO - Epoch 36 : Training Loss:   9.9466342926, Validation Loss:   9.4801692963, Training KL Loss:   6.0793089867, Validation KL Loss:   5.4484944344
2024-04-19 16:59:35,654 - INFO - Epoch 37 : Training Loss:   9.9578485489, Validation Loss:   9.5027637482, Training KL Loss:   5.9687457085, Validation KL Loss:   5.4012351036
2024-04-19 16:59:36,720 - INFO - Epoch 38 : Training Loss:   9.9313936234, Validation Loss:   9.5178480148, Training KL Loss:   5.8602509499, Validation KL Loss:   5.0947866440
2024-04-19 16:59:37,991 - INFO - Epoch 39 : Training Loss:   9.9444694519, Validation Loss:   9.5092077255, Training KL Loss:   5.7869892120, Validation KL Loss:   5.1010160446
2024-04-19 16:59:39,203 - INFO - Epoch 40 : Training Loss:   9.9456434250, Validation Loss:   9.5744419098, Training KL Loss:   5.6928224564, Validation KL Loss:   5.0407109261
2024-04-19 16:59:40,369 - INFO - Epoch 41 : Training Loss:   9.9674453735, Validation Loss:   9.5660724640, Training KL Loss:   5.5897245407, Validation KL Loss:   4.9956817627
2024-04-19 16:59:41,460 - INFO - Epoch 42 : Training Loss:   9.9848165512, Validation Loss:   9.6047792435, Training KL Loss:   5.5319485664, Validation KL Loss:   4.9892449379
2024-04-19 16:59:42,741 - INFO - Epoch 43 : Training Loss:   9.9325857162, Validation Loss:   9.6191320419, Training KL Loss:   5.4367823601, Validation KL Loss:   4.8509221077
2024-04-19 16:59:43,831 - INFO - Epoch 44 : Training Loss:   9.9513463974, Validation Loss:   9.5801258087, Training KL Loss:   5.3264889717, Validation KL Loss:   4.9135332108
2024-04-19 16:59:45,013 - INFO - Epoch 45 : Training Loss:   9.9845533371, Validation Loss:   9.6646490097, Training KL Loss:   5.2841038704, Validation KL Loss:   4.8262920380
2024-04-19 16:59:46,126 - INFO - Epoch 46 : Training Loss:  10.0026798248, Validation Loss:   9.6509628296, Training KL Loss:   5.2208414078, Validation KL Loss:   4.7464675903
2024-04-19 16:59:47,233 - INFO - Epoch 47 : Training Loss:   9.9980831146, Validation Loss:   9.7187108994, Training KL Loss:   5.1502075195, Validation KL Loss:   4.6623387337
2024-04-19 16:59:48,511 - INFO - Epoch 48 : Training Loss:  10.0211076736, Validation Loss:   9.6665115356, Training KL Loss:   5.0902152061, Validation KL Loss:   4.6790671349
2024-04-19 16:59:49,702 - INFO - Epoch 49 : Training Loss:  10.0327091217, Validation Loss:   9.7501707077, Training KL Loss:   5.0371203423, Validation KL Loss:   4.5314674377
2024-04-19 16:59:50,793 - INFO - Epoch 50 : Training Loss:  10.0516080856, Validation Loss:   9.7440299988, Training KL Loss:   4.9456286430, Validation KL Loss:   4.4612178802
2024-04-19 16:59:51,865 - INFO - Epoch 51 : Training Loss:  10.0999307632, Validation Loss:   9.7707748413, Training KL Loss:   4.9359965324, Validation KL Loss:   4.4673480988
2024-04-19 16:59:53,234 - INFO - Epoch 52 : Training Loss:  10.1128730774, Validation Loss:   9.8324241638, Training KL Loss:   4.8740158081, Validation KL Loss:   4.4320697784
2024-04-19 16:59:54,383 - INFO - Epoch 53 : Training Loss:  10.1039476395, Validation Loss:   9.8529853821, Training KL Loss:   4.8001041412, Validation KL Loss:   4.3512573242
2024-04-19 16:59:55,513 - INFO - Epoch 54 : Training Loss:  10.1296529770, Validation Loss:   9.8441362381, Training KL Loss:   4.7522311211, Validation KL Loss:   4.3454318047
2024-04-19 16:59:56,584 - INFO - Epoch 55 : Training Loss:  10.1435003281, Validation Loss:   9.8616504669, Training KL Loss:   4.6885991096, Validation KL Loss:   4.3009061813
2024-04-19 16:59:57,817 - INFO - Epoch 56 : Training Loss:  10.1692094803, Validation Loss:   9.9284267426, Training KL Loss:   4.6602654457, Validation KL Loss:   4.2444896698
2024-04-19 16:59:58,914 - INFO - Epoch 57 : Training Loss:  10.1972217560, Validation Loss:   9.9342336655, Training KL Loss:   4.6113605499, Validation KL Loss:   4.2125835419
2024-04-19 17:00:00,122 - INFO - Epoch 58 : Training Loss:  10.2032213211, Validation Loss:   9.9486923218, Training KL Loss:   4.5590896606, Validation KL Loss:   4.1912369728
2024-04-19 17:00:01,198 - INFO - Epoch 59 : Training Loss:  10.2467098236, Validation Loss:   9.9747610092, Training KL Loss:   4.4847912788, Validation KL Loss:   4.0558137894
2024-04-19 17:00:02,356 - INFO - Epoch 60 : Training Loss:  10.2542715073, Validation Loss:  10.0294523239, Training KL Loss:   4.4338550568, Validation KL Loss:   4.0925054550
2024-04-19 17:00:03,535 - INFO - Epoch 61 : Training Loss:  10.2847328186, Validation Loss:  10.0665807724, Training KL Loss:   4.4098587036, Validation KL Loss:   4.0736737251
2024-04-19 17:00:04,728 - INFO - Epoch 62 : Training Loss:  10.2961120605, Validation Loss:  10.0011930466, Training KL Loss:   4.3716168404, Validation KL Loss:   4.0085759163
2024-04-19 17:00:05,821 - INFO - Epoch 63 : Training Loss:  10.3162164688, Validation Loss:  10.0894184113, Training KL Loss:   4.3187665939, Validation KL Loss:   3.9114415646
2024-04-19 17:00:06,927 - INFO - Epoch 64 : Training Loss:  10.3363561630, Validation Loss:  10.0850620270, Training KL Loss:   4.2621331215, Validation KL Loss:   3.8480312824
2024-04-19 17:00:08,172 - INFO - Epoch 65 : Training Loss:  10.3695764542, Validation Loss:  10.1632585526, Training KL Loss:   4.2368063927, Validation KL Loss:   3.8621933460
2024-04-19 17:00:09,293 - INFO - Epoch 66 : Training Loss:  10.3867940903, Validation Loss:  10.1622314453, Training KL Loss:   4.1953725815, Validation KL Loss:   3.8496334553
2024-04-19 17:00:10,598 - INFO - Epoch 67 : Training Loss:  10.3895740509, Validation Loss:  10.2100791931, Training KL Loss:   4.1569662094, Validation KL Loss:   3.8058323860
2024-04-19 17:00:11,700 - INFO - Epoch 68 : Training Loss:  10.4196815491, Validation Loss:  10.2308750153, Training KL Loss:   4.1094694138, Validation KL Loss:   3.8088881969
2024-04-19 17:00:12,946 - INFO - Epoch 69 : Training Loss:  10.4274320602, Validation Loss:  10.2892208099, Training KL Loss:   4.0988221169, Validation KL Loss:   3.7734160423
2024-04-19 17:00:14,036 - INFO - Epoch 70 : Training Loss:  10.5156745911, Validation Loss:  10.2859420776, Training KL Loss:   4.0624799728, Validation KL Loss:   3.8126978874
2024-04-19 17:00:15,213 - INFO - Epoch 71 : Training Loss:  10.5154390335, Validation Loss:  10.3208684921, Training KL Loss:   4.0180339813, Validation KL Loss:   3.7412390709
2024-04-19 17:00:16,251 - INFO - Epoch 72 : Training Loss:  10.4946012497, Validation Loss:  10.3691587448, Training KL Loss:   3.9589712620, Validation KL Loss:   3.5801613331
2024-04-19 17:00:17,379 - INFO - Epoch 73 : Training Loss:  10.5554208755, Validation Loss:  10.4193096161, Training KL Loss:   3.9426884651, Validation KL Loss:   3.6228415966
2024-04-19 17:00:18,613 - INFO - Epoch 74 : Training Loss:  10.5602016449, Validation Loss:  10.4680871964, Training KL Loss:   3.9101622105, Validation KL Loss:   3.6134324074
2024-04-19 17:00:19,784 - INFO - Epoch 75 : Training Loss:  10.6058530807, Validation Loss:  10.4683198929, Training KL Loss:   3.8878800869, Validation KL Loss:   3.5282995701
2024-04-19 17:00:20,949 - INFO - Epoch 76 : Training Loss:  10.5978450775, Validation Loss:  10.4715185165, Training KL Loss:   3.8287227154, Validation KL Loss:   3.5246207714
2024-04-19 17:00:22,199 - INFO - Epoch 77 : Training Loss:  10.6578769684, Validation Loss:  10.5543966293, Training KL Loss:   3.8182799816, Validation KL Loss:   3.4519987106
2024-04-19 17:00:23,432 - INFO - Epoch 78 : Training Loss:  10.6602153778, Validation Loss:  10.5416393280, Training KL Loss:   3.7798557281, Validation KL Loss:   3.4365139008
2024-04-19 17:00:24,637 - INFO - Epoch 79 : Training Loss:  10.7122535706, Validation Loss:  10.5738000870, Training KL Loss:   3.7676892281, Validation KL Loss:   3.4727020264
2024-04-19 17:00:25,694 - INFO - Epoch 80 : Training Loss:  10.7303390503, Validation Loss:  10.5693597794, Training KL Loss:   3.7278251648, Validation KL Loss:   3.4269278049
2024-04-19 17:00:26,771 - INFO - Epoch 81 : Training Loss:  10.7343387604, Validation Loss:  10.6810035706, Training KL Loss:   3.6667470932, Validation KL Loss:   3.3905031681
2024-04-19 17:00:28,003 - INFO - Epoch 82 : Training Loss:  10.7898511887, Validation Loss:  10.6972351074, Training KL Loss:   3.6814374924, Validation KL Loss:   3.3358867168
2024-04-19 17:00:29,090 - INFO - Epoch 83 : Training Loss:  10.8029108047, Validation Loss:  10.7243461609, Training KL Loss:   3.6476812363, Validation KL Loss:   3.3413646221
2024-04-19 17:00:30,231 - INFO - Epoch 84 : Training Loss:  10.8158102036, Validation Loss:  10.7664928436, Training KL Loss:   3.5849814415, Validation KL Loss:   3.3137154579
2024-04-19 17:00:31,299 - INFO - Epoch 85 : Training Loss:  10.8506517410, Validation Loss:  10.7534332275, Training KL Loss:   3.5618364811, Validation KL Loss:   3.2873587608
2024-04-19 17:00:32,704 - INFO - Epoch 86 : Training Loss:  10.8511724472, Validation Loss:  10.7890405655, Training KL Loss:   3.5247957706, Validation KL Loss:   3.2002792358
2024-04-19 17:00:33,769 - INFO - Epoch 87 : Training Loss:  10.9084739685, Validation Loss:  10.8648138046, Training KL Loss:   3.5082988739, Validation KL Loss:   3.2483072281
2024-04-19 17:00:34,920 - INFO - Epoch 88 : Training Loss:  10.9591388702, Validation Loss:  10.8222703934, Training KL Loss:   3.4863743782, Validation KL Loss:   3.2362079620
2024-04-19 17:00:35,956 - INFO - Epoch 89 : Training Loss:  10.9600038528, Validation Loss:  10.8658094406, Training KL Loss:   3.4577827454, Validation KL Loss:   3.2196633816
2024-04-19 17:00:37,438 - INFO - Epoch 90 : Training Loss:  10.9917449951, Validation Loss:  10.9228153229, Training KL Loss:   3.4258918762, Validation KL Loss:   3.1146721840
2024-04-19 17:00:38,842 - INFO - Epoch 91 : Training Loss:  11.0098428726, Validation Loss:  11.0004110336, Training KL Loss:   3.4067511559, Validation KL Loss:   3.0952086449
2024-04-19 17:00:39,999 - INFO - Epoch 92 : Training Loss:  11.0560102463, Validation Loss:  11.0260438919, Training KL Loss:   3.3658268452, Validation KL Loss:   3.0837130547
2024-04-19 17:00:41,040 - INFO - Epoch 93 : Training Loss:  11.0842771530, Validation Loss:  11.0219173431, Training KL Loss:   3.3542339802, Validation KL Loss:   3.0727739334
2024-04-19 17:00:42,109 - INFO - Epoch 94 : Training Loss:  11.0760860443, Validation Loss:  11.0297317505, Training KL Loss:   3.3395016193, Validation KL Loss:   3.0353009701
2024-04-19 17:00:43,326 - INFO - Epoch 95 : Training Loss:  11.0879697800, Validation Loss:  11.1521625519, Training KL Loss:   3.2746989727, Validation KL Loss:   3.0221736431
2024-04-19 17:00:44,418 - INFO - Epoch 96 : Training Loss:  11.1465244293, Validation Loss:  11.1345567703, Training KL Loss:   3.2707383633, Validation KL Loss:   2.9798855782
2024-04-19 17:00:45,551 - INFO - Epoch 97 : Training Loss:  11.1450986862, Validation Loss:  11.1581001282, Training KL Loss:   3.2229249477, Validation KL Loss:   2.9763007164
2024-04-19 17:00:47,046 - INFO - Epoch 98 : Training Loss:  11.1819601059, Validation Loss:  11.2038326263, Training KL Loss:   3.1855769157, Validation KL Loss:   2.9438154697
2024-04-19 17:00:48,281 - INFO - Epoch 99 : Training Loss:  11.1860218048, Validation Loss:  11.2460994720, Training KL Loss:   3.1902048588, Validation KL Loss:   2.8887135983
2024-04-19 17:00:49,367 - INFO - Epoch 100: Training Loss:  11.2046127319, Validation Loss:  11.2847089767, Training KL Loss:   3.1428279877, Validation KL Loss:   2.8943772316
2024-04-19 17:00:52,034 - INFO - Fold 4 Metrics (Macro) - Precision: 0.2184921327, Recall: 0.0748025895, F1: 0.0989708704, Roc_auc: 0.0000000000, Auprc: 0.0000000000
2024-04-19 17:00:52,034 - INFO - Fold 4 Metrics (Micro) - Precision: 0.8796823753, Recall: 0.3667506297, F1: 0.5176757416, Roc_auc: 0.9583188537, Auprc: 0.5673818986
2024-04-19 17:00:54,607 - INFO - ============================================================= Results Summary ===============================================================
2024-04-19 17:00:54,607 - INFO - CrossVal Metrics (Macro) - Precision: 0.2265509579  0.0171177704, Recall: 0.0802165795  0.0084194518, F1: 0.1048824243  0.0106866920, Roc_auc: 0.0000000000  0.0000000000, Auprc: 0.0000000000  0.0000000000
2024-04-19 17:00:54,607 - INFO - Testing  Metrics (Macro) - Precision: 0.1937551254, Recall: 0.0740056985, F1: 0.0964223567, Roc_auc: 0.0000000000, Auprc: 0.0000000000
2024-04-19 17:00:54,608 - INFO - CrossVal Metrics (Micro) - Precision: 0.8658798268  0.0122815245, Recall: 0.3645310572  0.0121497982, F1: 0.5129605390  0.0124488786, Roc_auc: 0.9593736587  0.0025007433, Auprc: 0.5623400119  0.0113034762
2024-04-19 17:00:54,608 - INFO - Testing  Metrics (Micro) - Precision: 0.8666797181, Recall: 0.3604461814, F1: 0.5091431857, Roc_auc: 0.9578542382, Auprc: 0.5603537245
