2024-04-19 00:48:14,373 - INFO - Training presence model...
2024-04-19 00:48:14,373 - INFO - Model parameters - 4 encoder layers of size [512, 256, 128, 64]
2024-04-19 00:48:14,374 - INFO - Model parameters - 4 decoder layers of size [64, 128, 256, 512]
2024-04-19 00:48:14,374 - INFO - Model parameters - Dropout rate: 0.1
2024-04-19 00:48:14,374 - INFO - Model parameters - Epochs: 100
2024-04-19 00:48:14,374 - INFO - Model parameters - Batch size: 64
2024-04-19 00:48:17,971 - INFO - ================================================================== Fold 1 ===================================================================
2024-04-19 00:48:25,257 - INFO - Epoch 1  : Training Loss:  20.6018943787, Validation Loss:  17.1954574585, Training KL Loss:   7.2665953636, Validation KL Loss:  39.8917999268
2024-04-19 00:48:28,365 - INFO - Epoch 2  : Training Loss:  16.7356414795, Validation Loss:  15.6189661026, Training KL Loss: 120.6000823975, Validation KL Loss: 203.8558807373
2024-04-19 00:48:31,528 - INFO - Epoch 3  : Training Loss:  15.2665576935, Validation Loss:  14.5875349045, Training KL Loss: 350.9283142090, Validation KL Loss: 442.3396606445
2024-04-19 00:48:34,743 - INFO - Epoch 4  : Training Loss:  14.6698522568, Validation Loss:  14.1841192245, Training KL Loss: 624.8551025391, Validation KL Loss: 647.2073974609
2024-04-19 00:48:37,791 - INFO - Epoch 5  : Training Loss:  14.3473157883, Validation Loss:  14.0128984451, Training KL Loss: 928.0503540039, Validation KL Loss: 1244.0563964844
2024-04-19 00:48:40,931 - INFO - Epoch 6  : Training Loss:  14.2194013596, Validation Loss:  13.8284807205, Training KL Loss: 1368.1209716797, Validation KL Loss: 1319.1175537109
2024-04-19 00:48:44,159 - INFO - Epoch 7  : Training Loss:  14.0205554962, Validation Loss:  13.8821763992, Training KL Loss: 2218.3222656250, Validation KL Loss: 1423.8808593750
2024-04-19 00:48:47,636 - INFO - Epoch 8  : Training Loss:  13.9261474609, Validation Loss:  13.5286474228, Training KL Loss: 2068.6835937500, Validation KL Loss: 2038.5429687500
2024-04-19 00:48:51,025 - INFO - Epoch 9  : Training Loss:  13.7560071945, Validation Loss:  13.3467426300, Training KL Loss: 2968.8430175781, Validation KL Loss: 2804.8518066406
2024-04-19 00:48:54,575 - INFO - Epoch 10 : Training Loss:  13.7823276520, Validation Loss:  13.5663366318, Training KL Loss: 3477.0126953125, Validation KL Loss: 2628.0278320312
2024-04-19 00:48:57,832 - INFO - Epoch 11 : Training Loss:  13.8248271942, Validation Loss:  13.5693683624, Training KL Loss: 4279.4531250000, Validation KL Loss: 4070.5292968750
2024-04-19 00:49:01,174 - INFO - Epoch 12 : Training Loss: 154.4981536865, Validation Loss:  14.7975063324, Training KL Loss: 916013907968.0000000000, Validation KL Loss: 7321.4614257812
2024-04-19 00:49:04,367 - INFO - Epoch 13 : Training Loss:  14.4082260132, Validation Loss:  13.6657543182, Training KL Loss: 17589.2285156250, Validation KL Loss: 13062.0175781250
2024-04-19 00:49:07,524 - INFO - Epoch 14 : Training Loss:  15.1960935593, Validation Loss:  14.1226406097, Training KL Loss: 77861.9843750000, Validation KL Loss: 18144.3710937500
2024-04-19 00:49:10,874 - INFO - Epoch 15 : Training Loss:  14.3840866089, Validation Loss:  13.7711029053, Training KL Loss: 22125.6562500000, Validation KL Loss: 26454.6113281250
2024-04-19 00:49:14,150 - INFO - Epoch 16 : Training Loss:  14.6267471313, Validation Loss:  13.8122920990, Training KL Loss: 36299.8242187500, Validation KL Loss: 29670.2382812500
2024-04-19 00:49:17,330 - INFO - Epoch 17 : Training Loss: 324834.6875000000, Validation Loss:  16.7572917938, Training KL Loss: 32481704.0000000000, Validation KL Loss:  18.7887172699
2024-04-19 00:49:20,509 - INFO - Epoch 18 : Training Loss: 10639.1210937500, Validation Loss:  16.6418571472, Training KL Loss: 531110.8125000000, Validation KL Loss:   9.0793094635
2024-04-19 00:49:23,665 - INFO - Epoch 19 : Training Loss:  17.0812740326, Validation Loss:  16.3435287476, Training KL Loss:  11.3165082932, Validation KL Loss:   7.1617255211
2024-04-19 00:49:26,816 - INFO - Epoch 20 : Training Loss:  16.9155426025, Validation Loss:  16.3418502808, Training KL Loss:   9.3438062668, Validation KL Loss:   6.5948567390
2024-04-19 00:49:29,963 - INFO - Epoch 21 : Training Loss:            nan, Validation Loss:            nan, Training KL Loss:            nan, Validation KL Loss:            nan
2024-04-19 00:49:33,231 - INFO - Epoch 22 : Training Loss:            nan, Validation Loss:            nan, Training KL Loss:            nan, Validation KL Loss:            nan
2024-04-19 00:49:36,266 - INFO - Epoch 23 : Training Loss:            nan, Validation Loss:            nan, Training KL Loss:            nan, Validation KL Loss:            nan
2024-04-19 00:49:39,610 - INFO - Epoch 24 : Training Loss:            nan, Validation Loss:            nan, Training KL Loss:            nan, Validation KL Loss:            nan
2024-04-19 00:49:42,713 - INFO - Epoch 25 : Training Loss:            nan, Validation Loss:            nan, Training KL Loss:            nan, Validation KL Loss:            nan
2024-04-19 00:49:45,976 - INFO - Epoch 26 : Training Loss:            nan, Validation Loss:            nan, Training KL Loss:            nan, Validation KL Loss:            nan
2024-04-19 00:49:49,106 - INFO - Epoch 27 : Training Loss:            nan, Validation Loss:            nan, Training KL Loss:            nan, Validation KL Loss:            nan
2024-04-19 00:49:52,078 - INFO - Epoch 28 : Training Loss:            nan, Validation Loss:            nan, Training KL Loss:            nan, Validation KL Loss:            nan
2024-04-19 00:49:55,263 - INFO - Epoch 29 : Training Loss:            nan, Validation Loss:            nan, Training KL Loss:            nan, Validation KL Loss:            nan
2024-04-19 00:49:58,346 - INFO - Epoch 30 : Training Loss:            nan, Validation Loss:            nan, Training KL Loss:            nan, Validation KL Loss:            nan
2024-04-19 00:50:01,583 - INFO - Epoch 31 : Training Loss:            nan, Validation Loss:            nan, Training KL Loss:            nan, Validation KL Loss:            nan
2024-04-19 00:50:04,866 - INFO - Epoch 32 : Training Loss:            nan, Validation Loss:            nan, Training KL Loss:            nan, Validation KL Loss:            nan
2024-04-19 00:50:08,111 - INFO - Epoch 33 : Training Loss:            nan, Validation Loss:            nan, Training KL Loss:            nan, Validation KL Loss:            nan
2024-04-19 00:50:11,770 - INFO - Epoch 34 : Training Loss:            nan, Validation Loss:            nan, Training KL Loss:            nan, Validation KL Loss:            nan
2024-04-19 00:50:14,951 - INFO - Epoch 35 : Training Loss:            nan, Validation Loss:            nan, Training KL Loss:            nan, Validation KL Loss:            nan
2024-04-19 00:50:18,017 - INFO - Epoch 36 : Training Loss:            nan, Validation Loss:            nan, Training KL Loss:            nan, Validation KL Loss:            nan
2024-04-19 00:50:21,028 - INFO - Epoch 37 : Training Loss:            nan, Validation Loss:            nan, Training KL Loss:            nan, Validation KL Loss:            nan
2024-04-19 00:50:24,146 - INFO - Epoch 38 : Training Loss:            nan, Validation Loss:            nan, Training KL Loss:            nan, Validation KL Loss:            nan
2024-04-19 00:50:27,537 - INFO - Epoch 39 : Training Loss:            nan, Validation Loss:            nan, Training KL Loss:            nan, Validation KL Loss:            nan
2024-04-19 00:50:30,685 - INFO - Epoch 40 : Training Loss:            nan, Validation Loss:            nan, Training KL Loss:            nan, Validation KL Loss:            nan
2024-04-19 00:50:33,998 - INFO - Epoch 41 : Training Loss:            nan, Validation Loss:            nan, Training KL Loss:            nan, Validation KL Loss:            nan
2024-04-19 00:50:37,152 - INFO - Epoch 42 : Training Loss:            nan, Validation Loss:            nan, Training KL Loss:            nan, Validation KL Loss:            nan
2024-04-19 00:50:40,311 - INFO - Epoch 43 : Training Loss:            nan, Validation Loss:            nan, Training KL Loss:            nan, Validation KL Loss:            nan
2024-04-19 00:50:43,443 - INFO - Epoch 44 : Training Loss:            nan, Validation Loss:            nan, Training KL Loss:            nan, Validation KL Loss:            nan
2024-04-19 00:50:46,771 - INFO - Epoch 45 : Training Loss:            nan, Validation Loss:            nan, Training KL Loss:            nan, Validation KL Loss:            nan
2024-04-19 00:50:50,384 - INFO - Epoch 46 : Training Loss:            nan, Validation Loss:            nan, Training KL Loss:            nan, Validation KL Loss:            nan
2024-04-19 00:50:53,860 - INFO - Epoch 47 : Training Loss:            nan, Validation Loss:            nan, Training KL Loss:            nan, Validation KL Loss:            nan
2024-04-19 00:50:56,950 - INFO - Epoch 48 : Training Loss:            nan, Validation Loss:            nan, Training KL Loss:            nan, Validation KL Loss:            nan
2024-04-19 00:51:00,238 - INFO - Epoch 49 : Training Loss:            nan, Validation Loss:            nan, Training KL Loss:            nan, Validation KL Loss:            nan
