2024-04-19 00:55:39,722 - INFO - Training presence model...
2024-04-19 00:55:39,722 - INFO - Model parameters - 4 encoder layers of size [512, 256, 128, 64]
2024-04-19 00:55:39,722 - INFO - Model parameters - 4 decoder layers of size [64, 128, 256, 512]
2024-04-19 00:55:39,723 - INFO - Model parameters - Dropout rate: 0.1
2024-04-19 00:55:39,723 - INFO - Model parameters - Epochs: 100
2024-04-19 00:55:39,723 - INFO - Model parameters - Batch size: 128
2024-04-19 00:55:43,298 - INFO - ================================================================== Fold 1 ===================================================================
2024-04-19 00:55:49,335 - INFO - Epoch 1  : Training Loss:  40.2841567993, Validation Loss:  24.5835876465, Training KL Loss:   3.9834754467, Validation KL Loss:   1.0743112564
2024-04-19 00:55:51,295 - INFO - Epoch 2  : Training Loss:  24.1499748230, Validation Loss:  23.8067646027, Training KL Loss:   1.8180288076, Validation KL Loss:   3.4006996155
2024-04-19 00:55:53,456 - INFO - Epoch 3  : Training Loss:  23.0746650696, Validation Loss:  22.6955471039, Training KL Loss:   7.6962728500, Validation KL Loss:  11.3262987137
2024-04-19 00:55:55,483 - INFO - Epoch 4  : Training Loss:  22.2584896088, Validation Loss:  21.9676799774, Training KL Loss:  16.6531219482, Validation KL Loss:  22.1005840302
2024-04-19 00:55:57,369 - INFO - Epoch 5  : Training Loss:  21.1589183807, Validation Loss:  20.6509971619, Training KL Loss:  37.4265670776, Validation KL Loss:  49.4047737122
2024-04-19 00:55:59,720 - INFO - Epoch 6  : Training Loss:  20.0028457642, Validation Loss:  19.4614810944, Training KL Loss:  68.4017486572, Validation KL Loss:  75.9644241333
2024-04-19 00:56:01,692 - INFO - Epoch 7  : Training Loss:  18.9880294800, Validation Loss:  18.5360984802, Training KL Loss:  92.6816253662, Validation KL Loss: 100.0584487915
2024-04-19 00:56:03,680 - INFO - Epoch 8  : Training Loss:  18.2690429688, Validation Loss:  17.9632339478, Training KL Loss: 116.7109069824, Validation KL Loss: 112.1023864746
2024-04-19 00:56:05,761 - INFO - Epoch 9  : Training Loss:  17.6037673950, Validation Loss:  17.2619400024, Training KL Loss: 134.4431762695, Validation KL Loss: 137.8750457764
2024-04-19 00:56:07,812 - INFO - Epoch 10 : Training Loss:  16.9932727814, Validation Loss:  16.6949977875, Training KL Loss: 157.1339569092, Validation KL Loss: 157.2371520996
2024-04-19 00:56:09,889 - INFO - Epoch 11 : Training Loss:  16.4620780945, Validation Loss:  16.3737602234, Training KL Loss: 184.6960296631, Validation KL Loss: 193.4975280762
2024-04-19 00:56:12,059 - INFO - Epoch 12 : Training Loss:  16.0976448059, Validation Loss:  16.0805873871, Training KL Loss: 213.3747711182, Validation KL Loss: 206.4487609863
2024-04-19 00:56:14,062 - INFO - Epoch 13 : Training Loss:  15.7842102051, Validation Loss:  15.7442569733, Training KL Loss: 238.8366241455, Validation KL Loss: 229.5015716553
2024-04-19 00:56:16,027 - INFO - Epoch 14 : Training Loss:  15.4854507446, Validation Loss:  15.5588760376, Training KL Loss: 265.8130187988, Validation KL Loss: 251.9457092285
2024-04-19 00:56:18,131 - INFO - Epoch 15 : Training Loss:  15.2366933823, Validation Loss:  15.3291215897, Training KL Loss: 291.5018920898, Validation KL Loss: 277.8631591797
2024-04-19 00:56:20,274 - INFO - Epoch 16 : Training Loss:  15.0309906006, Validation Loss:  15.2092924118, Training KL Loss: 313.9771728516, Validation KL Loss: 289.4443664551
2024-04-19 00:56:22,338 - INFO - Epoch 17 : Training Loss:  15.8509654999, Validation Loss:  15.7458925247, Training KL Loss:  62.2851791382, Validation KL Loss:  41.0498123169
2024-04-19 00:56:24,461 - INFO - Epoch 18 : Training Loss:  15.8041248322, Validation Loss:  15.8570480347, Training KL Loss:  31.9171295166, Validation KL Loss:  26.2420387268
2024-04-19 00:56:26,386 - INFO - Epoch 19 : Training Loss:  15.8510303497, Validation Loss:  15.9587373734, Training KL Loss:  23.8474388123, Validation KL Loss:  21.5929336548
2024-04-19 00:56:28,397 - INFO - Epoch 20 : Training Loss:  15.9099378586, Validation Loss:  16.0124359131, Training KL Loss:  20.0812244415, Validation KL Loss:  18.2423496246
2024-04-19 00:56:30,472 - INFO - Epoch 21 : Training Loss:  15.9370203018, Validation Loss:  16.0741024017, Training KL Loss:  17.6762657166, Validation KL Loss:  16.2704963684
2024-04-19 00:56:32,694 - INFO - Epoch 22 : Training Loss:  15.9784717560, Validation Loss:  16.1749801636, Training KL Loss:  15.9651861191, Validation KL Loss:  14.5147533417
2024-04-19 00:56:34,864 - INFO - Epoch 23 : Training Loss:  16.0214176178, Validation Loss:  16.2298297882, Training KL Loss:  14.6912946701, Validation KL Loss:  13.1314878464
2024-04-19 00:56:36,818 - INFO - Epoch 24 : Training Loss:  16.0496273041, Validation Loss:  16.2749252319, Training KL Loss:  13.6431655884, Validation KL Loss:  12.5749883652
2024-04-19 00:56:38,999 - INFO - Epoch 25 : Training Loss:  16.1027698517, Validation Loss:  16.3415946960, Training KL Loss:  12.6737136841, Validation KL Loss:  11.8108844757
2024-04-19 00:56:41,240 - INFO - Epoch 26 : Training Loss:  16.1336555481, Validation Loss:  16.3720664978, Training KL Loss:  11.9816017151, Validation KL Loss:  10.7621545792
2024-04-19 00:56:43,357 - INFO - Epoch 27 : Training Loss:  16.1626224518, Validation Loss:  16.4042396545, Training KL Loss:  11.4166069031, Validation KL Loss:  10.5997848511
2024-04-19 00:56:45,731 - INFO - Epoch 28 : Training Loss:  16.1466426849, Validation Loss:  16.4466648102, Training KL Loss:  10.8424644470, Validation KL Loss:  10.1059770584
2024-04-19 00:56:47,937 - INFO - Epoch 29 : Training Loss:  16.1845092773, Validation Loss:  16.5107593536, Training KL Loss:  10.3945455551, Validation KL Loss:   9.6759729385
2024-04-19 00:56:50,001 - INFO - Epoch 30 : Training Loss:  16.1894741058, Validation Loss:  16.4937286377, Training KL Loss:   9.9871950150, Validation KL Loss:   9.4159526825
2024-04-19 00:56:51,958 - INFO - Epoch 31 : Training Loss:  16.2150039673, Validation Loss:  16.5646190643, Training KL Loss:   9.5894212723, Validation KL Loss:   8.6883316040
2024-04-19 00:56:54,195 - INFO - Epoch 32 : Training Loss:  16.2412376404, Validation Loss:  16.5703468323, Training KL Loss:   9.2457141876, Validation KL Loss:   8.4518432617
2024-04-19 00:56:56,226 - INFO - Epoch 33 : Training Loss:  16.2347164154, Validation Loss:  16.6294651031, Training KL Loss:   9.0048360825, Validation KL Loss:   7.9107408524
2024-04-19 00:56:58,269 - INFO - Epoch 34 : Training Loss:  16.2680225372, Validation Loss:  16.6873016357, Training KL Loss:   8.6697168350, Validation KL Loss:   8.0305881500
2024-04-19 00:57:00,550 - INFO - Epoch 35 : Training Loss:  16.2427291870, Validation Loss:  16.6540641785, Training KL Loss:   8.4388504028, Validation KL Loss:   7.8158855438
2024-04-19 00:57:02,502 - INFO - Epoch 36 : Training Loss:  16.2568016052, Validation Loss:  16.7457561493, Training KL Loss:   8.2377538681, Validation KL Loss:   7.6359767914
2024-04-19 00:57:04,757 - INFO - Epoch 37 : Training Loss:  16.2834835052, Validation Loss:  16.7194900513, Training KL Loss:   8.1017074585, Validation KL Loss:   7.4180850983
2024-04-19 00:57:06,694 - INFO - Epoch 38 : Training Loss:  16.3024845123, Validation Loss:  16.8252601624, Training KL Loss:   7.8260116577, Validation KL Loss:   7.2591695786
2024-04-19 00:57:08,653 - INFO - Epoch 39 : Training Loss:  16.3058471680, Validation Loss:  16.7747497559, Training KL Loss:   7.7468237877, Validation KL Loss:   7.3985157013
2024-04-19 00:57:10,954 - INFO - Epoch 40 : Training Loss:  16.2981071472, Validation Loss:  16.7986545563, Training KL Loss:   7.5766015053, Validation KL Loss:   7.0993852615
2024-04-19 00:57:12,932 - INFO - Epoch 41 : Training Loss:  16.3182220459, Validation Loss:  16.8179988861, Training KL Loss:   7.4404950142, Validation KL Loss:   6.8542037010
2024-04-19 00:57:14,972 - INFO - Epoch 42 : Training Loss:  16.3675231934, Validation Loss:  16.9523220062, Training KL Loss:   7.3478331566, Validation KL Loss:   6.8211841583
2024-04-19 00:57:16,900 - INFO - Epoch 43 : Training Loss:  16.3844108582, Validation Loss:  16.9451847076, Training KL Loss:   7.1978335381, Validation KL Loss:   6.8859076500
2024-04-19 00:57:19,069 - INFO - Epoch 44 : Training Loss:  16.4049987793, Validation Loss:  17.0238113403, Training KL Loss:   7.0956053734, Validation KL Loss:   6.6005539894
2024-04-19 00:57:21,128 - INFO - Epoch 45 : Training Loss:  16.4233398438, Validation Loss:  16.9861049652, Training KL Loss:   6.9985742569, Validation KL Loss:   6.5807871819
2024-04-19 00:57:23,202 - INFO - Epoch 46 : Training Loss:  16.4487991333, Validation Loss:  17.0579299927, Training KL Loss:   6.8905487061, Validation KL Loss:   6.5317502022
2024-04-19 00:57:25,379 - INFO - Epoch 47 : Training Loss:  16.4779186249, Validation Loss:  17.1044349670, Training KL Loss:   6.8145966530, Validation KL Loss:   6.3463759422
2024-04-19 00:57:27,243 - INFO - Epoch 48 : Training Loss:  16.5274963379, Validation Loss:  17.1896076202, Training KL Loss:   6.7347946167, Validation KL Loss:   6.3842582703
2024-04-19 00:57:29,213 - INFO - Epoch 49 : Training Loss:  16.5318336487, Validation Loss:  17.1969356537, Training KL Loss:   6.6394686699, Validation KL Loss:   6.2127408981
2024-04-19 00:57:31,287 - INFO - Epoch 50 : Training Loss:  16.5731582642, Validation Loss:  17.2476348877, Training KL Loss:   6.5733804703, Validation KL Loss:   6.1448245049
2024-04-19 00:57:33,353 - INFO - Epoch 51 : Training Loss:  16.6402530670, Validation Loss:  17.3474235535, Training KL Loss:   6.5317921638, Validation KL Loss:   6.0894045830
2024-04-19 00:57:35,470 - INFO - Epoch 52 : Training Loss:  16.6655426025, Validation Loss:  17.4631137848, Training KL Loss:   6.4233193398, Validation KL Loss:   6.0416998863
2024-04-19 00:57:37,805 - INFO - Epoch 53 : Training Loss:  16.6842422485, Validation Loss:  17.4546566010, Training KL Loss:   6.3286466599, Validation KL Loss:   5.9438433647
2024-04-19 00:57:40,129 - INFO - Epoch 54 : Training Loss:  16.7450542450, Validation Loss:  17.5269279480, Training KL Loss:   6.3096895218, Validation KL Loss:   5.8745388985
2024-04-19 00:57:42,099 - INFO - Epoch 55 : Training Loss:  16.7850894928, Validation Loss:  17.5274868011, Training KL Loss:   6.1988425255, Validation KL Loss:   5.7295608521
2024-04-19 00:57:44,060 - INFO - Epoch 56 : Training Loss:  16.8277225494, Validation Loss:  17.6335239410, Training KL Loss:   6.1450896263, Validation KL Loss:   5.7897849083
2024-04-19 00:57:46,082 - INFO - Epoch 57 : Training Loss:  16.8440780640, Validation Loss:  17.6842823029, Training KL Loss:   6.0686531067, Validation KL Loss:   5.8254528046
2024-04-19 00:57:48,059 - INFO - Epoch 58 : Training Loss:  16.9188899994, Validation Loss:  17.7161903381, Training KL Loss:   6.0411090851, Validation KL Loss:   5.6051611900
2024-04-19 00:57:50,081 - INFO - Epoch 59 : Training Loss:  16.9374160767, Validation Loss:  17.8079528809, Training KL Loss:   5.9535293579, Validation KL Loss:   5.5435104370
2024-04-19 00:57:51,965 - INFO - Epoch 60 : Training Loss:  16.9676055908, Validation Loss:  17.7887287140, Training KL Loss:   5.8961253166, Validation KL Loss:   5.4497380257
2024-04-19 00:57:53,969 - INFO - Epoch 61 : Training Loss:  17.0140724182, Validation Loss:  17.9036464691, Training KL Loss:   5.8209633827, Validation KL Loss:   5.5579948425
2024-04-19 00:57:55,916 - INFO - Epoch 62 : Training Loss:  17.0570201874, Validation Loss:  17.9282798767, Training KL Loss:   5.7695655823, Validation KL Loss:   5.4709963799
2024-04-19 00:57:57,855 - INFO - Epoch 63 : Training Loss:  17.0949020386, Validation Loss:  17.9592094421, Training KL Loss:   5.7205338478, Validation KL Loss:   5.4374470711
2024-04-19 00:57:59,924 - INFO - Epoch 64 : Training Loss:  17.1171684265, Validation Loss:  18.0371952057, Training KL Loss:   5.6470222473, Validation KL Loss:   5.3014254570
2024-04-19 00:58:01,893 - INFO - Epoch 65 : Training Loss:  17.1742362976, Validation Loss:  18.0945224762, Training KL Loss:   5.6218228340, Validation KL Loss:   5.1813426018
2024-04-19 00:58:03,921 - INFO - Epoch 66 : Training Loss:  17.1877079010, Validation Loss:  18.0930156708, Training KL Loss:   5.5390210152, Validation KL Loss:   5.2031059265
2024-04-19 00:58:05,947 - INFO - Epoch 67 : Training Loss:  17.2015438080, Validation Loss:  18.1214656830, Training KL Loss:   5.4877519608, Validation KL Loss:   5.0248169899
2024-04-19 00:58:08,066 - INFO - Epoch 68 : Training Loss:  17.3078212738, Validation Loss:  18.2661418915, Training KL Loss:   5.4622454643, Validation KL Loss:   5.1786680222
2024-04-19 00:58:10,144 - INFO - Epoch 69 : Training Loss:  17.2938461304, Validation Loss:  18.2494850159, Training KL Loss:   5.3678021431, Validation KL Loss:   4.9233803749
2024-04-19 00:58:12,512 - INFO - Epoch 70 : Training Loss:  17.3009166718, Validation Loss:  18.3318004608, Training KL Loss:   5.3308420181, Validation KL Loss:   4.8593988419
2024-04-19 00:58:14,629 - INFO - Epoch 71 : Training Loss:  17.3905620575, Validation Loss:  18.3759460449, Training KL Loss:   5.2935752869, Validation KL Loss:   5.0220265388
2024-04-19 00:58:16,590 - INFO - Epoch 72 : Training Loss:  17.4282855988, Validation Loss:  18.4189910889, Training KL Loss:   5.2453546524, Validation KL Loss:   4.9626116753
2024-04-19 00:58:18,658 - INFO - Epoch 73 : Training Loss:  17.4689579010, Validation Loss:  18.4791030884, Training KL Loss:   5.1944351196, Validation KL Loss:   4.8119330406
2024-04-19 00:58:20,793 - INFO - Epoch 74 : Training Loss:  17.5111827850, Validation Loss:  18.4919185638, Training KL Loss:   5.1437492371, Validation KL Loss:   4.7847752571
2024-04-19 00:58:22,715 - INFO - Epoch 75 : Training Loss:  17.5614376068, Validation Loss:  18.5468196869, Training KL Loss:   5.1205687523, Validation KL Loss:   4.8110747337
2024-04-19 00:58:24,751 - INFO - Epoch 76 : Training Loss:  17.6070728302, Validation Loss:  18.5728340149, Training KL Loss:   5.0768790245, Validation KL Loss:   4.6444311142
2024-04-19 00:58:26,685 - INFO - Epoch 77 : Training Loss:  17.6169967651, Validation Loss:  18.6424179077, Training KL Loss:   5.0065708160, Validation KL Loss:   4.8398203850
2024-04-19 00:58:28,763 - INFO - Epoch 78 : Training Loss:  17.6538944244, Validation Loss:  18.7217712402, Training KL Loss:   5.0038070679, Validation KL Loss:   4.6508750916
2024-04-19 00:58:30,791 - INFO - Epoch 79 : Training Loss:  17.7162475586, Validation Loss:  18.7293090820, Training KL Loss:   4.9318199158, Validation KL Loss:   4.6420388222
2024-04-19 00:58:32,777 - INFO - Epoch 80 : Training Loss:  17.7531509399, Validation Loss:  18.7446479797, Training KL Loss:   4.9124703407, Validation KL Loss:   4.5506143570
2024-04-19 00:58:34,794 - INFO - Epoch 81 : Training Loss:  17.8104896545, Validation Loss:  18.7945117950, Training KL Loss:   4.8767981529, Validation KL Loss:   4.6189203262
2024-04-19 00:58:36,727 - INFO - Epoch 82 : Training Loss:  17.8091945648, Validation Loss:  18.8657684326, Training KL Loss:   4.8335933685, Validation KL Loss:   4.5079045296
2024-04-19 00:58:38,989 - INFO - Epoch 83 : Training Loss:  17.8578319550, Validation Loss:  18.9488544464, Training KL Loss:   4.7722640038, Validation KL Loss:   4.4849333763
2024-04-19 00:58:41,001 - INFO - Epoch 84 : Training Loss:  17.8716335297, Validation Loss:  18.9699840546, Training KL Loss:   4.7463736534, Validation KL Loss:   4.4593915939
2024-04-19 00:58:43,005 - INFO - Epoch 85 : Training Loss:  17.9044094086, Validation Loss:  18.9881496429, Training KL Loss:   4.6979184151, Validation KL Loss:   4.4721708298
2024-04-19 00:58:45,057 - INFO - Epoch 86 : Training Loss:  17.9853801727, Validation Loss:  18.9950275421, Training KL Loss:   4.6586256027, Validation KL Loss:   4.4672365189
2024-04-19 00:58:47,108 - INFO - Epoch 87 : Training Loss:  18.0204505920, Validation Loss:  19.0498924255, Training KL Loss:   4.6455183029, Validation KL Loss:   4.2891364098
2024-04-19 00:58:49,395 - INFO - Epoch 88 : Training Loss:  18.0396652222, Validation Loss:  19.1266059875, Training KL Loss:   4.5803017616, Validation KL Loss:   4.2909040451
2024-04-19 00:58:51,569 - INFO - Epoch 89 : Training Loss:  18.1093406677, Validation Loss:  19.0978698730, Training KL Loss:   4.5786895752, Validation KL Loss:   4.2540225983
2024-04-19 00:58:53,837 - INFO - Epoch 90 : Training Loss:  18.1236362457, Validation Loss:  19.2387943268, Training KL Loss:   4.5215396881, Validation KL Loss:   4.1797413826
2024-04-19 00:58:56,148 - INFO - Epoch 91 : Training Loss:  18.1690196991, Validation Loss:  19.2472648621, Training KL Loss:   4.4820289612, Validation KL Loss:   4.1825251579
2024-04-19 00:58:58,750 - INFO - Epoch 92 : Training Loss:  18.1740245819, Validation Loss:  19.2652645111, Training KL Loss:   4.4467511177, Validation KL Loss:   4.1901092529
2024-04-19 00:59:01,515 - INFO - Epoch 93 : Training Loss:  18.1971492767, Validation Loss:  19.3385238647, Training KL Loss:   4.4044027328, Validation KL Loss:   4.1718659401
2024-04-19 00:59:03,558 - INFO - Epoch 94 : Training Loss:  18.2473640442, Validation Loss:  19.3802165985, Training KL Loss:   4.3595666885, Validation KL Loss:   4.1311330795
2024-04-19 00:59:05,833 - INFO - Epoch 95 : Training Loss:  18.2788658142, Validation Loss:  19.3863201141, Training KL Loss:   4.3517293930, Validation KL Loss:   4.0992426872
2024-04-19 00:59:08,440 - INFO - Epoch 96 : Training Loss:  18.3390388489, Validation Loss:  19.3518238068, Training KL Loss:   4.2915682793, Validation KL Loss:   4.0812129974
2024-04-19 00:59:10,752 - INFO - Epoch 97 : Training Loss:  18.3448448181, Validation Loss:  19.4794425964, Training KL Loss:   4.2820086479, Validation KL Loss:   4.0542659760
2024-04-19 00:59:12,694 - INFO - Epoch 98 : Training Loss:  18.4128036499, Validation Loss:  19.5153465271, Training KL Loss:   4.2568612099, Validation KL Loss:   3.9714176655
2024-04-19 00:59:15,130 - INFO - Epoch 99 : Training Loss:  18.4450359344, Validation Loss:  19.5364456177, Training KL Loss:   4.2308025360, Validation KL Loss:   3.9539406300
2024-04-19 00:59:17,481 - INFO - Epoch 100: Training Loss:  18.4547309875, Validation Loss:  19.5704307556, Training KL Loss:   4.1867761612, Validation KL Loss:   3.9073574543
2024-04-19 00:59:20,606 - INFO - Fold 0 Metrics (Macro) - Precision: 0.3615463781, Recall: 0.1567423893, F1: 0.2012731925, Roc_auc: 0.0000000000, Auprc: 0.0000000000
2024-04-19 00:59:20,607 - INFO - Fold 0 Metrics (Micro) - Precision: 0.8194595905, Recall: 0.4807705979, F1: 0.6060035842, Roc_auc: 0.9657755838, Auprc: 0.6275029331
2024-04-19 00:59:20,620 - INFO - ================================================================== Fold 2 ===================================================================
2024-04-19 00:59:25,956 - INFO - Epoch 1  : Training Loss:  41.1781082153, Validation Loss:  24.4304428101, Training KL Loss:   3.0613851547, Validation KL Loss:   0.7196473479
2024-04-19 00:59:27,881 - INFO - Epoch 2  : Training Loss:  24.3291702271, Validation Loss:  24.1847515106, Training KL Loss:   0.8516512513, Validation KL Loss:   1.0132968426
2024-04-19 00:59:30,048 - INFO - Epoch 3  : Training Loss:  23.4432010651, Validation Loss:  22.5865364075, Training KL Loss:   4.4642043114, Validation KL Loss:   9.3742752075
2024-04-19 00:59:32,424 - INFO - Epoch 4  : Training Loss:  22.2905941010, Validation Loss:  21.7111740112, Training KL Loss:  16.4561367035, Validation KL Loss:  24.7776203156
2024-04-19 00:59:34,789 - INFO - Epoch 5  : Training Loss:  21.4032974243, Validation Loss:  20.8036270142, Training KL Loss:  35.2907028198, Validation KL Loss:  43.3444290161
2024-04-19 00:59:36,737 - INFO - Epoch 6  : Training Loss:  20.2353992462, Validation Loss:  19.6618041992, Training KL Loss:  57.1297149658, Validation KL Loss:  70.1243667603
2024-04-19 00:59:38,911 - INFO - Epoch 7  : Training Loss:  19.2415390015, Validation Loss:  18.7990722656, Training KL Loss:  83.5995025635, Validation KL Loss:  95.1258697510
2024-04-19 00:59:40,965 - INFO - Epoch 8  : Training Loss:  18.5140342712, Validation Loss:  18.1209926605, Training KL Loss: 108.6443786621, Validation KL Loss: 112.2302169800
2024-04-19 00:59:42,902 - INFO - Epoch 9  : Training Loss:  17.8073673248, Validation Loss:  17.2767848969, Training KL Loss: 130.4321746826, Validation KL Loss: 134.2603607178
2024-04-19 00:59:44,952 - INFO - Epoch 10 : Training Loss:  17.1394042969, Validation Loss:  16.6212558746, Training KL Loss: 156.2997131348, Validation KL Loss: 166.6424255371
2024-04-19 00:59:46,923 - INFO - Epoch 11 : Training Loss:  16.6276302338, Validation Loss:  16.1637382507, Training KL Loss: 180.0387573242, Validation KL Loss: 178.3999786377
2024-04-19 00:59:48,948 - INFO - Epoch 12 : Training Loss:  16.1706256866, Validation Loss:  15.7984466553, Training KL Loss: 208.9111938477, Validation KL Loss: 212.4481811523
2024-04-19 00:59:51,049 - INFO - Epoch 13 : Training Loss:  15.7823686600, Validation Loss:  15.4675865173, Training KL Loss: 229.9481201172, Validation KL Loss: 238.9192199707
2024-04-19 00:59:53,041 - INFO - Epoch 14 : Training Loss:  15.5080852509, Validation Loss:  15.2880678177, Training KL Loss: 253.8941192627, Validation KL Loss: 248.0688476562
2024-04-19 00:59:55,237 - INFO - Epoch 15 : Training Loss:  15.2569074631, Validation Loss:  15.1771926880, Training KL Loss: 280.2459411621, Validation KL Loss: 276.6881103516
2024-04-19 00:59:57,215 - INFO - Epoch 16 : Training Loss:  15.1028518677, Validation Loss:  14.9887523651, Training KL Loss: 301.8729248047, Validation KL Loss: 287.8711853027
2024-04-19 00:59:59,325 - INFO - Epoch 17 : Training Loss:  15.8865365982, Validation Loss:  15.5099706650, Training KL Loss:  62.6339569092, Validation KL Loss:  39.9073791504
2024-04-19 01:00:01,601 - INFO - Epoch 18 : Training Loss:  15.8240299225, Validation Loss:  15.6985664368, Training KL Loss:  31.2400550842, Validation KL Loss:  25.8860759735
2024-04-19 01:00:03,564 - INFO - Epoch 19 : Training Loss:  15.8913145065, Validation Loss:  15.7174396515, Training KL Loss:  23.8538169861, Validation KL Loss:  20.0044136047
2024-04-19 01:00:05,757 - INFO - Epoch 20 : Training Loss:  15.9195852280, Validation Loss:  15.7489547729, Training KL Loss:  20.0057106018, Validation KL Loss:  18.6396827698
2024-04-19 01:00:07,775 - INFO - Epoch 21 : Training Loss:  15.9415702820, Validation Loss:  15.8492679596, Training KL Loss:  17.7462520599, Validation KL Loss:  15.7140855789
2024-04-19 01:00:09,855 - INFO - Epoch 22 : Training Loss:  15.9741401672, Validation Loss:  15.8933906555, Training KL Loss:  15.8093175888, Validation KL Loss:  14.6186208725
2024-04-19 01:00:11,986 - INFO - Epoch 23 : Training Loss:  16.0150470734, Validation Loss:  15.9527082443, Training KL Loss:  14.5129985809, Validation KL Loss:  13.2212762833
2024-04-19 01:00:13,947 - INFO - Epoch 24 : Training Loss:  16.0524597168, Validation Loss:  16.0456371307, Training KL Loss:  13.4334602356, Validation KL Loss:  12.3840789795
2024-04-19 01:00:16,042 - INFO - Epoch 25 : Training Loss:  16.0919551849, Validation Loss:  16.0999870300, Training KL Loss:  12.5163974762, Validation KL Loss:  11.0813531876
2024-04-19 01:00:18,344 - INFO - Epoch 26 : Training Loss:  16.1119327545, Validation Loss:  16.1733646393, Training KL Loss:  11.7397508621, Validation KL Loss:  10.5627632141
2024-04-19 01:00:20,549 - INFO - Epoch 27 : Training Loss:  16.1167354584, Validation Loss:  16.1366825104, Training KL Loss:  11.1113595963, Validation KL Loss:  10.2364864349
2024-04-19 01:00:22,438 - INFO - Epoch 28 : Training Loss:  16.1285877228, Validation Loss:  16.1948547363, Training KL Loss:  10.5212640762, Validation KL Loss:   9.5903644562
2024-04-19 01:00:24,460 - INFO - Epoch 29 : Training Loss:  16.1347656250, Validation Loss:  16.1891784668, Training KL Loss:  10.0528316498, Validation KL Loss:   9.0804386139
2024-04-19 01:00:26,448 - INFO - Epoch 30 : Training Loss:  16.1592216492, Validation Loss:  16.2147617340, Training KL Loss:   9.6026668549, Validation KL Loss:   8.7514514923
2024-04-19 01:00:28,500 - INFO - Epoch 31 : Training Loss:  16.1436767578, Validation Loss:  16.3714408875, Training KL Loss:   9.2903928757, Validation KL Loss:   8.3893585205
2024-04-19 01:00:30,789 - INFO - Epoch 32 : Training Loss:  16.1494216919, Validation Loss:  16.3065319061, Training KL Loss:   9.0039348602, Validation KL Loss:   8.2708463669
2024-04-19 01:00:32,764 - INFO - Epoch 33 : Training Loss:  16.1995468140, Validation Loss:  16.3529815674, Training KL Loss:   8.7076730728, Validation KL Loss:   7.9140563011
2024-04-19 01:00:34,857 - INFO - Epoch 34 : Training Loss:  16.1651725769, Validation Loss:  16.3950252533, Training KL Loss:   8.4450464249, Validation KL Loss:   7.9150700569
2024-04-19 01:00:36,840 - INFO - Epoch 35 : Training Loss:  16.2311782837, Validation Loss:  16.5148143768, Training KL Loss:   8.2677154541, Validation KL Loss:   7.7201147079
2024-04-19 01:00:38,920 - INFO - Epoch 36 : Training Loss:  16.2621116638, Validation Loss:  16.4691047668, Training KL Loss:   8.0840864182, Validation KL Loss:   7.5889353752
2024-04-19 01:00:41,117 - INFO - Epoch 37 : Training Loss:  16.2465991974, Validation Loss:  16.5489063263, Training KL Loss:   7.9330921173, Validation KL Loss:   7.5276794434
2024-04-19 01:00:43,327 - INFO - Epoch 38 : Training Loss:  16.3074722290, Validation Loss:  16.6010627747, Training KL Loss:   7.7329607010, Validation KL Loss:   7.3292222023
2024-04-19 01:00:45,865 - INFO - Epoch 39 : Training Loss:  16.3270568848, Validation Loss:  16.6647243500, Training KL Loss:   7.6254911423, Validation KL Loss:   7.1693162918
2024-04-19 01:00:48,086 - INFO - Epoch 40 : Training Loss:  16.3459835052, Validation Loss:  16.6762866974, Training KL Loss:   7.5066990852, Validation KL Loss:   7.2233476639
2024-04-19 01:00:50,620 - INFO - Epoch 41 : Training Loss:  16.3519477844, Validation Loss:  16.7337284088, Training KL Loss:   7.3529496193, Validation KL Loss:   6.7278218269
2024-04-19 01:00:52,999 - INFO - Epoch 42 : Training Loss:  16.3855876923, Validation Loss:  16.7301197052, Training KL Loss:   7.1853990555, Validation KL Loss:   6.7694067955
2024-04-19 01:00:55,436 - INFO - Epoch 43 : Training Loss:  16.4342765808, Validation Loss:  16.8147830963, Training KL Loss:   7.1034717560, Validation KL Loss:   6.5609760284
2024-04-19 01:00:57,562 - INFO - Epoch 44 : Training Loss:  16.4768638611, Validation Loss:  16.8873519897, Training KL Loss:   7.0184555054, Validation KL Loss:   6.6560826302
2024-04-19 01:01:00,247 - INFO - Epoch 45 : Training Loss:  16.5194511414, Validation Loss:  16.9310169220, Training KL Loss:   6.9096465111, Validation KL Loss:   6.4763555527
2024-04-19 01:01:02,430 - INFO - Epoch 46 : Training Loss:  16.5409183502, Validation Loss:  17.0570411682, Training KL Loss:   6.8329668045, Validation KL Loss:   6.4856109619
2024-04-19 01:01:04,734 - INFO - Epoch 47 : Training Loss:  16.5946922302, Validation Loss:  16.9973430634, Training KL Loss:   6.7181081772, Validation KL Loss:   6.2671828270
2024-04-19 01:01:06,964 - INFO - Epoch 48 : Training Loss:  16.5984783173, Validation Loss:  17.1064548492, Training KL Loss:   6.6414260864, Validation KL Loss:   6.3407130241
2024-04-19 01:01:09,135 - INFO - Epoch 49 : Training Loss:  16.6686382294, Validation Loss:  17.1485214233, Training KL Loss:   6.5747714043, Validation KL Loss:   6.2018084526
2024-04-19 01:01:11,668 - INFO - Epoch 50 : Training Loss:  16.6764202118, Validation Loss:  17.2980461121, Training KL Loss:   6.4956645966, Validation KL Loss:   6.1928200722
2024-04-19 01:01:13,895 - INFO - Epoch 51 : Training Loss:  16.7273368835, Validation Loss:  17.2367210388, Training KL Loss:   6.4117746353, Validation KL Loss:   6.0027046204
2024-04-19 01:01:16,262 - INFO - Epoch 52 : Training Loss:  16.7896633148, Validation Loss:  17.3204040527, Training KL Loss:   6.3701872826, Validation KL Loss:   6.1032304764
2024-04-19 01:01:18,462 - INFO - Epoch 53 : Training Loss:  16.8168067932, Validation Loss:  17.4062156677, Training KL Loss:   6.2591619492, Validation KL Loss:   5.9256577492
2024-04-19 01:01:20,714 - INFO - Epoch 54 : Training Loss:  16.8371601105, Validation Loss:  17.4727401733, Training KL Loss:   6.1920380592, Validation KL Loss:   5.8557338715
2024-04-19 01:01:22,824 - INFO - Epoch 55 : Training Loss:  16.8801097870, Validation Loss:  17.5568084717, Training KL Loss:   6.1111526489, Validation KL Loss:   5.6205048561
2024-04-19 01:01:25,363 - INFO - Epoch 56 : Training Loss:  16.9276294708, Validation Loss:  17.5865058899, Training KL Loss:   6.0441784859, Validation KL Loss:   5.7184672356
2024-04-19 01:01:27,461 - INFO - Epoch 57 : Training Loss:  16.9734230042, Validation Loss:  17.6160030365, Training KL Loss:   6.0242338181, Validation KL Loss:   5.6180295944
2024-04-19 01:01:29,484 - INFO - Epoch 58 : Training Loss:  17.0140552521, Validation Loss:  17.6697998047, Training KL Loss:   5.9471578598, Validation KL Loss:   5.6547822952
2024-04-19 01:01:31,678 - INFO - Epoch 59 : Training Loss:  17.0409202576, Validation Loss:  17.7233047485, Training KL Loss:   5.8915095329, Validation KL Loss:   5.5541458130
2024-04-19 01:01:33,739 - INFO - Epoch 60 : Training Loss:  17.0728797913, Validation Loss:  17.8005580902, Training KL Loss:   5.8356451988, Validation KL Loss:   5.4459333420
2024-04-19 01:01:35,800 - INFO - Epoch 61 : Training Loss:  17.1164455414, Validation Loss:  17.8482818604, Training KL Loss:   5.7411746979, Validation KL Loss:   5.3879995346
2024-04-19 01:01:37,769 - INFO - Epoch 62 : Training Loss:  17.1938838959, Validation Loss:  17.8513164520, Training KL Loss:   5.6736602783, Validation KL Loss:   5.5058360100
2024-04-19 01:01:40,059 - INFO - Epoch 63 : Training Loss:  17.2049484253, Validation Loss:  17.9205970764, Training KL Loss:   5.6404266357, Validation KL Loss:   5.3015503883
2024-04-19 01:01:42,047 - INFO - Epoch 64 : Training Loss:  17.2735633850, Validation Loss:  17.9957160950, Training KL Loss:   5.6158819199, Validation KL Loss:   5.3254060745
2024-04-19 01:01:44,079 - INFO - Epoch 65 : Training Loss:  17.3088626862, Validation Loss:  18.0266685486, Training KL Loss:   5.5396680832, Validation KL Loss:   5.2460851669
2024-04-19 01:01:46,285 - INFO - Epoch 66 : Training Loss:  17.3346748352, Validation Loss:  18.1144123077, Training KL Loss:   5.4703569412, Validation KL Loss:   5.1372785568
2024-04-19 01:01:48,310 - INFO - Epoch 67 : Training Loss:  17.3787670135, Validation Loss:  18.1217517853, Training KL Loss:   5.4185929298, Validation KL Loss:   5.0417742729
2024-04-19 01:01:50,422 - INFO - Epoch 68 : Training Loss:  17.4081993103, Validation Loss:  18.2150287628, Training KL Loss:   5.3826413155, Validation KL Loss:   5.1182599068
2024-04-19 01:01:52,441 - INFO - Epoch 69 : Training Loss:  17.4576683044, Validation Loss:  18.2605552673, Training KL Loss:   5.3628373146, Validation KL Loss:   5.1009669304
2024-04-19 01:01:54,499 - INFO - Epoch 70 : Training Loss:  17.4961643219, Validation Loss:  18.2668304443, Training KL Loss:   5.2965254784, Validation KL Loss:   5.0024538040
2024-04-19 01:01:56,490 - INFO - Epoch 71 : Training Loss:  17.5598201752, Validation Loss:  18.3474845886, Training KL Loss:   5.2585005760, Validation KL Loss:   4.9735708237
2024-04-19 01:01:58,428 - INFO - Epoch 72 : Training Loss:  17.5566444397, Validation Loss:  18.3549308777, Training KL Loss:   5.2220330238, Validation KL Loss:   4.8487133980
2024-04-19 01:02:00,794 - INFO - Epoch 73 : Training Loss:  17.6667156219, Validation Loss:  18.4857444763, Training KL Loss:   5.1899056435, Validation KL Loss:   4.8092665672
2024-04-19 01:02:02,755 - INFO - Epoch 74 : Training Loss:  17.6411190033, Validation Loss:  18.5166149139, Training KL Loss:   5.1010527611, Validation KL Loss:   4.7474355698
2024-04-19 01:02:05,099 - INFO - Epoch 75 : Training Loss:  17.6991825104, Validation Loss:  18.5395812988, Training KL Loss:   5.0525088310, Validation KL Loss:   4.6866006851
2024-04-19 01:02:07,281 - INFO - Epoch 76 : Training Loss:  17.7338008881, Validation Loss:  18.5574531555, Training KL Loss:   4.9932088852, Validation KL Loss:   4.6097178459
2024-04-19 01:02:09,538 - INFO - Epoch 77 : Training Loss:  17.8000659943, Validation Loss:  18.6055355072, Training KL Loss:   4.9744324684, Validation KL Loss:   4.6493263245
2024-04-19 01:02:11,746 - INFO - Epoch 78 : Training Loss:  17.8179244995, Validation Loss:  18.7407817841, Training KL Loss:   4.9173026085, Validation KL Loss:   4.6363301277
2024-04-19 01:02:13,774 - INFO - Epoch 79 : Training Loss:  17.8748683929, Validation Loss:  18.7691974640, Training KL Loss:   4.8970017433, Validation KL Loss:   4.6372394562
2024-04-19 01:02:15,794 - INFO - Epoch 80 : Training Loss:  17.9005527496, Validation Loss:  18.7901229858, Training KL Loss:   4.8370647430, Validation KL Loss:   4.5389609337
2024-04-19 01:02:17,812 - INFO - Epoch 81 : Training Loss:  17.9257736206, Validation Loss:  18.8194351196, Training KL Loss:   4.8137936592, Validation KL Loss:   4.4254469872
2024-04-19 01:02:20,031 - INFO - Epoch 82 : Training Loss:  17.9665927887, Validation Loss:  18.7749366760, Training KL Loss:   4.7674078941, Validation KL Loss:   4.5233440399
2024-04-19 01:02:22,073 - INFO - Epoch 83 : Training Loss:  17.9983139038, Validation Loss:  18.8791561127, Training KL Loss:   4.7317538261, Validation KL Loss:   4.3992838860
2024-04-19 01:02:24,155 - INFO - Epoch 84 : Training Loss:  18.0504703522, Validation Loss:  18.9683399200, Training KL Loss:   4.7032504082, Validation KL Loss:   4.4083604813
2024-04-19 01:02:26,406 - INFO - Epoch 85 : Training Loss:  18.0833969116, Validation Loss:  18.9596233368, Training KL Loss:   4.6308579445, Validation KL Loss:   4.1935348511
2024-04-19 01:02:28,355 - INFO - Epoch 86 : Training Loss:  18.1392421722, Validation Loss:  19.0463352203, Training KL Loss:   4.6085667610, Validation KL Loss:   4.2352428436
2024-04-19 01:02:30,437 - INFO - Epoch 87 : Training Loss:  18.1608982086, Validation Loss:  19.0891895294, Training KL Loss:   4.5712366104, Validation KL Loss:   4.2455439568
2024-04-19 01:02:32,368 - INFO - Epoch 88 : Training Loss:  18.2420902252, Validation Loss:  19.0948390961, Training KL Loss:   4.5289568901, Validation KL Loss:   4.2711763382
2024-04-19 01:02:34,331 - INFO - Epoch 89 : Training Loss:  18.2797412872, Validation Loss:  19.1605987549, Training KL Loss:   4.5140447617, Validation KL Loss:   4.2073040009
2024-04-19 01:02:36,371 - INFO - Epoch 90 : Training Loss:  18.2988891602, Validation Loss:  19.1621227264, Training KL Loss:   4.4717326164, Validation KL Loss:   4.2268900871
2024-04-19 01:02:38,417 - INFO - Epoch 91 : Training Loss:  18.3440952301, Validation Loss:  19.2744178772, Training KL Loss:   4.4352755547, Validation KL Loss:   4.0595078468
2024-04-19 01:02:40,499 - INFO - Epoch 92 : Training Loss:  18.3177185059, Validation Loss:  19.2484531403, Training KL Loss:   4.3624696732, Validation KL Loss:   4.0272254944
2024-04-19 01:02:42,463 - INFO - Epoch 93 : Training Loss:  18.3857097626, Validation Loss:  19.2372760773, Training KL Loss:   4.3821249008, Validation KL Loss:   4.0378446579
2024-04-19 01:02:44,511 - INFO - Epoch 94 : Training Loss:  18.4171962738, Validation Loss:  19.3300533295, Training KL Loss:   4.3355846405, Validation KL Loss:   4.0077991486
2024-04-19 01:02:46,663 - INFO - Epoch 95 : Training Loss:  18.4584426880, Validation Loss:  19.3656406403, Training KL Loss:   4.2724962234, Validation KL Loss:   3.9152908325
2024-04-19 01:02:48,618 - INFO - Epoch 96 : Training Loss:  18.5172138214, Validation Loss:  19.4738044739, Training KL Loss:   4.2608599663, Validation KL Loss:   3.9538431168
2024-04-19 01:02:50,686 - INFO - Epoch 97 : Training Loss:  18.5545787811, Validation Loss:  19.4475688934, Training KL Loss:   4.2306160927, Validation KL Loss:   3.8785545826
2024-04-19 01:02:52,671 - INFO - Epoch 98 : Training Loss:  18.5371055603, Validation Loss:  19.5130500793, Training KL Loss:   4.1668601036, Validation KL Loss:   3.8802163601
2024-04-19 01:02:54,680 - INFO - Epoch 99 : Training Loss:  18.6321334839, Validation Loss:  19.5839748383, Training KL Loss:   4.1560978889, Validation KL Loss:   3.8942637444
2024-04-19 01:02:56,674 - INFO - Epoch 100: Training Loss:  18.6486968994, Validation Loss:  19.5675640106, Training KL Loss:   4.1400079727, Validation KL Loss:   3.8506362438
2024-04-19 01:02:59,558 - INFO - Fold 1 Metrics (Macro) - Precision: 0.3467644172, Recall: 0.1520051653, F1: 0.1912141196, Roc_auc: 0.0000000000, Auprc: 0.0000000000
2024-04-19 01:02:59,559 - INFO - Fold 1 Metrics (Micro) - Precision: 0.8172177168, Recall: 0.4736423458, F1: 0.5997070134, Roc_auc: 0.9646808297, Auprc: 0.6157369835
2024-04-19 01:02:59,572 - INFO - ================================================================== Fold 3 ===================================================================
2024-04-19 01:03:05,209 - INFO - Epoch 1  : Training Loss:  51.3499794006, Validation Loss:  32.3829574585, Training KL Loss:  10.1745338440, Validation KL Loss:   4.4182991982
2024-04-19 01:03:07,648 - INFO - Epoch 2  : Training Loss:  31.8828868866, Validation Loss:  30.7256946564, Training KL Loss:   5.7259197235, Validation KL Loss:   6.4859142303
2024-04-19 01:03:10,066 - INFO - Epoch 3  : Training Loss:  29.7125511169, Validation Loss:  29.0302200317, Training KL Loss:  10.4319601059, Validation KL Loss:  16.1432056427
2024-04-19 01:03:12,405 - INFO - Epoch 4  : Training Loss:  28.1853790283, Validation Loss:  26.9462203979, Training KL Loss:  23.9247875214, Validation KL Loss:  32.6039237976
2024-04-19 01:03:14,468 - INFO - Epoch 5  : Training Loss:  26.4536457062, Validation Loss:  25.4676303864, Training KL Loss:  41.4261016846, Validation KL Loss:  51.8132553101
2024-04-19 01:03:16,532 - INFO - Epoch 6  : Training Loss:  25.1286621094, Validation Loss:  24.4025192261, Training KL Loss:  57.1007118225, Validation KL Loss:  60.0294837952
2024-04-19 01:03:18,901 - INFO - Epoch 7  : Training Loss:  23.9308853149, Validation Loss:  22.8102550507, Training KL Loss:  70.6789932251, Validation KL Loss:  75.2891464233
2024-04-19 01:03:21,070 - INFO - Epoch 8  : Training Loss:  22.6398792267, Validation Loss:  21.6902637482, Training KL Loss:  90.9762115479, Validation KL Loss:  92.0420532227
2024-04-19 01:03:23,457 - INFO - Epoch 9  : Training Loss:  21.5448265076, Validation Loss:  20.6750526428, Training KL Loss: 110.4972229004, Validation KL Loss: 111.1949691772
2024-04-19 01:03:25,669 - INFO - Epoch 10 : Training Loss:  20.6935577393, Validation Loss:  20.1079006195, Training KL Loss: 129.0910034180, Validation KL Loss: 128.0685577393
2024-04-19 01:03:27,634 - INFO - Epoch 11 : Training Loss:  20.0403156281, Validation Loss:  19.5305080414, Training KL Loss: 148.4954376221, Validation KL Loss: 138.0713806152
2024-04-19 01:03:30,053 - INFO - Epoch 12 : Training Loss:  19.3916435242, Validation Loss:  18.9325733185, Training KL Loss: 163.9674530029, Validation KL Loss: 154.8218841553
2024-04-19 01:03:32,060 - INFO - Epoch 13 : Training Loss:  18.8684120178, Validation Loss:  18.4465656281, Training KL Loss: 182.2459869385, Validation KL Loss: 174.9833068848
2024-04-19 01:03:33,988 - INFO - Epoch 14 : Training Loss:  18.4340019226, Validation Loss:  18.0899314880, Training KL Loss: 197.5804138184, Validation KL Loss: 197.5095825195
2024-04-19 01:03:35,962 - INFO - Epoch 15 : Training Loss:  18.0660266876, Validation Loss:  17.8147888184, Training KL Loss: 220.9806213379, Validation KL Loss: 206.3432312012
2024-04-19 01:03:37,799 - INFO - Epoch 16 : Training Loss:  17.7237281799, Validation Loss:  17.6062908173, Training KL Loss: 235.9409942627, Validation KL Loss: 225.4037475586
2024-04-19 01:03:39,858 - INFO - Epoch 17 : Training Loss:  18.3850135803, Validation Loss:  17.9682712555, Training KL Loss:  68.3078079224, Validation KL Loss:  46.3382606506
2024-04-19 01:03:42,053 - INFO - Epoch 18 : Training Loss:  18.2721500397, Validation Loss:  18.0496940613, Training KL Loss:  35.6479187012, Validation KL Loss:  30.4949817657
2024-04-19 01:03:44,162 - INFO - Epoch 19 : Training Loss:  18.2675762177, Validation Loss:  18.0442314148, Training KL Loss:  26.7185649872, Validation KL Loss:  23.2815952301
2024-04-19 01:03:46,506 - INFO - Epoch 20 : Training Loss:  18.1810054779, Validation Loss:  18.0057334900, Training KL Loss:  22.1495532990, Validation KL Loss:  19.4779796600
2024-04-19 01:03:48,569 - INFO - Epoch 21 : Training Loss:  18.1230888367, Validation Loss:  18.0051555634, Training KL Loss:  19.6741981506, Validation KL Loss:  18.0385341644
2024-04-19 01:03:51,113 - INFO - Epoch 22 : Training Loss:  18.1233177185, Validation Loss:  17.9934272766, Training KL Loss:  17.8326873779, Validation KL Loss:  16.3076572418
2024-04-19 01:03:53,251 - INFO - Epoch 23 : Training Loss:  18.0819931030, Validation Loss:  18.0150508881, Training KL Loss:  16.6652622223, Validation KL Loss:  14.9211082458
2024-04-19 01:03:55,490 - INFO - Epoch 24 : Training Loss:  18.0282363892, Validation Loss:  18.0137500763, Training KL Loss:  15.3253955841, Validation KL Loss:  13.8700237274
